2026-03-26 10:54:41 BRT [INFO   ] 📋 Log iniciado: /tmp/atirador_logs/atirador_LOG_20260326_1054.log
2026-03-26 10:54:41 BRT [INFO   ] 🚀 Setup Atirador v6.6.2 | Arquitetura 3 Camadas (LONG+SHORT) | Iniciando scan...
2026-03-26 10:54:41 BRT [INFO   ] 
───────────────────────────────────────────────────────
2026-03-26 10:54:41 BRT [INFO   ]   ETAPA 1 — Tickers (Bybit/Bitget) + Fear & Greed
2026-03-26 10:54:41 BRT [INFO   ] ───────────────────────────────────────────────────────
2026-03-26 10:54:41 BRT [INFO   ] 📡 [v6.6.2] Iniciando busca de tickers — hierarquia OKX → Gate.io → Bitget
2026-03-26 10:54:41 BRT [INFO   ]    Filtros: vol≥$2.0M | OI≥$5M | timeout=8s/fonte
2026-03-26 10:54:41 BRT [INFO   ]    [Nota] Fonte ideal seria CoinGlass API (pago ~$35/mês) — ver docstring
2026-03-26 10:54:41 BRT [INFO   ]   📡  [OKX] Tentando com tickers + OI real...
2026-03-26 10:54:41 BRT [DEBUG  ]   📡  [OKX] Buscando tickers...
2026-03-26 10:54:41 BRT [DEBUG  ]      ✅ Tickers: 301 itens em 0.38s
2026-03-26 10:54:41 BRT [DEBUG  ]   📡  [OKX] Buscando Open Interest...
2026-03-26 10:54:42 BRT [DEBUG  ]      ✅ OI: 301 itens em 0.62s
2026-03-26 10:54:42 BRT [DEBUG  ]   📡  [OKX] Buscando Funding Rates reais...
2026-03-26 10:55:55 BRT [DEBUG  ]   📡  [OKX FR] Funding rates obtidos: 282/282 | erros: 0
2026-03-26 10:55:55 BRT [DEBUG  ]      ✅ FR: 282 tokens com funding rate em 74.22s
2026-03-26 10:55:55 BRT [DEBUG  ]      ✅ Mesclados: 301/301 com OI real em 74.22s
2026-03-26 10:55:55 BRT [INFO   ]   ✅  [OKX] Fonte ativa (com OI real) | 301 brutos → 40 qualificados
2026-03-26 10:55:55 BRT [INFO   ]   Fonte de dados: OKX | Universo: 301 brutos → 40 qualificados
2026-03-26 10:55:55 BRT [INFO   ]   Analisando todos os 40 tokens qualificados: ['PEPE', 'SHIB', 'PUMP', 'KAT', 'PIPPIN', 'DOGE', 'BEAT', 'WLFI', 'XPL', 'ADA']...
2026-03-26 10:55:55 BRT [DEBUG  ]   TV batch: 40 tokens (.P perpétuo) | cols: ['Recommend.All|240', 'RSI|240']
2026-03-26 10:55:55 BRT [DEBUG  ]   Buscando Fear & Greed Index...
2026-03-26 10:55:55 BRT [DEBUG  ]   ✅  TV batch BYBIT: 37/40 retornados | 0.08s
2026-03-26 10:55:55 BRT [WARNING]   ⚠️  TV BYBIT: 3 sem retorno: ['PEPEUSDT', 'SHIBUSDT', 'PUMPUSDT']
2026-03-26 10:55:55 BRT [INFO   ]   🔄  [v5.1] Tentando prefixo BITGET: para 3 tokens sem dados...
2026-03-26 10:55:55 BRT [INFO   ]   ✅  TV BITGET: recuperados 3: ['PEPEUSDT', 'SHIBUSDT', 'PUMPUSDT'] | 0.01s
2026-03-26 10:55:55 BRT [DEBUG  ]   GET https://api.alternative.me/fng/?limit=1
2026-03-26 10:55:55 BRT [DEBUG  ]       → HTTP 200 | 0.2KB | enc:gzip | 0.13s
2026-03-26 10:55:55 BRT [INFO   ]   📊 Fear & Greed: 10 (Extreme Fear)
2026-03-26 10:55:55 BRT [INFO   ] 
───────────────────────────────────────────────────────
2026-03-26 10:55:55 BRT [INFO   ]   GATE 1 — Direção 4H (LONG: não SELL | SHORT: não BUY)
2026-03-26 10:55:55 BRT [INFO   ] ───────────────────────────────────────────────────────
2026-03-26 10:55:55 BRT [DEBUG  ]   ❌  PEPE     4H=SELL (val=-0.3909) RSI=47.3 — LONG REJEITADO
2026-03-26 10:55:55 BRT [DEBUG  ]   📉  PEPE     4H=SELL (val=-0.3909) RSI=47.3 — SHORT CANDIDATO
2026-03-26 10:55:55 BRT [DEBUG  ]   ❌  SHIB     4H=SELL (val=-0.1788) RSI=45.4 — LONG REJEITADO
2026-03-26 10:55:55 BRT [DEBUG  ]   📉  SHIB     4H=SELL (val=-0.1788) RSI=45.4 — SHORT CANDIDATO
2026-03-26 10:55:55 BRT [DEBUG  ]   ❌  PUMP     4H=STRONG_SELL (val=-0.5121) RSI=42.9 — LONG REJEITADO
2026-03-26 10:55:55 BRT [DEBUG  ]   📉  PUMP     4H=STRONG_SELL (val=-0.5121) RSI=42.9 — SHORT CANDIDATO
2026-03-26 10:55:55 BRT [DEBUG  ]   ✅  KAT      4H=BUY (val=0.3077) RSI=63.2 — LONG PASSOU
2026-03-26 10:55:55 BRT [DEBUG  ]   ❌  PIPPIN   4H=STRONG_SELL (val=-0.5364) RSI=34.1 — LONG REJEITADO
2026-03-26 10:55:55 BRT [DEBUG  ]   📉  PIPPIN   4H=STRONG_SELL (val=-0.5364) RSI=34.1 — SHORT CANDIDATO
2026-03-26 10:55:55 BRT [DEBUG  ]   ❌  DOGE     4H=SELL (val=-0.4909) RSI=40.9 — LONG REJEITADO
2026-03-26 10:55:55 BRT [DEBUG  ]   📉  DOGE     4H=SELL (val=-0.4909) RSI=40.9 — SHORT CANDIDATO
2026-03-26 10:55:55 BRT [DEBUG  ]   ❌  BEAT     4H=SELL (val=-0.1333) RSI=45.9 — LONG REJEITADO
2026-03-26 10:55:55 BRT [DEBUG  ]   📉  BEAT     4H=SELL (val=-0.1333) RSI=45.9 — SHORT CANDIDATO
2026-03-26 10:55:55 BRT [DEBUG  ]   ❌  WLFI     4H=SELL (val=-0.3788) RSI=45.8 — LONG REJEITADO
2026-03-26 10:55:55 BRT [DEBUG  ]   📉  WLFI     4H=SELL (val=-0.3788) RSI=45.8 — SHORT CANDIDATO
2026-03-26 10:55:55 BRT [DEBUG  ]   ❌  XPL      4H=STRONG_SELL (val=-0.5121) RSI=41.6 — LONG REJEITADO
2026-03-26 10:55:55 BRT [DEBUG  ]   📉  XPL      4H=STRONG_SELL (val=-0.5121) RSI=41.6 — SHORT CANDIDATO
2026-03-26 10:55:55 BRT [DEBUG  ]   ❌  ADA      4H=SELL (val=-0.4455) RSI=42.7 — LONG REJEITADO
2026-03-26 10:55:55 BRT [DEBUG  ]   📉  ADA      4H=SELL (val=-0.4455) RSI=42.7 — SHORT CANDIDATO
2026-03-26 10:55:55 BRT [DEBUG  ]   ❌  WLD      4H=SELL (val=-0.4455) RSI=39.5 — LONG REJEITADO
2026-03-26 10:55:55 BRT [DEBUG  ]   📉  WLD      4H=SELL (val=-0.4455) RSI=39.5 — SHORT CANDIDATO
2026-03-26 10:55:55 BRT [DEBUG  ]   ❌  OP       4H=SELL (val=-0.4455) RSI=36.0 — LONG REJEITADO
2026-03-26 10:55:55 BRT [DEBUG  ]   📉  OP       4H=SELL (val=-0.4455) RSI=36.0 — SHORT CANDIDATO
2026-03-26 10:55:55 BRT [DEBUG  ]   ❌  XRP      4H=SELL (val=-0.4000) RSI=40.2 — LONG REJEITADO
2026-03-26 10:55:55 BRT [DEBUG  ]   📉  XRP      4H=SELL (val=-0.4000) RSI=40.2 — SHORT CANDIDATO
2026-03-26 10:55:55 BRT [DEBUG  ]   ❌  ARB      4H=SELL (val=-0.4909) RSI=42.4 — LONG REJEITADO
2026-03-26 10:55:55 BRT [DEBUG  ]   📉  ARB      4H=SELL (val=-0.4909) RSI=42.4 — SHORT CANDIDATO
2026-03-26 10:55:55 BRT [DEBUG  ]   ❌  CRV      4H=SELL (val=-0.4909) RSI=44.8 — LONG REJEITADO
2026-03-26 10:55:55 BRT [DEBUG  ]   📉  CRV      4H=SELL (val=-0.4909) RSI=44.8 — SHORT CANDIDATO
2026-03-26 10:55:55 BRT [DEBUG  ]   ❌  HBAR     4H=SELL (val=-0.4455) RSI=45.3 — LONG REJEITADO
2026-03-26 10:55:55 BRT [DEBUG  ]   📉  HBAR     4H=SELL (val=-0.4455) RSI=45.3 — SHORT CANDIDATO
2026-03-26 10:55:55 BRT [DEBUG  ]   ✅  XLM      4H=BUY (val=0.4000) RSI=60.7 — LONG PASSOU
2026-03-26 10:55:55 BRT [DEBUG  ]   ✅  TRX      4H=BUY (val=0.4030) RSI=53.1 — LONG PASSOU
2026-03-26 10:55:55 BRT [DEBUG  ]   ❌  POL      4H=SELL (val=-0.4455) RSI=45.9 — LONG REJEITADO
2026-03-26 10:55:55 BRT [DEBUG  ]   📉  POL      4H=SELL (val=-0.4455) RSI=45.9 — SHORT CANDIDATO
2026-03-26 10:55:55 BRT [DEBUG  ]   ✅  ONDO     4H=BUY (val=0.4000) RSI=53.9 — LONG PASSOU
2026-03-26 10:55:55 BRT [DEBUG  ]   ❌  FIL      4H=SELL (val=-0.3545) RSI=46.4 — LONG REJEITADO
2026-03-26 10:55:55 BRT [DEBUG  ]   📉  FIL      4H=SELL (val=-0.3545) RSI=46.4 — SHORT CANDIDATO
2026-03-26 10:55:55 BRT [DEBUG  ]   ❌  SUI      4H=SELL (val=-0.4909) RSI=44.5 — LONG REJEITADO
2026-03-26 10:55:55 BRT [DEBUG  ]   📉  SUI      4H=SELL (val=-0.4909) RSI=44.5 — SHORT CANDIDATO
2026-03-26 10:55:55 BRT [DEBUG  ]   ❌  IP       4H=SELL (val=-0.4212) RSI=33.1 — LONG REJEITADO
2026-03-26 10:55:55 BRT [DEBUG  ]   📉  IP       4H=SELL (val=-0.4212) RSI=33.1 — SHORT CANDIDATO
2026-03-26 10:55:55 BRT [DEBUG  ]   ❌  ASTER    4H=SELL (val=-0.4000) RSI=44.4 — LONG REJEITADO
2026-03-26 10:55:55 BRT [DEBUG  ]   📉  ASTER    4H=SELL (val=-0.4000) RSI=44.4 — SHORT CANDIDATO
2026-03-26 10:55:55 BRT [DEBUG  ]   ❌  DOT      4H=SELL (val=-0.4000) RSI=32.3 — LONG REJEITADO
2026-03-26 10:55:55 BRT [DEBUG  ]   📉  DOT      4H=SELL (val=-0.4000) RSI=32.3 — SHORT CANDIDATO
2026-03-26 10:55:55 BRT [DEBUG  ]   ❌  TRUMP    4H=SELL (val=-0.4000) RSI=36.3 — LONG REJEITADO
2026-03-26 10:55:55 BRT [DEBUG  ]   📉  TRUMP    4H=SELL (val=-0.4000) RSI=36.3 — SHORT CANDIDATO
2026-03-26 10:55:55 BRT [DEBUG  ]   ❌  RIVER    4H=SELL (val=-0.4455) RSI=29.9 — LONG REJEITADO
2026-03-26 10:55:55 BRT [DEBUG  ]   ⛔  RIVER    4H=SELL RSI=29.9 — SHORT REJEITADO (RSI<30, exausto)
2026-03-26 10:55:55 BRT [DEBUG  ]   ❌  NEAR     4H=SELL (val=-0.2636) RSI=36.3 — LONG REJEITADO
2026-03-26 10:55:55 BRT [DEBUG  ]   📉  NEAR     4H=SELL (val=-0.2636) RSI=36.3 — SHORT CANDIDATO
2026-03-26 10:55:55 BRT [DEBUG  ]   ✅  APT      4H=BUY (val=0.3091) RSI=55.2 — LONG PASSOU
2026-03-26 10:55:55 BRT [DEBUG  ]   ❌  SOL      4H=SELL (val=-0.3788) RSI=42.0 — LONG REJEITADO
2026-03-26 10:55:55 BRT [DEBUG  ]   📉  SOL      4H=SELL (val=-0.3788) RSI=42.0 — SHORT CANDIDATO
2026-03-26 10:55:55 BRT [DEBUG  ]   ❌  LIT      4H=SELL (val=-0.4000) RSI=39.3 — LONG REJEITADO
2026-03-26 10:55:55 BRT [DEBUG  ]   📉  LIT      4H=SELL (val=-0.4000) RSI=39.3 — SHORT CANDIDATO
2026-03-26 10:55:55 BRT [DEBUG  ]   ❌  UNI      4H=SELL (val=-0.4455) RSI=44.1 — LONG REJEITADO
2026-03-26 10:55:55 BRT [DEBUG  ]   📉  UNI      4H=SELL (val=-0.4455) RSI=44.1 — SHORT CANDIDATO
2026-03-26 10:55:55 BRT [DEBUG  ]   ❌  LINK     4H=SELL (val=-0.3788) RSI=44.1 — LONG REJEITADO
2026-03-26 10:55:55 BRT [DEBUG  ]   📉  LINK     4H=SELL (val=-0.3788) RSI=44.1 — SHORT CANDIDATO
2026-03-26 10:55:55 BRT [DEBUG  ]   ❌  ETH      4H=SELL (val=-0.4242) RSI=41.0 — LONG REJEITADO
2026-03-26 10:55:55 BRT [DEBUG  ]   📉  ETH      4H=SELL (val=-0.4242) RSI=41.0 — SHORT CANDIDATO
2026-03-26 10:55:55 BRT [DEBUG  ]   ❌  ZRO      4H=SELL (val=-0.1091) RSI=45.8 — LONG REJEITADO
2026-03-26 10:55:55 BRT [DEBUG  ]   📉  ZRO      4H=SELL (val=-0.1091) RSI=45.8 — SHORT CANDIDATO
2026-03-26 10:55:55 BRT [DEBUG  ]   ❌  TON      4H=SELL (val=-0.3788) RSI=44.7 — LONG REJEITADO
2026-03-26 10:55:55 BRT [DEBUG  ]   📉  TON      4H=SELL (val=-0.3788) RSI=44.7 — SHORT CANDIDATO
2026-03-26 10:55:55 BRT [DEBUG  ]   ❌  ATOM     4H=SELL (val=-0.4000) RSI=35.5 — LONG REJEITADO
2026-03-26 10:55:55 BRT [DEBUG  ]   📉  ATOM     4H=SELL (val=-0.4000) RSI=35.5 — SHORT CANDIDATO
2026-03-26 10:55:55 BRT [DEBUG  ]   ✅  HYPE     4H=BUY (val=0.3333) RSI=51.5 — LONG PASSOU
2026-03-26 10:55:55 BRT [DEBUG  ]   ❌  ICP      4H=SELL (val=-0.4909) RSI=37.9 — LONG REJEITADO
2026-03-26 10:55:55 BRT [DEBUG  ]   📉  ICP      4H=SELL (val=-0.4909) RSI=37.9 — SHORT CANDIDATO
2026-03-26 10:55:55 BRT [DEBUG  ]   ❌  AVAX     4H=STRONG_SELL (val=-0.5364) RSI=42.6 — LONG REJEITADO
2026-03-26 10:55:55 BRT [DEBUG  ]   📉  AVAX     4H=STRONG_SELL (val=-0.5364) RSI=42.6 — SHORT CANDIDATO
2026-03-26 10:55:55 BRT [INFO   ]   Gate 4H: LONG=6 | SHORT=33 | sem dados TV=0 | universo=40
2026-03-26 10:55:55 BRT [INFO   ] 
───────────────────────────────────────────────────────
2026-03-26 10:55:55 BRT [INFO   ]   GATE 2 — Estrutura 1H (LONG: BUY+ | SHORT: SELL+)
2026-03-26 10:55:55 BRT [INFO   ] ───────────────────────────────────────────────────────
2026-03-26 10:55:55 BRT [DEBUG  ]   TV batch: 39 tokens (.P perpétuo) | cols: ['Recommend.All|60']
2026-03-26 10:55:55 BRT [DEBUG  ]   ✅  TV batch BYBIT: 36/39 retornados | 0.01s
2026-03-26 10:55:55 BRT [WARNING]   ⚠️  TV BYBIT: 3 sem retorno: ['PEPEUSDT', 'SHIBUSDT', 'PUMPUSDT']
2026-03-26 10:55:55 BRT [INFO   ]   🔄  [v5.1] Tentando prefixo BITGET: para 3 tokens sem dados...
2026-03-26 10:55:55 BRT [INFO   ]   ✅  TV BITGET: recuperados 3: ['PEPEUSDT', 'SHIBUSDT', 'PUMPUSDT'] | 0.01s
2026-03-26 10:55:55 BRT [DEBUG  ]   ✅  KAT      1H=BUY (val=0.3788) — LONG PASSOU
2026-03-26 10:55:55 BRT [DEBUG  ]   ✅  XLM      1H=BUY (val=0.4455) — LONG PASSOU
2026-03-26 10:55:55 BRT [DEBUG  ]   ❌  TRX      1H=SELL (val=-0.1121) — LONG REJEITADO
2026-03-26 10:55:55 BRT [DEBUG  ]   ✅  ONDO     1H=BUY (val=0.3121) — LONG PASSOU
2026-03-26 10:55:55 BRT [DEBUG  ]   ✅  APT      1H=BUY (val=0.4697) — LONG PASSOU
2026-03-26 10:55:55 BRT [DEBUG  ]   ✅  HYPE     1H=BUY (val=0.2455) — LONG PASSOU
2026-03-26 10:55:55 BRT [DEBUG  ]   📉  PEPE     1H=SELL (val=-0.3333) — SHORT PASSOU
2026-03-26 10:55:55 BRT [DEBUG  ]   📉  SHIB     1H=SELL (val=-0.3121) — SHORT PASSOU
2026-03-26 10:55:55 BRT [DEBUG  ]   📉  PUMP     1H=SELL (val=-0.3091) — SHORT PASSOU
2026-03-26 10:55:55 BRT [DEBUG  ]   📉  PIPPIN   1H=SELL (val=-0.2000) — SHORT PASSOU
2026-03-26 10:55:55 BRT [DEBUG  ]   📉  DOGE     1H=SELL (val=-0.3091) — SHORT PASSOU
2026-03-26 10:55:55 BRT [DEBUG  ]   📉  BEAT     1H=SELL (val=-0.2000) — SHORT PASSOU
2026-03-26 10:55:55 BRT [DEBUG  ]   📉  WLFI     1H=SELL (val=-0.3333) — SHORT PASSOU
2026-03-26 10:55:55 BRT [DEBUG  ]   📉  XPL      1H=SELL (val=-0.2182) — SHORT PASSOU
2026-03-26 10:55:55 BRT [DEBUG  ]   📉  ADA      1H=SELL (val=-0.4000) — SHORT PASSOU
2026-03-26 10:55:55 BRT [DEBUG  ]   📉  WLD      1H=SELL (val=-0.3333) — SHORT PASSOU
2026-03-26 10:55:55 BRT [DEBUG  ]   📉  OP       1H=SELL (val=-0.3667) — SHORT PASSOU
2026-03-26 10:55:55 BRT [DEBUG  ]   📉  XRP      1H=SELL (val=-0.4455) — SHORT PASSOU
2026-03-26 10:55:55 BRT [DEBUG  ]   📉  ARB      1H=SELL (val=-0.2667) — SHORT PASSOU
2026-03-26 10:55:55 BRT [DEBUG  ]   📉  CRV      1H=SELL (val=-0.3545) — SHORT PASSOU
2026-03-26 10:55:55 BRT [DEBUG  ]   📉  HBAR     1H=SELL (val=-0.2667) — SHORT PASSOU
2026-03-26 10:55:55 BRT [DEBUG  ]   📉  POL      1H=SELL (val=-0.3091) — SHORT PASSOU
2026-03-26 10:55:55 BRT [DEBUG  ]   📉  FIL      1H=SELL (val=-0.3333) — SHORT PASSOU
2026-03-26 10:55:55 BRT [DEBUG  ]   📉  SUI      1H=SELL (val=-0.3545) — SHORT PASSOU
2026-03-26 10:55:55 BRT [DEBUG  ]   📉  IP       1H=SELL (val=-0.2182) — SHORT PASSOU
2026-03-26 10:55:55 BRT [DEBUG  ]   ❌  ASTER    1H=NEUTRAL (val=0.0242) — SHORT REJEITADO (não SELL no 1H)
2026-03-26 10:55:55 BRT [DEBUG  ]   📉  DOT      1H=SELL (val=-0.2667) — SHORT PASSOU
2026-03-26 10:55:55 BRT [DEBUG  ]   📉  TRUMP    1H=SELL (val=-0.3333) — SHORT PASSOU
2026-03-26 10:55:55 BRT [DEBUG  ]   📉  NEAR     1H=SELL (val=-0.2667) — SHORT PASSOU
2026-03-26 10:55:55 BRT [DEBUG  ]   📉  SOL      1H=SELL (val=-0.2182) — SHORT PASSOU
2026-03-26 10:55:55 BRT [DEBUG  ]   📉  LIT      1H=SELL (val=-0.4000) — SHORT PASSOU
2026-03-26 10:55:55 BRT [DEBUG  ]   📉  UNI      1H=SELL (val=-0.2636) — SHORT PASSOU
2026-03-26 10:55:55 BRT [DEBUG  ]   📉  LINK     1H=SELL (val=-0.3091) — SHORT PASSOU
2026-03-26 10:55:55 BRT [DEBUG  ]   📉  ETH      1H=SELL (val=-0.3545) — SHORT PASSOU
2026-03-26 10:55:55 BRT [DEBUG  ]   📉  ZRO      1H=SELL (val=-0.2667) — SHORT PASSOU
2026-03-26 10:55:55 BRT [DEBUG  ]   📉  TON      1H=SELL (val=-0.1515) — SHORT PASSOU
2026-03-26 10:55:55 BRT [DEBUG  ]   📉  ATOM     1H=SELL (val=-0.3091) — SHORT PASSOU
2026-03-26 10:55:55 BRT [DEBUG  ]   📉  ICP      1H=SELL (val=-0.4000) — SHORT PASSOU
2026-03-26 10:55:55 BRT [DEBUG  ]   📉  AVAX     1H=SELL (val=-0.3545) — SHORT PASSOU
2026-03-26 10:55:55 BRT [INFO   ]   Gate 1H: LONG=5 | SHORT=32 | rejeitados=1
2026-03-26 10:55:55 BRT [INFO   ] 
───────────────────────────────────────────────────────
2026-03-26 10:55:55 BRT [INFO   ]   ETAPA 3 — Indicadores 15m (TradingView) — LONG + SHORT [v6.4.1]
2026-03-26 10:55:55 BRT [INFO   ] ───────────────────────────────────────────────────────
2026-03-26 10:55:55 BRT [DEBUG  ]   TV batch: 37 tokens (.P perpétuo) | cols: ['BB.upper|15', 'BB.lower|15', 'ATR|15']
2026-03-26 10:55:55 BRT [DEBUG  ]   ✅  TV batch BYBIT: 34/37 retornados | 0.01s
2026-03-26 10:55:55 BRT [WARNING]   ⚠️  TV BYBIT: 3 sem retorno: ['PEPEUSDT', 'SHIBUSDT', 'PUMPUSDT']
2026-03-26 10:55:55 BRT [INFO   ]   🔄  [v5.1] Tentando prefixo BITGET: para 3 tokens sem dados...
2026-03-26 10:55:55 BRT [INFO   ]   ✅  TV BITGET: recuperados 3: ['PEPEUSDT', 'SHIBUSDT', 'PUMPUSDT'] | 0.01s
2026-03-26 10:55:55 BRT [DEBUG  ]   TV batch: 37 tokens (.P perpétuo) | cols: ['Candle.Engulfing.Bullish|15', 'Candle.Hammer|15', 'Candle.MorningStar|15', 'Candle.3WhiteSoldiers|15', 'Candle.Harami.Bullish|15', 'Candle.Doji.Dragonfly|15', 'Candle.Engulfing.Bearish|15', 'Candle.ShootingStar|15', 'Candle.EveningStar|15', 'Candle.3BlackCrows|15', 'Candle.Harami.Bearish|15']
2026-03-26 10:55:55 BRT [DEBUG  ]   ✅  TV batch BYBIT: 34/37 retornados | 0.01s
2026-03-26 10:55:55 BRT [WARNING]   ⚠️  TV BYBIT: 3 sem retorno: ['PEPEUSDT', 'SHIBUSDT', 'PUMPUSDT']
2026-03-26 10:55:55 BRT [INFO   ]   🔄  [v5.1] Tentando prefixo BITGET: para 3 tokens sem dados...
2026-03-26 10:55:55 BRT [INFO   ]   ✅  TV BITGET: recuperados 3: ['PEPEUSDT', 'SHIBUSDT', 'PUMPUSDT'] | 0.01s
2026-03-26 10:55:55 BRT [INFO   ]   TV 15m: tech=37/37 | candles=37/37
2026-03-26 10:55:55 BRT [DEBUG  ]   KAT      ATR=0.0006 | BB_lower=0.0136 | BB_upper=0.0156 | FR=-0.00046
2026-03-26 10:55:55 BRT [DEBUG  ]   XLM      ATR=0.0008 | BB_lower=0.1718 | BB_upper=0.1748 | FR=-0.00001
2026-03-26 10:55:55 BRT [DEBUG  ]   ONDO     ATR=0.0018 | BB_lower=0.2536 | BB_upper=0.2609 | FR=0.00005
2026-03-26 10:55:55 BRT [DEBUG  ]   APT      ATR=0.0063 | BB_lower=1.0193 | BB_upper=1.0450 | FR=0.00002
2026-03-26 10:55:55 BRT [DEBUG  ]   HYPE     ATR=0.2016 | BB_lower=38.8160 | BB_upper=39.5485 | FR=-0.00006
2026-03-26 10:55:55 BRT [DEBUG  ]   PEPE     ATR=0.0000 | BB_lower=0.0000 | BB_upper=0.0000 | FR=-0.00009
2026-03-26 10:55:55 BRT [DEBUG  ]   SHIB     ATR=0.0000 | BB_lower=0.0000 | BB_upper=0.0000 | FR=-0.00005
2026-03-26 10:55:55 BRT [DEBUG  ]   PUMP     ATR=0.0000 | BB_lower=0.0018 | BB_upper=0.0018 | FR=-0.00006
2026-03-26 10:55:55 BRT [DEBUG  ]   PIPPIN   ATR=0.0019 | BB_lower=0.0547 | BB_upper=0.0615 | FR=0.00011
2026-03-26 10:55:55 BRT [DEBUG  ]   DOGE     ATR=0.0003 | BB_lower=0.0911 | BB_upper=0.0920 | FR=-0.00002
2026-03-26 10:55:55 BRT [DEBUG  ]   BEAT     ATR=0.0208 | BB_lower=0.5068 | BB_upper=0.6111 | FR=0.00034
2026-03-26 10:55:55 BRT [DEBUG  ]   WLFI     ATR=0.0004 | BB_lower=0.0975 | BB_upper=0.0990 | FR=0.00003
2026-03-26 10:55:55 BRT [DEBUG  ]   XPL      ATR=0.0007 | BB_lower=0.0918 | BB_upper=0.0974 | FR=0.00001
2026-03-26 10:55:55 BRT [DEBUG  ]   ADA      ATR=0.0010 | BB_lower=0.2562 | BB_upper=0.2597 | FR=-0.00013
2026-03-26 10:55:55 BRT [DEBUG  ]   WLD      ATR=0.0016 | BB_lower=0.3026 | BB_upper=0.3071 | FR=-0.00011
2026-03-26 10:55:55 BRT [DEBUG  ]   OP       ATR=0.0005 | BB_lower=0.1075 | BB_upper=0.1092 | FR=0.00006
2026-03-26 10:55:55 BRT [DEBUG  ]   XRP      ATR=0.0042 | BB_lower=1.3674 | BB_upper=1.3799 | FR=-0.00013
2026-03-26 10:55:55 BRT [DEBUG  ]   ARB      ATR=0.0004 | BB_lower=0.0934 | BB_upper=0.0949 | FR=0.00010
2026-03-26 10:55:55 BRT [DEBUG  ]   CRV      ATR=0.0011 | BB_lower=0.2196 | BB_upper=0.2242 | FR=0.00005
2026-03-26 10:55:55 BRT [DEBUG  ]   HBAR     ATR=0.0003 | BB_lower=0.0904 | BB_upper=0.0919 | FR=-0.00029
2026-03-26 10:55:55 BRT [DEBUG  ]   POL      ATR=0.0003 | BB_lower=0.0939 | BB_upper=0.0957 | FR=0.00005
2026-03-26 10:55:55 BRT [DEBUG  ]   FIL      ATR=0.0046 | BB_lower=0.8813 | BB_upper=0.9028 | FR=-0.00010
2026-03-26 10:55:55 BRT [DEBUG  ]   SUI      ATR=0.0037 | BB_lower=0.9191 | BB_upper=0.9355 | FR=-0.00003
2026-03-26 10:55:55 BRT [DEBUG  ]   IP       ATR=0.0038 | BB_lower=0.6072 | BB_upper=0.6317 | FR=-0.00026
2026-03-26 10:55:55 BRT [DEBUG  ]   DOT      ATR=0.0061 | BB_lower=1.3030 | BB_upper=1.3303 | FR=0.00005
2026-03-26 10:55:55 BRT [DEBUG  ]   TRUMP    ATR=0.0148 | BB_lower=3.1079 | BB_upper=3.1489 | FR=-0.00001
2026-03-26 10:55:55 BRT [DEBUG  ]   NEAR     ATR=0.0053 | BB_lower=1.2165 | BB_upper=1.2331 | FR=0.00010
2026-03-26 10:55:55 BRT [DEBUG  ]   SOL      ATR=0.3535 | BB_lower=87.1189 | BB_upper=88.6241 | FR=-0.00016
2026-03-26 10:55:55 BRT [DEBUG  ]   LIT      ATR=0.0058 | BB_lower=0.9381 | BB_upper=0.9619 | FR=0.00005
2026-03-26 10:55:55 BRT [DEBUG  ]   UNI      ATR=0.0153 | BB_lower=3.5074 | BB_upper=3.5855 | FR=-0.00009
2026-03-26 10:55:55 BRT [DEBUG  ]   LINK     ATR=0.0339 | BB_lower=8.8877 | BB_upper=9.0509 | FR=-0.00011
2026-03-26 10:55:55 BRT [DEBUG  ]   ETH      ATR=8.7824 | BB_lower=2052.3629 | BB_upper=2106.7731 | FR=0.00003
2026-03-26 10:55:55 BRT [DEBUG  ]   ZRO      ATR=0.0156 | BB_lower=2.0044 | BB_upper=2.0932 | FR=-0.00055
2026-03-26 10:55:55 BRT [DEBUG  ]   TON      ATR=0.0038 | BB_lower=1.2836 | BB_upper=1.3017 | FR=-0.00002
2026-03-26 10:55:55 BRT [DEBUG  ]   ATOM     ATR=0.0053 | BB_lower=1.7051 | BB_upper=1.7208 | FR=-0.00020
2026-03-26 10:55:55 BRT [DEBUG  ]   ICP      ATR=0.0100 | BB_lower=2.2895 | BB_upper=2.3322 | FR=0.00002
2026-03-26 10:55:55 BRT [DEBUG  ]   AVAX     ATR=0.0339 | BB_lower=9.1748 | BB_upper=9.3597 | FR=-0.00008
2026-03-26 10:55:55 BRT [INFO   ] 
───────────────────────────────────────────────────────
2026-03-26 10:55:55 BRT [INFO   ]   ETAPA 3b — Score parcial (sem klines, para ordenação)
2026-03-26 10:55:55 BRT [INFO   ] ───────────────────────────────────────────────────────
2026-03-26 10:55:55 BRT [DEBUG  ]   KAT      score parcial LONG: 0/25 [FR=-0.0457% BB=0.0136–0.0156]
2026-03-26 10:55:55 BRT [DEBUG  ]   XLM      score parcial LONG: 1/25 [FR=-0.0007% BB=0.1718–0.1748]
2026-03-26 10:55:55 BRT [DEBUG  ]   ONDO     score parcial LONG: 0/25 [FR=0.0050% BB=0.2536–0.2609]
2026-03-26 10:55:55 BRT [DEBUG  ]   APT      score parcial LONG: 0/25 [FR=0.0018% BB=1.0193–1.0450]
2026-03-26 10:55:55 BRT [DEBUG  ]   HYPE     score parcial LONG: 1/25 [FR=-0.0055% BB=38.8160–39.5485]
2026-03-26 10:55:55 BRT [DEBUG  ]   PEPE     score parcial SHORT: 2/25 [FR=-0.0091% BB=0.0000–0.0000]
2026-03-26 10:55:55 BRT [DEBUG  ]   SHIB     score parcial SHORT: 1/25 [FR=-0.0048% BB=0.0000–0.0000]
2026-03-26 10:55:55 BRT [DEBUG  ]   PUMP     score parcial SHORT: 0/25 [FR=-0.0058% BB=0.0018–0.0018]
2026-03-26 10:55:55 BRT [DEBUG  ]   PIPPIN   score parcial SHORT: 0/25 [FR=0.0115% BB=0.0547–0.0615]
2026-03-26 10:55:55 BRT [DEBUG  ]   DOGE     score parcial SHORT: 1/25 [FR=-0.0022% BB=0.0911–0.0920]
2026-03-26 10:55:55 BRT [DEBUG  ]   BEAT     score parcial SHORT: 3/25 [FR=0.0343% BB=0.5068–0.6111]
2026-03-26 10:55:55 BRT [DEBUG  ]   WLFI     score parcial SHORT: 3/25 [FR=0.0029% BB=0.0975–0.0990]
2026-03-26 10:55:55 BRT [DEBUG  ]   XPL      score parcial SHORT: 1/25 [FR=0.0009% BB=0.0918–0.0974]
2026-03-26 10:55:55 BRT [DEBUG  ]   ADA      score parcial SHORT: 1/25 [FR=-0.0133% BB=0.2562–0.2597]
2026-03-26 10:55:55 BRT [DEBUG  ]   WLD      score parcial SHORT: 1/25 [FR=-0.0115% BB=0.3026–0.3071]
2026-03-26 10:55:55 BRT [DEBUG  ]   OP       score parcial SHORT: 4/25 [FR=0.0055% BB=0.1075–0.1092]
2026-03-26 10:55:55 BRT [DEBUG  ]   XRP      score parcial SHORT: 3/25 [FR=-0.0130% BB=1.3674–1.3799]
2026-03-26 10:55:55 BRT [DEBUG  ]   ARB      score parcial SHORT: 4/25 [FR=0.0100% BB=0.0934–0.0949]
2026-03-26 10:55:55 BRT [DEBUG  ]   CRV      score parcial SHORT: 3/25 [FR=0.0052% BB=0.2196–0.2242]
2026-03-26 10:55:55 BRT [DEBUG  ]   HBAR     score parcial SHORT: 3/25 [FR=-0.0291% BB=0.0904–0.0919]
2026-03-26 10:55:55 BRT [DEBUG  ]   POL      score parcial SHORT: 1/25 [FR=0.0050% BB=0.0939–0.0957]
2026-03-26 10:55:55 BRT [DEBUG  ]   FIL      score parcial SHORT: 1/25 [FR=-0.0096% BB=0.8813–0.9028]
2026-03-26 10:55:55 BRT [DEBUG  ]   SUI      score parcial SHORT: 2/25 [FR=-0.0032% BB=0.9191–0.9355]
2026-03-26 10:55:55 BRT [DEBUG  ]   IP       score parcial SHORT: 0/25 [FR=-0.0257% BB=0.6072–0.6317]
2026-03-26 10:55:55 BRT [DEBUG  ]   DOT      score parcial SHORT: 4/25 [FR=0.0048% BB=1.3030–1.3303]
2026-03-26 10:55:55 BRT [DEBUG  ]   TRUMP    score parcial SHORT: 3/25 [FR=-0.0013% BB=3.1079–3.1489]
2026-03-26 10:55:55 BRT [DEBUG  ]   NEAR     score parcial SHORT: 4/25 [FR=0.0100% BB=1.2165–1.2331]
2026-03-26 10:55:55 BRT [DEBUG  ]   SOL      score parcial SHORT: 0/25 [FR=-0.0156% BB=87.1189–88.6241]
2026-03-26 10:55:55 BRT [DEBUG  ]   LIT      score parcial SHORT: 1/25 [FR=0.0050% BB=0.9381–0.9619]
2026-03-26 10:55:55 BRT [DEBUG  ]   UNI      score parcial SHORT: 0/25 [FR=-0.0085% BB=3.5074–3.5855]
2026-03-26 10:55:55 BRT [DEBUG  ]   LINK     score parcial SHORT: 0/25 [FR=-0.0110% BB=8.8877–9.0509]
2026-03-26 10:55:55 BRT [DEBUG  ]   ETH      score parcial SHORT: 1/25 [FR=0.0033% BB=2052.3629–2106.7731]
2026-03-26 10:55:55 BRT [DEBUG  ]   ZRO      score parcial SHORT: 3/25 [FR=-0.0548% BB=2.0044–2.0932]
2026-03-26 10:55:55 BRT [DEBUG  ]   TON      score parcial SHORT: 0/25 [FR=-0.0024% BB=1.2836–1.3017]
2026-03-26 10:55:55 BRT [DEBUG  ]   ATOM     score parcial SHORT: 0/25 [FR=-0.0195% BB=1.7051–1.7208]
2026-03-26 10:55:55 BRT [DEBUG  ]   ICP      score parcial SHORT: 1/25 [FR=0.0025% BB=2.2895–2.3322]
2026-03-26 10:55:55 BRT [DEBUG  ]   AVAX     score parcial SHORT: 1/25 [FR=-0.0081% BB=9.1748–9.3597]
2026-03-26 10:55:55 BRT [INFO   ]   Ordem LONG: ['XLM', 'HYPE', 'KAT', 'ONDO', 'APT']
2026-03-26 10:55:55 BRT [INFO   ]   Ordem SHORT: ['OP', 'ARB', 'DOT', 'NEAR', 'BEAT', 'WLFI', 'XRP', 'CRV', 'HBAR', 'TRUMP', 'ZRO', 'PEPE', 'SUI', 'SHIB', 'DOGE', 'XPL', 'ADA', 'WLD', 'POL', 'FIL', 'LIT', 'ETH', 'ICP', 'AVAX', 'PUMP', 'PIPPIN', 'IP', 'SOL', 'UNI', 'LINK', 'TON', 'ATOM']
2026-03-26 10:55:55 BRT [INFO   ] 
───────────────────────────────────────────────────────
2026-03-26 10:55:55 BRT [INFO   ]   ETAPA 4 — Klines + Score completo (TOP 20 LONG + SHORT) [v6.2.0]
2026-03-26 10:55:55 BRT [INFO   ] ───────────────────────────────────────────────────────
2026-03-26 10:55:55 BRT [DEBUG  ]   Contexto: FGI=10 | BTC=NEUTRAL | LONG=CAUTELOSO (Medo Extremo)(thr=20) | SHORT=MODERADO (Medo Extremo — mercado bearish)(thr=16) | risk_score=0
2026-03-26 10:55:55 BRT [INFO   ]   ✅  [A4 CANDLE LOCK] Vela 15m fechada (656s após fechamento). Último fechamento: 10:45:00 BRT.
2026-03-26 10:55:55 BRT [INFO   ]   Buscando klines para: ['XLM', 'HYPE', 'KAT', 'ONDO', 'APT', 'OP', 'ARB', 'DOT', 'NEAR', 'BEAT', 'WLFI', 'XRP', 'CRV', 'HBAR', 'TRUMP', 'ZRO', 'PEPE', 'SUI', 'SHIB', 'DOGE', 'XPL', 'ADA', 'WLD', 'POL', 'FIL']
2026-03-26 10:55:55 BRT [DEBUG  ]   📡  Cache MISS XLMUSDT 1H: arquivo não existe — buscando
2026-03-26 10:55:55 BRT [DEBUG  ]   📡  Cache MISS HYPEUSDT 1H: arquivo não existe — buscando
2026-03-26 10:55:55 BRT [DEBUG  ]   📡  Cache MISS KATUSDT 1H: arquivo não existe — buscando
2026-03-26 10:55:55 BRT [DEBUG  ]   📡  Cache MISS ONDOUSDT 1H: arquivo não existe — buscando
2026-03-26 10:55:55 BRT [DEBUG  ]   📡  Cache MISS APTUSDT 1H: arquivo não existe — buscando
2026-03-26 10:55:55 BRT [DEBUG  ]   📡  Cache MISS OPUSDT 1H: arquivo não existe — buscando
2026-03-26 10:55:55 BRT [DEBUG  ]   📡  Cache MISS ARBUSDT 1H: arquivo não existe — buscando
2026-03-26 10:55:55 BRT [DEBUG  ]   📡  Cache MISS DOTUSDT 1H: arquivo não existe — buscando
2026-03-26 10:55:55 BRT [DEBUG  ]   📡  Cache MISS NEARUSDT 1H: arquivo não existe — buscando
2026-03-26 10:55:55 BRT [DEBUG  ]   📡  Cache MISS BEATUSDT 1H: arquivo não existe — buscando
2026-03-26 10:55:55 BRT [DEBUG  ]   📡  Cache MISS WLFIUSDT 1H: arquivo não existe — buscando
2026-03-26 10:55:55 BRT [DEBUG  ]   📡  Cache MISS XRPUSDT 1H: arquivo não existe — buscando
2026-03-26 10:55:55 BRT [DEBUG  ]   📡  Cache MISS CRVUSDT 1H: arquivo não existe — buscando
2026-03-26 10:55:55 BRT [DEBUG  ]   📡  Cache MISS HBARUSDT 1H: arquivo não existe — buscando
2026-03-26 10:55:55 BRT [DEBUG  ]   📡  Cache MISS TRUMPUSDT 1H: arquivo não existe — buscando
2026-03-26 10:55:55 BRT [DEBUG  ]   📡  Cache MISS ZROUSDT 1H: arquivo não existe — buscando
2026-03-26 10:55:55 BRT [DEBUG  ]   📡  Cache MISS PEPEUSDT 1H: arquivo não existe — buscando
2026-03-26 10:55:55 BRT [DEBUG  ]   📡  Cache MISS SUIUSDT 1H: arquivo não existe — buscando
2026-03-26 10:55:55 BRT [DEBUG  ]   📡  Cache MISS SHIBUSDT 1H: arquivo não existe — buscando
2026-03-26 10:55:55 BRT [DEBUG  ]   📡  Cache MISS DOGEUSDT 1H: arquivo não existe — buscando
2026-03-26 10:55:55 BRT [DEBUG  ]   📡  Cache MISS XPLUSDT 1H: arquivo não existe — buscando
2026-03-26 10:55:55 BRT [DEBUG  ]   📡  Cache MISS ADAUSDT 1H: arquivo não existe — buscando
2026-03-26 10:55:55 BRT [DEBUG  ]   📡  Cache MISS WLDUSDT 1H: arquivo não existe — buscando
2026-03-26 10:55:55 BRT [DEBUG  ]   📡  Cache MISS POLUSDT 1H: arquivo não existe — buscando
2026-03-26 10:55:55 BRT [DEBUG  ]   📡  Cache MISS FILUSDT 1H: arquivo não existe — buscando
2026-03-26 10:55:55 BRT [DEBUG  ]   📡  Cache MISS XLMUSDT 4H: arquivo não existe — buscando
2026-03-26 10:55:55 BRT [DEBUG  ]   📡  Cache MISS HYPEUSDT 4H: arquivo não existe — buscando
2026-03-26 10:55:55 BRT [DEBUG  ]   📡  Cache MISS KATUSDT 4H: arquivo não existe — buscando
2026-03-26 10:55:55 BRT [DEBUG  ]   📡  Cache MISS ONDOUSDT 4H: arquivo não existe — buscando
2026-03-26 10:55:55 BRT [DEBUG  ]   📡  Cache MISS APTUSDT 4H: arquivo não existe — buscando
2026-03-26 10:55:55 BRT [DEBUG  ]   📡  Cache MISS OPUSDT 4H: arquivo não existe — buscando
2026-03-26 10:55:55 BRT [DEBUG  ]   📡  Cache MISS ARBUSDT 4H: arquivo não existe — buscando
2026-03-26 10:55:55 BRT [DEBUG  ]   📡  Cache MISS DOTUSDT 4H: arquivo não existe — buscando
2026-03-26 10:55:55 BRT [DEBUG  ]   📡  Cache MISS NEARUSDT 4H: arquivo não existe — buscando
2026-03-26 10:55:55 BRT [DEBUG  ]   📡  Cache MISS BEATUSDT 4H: arquivo não existe — buscando
2026-03-26 10:55:55 BRT [DEBUG  ]   📡  Cache MISS WLFIUSDT 4H: arquivo não existe — buscando
2026-03-26 10:55:55 BRT [DEBUG  ]   📡  Cache MISS XRPUSDT 4H: arquivo não existe — buscando
2026-03-26 10:55:55 BRT [DEBUG  ]   📡  Cache MISS CRVUSDT 4H: arquivo não existe — buscando
2026-03-26 10:55:55 BRT [DEBUG  ]   📡  Cache MISS HBARUSDT 4H: arquivo não existe — buscando
2026-03-26 10:55:55 BRT [DEBUG  ]   📡  Cache MISS TRUMPUSDT 4H: arquivo não existe — buscando
2026-03-26 10:55:55 BRT [DEBUG  ]   📡  Cache MISS ZROUSDT 4H: arquivo não existe — buscando
2026-03-26 10:55:55 BRT [DEBUG  ]   📡  Cache MISS PEPEUSDT 4H: arquivo não existe — buscando
2026-03-26 10:55:55 BRT [DEBUG  ]   📡  Cache MISS SUIUSDT 4H: arquivo não existe — buscando
2026-03-26 10:55:55 BRT [DEBUG  ]   📡  Cache MISS SHIBUSDT 4H: arquivo não existe — buscando
2026-03-26 10:55:55 BRT [DEBUG  ]   📡  Cache MISS DOGEUSDT 4H: arquivo não existe — buscando
2026-03-26 10:55:55 BRT [DEBUG  ]   📡  Cache MISS XPLUSDT 4H: arquivo não existe — buscando
2026-03-26 10:55:55 BRT [DEBUG  ]   📡  Cache MISS ADAUSDT 4H: arquivo não existe — buscando
2026-03-26 10:55:55 BRT [DEBUG  ]   📡  Cache MISS WLDUSDT 4H: arquivo não existe — buscando
2026-03-26 10:55:55 BRT [DEBUG  ]   📡  Cache MISS POLUSDT 4H: arquivo não existe — buscando
2026-03-26 10:55:55 BRT [DEBUG  ]   📡  Cache MISS FILUSDT 4H: arquivo não existe — buscando
2026-03-26 10:55:56 BRT [DEBUG  ]   GET https://api.bitget.com/api/v2/mix/market/candles?productType=USDT-FUTURES&symbol...
2026-03-26 10:55:56 BRT [DEBUG  ]       → HTTP 200 | 6.5KB | enc:gzip | 0.32s
2026-03-26 10:55:56 BRT [DEBUG  ]   ✅  Klines PEPEUSDT 1H: 60 candles | 03/26 10:00 → 03/23 23:00
2026-03-26 10:55:56 BRT [DEBUG  ]   💾  Cache GRAVADO PEPEUSDT 1H: 60 candles
2026-03-26 10:55:56 BRT [DEBUG  ]   GET https://api.bitget.com/api/v2/mix/market/candles?productType=USDT-FUTURES&symbol...
2026-03-26 10:55:56 BRT [DEBUG  ]       → HTTP 200 | 4.5KB | enc:gzip | 0.34s
2026-03-26 10:55:56 BRT [DEBUG  ]   ✅  Klines XPLUSDT 15m: 60 candles | 03/26 10:45 → 03/25 20:00
2026-03-26 10:55:56 BRT [DEBUG  ]   GET https://api.bitget.com/api/v2/mix/market/candles?productType=USDT-FUTURES&symbol...
2026-03-26 10:55:56 BRT [DEBUG  ]       → HTTP 200 | 4.5KB | enc:gzip | 0.34s
2026-03-26 10:55:56 BRT [DEBUG  ]   ✅  Klines CRVUSDT 15m: 60 candles | 03/26 10:45 → 03/25 20:00
2026-03-26 10:55:56 BRT [DEBUG  ]   GET https://api.bitget.com/api/v2/mix/market/candles?productType=USDT-FUTURES&symbol...
2026-03-26 10:55:56 BRT [DEBUG  ]       → HTTP 200 | 4.8KB | enc:gzip | 0.34s
2026-03-26 10:55:56 BRT [DEBUG  ]   ✅  Klines POLUSDT 1H: 60 candles | 03/26 10:00 → 03/23 23:00
2026-03-26 10:55:56 BRT [DEBUG  ]   💾  Cache GRAVADO POLUSDT 1H: 60 candles
2026-03-26 10:55:56 BRT [DEBUG  ]   GET https://api.bitget.com/api/v2/mix/market/candles?productType=USDT-FUTURES&symbol...
2026-03-26 10:55:56 BRT [DEBUG  ]       → HTTP 200 | 4.9KB | enc:gzip | 0.34s
2026-03-26 10:55:56 BRT [DEBUG  ]   ✅  Klines KATUSDT 1H: 60 candles | 03/26 10:00 → 03/23 23:00
2026-03-26 10:55:56 BRT [DEBUG  ]   💾  Cache GRAVADO KATUSDT 1H: 60 candles
2026-03-26 10:55:56 BRT [DEBUG  ]   GET https://api.bitget.com/api/v2/mix/market/candles?productType=USDT-FUTURES&symbol...
2026-03-26 10:55:56 BRT [DEBUG  ]       → HTTP 200 | 4.6KB | enc:gzip | 0.34s
2026-03-26 10:55:56 BRT [DEBUG  ]   ✅  Klines OPUSDT 15m: 60 candles | 03/26 10:45 → 03/25 20:00
2026-03-26 10:55:56 BRT [DEBUG  ]   GET https://api.bitget.com/api/v2/mix/market/candles?productType=USDT-FUTURES&symbol...
2026-03-26 10:55:56 BRT [DEBUG  ]       → HTTP 200 | 4.7KB | enc:gzip | 0.34s
2026-03-26 10:55:56 BRT [DEBUG  ]   ✅  Klines ONDOUSDT 1H: 60 candles | 03/26 10:00 → 03/23 23:00
2026-03-26 10:55:56 BRT [DEBUG  ]   💾  Cache GRAVADO ONDOUSDT 1H: 60 candles
2026-03-26 10:55:56 BRT [DEBUG  ]   GET https://api.bitget.com/api/v2/mix/market/candles?productType=USDT-FUTURES&symbol...
2026-03-26 10:55:56 BRT [DEBUG  ]       → HTTP 200 | 4.6KB | enc:gzip | 0.35s
2026-03-26 10:55:56 BRT [DEBUG  ]   ✅  Klines ADAUSDT 15m: 60 candles | 03/26 10:45 → 03/25 20:00
2026-03-26 10:55:56 BRT [DEBUG  ]   GET https://api.bitget.com/api/v2/mix/market/candles?productType=USDT-FUTURES&symbol...
2026-03-26 10:55:56 BRT [DEBUG  ]       → HTTP 200 | 4.5KB | enc:gzip | 0.35s
2026-03-26 10:55:56 BRT [DEBUG  ]   ✅  Klines TRUMPUSDT 4H: 60 candles | 03/26 09:00 → 03/16 13:00
2026-03-26 10:55:56 BRT [DEBUG  ]   💾  Cache GRAVADO TRUMPUSDT 4H: 60 candles
2026-03-26 10:55:56 BRT [DEBUG  ]   GET https://api.bitget.com/api/v2/mix/market/candles?productType=USDT-FUTURES&symbol...
2026-03-26 10:55:56 BRT [DEBUG  ]       → HTTP 200 | 5.0KB | enc:gzip | 0.35s
2026-03-26 10:55:56 BRT [DEBUG  ]   ✅  Klines DOGEUSDT 4H: 60 candles | 03/26 09:00 → 03/16 13:00
2026-03-26 10:55:56 BRT [DEBUG  ]   💾  Cache GRAVADO DOGEUSDT 4H: 60 candles
2026-03-26 10:55:56 BRT [DEBUG  ]   GET https://api.bitget.com/api/v2/mix/market/candles?productType=USDT-FUTURES&symbol...
2026-03-26 10:55:56 BRT [DEBUG  ]       → HTTP 200 | 4.9KB | enc:gzip | 0.35s
2026-03-26 10:55:56 BRT [DEBUG  ]   ✅  Klines HBARUSDT 4H: 60 candles | 03/26 09:00 → 03/16 13:00
2026-03-26 10:55:56 BRT [DEBUG  ]   💾  Cache GRAVADO HBARUSDT 4H: 60 candles
2026-03-26 10:55:56 BRT [DEBUG  ]   GET https://api.bitget.com/api/v2/mix/market/candles?productType=USDT-FUTURES&symbol...
2026-03-26 10:55:56 BRT [DEBUG  ]       → HTTP 200 | 4.3KB | enc:gzip | 0.36s
2026-03-26 10:55:56 BRT [DEBUG  ]   ✅  Klines TRUMPUSDT 15m: 60 candles | 03/26 10:45 → 03/25 20:00
2026-03-26 10:55:56 BRT [DEBUG  ]   GET https://api.bitget.com/api/v2/mix/market/candles?productType=USDT-FUTURES&symbol...
2026-03-26 10:55:56 BRT [DEBUG  ]       → HTTP 200 | 4.9KB | enc:gzip | 0.36s
2026-03-26 10:55:56 BRT [DEBUG  ]   ✅  Klines KATUSDT 15m: 60 candles | 03/26 10:45 → 03/25 20:00
2026-03-26 10:55:56 BRT [DEBUG  ]   GET https://api.bitget.com/api/v2/mix/market/candles?productType=USDT-FUTURES&symbol...
2026-03-26 10:55:56 BRT [DEBUG  ]       → HTTP 200 | 4.7KB | enc:gzip | 0.36s
2026-03-26 10:55:56 BRT [DEBUG  ]   ✅  Klines FILUSDT 1H: 60 candles | 03/26 10:00 → 03/23 23:00
2026-03-26 10:55:56 BRT [DEBUG  ]   💾  Cache GRAVADO FILUSDT 1H: 60 candles
2026-03-26 10:55:56 BRT [DEBUG  ]   GET https://api.bitget.com/api/v2/mix/market/candles?productType=USDT-FUTURES&symbol...
2026-03-26 10:55:56 BRT [DEBUG  ]       → HTTP 200 | 4.6KB | enc:gzip | 0.37s
2026-03-26 10:55:56 BRT [DEBUG  ]   ✅  Klines CRVUSDT 4H: 60 candles | 03/26 09:00 → 03/16 13:00
2026-03-26 10:55:56 BRT [DEBUG  ]   💾  Cache GRAVADO CRVUSDT 4H: 60 candles
2026-03-26 10:55:56 BRT [DEBUG  ]   GET https://api.bitget.com/api/v2/mix/market/candles?productType=USDT-FUTURES&symbol...
2026-03-26 10:55:56 BRT [DEBUG  ]       → HTTP 200 | 4.8KB | enc:gzip | 0.37s
2026-03-26 10:55:56 BRT [DEBUG  ]   ✅  Klines OPUSDT 4H: 60 candles | 03/26 09:00 → 03/16 13:00
2026-03-26 10:55:56 BRT [DEBUG  ]   💾  Cache GRAVADO OPUSDT 4H: 60 candles
2026-03-26 10:55:56 BRT [DEBUG  ]   GET https://api.bitget.com/api/v2/mix/market/candles?productType=USDT-FUTURES&symbol...
2026-03-26 10:55:56 BRT [DEBUG  ]       → HTTP 200 | 4.7KB | enc:gzip | 0.38s
2026-03-26 10:55:56 BRT [DEBUG  ]   ✅  Klines ARBUSDT 15m: 60 candles | 03/26 10:45 → 03/25 20:00
2026-03-26 10:55:56 BRT [DEBUG  ]   GET https://api.bitget.com/api/v2/mix/market/candles?productType=USDT-FUTURES&symbol...
2026-03-26 10:55:56 BRT [DEBUG  ]       → HTTP 200 | 4.8KB | enc:gzip | 0.38s
2026-03-26 10:55:56 BRT [DEBUG  ]   ✅  Klines BEATUSDT 1H: 60 candles | 03/26 10:00 → 03/23 23:00
2026-03-26 10:55:56 BRT [DEBUG  ]   💾  Cache GRAVADO BEATUSDT 1H: 60 candles
2026-03-26 10:55:56 BRT [DEBUG  ]   GET https://api.bitget.com/api/v2/mix/market/candles?productType=USDT-FUTURES&symbol...
2026-03-26 10:55:56 BRT [DEBUG  ]       → HTTP 200 | 4.6KB | enc:gzip | 0.39s
2026-03-26 10:55:56 BRT [DEBUG  ]   ✅  Klines FILUSDT 15m: 60 candles | 03/26 10:45 → 03/25 20:00
2026-03-26 10:55:56 BRT [DEBUG  ]   GET https://api.bitget.com/api/v2/mix/market/candles?productType=USDT-FUTURES&symbol...
2026-03-26 10:55:56 BRT [DEBUG  ]       → HTTP 200 | 4.7KB | enc:gzip | 0.39s
2026-03-26 10:55:56 BRT [DEBUG  ]   ✅  Klines POLUSDT 15m: 60 candles | 03/26 10:45 → 03/25 20:00
2026-03-26 10:55:56 BRT [DEBUG  ]   GET https://api.bitget.com/api/v2/mix/market/candles?productType=USDT-FUTURES&symbol...
2026-03-26 10:55:56 BRT [DEBUG  ]       → HTTP 200 | 4.4KB | enc:gzip | 0.39s
2026-03-26 10:55:56 BRT [DEBUG  ]   ✅  Klines ZROUSDT 15m: 60 candles | 03/26 10:45 → 03/25 20:00
2026-03-26 10:55:56 BRT [DEBUG  ]   GET https://api.bitget.com/api/v2/mix/market/candles?productType=USDT-FUTURES&symbol...
2026-03-26 10:55:56 BRT [DEBUG  ]       → HTTP 200 | 4.9KB | enc:gzip | 0.39s
2026-03-26 10:55:56 BRT [DEBUG  ]   ✅  Klines XLMUSDT 4H: 60 candles | 03/26 09:00 → 03/16 13:00
2026-03-26 10:55:56 BRT [DEBUG  ]   💾  Cache GRAVADO XLMUSDT 4H: 60 candles
2026-03-26 10:55:56 BRT [DEBUG  ]   GET https://api.bitget.com/api/v2/mix/market/candles?productType=USDT-FUTURES&symbol...
2026-03-26 10:55:56 BRT [DEBUG  ]       → HTTP 200 | 4.8KB | enc:gzip | 0.39s
2026-03-26 10:55:56 BRT [DEBUG  ]   ✅  Klines ARBUSDT 1H: 60 candles | 03/26 10:00 → 03/23 23:00
2026-03-26 10:55:56 BRT [DEBUG  ]   💾  Cache GRAVADO ARBUSDT 1H: 60 candles
2026-03-26 10:55:56 BRT [DEBUG  ]   GET https://api.bitget.com/api/v2/mix/market/candles?productType=USDT-FUTURES&symbol...
2026-03-26 10:55:56 BRT [DEBUG  ]       → HTTP 200 | 4.8KB | enc:gzip | 0.39s
2026-03-26 10:55:56 BRT [DEBUG  ]   ✅  Klines SUIUSDT 4H: 60 candles | 03/26 09:00 → 03/16 13:00
2026-03-26 10:55:56 BRT [DEBUG  ]   💾  Cache GRAVADO SUIUSDT 4H: 60 candles
2026-03-26 10:55:56 BRT [DEBUG  ]   GET https://api.bitget.com/api/v2/mix/market/candles?productType=USDT-FUTURES&symbol...
2026-03-26 10:55:56 BRT [DEBUG  ]       → HTTP 200 | 4.6KB | enc:gzip | 0.39s
2026-03-26 10:55:56 BRT [DEBUG  ]   ✅  Klines XPLUSDT 4H: 60 candles | 03/26 09:00 → 03/16 13:00
2026-03-26 10:55:56 BRT [DEBUG  ]   💾  Cache GRAVADO XPLUSDT 4H: 60 candles
2026-03-26 10:55:56 BRT [DEBUG  ]   GET https://api.bitget.com/api/v2/mix/market/candles?productType=USDT-FUTURES&symbol...
2026-03-26 10:55:56 BRT [DEBUG  ]       → HTTP 200 | 4.2KB | enc:gzip | 0.40s
2026-03-26 10:55:56 BRT [DEBUG  ]   ✅  Klines DOTUSDT 15m: 60 candles | 03/26 10:45 → 03/25 20:00
2026-03-26 10:55:56 BRT [DEBUG  ]   GET https://api.bitget.com/api/v2/mix/market/candles?productType=USDT-FUTURES&symbol...
2026-03-26 10:55:56 BRT [DEBUG  ]       → HTTP 200 | 6.4KB | enc:gzip | 0.40s
2026-03-26 10:55:56 BRT [DEBUG  ]   ✅  Klines PEPEUSDT 15m: 60 candles | 03/26 10:45 → 03/25 20:00
2026-03-26 10:55:56 BRT [DEBUG  ]   GET https://api.bitget.com/api/v2/mix/market/candles?productType=USDT-FUTURES&symbol...
2026-03-26 10:55:56 BRT [DEBUG  ]       → HTTP 200 | 4.3KB | enc:gzip | 0.39s
2026-03-26 10:55:56 BRT [DEBUG  ]   ✅  Klines DOTUSDT 4H: 60 candles | 03/26 09:00 → 03/16 13:00
2026-03-26 10:55:56 BRT [DEBUG  ]   💾  Cache GRAVADO DOTUSDT 4H: 60 candles
2026-03-26 10:55:56 BRT [DEBUG  ]   GET https://api.bitget.com/api/v2/mix/market/candles?productType=USDT-FUTURES&symbol...
2026-03-26 10:55:56 BRT [DEBUG  ]       → HTTP 200 | 5.0KB | enc:gzip | 0.40s
2026-03-26 10:55:56 BRT [DEBUG  ]   ✅  Klines APTUSDT 1H: 60 candles | 03/26 10:00 → 03/23 23:00
2026-03-26 10:55:56 BRT [DEBUG  ]   💾  Cache GRAVADO APTUSDT 1H: 60 candles
2026-03-26 10:55:56 BRT [DEBUG  ]   GET https://api.bitget.com/api/v2/mix/market/candles?productType=USDT-FUTURES&symbol...
2026-03-26 10:55:56 BRT [DEBUG  ]       → HTTP 200 | 4.8KB | enc:gzip | 0.40s
2026-03-26 10:55:56 BRT [DEBUG  ]   ✅  Klines HBARUSDT 15m: 60 candles | 03/26 10:45 → 03/25 20:00
2026-03-26 10:55:56 BRT [DEBUG  ]   GET https://api.bitget.com/api/v2/mix/market/candles?productType=USDT-FUTURES&symbol...
2026-03-26 10:55:56 BRT [DEBUG  ]       → HTTP 200 | 4.8KB | enc:gzip | 0.40s
2026-03-26 10:55:56 BRT [DEBUG  ]   ✅  Klines BEATUSDT 15m: 60 candles | 03/26 10:45 → 03/25 20:00
2026-03-26 10:55:56 BRT [DEBUG  ]   GET https://api.bitget.com/api/v2/mix/market/candles?productType=USDT-FUTURES&symbol...
2026-03-26 10:55:56 BRT [DEBUG  ]       → HTTP 200 | 4.6KB | enc:gzip | 0.40s
2026-03-26 10:55:56 BRT [DEBUG  ]   ✅  Klines WLDUSDT 4H: 60 candles | 03/26 09:00 → 03/16 13:00
2026-03-26 10:55:56 BRT [DEBUG  ]   💾  Cache GRAVADO WLDUSDT 4H: 60 candles
2026-03-26 10:55:56 BRT [DEBUG  ]   GET https://api.bitget.com/api/v2/mix/market/candles?productType=USDT-FUTURES&symbol...
2026-03-26 10:55:56 BRT [DEBUG  ]       → HTTP 200 | 4.8KB | enc:gzip | 0.40s
2026-03-26 10:55:56 BRT [DEBUG  ]   ✅  Klines FILUSDT 4H: 60 candles | 03/26 09:00 → 03/16 13:00
2026-03-26 10:55:56 BRT [DEBUG  ]   💾  Cache GRAVADO FILUSDT 4H: 60 candles
2026-03-26 10:55:56 BRT [DEBUG  ]   GET https://api.bitget.com/api/v2/mix/market/candles?productType=USDT-FUTURES&symbol...
2026-03-26 10:55:56 BRT [DEBUG  ]       → HTTP 200 | 4.7KB | enc:gzip | 0.40s
2026-03-26 10:55:56 BRT [DEBUG  ]   ✅  Klines XRPUSDT 1H: 60 candles | 03/26 10:00 → 03/23 23:00
2026-03-26 10:55:56 BRT [DEBUG  ]   💾  Cache GRAVADO XRPUSDT 1H: 60 candles
2026-03-26 10:55:56 BRT [DEBUG  ]   GET https://api.bitget.com/api/v2/mix/market/candles?productType=USDT-FUTURES&symbol...
2026-03-26 10:55:56 BRT [DEBUG  ]       → HTTP 200 | 4.6KB | enc:gzip | 0.40s
2026-03-26 10:55:56 BRT [DEBUG  ]   ✅  Klines NEARUSDT 4H: 60 candles | 03/26 09:00 → 03/16 13:00
2026-03-26 10:55:56 BRT [DEBUG  ]   💾  Cache GRAVADO NEARUSDT 4H: 60 candles
2026-03-26 10:55:56 BRT [DEBUG  ]   GET https://api.bitget.com/api/v2/mix/market/candles?productType=USDT-FUTURES&symbol...
2026-03-26 10:55:56 BRT [DEBUG  ]       → HTTP 200 | 4.1KB | enc:gzip | 0.40s
2026-03-26 10:55:56 BRT [DEBUG  ]   ✅  Klines KATUSDT 4H: 49 candles | 03/26 09:00 → 03/18 09:00
2026-03-26 10:55:56 BRT [DEBUG  ]   💾  Cache GRAVADO KATUSDT 4H: 49 candles
2026-03-26 10:55:56 BRT [DEBUG  ]   GET https://api.bitget.com/api/v2/mix/market/candles?productType=USDT-FUTURES&symbol...
2026-03-26 10:55:56 BRT [DEBUG  ]       → HTTP 200 | 4.9KB | enc:gzip | 0.40s
2026-03-26 10:55:56 BRT [DEBUG  ]   ✅  Klines XLMUSDT 1H: 60 candles | 03/26 10:00 → 03/23 23:00
2026-03-26 10:55:56 BRT [DEBUG  ]   💾  Cache GRAVADO XLMUSDT 1H: 60 candles
2026-03-26 10:55:56 BRT [DEBUG  ]   GET https://api.bitget.com/api/v2/mix/market/candles?productType=USDT-FUTURES&symbol...
2026-03-26 10:55:56 BRT [DEBUG  ]       → HTTP 200 | 4.8KB | enc:gzip | 0.40s
2026-03-26 10:55:56 BRT [DEBUG  ]   ✅  Klines XRPUSDT 4H: 60 candles | 03/26 09:00 → 03/16 13:00
2026-03-26 10:55:56 BRT [DEBUG  ]   💾  Cache GRAVADO XRPUSDT 4H: 60 candles
2026-03-26 10:55:56 BRT [DEBUG  ]   GET https://api.bitget.com/api/v2/mix/market/candles?productType=USDT-FUTURES&symbol...
2026-03-26 10:55:56 BRT [DEBUG  ]       → HTTP 200 | 4.6KB | enc:gzip | 0.40s
2026-03-26 10:55:56 BRT [DEBUG  ]   ✅  Klines ADAUSDT 1H: 60 candles | 03/26 10:00 → 03/23 23:00
2026-03-26 10:55:56 BRT [DEBUG  ]   💾  Cache GRAVADO ADAUSDT 1H: 60 candles
2026-03-26 10:55:56 BRT [DEBUG  ]   GET https://api.bitget.com/api/v2/mix/market/candles?productType=USDT-FUTURES&symbol...
2026-03-26 10:55:56 BRT [DEBUG  ]       → HTTP 200 | 4.7KB | enc:gzip | 0.41s
2026-03-26 10:55:56 BRT [DEBUG  ]   ✅  Klines OPUSDT 1H: 60 candles | 03/26 10:00 → 03/23 23:00
2026-03-26 10:55:56 BRT [DEBUG  ]   💾  Cache GRAVADO OPUSDT 1H: 60 candles
2026-03-26 10:55:56 BRT [DEBUG  ]   GET https://api.bitget.com/api/v2/mix/market/candles?productType=USDT-FUTURES&symbol...
2026-03-26 10:55:56 BRT [DEBUG  ]       → HTTP 200 | 4.7KB | enc:gzip | 0.40s
2026-03-26 10:55:56 BRT [DEBUG  ]   ✅  Klines ADAUSDT 4H: 60 candles | 03/26 09:00 → 03/16 13:00
2026-03-26 10:55:56 BRT [DEBUG  ]   💾  Cache GRAVADO ADAUSDT 4H: 60 candles
2026-03-26 10:55:56 BRT [DEBUG  ]   GET https://api.bitget.com/api/v2/mix/market/candles?productType=USDT-FUTURES&symbol...
2026-03-26 10:55:56 BRT [DEBUG  ]       → HTTP 200 | 4.6KB | enc:gzip | 0.41s
2026-03-26 10:55:56 BRT [DEBUG  ]   ✅  Klines WLDUSDT 1H: 60 candles | 03/26 10:00 → 03/23 23:00
2026-03-26 10:55:56 BRT [DEBUG  ]   💾  Cache GRAVADO WLDUSDT 1H: 60 candles
2026-03-26 10:55:56 BRT [DEBUG  ]   GET https://api.bitget.com/api/v2/mix/market/candles?productType=USDT-FUTURES&symbol...
2026-03-26 10:55:56 BRT [DEBUG  ]       → HTTP 200 | 4.4KB | enc:gzip | 0.41s
2026-03-26 10:55:56 BRT [DEBUG  ]   ✅  Klines NEARUSDT 15m: 60 candles | 03/26 10:45 → 03/25 20:00
2026-03-26 10:55:56 BRT [DEBUG  ]   GET https://api.bitget.com/api/v2/mix/market/candles?productType=USDT-FUTURES&symbol...
2026-03-26 10:55:56 BRT [DEBUG  ]       → HTTP 200 | 4.5KB | enc:gzip | 0.41s
2026-03-26 10:55:56 BRT [DEBUG  ]   ✅  Klines ZROUSDT 1H: 60 candles | 03/26 10:00 → 03/23 23:00
2026-03-26 10:55:56 BRT [DEBUG  ]   💾  Cache GRAVADO ZROUSDT 1H: 60 candles
2026-03-26 10:55:56 BRT [DEBUG  ]   GET https://api.bitget.com/api/v2/mix/market/candles?productType=USDT-FUTURES&symbol...
2026-03-26 10:55:56 BRT [DEBUG  ]       → HTTP 200 | 4.9KB | enc:gzip | 0.41s
2026-03-26 10:55:56 BRT [DEBUG  ]   ✅  Klines HBARUSDT 1H: 60 candles | 03/26 10:00 → 03/23 23:00
2026-03-26 10:55:56 BRT [DEBUG  ]   💾  Cache GRAVADO HBARUSDT 1H: 60 candles
2026-03-26 10:55:56 BRT [DEBUG  ]   GET https://api.bitget.com/api/v2/mix/market/candles?productType=USDT-FUTURES&symbol...
2026-03-26 10:55:56 BRT [DEBUG  ]       → HTTP 200 | 4.9KB | enc:gzip | 0.41s
2026-03-26 10:55:56 BRT [DEBUG  ]   ✅  Klines APTUSDT 15m: 60 candles | 03/26 10:45 → 03/25 20:00
2026-03-26 10:55:56 BRT [DEBUG  ]   GET https://api.bitget.com/api/v2/mix/market/candles?productType=USDT-FUTURES&symbol...
2026-03-26 10:55:56 BRT [DEBUG  ]       → HTTP 200 | 4.6KB | enc:gzip | 0.41s
2026-03-26 10:55:56 BRT [DEBUG  ]   ✅  Klines NEARUSDT 1H: 60 candles | 03/26 10:00 → 03/23 23:00
2026-03-26 10:55:56 BRT [DEBUG  ]   💾  Cache GRAVADO NEARUSDT 1H: 60 candles
2026-03-26 10:55:56 BRT [DEBUG  ]   GET https://api.bitget.com/api/v2/mix/market/candles?productType=USDT-FUTURES&symbol...
2026-03-26 10:55:56 BRT [DEBUG  ]       → HTTP 200 | 4.8KB | enc:gzip | 0.41s
2026-03-26 10:55:56 BRT [DEBUG  ]   ✅  Klines HYPEUSDT 1H: 60 candles | 03/26 10:00 → 03/23 23:00
2026-03-26 10:55:56 BRT [DEBUG  ]   💾  Cache GRAVADO HYPEUSDT 1H: 60 candles
2026-03-26 10:55:56 BRT [DEBUG  ]   GET https://api.bitget.com/api/v2/mix/market/candles?productType=USDT-FUTURES&symbol...
2026-03-26 10:55:56 BRT [DEBUG  ]       → HTTP 200 | 5.0KB | enc:gzip | 0.41s
2026-03-26 10:55:56 BRT [DEBUG  ]   ✅  Klines APTUSDT 4H: 60 candles | 03/26 09:00 → 03/16 13:00
2026-03-26 10:55:56 BRT [DEBUG  ]   💾  Cache GRAVADO APTUSDT 4H: 60 candles
2026-03-26 10:55:56 BRT [DEBUG  ]   GET https://api.bitget.com/api/v2/mix/market/candles?productType=USDT-FUTURES&symbol...
2026-03-26 10:55:56 BRT [DEBUG  ]       → HTTP 200 | 4.6KB | enc:gzip | 0.41s
2026-03-26 10:55:56 BRT [DEBUG  ]   ✅  Klines XPLUSDT 1H: 60 candles | 03/26 10:00 → 03/23 23:00
2026-03-26 10:55:56 BRT [DEBUG  ]   💾  Cache GRAVADO XPLUSDT 1H: 60 candles
2026-03-26 10:55:56 BRT [DEBUG  ]   GET https://api.bitget.com/api/v2/mix/market/candles?productType=USDT-FUTURES&symbol...
2026-03-26 10:55:56 BRT [DEBUG  ]       → HTTP 200 | 4.4KB | enc:gzip | 0.42s
2026-03-26 10:55:56 BRT [DEBUG  ]   ✅  Klines WLFIUSDT 15m: 60 candles | 03/26 10:45 → 03/25 20:00
2026-03-26 10:55:56 BRT [DEBUG  ]   GET https://api.bitget.com/api/v2/mix/market/candles?productType=USDT-FUTURES&symbol...
2026-03-26 10:55:56 BRT [DEBUG  ]       → HTTP 200 | 4.4KB | enc:gzip | 0.41s
2026-03-26 10:55:56 BRT [DEBUG  ]   ✅  Klines TRUMPUSDT 1H: 60 candles | 03/26 10:00 → 03/23 23:00
2026-03-26 10:55:56 BRT [DEBUG  ]   💾  Cache GRAVADO TRUMPUSDT 1H: 60 candles
2026-03-26 10:55:56 BRT [DEBUG  ]   GET https://api.bitget.com/api/v2/mix/market/candles?productType=USDT-FUTURES&symbol...
2026-03-26 10:55:56 BRT [DEBUG  ]       → HTTP 200 | 4.8KB | enc:gzip | 0.41s
2026-03-26 10:55:56 BRT [DEBUG  ]   ✅  Klines SUIUSDT 1H: 60 candles | 03/26 10:00 → 03/23 23:00
2026-03-26 10:55:56 BRT [DEBUG  ]   💾  Cache GRAVADO SUIUSDT 1H: 60 candles
2026-03-26 10:55:56 BRT [DEBUG  ]   GET https://api.bitget.com/api/v2/mix/market/candles?productType=USDT-FUTURES&symbol...
2026-03-26 10:55:56 BRT [DEBUG  ]       → HTTP 200 | 4.9KB | enc:gzip | 0.41s
2026-03-26 10:55:56 BRT [DEBUG  ]   ✅  Klines POLUSDT 4H: 60 candles | 03/26 09:00 → 03/16 13:00
2026-03-26 10:55:56 BRT [DEBUG  ]   💾  Cache GRAVADO POLUSDT 4H: 60 candles
2026-03-26 10:55:56 BRT [DEBUG  ]   GET https://api.bitget.com/api/v2/mix/market/candles?productType=USDT-FUTURES&symbol...
2026-03-26 10:55:56 BRT [DEBUG  ]       → HTTP 200 | 4.6KB | enc:gzip | 0.41s
2026-03-26 10:55:56 BRT [DEBUG  ]   ✅  Klines WLFIUSDT 4H: 60 candles | 03/26 09:00 → 03/16 13:00
2026-03-26 10:55:56 BRT [DEBUG  ]   💾  Cache GRAVADO WLFIUSDT 4H: 60 candles
2026-03-26 10:55:56 BRT [DEBUG  ]   GET https://api.bitget.com/api/v2/mix/market/candles?productType=USDT-FUTURES&symbol...
2026-03-26 10:55:56 BRT [DEBUG  ]       → HTTP 200 | 6.0KB | enc:gzip | 0.42s
2026-03-26 10:55:56 BRT [DEBUG  ]   ✅  Klines SHIBUSDT 15m: 60 candles | 03/26 10:45 → 03/25 20:00
2026-03-26 10:55:56 BRT [DEBUG  ]   GET https://api.bitget.com/api/v2/mix/market/candles?productType=USDT-FUTURES&symbol...
2026-03-26 10:55:56 BRT [DEBUG  ]       → HTTP 200 | 4.9KB | enc:gzip | 0.42s
2026-03-26 10:55:56 BRT [DEBUG  ]   ✅  Klines BEATUSDT 4H: 60 candles | 03/26 09:00 → 03/16 13:00
2026-03-26 10:55:56 BRT [DEBUG  ]   💾  Cache GRAVADO BEATUSDT 4H: 60 candles
2026-03-26 10:55:56 BRT [DEBUG  ]   GET https://api.bitget.com/api/v2/mix/market/candles?productType=USDT-FUTURES&symbol...
2026-03-26 10:55:56 BRT [DEBUG  ]       → HTTP 200 | 6.1KB | enc:gzip | 0.42s
2026-03-26 10:55:56 BRT [DEBUG  ]   ✅  Klines SHIBUSDT 4H: 60 candles | 03/26 09:00 → 03/16 13:00
2026-03-26 10:55:56 BRT [DEBUG  ]   💾  Cache GRAVADO SHIBUSDT 4H: 60 candles
2026-03-26 10:55:56 BRT [DEBUG  ]   GET https://api.bitget.com/api/v2/mix/market/candles?productType=USDT-FUTURES&symbol...
2026-03-26 10:55:56 BRT [DEBUG  ]       → HTTP 200 | 4.5KB | enc:gzip | 0.42s
2026-03-26 10:55:56 BRT [DEBUG  ]   ✅  Klines WLDUSDT 15m: 60 candles | 03/26 10:45 → 03/25 20:00
2026-03-26 10:55:56 BRT [DEBUG  ]   GET https://api.bitget.com/api/v2/mix/market/candles?productType=USDT-FUTURES&symbol...
2026-03-26 10:55:56 BRT [DEBUG  ]       → HTTP 200 | 4.8KB | enc:gzip | 0.42s
2026-03-26 10:55:56 BRT [DEBUG  ]   ✅  Klines XLMUSDT 15m: 60 candles | 03/26 10:45 → 03/25 20:00
2026-03-26 10:55:56 BRT [DEBUG  ]   GET https://api.bitget.com/api/v2/mix/market/candles?productType=USDT-FUTURES&symbol...
2026-03-26 10:55:56 BRT [DEBUG  ]       → HTTP 200 | 4.5KB | enc:gzip | 0.42s
2026-03-26 10:55:56 BRT [DEBUG  ]   ✅  Klines ZROUSDT 4H: 60 candles | 03/26 09:00 → 03/16 13:00
2026-03-26 10:55:56 BRT [DEBUG  ]   💾  Cache GRAVADO ZROUSDT 4H: 60 candles
2026-03-26 10:55:56 BRT [DEBUG  ]   GET https://api.bitget.com/api/v2/mix/market/candles?productType=USDT-FUTURES&symbol...
2026-03-26 10:55:56 BRT [DEBUG  ]       → HTTP 200 | 4.6KB | enc:gzip | 0.42s
2026-03-26 10:55:56 BRT [DEBUG  ]   ✅  Klines ONDOUSDT 15m: 60 candles | 03/26 10:45 → 03/25 20:00
2026-03-26 10:55:56 BRT [DEBUG  ]   GET https://api.bitget.com/api/v2/mix/market/candles?productType=USDT-FUTURES&symbol...
2026-03-26 10:55:56 BRT [DEBUG  ]       → HTTP 200 | 4.9KB | enc:gzip | 0.42s
2026-03-26 10:55:56 BRT [DEBUG  ]   ✅  Klines DOGEUSDT 15m: 60 candles | 03/26 10:45 → 03/25 20:00
2026-03-26 10:55:56 BRT [DEBUG  ]   GET https://api.bitget.com/api/v2/mix/market/candles?productType=USDT-FUTURES&symbol...
2026-03-26 10:55:56 BRT [DEBUG  ]       → HTTP 200 | 4.7KB | enc:gzip | 0.42s
2026-03-26 10:55:56 BRT [DEBUG  ]   ✅  Klines SUIUSDT 15m: 60 candles | 03/26 10:45 → 03/25 20:00
2026-03-26 10:55:56 BRT [DEBUG  ]   GET https://api.bitget.com/api/v2/mix/market/candles?productType=USDT-FUTURES&symbol...
2026-03-26 10:55:56 BRT [DEBUG  ]       → HTTP 200 | 4.8KB | enc:gzip | 0.42s
2026-03-26 10:55:56 BRT [DEBUG  ]   ✅  Klines ONDOUSDT 4H: 60 candles | 03/26 09:00 → 03/16 13:00
2026-03-26 10:55:56 BRT [DEBUG  ]   💾  Cache GRAVADO ONDOUSDT 4H: 60 candles
2026-03-26 10:55:56 BRT [DEBUG  ]   GET https://api.bitget.com/api/v2/mix/market/candles?productType=USDT-FUTURES&symbol...
2026-03-26 10:55:56 BRT [DEBUG  ]       → HTTP 200 | 4.9KB | enc:gzip | 0.42s
2026-03-26 10:55:56 BRT [DEBUG  ]   ✅  Klines ARBUSDT 4H: 60 candles | 03/26 09:00 → 03/16 13:00
2026-03-26 10:55:56 BRT [DEBUG  ]   💾  Cache GRAVADO ARBUSDT 4H: 60 candles
2026-03-26 10:55:56 BRT [DEBUG  ]   GET https://api.bitget.com/api/v2/mix/market/candles?productType=USDT-FUTURES&symbol...
2026-03-26 10:55:56 BRT [DEBUG  ]       → HTTP 200 | 6.6KB | enc:gzip | 0.42s
2026-03-26 10:55:56 BRT [DEBUG  ]   ✅  Klines PEPEUSDT 4H: 60 candles | 03/26 09:00 → 03/16 13:00
2026-03-26 10:55:56 BRT [DEBUG  ]   💾  Cache GRAVADO PEPEUSDT 4H: 60 candles
2026-03-26 10:55:56 BRT [DEBUG  ]   GET https://api.bitget.com/api/v2/mix/market/candles?productType=USDT-FUTURES&symbol...
2026-03-26 10:55:56 BRT [DEBUG  ]       → HTTP 200 | 4.6KB | enc:gzip | 0.43s
2026-03-26 10:55:56 BRT [DEBUG  ]   ✅  Klines CRVUSDT 1H: 60 candles | 03/26 10:00 → 03/23 23:00
2026-03-26 10:55:56 BRT [DEBUG  ]   💾  Cache GRAVADO CRVUSDT 1H: 60 candles
2026-03-26 10:55:56 BRT [DEBUG  ]   GET https://api.bitget.com/api/v2/mix/market/candles?productType=USDT-FUTURES&symbol...
2026-03-26 10:55:56 BRT [DEBUG  ]       → HTTP 200 | 4.6KB | enc:gzip | 0.43s
2026-03-26 10:55:56 BRT [DEBUG  ]   ✅  Klines XRPUSDT 15m: 60 candles | 03/26 10:45 → 03/25 20:00
2026-03-26 10:55:56 BRT [DEBUG  ]   GET https://api.bitget.com/api/v2/mix/market/candles?productType=USDT-FUTURES&symbol...
2026-03-26 10:55:56 BRT [DEBUG  ]       → HTTP 200 | 6.1KB | enc:gzip | 0.43s
2026-03-26 10:55:56 BRT [DEBUG  ]   ✅  Klines SHIBUSDT 1H: 60 candles | 03/26 10:00 → 03/23 23:00
2026-03-26 10:55:56 BRT [DEBUG  ]   💾  Cache GRAVADO SHIBUSDT 1H: 60 candles
2026-03-26 10:55:56 BRT [DEBUG  ]   GET https://api.bitget.com/api/v2/mix/market/candles?productType=USDT-FUTURES&symbol...
2026-03-26 10:55:56 BRT [DEBUG  ]       → HTTP 200 | 4.7KB | enc:gzip | 0.43s
2026-03-26 10:55:56 BRT [DEBUG  ]   ✅  Klines HYPEUSDT 15m: 60 candles | 03/26 10:45 → 03/25 20:00
2026-03-26 10:55:56 BRT [DEBUG  ]   GET https://api.bitget.com/api/v2/mix/market/candles?productType=USDT-FUTURES&symbol...
2026-03-26 10:55:56 BRT [DEBUG  ]       → HTTP 200 | 4.5KB | enc:gzip | 0.43s
2026-03-26 10:55:56 BRT [DEBUG  ]   ✅  Klines WLFIUSDT 1H: 60 candles | 03/26 10:00 → 03/23 23:00
2026-03-26 10:55:56 BRT [DEBUG  ]   💾  Cache GRAVADO WLFIUSDT 1H: 60 candles
2026-03-26 10:55:56 BRT [DEBUG  ]   GET https://api.bitget.com/api/v2/mix/market/candles?productType=USDT-FUTURES&symbol...
2026-03-26 10:55:56 BRT [DEBUG  ]       → HTTP 200 | 4.9KB | enc:gzip | 0.43s
2026-03-26 10:55:56 BRT [DEBUG  ]   ✅  Klines HYPEUSDT 4H: 60 candles | 03/26 09:00 → 03/16 13:00
2026-03-26 10:55:56 BRT [DEBUG  ]   💾  Cache GRAVADO HYPEUSDT 4H: 60 candles
2026-03-26 10:55:56 BRT [DEBUG  ]   GET https://api.bitget.com/api/v2/mix/market/candles?productType=USDT-FUTURES&symbol...
2026-03-26 10:55:56 BRT [DEBUG  ]       → HTTP 200 | 4.3KB | enc:gzip | 0.43s
2026-03-26 10:55:56 BRT [DEBUG  ]   ✅  Klines DOTUSDT 1H: 60 candles | 03/26 10:00 → 03/23 23:00
2026-03-26 10:55:56 BRT [DEBUG  ]   💾  Cache GRAVADO DOTUSDT 1H: 60 candles
2026-03-26 10:55:56 BRT [DEBUG  ]   GET https://api.bitget.com/api/v2/mix/market/candles?productType=USDT-FUTURES&symbol...
2026-03-26 10:55:56 BRT [DEBUG  ]       → HTTP 200 | 5.0KB | enc:gzip | 0.52s
2026-03-26 10:55:56 BRT [DEBUG  ]   ✅  Klines DOGEUSDT 1H: 60 candles | 03/26 10:00 → 03/23 23:00
2026-03-26 10:55:56 BRT [DEBUG  ]   💾  Cache GRAVADO DOGEUSDT 1H: 60 candles
2026-03-26 10:55:56 BRT [INFO   ]   ─ LONG XLM: 15m=60 | 1H=60 | 4H=60
2026-03-26 10:55:56 BRT [DEBUG  ]     find_swing_points: fallback window=3 aplicado (window=5 insuficiente: 5H/4L → 5H/4L)
2026-03-26 10:55:56 BRT [INFO   ]   SCORE XLM [LONG]: 7/25 | DQ=100% | klines: 15m=✅ 1H=✅ 4H=✅
2026-03-26 10:55:56 BRT [INFO   ]     Contexto 4H               +0/0 · BUY (contexto, não pontuado)
2026-03-26 10:55:56 BRT [INFO   ]     P4 Liquidez 4H            +1/3 █ OB 4H (0.1709-0.1749)
2026-03-26 10:55:56 BRT [INFO   ]     P5 Figuras 4H             +0/2 · Sem figuras claras no 4H
2026-03-26 10:55:56 BRT [INFO   ]     P6 CHOCH/BOS 4H           +1/3 █ Estrutura 4H saudável (Higher Lows)
2026-03-26 10:55:56 BRT [INFO   ]     P-1H Suporte 1H           +4/4 ████ Suporte 1H em 0.1746 (0.69% abaixo) | Order Block 1H (0.1751-0.1781)
2026-03-26 10:55:56 BRT [INFO   ]     P1 Bollinger 15m          +0/3 · BB neutro (133%)
2026-03-26 10:55:56 BRT [INFO   ]     P2 Candles 15m            +0/4 · Nenhum
2026-03-26 10:55:56 BRT [INFO   ]     P3 Funding Rate           +1/2 █ -0.0007% (leve negativo)
2026-03-26 10:55:56 BRT [INFO   ]     P7 Filtro Pump/Dump       +0/0 · OK (-1.3%)
2026-03-26 10:55:56 BRT [INFO   ]     P8 Volume 15m             +0/2 · Volume fraco (1.0x < 1.2x)
2026-03-26 10:55:56 BRT [INFO   ]     P9 OI Crescente           +0/2 · OI estável (-2.8% vs média, 8.2M)
2026-03-26 10:55:56 BRT [DEBUG  ]     TradeParams LONG: SL=0.67% | notional=$748 | alav_margem=21.4x → cap=2x → alav=2.0x | margem=$374.21 ⚠️MARGEM $374>35 | risco=$5.00 | ganho=$10.00
2026-03-26 10:55:56 BRT [INFO   ]   📈 LONG XLM: score=7/25 | entry=0.1758 | SL=0.67% | alav=2.0x ✅
2026-03-26 10:55:56 BRT [INFO   ]   ─ LONG HYPE: 15m=60 | 1H=60 | 4H=60
2026-03-26 10:55:56 BRT [DEBUG  ]     find_swing_points: fallback window=3 aplicado (window=5 insuficiente: 4H/5L → 4H/5L)
2026-03-26 10:55:56 BRT [INFO   ]   SCORE HYPE [LONG]: 7/25 | DQ=100% | klines: 15m=✅ 1H=✅ 4H=✅
2026-03-26 10:55:56 BRT [INFO   ]     Contexto 4H               +0/0 · BUY (contexto, não pontuado)
2026-03-26 10:55:56 BRT [INFO   ]     P4 Liquidez 4H            +1/3 █ OB 4H (39.4680-40.1250)
2026-03-26 10:55:56 BRT [INFO   ]     P5 Figuras 4H             +0/2 · Sem figuras claras no 4H
2026-03-26 10:55:56 BRT [INFO   ]     P6 CHOCH/BOS 4H           +1/3 █ Estrutura 4H saudável (Higher Lows)
2026-03-26 10:55:56 BRT [INFO   ]     P-1H Suporte 1H           +4/4 ████ Suporte 1H em 38.7160 (2.28% abaixo) | Order Block 1H (40.2290-40.9000)
2026-03-26 10:55:56 BRT [INFO   ]     P1 Bollinger 15m          +0/3 · BB neutro (110%)
2026-03-26 10:55:56 BRT [INFO   ]     P2 Candles 15m            +0/4 · Nenhum
2026-03-26 10:55:56 BRT [INFO   ]     P3 Funding Rate           +1/2 █ -0.0055% (leve negativo)
2026-03-26 10:55:56 BRT [INFO   ]     P7 Filtro Pump/Dump       +0/0 · OK (-3.3%)
2026-03-26 10:55:56 BRT [INFO   ]     P8 Volume 15m             +0/2 · Volume fraco (0.5x < 1.2x)
2026-03-26 10:55:56 BRT [INFO   ]     P9 OI Crescente           +0/2 · OI estável (-2.2% vs média, 51.0M)
2026-03-26 10:55:56 BRT [DEBUG  ]     TradeParams LONG: SL=0.76% | notional=$655 | alav_margem=18.7x → cap=2x → alav=2.0x | margem=$327.48 ⚠️MARGEM $327>35 | risco=$5.00 | ganho=$10.00
2026-03-26 10:55:56 BRT [INFO   ]   📈 LONG HYPE: score=7/25 | entry=39.6200 | SL=0.76% | alav=2.0x ✅
2026-03-26 10:55:56 BRT [INFO   ]   ─ LONG KAT: 15m=60 | 1H=60 | 4H=49
2026-03-26 10:55:56 BRT [DEBUG  ]     find_swing_points: fallback window=3 aplicado (window=5 insuficiente: 6H/6L → 6H/6L)
2026-03-26 10:55:56 BRT [DEBUG  ]   SCORE KAT [LONG]: 3/25 | DQ=100% (abaixo do radar)
2026-03-26 10:55:56 BRT [DEBUG  ]     TradeParams LONG: SL=6.04% | notional=$83 | alav_margem=2.4x → cap=2x → alav=2.0x | margem=$41.37 ⚠️MARGEM $41>35 | risco=$5.00 | ganho=$10.00
2026-03-26 10:55:56 BRT [INFO   ]   📈 LONG KAT: score=3/25 | entry=0.0141 | SL=6.04% | alav=2.0x ✅
2026-03-26 10:55:56 BRT [INFO   ]   ─ LONG ONDO: 15m=60 | 1H=60 | 4H=60
2026-03-26 10:55:56 BRT [INFO   ]   SCORE ONDO [LONG]: 5/25 | DQ=100% | klines: 15m=✅ 1H=✅ 4H=✅
2026-03-26 10:55:56 BRT [INFO   ]     Contexto 4H               +0/0 · BUY (contexto, não pontuado)
2026-03-26 10:55:56 BRT [INFO   ]     P4 Liquidez 4H            +1/3 █ OB 4H (0.2643-0.2647)
2026-03-26 10:55:56 BRT [INFO   ]     P5 Figuras 4H             +0/2 · Sem figuras claras no 4H
2026-03-26 10:55:56 BRT [INFO   ]     P6 CHOCH/BOS 4H           +0/3 · Sem estrutura bullish no 4H
2026-03-26 10:55:56 BRT [INFO   ]     P-1H Suporte 1H           +4/4 ████ Suporte 1H em 0.2566 (2.06% abaixo) | Order Block 1H (0.2543-0.2586)
2026-03-26 10:55:56 BRT [INFO   ]     P1 Bollinger 15m          +0/3 · BB neutro (116%)
2026-03-26 10:55:56 BRT [INFO   ]     P2 Candles 15m            +0/4 · Nenhum
2026-03-26 10:55:56 BRT [INFO   ]     P3 Funding Rate           +0/2 · 0.0050% (neutro)
2026-03-26 10:55:56 BRT [INFO   ]     P7 Filtro Pump/Dump       +0/0 · OK (0.4%)
2026-03-26 10:55:56 BRT [INFO   ]     P8 Volume 15m             +0/2 · Volume fraco (0.6x < 1.2x)
2026-03-26 10:55:56 BRT [INFO   ]     P9 OI Crescente           +0/2 · OI estável (-0.1% vs média, 5.3M)
2026-03-26 10:55:56 BRT [DEBUG  ]     TradeParams LONG: SL=1.01% | notional=$496 | alav_margem=14.2x → cap=2x → alav=2.0x | margem=$248.16 ⚠️MARGEM $248>35 | risco=$5.00 | ganho=$10.00
2026-03-26 10:55:56 BRT [INFO   ]   📈 LONG ONDO: score=5/25 | entry=0.2620 | SL=1.01% | alav=2.0x ✅
2026-03-26 10:55:56 BRT [INFO   ]   ─ LONG APT: 15m=60 | 1H=60 | 4H=60
2026-03-26 10:55:56 BRT [DEBUG  ]     find_swing_points: fallback window=3 aplicado (window=5 insuficiente: 5H/7L → 5H/7L)
2026-03-26 10:55:56 BRT [INFO   ]   SCORE APT [LONG]: 9/25 | DQ=100% | klines: 15m=✅ 1H=✅ 4H=✅
2026-03-26 10:55:56 BRT [INFO   ]     Contexto 4H               +0/0 · BUY (contexto, não pontuado)
2026-03-26 10:55:56 BRT [INFO   ]     P4 Liquidez 4H            +0/3 · Longe de zonas de liquidez 4H
2026-03-26 10:55:56 BRT [INFO   ]     P5 Figuras 4H             +2/2 ██ Triângulo Simétrico (compressão)
2026-03-26 10:55:56 BRT [INFO   ]     P6 CHOCH/BOS 4H           +3/3 ███ CHOCH Bullish 4H (reversão confirmada)
2026-03-26 10:55:56 BRT [INFO   ]     P-1H Suporte 1H           +4/4 ████ Suporte 1H em 1.0374 (1.53% abaixo) | Order Block 1H (1.0546-1.0607)
2026-03-26 10:55:56 BRT [INFO   ]     P1 Bollinger 15m          +0/3 · BB neutro (133%)
2026-03-26 10:55:56 BRT [INFO   ]     P2 Candles 15m            +0/4 · Nenhum
2026-03-26 10:55:56 BRT [INFO   ]     P3 Funding Rate           +0/2 · 0.0018% (neutro)
2026-03-26 10:55:56 BRT [INFO   ]     P7 Filtro Pump/Dump       +0/0 · OK (-1.3%)
2026-03-26 10:55:56 BRT [INFO   ]     P8 Volume 15m             +0/2 · Volume fraco (0.1x < 1.2x)
2026-03-26 10:55:56 BRT [INFO   ]     P9 OI Crescente           +0/2 · OI estável (-0.3% vs média, 8.7M)
2026-03-26 10:55:56 BRT [DEBUG  ]     TradeParams LONG: SL=0.90% | notional=$558 | alav_margem=15.9x → cap=2x → alav=2.0x | margem=$278.93 ⚠️MARGEM $279>35 | risco=$5.00 | ganho=$10.00
2026-03-26 10:55:56 BRT [INFO   ]   📈 LONG APT: score=9/25 | entry=1.0535 | SL=0.90% | alav=2.0x ✅
2026-03-26 10:55:56 BRT [INFO   ]   ─ SHORT OP: 15m=60 | 1H=60 | 4H=60
2026-03-26 10:55:56 BRT [DEBUG  ]     find_swing_points: fallback window=3 aplicado (window=5 insuficiente: 7H/6L → 7H/6L)
2026-03-26 10:55:56 BRT [DEBUG  ]     find_swing_points: fallback window=3 aplicado (window=5 insuficiente: 7H/6L → 7H/6L)
2026-03-26 10:55:56 BRT [DEBUG  ]     find_swing_points: fallback window=3 aplicado (window=5 insuficiente: 7H/6L → 7H/6L)
2026-03-26 10:55:56 BRT [INFO   ]   SCORE OP [SHORT]: 5/25 | DQ=100% | klines: 15m=✅ 1H=✅ 4H=✅
2026-03-26 10:55:56 BRT [INFO   ]     Contexto 4H               +0/0 · SELL (contexto SHORT, não pontuado)
2026-03-26 10:55:56 BRT [INFO   ]     P4 Liquidez 4H            +0/3 · Longe de resistências 4H
2026-03-26 10:55:56 BRT [INFO   ]     P5 Figuras 4H             +1/2 █ Cunha Ascendente (pullback bearish)
2026-03-26 10:55:56 BRT [INFO   ]     P6 CHOCH/BOS 4H           +0/3 · Sem estrutura bearish no 4H
2026-03-26 10:55:56 BRT [INFO   ]     P-1H Resistência 1H       +0/4 · Preço longe de resistências no 1H
2026-03-26 10:55:56 BRT [INFO   ]     P1 Bollinger 15m          +3/3 ███ BB extremo superior (110%)
2026-03-26 10:55:56 BRT [INFO   ]     P2 Candles 15m            +0/4 · Nenhum
2026-03-26 10:55:56 BRT [INFO   ]     P3 Funding Rate           +1/2 █ 0.0055% (leve positivo)
2026-03-26 10:55:56 BRT [INFO   ]     P7 Filtro Pump/Dump       +0/0 · OK (-3.7%)
2026-03-26 10:55:56 BRT [INFO   ]     P8 Volume 15m             +0/2 · Volume fraco (0.3x < 1.2x)
2026-03-26 10:55:56 BRT [INFO   ]     P9 OI Crescente           +0/2 · OI estável (+0.4% vs média, 5.5M)
2026-03-26 10:55:56 BRT [DEBUG  ]     TradeParams SHORT: SL=0.75% | notional=$671 | alav_margem=19.2x → cap=2x → alav=2.0x | margem=$335.56 ⚠️MARGEM $336>35 | risco=$5.00 | ganho=$10.00
2026-03-26 10:55:56 BRT [INFO   ]   📉 SHORT OP: score=5/25 | entry=0.1094 | SL=0.75% | alav=2.0x ✅
2026-03-26 10:55:56 BRT [INFO   ]   ─ SHORT ARB: 15m=60 | 1H=60 | 4H=60
2026-03-26 10:55:56 BRT [DEBUG  ]     find_swing_points: fallback window=3 aplicado (window=5 insuficiente: 8H/5L → 8H/5L)
2026-03-26 10:55:56 BRT [INFO   ]   SCORE ARB [SHORT]: 11/25 | DQ=100% | klines: 15m=✅ 1H=✅ 4H=✅
2026-03-26 10:55:56 BRT [INFO   ]     Contexto 4H               +0/0 · SELL (contexto SHORT, não pontuado)
2026-03-26 10:55:56 BRT [INFO   ]     P4 Liquidez 4H            +1/3 █ OB Bearish 4H (0.0923-0.0948)
2026-03-26 10:55:56 BRT [INFO   ]     P5 Figuras 4H             +1/2 █ Cunha Ascendente (pullback bearish)
2026-03-26 10:55:56 BRT [INFO   ]     P6 CHOCH/BOS 4H           +3/3 ███ CHOCH Bearish 4H (reversão confirmada)
2026-03-26 10:55:56 BRT [INFO   ]     P-1H Resistência 1H       +2/4 ██ OB Bearish 1H (0.0972-0.0977)
2026-03-26 10:55:56 BRT [INFO   ]     P1 Bollinger 15m          +3/3 ███ BB extremo superior (115%)
2026-03-26 10:55:56 BRT [INFO   ]     P2 Candles 15m            +0/4 · Nenhum
2026-03-26 10:55:56 BRT [INFO   ]     P3 Funding Rate           +1/2 █ 0.0100% (leve positivo)
2026-03-26 10:55:56 BRT [INFO   ]     P7 Filtro Pump/Dump       +0/0 · OK (-3.9%)
2026-03-26 10:55:56 BRT [INFO   ]     P8 Volume 15m             +0/2 · Volume fraco (0.0x < 1.2x)
2026-03-26 10:55:56 BRT [INFO   ]     P9 OI Crescente           +0/2 · OI estável (-7.8% vs média, 5.2M)
2026-03-26 10:55:56 BRT [DEBUG  ]     TradeParams SHORT: SL=0.65% | notional=$772 | alav_margem=22.0x → cap=2x → alav=2.0x | margem=$385.84 ⚠️MARGEM $386>35 | risco=$5.00 | ganho=$10.00
2026-03-26 10:55:56 BRT [INFO   ]   📉 SHORT ARB: score=11/25 | entry=0.0952 | SL=0.65% | alav=2.0x ✅
2026-03-26 10:55:56 BRT [INFO   ]   ─ SHORT DOT: 15m=60 | 1H=60 | 4H=60
2026-03-26 10:55:56 BRT [DEBUG  ]     find_swing_points: fallback window=3 aplicado (window=5 insuficiente: 5H/8L → 5H/8L)
2026-03-26 10:55:56 BRT [INFO   ]   SCORE DOT [SHORT]: 8/25 | DQ=100% | klines: 15m=✅ 1H=✅ 4H=✅
2026-03-26 10:55:56 BRT [INFO   ]     Contexto 4H               +0/0 · SELL (contexto SHORT, não pontuado)
2026-03-26 10:55:56 BRT [INFO   ]     P4 Liquidez 4H            +0/3 · Longe de resistências 4H
2026-03-26 10:55:56 BRT [INFO   ]     P5 Figuras 4H             +1/2 █ Cunha Ascendente (pullback bearish)
2026-03-26 10:55:56 BRT [INFO   ]     P6 CHOCH/BOS 4H           +3/3 ███ CHOCH Bearish 4H (reversão confirmada)
2026-03-26 10:55:56 BRT [INFO   ]     P-1H Resistência 1H       +0/4 · Preço longe de resistências no 1H
2026-03-26 10:55:56 BRT [INFO   ]     P1 Bollinger 15m          +3/3 ███ BB extremo superior (103%)
2026-03-26 10:55:56 BRT [INFO   ]     P2 Candles 15m            +0/4 · Nenhum
2026-03-26 10:55:56 BRT [INFO   ]     P3 Funding Rate           +1/2 █ 0.0048% (leve positivo)
2026-03-26 10:55:56 BRT [INFO   ]     P7 Filtro Pump/Dump       +0/0 · OK (-2.8%)
2026-03-26 10:55:56 BRT [INFO   ]     P8 Volume 15m             +0/2 · Volume fraco (0.4x < 1.2x)
2026-03-26 10:55:56 BRT [INFO   ]     P9 OI Crescente           +0/2 · OI estável (-2.8% vs média, 13.9M)
2026-03-26 10:55:56 BRT [DEBUG  ]     TradeParams SHORT: SL=0.69% | notional=$725 | alav_margem=20.7x → cap=2x → alav=2.0x | margem=$362.70 ⚠️MARGEM $363>35 | risco=$5.00 | ganho=$10.00
2026-03-26 10:55:56 BRT [INFO   ]   📉 SHORT DOT: score=8/25 | entry=1.3310 | SL=0.69% | alav=2.0x ✅
2026-03-26 10:55:56 BRT [INFO   ]   ─ SHORT NEAR: 15m=60 | 1H=60 | 4H=60
2026-03-26 10:55:56 BRT [DEBUG  ]     find_swing_points: fallback window=3 aplicado (window=5 insuficiente: 6H/5L → 6H/5L)
2026-03-26 10:55:56 BRT [INFO   ]   SCORE NEAR [SHORT]: 9/25 | DQ=100% | klines: 15m=✅ 1H=✅ 4H=✅
2026-03-26 10:55:56 BRT [INFO   ]     Contexto 4H               +0/0 · SELL (contexto SHORT, não pontuado)
2026-03-26 10:55:56 BRT [INFO   ]     P4 Liquidez 4H            +0/3 · Longe de resistências 4H
2026-03-26 10:55:56 BRT [INFO   ]     P5 Figuras 4H             +2/2 ██ Rising Wedge (reversão bearish)
2026-03-26 10:55:56 BRT [INFO   ]     P6 CHOCH/BOS 4H           +3/3 ███ CHOCH Bearish 4H (reversão confirmada)
2026-03-26 10:55:56 BRT [INFO   ]     P-1H Resistência 1H       +0/4 · Preço longe de resistências no 1H
2026-03-26 10:55:56 BRT [INFO   ]     P1 Bollinger 15m          +3/3 ███ BB extremo superior (123%)
2026-03-26 10:55:56 BRT [INFO   ]     P2 Candles 15m            +0/4 · Nenhum
2026-03-26 10:55:56 BRT [INFO   ]     P3 Funding Rate           +1/2 █ 0.0100% (leve positivo)
2026-03-26 10:55:56 BRT [INFO   ]     P7 Filtro Pump/Dump       +0/0 · OK (-4.5%)
2026-03-26 10:55:56 BRT [INFO   ]     P8 Volume 15m             +0/2 · Volume fraco (0.8x < 1.2x)
2026-03-26 10:55:56 BRT [INFO   ]     P9 OI Crescente           +0/2 · OI estável (-1.3% vs média, 13.1M)
2026-03-26 10:55:56 BRT [DEBUG  ]     TradeParams SHORT: SL=0.64% | notional=$783 | alav_margem=22.4x → cap=2x → alav=2.0x | margem=$391.65 ⚠️MARGEM $392>35 | risco=$5.00 | ganho=$10.00
2026-03-26 10:55:56 BRT [INFO   ]   📉 SHORT NEAR: score=9/25 | entry=1.2370 | SL=0.64% | alav=2.0x ✅
2026-03-26 10:55:56 BRT [INFO   ]   ─ SHORT BEAT: 15m=60 | 1H=60 | 4H=60
2026-03-26 10:55:56 BRT [DEBUG  ]     find_swing_points: fallback window=3 aplicado (window=5 insuficiente: 6H/4L → 6H/4L)
2026-03-26 10:55:56 BRT [DEBUG  ]     find_swing_points: fallback window=3 aplicado (window=5 insuficiente: 6H/4L → 6H/4L)
2026-03-26 10:55:56 BRT [DEBUG  ]     find_swing_points: fallback window=3 aplicado (window=5 insuficiente: 6H/4L → 6H/4L)
2026-03-26 10:55:56 BRT [INFO   ]   SCORE BEAT [SHORT]: 5/25 | DQ=100% | klines: 15m=✅ 1H=✅ 4H=✅
2026-03-26 10:55:56 BRT [INFO   ]     Contexto 4H               +0/0 · SELL (contexto SHORT, não pontuado)
2026-03-26 10:55:56 BRT [INFO   ]     P4 Liquidez 4H            +1/3 █ OB Bearish 4H (0.5846-0.5960)
2026-03-26 10:55:56 BRT [INFO   ]     P5 Figuras 4H             +0/2 · Sem figuras bearish claras no 4H
2026-03-26 10:55:56 BRT [INFO   ]     P6 CHOCH/BOS 4H           +1/3 █ Estrutura 4H bearish (Lower Highs)
2026-03-26 10:55:56 BRT [INFO   ]     P-1H Resistência 1H       +0/4 · Preço longe de resistências no 1H
2026-03-26 10:55:56 BRT [INFO   ]     P1 Bollinger 15m          +2/3 ██ BB superior (88%)
2026-03-26 10:55:56 BRT [INFO   ]     P2 Candles 15m            +0/4 · Nenhum
2026-03-26 10:55:56 BRT [INFO   ]     P3 Funding Rate           +1/2 █ 0.0343% (leve positivo)
2026-03-26 10:55:56 BRT [INFO   ]     P7 Filtro Pump/Dump       +0/0 · OK (-5.2%)
2026-03-26 10:55:56 BRT [INFO   ]     P8 Volume 15m             +0/2 · Volume fraco (0.2x < 1.2x)
2026-03-26 10:55:56 BRT [INFO   ]     P9 OI Crescente           +0/2 · OI estável (+4.4% vs média, 10.5M)
2026-03-26 10:55:56 BRT [DEBUG  ]     TradeParams SHORT: SL=5.21% | notional=$96 | alav_margem=2.7x → cap=2x → alav=2.0x | margem=$47.98 ⚠️MARGEM $48>35 | risco=$5.00 | ganho=$10.00
2026-03-26 10:55:56 BRT [INFO   ]   📉 SHORT BEAT: score=5/25 | entry=0.5983 | SL=5.21% | alav=2.0x ✅
2026-03-26 10:55:56 BRT [INFO   ]   ─ SHORT WLFI: 15m=60 | 1H=60 | 4H=60
2026-03-26 10:55:56 BRT [DEBUG  ]     find_swing_points: fallback window=3 aplicado (window=5 insuficiente: 4H/5L → 4H/5L)
2026-03-26 10:55:56 BRT [DEBUG  ]     find_swing_points: fallback window=3 aplicado (window=5 insuficiente: 4H/5L → 4H/5L)
2026-03-26 10:55:56 BRT [DEBUG  ]     find_swing_points: fallback window=3 aplicado (window=5 insuficiente: 4H/5L → 4H/5L)
2026-03-26 10:55:56 BRT [INFO   ]   SCORE WLFI [SHORT]: 6/25 | DQ=100% | klines: 15m=✅ 1H=✅ 4H=✅
2026-03-26 10:55:56 BRT [INFO   ]     Contexto 4H               +0/0 · SELL (contexto SHORT, não pontuado)
2026-03-26 10:55:56 BRT [INFO   ]     P4 Liquidez 4H            +3/3 ███ Resistência 4H 0.0990 (0.23% acima) | OB Bearish 4H (0.0959-0.0989) | Confluência Res+OB Bearish
2026-03-26 10:55:56 BRT [INFO   ]     P5 Figuras 4H             +0/2 · Sem figuras bearish claras no 4H
2026-03-26 10:55:56 BRT [INFO   ]     P6 CHOCH/BOS 4H           +0/3 · Sem estrutura bearish no 4H
2026-03-26 10:55:56 BRT [INFO   ]     P-1H Resistência 1H       +0/4 · Preço longe de resistências no 1H
2026-03-26 10:55:56 BRT [INFO   ]     P1 Bollinger 15m          +2/3 ██ BB superior (86%)
2026-03-26 10:55:56 BRT [INFO   ]     P2 Candles 15m            +0/4 · Nenhum
2026-03-26 10:55:56 BRT [INFO   ]     P3 Funding Rate           +1/2 █ 0.0029% (leve positivo)
2026-03-26 10:55:56 BRT [INFO   ]     P7 Filtro Pump/Dump       +0/0 · OK (-2.8%)
2026-03-26 10:55:56 BRT [INFO   ]     P8 Volume 15m             +0/2 · Volume fraco (0.3x < 1.2x)
2026-03-26 10:55:56 BRT [INFO   ]     P9 OI Crescente           +0/2 · OI estável (-2.8% vs média, 12.9M)
2026-03-26 10:55:56 BRT [DEBUG  ]     TradeParams SHORT: SL=0.65% | notional=$766 | alav_margem=21.9x → cap=2x → alav=2.0x | margem=$383.08 ⚠️MARGEM $383>35 | risco=$5.00 | ganho=$10.00
2026-03-26 10:55:56 BRT [INFO   ]   📉 SHORT WLFI: score=6/25 | entry=0.0988 | SL=0.65% | alav=2.0x ✅
2026-03-26 10:55:56 BRT [INFO   ]   ─ SHORT XRP: 15m=60 | 1H=60 | 4H=60
2026-03-26 10:55:56 BRT [INFO   ]   SCORE XRP [SHORT]: 9/25 | DQ=100% | klines: 15m=✅ 1H=✅ 4H=✅
2026-03-26 10:55:56 BRT [INFO   ]     Contexto 4H               +0/0 · SELL (contexto SHORT, não pontuado)
2026-03-26 10:55:56 BRT [INFO   ]     P4 Liquidez 4H            +1/3 █ OB Bearish 4H (1.3719-1.4105)
2026-03-26 10:55:56 BRT [INFO   ]     P5 Figuras 4H             +0/2 · Sem figuras bearish claras no 4H
2026-03-26 10:55:56 BRT [INFO   ]     P6 CHOCH/BOS 4H           +3/3 ███ CHOCH Bearish 4H (reversão confirmada)
2026-03-26 10:55:56 BRT [INFO   ]     P-1H Resistência 1H       +2/4 ██ OB Bearish 1H (1.3870-1.4090)
2026-03-26 10:55:56 BRT [INFO   ]     P1 Bollinger 15m          +3/3 ███ BB extremo superior (101%)
2026-03-26 10:55:56 BRT [INFO   ]     P2 Candles 15m            +0/4 · Nenhum
2026-03-26 10:55:56 BRT [INFO   ]     P3 Funding Rate           +0/2 · -0.0130% (neutro)
2026-03-26 10:55:56 BRT [INFO   ]     P7 Filtro Pump/Dump       +0/0 · OK (-2.8%)
2026-03-26 10:55:56 BRT [INFO   ]     P8 Volume 15m             +0/2 · Volume fraco (0.8x < 1.2x)
2026-03-26 10:55:56 BRT [INFO   ]     P9 OI Crescente           +0/2 · OI estável (+2.7% vs média, 84.3M)
2026-03-26 10:55:56 BRT [DEBUG  ]     TradeParams SHORT: SL=0.45% | notional=$1102 | alav_margem=31.5x → cap=2x → alav=2.0x | margem=$551.07 ⚠️MARGEM $551>35 | risco=$5.00 | ganho=$10.00
2026-03-26 10:55:56 BRT [INFO   ]   📉 SHORT XRP: score=9/25 | entry=1.3800 | SL=0.45% | alav=2.0x ✅
2026-03-26 10:55:56 BRT [INFO   ]   ─ SHORT CRV: 15m=60 | 1H=60 | 4H=60
2026-03-26 10:55:56 BRT [DEBUG  ]     find_swing_points: fallback window=3 aplicado (window=5 insuficiente: 4H/4L → 4H/4L)
2026-03-26 10:55:56 BRT [INFO   ]   SCORE CRV [SHORT]: 11/25 | DQ=100% | klines: 15m=✅ 1H=✅ 4H=✅
2026-03-26 10:55:56 BRT [INFO   ]     Contexto 4H               +0/0 · SELL (contexto SHORT, não pontuado)
2026-03-26 10:55:56 BRT [INFO   ]     P4 Liquidez 4H            +1/3 █ OB Bearish 4H (0.2150-0.2212)
2026-03-26 10:55:56 BRT [INFO   ]     P5 Figuras 4H             +0/2 · Sem figuras bearish claras no 4H
2026-03-26 10:55:56 BRT [INFO   ]     P6 CHOCH/BOS 4H           +3/3 ███ CHOCH Bearish 4H (reversão confirmada)
2026-03-26 10:55:56 BRT [INFO   ]     P-1H Resistência 1H       +4/4 ████ Resistência 1H em 0.2274 (1.70% acima) | OB Bearish 1H (0.2202-0.2243)
2026-03-26 10:55:56 BRT [INFO   ]     P1 Bollinger 15m          +2/3 ██ BB superior (87%)
2026-03-26 10:55:56 BRT [INFO   ]     P2 Candles 15m            +0/4 · Nenhum
2026-03-26 10:55:56 BRT [INFO   ]     P3 Funding Rate           +1/2 █ 0.0052% (leve positivo)
2026-03-26 10:55:56 BRT [INFO   ]     P7 Filtro Pump/Dump       +0/0 · OK (-4.9%)
2026-03-26 10:55:56 BRT [INFO   ]     P8 Volume 15m             +0/2 · Volume fraco (0.4x < 1.2x)
2026-03-26 10:55:56 BRT [INFO   ]     P9 OI Crescente           +0/2 · OI estável (-2.5% vs média, 5.7M)
2026-03-26 10:55:56 BRT [DEBUG  ]     TradeParams SHORT: SL=0.71% | notional=$709 | alav_margem=20.3x → cap=2x → alav=2.0x | margem=$354.54 ⚠️MARGEM $355>35 | risco=$5.00 | ganho=$10.00
2026-03-26 10:55:56 BRT [INFO   ]   📉 SHORT CRV: score=11/25 | entry=0.2236 | SL=0.71% | alav=2.0x ✅
2026-03-26 10:55:56 BRT [INFO   ]   ─ SHORT HBAR: 15m=60 | 1H=60 | 4H=60
2026-03-26 10:55:56 BRT [DEBUG  ]     find_swing_points: fallback window=3 aplicado (window=5 insuficiente: 4H/5L → 4H/5L)
2026-03-26 10:55:56 BRT [INFO   ]   SCORE HBAR [SHORT]: 9/25 | DQ=100% | klines: 15m=✅ 1H=✅ 4H=✅
2026-03-26 10:55:56 BRT [INFO   ]     Contexto 4H               +0/0 · SELL (contexto SHORT, não pontuado)
2026-03-26 10:55:56 BRT [INFO   ]     P4 Liquidez 4H            +3/3 ███ Resistência 4H 0.0937 (1.78% acima) | OB Bearish 4H (0.0928-0.0939) | Confluência Res+OB Bearish
2026-03-26 10:55:56 BRT [INFO   ]     P5 Figuras 4H             +1/2 █ Cunha Ascendente (pullback bearish)
2026-03-26 10:55:56 BRT [INFO   ]     P6 CHOCH/BOS 4H           +0/3 · Sem estrutura bearish no 4H
2026-03-26 10:55:56 BRT [INFO   ]     P-1H Resistência 1H       +2/4 ██ OB Bearish 1H (0.0926-0.0941)
2026-03-26 10:55:56 BRT [INFO   ]     P1 Bollinger 15m          +3/3 ███ BB extremo superior (111%)
2026-03-26 10:55:56 BRT [INFO   ]     P2 Candles 15m            +0/4 · Nenhum
2026-03-26 10:55:56 BRT [INFO   ]     P3 Funding Rate           +0/2 · -0.0291% (neutro)
2026-03-26 10:55:56 BRT [INFO   ]     P7 Filtro Pump/Dump       +0/0 · OK (-3.3%)
2026-03-26 10:55:56 BRT [INFO   ]     P8 Volume 15m             +0/2 · Volume fraco (0.2x < 1.2x)
2026-03-26 10:55:56 BRT [INFO   ]     P9 OI Crescente           +0/2 · OI estável (+0.7% vs média, 6.9M)
2026-03-26 10:55:56 BRT [DEBUG  ]     TradeParams SHORT: SL=0.48% | notional=$1036 | alav_margem=29.6x → cap=2x → alav=2.0x | margem=$517.93 ⚠️MARGEM $518>35 | risco=$5.00 | ganho=$10.00
2026-03-26 10:55:56 BRT [INFO   ]   📉 SHORT HBAR: score=9/25 | entry=0.0920 | SL=0.48% | alav=2.0x ✅
2026-03-26 10:55:56 BRT [INFO   ]   ─ SHORT TRUMP: 15m=60 | 1H=60 | 4H=60
2026-03-26 10:55:56 BRT [DEBUG  ]     find_swing_points: fallback window=3 aplicado (window=5 insuficiente: 6H/6L → 6H/6L)
2026-03-26 10:55:56 BRT [DEBUG  ]   SCORE TRUMP [SHORT]: 4/25 | DQ=100% (abaixo do radar)
2026-03-26 10:55:56 BRT [DEBUG  ]     TradeParams SHORT: SL=0.71% | notional=$708 | alav_margem=20.2x → cap=2x → alav=2.0x | margem=$354.06 ⚠️MARGEM $354>35 | risco=$5.00 | ganho=$10.00
2026-03-26 10:55:56 BRT [INFO   ]   📉 SHORT TRUMP: score=4/25 | entry=3.1500 | SL=0.71% | alav=2.0x ✅
2026-03-26 10:55:56 BRT [INFO   ]   ─ SHORT ZRO: 15m=60 | 1H=60 | 4H=60
2026-03-26 10:55:56 BRT [DEBUG  ]     find_swing_points: fallback window=3 aplicado (window=5 insuficiente: 5H/4L → 5H/4L)
2026-03-26 10:55:56 BRT [DEBUG  ]     find_swing_points: fallback window=3 aplicado (window=5 insuficiente: 5H/4L → 5H/4L)
2026-03-26 10:55:56 BRT [DEBUG  ]     find_swing_points: fallback window=3 aplicado (window=5 insuficiente: 5H/4L → 5H/4L)
2026-03-26 10:55:56 BRT [DEBUG  ]     find_swing_points: fallback window=3 aplicado (window=5 insuficiente: 5H/4L → 5H/4L)
2026-03-26 10:55:56 BRT [INFO   ]   SCORE ZRO [SHORT]: 12/25 | DQ=100% | klines: 15m=✅ 1H=✅ 4H=✅
2026-03-26 10:55:56 BRT [INFO   ]     Contexto 4H               +0/0 · SELL (contexto SHORT, não pontuado)
2026-03-26 10:55:56 BRT [INFO   ]     P4 Liquidez 4H            +3/3 ███ Resistência 4H 2.0938 (0.52% acima) | OB Bearish 4H (2.0337-2.0821) | Confluência Res+OB Bearish
2026-03-26 10:55:56 BRT [INFO   ]     P5 Figuras 4H             +0/2 · Sem figuras bearish claras no 4H
2026-03-26 10:55:56 BRT [INFO   ]     P6 CHOCH/BOS 4H           +3/3 ███ CHOCH Bearish 4H (reversão confirmada)
2026-03-26 10:55:56 BRT [INFO   ]     P-1H Resistência 1H       +2/4 ██ OB Bearish 1H (2.0501-2.0655)
2026-03-26 10:55:56 BRT [INFO   ]     P1 Bollinger 15m          +2/3 ██ BB superior (89%)
2026-03-26 10:55:56 BRT [INFO   ]     P2 Candles 15m            +2/4 ██ Padrões: Shooting Star
2026-03-26 10:55:56 BRT [INFO   ]     P3 Funding Rate           -1/2 ▒ -0.0548% (shorts dominando — desfavorável para short)
2026-03-26 10:55:56 BRT [INFO   ]     P7 Filtro Pump/Dump       +0/0 · OK (-5.4%)
2026-03-26 10:55:56 BRT [INFO   ]     P8 Volume 15m             +1/2 █ Volume adequado (1.5x média)
2026-03-26 10:55:56 BRT [INFO   ]     P9 OI Crescente           +0/2 · OI estável (-2.5% vs média, 6.0M)
2026-03-26 10:55:56 BRT [DEBUG  ]     TradeParams SHORT: SL=1.12% | notional=$446 | alav_margem=12.7x → cap=2x → alav=2.0x | margem=$222.96 ⚠️MARGEM $223>35 | risco=$5.00 | ganho=$10.00
2026-03-26 10:55:56 BRT [INFO   ]   📉 SHORT ZRO: score=12/25 | entry=2.0830 | SL=1.12% | alav=2.0x ✅
2026-03-26 10:55:56 BRT [INFO   ]   ─ SHORT PEPE: 15m=60 | 1H=60 | 4H=60
2026-03-26 10:55:56 BRT [DEBUG  ]     find_swing_points: fallback window=3 aplicado (window=5 insuficiente: 5H/6L → 5H/6L)
2026-03-26 10:55:56 BRT [DEBUG  ]     find_swing_points: fallback window=3 aplicado (window=5 insuficiente: 5H/6L → 5H/6L)
2026-03-26 10:55:56 BRT [DEBUG  ]     find_swing_points: fallback window=3 aplicado (window=5 insuficiente: 5H/6L → 5H/6L)
2026-03-26 10:55:56 BRT [DEBUG  ]     find_swing_points: fallback window=3 aplicado (window=5 insuficiente: 6H/6L → 6H/6L)
2026-03-26 10:55:56 BRT [INFO   ]   SCORE PEPE [SHORT]: 10/25 | DQ=100% | klines: 15m=✅ 1H=✅ 4H=✅
2026-03-26 10:55:56 BRT [INFO   ]     Contexto 4H               +0/0 · SELL (contexto SHORT, não pontuado)
2026-03-26 10:55:56 BRT [INFO   ]     P4 Liquidez 4H            +3/3 ███ Resistência 4H 0.00000348 (1.60% acima) | OB Bearish 4H (0.0000-0.0000) | Confluência Res+OB Bearish
2026-03-26 10:55:56 BRT [INFO   ]     P5 Figuras 4H             +1/2 █ Cunha Ascendente (pullback bearish)
2026-03-26 10:55:56 BRT [INFO   ]     P6 CHOCH/BOS 4H           +0/3 · Sem estrutura bearish no 4H
2026-03-26 10:55:56 BRT [INFO   ]     P-1H Resistência 1H       +4/4 ████ Resistência 1H em 0.00000349 (1.88% acima) | OB Bearish 1H (0.0000-0.0000)
2026-03-26 10:55:56 BRT [INFO   ]     P1 Bollinger 15m          +2/3 ██ BB superior (91%)
2026-03-26 10:55:56 BRT [INFO   ]     P2 Candles 15m            +0/4 · Nenhum
2026-03-26 10:55:56 BRT [INFO   ]     P3 Funding Rate           +0/2 · -0.0091% (neutro)
2026-03-26 10:55:56 BRT [INFO   ]     P7 Filtro Pump/Dump       +0/0 · OK (-3.9%)
2026-03-26 10:55:56 BRT [INFO   ]     P8 Volume 15m             +0/2 · Volume fraco (0.4x < 1.2x)
2026-03-26 10:55:56 BRT [INFO   ]     P9 OI Crescente           +0/2 · OI estável (-4.6% vs média, 30.1M)
2026-03-26 10:55:56 BRT [DEBUG  ]     TradeParams SHORT: SL=0.59% | notional=$852 | alav_margem=24.3x → cap=2x → alav=2.0x | margem=$425.77 ⚠️MARGEM $426>35 | risco=$5.00 | ganho=$10.00
2026-03-26 10:55:56 BRT [INFO   ]   📉 SHORT PEPE: score=10/25 | entry=0.0000 | SL=0.59% | alav=2.0x ✅
2026-03-26 10:55:56 BRT [INFO   ]   ─ SHORT SUI: 15m=60 | 1H=60 | 4H=60
2026-03-26 10:55:56 BRT [INFO   ]   SCORE SUI [SHORT]: 9/25 | DQ=100% | klines: 15m=✅ 1H=✅ 4H=✅
2026-03-26 10:55:56 BRT [INFO   ]     Contexto 4H               +0/0 · SELL (contexto SHORT, não pontuado)
2026-03-26 10:55:56 BRT [INFO   ]     P4 Liquidez 4H            +1/3 █ OB Bearish 4H (0.8991-0.9402)
2026-03-26 10:55:56 BRT [INFO   ]     P5 Figuras 4H             +1/2 █ Cunha Ascendente (pullback bearish)
2026-03-26 10:55:56 BRT [INFO   ]     P6 CHOCH/BOS 4H           +3/3 ███ CHOCH Bearish 4H (reversão confirmada)
2026-03-26 10:55:56 BRT [INFO   ]     P-1H Resistência 1H       +2/4 ██ OB Bearish 1H (0.9446-0.9572)
2026-03-26 10:55:56 BRT [INFO   ]     P1 Bollinger 15m          +2/3 ██ BB superior (89%)
2026-03-26 10:55:56 BRT [INFO   ]     P2 Candles 15m            +0/4 · Nenhum
2026-03-26 10:55:56 BRT [INFO   ]     P3 Funding Rate           +0/2 · -0.0032% (neutro)
2026-03-26 10:55:56 BRT [INFO   ]     P7 Filtro Pump/Dump       +0/0 · OK (-3.7%)
2026-03-26 10:55:56 BRT [INFO   ]     P8 Volume 15m             +0/2 · Volume fraco (1.0x < 1.2x)
2026-03-26 10:55:56 BRT [INFO   ]     P9 OI Crescente           +0/2 · OI estável (-5.0% vs média, 23.7M)
2026-03-26 10:55:56 BRT [DEBUG  ]     TradeParams SHORT: SL=0.60% | notional=$835 | alav_margem=23.9x → cap=2x → alav=2.0x | margem=$417.74 ⚠️MARGEM $418>35 | risco=$5.00 | ganho=$10.00
2026-03-26 10:55:56 BRT [INFO   ]   📉 SHORT SUI: score=9/25 | entry=0.9336 | SL=0.60% | alav=2.0x ✅
2026-03-26 10:55:56 BRT [INFO   ]   ─ SHORT SHIB: 15m=60 | 1H=60 | 4H=60
2026-03-26 10:55:56 BRT [DEBUG  ]     find_swing_points: fallback window=3 aplicado (window=5 insuficiente: 4H/5L → 4H/5L)
2026-03-26 10:55:56 BRT [DEBUG  ]     find_swing_points: fallback window=3 aplicado (window=5 insuficiente: 4H/5L → 4H/5L)
2026-03-26 10:55:56 BRT [DEBUG  ]     find_swing_points: fallback window=3 aplicado (window=5 insuficiente: 4H/5L → 4H/5L)
2026-03-26 10:55:56 BRT [DEBUG  ]   SCORE SHIB [SHORT]: 3/25 | DQ=100% (abaixo do radar)
2026-03-26 10:55:56 BRT [DEBUG  ]     TradeParams SHORT: SL=0.53% | notional=$947 | alav_margem=27.1x → cap=2x → alav=2.0x | margem=$473.70 ⚠️MARGEM $474>35 | risco=$5.00 | ganho=$10.00
2026-03-26 10:55:56 BRT [INFO   ]   📉 SHORT SHIB: score=3/25 | entry=0.0000 | SL=0.53% | alav=2.0x ✅
2026-03-26 10:55:56 BRT [INFO   ]   ─ SHORT DOGE: 15m=60 | 1H=60 | 4H=60
2026-03-26 10:55:56 BRT [DEBUG  ]   SCORE DOGE [SHORT]: 4/25 | DQ=100% (abaixo do radar)
2026-03-26 10:55:56 BRT [DEBUG  ]     TradeParams SHORT: SL=0.54% | notional=$927 | alav_margem=26.5x → cap=2x → alav=2.0x | margem=$463.29 ⚠️MARGEM $463>35 | risco=$5.00 | ganho=$10.00
2026-03-26 10:55:56 BRT [INFO   ]   📉 SHORT DOGE: score=4/25 | entry=0.0918 | SL=0.54% | alav=2.0x ✅
2026-03-26 10:55:56 BRT [INFO   ]   ─ SHORT XPL: 15m=60 | 1H=60 | 4H=60
2026-03-26 10:55:56 BRT [INFO   ]   SCORE XPL [SHORT]: 7/25 | DQ=100% | klines: 15m=✅ 1H=✅ 4H=✅
2026-03-26 10:55:56 BRT [INFO   ]     Contexto 4H               +0/0 · STRONG_SELL (contexto SHORT, não pontuado)
2026-03-26 10:55:56 BRT [INFO   ]     P4 Liquidez 4H            +1/3 █ OB Bearish 4H (0.0951-0.0953)
2026-03-26 10:55:56 BRT [INFO   ]     P5 Figuras 4H             +0/2 · Sem figuras bearish claras no 4H
2026-03-26 10:55:56 BRT [INFO   ]     P6 CHOCH/BOS 4H           +3/3 ███ CHOCH Bearish 4H (reversão confirmada)
2026-03-26 10:55:56 BRT [INFO   ]     P-1H Resistência 1H       +2/4 ██ OB Bearish 1H (0.0956-0.0969)
2026-03-26 10:55:56 BRT [INFO   ]     P1 Bollinger 15m          +0/3 · BB neutro (40%)
2026-03-26 10:55:56 BRT [INFO   ]     P2 Candles 15m            +0/4 · Nenhum
2026-03-26 10:55:56 BRT [INFO   ]     P3 Funding Rate           +1/2 █ 0.0009% (leve positivo)
2026-03-26 10:55:56 BRT [INFO   ]     P7 Filtro Pump/Dump       +0/0 · OK (-7.4%)
2026-03-26 10:55:56 BRT [INFO   ]     P8 Volume 15m             +0/2 · Volume fraco (0.1x < 1.2x)
2026-03-26 10:55:56 BRT [INFO   ]     P9 OI Crescente           +0/2 · OI estável (-5.9% vs média, 6.7M)
2026-03-26 10:55:56 BRT [DEBUG  ]     TradeParams SHORT: SL=1.12% | notional=$446 | alav_margem=12.8x → cap=2x → alav=2.0x | margem=$223.23 ⚠️MARGEM $223>35 | risco=$5.00 | ganho=$10.00
2026-03-26 10:55:56 BRT [INFO   ]   📉 SHORT XPL: score=7/25 | entry=0.0940 | SL=1.12% | alav=2.0x ✅
2026-03-26 10:55:56 BRT [INFO   ]   ─ SHORT ADA: 15m=60 | 1H=60 | 4H=60
2026-03-26 10:55:56 BRT [DEBUG  ]     find_swing_points: fallback window=3 aplicado (window=5 insuficiente: 4H/5L → 4H/5L)
2026-03-26 10:55:56 BRT [INFO   ]   SCORE ADA [SHORT]: 7/25 | DQ=100% | klines: 15m=✅ 1H=✅ 4H=✅
2026-03-26 10:55:56 BRT [INFO   ]     Contexto 4H               +0/0 · SELL (contexto SHORT, não pontuado)
2026-03-26 10:55:56 BRT [INFO   ]     P4 Liquidez 4H            +1/3 █ OB Bearish 4H (0.2499-0.2586)
2026-03-26 10:55:56 BRT [INFO   ]     P5 Figuras 4H             +0/2 · Sem figuras bearish claras no 4H
2026-03-26 10:55:56 BRT [INFO   ]     P6 CHOCH/BOS 4H           +3/3 ███ CHOCH Bearish 4H (reversão confirmada)
2026-03-26 10:55:56 BRT [INFO   ]     P-1H Resistência 1H       +2/4 ██ OB Bearish 1H (0.2611-0.2656)
2026-03-26 10:55:56 BRT [INFO   ]     P1 Bollinger 15m          +1/3 █ BB alta (76%)
2026-03-26 10:55:56 BRT [INFO   ]     P2 Candles 15m            +0/4 · Nenhum
2026-03-26 10:55:56 BRT [INFO   ]     P3 Funding Rate           +0/2 · -0.0133% (neutro)
2026-03-26 10:55:56 BRT [INFO   ]     P7 Filtro Pump/Dump       +0/0 · OK (-5.2%)
2026-03-26 10:55:56 BRT [INFO   ]     P8 Volume 15m             +0/2 · Volume fraco (0.4x < 1.2x)
2026-03-26 10:55:56 BRT [INFO   ]     P9 OI Crescente           +0/2 · OI estável (-6.9% vs média, 28.3M)
2026-03-26 10:55:56 BRT [DEBUG  ]     TradeParams SHORT: SL=0.60% | notional=$839 | alav_margem=24.0x → cap=2x → alav=2.0x | margem=$419.26 ⚠️MARGEM $419>35 | risco=$5.00 | ganho=$10.00
2026-03-26 10:55:56 BRT [INFO   ]   📉 SHORT ADA: score=7/25 | entry=0.2589 | SL=0.60% | alav=2.0x ✅
2026-03-26 10:55:56 BRT [INFO   ]   ─ SHORT WLD: 15m=60 | 1H=60 | 4H=60
2026-03-26 10:55:56 BRT [DEBUG  ]     find_swing_points: fallback window=3 aplicado (window=5 insuficiente: 5H/7L → 5H/7L)
2026-03-26 10:55:56 BRT [DEBUG  ]     find_swing_points: fallback window=3 aplicado (window=5 insuficiente: 5H/7L → 5H/7L)
2026-03-26 10:55:56 BRT [DEBUG  ]     find_swing_points: fallback window=3 aplicado (window=5 insuficiente: 5H/7L → 5H/7L)
2026-03-26 10:55:56 BRT [INFO   ]   SCORE WLD [SHORT]: 6/25 | DQ=100% | klines: 15m=✅ 1H=✅ 4H=✅
2026-03-26 10:55:56 BRT [INFO   ]     Contexto 4H               +0/0 · SELL (contexto SHORT, não pontuado)
2026-03-26 10:55:56 BRT [INFO   ]     P4 Liquidez 4H            +1/3 █ OB Bearish 4H (0.3075-0.3118)
2026-03-26 10:55:56 BRT [INFO   ]     P5 Figuras 4H             +1/2 █ Cunha Ascendente (pullback bearish)
2026-03-26 10:55:56 BRT [INFO   ]     P6 CHOCH/BOS 4H           +3/3 ███ CHOCH Bearish 4H (reversão confirmada)
2026-03-26 10:55:56 BRT [INFO   ]     P-1H Resistência 1H       +0/4 · Preço longe de resistências no 1H
2026-03-26 10:55:56 BRT [INFO   ]     P1 Bollinger 15m          +1/3 █ BB alta (80%)
2026-03-26 10:55:56 BRT [INFO   ]     P2 Candles 15m            +0/4 · Nenhum
2026-03-26 10:55:56 BRT [INFO   ]     P3 Funding Rate           +0/2 · -0.0115% (neutro)
2026-03-26 10:55:56 BRT [INFO   ]     P7 Filtro Pump/Dump       +0/0 · OK (-4.8%)
2026-03-26 10:55:56 BRT [INFO   ]     P8 Volume 15m             +0/2 · Volume fraco (0.1x < 1.2x)
2026-03-26 10:55:56 BRT [INFO   ]     P9 OI Crescente           +0/2 · OI estável (-1.5% vs média, 17.3M)
2026-03-26 10:55:56 BRT [DEBUG  ]     TradeParams SHORT: SL=0.78% | notional=$640 | alav_margem=18.3x → cap=2x → alav=2.0x | margem=$319.81 ⚠️MARGEM $320>35 | risco=$5.00 | ganho=$10.00
2026-03-26 10:55:56 BRT [INFO   ]   📉 SHORT WLD: score=6/25 | entry=0.3062 | SL=0.78% | alav=2.0x ✅
2026-03-26 10:55:56 BRT [INFO   ]   ─ SHORT POL: 15m=60 | 1H=60 | 4H=60
2026-03-26 10:55:56 BRT [DEBUG  ]     find_swing_points: fallback window=3 aplicado (window=5 insuficiente: 5H/5L → 5H/5L)
2026-03-26 10:55:56 BRT [INFO   ]   SCORE POL [SHORT]: 6/25 | DQ=100% | klines: 15m=✅ 1H=✅ 4H=✅
2026-03-26 10:55:56 BRT [INFO   ]     Contexto 4H               +0/0 · SELL (contexto SHORT, não pontuado)
2026-03-26 10:55:56 BRT [INFO   ]     P4 Liquidez 4H            +3/3 ███ Resistência 4H 0.0972 (2.38% acima) | OB Bearish 4H (0.0954-0.0978) | Confluência Res+OB Bearish
2026-03-26 10:55:56 BRT [INFO   ]     P5 Figuras 4H             +0/2 · Sem figuras bearish claras no 4H
2026-03-26 10:55:56 BRT [INFO   ]     P6 CHOCH/BOS 4H           +0/3 · Sem estrutura bearish no 4H
2026-03-26 10:55:56 BRT [INFO   ]     P-1H Resistência 1H       +2/4 ██ Resistência 1H em 0.0969 (2.09% acima)
2026-03-26 10:55:56 BRT [INFO   ]     P1 Bollinger 15m          +0/3 · BB neutro (58%)
2026-03-26 10:55:56 BRT [INFO   ]     P2 Candles 15m            +0/4 · Nenhum
2026-03-26 10:55:56 BRT [INFO   ]     P3 Funding Rate           +1/2 █ 0.0050% (leve positivo)
2026-03-26 10:55:56 BRT [INFO   ]     P7 Filtro Pump/Dump       +0/0 · OK (-1.8%)
2026-03-26 10:55:56 BRT [INFO   ]     P8 Volume 15m             +0/2 · Volume fraco (0.4x < 1.2x)
2026-03-26 10:55:56 BRT [INFO   ]     P9 OI Crescente           +0/2 · OI estável (-0.9% vs média, 5.8M)
2026-03-26 10:55:56 BRT [DEBUG  ]     TradeParams SHORT: SL=0.49% | notional=$1020 | alav_margem=29.1x → cap=2x → alav=2.0x | margem=$509.78 ⚠️MARGEM $510>35 | risco=$5.00 | ganho=$10.00
2026-03-26 10:55:56 BRT [INFO   ]   📉 SHORT POL: score=6/25 | entry=0.0949 | SL=0.49% | alav=2.0x ✅
2026-03-26 10:55:56 BRT [INFO   ]   ─ SHORT FIL: 15m=60 | 1H=60 | 4H=60
2026-03-26 10:55:56 BRT [DEBUG  ]     find_swing_points: fallback window=3 aplicado (window=5 insuficiente: 6H/5L → 6H/5L)
2026-03-26 10:55:56 BRT [INFO   ]   SCORE FIL [SHORT]: 7/25 | DQ=100% | klines: 15m=✅ 1H=✅ 4H=✅
2026-03-26 10:55:56 BRT [INFO   ]     Contexto 4H               +0/0 · SELL (contexto SHORT, não pontuado)
2026-03-26 10:55:56 BRT [INFO   ]     P4 Liquidez 4H            +1/3 █ OB Bearish 4H (0.8941-0.9034)
2026-03-26 10:55:56 BRT [INFO   ]     P5 Figuras 4H             +2/2 ██ Rising Wedge (reversão bearish)
2026-03-26 10:55:56 BRT [INFO   ]     P6 CHOCH/BOS 4H           +3/3 ███ CHOCH Bearish 4H (reversão confirmada)
2026-03-26 10:55:56 BRT [INFO   ]     P-1H Resistência 1H       +0/4 · Preço longe de resistências no 1H
2026-03-26 10:55:56 BRT [INFO   ]     P1 Bollinger 15m          +1/3 █ BB alta (82%)
2026-03-26 10:55:56 BRT [INFO   ]     P2 Candles 15m            +0/4 · Nenhum
2026-03-26 10:55:56 BRT [INFO   ]     P3 Funding Rate           +0/2 · -0.0096% (neutro)
2026-03-26 10:55:56 BRT [INFO   ]     P7 Filtro Pump/Dump       +0/0 · OK (-3.6%)
2026-03-26 10:55:56 BRT [INFO   ]     P8 Volume 15m             +0/2 · Volume fraco (0.4x < 1.2x)
2026-03-26 10:55:56 BRT [INFO   ]     P9 OI Crescente           +0/2 · OI estável (-0.7% vs média, 13.3M)
2026-03-26 10:55:56 BRT [DEBUG  ]     TradeParams SHORT: SL=0.76% | notional=$655 | alav_margem=18.7x → cap=2x → alav=2.0x | margem=$327.33 ⚠️MARGEM $327>35 | risco=$5.00 | ganho=$10.00
2026-03-26 10:55:56 BRT [INFO   ]   📉 SHORT FIL: score=7/25 | entry=0.8989 | SL=0.76% | alav=2.0x ✅
2026-03-26 10:55:56 BRT [INFO   ] 
───────────────────────────────────────────────────────
2026-03-26 10:55:56 BRT [INFO   ]   ETAPA 4b — Análise leve LONG + SHORT (sem klines) [v6.3.0 A8]
2026-03-26 10:55:56 BRT [INFO   ] ───────────────────────────────────────────────────────
2026-03-26 10:55:56 BRT [DEBUG  ]   LIT      score parcial SHORT=1/25 → Em Observação SHORT
2026-03-26 10:55:56 BRT [DEBUG  ]   ETH      score parcial SHORT=1/25 → Em Observação SHORT
2026-03-26 10:55:56 BRT [DEBUG  ]   ICP      score parcial SHORT=1/25 → Em Observação SHORT
2026-03-26 10:55:56 BRT [DEBUG  ]   AVAX     score parcial SHORT=1/25 → Em Observação SHORT
2026-03-26 10:55:56 BRT [DEBUG  ]   PUMP     score parcial SHORT=0/25 → Em Observação SHORT
2026-03-26 10:55:56 BRT [DEBUG  ]   PIPPIN   score parcial SHORT=0/25 → Em Observação SHORT
2026-03-26 10:55:56 BRT [DEBUG  ]   IP       score parcial SHORT=0/25 → Em Observação SHORT
2026-03-26 10:55:56 BRT [DEBUG  ]   SOL      score parcial SHORT=0/25 → Em Observação SHORT
2026-03-26 10:55:56 BRT [DEBUG  ]   UNI      score parcial SHORT=0/25 → Em Observação SHORT
2026-03-26 10:55:56 BRT [DEBUG  ]   LINK     score parcial SHORT=0/25 → Em Observação SHORT
2026-03-26 10:55:56 BRT [INFO   ] 
───────────────────────────────────────────────────────
2026-03-26 10:55:56 BRT [INFO   ]   ETAPA 5 — Contexto de Mercado e Relatório Bidirecional
2026-03-26 10:55:56 BRT [INFO   ] ───────────────────────────────────────────────────────
2026-03-26 10:55:56 BRT [INFO   ]   📚  Score history: 42 tokens rastreados
2026-03-26 10:55:56 BRT [DEBUG  ]   Contexto: FGI=10 | BTC=NEUTRAL | LONG=CAUTELOSO (Medo Extremo)(thr=20) | SHORT=MODERADO (Medo Extremo — mercado bearish)(thr=16) | risk_score=0
2026-03-26 10:55:56 BRT [INFO   ]   BTC 4H: NEUTRAL | Thr LONG: 20 (CAUTELOSO (Medo Extremo)) | Thr SHORT: 16 (MODERADO (Medo Extremo — mercado bearish))
2026-03-26 10:55:56 BRT [INFO   ]   Results LONG: 5 | SHORT: 20 | Obs LONG: 0 | Obs SHORT: 10
2026-03-26 10:55:56 BRT [INFO   ] 
───────────────────────────────────────────────────────
2026-03-26 10:55:56 BRT [INFO   ]   ETAPA 6 — Notificações Telegram
2026-03-26 10:55:56 BRT [INFO   ] ───────────────────────────────────────────────────────
2026-03-26 10:55:56 BRT [INFO   ]   📲  Telegram heartbeat: enviado ✅
2026-03-26 10:55:57 BRT [INFO   ]   📲  Telegram QUASE SHORT ZRO: enviado ✅
2026-03-26 10:55:57 BRT [INFO   ]   📲  Telegram: 2/2 mensagens enviadas (1 heartbeat + 1 QUASE + 0 call)
2026-03-26 10:55:57 BRT [INFO   ] ==========================================================
🎯 SETUP ATIRADOR v6.6.2
📅 26/03/2026 10:55 BRT
📋 Log: atirador_LOG_20260326_1054.log
==========================================================
📊 CONTEXTO DE MERCADO
   Fear & Greed: 10 | BTC 4H: NEUTRAL
   LONG:  CAUTELOSO (Medo Extremo) | Threshold: 20 pts
   SHORT: MODERADO (Medo Extremo — mercado bearish) | Threshold: 16 pts
   Risk Score: 0
==========================================================

💼 SIZING Risk-First [v6.6.2]
   Banca: $100.00 | Risco fixo/trade: $5.00 | Margem máx/trade: $35

🔍 PIPELINE
   Fonte de dados: OKX (perpetuals USDT)
   Universo: 301 tokens | Qualificados: 40
   Gate 4H: LONG=6 | SHORT=33
   Gate 1H: LONG=5 | SHORT=32
   Análise completa: LONG=5 | SHORT=20 | Obs: LONG=0 SHORT=10
   ✅  Candle 15m fechado (656s após fechamento, último: 10:45:00 BRT)

──────────────────────────────────────────────────────────
📈 OPERAÇÕES LONG
──────────────────────────────────────────────────────────
ℹ️  Nenhum alerta LONG forte (score ≥ 20) no momento.
   Score máximo: 9/25 (faltam 11 pts)

🔎 RADAR LONG — Score 5–13:
   ⚠️  Não operar — insuficiente. Monitorar.
   · APT | 9/25 | BUY 4H
   · XLM | 7/25 | BUY 4H
   · HYPE | 7/25 | BUY 4H
   · ONDO | 5/25 | BUY 4H

──────────────────────────────────────────────────────────
📉 OPERAÇÕES SHORT
──────────────────────────────────────────────────────────
ℹ️  Nenhum alerta SHORT forte (score ≥ 16) no momento.
   Score máximo SHORT: 12/25 (faltam 4 pts)

🔎 RADAR SHORT — Score 5–15:
   ⚠️  Não operar — insuficiente. Monitorar.
   · ZRO | 12/25 | SELL 4H
   · ARB | 11/25 | SELL 4H
   · CRV | 11/25 | SELL 4H
   · PEPE | 10/25 | SELL 4H
   · NEAR | 9/25 | SELL 4H

----------------------------------------------------------
⏱️  Execução: 75.0s | Analisados: 301 tokens
📁 Estado diário: /tmp/atirador_state.json
📋 Log completo: /tmp/atirador_logs/atirador_LOG_20260326_1054.log

2026-03-26 10:55:57 BRT [INFO   ] ✅ Scan v6.6.2 concluído em 75.0s | Fonte: OKX | Log: /tmp/atirador_logs/atirador_LOG_20260326_1054.log
