2026-03-27 19:00:31 BRT [INFO   ] 📋 Log iniciado: /tmp/atirador_logs/atirador_LOG_20260327_1900.log
2026-03-27 19:00:31 BRT [INFO   ] 🚀 Setup Atirador v6.6.2 | Arquitetura 3 Camadas (LONG+SHORT) | Iniciando scan...
2026-03-27 19:00:31 BRT [INFO   ] 
───────────────────────────────────────────────────────
2026-03-27 19:00:31 BRT [INFO   ]   ETAPA 1 — Tickers (Bybit/Bitget) + Fear & Greed
2026-03-27 19:00:31 BRT [INFO   ] ───────────────────────────────────────────────────────
2026-03-27 19:00:31 BRT [INFO   ] 📡 [v6.6.2] Iniciando busca de tickers — hierarquia OKX → Gate.io → Bitget
2026-03-27 19:00:31 BRT [INFO   ]    Filtros: vol≥$2.0M | OI≥$5M | timeout=8s/fonte
2026-03-27 19:00:31 BRT [INFO   ]    [Nota] Fonte ideal seria CoinGlass API (pago ~$35/mês) — ver docstring
2026-03-27 19:00:31 BRT [INFO   ]   📡  [OKX] Tentando com tickers + OI real...
2026-03-27 19:00:31 BRT [DEBUG  ]   📡  [OKX] Buscando tickers...
2026-03-27 19:00:31 BRT [DEBUG  ]      ✅ Tickers: 301 itens em 0.38s
2026-03-27 19:00:31 BRT [DEBUG  ]   📡  [OKX] Buscando Open Interest...
2026-03-27 19:00:31 BRT [DEBUG  ]      ✅ OI: 301 itens em 0.65s
2026-03-27 19:00:31 BRT [DEBUG  ]   📡  [OKX] Buscando Funding Rates reais...
2026-03-27 19:01:50 BRT [DEBUG  ]   📡  [OKX FR] Funding rates obtidos: 282/282 | erros: 0
2026-03-27 19:01:50 BRT [DEBUG  ]      ✅ FR: 282 tokens com funding rate em 79.82s
2026-03-27 19:01:50 BRT [DEBUG  ]      ✅ Mesclados: 301/301 com OI real em 79.82s
2026-03-27 19:01:50 BRT [INFO   ]   ✅  [OKX] Fonte ativa (com OI real) | 301 brutos → 36 qualificados
2026-03-27 19:01:50 BRT [INFO   ]   Fonte de dados: OKX | Universo: 301 brutos → 36 qualificados
2026-03-27 19:01:50 BRT [INFO   ]   Analisando todos os 36 tokens qualificados: ['PEPE', 'SHIB', 'PUMP', 'DOGE', 'PIPPIN', 'WLFI', 'ONDO', 'ADA', 'BEAT', 'WLD']...
2026-03-27 19:01:50 BRT [DEBUG  ]   TV batch: 36 tokens (.P perpétuo) | cols: ['Recommend.All|240', 'RSI|240']
2026-03-27 19:01:50 BRT [DEBUG  ]   Buscando Fear & Greed Index...
2026-03-27 19:01:51 BRT [DEBUG  ]   ✅  TV batch BYBIT: 33/36 retornados | 0.09s
2026-03-27 19:01:51 BRT [WARNING]   ⚠️  TV BYBIT: 3 sem retorno: ['PEPEUSDT', 'SHIBUSDT', 'PUMPUSDT']
2026-03-27 19:01:51 BRT [INFO   ]   🔄  [v5.1] Tentando prefixo BITGET: para 3 tokens sem dados...
2026-03-27 19:01:51 BRT [INFO   ]   ✅  TV BITGET: recuperados 3: ['PEPEUSDT', 'SHIBUSDT', 'PUMPUSDT'] | 0.01s
2026-03-27 19:01:51 BRT [DEBUG  ]   GET https://api.alternative.me/fng/?limit=1
2026-03-27 19:01:51 BRT [DEBUG  ]       → HTTP 200 | 0.2KB | enc:gzip | 0.12s
2026-03-27 19:01:51 BRT [INFO   ]   📊 Fear & Greed: 13 (Extreme Fear)
2026-03-27 19:01:51 BRT [INFO   ] 
───────────────────────────────────────────────────────
2026-03-27 19:01:51 BRT [INFO   ]   GATE 1 — Direção 4H (LONG: não SELL | SHORT: não BUY)
2026-03-27 19:01:51 BRT [INFO   ] ───────────────────────────────────────────────────────
2026-03-27 19:01:51 BRT [DEBUG  ]   ❌  PEPE     4H=SELL (val=-0.3545) RSI=34.9 — LONG REJEITADO
2026-03-27 19:01:51 BRT [DEBUG  ]   📉  PEPE     4H=SELL (val=-0.3545) RSI=34.9 — SHORT CANDIDATO
2026-03-27 19:01:51 BRT [DEBUG  ]   ❌  SHIB     4H=SELL (val=-0.2636) RSI=36.4 — LONG REJEITADO
2026-03-27 19:01:51 BRT [DEBUG  ]   📉  SHIB     4H=SELL (val=-0.2636) RSI=36.4 — SHORT CANDIDATO
2026-03-27 19:01:51 BRT [DEBUG  ]   ❌  PUMP     4H=SELL (val=-0.3545) RSI=33.8 — LONG REJEITADO
2026-03-27 19:01:51 BRT [DEBUG  ]   📉  PUMP     4H=SELL (val=-0.3545) RSI=33.8 — SHORT CANDIDATO
2026-03-27 19:01:51 BRT [DEBUG  ]   ❌  DOGE     4H=SELL (val=-0.4000) RSI=36.3 — LONG REJEITADO
2026-03-27 19:01:51 BRT [DEBUG  ]   📉  DOGE     4H=SELL (val=-0.4000) RSI=36.3 — SHORT CANDIDATO
2026-03-27 19:01:51 BRT [DEBUG  ]   ❌  PIPPIN   4H=STRONG_SELL (val=-0.5121) RSI=34.2 — LONG REJEITADO
2026-03-27 19:01:51 BRT [DEBUG  ]   📉  PIPPIN   4H=STRONG_SELL (val=-0.5121) RSI=34.2 — SHORT CANDIDATO
2026-03-27 19:01:51 BRT [DEBUG  ]   ❌  WLFI     4H=STRONG_SELL (val=-0.6030) RSI=41.3 — LONG REJEITADO
2026-03-27 19:01:51 BRT [DEBUG  ]   📉  WLFI     4H=STRONG_SELL (val=-0.6030) RSI=41.3 — SHORT CANDIDATO
2026-03-27 19:01:51 BRT [DEBUG  ]   ✅  ONDO     4H=STRONG_BUY (val=0.5576) RSI=55.6 — LONG PASSOU
2026-03-27 19:01:51 BRT [DEBUG  ]   ❌  ADA      4H=SELL (val=-0.3545) RSI=28.5 — LONG REJEITADO
2026-03-27 19:01:51 BRT [DEBUG  ]   ⛔  ADA      4H=SELL RSI=28.5 — SHORT REJEITADO (RSI<30, exausto)
2026-03-27 19:01:51 BRT [DEBUG  ]   ❌  BEAT     4H=SELL (val=-0.3121) RSI=40.4 — LONG REJEITADO
2026-03-27 19:01:51 BRT [DEBUG  ]   📉  BEAT     4H=SELL (val=-0.3121) RSI=40.4 — SHORT CANDIDATO
2026-03-27 19:01:51 BRT [DEBUG  ]   ❌  WLD      4H=STRONG_SELL (val=-0.5121) RSI=17.8 — LONG REJEITADO
2026-03-27 19:01:51 BRT [DEBUG  ]   ⛔  WLD      4H=STRONG_SELL RSI=17.8 — SHORT REJEITADO (RSI<30, exausto)
2026-03-27 19:01:51 BRT [DEBUG  ]   ❌  XRP      4H=SELL (val=-0.3545) RSI=32.0 — LONG REJEITADO
2026-03-27 19:01:51 BRT [DEBUG  ]   📉  XRP      4H=SELL (val=-0.3545) RSI=32.0 — SHORT CANDIDATO
2026-03-27 19:01:51 BRT [DEBUG  ]   ❌  XPL      4H=SELL (val=-0.3545) RSI=34.8 — LONG REJEITADO
2026-03-27 19:01:51 BRT [DEBUG  ]   📉  XPL      4H=SELL (val=-0.3545) RSI=34.8 — SHORT CANDIDATO
2026-03-27 19:01:51 BRT [DEBUG  ]   ❌  OP       4H=SELL (val=-0.4000) RSI=30.0 — LONG REJEITADO
2026-03-27 19:01:51 BRT [DEBUG  ]   📉  OP       4H=SELL (val=-0.4000) RSI=30.0 — SHORT CANDIDATO
2026-03-27 19:01:51 BRT [DEBUG  ]   ❌  CRV      4H=SELL (val=-0.3545) RSI=37.5 — LONG REJEITADO
2026-03-27 19:01:51 BRT [DEBUG  ]   📉  CRV      4H=SELL (val=-0.3545) RSI=37.5 — SHORT CANDIDATO
2026-03-27 19:01:51 BRT [DEBUG  ]   ❌  HBAR     4H=SELL (val=-0.4000) RSI=32.9 — LONG REJEITADO
2026-03-27 19:01:51 BRT [DEBUG  ]   📉  HBAR     4H=SELL (val=-0.4000) RSI=32.9 — SHORT CANDIDATO
2026-03-27 19:01:51 BRT [DEBUG  ]   ✅  TRX      4H=BUY (val=0.1788) RSI=50.0 — LONG PASSOU
2026-03-27 19:01:51 BRT [DEBUG  ]   ❌  SUI      4H=SELL (val=-0.3545) RSI=30.8 — LONG REJEITADO
2026-03-27 19:01:51 BRT [DEBUG  ]   📉  SUI      4H=SELL (val=-0.3545) RSI=30.8 — SHORT CANDIDATO
2026-03-27 19:01:51 BRT [DEBUG  ]   ❌  FIL      4H=SELL (val=-0.4000) RSI=31.1 — LONG REJEITADO
2026-03-27 19:01:51 BRT [DEBUG  ]   📉  FIL      4H=SELL (val=-0.4000) RSI=31.1 — SHORT CANDIDATO
2026-03-27 19:01:51 BRT [DEBUG  ]   ✅  XLM      4H=NEUTRAL (val=-0.0667) RSI=42.4 — LONG PASSOU
2026-03-27 19:01:51 BRT [DEBUG  ]   ❌  RIVER    4H=SELL (val=-0.4000) RSI=22.3 — LONG REJEITADO
2026-03-27 19:01:51 BRT [DEBUG  ]   ⛔  RIVER    4H=SELL RSI=22.3 — SHORT REJEITADO (RSI<30, exausto)
2026-03-27 19:01:51 BRT [DEBUG  ]   ❌  IP       4H=SELL (val=-0.2636) RSI=23.3 — LONG REJEITADO
2026-03-27 19:01:51 BRT [DEBUG  ]   ⛔  IP       4H=SELL RSI=23.3 — SHORT REJEITADO (RSI<30, exausto)
2026-03-27 19:01:51 BRT [DEBUG  ]   ❌  ASTER    4H=SELL (val=-0.4000) RSI=44.7 — LONG REJEITADO
2026-03-27 19:01:51 BRT [DEBUG  ]   📉  ASTER    4H=SELL (val=-0.4000) RSI=44.7 — SHORT CANDIDATO
2026-03-27 19:01:51 BRT [DEBUG  ]   ❌  DOT      4H=SELL (val=-0.3091) RSI=28.0 — LONG REJEITADO
2026-03-27 19:01:51 BRT [DEBUG  ]   ⛔  DOT      4H=SELL RSI=28.0 — SHORT REJEITADO (RSI<30, exausto)
2026-03-27 19:01:51 BRT [DEBUG  ]   ❌  LIT      4H=SELL (val=-0.4455) RSI=38.0 — LONG REJEITADO
2026-03-27 19:01:51 BRT [DEBUG  ]   📉  LIT      4H=SELL (val=-0.4455) RSI=38.0 — SHORT CANDIDATO
2026-03-27 19:01:51 BRT [DEBUG  ]   ❌  TRUMP    4H=SELL (val=-0.3545) RSI=28.3 — LONG REJEITADO
2026-03-27 19:01:51 BRT [DEBUG  ]   ⛔  TRUMP    4H=SELL RSI=28.3 — SHORT REJEITADO (RSI<30, exausto)
2026-03-27 19:01:51 BRT [DEBUG  ]   ❌  NEAR     4H=SELL (val=-0.3545) RSI=28.4 — LONG REJEITADO
2026-03-27 19:01:51 BRT [DEBUG  ]   ⛔  NEAR     4H=SELL RSI=28.4 — SHORT REJEITADO (RSI<30, exausto)
2026-03-27 19:01:51 BRT [DEBUG  ]   ❌  APT      4H=SELL (val=-0.1303) RSI=40.5 — LONG REJEITADO
2026-03-27 19:01:51 BRT [DEBUG  ]   📉  APT      4H=SELL (val=-0.1303) RSI=40.5 — SHORT CANDIDATO
2026-03-27 19:01:51 BRT [DEBUG  ]   ❌  SOL      4H=SELL (val=-0.3091) RSI=28.8 — LONG REJEITADO
2026-03-27 19:01:51 BRT [DEBUG  ]   ⛔  SOL      4H=SELL RSI=28.8 — SHORT REJEITADO (RSI<30, exausto)
2026-03-27 19:01:51 BRT [DEBUG  ]   ❌  TON      4H=SELL (val=-0.3091) RSI=29.0 — LONG REJEITADO
2026-03-27 19:01:51 BRT [DEBUG  ]   ⛔  TON      4H=SELL RSI=29.0 — SHORT REJEITADO (RSI<30, exausto)
2026-03-27 19:01:51 BRT [DEBUG  ]   ❌  UNI      4H=SELL (val=-0.4000) RSI=29.3 — LONG REJEITADO
2026-03-27 19:01:51 BRT [DEBUG  ]   ⛔  UNI      4H=SELL RSI=29.3 — SHORT REJEITADO (RSI<30, exausto)
2026-03-27 19:01:51 BRT [DEBUG  ]   ❌  LINK     4H=SELL (val=-0.4000) RSI=29.2 — LONG REJEITADO
2026-03-27 19:01:51 BRT [DEBUG  ]   ⛔  LINK     4H=SELL RSI=29.2 — SHORT REJEITADO (RSI<30, exausto)
2026-03-27 19:01:51 BRT [DEBUG  ]   ❌  ETH      4H=SELL (val=-0.3545) RSI=27.9 — LONG REJEITADO
2026-03-27 19:01:51 BRT [DEBUG  ]   ⛔  ETH      4H=SELL RSI=27.9 — SHORT REJEITADO (RSI<30, exausto)
2026-03-27 19:01:51 BRT [DEBUG  ]   ❌  AVAX     4H=SELL (val=-0.2182) RSI=29.9 — LONG REJEITADO
2026-03-27 19:01:51 BRT [DEBUG  ]   ⛔  AVAX     4H=SELL RSI=29.9 — SHORT REJEITADO (RSI<30, exausto)
2026-03-27 19:01:51 BRT [DEBUG  ]   ❌  ICP      4H=SELL (val=-0.3545) RSI=30.0 — LONG REJEITADO
2026-03-27 19:01:51 BRT [DEBUG  ]   📉  ICP      4H=SELL (val=-0.3545) RSI=30.0 — SHORT CANDIDATO
2026-03-27 19:01:51 BRT [DEBUG  ]   ❌  HYPE     4H=SELL (val=-0.2212) RSI=45.0 — LONG REJEITADO
2026-03-27 19:01:51 BRT [DEBUG  ]   📉  HYPE     4H=SELL (val=-0.2212) RSI=45.0 — SHORT CANDIDATO
2026-03-27 19:01:51 BRT [DEBUG  ]   ❌  ATOM     4H=SELL (val=-0.4455) RSI=36.1 — LONG REJEITADO
2026-03-27 19:01:51 BRT [DEBUG  ]   📉  ATOM     4H=SELL (val=-0.4455) RSI=36.1 — SHORT CANDIDATO
2026-03-27 19:01:51 BRT [INFO   ]   Gate 4H: LONG=3 | SHORT=20 | sem dados TV=0 | universo=36
2026-03-27 19:01:51 BRT [INFO   ] 
───────────────────────────────────────────────────────
2026-03-27 19:01:51 BRT [INFO   ]   GATE 2 — Estrutura 1H (LONG: BUY+ | SHORT: SELL+)
2026-03-27 19:01:51 BRT [INFO   ] ───────────────────────────────────────────────────────
2026-03-27 19:01:51 BRT [DEBUG  ]   TV batch: 23 tokens (.P perpétuo) | cols: ['Recommend.All|60']
2026-03-27 19:01:51 BRT [DEBUG  ]   ✅  TV batch BYBIT: 20/23 retornados | 0.01s
2026-03-27 19:01:51 BRT [WARNING]   ⚠️  TV BYBIT: 3 sem retorno: ['PEPEUSDT', 'SHIBUSDT', 'PUMPUSDT']
2026-03-27 19:01:51 BRT [INFO   ]   🔄  [v5.1] Tentando prefixo BITGET: para 3 tokens sem dados...
2026-03-27 19:01:51 BRT [INFO   ]   ✅  TV BITGET: recuperados 3: ['PEPEUSDT', 'SHIBUSDT', 'PUMPUSDT'] | 0.01s
2026-03-27 19:01:51 BRT [DEBUG  ]   ✅  ONDO     1H=BUY (val=0.2000) — LONG PASSOU
2026-03-27 19:01:51 BRT [DEBUG  ]   ❌  TRX      1H=SELL (val=-0.2909) — LONG REJEITADO
2026-03-27 19:01:51 BRT [DEBUG  ]   ❌  XLM      1H=SELL (val=-0.4242) — LONG REJEITADO
2026-03-27 19:01:51 BRT [DEBUG  ]   📉  PEPE     1H=SELL (val=-0.4212) — SHORT PASSOU
2026-03-27 19:01:51 BRT [DEBUG  ]   📉  SHIB     1H=SELL (val=-0.3091) — SHORT PASSOU
2026-03-27 19:01:51 BRT [DEBUG  ]   📉  PUMP     1H=SELL (val=-0.4212) — SHORT PASSOU
2026-03-27 19:01:51 BRT [DEBUG  ]   📉  DOGE     1H=SELL (val=-0.4667) — SHORT PASSOU
2026-03-27 19:01:51 BRT [DEBUG  ]   📉  PIPPIN   1H=SELL (val=-0.3545) — SHORT PASSOU
2026-03-27 19:01:51 BRT [DEBUG  ]   📉  WLFI     1H=SELL (val=-0.4667) — SHORT PASSOU
2026-03-27 19:01:51 BRT [DEBUG  ]   📉  BEAT     1H=SELL (val=-0.4000) — SHORT PASSOU
2026-03-27 19:01:51 BRT [DEBUG  ]   📉  XRP      1H=SELL (val=-0.3091) — SHORT PASSOU
2026-03-27 19:01:51 BRT [DEBUG  ]   📉  XPL      1H=STRONG_SELL (val=-0.5364) — SHORT PASSOU
2026-03-27 19:01:51 BRT [DEBUG  ]   📉  OP       1H=SELL (val=-0.4212) — SHORT PASSOU
2026-03-27 19:01:51 BRT [DEBUG  ]   📉  CRV      1H=SELL (val=-0.4909) — SHORT PASSOU
2026-03-27 19:01:51 BRT [DEBUG  ]   📉  HBAR     1H=SELL (val=-0.3303) — SHORT PASSOU
2026-03-27 19:01:51 BRT [DEBUG  ]   📉  SUI      1H=SELL (val=-0.4000) — SHORT PASSOU
2026-03-27 19:01:51 BRT [DEBUG  ]   📉  FIL      1H=SELL (val=-0.4667) — SHORT PASSOU
2026-03-27 19:01:51 BRT [DEBUG  ]   📉  ASTER    1H=SELL (val=-0.4000) — SHORT PASSOU
2026-03-27 19:01:51 BRT [DEBUG  ]   📉  LIT      1H=SELL (val=-0.1121) — SHORT PASSOU
2026-03-27 19:01:51 BRT [DEBUG  ]   📉  APT      1H=SELL (val=-0.4000) — SHORT PASSOU
2026-03-27 19:01:51 BRT [DEBUG  ]   📉  ICP      1H=SELL (val=-0.3545) — SHORT PASSOU
2026-03-27 19:01:51 BRT [DEBUG  ]   📉  HYPE     1H=SELL (val=-0.3788) — SHORT PASSOU
2026-03-27 19:01:51 BRT [DEBUG  ]   📉  ATOM     1H=SELL (val=-0.3121) — SHORT PASSOU
2026-03-27 19:01:51 BRT [INFO   ]   Gate 1H: LONG=1 | SHORT=20 | rejeitados=2
2026-03-27 19:01:51 BRT [INFO   ] 
───────────────────────────────────────────────────────
2026-03-27 19:01:51 BRT [INFO   ]   ETAPA 3 — Indicadores 15m (TradingView) — LONG + SHORT [v6.4.1]
2026-03-27 19:01:51 BRT [INFO   ] ───────────────────────────────────────────────────────
2026-03-27 19:01:51 BRT [DEBUG  ]   TV batch: 21 tokens (.P perpétuo) | cols: ['BB.upper|15', 'BB.lower|15', 'ATR|15']
2026-03-27 19:01:51 BRT [DEBUG  ]   ✅  TV batch BYBIT: 18/21 retornados | 0.01s
2026-03-27 19:01:51 BRT [WARNING]   ⚠️  TV BYBIT: 3 sem retorno: ['PEPEUSDT', 'SHIBUSDT', 'PUMPUSDT']
2026-03-27 19:01:51 BRT [INFO   ]   🔄  [v5.1] Tentando prefixo BITGET: para 3 tokens sem dados...
2026-03-27 19:01:51 BRT [INFO   ]   ✅  TV BITGET: recuperados 3: ['PEPEUSDT', 'SHIBUSDT', 'PUMPUSDT'] | 0.01s
2026-03-27 19:01:51 BRT [DEBUG  ]   TV batch: 21 tokens (.P perpétuo) | cols: ['Candle.Engulfing.Bullish|15', 'Candle.Hammer|15', 'Candle.MorningStar|15', 'Candle.3WhiteSoldiers|15', 'Candle.Harami.Bullish|15', 'Candle.Doji.Dragonfly|15', 'Candle.Engulfing.Bearish|15', 'Candle.ShootingStar|15', 'Candle.EveningStar|15', 'Candle.3BlackCrows|15', 'Candle.Harami.Bearish|15']
2026-03-27 19:01:51 BRT [DEBUG  ]   ✅  TV batch BYBIT: 18/21 retornados | 0.01s
2026-03-27 19:01:51 BRT [WARNING]   ⚠️  TV BYBIT: 3 sem retorno: ['PEPEUSDT', 'SHIBUSDT', 'PUMPUSDT']
2026-03-27 19:01:51 BRT [INFO   ]   🔄  [v5.1] Tentando prefixo BITGET: para 3 tokens sem dados...
2026-03-27 19:01:51 BRT [INFO   ]   ✅  TV BITGET: recuperados 3: ['PEPEUSDT', 'SHIBUSDT', 'PUMPUSDT'] | 0.01s
2026-03-27 19:01:51 BRT [INFO   ]   TV 15m: tech=21/21 | candles=21/21
2026-03-27 19:01:51 BRT [DEBUG  ]   ONDO     ATR=0.0026 | BB_lower=0.2597 | BB_upper=0.2757 | FR=0.00005
2026-03-27 19:01:51 BRT [DEBUG  ]   PEPE     ATR=0.0000 | BB_lower=0.0000 | BB_upper=0.0000 | FR=-0.00018
2026-03-27 19:01:51 BRT [DEBUG  ]   SHIB     ATR=0.0000 | BB_lower=0.0000 | BB_upper=0.0000 | FR=0.00005
2026-03-27 19:01:51 BRT [DEBUG  ]   PUMP     ATR=0.0000 | BB_lower=0.0017 | BB_upper=0.0017 | FR=0.00005
2026-03-27 19:01:51 BRT [DEBUG  ]   DOGE     ATR=0.0003 | BB_lower=0.0896 | BB_upper=0.0903 | FR=0.00005
2026-03-27 19:01:51 BRT [DEBUG  ]   PIPPIN   ATR=0.0021 | BB_lower=0.0481 | BB_upper=0.0564 | FR=0.00056
2026-03-27 19:01:51 BRT [DEBUG  ]   WLFI     ATR=0.0004 | BB_lower=0.0962 | BB_upper=0.0974 | FR=0.00005
2026-03-27 19:01:51 BRT [DEBUG  ]   BEAT     ATR=0.0085 | BB_lower=0.5175 | BB_upper=0.5352 | FR=0.00013
2026-03-27 19:01:51 BRT [DEBUG  ]   XRP      ATR=0.0045 | BB_lower=1.3184 | BB_upper=1.3314 | FR=-0.00021
2026-03-27 19:01:51 BRT [DEBUG  ]   XPL      ATR=0.0006 | BB_lower=0.0875 | BB_upper=0.0892 | FR=0.00001
2026-03-27 19:01:51 BRT [DEBUG  ]   OP       ATR=0.0006 | BB_lower=0.1024 | BB_upper=0.1046 | FR=0.00010
2026-03-27 19:01:51 BRT [DEBUG  ]   CRV      ATR=0.0010 | BB_lower=0.2113 | BB_upper=0.2133 | FR=-0.00013
2026-03-27 19:01:51 BRT [DEBUG  ]   HBAR     ATR=0.0003 | BB_lower=0.0886 | BB_upper=0.0892 | FR=0.00002
2026-03-27 19:01:51 BRT [DEBUG  ]   SUI      ATR=0.0040 | BB_lower=0.8695 | BB_upper=0.8858 | FR=-0.00012
2026-03-27 19:01:51 BRT [DEBUG  ]   FIL      ATR=0.0035 | BB_lower=0.8319 | BB_upper=0.8381 | FR=-0.00023
2026-03-27 19:01:51 BRT [DEBUG  ]   ASTER    ATR=0.0016 | BB_lower=0.6588 | BB_upper=0.6627 | FR=0.00005
2026-03-27 19:01:51 BRT [DEBUG  ]   LIT      ATR=0.0062 | BB_lower=0.8625 | BB_upper=0.9032 | FR=0.00005
2026-03-27 19:01:51 BRT [DEBUG  ]   APT      ATR=0.0045 | BB_lower=0.9712 | BB_upper=0.9854 | FR=-0.00004
2026-03-27 19:01:51 BRT [DEBUG  ]   ICP      ATR=0.0086 | BB_lower=2.2106 | BB_upper=2.2330 | FR=-0.00016
2026-03-27 19:01:51 BRT [DEBUG  ]   HYPE     ATR=0.2120 | BB_lower=38.0645 | BB_upper=38.7030 | FR=0.00003
2026-03-27 19:01:51 BRT [DEBUG  ]   ATOM     ATR=0.0050 | BB_lower=1.6580 | BB_upper=1.6797 | FR=-0.00005
2026-03-27 19:01:51 BRT [INFO   ] 
───────────────────────────────────────────────────────
2026-03-27 19:01:51 BRT [INFO   ]   ETAPA 3b — Score parcial (sem klines, para ordenação)
2026-03-27 19:01:51 BRT [INFO   ] ───────────────────────────────────────────────────────
2026-03-27 19:01:51 BRT [DEBUG  ]   ONDO     score parcial LONG: 0/25 [FR=0.0045% BB=0.2597–0.2757]
2026-03-27 19:01:51 BRT [DEBUG  ]   PEPE     score parcial SHORT: 0/25 [FR=-0.0182% BB=0.0000–0.0000]
2026-03-27 19:01:51 BRT [DEBUG  ]   SHIB     score parcial SHORT: 1/25 [FR=0.0052% BB=0.0000–0.0000]
2026-03-27 19:01:51 BRT [DEBUG  ]   PUMP     score parcial SHORT: 1/25 [FR=0.0050% BB=0.0017–0.0017]
2026-03-27 19:01:51 BRT [DEBUG  ]   DOGE     score parcial SHORT: 1/25 [FR=0.0050% BB=0.0896–0.0903]
2026-03-27 19:01:51 BRT [DEBUG  ]   PIPPIN   score parcial SHORT: 2/25 [FR=0.0565% BB=0.0481–0.0564]
2026-03-27 19:01:51 BRT [DEBUG  ]   WLFI     score parcial SHORT: 1/25 [FR=0.0050% BB=0.0962–0.0974]
2026-03-27 19:01:51 BRT [DEBUG  ]   BEAT     score parcial SHORT: 1/25 [FR=0.0134% BB=0.5175–0.5352]
2026-03-27 19:01:51 BRT [DEBUG  ]   XRP      score parcial SHORT: 0/25 [FR=-0.0208% BB=1.3184–1.3314]
2026-03-27 19:01:51 BRT [DEBUG  ]   XPL      score parcial SHORT: 2/25 [FR=0.0015% BB=0.0875–0.0892]
2026-03-27 19:01:51 BRT [DEBUG  ]   OP       score parcial SHORT: 1/25 [FR=0.0100% BB=0.1024–0.1046]
2026-03-27 19:01:51 BRT [DEBUG  ]   CRV      score parcial SHORT: 0/25 [FR=-0.0127% BB=0.2113–0.2133]
2026-03-27 19:01:51 BRT [DEBUG  ]   HBAR     score parcial SHORT: 1/25 [FR=0.0018% BB=0.0886–0.0892]
2026-03-27 19:01:51 BRT [DEBUG  ]   SUI      score parcial SHORT: 0/25 [FR=-0.0121% BB=0.8695–0.8858]
2026-03-27 19:01:51 BRT [DEBUG  ]   FIL      score parcial SHORT: 0/25 [FR=-0.0233% BB=0.8319–0.8381]
2026-03-27 19:01:51 BRT [DEBUG  ]   ASTER    score parcial SHORT: 1/25 [FR=0.0050% BB=0.6588–0.6627]
2026-03-27 19:01:51 BRT [DEBUG  ]   LIT      score parcial SHORT: 1/25 [FR=0.0050% BB=0.8625–0.9032]
2026-03-27 19:01:51 BRT [DEBUG  ]   APT      score parcial SHORT: 0/25 [FR=-0.0037% BB=0.9712–0.9854]
2026-03-27 19:01:51 BRT [DEBUG  ]   ICP      score parcial SHORT: 0/25 [FR=-0.0161% BB=2.2106–2.2330]
2026-03-27 19:01:51 BRT [DEBUG  ]   HYPE     score parcial SHORT: 1/25 [FR=0.0026% BB=38.0645–38.7030]
2026-03-27 19:01:51 BRT [DEBUG  ]   ATOM     score parcial SHORT: 1/25 [FR=-0.0048% BB=1.6580–1.6797]
2026-03-27 19:01:51 BRT [INFO   ]   Ordem LONG: ['ONDO']
2026-03-27 19:01:51 BRT [INFO   ]   Ordem SHORT: ['PIPPIN', 'XPL', 'SHIB', 'PUMP', 'DOGE', 'WLFI', 'BEAT', 'OP', 'HBAR', 'ASTER', 'LIT', 'HYPE', 'ATOM', 'PEPE', 'XRP', 'CRV', 'SUI', 'FIL', 'APT', 'ICP']
2026-03-27 19:01:51 BRT [INFO   ] 
───────────────────────────────────────────────────────
2026-03-27 19:01:51 BRT [INFO   ]   ETAPA 4 — Klines + Score completo (TOP 20 LONG + SHORT) [v6.2.0]
2026-03-27 19:01:51 BRT [INFO   ] ───────────────────────────────────────────────────────
2026-03-27 19:01:51 BRT [DEBUG  ]   Contexto: FGI=13 | BTC=NEUTRAL | LONG=CAUTELOSO (Medo Extremo)(thr=20) | SHORT=MODERADO (Medo Extremo — mercado bearish)(thr=16) | risk_score=0
2026-03-27 19:01:51 BRT [INFO   ]   ✅  [A4 CANDLE LOCK] Vela 15m fechada (111s após fechamento). Último fechamento: 19:00:00 BRT.
2026-03-27 19:01:51 BRT [INFO   ]   Buscando klines para: ['ONDO', 'PIPPIN', 'XPL', 'SHIB', 'PUMP', 'DOGE', 'WLFI', 'BEAT', 'OP', 'HBAR', 'ASTER', 'LIT', 'HYPE', 'ATOM', 'PEPE', 'XRP', 'CRV', 'SUI', 'FIL', 'APT', 'ICP']
2026-03-27 19:01:51 BRT [DEBUG  ]   📡  Cache MISS ONDOUSDT 1H: arquivo não existe — buscando
2026-03-27 19:01:51 BRT [DEBUG  ]   📡  Cache MISS PIPPINUSDT 1H: arquivo não existe — buscando
2026-03-27 19:01:51 BRT [DEBUG  ]   📡  Cache MISS XPLUSDT 1H: arquivo não existe — buscando
2026-03-27 19:01:51 BRT [DEBUG  ]   📡  Cache MISS SHIBUSDT 1H: arquivo não existe — buscando
2026-03-27 19:01:51 BRT [DEBUG  ]   📡  Cache MISS PUMPUSDT 1H: arquivo não existe — buscando
2026-03-27 19:01:51 BRT [DEBUG  ]   📡  Cache MISS DOGEUSDT 1H: arquivo não existe — buscando
2026-03-27 19:01:51 BRT [DEBUG  ]   📡  Cache MISS WLFIUSDT 1H: arquivo não existe — buscando
2026-03-27 19:01:51 BRT [DEBUG  ]   📡  Cache MISS BEATUSDT 1H: arquivo não existe — buscando
2026-03-27 19:01:51 BRT [DEBUG  ]   📡  Cache MISS OPUSDT 1H: arquivo não existe — buscando
2026-03-27 19:01:51 BRT [DEBUG  ]   📡  Cache MISS HBARUSDT 1H: arquivo não existe — buscando
2026-03-27 19:01:51 BRT [DEBUG  ]   📡  Cache MISS ASTERUSDT 1H: arquivo não existe — buscando
2026-03-27 19:01:51 BRT [DEBUG  ]   📡  Cache MISS LITUSDT 1H: arquivo não existe — buscando
2026-03-27 19:01:51 BRT [DEBUG  ]   📡  Cache MISS HYPEUSDT 1H: arquivo não existe — buscando
2026-03-27 19:01:51 BRT [DEBUG  ]   📡  Cache MISS ATOMUSDT 1H: arquivo não existe — buscando
2026-03-27 19:01:51 BRT [DEBUG  ]   📡  Cache MISS PEPEUSDT 1H: arquivo não existe — buscando
2026-03-27 19:01:51 BRT [DEBUG  ]   📡  Cache MISS XRPUSDT 1H: arquivo não existe — buscando
2026-03-27 19:01:51 BRT [DEBUG  ]   📡  Cache MISS CRVUSDT 1H: arquivo não existe — buscando
2026-03-27 19:01:51 BRT [DEBUG  ]   📡  Cache MISS SUIUSDT 1H: arquivo não existe — buscando
2026-03-27 19:01:51 BRT [DEBUG  ]   📡  Cache MISS FILUSDT 1H: arquivo não existe — buscando
2026-03-27 19:01:51 BRT [DEBUG  ]   📡  Cache MISS APTUSDT 1H: arquivo não existe — buscando
2026-03-27 19:01:51 BRT [DEBUG  ]   📡  Cache MISS ICPUSDT 1H: arquivo não existe — buscando
2026-03-27 19:01:51 BRT [DEBUG  ]   📡  Cache MISS ONDOUSDT 4H: arquivo não existe — buscando
2026-03-27 19:01:51 BRT [DEBUG  ]   📡  Cache MISS PIPPINUSDT 4H: arquivo não existe — buscando
2026-03-27 19:01:51 BRT [DEBUG  ]   📡  Cache MISS XPLUSDT 4H: arquivo não existe — buscando
2026-03-27 19:01:51 BRT [DEBUG  ]   📡  Cache MISS SHIBUSDT 4H: arquivo não existe — buscando
2026-03-27 19:01:51 BRT [DEBUG  ]   📡  Cache MISS PUMPUSDT 4H: arquivo não existe — buscando
2026-03-27 19:01:51 BRT [DEBUG  ]   📡  Cache MISS DOGEUSDT 4H: arquivo não existe — buscando
2026-03-27 19:01:51 BRT [DEBUG  ]   📡  Cache MISS WLFIUSDT 4H: arquivo não existe — buscando
2026-03-27 19:01:51 BRT [DEBUG  ]   📡  Cache MISS BEATUSDT 4H: arquivo não existe — buscando
2026-03-27 19:01:51 BRT [DEBUG  ]   📡  Cache MISS OPUSDT 4H: arquivo não existe — buscando
2026-03-27 19:01:51 BRT [DEBUG  ]   📡  Cache MISS HBARUSDT 4H: arquivo não existe — buscando
2026-03-27 19:01:51 BRT [DEBUG  ]   📡  Cache MISS ASTERUSDT 4H: arquivo não existe — buscando
2026-03-27 19:01:51 BRT [DEBUG  ]   📡  Cache MISS LITUSDT 4H: arquivo não existe — buscando
2026-03-27 19:01:51 BRT [DEBUG  ]   📡  Cache MISS HYPEUSDT 4H: arquivo não existe — buscando
2026-03-27 19:01:51 BRT [DEBUG  ]   📡  Cache MISS ATOMUSDT 4H: arquivo não existe — buscando
2026-03-27 19:01:51 BRT [DEBUG  ]   📡  Cache MISS PEPEUSDT 4H: arquivo não existe — buscando
2026-03-27 19:01:51 BRT [DEBUG  ]   📡  Cache MISS XRPUSDT 4H: arquivo não existe — buscando
2026-03-27 19:01:51 BRT [DEBUG  ]   📡  Cache MISS CRVUSDT 4H: arquivo não existe — buscando
2026-03-27 19:01:51 BRT [DEBUG  ]   📡  Cache MISS SUIUSDT 4H: arquivo não existe — buscando
2026-03-27 19:01:51 BRT [DEBUG  ]   📡  Cache MISS FILUSDT 4H: arquivo não existe — buscando
2026-03-27 19:01:51 BRT [DEBUG  ]   📡  Cache MISS APTUSDT 4H: arquivo não existe — buscando
2026-03-27 19:01:51 BRT [DEBUG  ]   📡  Cache MISS ICPUSDT 4H: arquivo não existe — buscando
2026-03-27 19:01:51 BRT [DEBUG  ]   GET https://api.bitget.com/api/v2/mix/market/candles?productType=USDT-FUTURES&symbol...
2026-03-27 19:01:51 BRT [DEBUG  ]       → HTTP 200 | 4.8KB | enc:gzip | 0.40s
2026-03-27 19:01:51 BRT [DEBUG  ]   ✅  Klines OPUSDT 4H: 60 candles | 03/27 17:00 → 03/17 21:00
2026-03-27 19:01:51 BRT [DEBUG  ]   💾  Cache GRAVADO OPUSDT 4H: 60 candles
2026-03-27 19:01:51 BRT [DEBUG  ]   GET https://api.bitget.com/api/v2/mix/market/candles?productType=USDT-FUTURES&symbol...
2026-03-27 19:01:51 BRT [DEBUG  ]       → HTTP 200 | 5.2KB | enc:gzip | 0.42s
2026-03-27 19:01:51 BRT [DEBUG  ]   ✅  Klines PUMPUSDT 15m: 60 candles | 03/27 19:00 → 03/27 04:15
2026-03-27 19:01:51 BRT [DEBUG  ]   GET https://api.bitget.com/api/v2/mix/market/candles?productType=USDT-FUTURES&symbol...
2026-03-27 19:01:51 BRT [DEBUG  ]       → HTTP 200 | 5.0KB | enc:gzip | 0.42s
2026-03-27 19:01:51 BRT [DEBUG  ]   ✅  Klines PIPPINUSDT 4H: 60 candles | 03/27 17:00 → 03/17 21:00
2026-03-27 19:01:51 BRT [DEBUG  ]   💾  Cache GRAVADO PIPPINUSDT 4H: 60 candles
2026-03-27 19:01:51 BRT [DEBUG  ]   GET https://api.bitget.com/api/v2/mix/market/candles?productType=USDT-FUTURES&symbol...
2026-03-27 19:01:51 BRT [DEBUG  ]       → HTTP 200 | 6.0KB | enc:gzip | 0.42s
2026-03-27 19:01:51 BRT [DEBUG  ]   ✅  Klines SHIBUSDT 15m: 60 candles | 03/27 19:00 → 03/27 04:15
2026-03-27 19:01:51 BRT [DEBUG  ]   GET https://api.bitget.com/api/v2/mix/market/candles?productType=USDT-FUTURES&symbol...
2026-03-27 19:01:51 BRT [DEBUG  ]       → HTTP 200 | 4.6KB | enc:gzip | 0.42s
2026-03-27 19:01:51 BRT [DEBUG  ]   ✅  Klines XPLUSDT 4H: 60 candles | 03/27 17:00 → 03/17 21:00
2026-03-27 19:01:51 BRT [DEBUG  ]   💾  Cache GRAVADO XPLUSDT 4H: 60 candles
2026-03-27 19:01:51 BRT [DEBUG  ]   GET https://api.bitget.com/api/v2/mix/market/candles?productType=USDT-FUTURES&symbol...
2026-03-27 19:01:51 BRT [DEBUG  ]       → HTTP 200 | 4.8KB | enc:gzip | 0.42s
2026-03-27 19:01:51 BRT [DEBUG  ]   ✅  Klines SUIUSDT 1H: 60 candles | 03/27 19:00 → 03/25 08:00
2026-03-27 19:01:51 BRT [DEBUG  ]   💾  Cache GRAVADO SUIUSDT 1H: 60 candles
2026-03-27 19:01:51 BRT [DEBUG  ]   GET https://api.bitget.com/api/v2/mix/market/candles?productType=USDT-FUTURES&symbol...
2026-03-27 19:01:51 BRT [DEBUG  ]       → HTTP 200 | 4.7KB | enc:gzip | 0.42s
2026-03-27 19:01:51 BRT [DEBUG  ]   ✅  Klines OPUSDT 1H: 60 candles | 03/27 19:00 → 03/25 08:00
2026-03-27 19:01:51 BRT [DEBUG  ]   💾  Cache GRAVADO OPUSDT 1H: 60 candles
2026-03-27 19:01:51 BRT [DEBUG  ]   GET https://api.bitget.com/api/v2/mix/market/candles?productType=USDT-FUTURES&symbol...
2026-03-27 19:01:51 BRT [DEBUG  ]       → HTTP 200 | 4.6KB | enc:gzip | 0.42s
2026-03-27 19:01:51 BRT [DEBUG  ]   ✅  Klines CRVUSDT 4H: 60 candles | 03/27 17:00 → 03/17 21:00
2026-03-27 19:01:51 BRT [DEBUG  ]   💾  Cache GRAVADO CRVUSDT 4H: 60 candles
2026-03-27 19:01:51 BRT [DEBUG  ]   GET https://api.bitget.com/api/v2/mix/market/candles?productType=USDT-FUTURES&symbol...
2026-03-27 19:01:51 BRT [DEBUG  ]       → HTTP 200 | 4.8KB | enc:gzip | 0.43s
2026-03-27 19:01:51 BRT [DEBUG  ]   ✅  Klines XRPUSDT 4H: 60 candles | 03/27 17:00 → 03/17 21:00
2026-03-27 19:01:51 BRT [DEBUG  ]   💾  Cache GRAVADO XRPUSDT 4H: 60 candles
2026-03-27 19:01:51 BRT [DEBUG  ]   GET https://api.bitget.com/api/v2/mix/market/candles?productType=USDT-FUTURES&symbol...
2026-03-27 19:01:51 BRT [DEBUG  ]       → HTTP 200 | 4.6KB | enc:gzip | 0.44s
2026-03-27 19:01:51 BRT [DEBUG  ]   ✅  Klines XRPUSDT 15m: 60 candles | 03/27 19:00 → 03/27 04:15
2026-03-27 19:01:51 BRT [DEBUG  ]   GET https://api.bitget.com/api/v2/mix/market/candles?productType=USDT-FUTURES&symbol...
2026-03-27 19:01:51 BRT [DEBUG  ]       → HTTP 200 | 5.0KB | enc:gzip | 0.44s
2026-03-27 19:01:51 BRT [DEBUG  ]   ✅  Klines PIPPINUSDT 1H: 60 candles | 03/27 19:00 → 03/25 08:00
2026-03-27 19:01:51 BRT [DEBUG  ]   💾  Cache GRAVADO PIPPINUSDT 1H: 60 candles
2026-03-27 19:01:51 BRT [DEBUG  ]   GET https://api.bitget.com/api/v2/mix/market/candles?productType=USDT-FUTURES&symbol...
2026-03-27 19:01:51 BRT [DEBUG  ]       → HTTP 200 | 4.8KB | enc:gzip | 0.44s
2026-03-27 19:01:51 BRT [DEBUG  ]   ✅  Klines HBARUSDT 15m: 60 candles | 03/27 19:00 → 03/27 04:15
2026-03-27 19:01:51 BRT [DEBUG  ]   GET https://api.bitget.com/api/v2/mix/market/candles?productType=USDT-FUTURES&symbol...
2026-03-27 19:01:51 BRT [DEBUG  ]       → HTTP 200 | 4.9KB | enc:gzip | 0.44s
2026-03-27 19:01:51 BRT [DEBUG  ]   ✅  Klines APTUSDT 1H: 60 candles | 03/27 19:00 → 03/25 08:00
2026-03-27 19:01:51 BRT [DEBUG  ]   💾  Cache GRAVADO APTUSDT 1H: 60 candles
2026-03-27 19:01:51 BRT [DEBUG  ]   GET https://api.bitget.com/api/v2/mix/market/candles?productType=USDT-FUTURES&symbol...
2026-03-27 19:01:51 BRT [DEBUG  ]       → HTTP 200 | 4.8KB | enc:gzip | 0.44s
2026-03-27 19:01:51 BRT [DEBUG  ]   ✅  Klines FILUSDT 4H: 60 candles | 03/27 17:00 → 03/17 21:00
2026-03-27 19:01:51 BRT [DEBUG  ]   💾  Cache GRAVADO FILUSDT 4H: 60 candles
2026-03-27 19:01:51 BRT [DEBUG  ]   GET https://api.bitget.com/api/v2/mix/market/candles?productType=USDT-FUTURES&symbol...
2026-03-27 19:01:51 BRT [DEBUG  ]       → HTTP 200 | 5.3KB | enc:gzip | 0.45s
2026-03-27 19:01:51 BRT [DEBUG  ]   ✅  Klines PUMPUSDT 1H: 60 candles | 03/27 19:00 → 03/25 08:00
2026-03-27 19:01:51 BRT [DEBUG  ]   💾  Cache GRAVADO PUMPUSDT 1H: 60 candles
2026-03-27 19:01:51 BRT [DEBUG  ]   GET https://api.bitget.com/api/v2/mix/market/candles?productType=USDT-FUTURES&symbol...
2026-03-27 19:01:51 BRT [DEBUG  ]       → HTTP 200 | 4.6KB | enc:gzip | 0.45s
2026-03-27 19:01:51 BRT [DEBUG  ]   ✅  Klines FILUSDT 15m: 60 candles | 03/27 19:00 → 03/27 04:15
2026-03-27 19:01:51 BRT [DEBUG  ]   GET https://api.bitget.com/api/v2/mix/market/candles?productType=USDT-FUTURES&symbol...
2026-03-27 19:01:51 BRT [DEBUG  ]       → HTTP 200 | 4.9KB | enc:gzip | 0.45s
2026-03-27 19:01:51 BRT [DEBUG  ]   ✅  Klines HBARUSDT 1H: 60 candles | 03/27 19:00 → 03/25 08:00
2026-03-27 19:01:51 BRT [DEBUG  ]   💾  Cache GRAVADO HBARUSDT 1H: 60 candles
2026-03-27 19:01:51 BRT [DEBUG  ]   GET https://api.bitget.com/api/v2/mix/market/candles?productType=USDT-FUTURES&symbol...
2026-03-27 19:01:51 BRT [DEBUG  ]       → HTTP 200 | 4.1KB | enc:gzip | 0.45s
2026-03-27 19:01:51 BRT [DEBUG  ]   ✅  Klines LITUSDT 15m: 60 candles | 03/27 19:00 → 03/27 04:15
2026-03-27 19:01:51 BRT [DEBUG  ]   GET https://api.bitget.com/api/v2/mix/market/candles?productType=USDT-FUTURES&symbol...
2026-03-27 19:01:51 BRT [DEBUG  ]       → HTTP 200 | 5.3KB | enc:gzip | 0.45s
2026-03-27 19:01:51 BRT [DEBUG  ]   ✅  Klines PUMPUSDT 4H: 60 candles | 03/27 17:00 → 03/17 21:00
2026-03-27 19:01:51 BRT [DEBUG  ]   💾  Cache GRAVADO PUMPUSDT 4H: 60 candles
2026-03-27 19:01:51 BRT [DEBUG  ]   GET https://api.bitget.com/api/v2/mix/market/candles?productType=USDT-FUTURES&symbol...
2026-03-27 19:01:51 BRT [DEBUG  ]       → HTTP 200 | 6.1KB | enc:gzip | 0.45s
2026-03-27 19:01:51 BRT [DEBUG  ]   ✅  Klines SHIBUSDT 1H: 60 candles | 03/27 19:00 → 03/25 08:00
2026-03-27 19:01:51 BRT [DEBUG  ]   💾  Cache GRAVADO SHIBUSDT 1H: 60 candles
2026-03-27 19:01:51 BRT [DEBUG  ]   GET https://api.bitget.com/api/v2/mix/market/candles?productType=USDT-FUTURES&symbol...
2026-03-27 19:01:51 BRT [DEBUG  ]       → HTTP 200 | 4.9KB | enc:gzip | 0.45s
2026-03-27 19:01:51 BRT [DEBUG  ]   ✅  Klines HBARUSDT 4H: 60 candles | 03/27 17:00 → 03/17 21:00
2026-03-27 19:01:51 BRT [DEBUG  ]   💾  Cache GRAVADO HBARUSDT 4H: 60 candles
2026-03-27 19:01:51 BRT [DEBUG  ]   GET https://api.bitget.com/api/v2/mix/market/candles?productType=USDT-FUTURES&symbol...
2026-03-27 19:01:51 BRT [DEBUG  ]       → HTTP 200 | 4.7KB | enc:gzip | 0.45s
2026-03-27 19:01:51 BRT [DEBUG  ]   ✅  Klines SUIUSDT 15m: 60 candles | 03/27 19:00 → 03/27 04:15
2026-03-27 19:01:51 BRT [DEBUG  ]   GET https://api.bitget.com/api/v2/mix/market/candles?productType=USDT-FUTURES&symbol...
2026-03-27 19:01:51 BRT [DEBUG  ]       → HTTP 200 | 4.3KB | enc:gzip | 0.45s
2026-03-27 19:01:51 BRT [DEBUG  ]   ✅  Klines ATOMUSDT 15m: 60 candles | 03/27 19:00 → 03/27 04:15
2026-03-27 19:01:51 BRT [DEBUG  ]   GET https://api.bitget.com/api/v2/mix/market/candles?productType=USDT-FUTURES&symbol...
2026-03-27 19:01:51 BRT [DEBUG  ]       → HTTP 200 | 4.5KB | enc:gzip | 0.45s
2026-03-27 19:01:51 BRT [DEBUG  ]   ✅  Klines ASTERUSDT 1H: 60 candles | 03/27 19:00 → 03/25 08:00
2026-03-27 19:01:51 BRT [DEBUG  ]   💾  Cache GRAVADO ASTERUSDT 1H: 60 candles
2026-03-27 19:01:51 BRT [DEBUG  ]   GET https://api.bitget.com/api/v2/mix/market/candles?productType=USDT-FUTURES&symbol...
2026-03-27 19:01:51 BRT [DEBUG  ]       → HTTP 200 | 4.8KB | enc:gzip | 0.45s
2026-03-27 19:01:51 BRT [DEBUG  ]   ✅  Klines SUIUSDT 4H: 60 candles | 03/27 17:00 → 03/17 21:00
2026-03-27 19:01:51 BRT [DEBUG  ]   💾  Cache GRAVADO SUIUSDT 4H: 60 candles
2026-03-27 19:01:51 BRT [DEBUG  ]   GET https://api.bitget.com/api/v2/mix/market/candles?productType=USDT-FUTURES&symbol...
2026-03-27 19:01:51 BRT [DEBUG  ]       → HTTP 200 | 4.5KB | enc:gzip | 0.46s
2026-03-27 19:01:51 BRT [DEBUG  ]   ✅  Klines XPLUSDT 1H: 60 candles | 03/27 19:00 → 03/25 08:00
2026-03-27 19:01:51 BRT [DEBUG  ]   💾  Cache GRAVADO XPLUSDT 1H: 60 candles
2026-03-27 19:01:51 BRT [DEBUG  ]   GET https://api.bitget.com/api/v2/mix/market/candles?productType=USDT-FUTURES&symbol...
2026-03-27 19:01:51 BRT [DEBUG  ]       → HTTP 200 | 4.7KB | enc:gzip | 0.46s
2026-03-27 19:01:51 BRT [DEBUG  ]   ✅  Klines HYPEUSDT 15m: 60 candles | 03/27 19:00 → 03/27 04:15
2026-03-27 19:01:51 BRT [DEBUG  ]   GET https://api.bitget.com/api/v2/mix/market/candles?productType=USDT-FUTURES&symbol...
2026-03-27 19:01:51 BRT [DEBUG  ]       → HTTP 200 | 4.4KB | enc:gzip | 0.46s
2026-03-27 19:01:51 BRT [DEBUG  ]   ✅  Klines ASTERUSDT 15m: 60 candles | 03/27 19:00 → 03/27 04:15
2026-03-27 19:01:51 BRT [DEBUG  ]   GET https://api.bitget.com/api/v2/mix/market/candles?productType=USDT-FUTURES&symbol...
2026-03-27 19:01:51 BRT [DEBUG  ]       → HTTP 200 | 4.7KB | enc:gzip | 0.46s
2026-03-27 19:01:51 BRT [DEBUG  ]   ✅  Klines FILUSDT 1H: 60 candles | 03/27 19:00 → 03/25 08:00
2026-03-27 19:01:51 BRT [DEBUG  ]   💾  Cache GRAVADO FILUSDT 1H: 60 candles
2026-03-27 19:01:51 BRT [DEBUG  ]   GET https://api.bitget.com/api/v2/mix/market/candles?productType=USDT-FUTURES&symbol...
2026-03-27 19:01:51 BRT [DEBUG  ]       → HTTP 200 | 4.5KB | enc:gzip | 0.46s
2026-03-27 19:01:51 BRT [DEBUG  ]   ✅  Klines WLFIUSDT 1H: 60 candles | 03/27 19:00 → 03/25 08:00
2026-03-27 19:01:51 BRT [DEBUG  ]   💾  Cache GRAVADO WLFIUSDT 1H: 60 candles
2026-03-27 19:01:51 BRT [DEBUG  ]   GET https://api.bitget.com/api/v2/mix/market/candles?productType=USDT-FUTURES&symbol...
2026-03-27 19:01:51 BRT [DEBUG  ]       → HTTP 200 | 4.2KB | enc:gzip | 0.46s
2026-03-27 19:01:51 BRT [DEBUG  ]   ✅  Klines LITUSDT 1H: 60 candles | 03/27 19:00 → 03/25 08:00
2026-03-27 19:01:51 BRT [DEBUG  ]   💾  Cache GRAVADO LITUSDT 1H: 60 candles
2026-03-27 19:01:51 BRT [DEBUG  ]   GET https://api.bitget.com/api/v2/mix/market/candles?productType=USDT-FUTURES&symbol...
2026-03-27 19:01:51 BRT [DEBUG  ]       → HTTP 200 | 5.0KB | enc:gzip | 0.46s
2026-03-27 19:01:51 BRT [DEBUG  ]   ✅  Klines DOGEUSDT 1H: 60 candles | 03/27 19:00 → 03/25 08:00
2026-03-27 19:01:51 BRT [DEBUG  ]   💾  Cache GRAVADO DOGEUSDT 1H: 60 candles
2026-03-27 19:01:51 BRT [DEBUG  ]   GET https://api.bitget.com/api/v2/mix/market/candles?productType=USDT-FUTURES&symbol...
2026-03-27 19:01:51 BRT [DEBUG  ]       → HTTP 200 | 4.6KB | enc:gzip | 0.46s
2026-03-27 19:01:51 BRT [DEBUG  ]   ✅  Klines ASTERUSDT 4H: 60 candles | 03/27 17:00 → 03/17 21:00
2026-03-27 19:01:51 BRT [DEBUG  ]   💾  Cache GRAVADO ASTERUSDT 4H: 60 candles
2026-03-27 19:01:51 BRT [DEBUG  ]   GET https://api.bitget.com/api/v2/mix/market/candles?productType=USDT-FUTURES&symbol...
2026-03-27 19:01:51 BRT [DEBUG  ]       → HTTP 200 | 6.1KB | enc:gzip | 0.46s
2026-03-27 19:01:51 BRT [DEBUG  ]   ✅  Klines SHIBUSDT 4H: 60 candles | 03/27 17:00 → 03/17 21:00
2026-03-27 19:01:51 BRT [DEBUG  ]   💾  Cache GRAVADO SHIBUSDT 4H: 60 candles
2026-03-27 19:01:51 BRT [DEBUG  ]   GET https://api.bitget.com/api/v2/mix/market/candles?productType=USDT-FUTURES&symbol...
2026-03-27 19:01:51 BRT [DEBUG  ]       → HTTP 200 | 4.5KB | enc:gzip | 0.47s
2026-03-27 19:01:51 BRT [DEBUG  ]   ✅  Klines WLFIUSDT 15m: 60 candles | 03/27 19:00 → 03/27 04:15
2026-03-27 19:01:51 BRT [DEBUG  ]   GET https://api.bitget.com/api/v2/mix/market/candles?productType=USDT-FUTURES&symbol...
2026-03-27 19:01:51 BRT [DEBUG  ]       → HTTP 200 | 4.5KB | enc:gzip | 0.47s
2026-03-27 19:01:51 BRT [DEBUG  ]   ✅  Klines CRVUSDT 1H: 60 candles | 03/27 19:00 → 03/25 08:00
2026-03-27 19:01:51 BRT [DEBUG  ]   💾  Cache GRAVADO CRVUSDT 1H: 60 candles
2026-03-27 19:01:51 BRT [DEBUG  ]   GET https://api.bitget.com/api/v2/mix/market/candles?productType=USDT-FUTURES&symbol...
2026-03-27 19:01:51 BRT [DEBUG  ]       → HTTP 200 | 4.8KB | enc:gzip | 0.47s
2026-03-27 19:01:51 BRT [DEBUG  ]   ✅  Klines HYPEUSDT 4H: 60 candles | 03/27 17:00 → 03/17 21:00
2026-03-27 19:01:51 BRT [DEBUG  ]   💾  Cache GRAVADO HYPEUSDT 4H: 60 candles
2026-03-27 19:01:51 BRT [DEBUG  ]   GET https://api.bitget.com/api/v2/mix/market/candles?productType=USDT-FUTURES&symbol...
2026-03-27 19:01:51 BRT [DEBUG  ]       → HTTP 200 | 6.5KB | enc:gzip | 0.47s
2026-03-27 19:01:51 BRT [DEBUG  ]   ✅  Klines PEPEUSDT 1H: 60 candles | 03/27 19:00 → 03/25 08:00
2026-03-27 19:01:51 BRT [DEBUG  ]   💾  Cache GRAVADO PEPEUSDT 1H: 60 candles
2026-03-27 19:01:51 BRT [DEBUG  ]   GET https://api.bitget.com/api/v2/mix/market/candles?productType=USDT-FUTURES&symbol...
2026-03-27 19:01:51 BRT [DEBUG  ]       → HTTP 200 | 4.9KB | enc:gzip | 0.47s
2026-03-27 19:01:51 BRT [DEBUG  ]   ✅  Klines APTUSDT 15m: 60 candles | 03/27 19:00 → 03/27 04:15
2026-03-27 19:01:51 BRT [DEBUG  ]   GET https://api.bitget.com/api/v2/mix/market/candles?productType=USDT-FUTURES&symbol...
2026-03-27 19:01:51 BRT [DEBUG  ]       → HTTP 200 | 4.5KB | enc:gzip | 0.47s
2026-03-27 19:01:51 BRT [DEBUG  ]   ✅  Klines CRVUSDT 15m: 60 candles | 03/27 19:00 → 03/27 04:15
2026-03-27 19:01:51 BRT [DEBUG  ]   GET https://api.bitget.com/api/v2/mix/market/candles?productType=USDT-FUTURES&symbol...
2026-03-27 19:01:51 BRT [DEBUG  ]       → HTTP 200 | 4.4KB | enc:gzip | 0.47s
2026-03-27 19:01:51 BRT [DEBUG  ]   ✅  Klines ATOMUSDT 1H: 60 candles | 03/27 19:00 → 03/25 08:00
2026-03-27 19:01:51 BRT [DEBUG  ]   💾  Cache GRAVADO ATOMUSDT 1H: 60 candles
2026-03-27 19:01:51 BRT [DEBUG  ]   GET https://api.bitget.com/api/v2/mix/market/candles?productType=USDT-FUTURES&symbol...
2026-03-27 19:01:51 BRT [DEBUG  ]       → HTTP 200 | 4.9KB | enc:gzip | 0.47s
2026-03-27 19:01:51 BRT [DEBUG  ]   ✅  Klines PIPPINUSDT 15m: 60 candles | 03/27 19:00 → 03/27 04:15
2026-03-27 19:01:51 BRT [DEBUG  ]   GET https://api.bitget.com/api/v2/mix/market/candles?productType=USDT-FUTURES&symbol...
2026-03-27 19:01:51 BRT [DEBUG  ]       → HTTP 200 | 4.7KB | enc:gzip | 0.47s
2026-03-27 19:01:51 BRT [DEBUG  ]   ✅  Klines HYPEUSDT 1H: 60 candles | 03/27 19:00 → 03/25 08:00
2026-03-27 19:01:51 BRT [DEBUG  ]   💾  Cache GRAVADO HYPEUSDT 1H: 60 candles
2026-03-27 19:01:51 BRT [DEBUG  ]   GET https://api.bitget.com/api/v2/mix/market/candles?productType=USDT-FUTURES&symbol...
2026-03-27 19:01:51 BRT [DEBUG  ]       → HTTP 200 | 4.5KB | enc:gzip | 0.47s
2026-03-27 19:01:51 BRT [DEBUG  ]   ✅  Klines ATOMUSDT 4H: 60 candles | 03/27 17:00 → 03/17 21:00
2026-03-27 19:01:51 BRT [DEBUG  ]   💾  Cache GRAVADO ATOMUSDT 4H: 60 candles
2026-03-27 19:01:51 BRT [DEBUG  ]   GET https://api.bitget.com/api/v2/mix/market/candles?productType=USDT-FUTURES&symbol...
2026-03-27 19:01:51 BRT [DEBUG  ]       → HTTP 200 | 6.4KB | enc:gzip | 0.48s
2026-03-27 19:01:51 BRT [DEBUG  ]   ✅  Klines PEPEUSDT 15m: 60 candles | 03/27 19:00 → 03/27 04:15
2026-03-27 19:01:51 BRT [DEBUG  ]   GET https://api.bitget.com/api/v2/mix/market/candles?productType=USDT-FUTURES&symbol...
2026-03-27 19:01:51 BRT [DEBUG  ]       → HTTP 200 | 4.9KB | enc:gzip | 0.48s
2026-03-27 19:01:51 BRT [DEBUG  ]   ✅  Klines DOGEUSDT 15m: 60 candles | 03/27 19:00 → 03/27 04:15
2026-03-27 19:01:51 BRT [DEBUG  ]   GET https://api.bitget.com/api/v2/mix/market/candles?productType=USDT-FUTURES&symbol...
2026-03-27 19:01:51 BRT [DEBUG  ]       → HTTP 200 | 5.0KB | enc:gzip | 0.47s
2026-03-27 19:01:51 BRT [DEBUG  ]   ✅  Klines DOGEUSDT 4H: 60 candles | 03/27 17:00 → 03/17 21:00
2026-03-27 19:01:51 BRT [DEBUG  ]   💾  Cache GRAVADO DOGEUSDT 4H: 60 candles
2026-03-27 19:01:51 BRT [DEBUG  ]   GET https://api.bitget.com/api/v2/mix/market/candles?productType=USDT-FUTURES&symbol...
2026-03-27 19:01:51 BRT [DEBUG  ]       → HTTP 200 | 4.6KB | enc:gzip | 0.47s
2026-03-27 19:01:51 BRT [DEBUG  ]   ✅  Klines WLFIUSDT 4H: 60 candles | 03/27 17:00 → 03/17 21:00
2026-03-27 19:01:51 BRT [DEBUG  ]   💾  Cache GRAVADO WLFIUSDT 4H: 60 candles
2026-03-27 19:01:51 BRT [DEBUG  ]   GET https://api.bitget.com/api/v2/mix/market/candles?productType=USDT-FUTURES&symbol...
2026-03-27 19:01:51 BRT [DEBUG  ]       → HTTP 200 | 4.8KB | enc:gzip | 0.48s
2026-03-27 19:01:51 BRT [DEBUG  ]   ✅  Klines BEATUSDT 1H: 60 candles | 03/27 19:00 → 03/25 08:00
2026-03-27 19:01:51 BRT [DEBUG  ]   💾  Cache GRAVADO BEATUSDT 1H: 60 candles
2026-03-27 19:01:51 BRT [DEBUG  ]   GET https://api.bitget.com/api/v2/mix/market/candles?productType=USDT-FUTURES&symbol...
2026-03-27 19:01:51 BRT [DEBUG  ]       → HTTP 200 | 4.5KB | enc:gzip | 0.48s
2026-03-27 19:01:51 BRT [DEBUG  ]   ✅  Klines ICPUSDT 1H: 60 candles | 03/27 19:00 → 03/25 08:00
2026-03-27 19:01:51 BRT [DEBUG  ]   💾  Cache GRAVADO ICPUSDT 1H: 60 candles
2026-03-27 19:01:51 BRT [DEBUG  ]   GET https://api.bitget.com/api/v2/mix/market/candles?productType=USDT-FUTURES&symbol...
2026-03-27 19:01:51 BRT [DEBUG  ]       → HTTP 200 | 4.6KB | enc:gzip | 0.48s
2026-03-27 19:01:51 BRT [DEBUG  ]   ✅  Klines OPUSDT 15m: 60 candles | 03/27 19:00 → 03/27 04:15
2026-03-27 19:01:51 BRT [DEBUG  ]   GET https://api.bitget.com/api/v2/mix/market/candles?productType=USDT-FUTURES&symbol...
2026-03-27 19:01:51 BRT [DEBUG  ]       → HTTP 200 | 4.7KB | enc:gzip | 0.48s
2026-03-27 19:01:51 BRT [DEBUG  ]   ✅  Klines ONDOUSDT 15m: 60 candles | 03/27 19:00 → 03/27 04:15
2026-03-27 19:01:51 BRT [DEBUG  ]   GET https://api.bitget.com/api/v2/mix/market/candles?productType=USDT-FUTURES&symbol...
2026-03-27 19:01:51 BRT [DEBUG  ]       → HTTP 200 | 4.4KB | enc:gzip | 0.48s
2026-03-27 19:01:51 BRT [DEBUG  ]   ✅  Klines ICPUSDT 15m: 60 candles | 03/27 19:00 → 03/27 04:15
2026-03-27 19:01:51 BRT [DEBUG  ]   GET https://api.bitget.com/api/v2/mix/market/candles?productType=USDT-FUTURES&symbol...
2026-03-27 19:01:51 BRT [DEBUG  ]       → HTTP 200 | 6.6KB | enc:gzip | 0.48s
2026-03-27 19:01:51 BRT [DEBUG  ]   ✅  Klines PEPEUSDT 4H: 60 candles | 03/27 17:00 → 03/17 21:00
2026-03-27 19:01:51 BRT [DEBUG  ]   💾  Cache GRAVADO PEPEUSDT 4H: 60 candles
2026-03-27 19:01:51 BRT [DEBUG  ]   GET https://api.bitget.com/api/v2/mix/market/candles?productType=USDT-FUTURES&symbol...
2026-03-27 19:01:51 BRT [DEBUG  ]       → HTTP 200 | 4.8KB | enc:gzip | 0.48s
2026-03-27 19:01:51 BRT [DEBUG  ]   ✅  Klines ONDOUSDT 4H: 60 candles | 03/27 17:00 → 03/17 21:00
2026-03-27 19:01:51 BRT [DEBUG  ]   💾  Cache GRAVADO ONDOUSDT 4H: 60 candles
2026-03-27 19:01:51 BRT [DEBUG  ]   GET https://api.bitget.com/api/v2/mix/market/candles?productType=USDT-FUTURES&symbol...
2026-03-27 19:01:51 BRT [DEBUG  ]       → HTTP 200 | 4.5KB | enc:gzip | 0.48s
2026-03-27 19:01:51 BRT [DEBUG  ]   ✅  Klines ICPUSDT 4H: 60 candles | 03/27 17:00 → 03/17 21:00
2026-03-27 19:01:51 BRT [DEBUG  ]   💾  Cache GRAVADO ICPUSDT 4H: 60 candles
2026-03-27 19:01:51 BRT [DEBUG  ]   GET https://api.bitget.com/api/v2/mix/market/candles?productType=USDT-FUTURES&symbol...
2026-03-27 19:01:51 BRT [DEBUG  ]       → HTTP 200 | 4.7KB | enc:gzip | 0.49s
2026-03-27 19:01:51 BRT [DEBUG  ]   ✅  Klines BEATUSDT 15m: 60 candles | 03/27 19:00 → 03/27 04:15
2026-03-27 19:01:51 BRT [DEBUG  ]   GET https://api.bitget.com/api/v2/mix/market/candles?productType=USDT-FUTURES&symbol...
2026-03-27 19:01:51 BRT [DEBUG  ]       → HTTP 200 | 4.5KB | enc:gzip | 0.49s
2026-03-27 19:01:51 BRT [DEBUG  ]   ✅  Klines XPLUSDT 15m: 60 candles | 03/27 19:00 → 03/27 04:15
2026-03-27 19:01:51 BRT [DEBUG  ]   GET https://api.bitget.com/api/v2/mix/market/candles?productType=USDT-FUTURES&symbol...
2026-03-27 19:01:51 BRT [DEBUG  ]       → HTTP 200 | 4.7KB | enc:gzip | 0.49s
2026-03-27 19:01:51 BRT [DEBUG  ]   ✅  Klines ONDOUSDT 1H: 60 candles | 03/27 19:00 → 03/25 08:00
2026-03-27 19:01:51 BRT [DEBUG  ]   💾  Cache GRAVADO ONDOUSDT 1H: 60 candles
2026-03-27 19:01:51 BRT [DEBUG  ]   GET https://api.bitget.com/api/v2/mix/market/candles?productType=USDT-FUTURES&symbol...
2026-03-27 19:01:51 BRT [DEBUG  ]       → HTTP 200 | 5.0KB | enc:gzip | 0.48s
2026-03-27 19:01:51 BRT [DEBUG  ]   ✅  Klines APTUSDT 4H: 60 candles | 03/27 17:00 → 03/17 21:00
2026-03-27 19:01:51 BRT [DEBUG  ]   💾  Cache GRAVADO APTUSDT 4H: 60 candles
2026-03-27 19:01:51 BRT [DEBUG  ]   GET https://api.bitget.com/api/v2/mix/market/candles?productType=USDT-FUTURES&symbol...
2026-03-27 19:01:51 BRT [DEBUG  ]       → HTTP 200 | 4.7KB | enc:gzip | 0.49s
2026-03-27 19:01:51 BRT [DEBUG  ]   ✅  Klines XRPUSDT 1H: 60 candles | 03/27 19:00 → 03/25 08:00
2026-03-27 19:01:51 BRT [DEBUG  ]   💾  Cache GRAVADO XRPUSDT 1H: 60 candles
2026-03-27 19:01:51 BRT [DEBUG  ]   GET https://api.bitget.com/api/v2/mix/market/candles?productType=USDT-FUTURES&symbol...
2026-03-27 19:01:51 BRT [DEBUG  ]       → HTTP 200 | 4.3KB | enc:gzip | 0.49s
2026-03-27 19:01:51 BRT [DEBUG  ]   ✅  Klines LITUSDT 4H: 60 candles | 03/27 17:00 → 03/17 21:00
2026-03-27 19:01:51 BRT [DEBUG  ]   💾  Cache GRAVADO LITUSDT 4H: 60 candles
2026-03-27 19:01:51 BRT [DEBUG  ]   GET https://api.bitget.com/api/v2/mix/market/candles?productType=USDT-FUTURES&symbol...
2026-03-27 19:01:51 BRT [DEBUG  ]       → HTTP 200 | 4.9KB | enc:gzip | 0.49s
2026-03-27 19:01:51 BRT [DEBUG  ]   ✅  Klines BEATUSDT 4H: 60 candles | 03/27 17:00 → 03/17 21:00
2026-03-27 19:01:51 BRT [DEBUG  ]   💾  Cache GRAVADO BEATUSDT 4H: 60 candles
2026-03-27 19:01:51 BRT [INFO   ]   ─ LONG ONDO: 15m=60 | 1H=60 | 4H=60
2026-03-27 19:01:51 BRT [INFO   ]   SCORE ONDO [LONG]: 7/25 | DQ=100% | klines: 15m=✅ 1H=✅ 4H=✅
2026-03-27 19:01:51 BRT [INFO   ]     Contexto 4H               +0/0 · STRONG_BUY (contexto, não pontuado)
2026-03-27 19:01:51 BRT [INFO   ]     P4 Liquidez 4H            +1/3 █ OB 4H (0.2643-0.2647)
2026-03-27 19:01:51 BRT [INFO   ]     P5 Figuras 4H             +1/2 █ Cunha Descendente (pullback)
2026-03-27 19:01:51 BRT [INFO   ]     P6 CHOCH/BOS 4H           +3/3 ███ CHOCH Bullish 4H (reversão confirmada)
2026-03-27 19:01:51 BRT [INFO   ]     P-1H Suporte 1H           +2/4 ██ Order Block 1H (0.2617-0.2678)
2026-03-27 19:01:51 BRT [INFO   ]     P1 Bollinger 15m          +0/3 · BB neutro (66%)
2026-03-27 19:01:51 BRT [INFO   ]     P2 Candles 15m            +0/4 · Nenhum
2026-03-27 19:01:51 BRT [INFO   ]     P3 Funding Rate           +0/2 · 0.0045% (neutro)
2026-03-27 19:01:51 BRT [INFO   ]     P7 Filtro Pump/Dump       +0/0 · OK (2.1%)
2026-03-27 19:01:51 BRT [INFO   ]     P8 Volume 15m             +0/2 · Volume fraco (1.0x < 1.2x)
2026-03-27 19:01:51 BRT [INFO   ]     P9 OI Crescente           +0/2 · OI estável (+1.1% vs média, 7.7M)
2026-03-27 19:01:51 BRT [DEBUG  ]     TradeParams LONG: SL=1.42% | notional=$353 | alav_margem=10.1x → cap=2x → alav=2.0x | margem=$176.40 ⚠️MARGEM $176>35 | risco=$5.00 | ganho=$10.00
2026-03-27 19:01:51 BRT [INFO   ]   📈 LONG ONDO: score=7/25 | entry=0.2703 | SL=1.42% | alav=2.0x ✅
2026-03-27 19:01:51 BRT [INFO   ]   ─ SHORT PIPPIN: 15m=60 | 1H=60 | 4H=60
2026-03-27 19:01:51 BRT [DEBUG  ]     find_swing_points: fallback window=3 aplicado (window=5 insuficiente: 6H/5L → 6H/5L)
2026-03-27 19:01:51 BRT [DEBUG  ]     find_swing_points: fallback window=3 aplicado (window=5 insuficiente: 6H/5L → 6H/5L)
2026-03-27 19:01:51 BRT [DEBUG  ]     find_swing_points: fallback window=3 aplicado (window=5 insuficiente: 6H/5L → 6H/5L)
2026-03-27 19:01:51 BRT [INFO   ]   SCORE PIPPIN [SHORT]: 5/25 | DQ=100% | klines: 15m=✅ 1H=✅ 4H=✅
2026-03-27 19:01:51 BRT [INFO   ]     Contexto 4H               +0/0 · STRONG_SELL (contexto SHORT, não pontuado)
2026-03-27 19:01:51 BRT [INFO   ]     P4 Liquidez 4H            +0/3 · Longe de resistências 4H
2026-03-27 19:01:51 BRT [INFO   ]     P5 Figuras 4H             +1/2 █ Cunha Ascendente (pullback bearish)
2026-03-27 19:01:51 BRT [INFO   ]     P6 CHOCH/BOS 4H           +0/3 · Sem estrutura bearish no 4H
2026-03-27 19:01:51 BRT [INFO   ]     P-1H Resistência 1H       +2/4 ██ OB Bearish 1H (0.0514-0.0520)
2026-03-27 19:01:51 BRT [INFO   ]     P1 Bollinger 15m          +0/3 · BB neutro (54%)
2026-03-27 19:01:51 BRT [INFO   ]     P2 Candles 15m            +0/4 · Nenhum
2026-03-27 19:01:51 BRT [INFO   ]     P3 Funding Rate           +2/2 ██ 0.0565% (longs excessivos — squeeze short potencial)
2026-03-27 19:01:51 BRT [INFO   ]     P7 Filtro Pump/Dump       +0/0 · OK (-3.1%)
2026-03-27 19:01:51 BRT [INFO   ]     P8 Volume 15m             +0/2 · Volume fraco (0.9x < 1.2x)
2026-03-27 19:01:51 BRT [INFO   ]     P9 OI Crescente           +0/2 · OI estável (-3.6% vs média, 7.0M)
2026-03-27 19:01:51 BRT [DEBUG  ]     TradeParams SHORT: SL=6.12% | notional=$82 | alav_margem=2.3x → cap=2x → alav=2.0x | margem=$40.85 ⚠️MARGEM $41>35 | risco=$5.00 | ganho=$10.00
2026-03-27 19:01:51 BRT [INFO   ]   📉 SHORT PIPPIN: score=5/25 | entry=0.0526 | SL=6.12% | alav=2.0x ✅
2026-03-27 19:01:51 BRT [INFO   ]   ─ SHORT XPL: 15m=60 | 1H=60 | 4H=60
2026-03-27 19:01:51 BRT [DEBUG  ]     find_swing_points: fallback window=3 aplicado (window=5 insuficiente: 4H/7L → 4H/7L)
2026-03-27 19:01:51 BRT [INFO   ]   SCORE XPL [SHORT]: 5/25 | DQ=100% | klines: 15m=✅ 1H=✅ 4H=✅
2026-03-27 19:01:51 BRT [INFO   ]     Contexto 4H               +0/0 · SELL (contexto SHORT, não pontuado)
2026-03-27 19:01:51 BRT [INFO   ]     P4 Liquidez 4H            +0/3 · Longe de resistências 4H
2026-03-27 19:01:51 BRT [INFO   ]     P5 Figuras 4H             +0/2 · Sem figuras bearish claras no 4H
2026-03-27 19:01:51 BRT [INFO   ]     P6 CHOCH/BOS 4H           +3/3 ███ CHOCH Bearish 4H (reversão confirmada)
2026-03-27 19:01:51 BRT [INFO   ]     P-1H Resistência 1H       +0/4 · Preço longe de resistências no 1H
2026-03-27 19:01:51 BRT [INFO   ]     P1 Bollinger 15m          +1/3 █ BB alta (77%)
2026-03-27 19:01:51 BRT [INFO   ]     P2 Candles 15m            +0/4 · Nenhum
2026-03-27 19:01:51 BRT [INFO   ]     P3 Funding Rate           +1/2 █ 0.0015% (leve positivo)
2026-03-27 19:01:51 BRT [INFO   ]     P7 Filtro Pump/Dump       +0/0 · OK (-6.0%)
2026-03-27 19:01:51 BRT [INFO   ]     P8 Volume 15m             +0/2 · Volume fraco (0.3x < 1.2x)
2026-03-27 19:01:51 BRT [INFO   ]     P9 OI Crescente           +0/2 · OI estável (-5.2% vs média, 6.1M)
2026-03-27 19:01:51 BRT [DEBUG  ]     TradeParams SHORT: SL=0.94% | notional=$531 | alav_margem=15.2x → cap=2x → alav=2.0x | margem=$265.64 ⚠️MARGEM $266>35 | risco=$5.00 | ganho=$10.00
2026-03-27 19:01:51 BRT [INFO   ]   📉 SHORT XPL: score=5/25 | entry=0.0888 | SL=0.94% | alav=2.0x ✅
2026-03-27 19:01:51 BRT [INFO   ]   ─ SHORT SHIB: 15m=60 | 1H=60 | 4H=60
2026-03-27 19:01:51 BRT [DEBUG  ]     find_swing_points: fallback window=3 aplicado (window=5 insuficiente: 3H/5L → 3H/5L)
2026-03-27 19:01:51 BRT [DEBUG  ]     find_swing_points: fallback window=3 aplicado (window=5 insuficiente: 3H/5L → 3H/5L)
2026-03-27 19:01:51 BRT [DEBUG  ]     find_swing_points: fallback window=3 aplicado (window=5 insuficiente: 3H/5L → 3H/5L)
2026-03-27 19:01:51 BRT [DEBUG  ]     find_swing_points: fallback window=3 aplicado (window=5 insuficiente: 5H/7L → 5H/7L)
2026-03-27 19:01:51 BRT [INFO   ]   SCORE SHIB [SHORT]: 5/25 | DQ=100% | klines: 15m=✅ 1H=✅ 4H=✅
2026-03-27 19:01:51 BRT [INFO   ]     Contexto 4H               +0/0 · SELL (contexto SHORT, não pontuado)
2026-03-27 19:01:51 BRT [INFO   ]     P4 Liquidez 4H            +1/3 █ OB Bearish 4H (0.0000-0.0000)
2026-03-27 19:01:51 BRT [INFO   ]     P5 Figuras 4H             +0/2 · Sem figuras bearish claras no 4H
2026-03-27 19:01:51 BRT [INFO   ]     P6 CHOCH/BOS 4H           +0/3 · Sem estrutura bearish no 4H
2026-03-27 19:01:51 BRT [INFO   ]     P-1H Resistência 1H       +2/4 ██ Resistência 1H em 0.00000581 (0.64% acima)
2026-03-27 19:01:51 BRT [INFO   ]     P1 Bollinger 15m          +0/3 · BB neutro (56%)
2026-03-27 19:01:51 BRT [INFO   ]     P2 Candles 15m            +0/4 · Nenhum
2026-03-27 19:01:51 BRT [INFO   ]     P3 Funding Rate           +1/2 █ 0.0052% (leve positivo)
2026-03-27 19:01:51 BRT [INFO   ]     P7 Filtro Pump/Dump       +0/0 · OK (-2.6%)
2026-03-27 19:01:51 BRT [INFO   ]     P8 Volume 15m             +1/2 █ Volume adequado (1.6x média)
2026-03-27 19:01:51 BRT [INFO   ]     P9 OI Crescente           +0/2 · OI estável (+1.5% vs média, 8.6M)
2026-03-27 19:01:51 BRT [DEBUG  ]     TradeParams SHORT: SL=0.53% | notional=$947 | alav_margem=27.1x → cap=2x → alav=2.0x | margem=$473.41 ⚠️MARGEM $473>35 | risco=$5.00 | ganho=$10.00
2026-03-27 19:01:51 BRT [INFO   ]   📉 SHORT SHIB: score=5/25 | entry=0.0000 | SL=0.53% | alav=2.0x ✅
2026-03-27 19:01:51 BRT [INFO   ]   ─ SHORT PUMP: 15m=60 | 1H=60 | 4H=60
2026-03-27 19:01:51 BRT [DEBUG  ]     find_swing_points: fallback window=3 aplicado (window=5 insuficiente: 5H/5L → 5H/5L)
2026-03-27 19:01:51 BRT [DEBUG  ]   SCORE PUMP [SHORT]: 3/25 | DQ=100% (abaixo do radar)
2026-03-27 19:01:51 BRT [DEBUG  ]     TradeParams SHORT: SL=0.72% | notional=$691 | alav_margem=19.8x → cap=2x → alav=2.0x | margem=$345.66 ⚠️MARGEM $346>35 | risco=$5.00 | ganho=$10.00
2026-03-27 19:01:51 BRT [INFO   ]   📉 SHORT PUMP: score=3/25 | entry=0.0017 | SL=0.72% | alav=2.0x ✅
2026-03-27 19:01:51 BRT [INFO   ]   ─ SHORT DOGE: 15m=60 | 1H=60 | 4H=60
2026-03-27 19:01:51 BRT [INFO   ]   SCORE DOGE [SHORT]: 5/25 | DQ=100% | klines: 15m=✅ 1H=✅ 4H=✅
2026-03-27 19:01:51 BRT [INFO   ]     Contexto 4H               +0/0 · SELL (contexto SHORT, não pontuado)
2026-03-27 19:01:51 BRT [INFO   ]     P4 Liquidez 4H            +1/3 █ OB Bearish 4H (0.0904-0.0925)
2026-03-27 19:01:51 BRT [INFO   ]     P5 Figuras 4H             +0/2 · Sem figuras bearish claras no 4H
2026-03-27 19:01:51 BRT [INFO   ]     P6 CHOCH/BOS 4H           +3/3 ███ CHOCH Bearish 4H (reversão confirmada)
2026-03-27 19:01:51 BRT [INFO   ]     P-1H Resistência 1H       +0/4 · Preço longe de resistências no 1H
2026-03-27 19:01:51 BRT [INFO   ]     P1 Bollinger 15m          +0/3 · BB neutro (46%)
2026-03-27 19:01:51 BRT [INFO   ]     P2 Candles 15m            +0/4 · Nenhum
2026-03-27 19:01:51 BRT [INFO   ]     P3 Funding Rate           +1/2 █ 0.0050% (leve positivo)
2026-03-27 19:01:51 BRT [INFO   ]     P7 Filtro Pump/Dump       +0/0 · OK (-2.6%)
2026-03-27 19:01:51 BRT [INFO   ]     P8 Volume 15m             +0/2 · Volume fraco (0.3x < 1.2x)
2026-03-27 19:01:51 BRT [INFO   ]     P9 OI Crescente           +0/2 · OI estável (+0.4% vs média, 94.1M)
2026-03-27 19:01:51 BRT [DEBUG  ]     TradeParams SHORT: SL=0.53% | notional=$952 | alav_margem=27.2x → cap=2x → alav=2.0x | margem=$476.15 ⚠️MARGEM $476>35 | risco=$5.00 | ganho=$10.00
2026-03-27 19:01:51 BRT [INFO   ]   📉 SHORT DOGE: score=5/25 | entry=0.0899 | SL=0.53% | alav=2.0x ✅
2026-03-27 19:01:51 BRT [INFO   ]   ─ SHORT WLFI: 15m=60 | 1H=60 | 4H=60
2026-03-27 19:01:51 BRT [DEBUG  ]     find_swing_points: fallback window=3 aplicado (window=5 insuficiente: 4H/7L → 4H/7L)
2026-03-27 19:01:51 BRT [DEBUG  ]     find_swing_points: fallback window=3 aplicado (window=5 insuficiente: 4H/7L → 4H/7L)
2026-03-27 19:01:51 BRT [DEBUG  ]     find_swing_points: fallback window=3 aplicado (window=5 insuficiente: 4H/7L → 4H/7L)
2026-03-27 19:01:51 BRT [INFO   ]   SCORE WLFI [SHORT]: 5/25 | DQ=100% | klines: 15m=✅ 1H=✅ 4H=✅
2026-03-27 19:01:51 BRT [INFO   ]     Contexto 4H               +0/0 · STRONG_SELL (contexto SHORT, não pontuado)
2026-03-27 19:01:51 BRT [INFO   ]     P4 Liquidez 4H            +1/3 █ OB Bearish 4H (0.0938-0.0947)
2026-03-27 19:01:51 BRT [INFO   ]     P5 Figuras 4H             +0/2 · Sem figuras bearish claras no 4H
2026-03-27 19:01:51 BRT [INFO   ]     P6 CHOCH/BOS 4H           +1/3 █ Estrutura 4H bearish (Lower Highs)
2026-03-27 19:01:51 BRT [INFO   ]     P-1H Resistência 1H       +2/4 ██ OB Bearish 1H (0.0979-0.0984)
2026-03-27 19:01:51 BRT [INFO   ]     P1 Bollinger 15m          +0/3 · BB neutro (4%)
2026-03-27 19:01:51 BRT [INFO   ]     P2 Candles 15m            +0/4 · Nenhum
2026-03-27 19:01:51 BRT [INFO   ]     P3 Funding Rate           +1/2 █ 0.0050% (leve positivo)
2026-03-27 19:01:51 BRT [INFO   ]     P7 Filtro Pump/Dump       +0/0 · OK (-2.1%)
2026-03-27 19:01:51 BRT [INFO   ]     P8 Volume 15m             +0/2 · Volume fraco (0.4x < 1.2x)
2026-03-27 19:01:51 BRT [INFO   ]     P9 OI Crescente           +0/2 · OI estável (-4.0% vs média, 12.1M)
2026-03-27 19:01:51 BRT [DEBUG  ]     TradeParams SHORT: SL=0.65% | notional=$770 | alav_margem=22.0x → cap=2x → alav=2.0x | margem=$384.90 ⚠️MARGEM $385>35 | risco=$5.00 | ganho=$10.00
2026-03-27 19:01:51 BRT [INFO   ]   📉 SHORT WLFI: score=5/25 | entry=0.0962 | SL=0.65% | alav=2.0x ✅
2026-03-27 19:01:51 BRT [INFO   ]   ─ SHORT BEAT: 15m=60 | 1H=60 | 4H=60
2026-03-27 19:01:51 BRT [DEBUG  ]     find_swing_points: fallback window=3 aplicado (window=5 insuficiente: 6H/4L → 6H/4L)
2026-03-27 19:01:51 BRT [DEBUG  ]     find_swing_points: fallback window=3 aplicado (window=5 insuficiente: 6H/4L → 6H/4L)
2026-03-27 19:01:51 BRT [DEBUG  ]     find_swing_points: fallback window=3 aplicado (window=5 insuficiente: 6H/4L → 6H/4L)
2026-03-27 19:01:51 BRT [INFO   ]   SCORE BEAT [SHORT]: 6/25 | DQ=100% | klines: 15m=✅ 1H=✅ 4H=✅
2026-03-27 19:01:51 BRT [INFO   ]     Contexto 4H               +0/0 · SELL (contexto SHORT, não pontuado)
2026-03-27 19:01:51 BRT [INFO   ]     P4 Liquidez 4H            +0/3 · Longe de resistências 4H
2026-03-27 19:01:51 BRT [INFO   ]     P5 Figuras 4H             +0/2 · Sem figuras bearish claras no 4H
2026-03-27 19:01:51 BRT [INFO   ]     P6 CHOCH/BOS 4H           +3/3 ███ CHOCH Bearish 4H (reversão confirmada)
2026-03-27 19:01:51 BRT [INFO   ]     P-1H Resistência 1H       +2/4 ██ OB Bearish 1H (0.5094-0.5331)
2026-03-27 19:01:51 BRT [INFO   ]     P1 Bollinger 15m          +0/3 · BB neutro (45%)
2026-03-27 19:01:51 BRT [INFO   ]     P2 Candles 15m            +0/4 · Nenhum
2026-03-27 19:01:51 BRT [INFO   ]     P3 Funding Rate           +1/2 █ 0.0134% (leve positivo)
2026-03-27 19:01:51 BRT [INFO   ]     P7 Filtro Pump/Dump       +0/0 · OK (-9.1%)
2026-03-27 19:01:51 BRT [INFO   ]     P8 Volume 15m             +0/2 · Volume fraco (0.6x < 1.2x)
2026-03-27 19:01:51 BRT [INFO   ]     P9 OI Crescente           +0/2 · OI estável (-2.7% vs média, 9.4M)
2026-03-27 19:01:51 BRT [DEBUG  ]     TradeParams SHORT: SL=2.44% | notional=$205 | alav_margem=5.9x → cap=2x → alav=2.0x | margem=$102.56 ⚠️MARGEM $103>35 | risco=$5.00 | ganho=$10.00
2026-03-27 19:01:51 BRT [INFO   ]   📉 SHORT BEAT: score=6/25 | entry=0.5254 | SL=2.44% | alav=2.0x ✅
2026-03-27 19:01:51 BRT [INFO   ]   ─ SHORT OP: 15m=60 | 1H=60 | 4H=60
2026-03-27 19:01:51 BRT [DEBUG  ]     find_swing_points: fallback window=3 aplicado (window=5 insuficiente: 8H/5L → 8H/5L)
2026-03-27 19:01:51 BRT [DEBUG  ]     find_swing_points: fallback window=3 aplicado (window=5 insuficiente: 8H/5L → 8H/5L)
2026-03-27 19:01:51 BRT [DEBUG  ]     find_swing_points: fallback window=3 aplicado (window=5 insuficiente: 8H/5L → 8H/5L)
2026-03-27 19:01:51 BRT [DEBUG  ]   SCORE OP [SHORT]: 4/25 | DQ=100% (abaixo do radar)
2026-03-27 19:01:51 BRT [DEBUG  ]     TradeParams SHORT: SL=0.83% | notional=$605 | alav_margem=17.3x → cap=2x → alav=2.0x | margem=$302.68 ⚠️MARGEM $303>35 | risco=$5.00 | ganho=$10.00
2026-03-27 19:01:51 BRT [INFO   ]   📉 SHORT OP: score=4/25 | entry=0.1034 | SL=0.83% | alav=2.0x ✅
2026-03-27 19:01:51 BRT [INFO   ]   ─ SHORT HBAR: 15m=60 | 1H=60 | 4H=60
2026-03-27 19:01:51 BRT [DEBUG  ]     find_swing_points: fallback window=3 aplicado (window=5 insuficiente: 5H/7L → 5H/7L)
2026-03-27 19:01:51 BRT [INFO   ]   SCORE HBAR [SHORT]: 7/25 | DQ=100% | klines: 15m=✅ 1H=✅ 4H=✅
2026-03-27 19:01:51 BRT [INFO   ]     Contexto 4H               +0/0 · SELL (contexto SHORT, não pontuado)
2026-03-27 19:01:51 BRT [INFO   ]     P4 Liquidez 4H            +1/3 █ OB Bearish 4H (0.0892-0.0921)
2026-03-27 19:01:51 BRT [INFO   ]     P5 Figuras 4H             +0/2 · Sem figuras bearish claras no 4H
2026-03-27 19:01:51 BRT [INFO   ]     P6 CHOCH/BOS 4H           +3/3 ███ CHOCH Bearish 4H (reversão confirmada)
2026-03-27 19:01:51 BRT [INFO   ]     P-1H Resistência 1H       +2/4 ██ Resistência 1H em 0.0899 (1.23% acima)
2026-03-27 19:01:51 BRT [INFO   ]     P1 Bollinger 15m          +0/3 · BB neutro (43%)
2026-03-27 19:01:51 BRT [INFO   ]     P2 Candles 15m            +0/4 · Nenhum
2026-03-27 19:01:51 BRT [INFO   ]     P3 Funding Rate           +1/2 █ 0.0018% (leve positivo)
2026-03-27 19:01:51 BRT [INFO   ]     P7 Filtro Pump/Dump       +0/0 · OK (-2.9%)
2026-03-27 19:01:51 BRT [INFO   ]     P8 Volume 15m             +0/2 · Volume fraco (0.3x < 1.2x)
2026-03-27 19:01:51 BRT [INFO   ]     P9 OI Crescente           +0/2 · OI estável (-2.6% vs média, 6.4M)
2026-03-27 19:01:51 BRT [DEBUG  ]     TradeParams SHORT: SL=0.50% | notional=$1010 | alav_margem=28.9x → cap=2x → alav=2.0x | margem=$504.97 ⚠️MARGEM $505>35 | risco=$5.00 | ganho=$10.00
2026-03-27 19:01:51 BRT [INFO   ]   📉 SHORT HBAR: score=7/25 | entry=0.0888 | SL=0.50% | alav=2.0x ✅
2026-03-27 19:01:51 BRT [INFO   ]   ─ SHORT ASTER: 15m=60 | 1H=60 | 4H=60
2026-03-27 19:01:51 BRT [INFO   ]   SCORE ASTER [SHORT]: 10/25 | DQ=100% | klines: 15m=✅ 1H=✅ 4H=✅
2026-03-27 19:01:51 BRT [INFO   ]     Contexto 4H               +0/0 · SELL (contexto SHORT, não pontuado)
2026-03-27 19:01:51 BRT [INFO   ]     P4 Liquidez 4H            +3/3 ███ Resistência 4H 0.6749 (2.16% acima) | OB Bearish 4H (0.6571-0.6682) | Confluência Res+OB Bearish
2026-03-27 19:01:51 BRT [INFO   ]     P5 Figuras 4H             +1/2 █ Cunha Ascendente (pullback bearish)
2026-03-27 19:01:51 BRT [INFO   ]     P6 CHOCH/BOS 4H           +3/3 ███ CHOCH Bearish 4H (reversão confirmada)
2026-03-27 19:01:51 BRT [INFO   ]     P-1H Resistência 1H       +2/4 ██ Resistência 1H em 0.6665 (0.89% acima)
2026-03-27 19:01:51 BRT [INFO   ]     P1 Bollinger 15m          +0/3 · BB neutro (46%)
2026-03-27 19:01:51 BRT [INFO   ]     P2 Candles 15m            +0/4 · Nenhum
2026-03-27 19:01:51 BRT [INFO   ]     P3 Funding Rate           +1/2 █ 0.0050% (leve positivo)
2026-03-27 19:01:51 BRT [INFO   ]     P7 Filtro Pump/Dump       +0/0 · OK (-0.8%)
2026-03-27 19:01:51 BRT [INFO   ]     P8 Volume 15m             +0/2 · Volume fraco (0.2x < 1.2x)
2026-03-27 19:01:51 BRT [INFO   ]     P9 OI Crescente           +0/2 · OI estável (-1.2% vs média, 7.6M)
2026-03-27 19:01:51 BRT [DEBUG  ]     TradeParams SHORT: SL=0.37% | notional=$1346 | alav_margem=38.5x → cap=2x → alav=2.0x | margem=$673.18 ⚠️MARGEM $673>35 | risco=$5.00 | ganho=$10.00
2026-03-27 19:01:51 BRT [INFO   ]   📉 SHORT ASTER: score=10/25 | entry=0.6606 | SL=0.37% | alav=2.0x ✅
2026-03-27 19:01:51 BRT [INFO   ]   ─ SHORT LIT: 15m=60 | 1H=60 | 4H=60
2026-03-27 19:01:51 BRT [DEBUG  ]     find_swing_points: fallback window=3 aplicado (window=5 insuficiente: 5H/6L → 5H/6L)
2026-03-27 19:01:51 BRT [INFO   ]   SCORE LIT [SHORT]: 5/25 | DQ=100% | klines: 15m=✅ 1H=✅ 4H=✅
2026-03-27 19:01:51 BRT [INFO   ]     Contexto 4H               +0/0 · SELL (contexto SHORT, não pontuado)
2026-03-27 19:01:51 BRT [INFO   ]     P4 Liquidez 4H            +0/3 · Longe de resistências 4H
2026-03-27 19:01:51 BRT [INFO   ]     P5 Figuras 4H             +0/2 · Dados insuficientes para figuras
2026-03-27 19:01:51 BRT [INFO   ]     P6 CHOCH/BOS 4H           +0/3 · Sem estrutura bearish no 4H
2026-03-27 19:01:51 BRT [INFO   ]     P-1H Resistência 1H       +4/4 ████ Resistência 1H em 0.8890 (0.66% acima) | OB Bearish 1H (0.8910-0.8940)
2026-03-27 19:01:51 BRT [INFO   ]     P1 Bollinger 15m          +0/3 · BB neutro (51%)
2026-03-27 19:01:51 BRT [INFO   ]     P2 Candles 15m            +0/4 · Nenhum
2026-03-27 19:01:51 BRT [INFO   ]     P3 Funding Rate           +1/2 █ 0.0050% (leve positivo)
2026-03-27 19:01:51 BRT [INFO   ]     P7 Filtro Pump/Dump       +0/0 · OK (-2.2%)
2026-03-27 19:01:51 BRT [INFO   ]     P8 Volume 15m             +0/2 · Volume fraco (0.1x < 1.2x)
2026-03-27 19:01:51 BRT [INFO   ]     P9 OI Crescente           +0/2 · OI estável (+4.2% vs média, 5.7M)
2026-03-27 19:01:51 BRT [DEBUG  ]     TradeParams SHORT: SL=1.06% | notional=$472 | alav_margem=13.5x → cap=2x → alav=2.0x | margem=$236.03 ⚠️MARGEM $236>35 | risco=$5.00 | ganho=$10.00
2026-03-27 19:01:51 BRT [INFO   ]   📉 SHORT LIT: score=5/25 | entry=0.8832 | SL=1.06% | alav=2.0x ✅
2026-03-27 19:01:51 BRT [INFO   ]   ─ SHORT HYPE: 15m=60 | 1H=60 | 4H=60
2026-03-27 19:01:51 BRT [INFO   ]   SCORE HYPE [SHORT]: 11/25 | DQ=100% | klines: 15m=✅ 1H=✅ 4H=✅
2026-03-27 19:01:51 BRT [INFO   ]     Contexto 4H               +0/0 · SELL (contexto SHORT, não pontuado)
2026-03-27 19:01:51 BRT [INFO   ]     P4 Liquidez 4H            +1/3 █ OB Bearish 4H (37.8510-38.5250)
2026-03-27 19:01:51 BRT [INFO   ]     P5 Figuras 4H             +2/2 ██ Rising Wedge (reversão bearish)
2026-03-27 19:01:51 BRT [INFO   ]     P6 CHOCH/BOS 4H           +3/3 ███ CHOCH Bearish 4H (reversão confirmada)
2026-03-27 19:01:51 BRT [INFO   ]     P-1H Resistência 1H       +4/4 ████ Resistência 1H em 39.3620 (2.24% acima) | OB Bearish 1H (39.0140-39.0460)
2026-03-27 19:01:51 BRT [INFO   ]     P1 Bollinger 15m          +0/3 · BB neutro (68%)
2026-03-27 19:01:51 BRT [INFO   ]     P2 Candles 15m            +0/4 · Nenhum
2026-03-27 19:01:51 BRT [INFO   ]     P3 Funding Rate           +1/2 █ 0.0026% (leve positivo)
2026-03-27 19:01:51 BRT [INFO   ]     P7 Filtro Pump/Dump       +0/0 · OK (-1.3%)
2026-03-27 19:01:51 BRT [INFO   ]     P8 Volume 15m             +0/2 · Volume fraco (0.5x < 1.2x)
2026-03-27 19:01:51 BRT [INFO   ]     P9 OI Crescente           +0/2 · OI estável (-2.3% vs média, 47.9M)
2026-03-27 19:01:51 BRT [DEBUG  ]     TradeParams SHORT: SL=0.83% | notional=$605 | alav_margem=17.3x → cap=2x → alav=2.0x | margem=$302.67 ⚠️MARGEM $303>35 | risco=$5.00 | ganho=$10.00
2026-03-27 19:01:51 BRT [INFO   ]   📉 SHORT HYPE: score=11/25 | entry=38.5000 | SL=0.83% | alav=2.0x ✅
2026-03-27 19:01:51 BRT [INFO   ]   ─ SHORT ATOM: 15m=60 | 1H=60 | 4H=60
2026-03-27 19:01:51 BRT [DEBUG  ]     find_swing_points: fallback window=3 aplicado (window=5 insuficiente: 4H/5L → 4H/5L)
2026-03-27 19:01:51 BRT [DEBUG  ]     find_swing_points: fallback window=3 aplicado (window=5 insuficiente: 4H/5L → 4H/5L)
2026-03-27 19:01:51 BRT [DEBUG  ]     find_swing_points: fallback window=3 aplicado (window=5 insuficiente: 4H/5L → 4H/5L)
2026-03-27 19:01:51 BRT [DEBUG  ]     find_swing_points: fallback window=3 aplicado (window=5 insuficiente: 4H/6L → 4H/6L)
2026-03-27 19:01:51 BRT [INFO   ]   SCORE ATOM [SHORT]: 5/25 | DQ=100% | klines: 15m=✅ 1H=✅ 4H=✅
2026-03-27 19:01:51 BRT [INFO   ]     Contexto 4H               +0/0 · SELL (contexto SHORT, não pontuado)
2026-03-27 19:01:51 BRT [INFO   ]     P4 Liquidez 4H            +1/3 █ OB Bearish 4H (1.7045-1.7273)
2026-03-27 19:01:51 BRT [INFO   ]     P5 Figuras 4H             +1/2 █ Cunha Ascendente (pullback bearish)
2026-03-27 19:01:51 BRT [INFO   ]     P6 CHOCH/BOS 4H           +0/3 · Sem estrutura bearish no 4H
2026-03-27 19:01:51 BRT [INFO   ]     P-1H Resistência 1H       +2/4 ██ Resistência 1H em 1.6846 (0.57% acima)
2026-03-27 19:01:51 BRT [INFO   ]     P1 Bollinger 15m          +1/3 █ BB alta (78%)
2026-03-27 19:01:51 BRT [INFO   ]     P2 Candles 15m            +0/4 · Nenhum
2026-03-27 19:01:51 BRT [INFO   ]     P3 Funding Rate           +0/2 · -0.0048% (neutro)
2026-03-27 19:01:51 BRT [INFO   ]     P7 Filtro Pump/Dump       +0/0 · OK (-0.7%)
2026-03-27 19:01:51 BRT [INFO   ]     P8 Volume 15m             +0/2 · Volume fraco (0.6x < 1.2x)
2026-03-27 19:01:51 BRT [INFO   ]     P9 OI Crescente           +0/2 · OI estável (-3.7% vs média, 6.2M)
2026-03-27 19:01:51 BRT [DEBUG  ]     TradeParams SHORT: SL=0.44% | notional=$1126 | alav_margem=32.2x → cap=2x → alav=2.0x | margem=$563.11 ⚠️MARGEM $563>35 | risco=$5.00 | ganho=$10.00
2026-03-27 19:01:51 BRT [INFO   ]   📉 SHORT ATOM: score=5/25 | entry=1.6750 | SL=0.44% | alav=2.0x ✅
2026-03-27 19:01:51 BRT [INFO   ]   ─ SHORT PEPE: 15m=60 | 1H=60 | 4H=60
2026-03-27 19:01:51 BRT [DEBUG  ]     find_swing_points: fallback window=3 aplicado (window=5 insuficiente: 4H/7L → 4H/7L)
2026-03-27 19:01:51 BRT [DEBUG  ]     find_swing_points: fallback window=3 aplicado (window=5 insuficiente: 4H/7L → 4H/7L)
2026-03-27 19:01:51 BRT [DEBUG  ]     find_swing_points: fallback window=3 aplicado (window=5 insuficiente: 4H/7L → 4H/7L)
2026-03-27 19:01:51 BRT [DEBUG  ]     find_swing_points: fallback window=3 aplicado (window=5 insuficiente: 6H/6L → 6H/6L)
2026-03-27 19:01:51 BRT [INFO   ]   SCORE PEPE [SHORT]: 6/25 | DQ=100% | klines: 15m=✅ 1H=✅ 4H=✅
2026-03-27 19:01:51 BRT [INFO   ]     Contexto 4H               +0/0 · SELL (contexto SHORT, não pontuado)
2026-03-27 19:01:51 BRT [INFO   ]     P4 Liquidez 4H            +1/3 █ OB Bearish 4H (0.0000-0.0000)
2026-03-27 19:01:51 BRT [INFO   ]     P5 Figuras 4H             +0/2 · Sem figuras bearish claras no 4H
2026-03-27 19:01:51 BRT [INFO   ]     P6 CHOCH/BOS 4H           +3/3 ███ CHOCH Bearish 4H (reversão confirmada)
2026-03-27 19:01:51 BRT [INFO   ]     P-1H Resistência 1H       +2/4 ██ Resistência 1H em 0.00000332 (1.52% acima)
2026-03-27 19:01:51 BRT [INFO   ]     P1 Bollinger 15m          +0/3 · BB neutro (21%)
2026-03-27 19:01:51 BRT [INFO   ]     P2 Candles 15m            +0/4 · Nenhum
2026-03-27 19:01:51 BRT [INFO   ]     P3 Funding Rate           +0/2 · -0.0182% (neutro)
2026-03-27 19:01:51 BRT [INFO   ]     P7 Filtro Pump/Dump       +0/0 · OK (-4.3%)
2026-03-27 19:01:51 BRT [INFO   ]     P8 Volume 15m             +0/2 · Volume fraco (0.2x < 1.2x)
2026-03-27 19:01:51 BRT [INFO   ]     P9 OI Crescente           +0/2 · OI estável (-3.4% vs média, 28.5M)
2026-03-27 19:01:51 BRT [DEBUG  ]     TradeParams SHORT: SL=0.66% | notional=$752 | alav_margem=21.5x → cap=2x → alav=2.0x | margem=$375.95 ⚠️MARGEM $376>35 | risco=$5.00 | ganho=$10.00
2026-03-27 19:01:51 BRT [INFO   ]   📉 SHORT PEPE: score=6/25 | entry=0.0000 | SL=0.66% | alav=2.0x ✅
2026-03-27 19:01:51 BRT [INFO   ]   ─ SHORT XRP: 15m=60 | 1H=60 | 4H=60
2026-03-27 19:01:51 BRT [DEBUG  ]     find_swing_points: fallback window=3 aplicado (window=5 insuficiente: 5H/6L → 5H/6L)
2026-03-27 19:01:51 BRT [INFO   ]   SCORE XRP [SHORT]: 5/25 | DQ=100% | klines: 15m=✅ 1H=✅ 4H=✅
2026-03-27 19:01:51 BRT [INFO   ]     Contexto 4H               +0/0 · SELL (contexto SHORT, não pontuado)
2026-03-27 19:01:51 BRT [INFO   ]     P4 Liquidez 4H            +0/3 · Longe de resistências 4H
2026-03-27 19:01:51 BRT [INFO   ]     P5 Figuras 4H             +0/2 · Sem figuras bearish claras no 4H
2026-03-27 19:01:51 BRT [INFO   ]     P6 CHOCH/BOS 4H           +3/3 ███ CHOCH Bearish 4H (reversão confirmada)
2026-03-27 19:01:51 BRT [INFO   ]     P-1H Resistência 1H       +2/4 ██ Resistência 1H em 1.3450 (1.33% acima)
2026-03-27 19:01:51 BRT [INFO   ]     P1 Bollinger 15m          +0/3 · BB neutro (68%)
2026-03-27 19:01:51 BRT [INFO   ]     P2 Candles 15m            +0/4 · Nenhum
2026-03-27 19:01:51 BRT [INFO   ]     P3 Funding Rate           +0/2 · -0.0208% (neutro)
2026-03-27 19:01:51 BRT [INFO   ]     P7 Filtro Pump/Dump       +0/0 · OK (-2.8%)
2026-03-27 19:01:51 BRT [INFO   ]     P8 Volume 15m             +0/2 · Volume fraco (0.2x < 1.2x)
2026-03-27 19:01:51 BRT [INFO   ]     P9 OI Crescente           +0/2 · OI estável (-1.2% vs média, 81.7M)
2026-03-27 19:01:51 BRT [DEBUG  ]     TradeParams SHORT: SL=0.51% | notional=$980 | alav_margem=28.0x → cap=2x → alav=2.0x | margem=$490.02 ⚠️MARGEM $490>35 | risco=$5.00 | ganho=$10.00
2026-03-27 19:01:51 BRT [INFO   ]   📉 SHORT XRP: score=5/25 | entry=1.3273 | SL=0.51% | alav=2.0x ✅
2026-03-27 19:01:51 BRT [INFO   ]   ─ SHORT CRV: 15m=60 | 1H=60 | 4H=60
2026-03-27 19:01:51 BRT [DEBUG  ]     find_swing_points: fallback window=3 aplicado (window=5 insuficiente: 5H/6L → 5H/6L)
2026-03-27 19:01:51 BRT [INFO   ]   SCORE CRV [SHORT]: 5/25 | DQ=100% | klines: 15m=✅ 1H=✅ 4H=✅
2026-03-27 19:01:51 BRT [INFO   ]     Contexto 4H               +0/0 · SELL (contexto SHORT, não pontuado)
2026-03-27 19:01:51 BRT [INFO   ]     P4 Liquidez 4H            +0/3 · Longe de resistências 4H
2026-03-27 19:01:51 BRT [INFO   ]     P5 Figuras 4H             +0/2 · Sem figuras bearish claras no 4H
2026-03-27 19:01:51 BRT [INFO   ]     P6 CHOCH/BOS 4H           +3/3 ███ CHOCH Bearish 4H (reversão confirmada)
2026-03-27 19:01:51 BRT [INFO   ]     P-1H Resistência 1H       +2/4 ██ Resistência 1H em 0.2171 (2.31% acima)
2026-03-27 19:01:51 BRT [INFO   ]     P1 Bollinger 15m          +0/3 · BB neutro (43%)
2026-03-27 19:01:51 BRT [INFO   ]     P2 Candles 15m            +0/4 · Nenhum
2026-03-27 19:01:51 BRT [INFO   ]     P3 Funding Rate           +0/2 · -0.0127% (neutro)
2026-03-27 19:01:51 BRT [INFO   ]     P7 Filtro Pump/Dump       +0/0 · OK (-3.6%)
2026-03-27 19:01:51 BRT [INFO   ]     P8 Volume 15m             +0/2 · Volume fraco (1.2x < 1.2x)
2026-03-27 19:01:51 BRT [INFO   ]     P9 OI Crescente           +0/2 · OI estável (-2.4% vs média, 5.4M)
2026-03-27 19:01:51 BRT [DEBUG  ]     TradeParams SHORT: SL=0.71% | notional=$702 | alav_margem=20.1x → cap=2x → alav=2.0x | margem=$351.01 ⚠️MARGEM $351>35 | risco=$5.00 | ganho=$10.00
2026-03-27 19:01:51 BRT [INFO   ]   📉 SHORT CRV: score=5/25 | entry=0.2122 | SL=0.71% | alav=2.0x ✅
2026-03-27 19:01:51 BRT [INFO   ]   ─ SHORT SUI: 15m=60 | 1H=60 | 4H=60
2026-03-27 19:01:51 BRT [DEBUG  ]     find_swing_points: fallback window=3 aplicado (window=5 insuficiente: 5H/5L → 5H/5L)
2026-03-27 19:01:51 BRT [DEBUG  ]   SCORE SUI [SHORT]: 3/25 | DQ=100% (abaixo do radar)
2026-03-27 19:01:51 BRT [DEBUG  ]     TradeParams SHORT: SL=0.68% | notional=$739 | alav_margem=21.1x → cap=2x → alav=2.0x | margem=$369.26 ⚠️MARGEM $369>35 | risco=$5.00 | ganho=$10.00
2026-03-27 19:01:51 BRT [INFO   ]   📉 SHORT SUI: score=3/25 | entry=0.8769 | SL=0.68% | alav=2.0x ✅
2026-03-27 19:01:51 BRT [INFO   ]   ─ SHORT FIL: 15m=60 | 1H=60 | 4H=60
2026-03-27 19:01:51 BRT [DEBUG  ]     find_swing_points: fallback window=3 aplicado (window=5 insuficiente: 6H/6L → 6H/6L)
2026-03-27 19:01:51 BRT [DEBUG  ]   SCORE FIL [SHORT]: 3/25 | DQ=100% (abaixo do radar)
2026-03-27 19:01:51 BRT [DEBUG  ]     TradeParams SHORT: SL=0.62% | notional=$804 | alav_margem=23.0x → cap=2x → alav=2.0x | margem=$402.16 ⚠️MARGEM $402>35 | risco=$5.00 | ganho=$10.00
2026-03-27 19:01:51 BRT [INFO   ]   📉 SHORT FIL: score=3/25 | entry=0.8333 | SL=0.62% | alav=2.0x ✅
2026-03-27 19:01:51 BRT [INFO   ]   ─ SHORT APT: 15m=60 | 1H=60 | 4H=60
2026-03-27 19:01:51 BRT [DEBUG  ]     find_swing_points: fallback window=3 aplicado (window=5 insuficiente: 6H/5L → 6H/5L)
2026-03-27 19:01:51 BRT [DEBUG  ]     find_swing_points: fallback window=3 aplicado (window=5 insuficiente: 6H/5L → 6H/5L)
2026-03-27 19:01:51 BRT [DEBUG  ]     find_swing_points: fallback window=3 aplicado (window=5 insuficiente: 6H/5L → 6H/5L)
2026-03-27 19:01:51 BRT [DEBUG  ]   SCORE APT [SHORT]: 4/25 | DQ=100% (abaixo do radar)
2026-03-27 19:01:51 BRT [DEBUG  ]     TradeParams SHORT: SL=0.69% | notional=$727 | alav_margem=20.8x → cap=2x → alav=2.0x | margem=$363.41 ⚠️MARGEM $363>35 | risco=$5.00 | ganho=$10.00
2026-03-27 19:01:51 BRT [INFO   ]   📉 SHORT APT: score=4/25 | entry=0.9815 | SL=0.69% | alav=2.0x ✅
2026-03-27 19:01:51 BRT [INFO   ]   ─ SHORT ICP: 15m=60 | 1H=60 | 4H=60
2026-03-27 19:01:51 BRT [DEBUG  ]     find_swing_points: fallback window=3 aplicado (window=5 insuficiente: 5H/5L → 5H/5L)
2026-03-27 19:01:51 BRT [DEBUG  ]   SCORE ICP [SHORT]: 4/25 | DQ=100% (abaixo do radar)
2026-03-27 19:01:51 BRT [DEBUG  ]     TradeParams SHORT: SL=0.58% | notional=$862 | alav_margem=24.6x → cap=2x → alav=2.0x | margem=$431.18 ⚠️MARGEM $431>35 | risco=$5.00 | ganho=$10.00
2026-03-27 19:01:51 BRT [INFO   ]   📉 SHORT ICP: score=4/25 | entry=2.2230 | SL=0.58% | alav=2.0x ✅
2026-03-27 19:01:51 BRT [INFO   ] 
───────────────────────────────────────────────────────
2026-03-27 19:01:51 BRT [INFO   ]   ETAPA 4b — Análise leve LONG + SHORT (sem klines) [v6.3.0 A8]
2026-03-27 19:01:51 BRT [INFO   ] ───────────────────────────────────────────────────────
2026-03-27 19:01:51 BRT [INFO   ] 
───────────────────────────────────────────────────────
2026-03-27 19:01:51 BRT [INFO   ]   ETAPA 5 — Contexto de Mercado e Relatório Bidirecional
2026-03-27 19:01:51 BRT [INFO   ] ───────────────────────────────────────────────────────
2026-03-27 19:01:51 BRT [INFO   ]   📚  Score history: 37 tokens rastreados
2026-03-27 19:01:51 BRT [DEBUG  ]   Contexto: FGI=13 | BTC=NEUTRAL | LONG=CAUTELOSO (Medo Extremo)(thr=20) | SHORT=MODERADO (Medo Extremo — mercado bearish)(thr=16) | risk_score=0
2026-03-27 19:01:51 BRT [INFO   ]   BTC 4H: NEUTRAL | Thr LONG: 20 (CAUTELOSO (Medo Extremo)) | Thr SHORT: 16 (MODERADO (Medo Extremo — mercado bearish))
2026-03-27 19:01:51 BRT [INFO   ]   Results LONG: 1 | SHORT: 20 | Obs LONG: 0 | Obs SHORT: 0
2026-03-27 19:01:51 BRT [INFO   ] 
───────────────────────────────────────────────────────
2026-03-27 19:01:51 BRT [INFO   ]   ETAPA 6 — Notificações Telegram
2026-03-27 19:01:51 BRT [INFO   ] ───────────────────────────────────────────────────────
2026-03-27 19:01:52 BRT [INFO   ]   📲  Telegram heartbeat: enviado ✅
2026-03-27 19:01:52 BRT [INFO   ]   📲  Telegram: 1/1 mensagens enviadas (1 heartbeat + 0 QUASE + 0 call)
2026-03-27 19:01:52 BRT [INFO   ] ==========================================================
🎯 SETUP ATIRADOR v6.6.2
📅 27/03/2026 19:01 BRT
📋 Log: atirador_LOG_20260327_1900.log
==========================================================
📊 CONTEXTO DE MERCADO
   Fear & Greed: 13 | BTC 4H: NEUTRAL
   LONG:  CAUTELOSO (Medo Extremo) | Threshold: 20 pts
   SHORT: MODERADO (Medo Extremo — mercado bearish) | Threshold: 16 pts
   Risk Score: 0
==========================================================

💼 SIZING Risk-First [v6.6.2]
   Banca: $100.00 | Risco fixo/trade: $5.00 | Margem máx/trade: $35

🔍 PIPELINE
   Fonte de dados: OKX (perpetuals USDT)
   Universo: 301 tokens | Qualificados: 36
   Gate 4H: LONG=3 | SHORT=20
   Gate 1H: LONG=1 | SHORT=20
   Análise completa: LONG=1 | SHORT=20 | Obs: LONG=0 SHORT=0
   ✅  Candle 15m fechado (111s após fechamento, último: 19:00:00 BRT)

──────────────────────────────────────────────────────────
📈 OPERAÇÕES LONG
──────────────────────────────────────────────────────────
ℹ️  Nenhum alerta LONG forte (score ≥ 20) no momento.
   Score máximo: 7/25 (faltam 13 pts)

🔎 RADAR LONG — Score 5–13:
   ⚠️  Não operar — insuficiente. Monitorar.
   · ONDO | 7/25 | STRONG_BUY 4H

──────────────────────────────────────────────────────────
📉 OPERAÇÕES SHORT
──────────────────────────────────────────────────────────
ℹ️  Nenhum alerta SHORT forte (score ≥ 16) no momento.
   Score máximo SHORT: 11/25 (faltam 5 pts)

🔎 RADAR SHORT — Score 5–15:
   ⚠️  Não operar — insuficiente. Monitorar.
   · HYPE | 11/25 | SELL 4H
   · ASTER | 10/25 | SELL 4H
   · HBAR | 7/25 | SELL 4H
   · BEAT | 6/25 | SELL 4H
   · PEPE | 6/25 | SELL 4H

----------------------------------------------------------
⏱️  Execução: 80.6s | Analisados: 301 tokens
📁 Estado diário: /tmp/atirador_state.json
📋 Log completo: /tmp/atirador_logs/atirador_LOG_20260327_1900.log

2026-03-27 19:01:52 BRT [INFO   ] ✅ Scan v6.6.2 concluído em 80.6s | Fonte: OKX | Log: /tmp/atirador_logs/atirador_LOG_20260327_1900.log
