2026-03-27 14:39:31 BRT [INFO   ] 📋 Log iniciado: /tmp/atirador_logs/atirador_LOG_20260327_1439.log
2026-03-27 14:39:31 BRT [INFO   ] 🚀 Setup Atirador v6.6.2 | Arquitetura 3 Camadas (LONG+SHORT) | Iniciando scan...
2026-03-27 14:39:31 BRT [INFO   ] 
───────────────────────────────────────────────────────
2026-03-27 14:39:31 BRT [INFO   ]   ETAPA 1 — Tickers (Bybit/Bitget) + Fear & Greed
2026-03-27 14:39:31 BRT [INFO   ] ───────────────────────────────────────────────────────
2026-03-27 14:39:31 BRT [INFO   ] 📡 [v6.6.2] Iniciando busca de tickers — hierarquia OKX → Gate.io → Bitget
2026-03-27 14:39:31 BRT [INFO   ]    Filtros: vol≥$2.0M | OI≥$5M | timeout=8s/fonte
2026-03-27 14:39:31 BRT [INFO   ]    [Nota] Fonte ideal seria CoinGlass API (pago ~$35/mês) — ver docstring
2026-03-27 14:39:31 BRT [INFO   ]   📡  [OKX] Tentando com tickers + OI real...
2026-03-27 14:39:31 BRT [DEBUG  ]   📡  [OKX] Buscando tickers...
2026-03-27 14:39:32 BRT [DEBUG  ]      ✅ Tickers: 301 itens em 0.31s
2026-03-27 14:39:32 BRT [DEBUG  ]   📡  [OKX] Buscando Open Interest...
2026-03-27 14:39:32 BRT [DEBUG  ]      ✅ OI: 301 itens em 0.58s
2026-03-27 14:39:32 BRT [DEBUG  ]   📡  [OKX] Buscando Funding Rates reais...
2026-03-27 14:40:50 BRT [DEBUG  ]   📡  [OKX FR] Funding rates obtidos: 282/282 | erros: 0
2026-03-27 14:40:50 BRT [DEBUG  ]      ✅ FR: 282 tokens com funding rate em 78.39s
2026-03-27 14:40:50 BRT [DEBUG  ]      ✅ Mesclados: 301/301 com OI real em 78.39s
2026-03-27 14:40:50 BRT [INFO   ]   ✅  [OKX] Fonte ativa (com OI real) | 301 brutos → 37 qualificados
2026-03-27 14:40:50 BRT [INFO   ]   Fonte de dados: OKX | Universo: 301 brutos → 37 qualificados
2026-03-27 14:40:50 BRT [INFO   ]   Analisando todos os 37 tokens qualificados: ['PEPE', 'SHIB', 'PUMP', 'DOGE', 'PIPPIN', 'WLFI', 'ADA', 'XRP', 'ONDO', 'OP']...
2026-03-27 14:40:50 BRT [DEBUG  ]   TV batch: 37 tokens (.P perpétuo) | cols: ['Recommend.All|240', 'RSI|240']
2026-03-27 14:40:50 BRT [DEBUG  ]   Buscando Fear & Greed Index...
2026-03-27 14:40:50 BRT [DEBUG  ]   ✅  TV batch BYBIT: 34/37 retornados | 0.06s
2026-03-27 14:40:50 BRT [WARNING]   ⚠️  TV BYBIT: 3 sem retorno: ['PEPEUSDT', 'SHIBUSDT', 'PUMPUSDT']
2026-03-27 14:40:50 BRT [INFO   ]   🔄  [v5.1] Tentando prefixo BITGET: para 3 tokens sem dados...
2026-03-27 14:40:50 BRT [INFO   ]   ✅  TV BITGET: recuperados 3: ['PEPEUSDT', 'SHIBUSDT', 'PUMPUSDT'] | 0.01s
2026-03-27 14:40:50 BRT [DEBUG  ]   GET https://api.alternative.me/fng/?limit=1
2026-03-27 14:40:50 BRT [DEBUG  ]       → HTTP 200 | 0.2KB | enc:gzip | 0.10s
2026-03-27 14:40:50 BRT [INFO   ]   📊 Fear & Greed: 13 (Extreme Fear)
2026-03-27 14:40:50 BRT [INFO   ] 
───────────────────────────────────────────────────────
2026-03-27 14:40:50 BRT [INFO   ]   GATE 1 — Direção 4H (LONG: não SELL | SHORT: não BUY)
2026-03-27 14:40:50 BRT [INFO   ] ───────────────────────────────────────────────────────
2026-03-27 14:40:50 BRT [DEBUG  ]   ❌  PEPE     4H=SELL (val=-0.3545) RSI=36.6 — LONG REJEITADO
2026-03-27 14:40:50 BRT [DEBUG  ]   📉  PEPE     4H=SELL (val=-0.3545) RSI=36.6 — SHORT CANDIDATO
2026-03-27 14:40:50 BRT [DEBUG  ]   ❌  SHIB     4H=SELL (val=-0.4667) RSI=34.7 — LONG REJEITADO
2026-03-27 14:40:50 BRT [DEBUG  ]   📉  SHIB     4H=SELL (val=-0.4667) RSI=34.7 — SHORT CANDIDATO
2026-03-27 14:40:50 BRT [DEBUG  ]   ❌  PUMP     4H=SELL (val=-0.4212) RSI=34.8 — LONG REJEITADO
2026-03-27 14:40:50 BRT [DEBUG  ]   📉  PUMP     4H=SELL (val=-0.4212) RSI=34.8 — SHORT CANDIDATO
2026-03-27 14:40:50 BRT [DEBUG  ]   ❌  DOGE     4H=SELL (val=-0.4667) RSI=36.4 — LONG REJEITADO
2026-03-27 14:40:50 BRT [DEBUG  ]   📉  DOGE     4H=SELL (val=-0.4667) RSI=36.4 — SHORT CANDIDATO
2026-03-27 14:40:50 BRT [DEBUG  ]   ❌  PIPPIN   4H=SELL (val=-0.4667) RSI=32.6 — LONG REJEITADO
2026-03-27 14:40:50 BRT [DEBUG  ]   📉  PIPPIN   4H=SELL (val=-0.4667) RSI=32.6 — SHORT CANDIDATO
2026-03-27 14:40:50 BRT [DEBUG  ]   ❌  WLFI     4H=STRONG_SELL (val=-0.5121) RSI=44.0 — LONG REJEITADO
2026-03-27 14:40:50 BRT [DEBUG  ]   📉  WLFI     4H=STRONG_SELL (val=-0.5121) RSI=44.0 — SHORT CANDIDATO
2026-03-27 14:40:50 BRT [DEBUG  ]   ❌  ADA      4H=SELL (val=-0.3545) RSI=29.6 — LONG REJEITADO
2026-03-27 14:40:50 BRT [DEBUG  ]   ⛔  ADA      4H=SELL RSI=29.6 — SHORT REJEITADO (RSI<30, exausto)
2026-03-27 14:40:50 BRT [DEBUG  ]   ❌  XRP      4H=SELL (val=-0.4667) RSI=31.6 — LONG REJEITADO
2026-03-27 14:40:50 BRT [DEBUG  ]   📉  XRP      4H=SELL (val=-0.4667) RSI=31.6 — SHORT CANDIDATO
2026-03-27 14:40:50 BRT [DEBUG  ]   ✅  ONDO     4H=BUY (val=0.1121) RSI=50.3 — LONG PASSOU
2026-03-27 14:40:50 BRT [DEBUG  ]   ❌  OP       4H=SELL (val=-0.4212) RSI=29.2 — LONG REJEITADO
2026-03-27 14:40:50 BRT [DEBUG  ]   ⛔  OP       4H=SELL RSI=29.2 — SHORT REJEITADO (RSI<30, exausto)
2026-03-27 14:40:50 BRT [DEBUG  ]   ❌  WLD      4H=SELL (val=-0.4212) RSI=20.7 — LONG REJEITADO
2026-03-27 14:40:50 BRT [DEBUG  ]   ⛔  WLD      4H=SELL RSI=20.7 — SHORT REJEITADO (RSI<30, exausto)
2026-03-27 14:40:50 BRT [DEBUG  ]   ❌  XPL      4H=STRONG_SELL (val=-0.6030) RSI=33.6 — LONG REJEITADO
2026-03-27 14:40:50 BRT [DEBUG  ]   📉  XPL      4H=STRONG_SELL (val=-0.6030) RSI=33.6 — SHORT CANDIDATO
2026-03-27 14:40:50 BRT [DEBUG  ]   ❌  BEAT     4H=SELL (val=-0.4030) RSI=40.2 — LONG REJEITADO
2026-03-27 14:40:50 BRT [DEBUG  ]   📉  BEAT     4H=SELL (val=-0.4030) RSI=40.2 — SHORT CANDIDATO
2026-03-27 14:40:50 BRT [DEBUG  ]   ❌  CRV      4H=SELL (val=-0.4212) RSI=38.2 — LONG REJEITADO
2026-03-27 14:40:50 BRT [DEBUG  ]   📉  CRV      4H=SELL (val=-0.4212) RSI=38.2 — SHORT CANDIDATO
2026-03-27 14:40:50 BRT [DEBUG  ]   ❌  HBAR     4H=SELL (val=-0.4667) RSI=33.4 — LONG REJEITADO
2026-03-27 14:40:50 BRT [DEBUG  ]   📉  HBAR     4H=SELL (val=-0.4667) RSI=33.4 — SHORT CANDIDATO
2026-03-27 14:40:50 BRT [DEBUG  ]   ❌  TRX      4H=SELL (val=-0.1788) RSI=46.9 — LONG REJEITADO
2026-03-27 14:40:50 BRT [DEBUG  ]   📉  TRX      4H=SELL (val=-0.1788) RSI=46.9 — SHORT CANDIDATO
2026-03-27 14:40:50 BRT [DEBUG  ]   ❌  POL      4H=SELL (val=-0.3758) RSI=34.3 — LONG REJEITADO
2026-03-27 14:40:50 BRT [DEBUG  ]   📉  POL      4H=SELL (val=-0.3758) RSI=34.3 — SHORT CANDIDATO
2026-03-27 14:40:50 BRT [DEBUG  ]   ❌  FIL      4H=SELL (val=-0.3545) RSI=31.1 — LONG REJEITADO
2026-03-27 14:40:50 BRT [DEBUG  ]   📉  FIL      4H=SELL (val=-0.3545) RSI=31.1 — SHORT CANDIDATO
2026-03-27 14:40:50 BRT [DEBUG  ]   ❌  SUI      4H=SELL (val=-0.4667) RSI=32.0 — LONG REJEITADO
2026-03-27 14:40:50 BRT [DEBUG  ]   📉  SUI      4H=SELL (val=-0.4667) RSI=32.0 — SHORT CANDIDATO
2026-03-27 14:40:50 BRT [DEBUG  ]   ❌  XLM      4H=SELL (val=-0.1333) RSI=44.2 — LONG REJEITADO
2026-03-27 14:40:50 BRT [DEBUG  ]   📉  XLM      4H=SELL (val=-0.1333) RSI=44.2 — SHORT CANDIDATO
2026-03-27 14:40:50 BRT [DEBUG  ]   ❌  RIVER    4H=SELL (val=-0.4212) RSI=22.4 — LONG REJEITADO
2026-03-27 14:40:50 BRT [DEBUG  ]   ⛔  RIVER    4H=SELL RSI=22.4 — SHORT REJEITADO (RSI<30, exausto)
2026-03-27 14:40:50 BRT [DEBUG  ]   ❌  IP       4H=STRONG_SELL (val=-0.5121) RSI=21.5 — LONG REJEITADO
2026-03-27 14:40:50 BRT [DEBUG  ]   ⛔  IP       4H=STRONG_SELL RSI=21.5 — SHORT REJEITADO (RSI<30, exausto)
2026-03-27 14:40:50 BRT [DEBUG  ]   ❌  ASTER    4H=SELL (val=-0.4000) RSI=44.7 — LONG REJEITADO
2026-03-27 14:40:50 BRT [DEBUG  ]   📉  ASTER    4H=SELL (val=-0.4000) RSI=44.7 — SHORT CANDIDATO
2026-03-27 14:40:50 BRT [DEBUG  ]   ❌  DOT      4H=SELL (val=-0.3091) RSI=28.8 — LONG REJEITADO
2026-03-27 14:40:50 BRT [DEBUG  ]   ⛔  DOT      4H=SELL RSI=28.8 — SHORT REJEITADO (RSI<30, exausto)
2026-03-27 14:40:50 BRT [DEBUG  ]   ❌  TRUMP    4H=SELL (val=-0.4000) RSI=29.6 — LONG REJEITADO
2026-03-27 14:40:50 BRT [DEBUG  ]   ⛔  TRUMP    4H=SELL RSI=29.6 — SHORT REJEITADO (RSI<30, exausto)
2026-03-27 14:40:50 BRT [DEBUG  ]   ❌  LIT      4H=SELL (val=-0.2636) RSI=31.9 — LONG REJEITADO
2026-03-27 14:40:50 BRT [DEBUG  ]   📉  LIT      4H=SELL (val=-0.2636) RSI=31.9 — SHORT CANDIDATO
2026-03-27 14:40:50 BRT [DEBUG  ]   ❌  NEAR     4H=SELL (val=-0.3545) RSI=31.8 — LONG REJEITADO
2026-03-27 14:40:50 BRT [DEBUG  ]   📉  NEAR     4H=SELL (val=-0.3545) RSI=31.8 — SHORT CANDIDATO
2026-03-27 14:40:50 BRT [DEBUG  ]   ❌  APT      4H=SELL (val=-0.2212) RSI=40.6 — LONG REJEITADO
2026-03-27 14:40:50 BRT [DEBUG  ]   📉  APT      4H=SELL (val=-0.2212) RSI=40.6 — SHORT CANDIDATO
2026-03-27 14:40:50 BRT [DEBUG  ]   ❌  SOL      4H=SELL (val=-0.4667) RSI=28.8 — LONG REJEITADO
2026-03-27 14:40:50 BRT [DEBUG  ]   ⛔  SOL      4H=SELL RSI=28.8 — SHORT REJEITADO (RSI<30, exausto)
2026-03-27 14:40:50 BRT [DEBUG  ]   ❌  TON      4H=SELL (val=-0.4000) RSI=26.6 — LONG REJEITADO
2026-03-27 14:40:50 BRT [DEBUG  ]   ⛔  TON      4H=SELL RSI=26.6 — SHORT REJEITADO (RSI<30, exausto)
2026-03-27 14:40:50 BRT [DEBUG  ]   ❌  UNI      4H=SELL (val=-0.3091) RSI=31.5 — LONG REJEITADO
2026-03-27 14:40:50 BRT [DEBUG  ]   📉  UNI      4H=SELL (val=-0.3091) RSI=31.5 — SHORT CANDIDATO
2026-03-27 14:40:50 BRT [DEBUG  ]   ❌  LINK     4H=SELL (val=-0.4000) RSI=30.4 — LONG REJEITADO
2026-03-27 14:40:50 BRT [DEBUG  ]   📉  LINK     4H=SELL (val=-0.4000) RSI=30.4 — SHORT CANDIDATO
2026-03-27 14:40:50 BRT [DEBUG  ]   ❌  ETH      4H=SELL (val=-0.4000) RSI=27.7 — LONG REJEITADO
2026-03-27 14:40:50 BRT [DEBUG  ]   ⛔  ETH      4H=SELL RSI=27.7 — SHORT REJEITADO (RSI<30, exausto)
2026-03-27 14:40:50 BRT [DEBUG  ]   ❌  AVAX     4H=SELL (val=-0.3545) RSI=29.3 — LONG REJEITADO
2026-03-27 14:40:50 BRT [DEBUG  ]   ⛔  AVAX     4H=SELL RSI=29.3 — SHORT REJEITADO (RSI<30, exausto)
2026-03-27 14:40:50 BRT [DEBUG  ]   ❌  ICP      4H=SELL (val=-0.3758) RSI=28.5 — LONG REJEITADO
2026-03-27 14:40:50 BRT [DEBUG  ]   ⛔  ICP      4H=SELL RSI=28.5 — SHORT REJEITADO (RSI<30, exausto)
2026-03-27 14:40:50 BRT [DEBUG  ]   ❌  HYPE     4H=SELL (val=-0.2667) RSI=43.5 — LONG REJEITADO
2026-03-27 14:40:50 BRT [DEBUG  ]   📉  HYPE     4H=SELL (val=-0.2667) RSI=43.5 — SHORT CANDIDATO
2026-03-27 14:40:50 BRT [DEBUG  ]   ❌  ATOM     4H=STRONG_SELL (val=-0.5121) RSI=33.2 — LONG REJEITADO
2026-03-27 14:40:50 BRT [DEBUG  ]   📉  ATOM     4H=STRONG_SELL (val=-0.5121) RSI=33.2 — SHORT CANDIDATO
2026-03-27 14:40:50 BRT [INFO   ]   Gate 4H: LONG=1 | SHORT=24 | sem dados TV=0 | universo=37
2026-03-27 14:40:50 BRT [INFO   ] 
───────────────────────────────────────────────────────
2026-03-27 14:40:50 BRT [INFO   ]   GATE 2 — Estrutura 1H (LONG: BUY+ | SHORT: SELL+)
2026-03-27 14:40:50 BRT [INFO   ] ───────────────────────────────────────────────────────
2026-03-27 14:40:50 BRT [DEBUG  ]   TV batch: 25 tokens (.P perpétuo) | cols: ['Recommend.All|60']
2026-03-27 14:40:50 BRT [DEBUG  ]   ✅  TV batch BYBIT: 22/25 retornados | 0.01s
2026-03-27 14:40:50 BRT [WARNING]   ⚠️  TV BYBIT: 3 sem retorno: ['PEPEUSDT', 'SHIBUSDT', 'PUMPUSDT']
2026-03-27 14:40:50 BRT [INFO   ]   🔄  [v5.1] Tentando prefixo BITGET: para 3 tokens sem dados...
2026-03-27 14:40:50 BRT [INFO   ]   ✅  TV BITGET: recuperados 3: ['PEPEUSDT', 'SHIBUSDT', 'PUMPUSDT'] | 0.01s
2026-03-27 14:40:50 BRT [DEBUG  ]   ❌  ONDO     1H=SELL (val=-0.2212) — LONG REJEITADO
2026-03-27 14:40:50 BRT [DEBUG  ]   📉  PEPE     1H=SELL (val=-0.4909) — SHORT PASSOU
2026-03-27 14:40:50 BRT [DEBUG  ]   📉  SHIB     1H=SELL (val=-0.3091) — SHORT PASSOU
2026-03-27 14:40:50 BRT [DEBUG  ]   📉  PUMP     1H=SELL (val=-0.4455) — SHORT PASSOU
2026-03-27 14:40:50 BRT [DEBUG  ]   📉  DOGE     1H=STRONG_SELL (val=-0.6030) — SHORT PASSOU
2026-03-27 14:40:50 BRT [DEBUG  ]   📉  PIPPIN   1H=SELL (val=-0.4667) — SHORT PASSOU
2026-03-27 14:40:50 BRT [DEBUG  ]   📉  WLFI     1H=SELL (val=-0.3545) — SHORT PASSOU
2026-03-27 14:40:50 BRT [DEBUG  ]   📉  XRP      1H=SELL (val=-0.4667) — SHORT PASSOU
2026-03-27 14:40:50 BRT [DEBUG  ]   📉  XPL      1H=STRONG_SELL (val=-0.6030) — SHORT PASSOU
2026-03-27 14:40:50 BRT [DEBUG  ]   📉  BEAT     1H=STRONG_SELL (val=-0.5121) — SHORT PASSOU
2026-03-27 14:40:50 BRT [DEBUG  ]   📉  CRV      1H=SELL (val=-0.4000) — SHORT PASSOU
2026-03-27 14:40:50 BRT [DEBUG  ]   📉  HBAR     1H=STRONG_SELL (val=-0.5576) — SHORT PASSOU
2026-03-27 14:40:50 BRT [DEBUG  ]   📉  TRX      1H=SELL (val=-0.2424) — SHORT PASSOU
2026-03-27 14:40:50 BRT [DEBUG  ]   📉  POL      1H=SELL (val=-0.4000) — SHORT PASSOU
2026-03-27 14:40:50 BRT [DEBUG  ]   📉  FIL      1H=SELL (val=-0.4909) — SHORT PASSOU
2026-03-27 14:40:50 BRT [DEBUG  ]   📉  SUI      1H=SELL (val=-0.4455) — SHORT PASSOU
2026-03-27 14:40:50 BRT [DEBUG  ]   📉  XLM      1H=SELL (val=-0.3788) — SHORT PASSOU
2026-03-27 14:40:50 BRT [DEBUG  ]   📉  ASTER    1H=SELL (val=-0.4000) — SHORT PASSOU
2026-03-27 14:40:50 BRT [DEBUG  ]   📉  LIT      1H=SELL (val=-0.3333) — SHORT PASSOU
2026-03-27 14:40:50 BRT [DEBUG  ]   📉  NEAR     1H=SELL (val=-0.3091) — SHORT PASSOU
2026-03-27 14:40:50 BRT [DEBUG  ]   📉  APT      1H=STRONG_SELL (val=-0.6030) — SHORT PASSOU
2026-03-27 14:40:50 BRT [DEBUG  ]   📉  UNI      1H=SELL (val=-0.4909) — SHORT PASSOU
2026-03-27 14:40:50 BRT [DEBUG  ]   📉  LINK     1H=STRONG_SELL (val=-0.5576) — SHORT PASSOU
2026-03-27 14:40:50 BRT [DEBUG  ]   📉  HYPE     1H=STRONG_SELL (val=-0.5576) — SHORT PASSOU
2026-03-27 14:40:50 BRT [DEBUG  ]   📉  ATOM     1H=SELL (val=-0.4000) — SHORT PASSOU
2026-03-27 14:40:50 BRT [INFO   ]   Gate 1H: LONG=0 | SHORT=24 | rejeitados=1
2026-03-27 14:40:50 BRT [INFO   ] 
───────────────────────────────────────────────────────
2026-03-27 14:40:50 BRT [INFO   ]   ETAPA 3 — Indicadores 15m (TradingView) — LONG + SHORT [v6.4.1]
2026-03-27 14:40:50 BRT [INFO   ] ───────────────────────────────────────────────────────
2026-03-27 14:40:50 BRT [DEBUG  ]   TV batch: 24 tokens (.P perpétuo) | cols: ['BB.upper|15', 'BB.lower|15', 'ATR|15']
2026-03-27 14:40:50 BRT [DEBUG  ]   ✅  TV batch BYBIT: 21/24 retornados | 0.01s
2026-03-27 14:40:50 BRT [WARNING]   ⚠️  TV BYBIT: 3 sem retorno: ['PEPEUSDT', 'SHIBUSDT', 'PUMPUSDT']
2026-03-27 14:40:50 BRT [INFO   ]   🔄  [v5.1] Tentando prefixo BITGET: para 3 tokens sem dados...
2026-03-27 14:40:50 BRT [INFO   ]   ✅  TV BITGET: recuperados 3: ['PEPEUSDT', 'SHIBUSDT', 'PUMPUSDT'] | 0.01s
2026-03-27 14:40:50 BRT [DEBUG  ]   TV batch: 24 tokens (.P perpétuo) | cols: ['Candle.Engulfing.Bullish|15', 'Candle.Hammer|15', 'Candle.MorningStar|15', 'Candle.3WhiteSoldiers|15', 'Candle.Harami.Bullish|15', 'Candle.Doji.Dragonfly|15', 'Candle.Engulfing.Bearish|15', 'Candle.ShootingStar|15', 'Candle.EveningStar|15', 'Candle.3BlackCrows|15', 'Candle.Harami.Bearish|15']
2026-03-27 14:40:50 BRT [DEBUG  ]   ✅  TV batch BYBIT: 21/24 retornados | 0.01s
2026-03-27 14:40:50 BRT [WARNING]   ⚠️  TV BYBIT: 3 sem retorno: ['PEPEUSDT', 'SHIBUSDT', 'PUMPUSDT']
2026-03-27 14:40:50 BRT [INFO   ]   🔄  [v5.1] Tentando prefixo BITGET: para 3 tokens sem dados...
2026-03-27 14:40:50 BRT [INFO   ]   ✅  TV BITGET: recuperados 3: ['PEPEUSDT', 'SHIBUSDT', 'PUMPUSDT'] | 0.01s
2026-03-27 14:40:50 BRT [INFO   ]   TV 15m: tech=24/24 | candles=24/24
2026-03-27 14:40:50 BRT [DEBUG  ]   PEPE     ATR=0.0000 | BB_lower=0.0000 | BB_upper=0.0000 | FR=-0.00044
2026-03-27 14:40:50 BRT [DEBUG  ]   SHIB     ATR=0.0000 | BB_lower=0.0000 | BB_upper=0.0000 | FR=0.00005
2026-03-27 14:40:50 BRT [DEBUG  ]   PUMP     ATR=0.0000 | BB_lower=0.0017 | BB_upper=0.0017 | FR=-0.00005
2026-03-27 14:40:50 BRT [DEBUG  ]   DOGE     ATR=0.0005 | BB_lower=0.0895 | BB_upper=0.0906 | FR=-0.00008
2026-03-27 14:40:50 BRT [DEBUG  ]   PIPPIN   ATR=0.0017 | BB_lower=0.0502 | BB_upper=0.0561 | FR=0.00030
2026-03-27 14:40:50 BRT [DEBUG  ]   WLFI     ATR=0.0007 | BB_lower=0.0963 | BB_upper=0.0988 | FR=-0.00002
2026-03-27 14:40:50 BRT [DEBUG  ]   XRP      ATR=0.0066 | BB_lower=1.3265 | BB_upper=1.3422 | FR=-0.00012
2026-03-27 14:40:50 BRT [DEBUG  ]   XPL      ATR=0.0008 | BB_lower=0.0882 | BB_upper=0.0910 | FR=0.00004
2026-03-27 14:40:50 BRT [DEBUG  ]   BEAT     ATR=0.0117 | BB_lower=0.5255 | BB_upper=0.5576 | FR=0.00005
2026-03-27 14:40:50 BRT [DEBUG  ]   CRV      ATR=0.0016 | BB_lower=0.2115 | BB_upper=0.2172 | FR=-0.00012
2026-03-27 14:40:50 BRT [DEBUG  ]   HBAR     ATR=0.0004 | BB_lower=0.0887 | BB_upper=0.0897 | FR=-0.00008
2026-03-27 14:40:50 BRT [DEBUG  ]   TRX      ATR=0.0009 | BB_lower=0.3066 | BB_upper=0.3123 | FR=-0.00017
2026-03-27 14:40:50 BRT [DEBUG  ]   POL      ATR=0.0005 | BB_lower=0.0895 | BB_upper=0.0911 | FR=-0.00051
2026-03-27 14:40:50 BRT [DEBUG  ]   FIL      ATR=0.0052 | BB_lower=0.8312 | BB_upper=0.8424 | FR=-0.00036
2026-03-27 14:40:50 BRT [DEBUG  ]   SUI      ATR=0.0052 | BB_lower=0.8846 | BB_upper=0.8957 | FR=-0.00007
2026-03-27 14:40:50 BRT [DEBUG  ]   XLM      ATR=0.0009 | BB_lower=0.1676 | BB_upper=0.1701 | FR=-0.00003
2026-03-27 14:40:50 BRT [DEBUG  ]   ASTER    ATR=0.0024 | BB_lower=0.6580 | BB_upper=0.6628 | FR=0.00005
2026-03-27 14:40:50 BRT [DEBUG  ]   LIT      ATR=0.0080 | BB_lower=0.8483 | BB_upper=0.8688 | FR=0.00005
2026-03-27 14:40:50 BRT [DEBUG  ]   NEAR     ATR=0.0070 | BB_lower=1.1759 | BB_upper=1.1903 | FR=0.00001
2026-03-27 14:40:50 BRT [DEBUG  ]   APT      ATR=0.0066 | BB_lower=0.9822 | BB_upper=0.9976 | FR=-0.00007
2026-03-27 14:40:50 BRT [DEBUG  ]   UNI      ATR=0.0197 | BB_lower=3.3779 | BB_upper=3.4310 | FR=-0.00013
2026-03-27 14:40:50 BRT [DEBUG  ]   LINK     ATR=0.0448 | BB_lower=8.5319 | BB_upper=8.6354 | FR=-0.00017
2026-03-27 14:40:50 BRT [DEBUG  ]   HYPE     ATR=0.2825 | BB_lower=38.0715 | BB_upper=38.7947 | FR=0.00005
2026-03-27 14:40:50 BRT [DEBUG  ]   ATOM     ATR=0.0078 | BB_lower=1.6595 | BB_upper=1.6788 | FR=-0.00029
2026-03-27 14:40:50 BRT [INFO   ] 
───────────────────────────────────────────────────────
2026-03-27 14:40:50 BRT [INFO   ]   ETAPA 3b — Score parcial (sem klines, para ordenação)
2026-03-27 14:40:50 BRT [INFO   ] ───────────────────────────────────────────────────────
2026-03-27 14:40:50 BRT [DEBUG  ]   PEPE     score parcial SHORT: 0/25 [FR=-0.0441% BB=0.0000–0.0000]
2026-03-27 14:40:50 BRT [DEBUG  ]   SHIB     score parcial SHORT: 1/25 [FR=0.0047% BB=0.0000–0.0000]
2026-03-27 14:40:50 BRT [DEBUG  ]   PUMP     score parcial SHORT: 0/25 [FR=-0.0048% BB=0.0017–0.0017]
2026-03-27 14:40:50 BRT [DEBUG  ]   DOGE     score parcial SHORT: 0/25 [FR=-0.0078% BB=0.0895–0.0906]
2026-03-27 14:40:50 BRT [DEBUG  ]   PIPPIN   score parcial SHORT: 4/25 [FR=0.0298% BB=0.0502–0.0561]
2026-03-27 14:40:50 BRT [DEBUG  ]   WLFI     score parcial SHORT: 0/25 [FR=-0.0020% BB=0.0963–0.0988]
2026-03-27 14:40:50 BRT [DEBUG  ]   XRP      score parcial SHORT: 0/25 [FR=-0.0120% BB=1.3265–1.3422]
2026-03-27 14:40:50 BRT [DEBUG  ]   XPL      score parcial SHORT: 1/25 [FR=0.0043% BB=0.0882–0.0910]
2026-03-27 14:40:50 BRT [DEBUG  ]   BEAT     score parcial SHORT: 4/25 [FR=0.0050% BB=0.5255–0.5576]
2026-03-27 14:40:50 BRT [DEBUG  ]   CRV      score parcial SHORT: 0/25 [FR=-0.0116% BB=0.2115–0.2172]
2026-03-27 14:40:50 BRT [DEBUG  ]   HBAR     score parcial SHORT: 0/25 [FR=-0.0078% BB=0.0887–0.0897]
2026-03-27 14:40:50 BRT [DEBUG  ]   TRX      score parcial SHORT: 0/25 [FR=-0.0167% BB=0.3066–0.3123]
2026-03-27 14:40:50 BRT [DEBUG  ]   POL      score parcial SHORT: 0/25 [FR=-0.0507% BB=0.0895–0.0911]
2026-03-27 14:40:50 BRT [DEBUG  ]   FIL      score parcial SHORT: 0/25 [FR=-0.0357% BB=0.8312–0.8424]
2026-03-27 14:40:50 BRT [DEBUG  ]   SUI      score parcial SHORT: 0/25 [FR=-0.0075% BB=0.8846–0.8957]
2026-03-27 14:40:50 BRT [DEBUG  ]   XLM      score parcial SHORT: 0/25 [FR=-0.0027% BB=0.1676–0.1701]
2026-03-27 14:40:50 BRT [DEBUG  ]   ASTER    score parcial SHORT: 1/25 [FR=0.0050% BB=0.6580–0.6628]
2026-03-27 14:40:50 BRT [DEBUG  ]   LIT      score parcial SHORT: 2/25 [FR=0.0050% BB=0.8483–0.8688]
2026-03-27 14:40:50 BRT [DEBUG  ]   NEAR     score parcial SHORT: 2/25 [FR=0.0011% BB=1.1759–1.1903]
2026-03-27 14:40:50 BRT [DEBUG  ]   APT      score parcial SHORT: 0/25 [FR=-0.0065% BB=0.9822–0.9976]
2026-03-27 14:40:50 BRT [DEBUG  ]   UNI      score parcial SHORT: 0/25 [FR=-0.0128% BB=3.3779–3.4310]
2026-03-27 14:40:50 BRT [DEBUG  ]   LINK     score parcial SHORT: 0/25 [FR=-0.0175% BB=8.5319–8.6354]
2026-03-27 14:40:50 BRT [DEBUG  ]   HYPE     score parcial SHORT: 1/25 [FR=0.0050% BB=38.0715–38.7947]
2026-03-27 14:40:50 BRT [DEBUG  ]   ATOM     score parcial SHORT: 0/25 [FR=-0.0292% BB=1.6595–1.6788]
2026-03-27 14:40:50 BRT [INFO   ]   Ordem LONG: []
2026-03-27 14:40:50 BRT [INFO   ]   Ordem SHORT: ['PIPPIN', 'BEAT', 'LIT', 'NEAR', 'SHIB', 'XPL', 'ASTER', 'HYPE', 'PEPE', 'PUMP', 'DOGE', 'WLFI', 'XRP', 'CRV', 'HBAR', 'TRX', 'POL', 'FIL', 'SUI', 'XLM', 'APT', 'UNI', 'LINK', 'ATOM']
2026-03-27 14:40:50 BRT [INFO   ] 
───────────────────────────────────────────────────────
2026-03-27 14:40:50 BRT [INFO   ]   ETAPA 4 — Klines + Score completo (TOP 20 LONG + SHORT) [v6.2.0]
2026-03-27 14:40:50 BRT [INFO   ] ───────────────────────────────────────────────────────
2026-03-27 14:40:50 BRT [DEBUG  ]   Contexto: FGI=13 | BTC=NEUTRAL | LONG=CAUTELOSO (Medo Extremo)(thr=20) | SHORT=MODERADO (Medo Extremo — mercado bearish)(thr=16) | risk_score=0
2026-03-27 14:40:50 BRT [INFO   ]   ✅  [A4 CANDLE LOCK] Vela 15m fechada (650s após fechamento). Último fechamento: 14:30:00 BRT.
2026-03-27 14:40:50 BRT [INFO   ]   Buscando klines para: ['PIPPIN', 'BEAT', 'LIT', 'NEAR', 'SHIB', 'XPL', 'ASTER', 'HYPE', 'PEPE', 'PUMP', 'DOGE', 'WLFI', 'XRP', 'CRV', 'HBAR', 'TRX', 'POL', 'FIL', 'SUI', 'XLM']
2026-03-27 14:40:50 BRT [DEBUG  ]   📡  Cache MISS PIPPINUSDT 1H: arquivo não existe — buscando
2026-03-27 14:40:50 BRT [DEBUG  ]   📡  Cache MISS BEATUSDT 1H: arquivo não existe — buscando
2026-03-27 14:40:50 BRT [DEBUG  ]   📡  Cache MISS LITUSDT 1H: arquivo não existe — buscando
2026-03-27 14:40:50 BRT [DEBUG  ]   📡  Cache MISS NEARUSDT 1H: arquivo não existe — buscando
2026-03-27 14:40:50 BRT [DEBUG  ]   📡  Cache MISS SHIBUSDT 1H: arquivo não existe — buscando
2026-03-27 14:40:50 BRT [DEBUG  ]   📡  Cache MISS XPLUSDT 1H: arquivo não existe — buscando
2026-03-27 14:40:50 BRT [DEBUG  ]   📡  Cache MISS ASTERUSDT 1H: arquivo não existe — buscando
2026-03-27 14:40:50 BRT [DEBUG  ]   📡  Cache MISS HYPEUSDT 1H: arquivo não existe — buscando
2026-03-27 14:40:50 BRT [DEBUG  ]   📡  Cache MISS PEPEUSDT 1H: arquivo não existe — buscando
2026-03-27 14:40:50 BRT [DEBUG  ]   📡  Cache MISS PUMPUSDT 1H: arquivo não existe — buscando
2026-03-27 14:40:50 BRT [DEBUG  ]   📡  Cache MISS DOGEUSDT 1H: arquivo não existe — buscando
2026-03-27 14:40:50 BRT [DEBUG  ]   📡  Cache MISS WLFIUSDT 1H: arquivo não existe — buscando
2026-03-27 14:40:50 BRT [DEBUG  ]   📡  Cache MISS XRPUSDT 1H: arquivo não existe — buscando
2026-03-27 14:40:50 BRT [DEBUG  ]   📡  Cache MISS CRVUSDT 1H: arquivo não existe — buscando
2026-03-27 14:40:50 BRT [DEBUG  ]   📡  Cache MISS HBARUSDT 1H: arquivo não existe — buscando
2026-03-27 14:40:50 BRT [DEBUG  ]   📡  Cache MISS TRXUSDT 1H: arquivo não existe — buscando
2026-03-27 14:40:50 BRT [DEBUG  ]   📡  Cache MISS POLUSDT 1H: arquivo não existe — buscando
2026-03-27 14:40:50 BRT [DEBUG  ]   📡  Cache MISS FILUSDT 1H: arquivo não existe — buscando
2026-03-27 14:40:50 BRT [DEBUG  ]   📡  Cache MISS SUIUSDT 1H: arquivo não existe — buscando
2026-03-27 14:40:50 BRT [DEBUG  ]   📡  Cache MISS XLMUSDT 1H: arquivo não existe — buscando
2026-03-27 14:40:50 BRT [DEBUG  ]   📡  Cache MISS PIPPINUSDT 4H: arquivo não existe — buscando
2026-03-27 14:40:50 BRT [DEBUG  ]   📡  Cache MISS BEATUSDT 4H: arquivo não existe — buscando
2026-03-27 14:40:50 BRT [DEBUG  ]   📡  Cache MISS LITUSDT 4H: arquivo não existe — buscando
2026-03-27 14:40:50 BRT [DEBUG  ]   📡  Cache MISS NEARUSDT 4H: arquivo não existe — buscando
2026-03-27 14:40:50 BRT [DEBUG  ]   📡  Cache MISS SHIBUSDT 4H: arquivo não existe — buscando
2026-03-27 14:40:50 BRT [DEBUG  ]   📡  Cache MISS XPLUSDT 4H: arquivo não existe — buscando
2026-03-27 14:40:50 BRT [DEBUG  ]   📡  Cache MISS ASTERUSDT 4H: arquivo não existe — buscando
2026-03-27 14:40:50 BRT [DEBUG  ]   📡  Cache MISS HYPEUSDT 4H: arquivo não existe — buscando
2026-03-27 14:40:50 BRT [DEBUG  ]   📡  Cache MISS PEPEUSDT 4H: arquivo não existe — buscando
2026-03-27 14:40:50 BRT [DEBUG  ]   📡  Cache MISS PUMPUSDT 4H: arquivo não existe — buscando
2026-03-27 14:40:50 BRT [DEBUG  ]   📡  Cache MISS DOGEUSDT 4H: arquivo não existe — buscando
2026-03-27 14:40:50 BRT [DEBUG  ]   📡  Cache MISS WLFIUSDT 4H: arquivo não existe — buscando
2026-03-27 14:40:50 BRT [DEBUG  ]   📡  Cache MISS XRPUSDT 4H: arquivo não existe — buscando
2026-03-27 14:40:50 BRT [DEBUG  ]   📡  Cache MISS CRVUSDT 4H: arquivo não existe — buscando
2026-03-27 14:40:50 BRT [DEBUG  ]   📡  Cache MISS HBARUSDT 4H: arquivo não existe — buscando
2026-03-27 14:40:50 BRT [DEBUG  ]   📡  Cache MISS TRXUSDT 4H: arquivo não existe — buscando
2026-03-27 14:40:50 BRT [DEBUG  ]   📡  Cache MISS POLUSDT 4H: arquivo não existe — buscando
2026-03-27 14:40:50 BRT [DEBUG  ]   📡  Cache MISS FILUSDT 4H: arquivo não existe — buscando
2026-03-27 14:40:50 BRT [DEBUG  ]   📡  Cache MISS SUIUSDT 4H: arquivo não existe — buscando
2026-03-27 14:40:50 BRT [DEBUG  ]   📡  Cache MISS XLMUSDT 4H: arquivo não existe — buscando
2026-03-27 14:40:50 BRT [DEBUG  ]   GET https://api.bitget.com/api/v2/mix/market/candles?productType=USDT-FUTURES&symbol...
2026-03-27 14:40:50 BRT [DEBUG  ]       → HTTP 200 | 5.0KB | enc:gzip | 0.40s
2026-03-27 14:40:50 BRT [DEBUG  ]   ✅  Klines DOGEUSDT 1H: 60 candles | 03/27 14:00 → 03/25 03:00
2026-03-27 14:40:50 BRT [DEBUG  ]   💾  Cache GRAVADO DOGEUSDT 1H: 60 candles
2026-03-27 14:40:50 BRT [DEBUG  ]   GET https://api.bitget.com/api/v2/mix/market/candles?productType=USDT-FUTURES&symbol...
2026-03-27 14:40:50 BRT [DEBUG  ]       → HTTP 200 | 6.1KB | enc:gzip | 0.40s
2026-03-27 14:40:50 BRT [DEBUG  ]   ✅  Klines SHIBUSDT 4H: 60 candles | 03/27 13:00 → 03/17 17:00
2026-03-27 14:40:50 BRT [DEBUG  ]   💾  Cache GRAVADO SHIBUSDT 4H: 60 candles
2026-03-27 14:40:50 BRT [DEBUG  ]   GET https://api.bitget.com/api/v2/mix/market/candles?productType=USDT-FUTURES&symbol...
2026-03-27 14:40:50 BRT [DEBUG  ]       → HTTP 200 | 4.6KB | enc:gzip | 0.40s
2026-03-27 14:40:50 BRT [DEBUG  ]   ✅  Klines NEARUSDT 4H: 60 candles | 03/27 13:00 → 03/17 17:00
2026-03-27 14:40:50 BRT [DEBUG  ]   💾  Cache GRAVADO NEARUSDT 4H: 60 candles
2026-03-27 14:40:50 BRT [DEBUG  ]   GET https://api.bitget.com/api/v2/mix/market/candles?productType=USDT-FUTURES&symbol...
2026-03-27 14:40:50 BRT [DEBUG  ]       → HTTP 200 | 4.8KB | enc:gzip | 0.40s
2026-03-27 14:40:50 BRT [DEBUG  ]   ✅  Klines SUIUSDT 4H: 60 candles | 03/27 13:00 → 03/17 17:00
2026-03-27 14:40:50 BRT [DEBUG  ]   💾  Cache GRAVADO SUIUSDT 4H: 60 candles
2026-03-27 14:40:50 BRT [DEBUG  ]   GET https://api.bitget.com/api/v2/mix/market/candles?productType=USDT-FUTURES&symbol...
2026-03-27 14:40:50 BRT [DEBUG  ]       → HTTP 200 | 4.5KB | enc:gzip | 0.41s
2026-03-27 14:40:50 BRT [DEBUG  ]   ✅  Klines NEARUSDT 1H: 60 candles | 03/27 14:00 → 03/25 03:00
2026-03-27 14:40:50 BRT [DEBUG  ]   💾  Cache GRAVADO NEARUSDT 1H: 60 candles
2026-03-27 14:40:50 BRT [DEBUG  ]   GET https://api.bitget.com/api/v2/mix/market/candles?productType=USDT-FUTURES&symbol...
2026-03-27 14:40:50 BRT [DEBUG  ]       → HTTP 200 | 5.3KB | enc:gzip | 0.41s
2026-03-27 14:40:50 BRT [DEBUG  ]   ✅  Klines PUMPUSDT 1H: 60 candles | 03/27 14:00 → 03/25 03:00
2026-03-27 14:40:50 BRT [DEBUG  ]   💾  Cache GRAVADO PUMPUSDT 1H: 60 candles
2026-03-27 14:40:50 BRT [DEBUG  ]   GET https://api.bitget.com/api/v2/mix/market/candles?productType=USDT-FUTURES&symbol...
2026-03-27 14:40:50 BRT [DEBUG  ]       → HTTP 200 | 4.6KB | enc:gzip | 0.41s
2026-03-27 14:40:50 BRT [DEBUG  ]   ✅  Klines XPLUSDT 4H: 60 candles | 03/27 13:00 → 03/17 17:00
2026-03-27 14:40:50 BRT [DEBUG  ]   💾  Cache GRAVADO XPLUSDT 4H: 60 candles
2026-03-27 14:40:50 BRT [DEBUG  ]   GET https://api.bitget.com/api/v2/mix/market/candles?productType=USDT-FUTURES&symbol...
2026-03-27 14:40:50 BRT [DEBUG  ]       → HTTP 200 | 4.2KB | enc:gzip | 0.41s
2026-03-27 14:40:50 BRT [DEBUG  ]   ✅  Klines LITUSDT 1H: 60 candles | 03/27 14:00 → 03/25 03:00
2026-03-27 14:40:50 BRT [DEBUG  ]   💾  Cache GRAVADO LITUSDT 1H: 60 candles
2026-03-27 14:40:50 BRT [DEBUG  ]   GET https://api.bitget.com/api/v2/mix/market/candles?productType=USDT-FUTURES&symbol...
2026-03-27 14:40:50 BRT [DEBUG  ]       → HTTP 200 | 4.7KB | enc:gzip | 0.43s
2026-03-27 14:40:50 BRT [DEBUG  ]   ✅  Klines POLUSDT 15m: 60 candles | 03/27 14:30 → 03/26 23:45
2026-03-27 14:40:50 BRT [DEBUG  ]   GET https://api.bitget.com/api/v2/mix/market/candles?productType=USDT-FUTURES&symbol...
2026-03-27 14:40:50 BRT [DEBUG  ]       → HTTP 200 | 5.2KB | enc:gzip | 0.43s
2026-03-27 14:40:50 BRT [DEBUG  ]   ✅  Klines PUMPUSDT 15m: 60 candles | 03/27 14:30 → 03/26 23:45
2026-03-27 14:40:50 BRT [DEBUG  ]   GET https://api.bitget.com/api/v2/mix/market/candles?productType=USDT-FUTURES&symbol...
2026-03-27 14:40:50 BRT [DEBUG  ]       → HTTP 200 | 4.2KB | enc:gzip | 0.43s
2026-03-27 14:40:50 BRT [DEBUG  ]   ✅  Klines LITUSDT 4H: 60 candles | 03/27 13:00 → 03/17 17:00
2026-03-27 14:40:50 BRT [DEBUG  ]   💾  Cache GRAVADO LITUSDT 4H: 60 candles
2026-03-27 14:40:50 BRT [DEBUG  ]   GET https://api.bitget.com/api/v2/mix/market/candles?productType=USDT-FUTURES&symbol...
2026-03-27 14:40:50 BRT [DEBUG  ]       → HTTP 200 | 4.9KB | enc:gzip | 0.43s
2026-03-27 14:40:50 BRT [DEBUG  ]   ✅  Klines DOGEUSDT 15m: 60 candles | 03/27 14:30 → 03/26 23:45
2026-03-27 14:40:50 BRT [DEBUG  ]   GET https://api.bitget.com/api/v2/mix/market/candles?productType=USDT-FUTURES&symbol...
2026-03-27 14:40:50 BRT [DEBUG  ]       → HTTP 200 | 6.6KB | enc:gzip | 0.43s
2026-03-27 14:40:50 BRT [DEBUG  ]   ✅  Klines PEPEUSDT 4H: 60 candles | 03/27 13:00 → 03/17 17:00
2026-03-27 14:40:50 BRT [DEBUG  ]   💾  Cache GRAVADO PEPEUSDT 4H: 60 candles
2026-03-27 14:40:50 BRT [DEBUG  ]   GET https://api.bitget.com/api/v2/mix/market/candles?productType=USDT-FUTURES&symbol...
2026-03-27 14:40:50 BRT [DEBUG  ]       → HTTP 200 | 4.5KB | enc:gzip | 0.43s
2026-03-27 14:40:50 BRT [DEBUG  ]   ✅  Klines XPLUSDT 15m: 60 candles | 03/27 14:30 → 03/26 23:45
2026-03-27 14:40:50 BRT [DEBUG  ]   GET https://api.bitget.com/api/v2/mix/market/candles?productType=USDT-FUTURES&symbol...
2026-03-27 14:40:50 BRT [DEBUG  ]       → HTTP 200 | 4.7KB | enc:gzip | 0.43s
2026-03-27 14:40:50 BRT [DEBUG  ]   ✅  Klines FILUSDT 1H: 60 candles | 03/27 14:00 → 03/25 03:00
2026-03-27 14:40:50 BRT [DEBUG  ]   💾  Cache GRAVADO FILUSDT 1H: 60 candles
2026-03-27 14:40:50 BRT [DEBUG  ]   GET https://api.bitget.com/api/v2/mix/market/candles?productType=USDT-FUTURES&symbol...
2026-03-27 14:40:50 BRT [DEBUG  ]       → HTTP 200 | 4.9KB | enc:gzip | 0.43s
2026-03-27 14:40:50 BRT [DEBUG  ]   ✅  Klines XLMUSDT 1H: 60 candles | 03/27 14:00 → 03/25 03:00
2026-03-27 14:40:50 BRT [DEBUG  ]   💾  Cache GRAVADO XLMUSDT 1H: 60 candles
2026-03-27 14:40:50 BRT [DEBUG  ]   GET https://api.bitget.com/api/v2/mix/market/candles?productType=USDT-FUTURES&symbol...
2026-03-27 14:40:50 BRT [DEBUG  ]       → HTTP 200 | 4.5KB | enc:gzip | 0.43s
2026-03-27 14:40:50 BRT [DEBUG  ]   ✅  Klines ASTERUSDT 1H: 60 candles | 03/27 14:00 → 03/25 03:00
2026-03-27 14:40:50 BRT [DEBUG  ]   💾  Cache GRAVADO ASTERUSDT 1H: 60 candles
2026-03-27 14:40:50 BRT [DEBUG  ]   GET https://api.bitget.com/api/v2/mix/market/candles?productType=USDT-FUTURES&symbol...
2026-03-27 14:40:50 BRT [DEBUG  ]       → HTTP 200 | 4.9KB | enc:gzip | 0.44s
2026-03-27 14:40:50 BRT [DEBUG  ]   ✅  Klines POLUSDT 4H: 60 candles | 03/27 13:00 → 03/17 17:00
2026-03-27 14:40:50 BRT [DEBUG  ]   💾  Cache GRAVADO POLUSDT 4H: 60 candles
2026-03-27 14:40:50 BRT [DEBUG  ]   GET https://api.bitget.com/api/v2/mix/market/candles?productType=USDT-FUTURES&symbol...
2026-03-27 14:40:50 BRT [DEBUG  ]       → HTTP 200 | 4.7KB | enc:gzip | 0.45s
2026-03-27 14:40:50 BRT [DEBUG  ]   ✅  Klines HYPEUSDT 15m: 60 candles | 03/27 14:30 → 03/26 23:45
2026-03-27 14:40:50 BRT [DEBUG  ]   GET https://api.bitget.com/api/v2/mix/market/candles?productType=USDT-FUTURES&symbol...
2026-03-27 14:40:50 BRT [DEBUG  ]       → HTTP 200 | 4.9KB | enc:gzip | 0.45s
2026-03-27 14:40:50 BRT [DEBUG  ]   ✅  Klines XLMUSDT 4H: 60 candles | 03/27 13:00 → 03/17 17:00
2026-03-27 14:40:50 BRT [DEBUG  ]   💾  Cache GRAVADO XLMUSDT 4H: 60 candles
2026-03-27 14:40:50 BRT [DEBUG  ]   GET https://api.bitget.com/api/v2/mix/market/candles?productType=USDT-FUTURES&symbol...
2026-03-27 14:40:50 BRT [DEBUG  ]       → HTTP 200 | 4.7KB | enc:gzip | 0.45s
2026-03-27 14:40:50 BRT [DEBUG  ]   ✅  Klines XRPUSDT 1H: 60 candles | 03/27 14:00 → 03/25 03:00
2026-03-27 14:40:50 BRT [DEBUG  ]   💾  Cache GRAVADO XRPUSDT 1H: 60 candles
2026-03-27 14:40:50 BRT [DEBUG  ]   GET https://api.bitget.com/api/v2/mix/market/candles?productType=USDT-FUTURES&symbol...
2026-03-27 14:40:50 BRT [DEBUG  ]       → HTTP 200 | 4.6KB | enc:gzip | 0.45s
2026-03-27 14:40:50 BRT [DEBUG  ]   ✅  Klines FILUSDT 15m: 60 candles | 03/27 14:30 → 03/26 23:45
2026-03-27 14:40:50 BRT [DEBUG  ]   GET https://api.bitget.com/api/v2/mix/market/candles?productType=USDT-FUTURES&symbol...
2026-03-27 14:40:50 BRT [DEBUG  ]       → HTTP 200 | 4.8KB | enc:gzip | 0.45s
2026-03-27 14:40:50 BRT [DEBUG  ]   ✅  Klines FILUSDT 4H: 60 candles | 03/27 13:00 → 03/17 17:00
2026-03-27 14:40:50 BRT [DEBUG  ]   💾  Cache GRAVADO FILUSDT 4H: 60 candles
2026-03-27 14:40:50 BRT [DEBUG  ]   GET https://api.bitget.com/api/v2/mix/market/candles?productType=USDT-FUTURES&symbol...
2026-03-27 14:40:50 BRT [DEBUG  ]       → HTTP 200 | 4.5KB | enc:gzip | 0.46s
2026-03-27 14:40:50 BRT [DEBUG  ]   ✅  Klines NEARUSDT 15m: 60 candles | 03/27 14:30 → 03/26 23:45
2026-03-27 14:40:50 BRT [DEBUG  ]   GET https://api.bitget.com/api/v2/mix/market/candles?productType=USDT-FUTURES&symbol...
2026-03-27 14:40:50 BRT [DEBUG  ]       → HTTP 200 | 5.3KB | enc:gzip | 0.45s
2026-03-27 14:40:50 BRT [DEBUG  ]   ✅  Klines PUMPUSDT 4H: 60 candles | 03/27 13:00 → 03/17 17:00
2026-03-27 14:40:50 BRT [DEBUG  ]   💾  Cache GRAVADO PUMPUSDT 4H: 60 candles
2026-03-27 14:40:50 BRT [DEBUG  ]   GET https://api.bitget.com/api/v2/mix/market/candles?productType=USDT-FUTURES&symbol...
2026-03-27 14:40:50 BRT [DEBUG  ]       → HTTP 200 | 4.6KB | enc:gzip | 0.45s
2026-03-27 14:40:50 BRT [DEBUG  ]   ✅  Klines XPLUSDT 1H: 60 candles | 03/27 14:00 → 03/25 03:00
2026-03-27 14:40:50 BRT [DEBUG  ]   💾  Cache GRAVADO XPLUSDT 1H: 60 candles
2026-03-27 14:40:50 BRT [DEBUG  ]   GET https://api.bitget.com/api/v2/mix/market/candles?productType=USDT-FUTURES&symbol...
2026-03-27 14:40:50 BRT [DEBUG  ]       → HTTP 200 | 6.1KB | enc:gzip | 0.46s
2026-03-27 14:40:50 BRT [DEBUG  ]   ✅  Klines SHIBUSDT 1H: 60 candles | 03/27 14:00 → 03/25 03:00
2026-03-27 14:40:50 BRT [DEBUG  ]   💾  Cache GRAVADO SHIBUSDT 1H: 60 candles
2026-03-27 14:40:50 BRT [DEBUG  ]   GET https://api.bitget.com/api/v2/mix/market/candles?productType=USDT-FUTURES&symbol...
2026-03-27 14:40:50 BRT [DEBUG  ]       → HTTP 200 | 4.5KB | enc:gzip | 0.46s
2026-03-27 14:40:50 BRT [DEBUG  ]   ✅  Klines WLFIUSDT 1H: 60 candles | 03/27 14:00 → 03/25 03:00
2026-03-27 14:40:50 BRT [DEBUG  ]   💾  Cache GRAVADO WLFIUSDT 1H: 60 candles
2026-03-27 14:40:50 BRT [DEBUG  ]   GET https://api.bitget.com/api/v2/mix/market/candles?productType=USDT-FUTURES&symbol...
2026-03-27 14:40:50 BRT [DEBUG  ]       → HTTP 200 | 4.6KB | enc:gzip | 0.45s
2026-03-27 14:40:50 BRT [DEBUG  ]   ✅  Klines ASTERUSDT 4H: 60 candles | 03/27 13:00 → 03/17 17:00
2026-03-27 14:40:50 BRT [DEBUG  ]   💾  Cache GRAVADO ASTERUSDT 4H: 60 candles
2026-03-27 14:40:50 BRT [DEBUG  ]   GET https://api.bitget.com/api/v2/mix/market/candles?productType=USDT-FUTURES&symbol...
2026-03-27 14:40:50 BRT [DEBUG  ]       → HTTP 200 | 4.8KB | enc:gzip | 0.45s
2026-03-27 14:40:50 BRT [DEBUG  ]   ✅  Klines XRPUSDT 4H: 60 candles | 03/27 13:00 → 03/17 17:00
2026-03-27 14:40:50 BRT [DEBUG  ]   💾  Cache GRAVADO XRPUSDT 4H: 60 candles
2026-03-27 14:40:50 BRT [DEBUG  ]   GET https://api.bitget.com/api/v2/mix/market/candles?productType=USDT-FUTURES&symbol...
2026-03-27 14:40:50 BRT [DEBUG  ]       → HTTP 200 | 4.5KB | enc:gzip | 0.46s
2026-03-27 14:40:50 BRT [DEBUG  ]   ✅  Klines CRVUSDT 1H: 60 candles | 03/27 14:00 → 03/25 03:00
2026-03-27 14:40:50 BRT [DEBUG  ]   💾  Cache GRAVADO CRVUSDT 1H: 60 candles
2026-03-27 14:40:50 BRT [DEBUG  ]   GET https://api.bitget.com/api/v2/mix/market/candles?productType=USDT-FUTURES&symbol...
2026-03-27 14:40:50 BRT [DEBUG  ]       → HTTP 200 | 4.6KB | enc:gzip | 0.46s
2026-03-27 14:40:50 BRT [DEBUG  ]   ✅  Klines WLFIUSDT 4H: 60 candles | 03/27 13:00 → 03/17 17:00
2026-03-27 14:40:50 BRT [DEBUG  ]   💾  Cache GRAVADO WLFIUSDT 4H: 60 candles
2026-03-27 14:40:50 BRT [DEBUG  ]   GET https://api.bitget.com/api/v2/mix/market/candles?productType=USDT-FUTURES&symbol...
2026-03-27 14:40:50 BRT [DEBUG  ]       → HTTP 200 | 4.4KB | enc:gzip | 0.46s
2026-03-27 14:40:50 BRT [DEBUG  ]   ✅  Klines ASTERUSDT 15m: 60 candles | 03/27 14:30 → 03/26 23:45
2026-03-27 14:40:50 BRT [DEBUG  ]   GET https://api.bitget.com/api/v2/mix/market/candles?productType=USDT-FUTURES&symbol...
2026-03-27 14:40:50 BRT [DEBUG  ]       → HTTP 200 | 5.0KB | enc:gzip | 0.46s
2026-03-27 14:40:50 BRT [DEBUG  ]   ✅  Klines DOGEUSDT 4H: 60 candles | 03/27 13:00 → 03/17 17:00
2026-03-27 14:40:50 BRT [DEBUG  ]   💾  Cache GRAVADO DOGEUSDT 4H: 60 candles
2026-03-27 14:40:50 BRT [DEBUG  ]   GET https://api.bitget.com/api/v2/mix/market/candles?productType=USDT-FUTURES&symbol...
2026-03-27 14:40:50 BRT [DEBUG  ]       → HTTP 200 | 4.7KB | enc:gzip | 0.46s
2026-03-27 14:40:50 BRT [DEBUG  ]   ✅  Klines SUIUSDT 15m: 60 candles | 03/27 14:30 → 03/26 23:45
2026-03-27 14:40:50 BRT [DEBUG  ]   GET https://api.bitget.com/api/v2/mix/market/candles?productType=USDT-FUTURES&symbol...
2026-03-27 14:40:50 BRT [DEBUG  ]       → HTTP 200 | 4.9KB | enc:gzip | 0.46s
2026-03-27 14:40:50 BRT [DEBUG  ]   ✅  Klines HBARUSDT 4H: 60 candles | 03/27 13:00 → 03/17 17:00
2026-03-27 14:40:50 BRT [DEBUG  ]   💾  Cache GRAVADO HBARUSDT 4H: 60 candles
2026-03-27 14:40:50 BRT [DEBUG  ]   GET https://api.bitget.com/api/v2/mix/market/candles?productType=USDT-FUTURES&symbol...
2026-03-27 14:40:50 BRT [DEBUG  ]       → HTTP 200 | 4.8KB | enc:gzip | 0.46s
2026-03-27 14:40:50 BRT [DEBUG  ]   ✅  Klines TRXUSDT 15m: 60 candles | 03/27 14:30 → 03/26 23:45
2026-03-27 14:40:50 BRT [DEBUG  ]   GET https://api.bitget.com/api/v2/mix/market/candles?productType=USDT-FUTURES&symbol...
2026-03-27 14:40:50 BRT [DEBUG  ]       → HTTP 200 | 4.5KB | enc:gzip | 0.46s
2026-03-27 14:40:50 BRT [DEBUG  ]   ✅  Klines WLFIUSDT 15m: 60 candles | 03/27 14:30 → 03/26 23:45
2026-03-27 14:40:50 BRT [DEBUG  ]   GET https://api.bitget.com/api/v2/mix/market/candles?productType=USDT-FUTURES&symbol...
2026-03-27 14:40:50 BRT [DEBUG  ]       → HTTP 200 | 4.8KB | enc:gzip | 0.47s
2026-03-27 14:40:50 BRT [DEBUG  ]   ✅  Klines BEATUSDT 15m: 60 candles | 03/27 14:30 → 03/26 23:45
2026-03-27 14:40:50 BRT [DEBUG  ]   GET https://api.bitget.com/api/v2/mix/market/candles?productType=USDT-FUTURES&symbol...
2026-03-27 14:40:50 BRT [DEBUG  ]       → HTTP 200 | 4.8KB | enc:gzip | 0.46s
2026-03-27 14:40:50 BRT [DEBUG  ]   ✅  Klines POLUSDT 1H: 60 candles | 03/27 14:00 → 03/25 03:00
2026-03-27 14:40:50 BRT [DEBUG  ]   💾  Cache GRAVADO POLUSDT 1H: 60 candles
2026-03-27 14:40:50 BRT [DEBUG  ]   GET https://api.bitget.com/api/v2/mix/market/candles?productType=USDT-FUTURES&symbol...
2026-03-27 14:40:50 BRT [DEBUG  ]       → HTTP 200 | 4.9KB | enc:gzip | 0.46s
2026-03-27 14:40:50 BRT [DEBUG  ]   ✅  Klines HBARUSDT 1H: 60 candles | 03/27 14:00 → 03/25 03:00
2026-03-27 14:40:50 BRT [DEBUG  ]   💾  Cache GRAVADO HBARUSDT 1H: 60 candles
2026-03-27 14:40:50 BRT [DEBUG  ]   GET https://api.bitget.com/api/v2/mix/market/candles?productType=USDT-FUTURES&symbol...
2026-03-27 14:40:50 BRT [DEBUG  ]       → HTTP 200 | 4.8KB | enc:gzip | 0.47s
2026-03-27 14:40:50 BRT [DEBUG  ]   ✅  Klines BEATUSDT 1H: 60 candles | 03/27 14:00 → 03/25 03:00
2026-03-27 14:40:50 BRT [DEBUG  ]   💾  Cache GRAVADO BEATUSDT 1H: 60 candles
2026-03-27 14:40:50 BRT [DEBUG  ]   GET https://api.bitget.com/api/v2/mix/market/candles?productType=USDT-FUTURES&symbol...
2026-03-27 14:40:50 BRT [DEBUG  ]       → HTTP 200 | 4.9KB | enc:gzip | 0.47s
2026-03-27 14:40:50 BRT [DEBUG  ]   ✅  Klines BEATUSDT 4H: 60 candles | 03/27 13:00 → 03/17 17:00
2026-03-27 14:40:50 BRT [DEBUG  ]   💾  Cache GRAVADO BEATUSDT 4H: 60 candles
2026-03-27 14:40:50 BRT [DEBUG  ]   GET https://api.bitget.com/api/v2/mix/market/candles?productType=USDT-FUTURES&symbol...
2026-03-27 14:40:50 BRT [DEBUG  ]       → HTTP 200 | 6.0KB | enc:gzip | 0.47s
2026-03-27 14:40:50 BRT [DEBUG  ]   ✅  Klines SHIBUSDT 15m: 60 candles | 03/27 14:30 → 03/26 23:45
2026-03-27 14:40:50 BRT [DEBUG  ]   GET https://api.bitget.com/api/v2/mix/market/candles?productType=USDT-FUTURES&symbol...
2026-03-27 14:40:50 BRT [DEBUG  ]       → HTTP 200 | 4.9KB | enc:gzip | 0.47s
2026-03-27 14:40:50 BRT [DEBUG  ]   ✅  Klines HYPEUSDT 4H: 60 candles | 03/27 13:00 → 03/17 17:00
2026-03-27 14:40:50 BRT [DEBUG  ]   💾  Cache GRAVADO HYPEUSDT 4H: 60 candles
2026-03-27 14:40:50 BRT [DEBUG  ]   GET https://api.bitget.com/api/v2/mix/market/candles?productType=USDT-FUTURES&symbol...
2026-03-27 14:40:50 BRT [DEBUG  ]       → HTTP 200 | 4.8KB | enc:gzip | 0.47s
2026-03-27 14:40:50 BRT [DEBUG  ]   ✅  Klines SUIUSDT 1H: 60 candles | 03/27 14:00 → 03/25 03:00
2026-03-27 14:40:50 BRT [DEBUG  ]   💾  Cache GRAVADO SUIUSDT 1H: 60 candles
2026-03-27 14:40:50 BRT [DEBUG  ]   GET https://api.bitget.com/api/v2/mix/market/candles?productType=USDT-FUTURES&symbol...
2026-03-27 14:40:50 BRT [DEBUG  ]       → HTTP 200 | 6.5KB | enc:gzip | 0.47s
2026-03-27 14:40:50 BRT [DEBUG  ]   ✅  Klines PEPEUSDT 1H: 60 candles | 03/27 14:00 → 03/25 03:00
2026-03-27 14:40:50 BRT [DEBUG  ]   💾  Cache GRAVADO PEPEUSDT 1H: 60 candles
2026-03-27 14:40:50 BRT [DEBUG  ]   GET https://api.bitget.com/api/v2/mix/market/candles?productType=USDT-FUTURES&symbol...
2026-03-27 14:40:50 BRT [DEBUG  ]       → HTTP 200 | 4.8KB | enc:gzip | 0.47s
2026-03-27 14:40:50 BRT [DEBUG  ]   ✅  Klines XLMUSDT 15m: 60 candles | 03/27 14:30 → 03/26 23:45
2026-03-27 14:40:50 BRT [DEBUG  ]   GET https://api.bitget.com/api/v2/mix/market/candles?productType=USDT-FUTURES&symbol...
2026-03-27 14:40:50 BRT [DEBUG  ]       → HTTP 200 | 4.8KB | enc:gzip | 0.47s
2026-03-27 14:40:50 BRT [DEBUG  ]   ✅  Klines TRXUSDT 1H: 60 candles | 03/27 14:00 → 03/25 03:00
2026-03-27 14:40:50 BRT [DEBUG  ]   💾  Cache GRAVADO TRXUSDT 1H: 60 candles
2026-03-27 14:40:50 BRT [DEBUG  ]   GET https://api.bitget.com/api/v2/mix/market/candles?productType=USDT-FUTURES&symbol...
2026-03-27 14:40:50 BRT [DEBUG  ]       → HTTP 200 | 4.5KB | enc:gzip | 0.47s
2026-03-27 14:40:50 BRT [DEBUG  ]   ✅  Klines CRVUSDT 15m: 60 candles | 03/27 14:30 → 03/26 23:45
2026-03-27 14:40:50 BRT [DEBUG  ]   GET https://api.bitget.com/api/v2/mix/market/candles?productType=USDT-FUTURES&symbol...
2026-03-27 14:40:50 BRT [DEBUG  ]       → HTTP 200 | 4.1KB | enc:gzip | 0.48s
2026-03-27 14:40:50 BRT [DEBUG  ]   ✅  Klines LITUSDT 15m: 60 candles | 03/27 14:30 → 03/26 23:45
2026-03-27 14:40:50 BRT [DEBUG  ]   GET https://api.bitget.com/api/v2/mix/market/candles?productType=USDT-FUTURES&symbol...
2026-03-27 14:40:50 BRT [DEBUG  ]       → HTTP 200 | 4.8KB | enc:gzip | 0.48s
2026-03-27 14:40:50 BRT [DEBUG  ]   ✅  Klines HBARUSDT 15m: 60 candles | 03/27 14:30 → 03/26 23:45
2026-03-27 14:40:50 BRT [DEBUG  ]   GET https://api.bitget.com/api/v2/mix/market/candles?productType=USDT-FUTURES&symbol...
2026-03-27 14:40:50 BRT [DEBUG  ]       → HTTP 200 | 5.0KB | enc:gzip | 0.48s
2026-03-27 14:40:50 BRT [DEBUG  ]   ✅  Klines PIPPINUSDT 1H: 60 candles | 03/27 14:00 → 03/25 03:00
2026-03-27 14:40:50 BRT [DEBUG  ]   💾  Cache GRAVADO PIPPINUSDT 1H: 60 candles
2026-03-27 14:40:50 BRT [DEBUG  ]   GET https://api.bitget.com/api/v2/mix/market/candles?productType=USDT-FUTURES&symbol...
2026-03-27 14:40:50 BRT [DEBUG  ]       → HTTP 200 | 4.6KB | enc:gzip | 0.47s
2026-03-27 14:40:50 BRT [DEBUG  ]   ✅  Klines CRVUSDT 4H: 60 candles | 03/27 13:00 → 03/17 17:00
2026-03-27 14:40:50 BRT [DEBUG  ]   💾  Cache GRAVADO CRVUSDT 4H: 60 candles
2026-03-27 14:40:50 BRT [DEBUG  ]   GET https://api.bitget.com/api/v2/mix/market/candles?productType=USDT-FUTURES&symbol...
2026-03-27 14:40:50 BRT [DEBUG  ]       → HTTP 200 | 4.6KB | enc:gzip | 0.48s
2026-03-27 14:40:50 BRT [DEBUG  ]   ✅  Klines XRPUSDT 15m: 60 candles | 03/27 14:30 → 03/26 23:45
2026-03-27 14:40:50 BRT [DEBUG  ]   GET https://api.bitget.com/api/v2/mix/market/candles?productType=USDT-FUTURES&symbol...
2026-03-27 14:40:50 BRT [DEBUG  ]       → HTTP 200 | 4.7KB | enc:gzip | 0.48s
2026-03-27 14:40:50 BRT [DEBUG  ]   ✅  Klines HYPEUSDT 1H: 60 candles | 03/27 14:00 → 03/25 03:00
2026-03-27 14:40:50 BRT [DEBUG  ]   💾  Cache GRAVADO HYPEUSDT 1H: 60 candles
2026-03-27 14:40:50 BRT [DEBUG  ]   GET https://api.bitget.com/api/v2/mix/market/candles?productType=USDT-FUTURES&symbol...
2026-03-27 14:40:50 BRT [DEBUG  ]       → HTTP 200 | 6.4KB | enc:gzip | 0.48s
2026-03-27 14:40:50 BRT [DEBUG  ]   ✅  Klines PEPEUSDT 15m: 60 candles | 03/27 14:30 → 03/26 23:45
2026-03-27 14:40:50 BRT [DEBUG  ]   GET https://api.bitget.com/api/v2/mix/market/candles?productType=USDT-FUTURES&symbol...
2026-03-27 14:40:50 BRT [DEBUG  ]       → HTTP 200 | 4.9KB | enc:gzip | 0.49s
2026-03-27 14:40:50 BRT [DEBUG  ]   ✅  Klines PIPPINUSDT 15m: 60 candles | 03/27 14:30 → 03/26 23:45
2026-03-27 14:40:50 BRT [DEBUG  ]   GET https://api.bitget.com/api/v2/mix/market/candles?productType=USDT-FUTURES&symbol...
2026-03-27 14:40:50 BRT [DEBUG  ]       → HTTP 200 | 4.9KB | enc:gzip | 0.48s
2026-03-27 14:40:50 BRT [DEBUG  ]   ✅  Klines TRXUSDT 4H: 60 candles | 03/27 13:00 → 03/17 17:00
2026-03-27 14:40:50 BRT [DEBUG  ]   💾  Cache GRAVADO TRXUSDT 4H: 60 candles
2026-03-27 14:40:50 BRT [DEBUG  ]   GET https://api.bitget.com/api/v2/mix/market/candles?productType=USDT-FUTURES&symbol...
2026-03-27 14:40:50 BRT [DEBUG  ]       → HTTP 200 | 5.0KB | enc:gzip | 0.49s
2026-03-27 14:40:50 BRT [DEBUG  ]   ✅  Klines PIPPINUSDT 4H: 60 candles | 03/27 13:00 → 03/17 17:00
2026-03-27 14:40:50 BRT [DEBUG  ]   💾  Cache GRAVADO PIPPINUSDT 4H: 60 candles
2026-03-27 14:40:50 BRT [INFO   ]   ─ SHORT PIPPIN: 15m=60 | 1H=60 | 4H=60
2026-03-27 14:40:50 BRT [DEBUG  ]     find_swing_points: fallback window=3 aplicado (window=5 insuficiente: 6H/5L → 6H/5L)
2026-03-27 14:40:50 BRT [DEBUG  ]     find_swing_points: fallback window=3 aplicado (window=5 insuficiente: 6H/5L → 6H/5L)
2026-03-27 14:40:50 BRT [DEBUG  ]     find_swing_points: fallback window=3 aplicado (window=5 insuficiente: 6H/5L → 6H/5L)
2026-03-27 14:40:50 BRT [INFO   ]   SCORE PIPPIN [SHORT]: 8/25 | DQ=100% | klines: 15m=✅ 1H=✅ 4H=✅
2026-03-27 14:40:50 BRT [INFO   ]     Contexto 4H               +0/0 · SELL (contexto SHORT, não pontuado)
2026-03-27 14:40:50 BRT [INFO   ]     P4 Liquidez 4H            +0/3 · Longe de resistências 4H
2026-03-27 14:40:50 BRT [INFO   ]     P5 Figuras 4H             +1/2 █ Cunha Ascendente (pullback bearish)
2026-03-27 14:40:50 BRT [INFO   ]     P6 CHOCH/BOS 4H           +0/3 · Sem estrutura bearish no 4H
2026-03-27 14:40:50 BRT [INFO   ]     P-1H Resistência 1H       +2/4 ██ OB Bearish 1H (0.0461-0.0518)
2026-03-27 14:40:50 BRT [INFO   ]     P1 Bollinger 15m          +3/3 ███ BB rompeu inferior (-6%) — momentum bearish
2026-03-27 14:40:50 BRT [INFO   ]     P2 Candles 15m            +0/4 · Nenhum
2026-03-27 14:40:50 BRT [INFO   ]     P3 Funding Rate           +1/2 █ 0.0298% (leve positivo)
2026-03-27 14:40:50 BRT [INFO   ]     P7 Filtro Pump/Dump       +0/0 · OK (-11.0%)
2026-03-27 14:40:50 BRT [INFO   ]     P8 Volume 15m             +1/2 █ Volume adequado (1.2x média)
2026-03-27 14:40:50 BRT [INFO   ]     P9 OI Crescente           +0/2 · OI estável (-7.7% vs média, 6.8M)
2026-03-27 14:40:50 BRT [DEBUG  ]     TradeParams SHORT: SL=5.10% | notional=$98 | alav_margem=2.8x → cap=2x → alav=2.0x | margem=$49.01 ⚠️MARGEM $49>35 | risco=$5.00 | ganho=$10.00
2026-03-27 14:40:50 BRT [INFO   ]   📉 SHORT PIPPIN: score=8/25 | entry=0.0498 | SL=5.10% | alav=2.0x ✅
2026-03-27 14:40:50 BRT [INFO   ]   ─ SHORT BEAT: 15m=60 | 1H=60 | 4H=60
2026-03-27 14:40:50 BRT [DEBUG  ]     find_swing_points: fallback window=3 aplicado (window=5 insuficiente: 6H/4L → 6H/4L)
2026-03-27 14:40:50 BRT [DEBUG  ]     find_swing_points: fallback window=3 aplicado (window=5 insuficiente: 6H/4L → 6H/4L)
2026-03-27 14:40:50 BRT [DEBUG  ]     find_swing_points: fallback window=3 aplicado (window=5 insuficiente: 6H/4L → 6H/4L)
2026-03-27 14:40:50 BRT [INFO   ]   SCORE BEAT [SHORT]: 9/25 | DQ=100% | klines: 15m=✅ 1H=✅ 4H=✅
2026-03-27 14:40:50 BRT [INFO   ]     Contexto 4H               +0/0 · SELL (contexto SHORT, não pontuado)
2026-03-27 14:40:50 BRT [INFO   ]     P4 Liquidez 4H            +0/3 · Longe de resistências 4H
2026-03-27 14:40:50 BRT [INFO   ]     P5 Figuras 4H             +0/2 · Sem figuras bearish claras no 4H
2026-03-27 14:40:50 BRT [INFO   ]     P6 CHOCH/BOS 4H           +3/3 ███ CHOCH Bearish 4H (reversão confirmada)
2026-03-27 14:40:50 BRT [INFO   ]     P-1H Resistência 1H       +2/4 ██ OB Bearish 1H (0.5094-0.5331)
2026-03-27 14:40:50 BRT [INFO   ]     P1 Bollinger 15m          +3/3 ███ BB rompeu inferior (-16%) — momentum bearish
2026-03-27 14:40:50 BRT [INFO   ]     P2 Candles 15m            +0/4 · Nenhum
2026-03-27 14:40:50 BRT [INFO   ]     P3 Funding Rate           +1/2 █ 0.0050% (leve positivo)
2026-03-27 14:40:50 BRT [INFO   ]     P7 Filtro Pump/Dump       +0/0 · OK (-11.6%)
2026-03-27 14:40:50 BRT [INFO   ]     P8 Volume 15m             +0/2 · Volume fraco (0.8x < 1.2x)
2026-03-27 14:40:50 BRT [INFO   ]     P9 OI Crescente           +0/2 · OI estável (-1.3% vs média, 9.7M)
2026-03-27 14:40:50 BRT [DEBUG  ]     TradeParams SHORT: SL=3.38% | notional=$148 | alav_margem=4.2x → cap=2x → alav=2.0x | margem=$74.00 ⚠️MARGEM $74>35 | risco=$5.00 | ganho=$10.00
2026-03-27 14:40:50 BRT [INFO   ]   📉 SHORT BEAT: score=9/25 | entry=0.5203 | SL=3.38% | alav=2.0x ✅
2026-03-27 14:40:50 BRT [INFO   ]   ─ SHORT LIT: 15m=60 | 1H=60 | 4H=60
2026-03-27 14:40:50 BRT [INFO   ]   SCORE LIT [SHORT]: 5/25 | DQ=100% | klines: 15m=✅ 1H=✅ 4H=✅
2026-03-27 14:40:50 BRT [INFO   ]     Contexto 4H               +0/0 · SELL (contexto SHORT, não pontuado)
2026-03-27 14:40:50 BRT [INFO   ]     P4 Liquidez 4H            +0/3 · Longe de resistências 4H
2026-03-27 14:40:50 BRT [INFO   ]     P5 Figuras 4H             +0/2 · Dados insuficientes para figuras
2026-03-27 14:40:50 BRT [INFO   ]     P6 CHOCH/BOS 4H           +0/3 · Sem estrutura bearish no 4H
2026-03-27 14:40:50 BRT [INFO   ]     P-1H Resistência 1H       +2/4 ██ OB Bearish 1H (0.8400-0.8540)
2026-03-27 14:40:50 BRT [INFO   ]     P1 Bollinger 15m          +1/3 █ BB alta (76%)
2026-03-27 14:40:50 BRT [INFO   ]     P2 Candles 15m            +0/4 · Nenhum
2026-03-27 14:40:50 BRT [INFO   ]     P3 Funding Rate           +1/2 █ 0.0050% (leve positivo)
2026-03-27 14:40:50 BRT [INFO   ]     P7 Filtro Pump/Dump       +0/0 · OK (-7.3%)
2026-03-27 14:40:50 BRT [INFO   ]     P8 Volume 15m             +1/2 █ Volume adequado (1.5x média)
2026-03-27 14:40:50 BRT [INFO   ]     P9 OI Crescente           +0/2 · OI estável (+2.0% vs média, 5.6M)
2026-03-27 14:40:50 BRT [DEBUG  ]     TradeParams SHORT: SL=1.39% | notional=$360 | alav_margem=10.3x → cap=2x → alav=2.0x | margem=$179.75 ⚠️MARGEM $180>35 | risco=$5.00 | ganho=$10.00
2026-03-27 14:40:50 BRT [INFO   ]   📉 SHORT LIT: score=5/25 | entry=0.8638 | SL=1.39% | alav=2.0x ✅
2026-03-27 14:40:50 BRT [INFO   ]   ─ SHORT NEAR: 15m=60 | 1H=60 | 4H=60
2026-03-27 14:40:50 BRT [DEBUG  ]     find_swing_points: fallback window=3 aplicado (window=5 insuficiente: 5H/4L → 5H/4L)
2026-03-27 14:40:50 BRT [INFO   ]   SCORE NEAR [SHORT]: 7/25 | DQ=100% | klines: 15m=✅ 1H=✅ 4H=✅
2026-03-27 14:40:50 BRT [INFO   ]     Contexto 4H               +0/0 · SELL (contexto SHORT, não pontuado)
2026-03-27 14:40:50 BRT [INFO   ]     P4 Liquidez 4H            +0/3 · Longe de resistências 4H
2026-03-27 14:40:50 BRT [INFO   ]     P5 Figuras 4H             +2/2 ██ Rising Wedge (reversão bearish)
2026-03-27 14:40:50 BRT [INFO   ]     P6 CHOCH/BOS 4H           +3/3 ███ CHOCH Bearish 4H (reversão confirmada)
2026-03-27 14:40:50 BRT [INFO   ]     P-1H Resistência 1H       +0/4 · Preço longe de resistências no 1H
2026-03-27 14:40:50 BRT [INFO   ]     P1 Bollinger 15m          +1/3 █ BB alta (82%)
2026-03-27 14:40:50 BRT [INFO   ]     P2 Candles 15m            +0/4 · Nenhum
2026-03-27 14:40:50 BRT [INFO   ]     P3 Funding Rate           +1/2 █ 0.0011% (leve positivo)
2026-03-27 14:40:50 BRT [INFO   ]     P7 Filtro Pump/Dump       +0/0 · OK (-2.5%)
2026-03-27 14:40:50 BRT [INFO   ]     P8 Volume 15m             +0/2 · Volume fraco (0.2x < 1.2x)
2026-03-27 14:40:50 BRT [INFO   ]     P9 OI Crescente           +0/2 · OI estável (-1.7% vs média, 13.4M)
2026-03-27 14:40:50 BRT [DEBUG  ]     TradeParams SHORT: SL=0.88% | notional=$569 | alav_margem=16.2x → cap=2x → alav=2.0x | margem=$284.27 ⚠️MARGEM $284>35 | risco=$5.00 | ganho=$10.00
2026-03-27 14:40:50 BRT [INFO   ]   📉 SHORT NEAR: score=7/25 | entry=1.1877 | SL=0.88% | alav=2.0x ✅
2026-03-27 14:40:50 BRT [INFO   ]   ─ SHORT SHIB: 15m=60 | 1H=60 | 4H=60
2026-03-27 14:40:50 BRT [DEBUG  ]     find_swing_points: fallback window=3 aplicado (window=5 insuficiente: 3H/5L → 3H/5L)
2026-03-27 14:40:50 BRT [DEBUG  ]     find_swing_points: fallback window=3 aplicado (window=5 insuficiente: 3H/5L → 3H/5L)
2026-03-27 14:40:50 BRT [DEBUG  ]     find_swing_points: fallback window=3 aplicado (window=5 insuficiente: 3H/5L → 3H/5L)
2026-03-27 14:40:50 BRT [DEBUG  ]     find_swing_points: fallback window=3 aplicado (window=5 insuficiente: 4H/6L → 4H/6L)
2026-03-27 14:40:50 BRT [DEBUG  ]   SCORE SHIB [SHORT]: 2/25 | DQ=100% (abaixo do radar)
2026-03-27 14:40:50 BRT [DEBUG  ]     TradeParams SHORT: SL=0.72% | notional=$697 | alav_margem=19.9x → cap=2x → alav=2.0x | margem=$348.61 ⚠️MARGEM $349>35 | risco=$5.00 | ganho=$10.00
2026-03-27 14:40:50 BRT [INFO   ]   📉 SHORT SHIB: score=2/25 | entry=0.0000 | SL=0.72% | alav=2.0x ✅
2026-03-27 14:40:50 BRT [INFO   ]   ─ SHORT XPL: 15m=60 | 1H=60 | 4H=60
2026-03-27 14:40:50 BRT [DEBUG  ]     find_swing_points: fallback window=3 aplicado (window=5 insuficiente: 4H/6L → 4H/6L)
2026-03-27 14:40:50 BRT [DEBUG  ]   SCORE XPL [SHORT]: 4/25 | DQ=100% (abaixo do radar)
2026-03-27 14:40:50 BRT [DEBUG  ]     TradeParams SHORT: SL=1.31% | notional=$383 | alav_margem=10.9x → cap=2x → alav=2.0x | margem=$191.47 ⚠️MARGEM $191>35 | risco=$5.00 | ganho=$10.00
2026-03-27 14:40:50 BRT [INFO   ]   📉 SHORT XPL: score=4/25 | entry=0.0884 | SL=1.31% | alav=2.0x ✅
2026-03-27 14:40:50 BRT [INFO   ]   ─ SHORT ASTER: 15m=60 | 1H=60 | 4H=60
2026-03-27 14:40:50 BRT [INFO   ]   SCORE ASTER [SHORT]: 8/25 | DQ=100% | klines: 15m=✅ 1H=✅ 4H=✅
2026-03-27 14:40:50 BRT [INFO   ]     Contexto 4H               +0/0 · SELL (contexto SHORT, não pontuado)
2026-03-27 14:40:50 BRT [INFO   ]     P4 Liquidez 4H            +1/3 █ OB Bearish 4H (0.6571-0.6682)
2026-03-27 14:40:50 BRT [INFO   ]     P5 Figuras 4H             +1/2 █ Cunha Ascendente (pullback bearish)
2026-03-27 14:40:50 BRT [INFO   ]     P6 CHOCH/BOS 4H           +3/3 ███ CHOCH Bearish 4H (reversão confirmada)
2026-03-27 14:40:50 BRT [INFO   ]     P-1H Resistência 1H       +2/4 ██ Resistência 1H em 0.6742 (2.01% acima)
2026-03-27 14:40:50 BRT [INFO   ]     P1 Bollinger 15m          +0/3 · BB neutro (61%)
2026-03-27 14:40:50 BRT [INFO   ]     P2 Candles 15m            +0/4 · Nenhum
2026-03-27 14:40:50 BRT [INFO   ]     P3 Funding Rate           +1/2 █ 0.0050% (leve positivo)
2026-03-27 14:40:50 BRT [INFO   ]     P7 Filtro Pump/Dump       +0/0 · OK (-0.1%)
2026-03-27 14:40:50 BRT [INFO   ]     P8 Volume 15m             +0/2 · Volume fraco (0.6x < 1.2x)
2026-03-27 14:40:50 BRT [INFO   ]     P9 OI Crescente           +0/2 · OI estável (-1.1% vs média, 7.7M)
2026-03-27 14:40:50 BRT [DEBUG  ]     TradeParams SHORT: SL=0.55% | notional=$912 | alav_margem=26.1x → cap=2x → alav=2.0x | margem=$455.92 ⚠️MARGEM $456>35 | risco=$5.00 | ganho=$10.00
2026-03-27 14:40:50 BRT [INFO   ]   📉 SHORT ASTER: score=8/25 | entry=0.6609 | SL=0.55% | alav=2.0x ✅
2026-03-27 14:40:50 BRT [INFO   ]   ─ SHORT HYPE: 15m=60 | 1H=60 | 4H=60
2026-03-27 14:40:50 BRT [INFO   ]   SCORE HYPE [SHORT]: 9/25 | DQ=100% | klines: 15m=✅ 1H=✅ 4H=✅
2026-03-27 14:40:50 BRT [INFO   ]     Contexto 4H               +0/0 · SELL (contexto SHORT, não pontuado)
2026-03-27 14:40:50 BRT [INFO   ]     P4 Liquidez 4H            +1/3 █ OB Bearish 4H (37.8510-38.5250)
2026-03-27 14:40:50 BRT [INFO   ]     P5 Figuras 4H             +1/2 █ Cunha Ascendente (pullback bearish)
2026-03-27 14:40:50 BRT [INFO   ]     P6 CHOCH/BOS 4H           +3/3 ███ CHOCH Bearish 4H (reversão confirmada)
2026-03-27 14:40:50 BRT [INFO   ]     P-1H Resistência 1H       +2/4 ██ OB Bearish 1H (39.0140-39.0460)
2026-03-27 14:40:50 BRT [INFO   ]     P1 Bollinger 15m          +0/3 · BB neutro (29%)
2026-03-27 14:40:50 BRT [INFO   ]     P2 Candles 15m            +0/4 · Nenhum
2026-03-27 14:40:50 BRT [INFO   ]     P3 Funding Rate           +1/2 █ 0.0050% (leve positivo)
2026-03-27 14:40:50 BRT [INFO   ]     P7 Filtro Pump/Dump       +0/0 · OK (-2.3%)
2026-03-27 14:40:50 BRT [INFO   ]     P8 Volume 15m             +1/2 █ Volume adequado (1.5x média)
2026-03-27 14:40:50 BRT [INFO   ]     P9 OI Crescente           +0/2 · OI estável (-4.8% vs média, 47.4M)
2026-03-27 14:40:50 BRT [DEBUG  ]     TradeParams SHORT: SL=1.11% | notional=$452 | alav_margem=12.9x → cap=2x → alav=2.0x | margem=$225.83 ⚠️MARGEM $226>35 | risco=$5.00 | ganho=$10.00
2026-03-27 14:40:50 BRT [INFO   ]   📉 SHORT HYPE: score=9/25 | entry=38.2830 | SL=1.11% | alav=2.0x ✅
2026-03-27 14:40:50 BRT [INFO   ]   ─ SHORT PEPE: 15m=60 | 1H=60 | 4H=60
2026-03-27 14:40:50 BRT [DEBUG  ]     find_swing_points: fallback window=3 aplicado (window=5 insuficiente: 4H/6L → 4H/6L)
2026-03-27 14:40:50 BRT [DEBUG  ]     find_swing_points: fallback window=3 aplicado (window=5 insuficiente: 4H/6L → 4H/6L)
2026-03-27 14:40:50 BRT [DEBUG  ]     find_swing_points: fallback window=3 aplicado (window=5 insuficiente: 4H/6L → 4H/6L)
2026-03-27 14:40:50 BRT [DEBUG  ]     find_swing_points: fallback window=3 aplicado (window=5 insuficiente: 6H/5L → 6H/5L)
2026-03-27 14:40:50 BRT [DEBUG  ]   SCORE PEPE [SHORT]: 4/25 | DQ=100% (abaixo do radar)
2026-03-27 14:40:50 BRT [DEBUG  ]     TradeParams SHORT: SL=0.90% | notional=$558 | alav_margem=16.0x → cap=2x → alav=2.0x | margem=$279.19 ⚠️MARGEM $279>35 | risco=$5.00 | ganho=$10.00
2026-03-27 14:40:50 BRT [INFO   ]   📉 SHORT PEPE: score=4/25 | entry=0.0000 | SL=0.90% | alav=2.0x ✅
2026-03-27 14:40:50 BRT [INFO   ]   ─ SHORT PUMP: 15m=60 | 1H=60 | 4H=60
2026-03-27 14:40:50 BRT [DEBUG  ]     find_swing_points: fallback window=3 aplicado (window=5 insuficiente: 5H/4L → 5H/4L)
2026-03-27 14:40:50 BRT [DEBUG  ]   SCORE PUMP [SHORT]: 0/25 | DQ=100% (abaixo do radar)
2026-03-27 14:40:50 BRT [DEBUG  ]     TradeParams SHORT: SL=1.14% | notional=$440 | alav_margem=12.6x → cap=2x → alav=2.0x | margem=$219.77 ⚠️MARGEM $220>35 | risco=$5.00 | ganho=$10.00
2026-03-27 14:40:50 BRT [INFO   ]   📉 SHORT PUMP: score=0/25 | entry=0.0017 | SL=1.14% | alav=2.0x ✅
2026-03-27 14:40:50 BRT [INFO   ]   ─ SHORT DOGE: 15m=60 | 1H=60 | 4H=60
2026-03-27 14:40:50 BRT [DEBUG  ]   SCORE DOGE [SHORT]: 4/25 | DQ=100% (abaixo do radar)
2026-03-27 14:40:50 BRT [DEBUG  ]     TradeParams SHORT: SL=0.76% | notional=$658 | alav_margem=18.8x → cap=2x → alav=2.0x | margem=$329.22 ⚠️MARGEM $329>35 | risco=$5.00 | ganho=$10.00
2026-03-27 14:40:50 BRT [INFO   ]   📉 SHORT DOGE: score=4/25 | entry=0.0899 | SL=0.76% | alav=2.0x ✅
2026-03-27 14:40:50 BRT [INFO   ]   ─ SHORT WLFI: 15m=60 | 1H=60 | 4H=60
2026-03-27 14:40:50 BRT [DEBUG  ]     find_swing_points: fallback window=3 aplicado (window=5 insuficiente: 4H/6L → 4H/6L)
2026-03-27 14:40:50 BRT [DEBUG  ]     find_swing_points: fallback window=3 aplicado (window=5 insuficiente: 4H/6L → 4H/6L)
2026-03-27 14:40:50 BRT [DEBUG  ]     find_swing_points: fallback window=3 aplicado (window=5 insuficiente: 4H/6L → 4H/6L)
2026-03-27 14:40:50 BRT [INFO   ]   SCORE WLFI [SHORT]: 6/25 | DQ=100% | klines: 15m=✅ 1H=✅ 4H=✅
2026-03-27 14:40:50 BRT [INFO   ]     Contexto 4H               +0/0 · STRONG_SELL (contexto SHORT, não pontuado)
2026-03-27 14:40:50 BRT [INFO   ]     P4 Liquidez 4H            +3/3 ███ Resistência 4H 0.0990 (1.80% acima) | OB Bearish 4H (0.0947-0.0950) | Confluência Res+OB Bearish
2026-03-27 14:40:50 BRT [INFO   ]     P5 Figuras 4H             +0/2 · Sem figuras bearish claras no 4H
2026-03-27 14:40:50 BRT [INFO   ]     P6 CHOCH/BOS 4H           +1/3 █ Estrutura 4H bearish (Lower Highs)
2026-03-27 14:40:50 BRT [INFO   ]     P-1H Resistência 1H       +2/4 ██ OB Bearish 1H (0.0979-0.0984)
2026-03-27 14:40:50 BRT [INFO   ]     P1 Bollinger 15m          +0/3 · BB neutro (38%)
2026-03-27 14:40:50 BRT [INFO   ]     P2 Candles 15m            +0/4 · Nenhum
2026-03-27 14:40:50 BRT [INFO   ]     P3 Funding Rate           +0/2 · -0.0020% (neutro)
2026-03-27 14:40:50 BRT [INFO   ]     P7 Filtro Pump/Dump       +0/0 · OK (-1.1%)
2026-03-27 14:40:50 BRT [INFO   ]     P8 Volume 15m             +0/2 · Volume fraco (0.3x < 1.2x)
2026-03-27 14:40:50 BRT [INFO   ]     P9 OI Crescente           +0/2 · OI estável (-1.5% vs média, 12.5M)
2026-03-27 14:40:50 BRT [DEBUG  ]     TradeParams SHORT: SL=1.04% | notional=$482 | alav_margem=13.8x → cap=2x → alav=2.0x | margem=$241.18 ⚠️MARGEM $241>35 | risco=$5.00 | ganho=$10.00
2026-03-27 14:40:50 BRT [INFO   ]   📉 SHORT WLFI: score=6/25 | entry=0.0973 | SL=1.04% | alav=2.0x ✅
2026-03-27 14:40:50 BRT [INFO   ]   ─ SHORT XRP: 15m=60 | 1H=60 | 4H=60
2026-03-27 14:40:50 BRT [INFO   ]   SCORE XRP [SHORT]: 5/25 | DQ=100% | klines: 15m=✅ 1H=✅ 4H=✅
2026-03-27 14:40:50 BRT [INFO   ]     Contexto 4H               +0/0 · SELL (contexto SHORT, não pontuado)
2026-03-27 14:40:50 BRT [INFO   ]     P4 Liquidez 4H            +0/3 · Longe de resistências 4H
2026-03-27 14:40:50 BRT [INFO   ]     P5 Figuras 4H             +0/2 · Sem figuras bearish claras no 4H
2026-03-27 14:40:50 BRT [INFO   ]     P6 CHOCH/BOS 4H           +3/3 ███ CHOCH Bearish 4H (reversão confirmada)
2026-03-27 14:40:50 BRT [INFO   ]     P-1H Resistência 1H       +2/4 ██ OB Bearish 1H (1.3584-1.3662)
2026-03-27 14:40:50 BRT [INFO   ]     P1 Bollinger 15m          +0/3 · BB neutro (21%)
2026-03-27 14:40:50 BRT [INFO   ]     P2 Candles 15m            +0/4 · Nenhum
2026-03-27 14:40:50 BRT [INFO   ]     P3 Funding Rate           +0/2 · -0.0120% (neutro)
2026-03-27 14:40:50 BRT [INFO   ]     P7 Filtro Pump/Dump       +0/0 · OK (-2.2%)
2026-03-27 14:40:50 BRT [INFO   ]     P8 Volume 15m             +0/2 · Volume fraco (0.6x < 1.2x)
2026-03-27 14:40:50 BRT [INFO   ]     P9 OI Crescente           +0/2 · OI estável (-2.1% vs média, 82.1M)
2026-03-27 14:40:50 BRT [DEBUG  ]     TradeParams SHORT: SL=0.75% | notional=$669 | alav_margem=19.1x → cap=2x → alav=2.0x | margem=$334.60 ⚠️MARGEM $335>35 | risco=$5.00 | ganho=$10.00
2026-03-27 14:40:50 BRT [INFO   ]   📉 SHORT XRP: score=5/25 | entry=1.3298 | SL=0.75% | alav=2.0x ✅
2026-03-27 14:40:50 BRT [INFO   ]   ─ SHORT CRV: 15m=60 | 1H=60 | 4H=60
2026-03-27 14:40:50 BRT [DEBUG  ]     find_swing_points: fallback window=3 aplicado (window=5 insuficiente: 4H/6L → 4H/6L)
2026-03-27 14:40:50 BRT [DEBUG  ]   SCORE CRV [SHORT]: 4/25 | DQ=100% (abaixo do radar)
2026-03-27 14:40:50 BRT [DEBUG  ]     TradeParams SHORT: SL=1.11% | notional=$449 | alav_margem=12.8x → cap=2x → alav=2.0x | margem=$224.75 ⚠️MARGEM $225>35 | risco=$5.00 | ganho=$10.00
2026-03-27 14:40:50 BRT [INFO   ]   📉 SHORT CRV: score=4/25 | entry=0.2133 | SL=1.11% | alav=2.0x ✅
2026-03-27 14:40:50 BRT [INFO   ]   ─ SHORT HBAR: 15m=60 | 1H=60 | 4H=60
2026-03-27 14:40:50 BRT [DEBUG  ]     find_swing_points: fallback window=3 aplicado (window=5 insuficiente: 5H/6L → 5H/6L)
2026-03-27 14:40:50 BRT [DEBUG  ]   SCORE HBAR [SHORT]: 4/25 | DQ=100% (abaixo do radar)
2026-03-27 14:40:50 BRT [DEBUG  ]     TradeParams SHORT: SL=0.68% | notional=$735 | alav_margem=21.0x → cap=2x → alav=2.0x | margem=$367.57 ⚠️MARGEM $368>35 | risco=$5.00 | ganho=$10.00
2026-03-27 14:40:50 BRT [INFO   ]   📉 SHORT HBAR: score=4/25 | entry=0.0890 | SL=0.68% | alav=2.0x ✅
2026-03-27 14:40:50 BRT [INFO   ]   ─ SHORT TRX: 15m=60 | 1H=60 | 4H=60
2026-03-27 14:40:50 BRT [INFO   ]   SCORE TRX [SHORT]: 5/25 | DQ=100% | klines: 15m=✅ 1H=✅ 4H=✅
2026-03-27 14:40:50 BRT [INFO   ]     Contexto 4H               +0/0 · SELL (contexto SHORT, não pontuado)
2026-03-27 14:40:50 BRT [INFO   ]     P4 Liquidez 4H            +3/3 ███ Resistência 4H 0.3120 (1.00% acima) | OB Bearish 4H (0.3079-0.3097) | Confluência Res+OB Bearish
2026-03-27 14:40:50 BRT [INFO   ]     P5 Figuras 4H             +0/2 · Sem figuras bearish claras no 4H
2026-03-27 14:40:50 BRT [INFO   ]     P6 CHOCH/BOS 4H           +0/3 · Sem estrutura bearish no 4H
2026-03-27 14:40:50 BRT [INFO   ]     P-1H Resistência 1H       +2/4 ██ Resistência 1H em 0.3165 (2.46% acima)
2026-03-27 14:40:50 BRT [INFO   ]     P1 Bollinger 15m          +0/3 · BB neutro (39%)
2026-03-27 14:40:50 BRT [INFO   ]     P2 Candles 15m            +0/4 · Nenhum
2026-03-27 14:40:50 BRT [INFO   ]     P3 Funding Rate           +0/2 · -0.0167% (neutro)
2026-03-27 14:40:50 BRT [INFO   ]     P7 Filtro Pump/Dump       +0/0 · OK (-0.4%)
2026-03-27 14:40:50 BRT [INFO   ]     P8 Volume 15m             +0/2 · Volume fraco (0.0x < 1.2x)
2026-03-27 14:40:50 BRT [INFO   ]     P9 OI Crescente           +0/2 · OI estável (-4.6% vs média, 14.2M)
2026-03-27 14:40:50 BRT [DEBUG  ]     TradeParams SHORT: SL=0.45% | notional=$1123 | alav_margem=32.1x → cap=2x → alav=2.0x | margem=$561.73 ⚠️MARGEM $562>35 | risco=$5.00 | ganho=$10.00
2026-03-27 14:40:50 BRT [INFO   ]   📉 SHORT TRX: score=5/25 | entry=0.3089 | SL=0.45% | alav=2.0x ✅
2026-03-27 14:40:50 BRT [INFO   ]   ─ SHORT POL: 15m=60 | 1H=60 | 4H=60
2026-03-27 14:40:50 BRT [DEBUG  ]     find_swing_points: fallback window=3 aplicado (window=5 insuficiente: 4H/3L → 4H/3L)
2026-03-27 14:40:50 BRT [DEBUG  ]   SCORE POL [SHORT]: 0/25 | DQ=100% (abaixo do radar)
2026-03-27 14:40:50 BRT [DEBUG  ]     TradeParams SHORT: SL=0.88% | notional=$570 | alav_margem=16.3x → cap=2x → alav=2.0x | margem=$284.78 ⚠️MARGEM $285>35 | risco=$5.00 | ganho=$10.00
2026-03-27 14:40:50 BRT [INFO   ]   📉 SHORT POL: score=0/25 | entry=0.0900 | SL=0.88% | alav=2.0x ✅
2026-03-27 14:40:50 BRT [INFO   ]   ─ SHORT FIL: 15m=60 | 1H=60 | 4H=60
2026-03-27 14:40:50 BRT [DEBUG  ]     find_swing_points: fallback window=3 aplicado (window=5 insuficiente: 6H/5L → 6H/5L)
2026-03-27 14:40:50 BRT [DEBUG  ]   SCORE FIL [SHORT]: 1/25 | DQ=100% (abaixo do radar)
2026-03-27 14:40:50 BRT [DEBUG  ]     TradeParams SHORT: SL=0.94% | notional=$533 | alav_margem=15.2x → cap=2x → alav=2.0x | margem=$266.50 ⚠️MARGEM $266>35 | risco=$5.00 | ganho=$10.00
2026-03-27 14:40:50 BRT [INFO   ]   📉 SHORT FIL: score=1/25 | entry=0.8362 | SL=0.94% | alav=2.0x ✅
2026-03-27 14:40:50 BRT [INFO   ]   ─ SHORT SUI: 15m=60 | 1H=60 | 4H=60
2026-03-27 14:40:50 BRT [DEBUG  ]     find_swing_points: fallback window=3 aplicado (window=5 insuficiente: 5H/5L → 5H/5L)
2026-03-27 14:40:50 BRT [DEBUG  ]   SCORE SUI [SHORT]: 3/25 | DQ=100% (abaixo do radar)
2026-03-27 14:40:50 BRT [DEBUG  ]     TradeParams SHORT: SL=0.88% | notional=$569 | alav_margem=16.3x → cap=2x → alav=2.0x | margem=$284.73 ⚠️MARGEM $285>35 | risco=$5.00 | ganho=$10.00
2026-03-27 14:40:50 BRT [INFO   ]   📉 SHORT SUI: score=3/25 | entry=0.8884 | SL=0.88% | alav=2.0x ✅
2026-03-27 14:40:50 BRT [INFO   ]   ─ SHORT XLM: 15m=60 | 1H=60 | 4H=60
2026-03-27 14:40:50 BRT [DEBUG  ]     find_swing_points: fallback window=3 aplicado (window=5 insuficiente: 3H/6L → 3H/6L)
2026-03-27 14:40:50 BRT [DEBUG  ]     find_swing_points: fallback window=3 aplicado (window=5 insuficiente: 3H/6L → 3H/6L)
2026-03-27 14:40:50 BRT [DEBUG  ]     find_swing_points: fallback window=3 aplicado (window=5 insuficiente: 3H/6L → 3H/6L)
2026-03-27 14:40:50 BRT [DEBUG  ]     find_swing_points: fallback window=3 aplicado (window=5 insuficiente: 6H/3L → 6H/3L)
2026-03-27 14:40:50 BRT [DEBUG  ]   SCORE XLM [SHORT]: 3/25 | DQ=100% (abaixo do radar)
2026-03-27 14:40:50 BRT [DEBUG  ]     TradeParams SHORT: SL=0.83% | notional=$606 | alav_margem=17.3x → cap=2x → alav=2.0x | margem=$303.02 ⚠️MARGEM $303>35 | risco=$5.00 | ganho=$10.00
2026-03-27 14:40:50 BRT [INFO   ]   📉 SHORT XLM: score=3/25 | entry=0.1685 | SL=0.83% | alav=2.0x ✅
2026-03-27 14:40:50 BRT [INFO   ] 
───────────────────────────────────────────────────────
2026-03-27 14:40:50 BRT [INFO   ]   ETAPA 4b — Análise leve LONG + SHORT (sem klines) [v6.3.0 A8]
2026-03-27 14:40:50 BRT [INFO   ] ───────────────────────────────────────────────────────
2026-03-27 14:40:50 BRT [DEBUG  ]   APT      score parcial SHORT=0/25 → Em Observação SHORT
2026-03-27 14:40:50 BRT [DEBUG  ]   UNI      score parcial SHORT=0/25 → Em Observação SHORT
2026-03-27 14:40:50 BRT [DEBUG  ]   LINK     score parcial SHORT=0/25 → Em Observação SHORT
2026-03-27 14:40:50 BRT [DEBUG  ]   ATOM     score parcial SHORT=0/25 → Em Observação SHORT
2026-03-27 14:40:50 BRT [INFO   ] 
───────────────────────────────────────────────────────
2026-03-27 14:40:50 BRT [INFO   ]   ETAPA 5 — Contexto de Mercado e Relatório Bidirecional
2026-03-27 14:40:50 BRT [INFO   ] ───────────────────────────────────────────────────────
2026-03-27 14:40:50 BRT [DEBUG  ]   🧹  Score history: 2 tokens removidos por TTL (25h): ['ARBUSDT', 'KATUSDT']
2026-03-27 14:40:50 BRT [INFO   ]   📚  Score history: 38 tokens rastreados
2026-03-27 14:40:50 BRT [DEBUG  ]   Contexto: FGI=13 | BTC=NEUTRAL | LONG=CAUTELOSO (Medo Extremo)(thr=20) | SHORT=MODERADO (Medo Extremo — mercado bearish)(thr=16) | risk_score=0
2026-03-27 14:40:50 BRT [INFO   ]   BTC 4H: NEUTRAL | Thr LONG: 20 (CAUTELOSO (Medo Extremo)) | Thr SHORT: 16 (MODERADO (Medo Extremo — mercado bearish))
2026-03-27 14:40:50 BRT [INFO   ]   Results LONG: 0 | SHORT: 20 | Obs LONG: 0 | Obs SHORT: 4
2026-03-27 14:40:50 BRT [INFO   ] 
───────────────────────────────────────────────────────
2026-03-27 14:40:50 BRT [INFO   ]   ETAPA 6 — Notificações Telegram
2026-03-27 14:40:50 BRT [INFO   ] ───────────────────────────────────────────────────────
2026-03-27 14:40:51 BRT [INFO   ]   📲  Telegram heartbeat: enviado ✅
2026-03-27 14:40:51 BRT [INFO   ]   📲  Telegram: 1/1 mensagens enviadas (1 heartbeat + 0 QUASE + 0 call)
2026-03-27 14:40:51 BRT [INFO   ] ==========================================================
🎯 SETUP ATIRADOR v6.6.2
📅 27/03/2026 14:40 BRT
📋 Log: atirador_LOG_20260327_1439.log
==========================================================
📊 CONTEXTO DE MERCADO
   Fear & Greed: 13 | BTC 4H: NEUTRAL
   LONG:  CAUTELOSO (Medo Extremo) | Threshold: 20 pts
   SHORT: MODERADO (Medo Extremo — mercado bearish) | Threshold: 16 pts
   Risk Score: 0
==========================================================

💼 SIZING Risk-First [v6.6.2]
   Banca: $100.00 | Risco fixo/trade: $5.00 | Margem máx/trade: $35

🔍 PIPELINE
   Fonte de dados: OKX (perpetuals USDT)
   Universo: 301 tokens | Qualificados: 37
   Gate 4H: LONG=1 | SHORT=24
   Gate 1H: LONG=0 | SHORT=24
   Análise completa: LONG=0 | SHORT=20 | Obs: LONG=0 SHORT=4
   ✅  Candle 15m fechado (650s após fechamento, último: 14:30:00 BRT)

──────────────────────────────────────────────────────────
📈 OPERAÇÕES LONG
──────────────────────────────────────────────────────────
ℹ️  Nenhum alerta LONG forte (score ≥ 20) no momento.

──────────────────────────────────────────────────────────
📉 OPERAÇÕES SHORT
──────────────────────────────────────────────────────────
ℹ️  Nenhum alerta SHORT forte (score ≥ 16) no momento.
   Score máximo SHORT: 9/25 (faltam 7 pts)

🔎 RADAR SHORT — Score 5–15:
   ⚠️  Não operar — insuficiente. Monitorar.
   · BEAT | 9/25 | SELL 4H
   · HYPE | 9/25 | SELL 4H
   · PIPPIN | 8/25 | SELL 4H
   · ASTER | 8/25 | SELL 4H
   · NEAR | 7/25 | SELL 4H

----------------------------------------------------------
⏱️  Execução: 79.1s | Analisados: 301 tokens
📁 Estado diário: /tmp/atirador_state.json
📋 Log completo: /tmp/atirador_logs/atirador_LOG_20260327_1439.log

2026-03-27 14:40:51 BRT [INFO   ] ✅ Scan v6.6.2 concluído em 79.1s | Fonte: OKX | Log: /tmp/atirador_logs/atirador_LOG_20260327_1439.log
