2026-03-27 17:04:53 BRT [INFO   ] 📋 Log iniciado: /tmp/atirador_logs/atirador_LOG_20260327_1704.log
2026-03-27 17:04:53 BRT [INFO   ] 🚀 Setup Atirador v6.6.2 | Arquitetura 3 Camadas (LONG+SHORT) | Iniciando scan...
2026-03-27 17:04:53 BRT [INFO   ] 
───────────────────────────────────────────────────────
2026-03-27 17:04:53 BRT [INFO   ]   ETAPA 1 — Tickers (Bybit/Bitget) + Fear & Greed
2026-03-27 17:04:53 BRT [INFO   ] ───────────────────────────────────────────────────────
2026-03-27 17:04:53 BRT [INFO   ] 📡 [v6.6.2] Iniciando busca de tickers — hierarquia OKX → Gate.io → Bitget
2026-03-27 17:04:53 BRT [INFO   ]    Filtros: vol≥$2.0M | OI≥$5M | timeout=8s/fonte
2026-03-27 17:04:53 BRT [INFO   ]    [Nota] Fonte ideal seria CoinGlass API (pago ~$35/mês) — ver docstring
2026-03-27 17:04:53 BRT [INFO   ]   📡  [OKX] Tentando com tickers + OI real...
2026-03-27 17:04:53 BRT [DEBUG  ]   📡  [OKX] Buscando tickers...
2026-03-27 17:04:54 BRT [DEBUG  ]      ✅ Tickers: 301 itens em 0.30s
2026-03-27 17:04:54 BRT [DEBUG  ]   📡  [OKX] Buscando Open Interest...
2026-03-27 17:04:54 BRT [DEBUG  ]      ✅ OI: 301 itens em 0.51s
2026-03-27 17:04:54 BRT [DEBUG  ]   📡  [OKX] Buscando Funding Rates reais...
2026-03-27 17:05:57 BRT [DEBUG  ]   📡  [OKX FR] Funding rates obtidos: 282/282 | erros: 0
2026-03-27 17:05:57 BRT [DEBUG  ]      ✅ FR: 282 tokens com funding rate em 64.06s
2026-03-27 17:05:57 BRT [DEBUG  ]      ✅ Mesclados: 301/301 com OI real em 64.06s
2026-03-27 17:05:57 BRT [INFO   ]   ✅  [OKX] Fonte ativa (com OI real) | 301 brutos → 37 qualificados
2026-03-27 17:05:57 BRT [INFO   ]   Fonte de dados: OKX | Universo: 301 brutos → 37 qualificados
2026-03-27 17:05:57 BRT [INFO   ]   Analisando todos os 37 tokens qualificados: ['PEPE', 'SHIB', 'PUMP', 'DOGE', 'PIPPIN', 'ADA', 'WLFI', 'ONDO', 'WLD', 'XRP']...
2026-03-27 17:05:57 BRT [DEBUG  ]   TV batch: 37 tokens (.P perpétuo) | cols: ['Recommend.All|240', 'RSI|240']
2026-03-27 17:05:57 BRT [DEBUG  ]   Buscando Fear & Greed Index...
2026-03-27 17:05:58 BRT [DEBUG  ]   ✅  TV batch BYBIT: 34/37 retornados | 0.16s
2026-03-27 17:05:58 BRT [WARNING]   ⚠️  TV BYBIT: 3 sem retorno: ['PEPEUSDT', 'SHIBUSDT', 'PUMPUSDT']
2026-03-27 17:05:58 BRT [INFO   ]   🔄  [v5.1] Tentando prefixo BITGET: para 3 tokens sem dados...
2026-03-27 17:05:58 BRT [INFO   ]   ✅  TV BITGET: recuperados 3: ['PEPEUSDT', 'SHIBUSDT', 'PUMPUSDT'] | 0.09s
2026-03-27 17:05:58 BRT [DEBUG  ]   GET https://api.alternative.me/fng/?limit=1
2026-03-27 17:05:58 BRT [DEBUG  ]       → HTTP 200 | 0.2KB | enc:gzip | 0.26s
2026-03-27 17:05:58 BRT [INFO   ]   📊 Fear & Greed: 13 (Extreme Fear)
2026-03-27 17:05:58 BRT [INFO   ] 
───────────────────────────────────────────────────────
2026-03-27 17:05:58 BRT [INFO   ]   GATE 1 — Direção 4H (LONG: não SELL | SHORT: não BUY)
2026-03-27 17:05:58 BRT [INFO   ] ───────────────────────────────────────────────────────
2026-03-27 17:05:58 BRT [DEBUG  ]   ❌  PEPE     4H=SELL (val=-0.2636) RSI=36.2 — LONG REJEITADO
2026-03-27 17:05:58 BRT [DEBUG  ]   📉  PEPE     4H=SELL (val=-0.2636) RSI=36.2 — SHORT CANDIDATO
2026-03-27 17:05:58 BRT [DEBUG  ]   ❌  SHIB     4H=SELL (val=-0.3091) RSI=37.2 — LONG REJEITADO
2026-03-27 17:05:58 BRT [DEBUG  ]   📉  SHIB     4H=SELL (val=-0.3091) RSI=37.2 — SHORT CANDIDATO
2026-03-27 17:05:58 BRT [DEBUG  ]   ❌  PUMP     4H=SELL (val=-0.3091) RSI=35.6 — LONG REJEITADO
2026-03-27 17:05:58 BRT [DEBUG  ]   📉  PUMP     4H=SELL (val=-0.3091) RSI=35.6 — SHORT CANDIDATO
2026-03-27 17:05:58 BRT [DEBUG  ]   ❌  DOGE     4H=SELL (val=-0.4000) RSI=37.3 — LONG REJEITADO
2026-03-27 17:05:58 BRT [DEBUG  ]   📉  DOGE     4H=SELL (val=-0.4000) RSI=37.3 — SHORT CANDIDATO
2026-03-27 17:05:58 BRT [DEBUG  ]   ❌  PIPPIN   4H=STRONG_SELL (val=-0.5121) RSI=33.8 — LONG REJEITADO
2026-03-27 17:05:58 BRT [DEBUG  ]   📉  PIPPIN   4H=STRONG_SELL (val=-0.5121) RSI=33.8 — SHORT CANDIDATO
2026-03-27 17:05:58 BRT [DEBUG  ]   ❌  ADA      4H=SELL (val=-0.3091) RSI=30.1 — LONG REJEITADO
2026-03-27 17:05:58 BRT [DEBUG  ]   📉  ADA      4H=SELL (val=-0.3091) RSI=30.1 — SHORT CANDIDATO
2026-03-27 17:05:58 BRT [DEBUG  ]   ❌  WLFI     4H=STRONG_SELL (val=-0.5121) RSI=43.6 — LONG REJEITADO
2026-03-27 17:05:58 BRT [DEBUG  ]   📉  WLFI     4H=STRONG_SELL (val=-0.5121) RSI=43.6 — SHORT CANDIDATO
2026-03-27 17:05:58 BRT [DEBUG  ]   ✅  ONDO     4H=STRONG_BUY (val=0.5576) RSI=56.5 — LONG PASSOU
2026-03-27 17:05:58 BRT [DEBUG  ]   ❌  WLD      4H=SELL (val=-0.2636) RSI=20.9 — LONG REJEITADO
2026-03-27 17:05:58 BRT [DEBUG  ]   ⛔  WLD      4H=SELL RSI=20.9 — SHORT REJEITADO (RSI<30, exausto)
2026-03-27 17:05:58 BRT [DEBUG  ]   ❌  XRP      4H=SELL (val=-0.3545) RSI=31.5 — LONG REJEITADO
2026-03-27 17:05:58 BRT [DEBUG  ]   📉  XRP      4H=SELL (val=-0.3545) RSI=31.5 — SHORT CANDIDATO
2026-03-27 17:05:58 BRT [DEBUG  ]   ❌  BEAT     4H=SELL (val=-0.3121) RSI=40.7 — LONG REJEITADO
2026-03-27 17:05:58 BRT [DEBUG  ]   📉  BEAT     4H=SELL (val=-0.3121) RSI=40.7 — SHORT CANDIDATO
2026-03-27 17:05:58 BRT [DEBUG  ]   ❌  XPL      4H=SELL (val=-0.3545) RSI=34.5 — LONG REJEITADO
2026-03-27 17:05:58 BRT [DEBUG  ]   📉  XPL      4H=SELL (val=-0.3545) RSI=34.5 — SHORT CANDIDATO
2026-03-27 17:05:58 BRT [DEBUG  ]   ❌  OP       4H=SELL (val=-0.3545) RSI=32.4 — LONG REJEITADO
2026-03-27 17:05:58 BRT [DEBUG  ]   📉  OP       4H=SELL (val=-0.3545) RSI=32.4 — SHORT CANDIDATO
2026-03-27 17:05:58 BRT [DEBUG  ]   ❌  CRV      4H=SELL (val=-0.3091) RSI=38.3 — LONG REJEITADO
2026-03-27 17:05:58 BRT [DEBUG  ]   📉  CRV      4H=SELL (val=-0.3091) RSI=38.3 — SHORT CANDIDATO
2026-03-27 17:05:58 BRT [DEBUG  ]   ❌  HBAR     4H=SELL (val=-0.3091) RSI=33.8 — LONG REJEITADO
2026-03-27 17:05:58 BRT [DEBUG  ]   📉  HBAR     4H=SELL (val=-0.3091) RSI=33.8 — SHORT CANDIDATO
2026-03-27 17:05:58 BRT [DEBUG  ]   ✅  TRX      4H=BUY (val=0.1788) RSI=50.7 — LONG PASSOU
2026-03-27 17:05:58 BRT [DEBUG  ]   ❌  POL      4H=SELL (val=-0.3091) RSI=36.9 — LONG REJEITADO
2026-03-27 17:05:58 BRT [DEBUG  ]   📉  POL      4H=SELL (val=-0.3091) RSI=36.9 — SHORT CANDIDATO
2026-03-27 17:05:58 BRT [DEBUG  ]   ❌  SUI      4H=SELL (val=-0.3091) RSI=29.5 — LONG REJEITADO
2026-03-27 17:05:58 BRT [DEBUG  ]   ⛔  SUI      4H=SELL RSI=29.5 — SHORT REJEITADO (RSI<30, exausto)
2026-03-27 17:05:58 BRT [DEBUG  ]   ❌  FIL      4H=SELL (val=-0.3091) RSI=32.3 — LONG REJEITADO
2026-03-27 17:05:58 BRT [DEBUG  ]   📉  FIL      4H=SELL (val=-0.3091) RSI=32.3 — SHORT CANDIDATO
2026-03-27 17:05:58 BRT [DEBUG  ]   ✅  XLM      4H=NEUTRAL (val=-0.0667) RSI=43.2 — LONG PASSOU
2026-03-27 17:05:58 BRT [DEBUG  ]   ❌  RIVER    4H=SELL (val=-0.4909) RSI=21.9 — LONG REJEITADO
2026-03-27 17:05:58 BRT [DEBUG  ]   ⛔  RIVER    4H=SELL RSI=21.9 — SHORT REJEITADO (RSI<30, exausto)
2026-03-27 17:05:58 BRT [DEBUG  ]   ❌  IP       4H=SELL (val=-0.2636) RSI=23.3 — LONG REJEITADO
2026-03-27 17:05:58 BRT [DEBUG  ]   ⛔  IP       4H=SELL RSI=23.3 — SHORT REJEITADO (RSI<30, exausto)
2026-03-27 17:05:58 BRT [DEBUG  ]   ❌  ASTER    4H=SELL (val=-0.4455) RSI=43.7 — LONG REJEITADO
2026-03-27 17:05:58 BRT [DEBUG  ]   📉  ASTER    4H=SELL (val=-0.4455) RSI=43.7 — SHORT CANDIDATO
2026-03-27 17:05:58 BRT [DEBUG  ]   ❌  DOT      4H=SELL (val=-0.2636) RSI=27.7 — LONG REJEITADO
2026-03-27 17:05:58 BRT [DEBUG  ]   ⛔  DOT      4H=SELL RSI=27.7 — SHORT REJEITADO (RSI<30, exausto)
2026-03-27 17:05:58 BRT [DEBUG  ]   ❌  TRUMP    4H=SELL (val=-0.2636) RSI=29.9 — LONG REJEITADO
2026-03-27 17:05:58 BRT [DEBUG  ]   ⛔  TRUMP    4H=SELL RSI=29.9 — SHORT REJEITADO (RSI<30, exausto)
2026-03-27 17:05:58 BRT [DEBUG  ]   ❌  LIT      4H=SELL (val=-0.4455) RSI=39.1 — LONG REJEITADO
2026-03-27 17:05:58 BRT [DEBUG  ]   📉  LIT      4H=SELL (val=-0.4455) RSI=39.1 — SHORT CANDIDATO
2026-03-27 17:05:58 BRT [DEBUG  ]   ❌  NEAR     4H=SELL (val=-0.3091) RSI=29.2 — LONG REJEITADO
2026-03-27 17:05:58 BRT [DEBUG  ]   ⛔  NEAR     4H=SELL RSI=29.2 — SHORT REJEITADO (RSI<30, exausto)
2026-03-27 17:05:58 BRT [DEBUG  ]   ❌  APT      4H=SELL (val=-0.2424) RSI=39.3 — LONG REJEITADO
2026-03-27 17:05:58 BRT [DEBUG  ]   📉  APT      4H=SELL (val=-0.2424) RSI=39.3 — SHORT CANDIDATO
2026-03-27 17:05:58 BRT [DEBUG  ]   ❌  SOL      4H=SELL (val=-0.2636) RSI=29.6 — LONG REJEITADO
2026-03-27 17:05:58 BRT [DEBUG  ]   ⛔  SOL      4H=SELL RSI=29.6 — SHORT REJEITADO (RSI<30, exausto)
2026-03-27 17:05:58 BRT [DEBUG  ]   ❌  TON      4H=SELL (val=-0.3545) RSI=26.9 — LONG REJEITADO
2026-03-27 17:05:58 BRT [DEBUG  ]   ⛔  TON      4H=SELL RSI=26.9 — SHORT REJEITADO (RSI<30, exausto)
2026-03-27 17:05:58 BRT [DEBUG  ]   ❌  UNI      4H=SELL (val=-0.3091) RSI=30.7 — LONG REJEITADO
2026-03-27 17:05:58 BRT [DEBUG  ]   📉  UNI      4H=SELL (val=-0.3091) RSI=30.7 — SHORT CANDIDATO
2026-03-27 17:05:58 BRT [DEBUG  ]   ❌  LINK     4H=SELL (val=-0.2636) RSI=29.9 — LONG REJEITADO
2026-03-27 17:05:58 BRT [DEBUG  ]   ⛔  LINK     4H=SELL RSI=29.9 — SHORT REJEITADO (RSI<30, exausto)
2026-03-27 17:05:58 BRT [DEBUG  ]   ❌  ETH      4H=SELL (val=-0.3091) RSI=29.7 — LONG REJEITADO
2026-03-27 17:05:58 BRT [DEBUG  ]   ⛔  ETH      4H=SELL RSI=29.7 — SHORT REJEITADO (RSI<30, exausto)
2026-03-27 17:05:58 BRT [DEBUG  ]   ❌  AVAX     4H=SELL (val=-0.2182) RSI=29.8 — LONG REJEITADO
2026-03-27 17:05:58 BRT [DEBUG  ]   ⛔  AVAX     4H=SELL RSI=29.8 — SHORT REJEITADO (RSI<30, exausto)
2026-03-27 17:05:58 BRT [DEBUG  ]   ❌  ICP      4H=SELL (val=-0.2636) RSI=31.0 — LONG REJEITADO
2026-03-27 17:05:58 BRT [DEBUG  ]   📉  ICP      4H=SELL (val=-0.2636) RSI=31.0 — SHORT CANDIDATO
2026-03-27 17:05:58 BRT [DEBUG  ]   ❌  HYPE     4H=SELL (val=-0.2000) RSI=47.7 — LONG REJEITADO
2026-03-27 17:05:58 BRT [DEBUG  ]   📉  HYPE     4H=SELL (val=-0.2000) RSI=47.7 — SHORT CANDIDATO
2026-03-27 17:05:58 BRT [DEBUG  ]   ❌  ATOM     4H=SELL (val=-0.4000) RSI=34.8 — LONG REJEITADO
2026-03-27 17:05:58 BRT [DEBUG  ]   📉  ATOM     4H=SELL (val=-0.4000) RSI=34.8 — SHORT CANDIDATO
2026-03-27 17:05:58 BRT [INFO   ]   Gate 4H: LONG=3 | SHORT=22 | sem dados TV=0 | universo=37
2026-03-27 17:05:58 BRT [INFO   ] 
───────────────────────────────────────────────────────
2026-03-27 17:05:58 BRT [INFO   ]   GATE 2 — Estrutura 1H (LONG: BUY+ | SHORT: SELL+)
2026-03-27 17:05:58 BRT [INFO   ] ───────────────────────────────────────────────────────
2026-03-27 17:05:58 BRT [DEBUG  ]   TV batch: 25 tokens (.P perpétuo) | cols: ['Recommend.All|60']
2026-03-27 17:05:58 BRT [DEBUG  ]   ✅  TV batch BYBIT: 22/25 retornados | 0.09s
2026-03-27 17:05:58 BRT [WARNING]   ⚠️  TV BYBIT: 3 sem retorno: ['PEPEUSDT', 'SHIBUSDT', 'PUMPUSDT']
2026-03-27 17:05:58 BRT [INFO   ]   🔄  [v5.1] Tentando prefixo BITGET: para 3 tokens sem dados...
2026-03-27 17:05:58 BRT [INFO   ]   ✅  TV BITGET: recuperados 3: ['PEPEUSDT', 'SHIBUSDT', 'PUMPUSDT'] | 0.09s
2026-03-27 17:05:58 BRT [DEBUG  ]   ✅  ONDO     1H=BUY (val=0.3333) — LONG PASSOU
2026-03-27 17:05:58 BRT [DEBUG  ]   ❌  TRX      1H=NEUTRAL (val=0.0667) — LONG REJEITADO
2026-03-27 17:05:58 BRT [DEBUG  ]   ❌  XLM      1H=SELL (val=-0.3333) — LONG REJEITADO
2026-03-27 17:05:58 BRT [DEBUG  ]   📉  PEPE     1H=SELL (val=-0.2424) — SHORT PASSOU
2026-03-27 17:05:58 BRT [DEBUG  ]   📉  SHIB     1H=SELL (val=-0.1758) — SHORT PASSOU
2026-03-27 17:05:58 BRT [DEBUG  ]   📉  PUMP     1H=SELL (val=-0.3788) — SHORT PASSOU
2026-03-27 17:05:58 BRT [DEBUG  ]   📉  DOGE     1H=SELL (val=-0.2424) — SHORT PASSOU
2026-03-27 17:05:58 BRT [DEBUG  ]   📉  PIPPIN   1H=SELL (val=-0.4455) — SHORT PASSOU
2026-03-27 17:05:58 BRT [DEBUG  ]   📉  ADA      1H=SELL (val=-0.3091) — SHORT PASSOU
2026-03-27 17:05:58 BRT [DEBUG  ]   📉  WLFI     1H=SELL (val=-0.3091) — SHORT PASSOU
2026-03-27 17:05:58 BRT [DEBUG  ]   📉  XRP      1H=SELL (val=-0.4000) — SHORT PASSOU
2026-03-27 17:05:58 BRT [DEBUG  ]   📉  BEAT     1H=SELL (val=-0.3091) — SHORT PASSOU
2026-03-27 17:05:58 BRT [DEBUG  ]   📉  XPL      1H=SELL (val=-0.3545) — SHORT PASSOU
2026-03-27 17:05:58 BRT [DEBUG  ]   📉  OP       1H=SELL (val=-0.3333) — SHORT PASSOU
2026-03-27 17:05:58 BRT [DEBUG  ]   📉  CRV      1H=SELL (val=-0.4000) — SHORT PASSOU
2026-03-27 17:05:58 BRT [DEBUG  ]   📉  HBAR     1H=SELL (val=-0.3788) — SHORT PASSOU
2026-03-27 17:05:58 BRT [DEBUG  ]   📉  POL      1H=SELL (val=-0.2879) — SHORT PASSOU
2026-03-27 17:05:58 BRT [DEBUG  ]   📉  FIL      1H=SELL (val=-0.2424) — SHORT PASSOU
2026-03-27 17:05:58 BRT [DEBUG  ]   📉  ASTER    1H=STRONG_SELL (val=-0.5576) — SHORT PASSOU
2026-03-27 17:05:58 BRT [DEBUG  ]   ❌  LIT      1H=NEUTRAL (val=-0.0667) — SHORT REJEITADO (não SELL no 1H)
2026-03-27 17:05:58 BRT [DEBUG  ]   📉  APT      1H=SELL (val=-0.3545) — SHORT PASSOU
2026-03-27 17:05:58 BRT [DEBUG  ]   📉  UNI      1H=SELL (val=-0.4909) — SHORT PASSOU
2026-03-27 17:05:58 BRT [DEBUG  ]   📉  ICP      1H=SELL (val=-0.3788) — SHORT PASSOU
2026-03-27 17:05:58 BRT [DEBUG  ]   ❌  HYPE     1H=BUY (val=0.1121) — SHORT REJEITADO (não SELL no 1H)
2026-03-27 17:05:58 BRT [DEBUG  ]   📉  ATOM     1H=SELL (val=-0.3788) — SHORT PASSOU
2026-03-27 17:05:58 BRT [INFO   ]   Gate 1H: LONG=1 | SHORT=20 | rejeitados=2
2026-03-27 17:05:58 BRT [INFO   ] 
───────────────────────────────────────────────────────
2026-03-27 17:05:58 BRT [INFO   ]   ETAPA 3 — Indicadores 15m (TradingView) — LONG + SHORT [v6.4.1]
2026-03-27 17:05:58 BRT [INFO   ] ───────────────────────────────────────────────────────
2026-03-27 17:05:58 BRT [DEBUG  ]   TV batch: 21 tokens (.P perpétuo) | cols: ['BB.upper|15', 'BB.lower|15', 'ATR|15']
2026-03-27 17:05:58 BRT [DEBUG  ]   ✅  TV batch BYBIT: 18/21 retornados | 0.22s
2026-03-27 17:05:58 BRT [WARNING]   ⚠️  TV BYBIT: 3 sem retorno: ['PEPEUSDT', 'SHIBUSDT', 'PUMPUSDT']
2026-03-27 17:05:58 BRT [INFO   ]   🔄  [v5.1] Tentando prefixo BITGET: para 3 tokens sem dados...
2026-03-27 17:05:58 BRT [INFO   ]   ✅  TV BITGET: recuperados 3: ['PEPEUSDT', 'SHIBUSDT', 'PUMPUSDT'] | 0.09s
2026-03-27 17:05:58 BRT [DEBUG  ]   TV batch: 21 tokens (.P perpétuo) | cols: ['Candle.Engulfing.Bullish|15', 'Candle.Hammer|15', 'Candle.MorningStar|15', 'Candle.3WhiteSoldiers|15', 'Candle.Harami.Bullish|15', 'Candle.Doji.Dragonfly|15', 'Candle.Engulfing.Bearish|15', 'Candle.ShootingStar|15', 'Candle.EveningStar|15', 'Candle.3BlackCrows|15', 'Candle.Harami.Bearish|15']
2026-03-27 17:05:58 BRT [DEBUG  ]   ✅  TV batch BYBIT: 18/21 retornados | 0.22s
2026-03-27 17:05:58 BRT [WARNING]   ⚠️  TV BYBIT: 3 sem retorno: ['PEPEUSDT', 'SHIBUSDT', 'PUMPUSDT']
2026-03-27 17:05:58 BRT [INFO   ]   🔄  [v5.1] Tentando prefixo BITGET: para 3 tokens sem dados...
2026-03-27 17:05:58 BRT [INFO   ]   ✅  TV BITGET: recuperados 3: ['PEPEUSDT', 'SHIBUSDT', 'PUMPUSDT'] | 0.09s
2026-03-27 17:05:58 BRT [INFO   ]   TV 15m: tech=21/21 | candles=21/21
2026-03-27 17:05:58 BRT [DEBUG  ]   ONDO     ATR=0.0027 | BB_lower=0.2600 | BB_upper=0.2704 | FR=0.00005
2026-03-27 17:05:58 BRT [DEBUG  ]   PEPE     ATR=0.0000 | BB_lower=0.0000 | BB_upper=0.0000 | FR=-0.00033
2026-03-27 17:05:58 BRT [DEBUG  ]   SHIB     ATR=0.0000 | BB_lower=0.0000 | BB_upper=0.0000 | FR=0.00002
2026-03-27 17:05:58 BRT [DEBUG  ]   PUMP     ATR=0.0000 | BB_lower=0.0017 | BB_upper=0.0017 | FR=0.00002
2026-03-27 17:05:58 BRT [DEBUG  ]   DOGE     ATR=0.0004 | BB_lower=0.0896 | BB_upper=0.0905 | FR=0.00003
2026-03-27 17:05:58 BRT [DEBUG  ]   PIPPIN   ATR=0.0024 | BB_lower=0.0479 | BB_upper=0.0566 | FR=0.00001
2026-03-27 17:05:58 BRT [DEBUG  ]   ADA      ATR=0.0012 | BB_lower=0.2452 | BB_upper=0.2484 | FR=-0.00031
2026-03-27 17:05:58 BRT [DEBUG  ]   WLFI     ATR=0.0005 | BB_lower=0.0963 | BB_upper=0.0986 | FR=0.00005
2026-03-27 17:05:58 BRT [DEBUG  ]   XRP      ATR=0.0055 | BB_lower=1.3155 | BB_upper=1.3402 | FR=-0.00017
2026-03-27 17:05:58 BRT [DEBUG  ]   BEAT     ATR=0.0105 | BB_lower=0.5146 | BB_upper=0.5561 | FR=0.00005
2026-03-27 17:05:58 BRT [DEBUG  ]   XPL      ATR=0.0007 | BB_lower=0.0870 | BB_upper=0.0906 | FR=0.00002
2026-03-27 17:05:58 BRT [DEBUG  ]   OP       ATR=0.0007 | BB_lower=0.1022 | BB_upper=0.1047 | FR=0.00010
2026-03-27 17:05:58 BRT [DEBUG  ]   CRV      ATR=0.0013 | BB_lower=0.2105 | BB_upper=0.2156 | FR=-0.00005
2026-03-27 17:05:58 BRT [DEBUG  ]   HBAR     ATR=0.0003 | BB_lower=0.0884 | BB_upper=0.0896 | FR=-0.00002
2026-03-27 17:05:58 BRT [DEBUG  ]   POL      ATR=0.0004 | BB_lower=0.0895 | BB_upper=0.0907 | FR=-0.00031
2026-03-27 17:05:58 BRT [DEBUG  ]   FIL      ATR=0.0042 | BB_lower=0.8312 | BB_upper=0.8400 | FR=-0.00029
2026-03-27 17:05:58 BRT [DEBUG  ]   ASTER    ATR=0.0021 | BB_lower=0.6586 | BB_upper=0.6631 | FR=0.00003
2026-03-27 17:05:58 BRT [DEBUG  ]   APT      ATR=0.0052 | BB_lower=0.9673 | BB_upper=0.9990 | FR=-0.00003
2026-03-27 17:05:58 BRT [DEBUG  ]   UNI      ATR=0.0156 | BB_lower=3.3685 | BB_upper=3.4287 | FR=-0.00000
2026-03-27 17:05:58 BRT [DEBUG  ]   ICP      ATR=0.0102 | BB_lower=2.2054 | BB_upper=2.2309 | FR=-0.00011
2026-03-27 17:05:58 BRT [DEBUG  ]   ATOM     ATR=0.0058 | BB_lower=1.6587 | BB_upper=1.6748 | FR=-0.00013
2026-03-27 17:05:58 BRT [INFO   ] 
───────────────────────────────────────────────────────
2026-03-27 17:05:58 BRT [INFO   ]   ETAPA 3b — Score parcial (sem klines, para ordenação)
2026-03-27 17:05:58 BRT [INFO   ] ───────────────────────────────────────────────────────
2026-03-27 17:05:58 BRT [DEBUG  ]   ONDO     score parcial LONG: 1/25 [FR=0.0050% BB=0.2600–0.2704]
2026-03-27 17:05:58 BRT [DEBUG  ]   PEPE     score parcial SHORT: 0/25 [FR=-0.0332% BB=0.0000–0.0000]
2026-03-27 17:05:58 BRT [DEBUG  ]   SHIB     score parcial SHORT: 3/25 [FR=0.0017% BB=0.0000–0.0000]
2026-03-27 17:05:58 BRT [DEBUG  ]   PUMP     score parcial SHORT: 1/25 [FR=0.0023% BB=0.0017–0.0017]
2026-03-27 17:05:58 BRT [DEBUG  ]   DOGE     score parcial SHORT: 1/25 [FR=0.0032% BB=0.0896–0.0905]
2026-03-27 17:05:58 BRT [DEBUG  ]   PIPPIN   score parcial SHORT: 1/25 [FR=0.0013% BB=0.0479–0.0566]
2026-03-27 17:05:58 BRT [DEBUG  ]   ADA      score parcial SHORT: 1/25 [FR=-0.0307% BB=0.2452–0.2484]
2026-03-27 17:05:58 BRT [DEBUG  ]   WLFI     score parcial SHORT: 1/25 [FR=0.0050% BB=0.0963–0.0986]
2026-03-27 17:05:58 BRT [DEBUG  ]   XRP      score parcial SHORT: 0/25 [FR=-0.0170% BB=1.3155–1.3402]
2026-03-27 17:05:58 BRT [DEBUG  ]   BEAT     score parcial SHORT: 1/25 [FR=0.0054% BB=0.5146–0.5561]
2026-03-27 17:05:58 BRT [DEBUG  ]   XPL      score parcial SHORT: 1/25 [FR=0.0020% BB=0.0870–0.0906]
2026-03-27 17:05:58 BRT [DEBUG  ]   OP       score parcial SHORT: 3/25 [FR=0.0100% BB=0.1022–0.1047]
2026-03-27 17:05:58 BRT [DEBUG  ]   CRV      score parcial SHORT: 0/25 [FR=-0.0049% BB=0.2105–0.2156]
2026-03-27 17:05:58 BRT [DEBUG  ]   HBAR     score parcial SHORT: 0/25 [FR=-0.0020% BB=0.0884–0.0896]
2026-03-27 17:05:58 BRT [DEBUG  ]   POL      score parcial SHORT: 3/25 [FR=-0.0308% BB=0.0895–0.0907]
2026-03-27 17:05:58 BRT [DEBUG  ]   FIL      score parcial SHORT: 1/25 [FR=-0.0287% BB=0.8312–0.8400]
2026-03-27 17:05:58 BRT [DEBUG  ]   ASTER    score parcial SHORT: 1/25 [FR=0.0026% BB=0.6586–0.6631]
2026-03-27 17:05:58 BRT [DEBUG  ]   APT      score parcial SHORT: 0/25 [FR=-0.0031% BB=0.9673–0.9990]
2026-03-27 17:05:58 BRT [DEBUG  ]   UNI      score parcial SHORT: 0/25 [FR=-0.0001% BB=3.3685–3.4287]
2026-03-27 17:05:58 BRT [DEBUG  ]   ICP      score parcial SHORT: 2/25 [FR=-0.0105% BB=2.2054–2.2309]
2026-03-27 17:05:58 BRT [DEBUG  ]   ATOM     score parcial SHORT: 0/25 [FR=-0.0125% BB=1.6587–1.6748]
2026-03-27 17:05:58 BRT [INFO   ]   Ordem LONG: ['ONDO']
2026-03-27 17:05:58 BRT [INFO   ]   Ordem SHORT: ['SHIB', 'OP', 'POL', 'ICP', 'PUMP', 'DOGE', 'PIPPIN', 'ADA', 'WLFI', 'BEAT', 'XPL', 'FIL', 'ASTER', 'PEPE', 'XRP', 'CRV', 'HBAR', 'APT', 'UNI', 'ATOM']
2026-03-27 17:05:58 BRT [INFO   ] 
───────────────────────────────────────────────────────
2026-03-27 17:05:58 BRT [INFO   ]   ETAPA 4 — Klines + Score completo (TOP 20 LONG + SHORT) [v6.2.0]
2026-03-27 17:05:58 BRT [INFO   ] ───────────────────────────────────────────────────────
2026-03-27 17:05:58 BRT [DEBUG  ]   Contexto: FGI=13 | BTC=NEUTRAL | LONG=CAUTELOSO (Medo Extremo)(thr=20) | SHORT=MODERADO (Medo Extremo — mercado bearish)(thr=16) | risk_score=0
2026-03-27 17:05:58 BRT [INFO   ]   ✅  [A4 CANDLE LOCK] Vela 15m fechada (359s após fechamento). Último fechamento: 17:00:00 BRT.
2026-03-27 17:05:58 BRT [INFO   ]   Buscando klines para: ['ONDO', 'SHIB', 'OP', 'POL', 'ICP', 'PUMP', 'DOGE', 'PIPPIN', 'ADA', 'WLFI', 'BEAT', 'XPL', 'FIL', 'ASTER', 'PEPE', 'XRP', 'CRV', 'HBAR', 'APT', 'UNI', 'ATOM']
2026-03-27 17:05:58 BRT [DEBUG  ]   📡  Cache MISS ONDOUSDT 1H: arquivo não existe — buscando
2026-03-27 17:05:58 BRT [DEBUG  ]   📡  Cache MISS SHIBUSDT 1H: arquivo não existe — buscando
2026-03-27 17:05:58 BRT [DEBUG  ]   📡  Cache MISS OPUSDT 1H: arquivo não existe — buscando
2026-03-27 17:05:58 BRT [DEBUG  ]   📡  Cache MISS POLUSDT 1H: arquivo não existe — buscando
2026-03-27 17:05:58 BRT [DEBUG  ]   📡  Cache MISS ICPUSDT 1H: arquivo não existe — buscando
2026-03-27 17:05:58 BRT [DEBUG  ]   📡  Cache MISS PUMPUSDT 1H: arquivo não existe — buscando
2026-03-27 17:05:58 BRT [DEBUG  ]   📡  Cache MISS DOGEUSDT 1H: arquivo não existe — buscando
2026-03-27 17:05:58 BRT [DEBUG  ]   📡  Cache MISS PIPPINUSDT 1H: arquivo não existe — buscando
2026-03-27 17:05:59 BRT [DEBUG  ]   📡  Cache MISS ADAUSDT 1H: arquivo não existe — buscando
2026-03-27 17:05:59 BRT [DEBUG  ]   📡  Cache MISS WLFIUSDT 1H: arquivo não existe — buscando
2026-03-27 17:05:59 BRT [DEBUG  ]   📡  Cache MISS BEATUSDT 1H: arquivo não existe — buscando
2026-03-27 17:05:59 BRT [DEBUG  ]   📡  Cache MISS XPLUSDT 1H: arquivo não existe — buscando
2026-03-27 17:05:59 BRT [DEBUG  ]   📡  Cache MISS FILUSDT 1H: arquivo não existe — buscando
2026-03-27 17:05:59 BRT [DEBUG  ]   📡  Cache MISS ASTERUSDT 1H: arquivo não existe — buscando
2026-03-27 17:05:59 BRT [DEBUG  ]   📡  Cache MISS PEPEUSDT 1H: arquivo não existe — buscando
2026-03-27 17:05:59 BRT [DEBUG  ]   📡  Cache MISS XRPUSDT 1H: arquivo não existe — buscando
2026-03-27 17:05:59 BRT [DEBUG  ]   📡  Cache MISS CRVUSDT 1H: arquivo não existe — buscando
2026-03-27 17:05:59 BRT [DEBUG  ]   📡  Cache MISS HBARUSDT 1H: arquivo não existe — buscando
2026-03-27 17:05:59 BRT [DEBUG  ]   📡  Cache MISS APTUSDT 1H: arquivo não existe — buscando
2026-03-27 17:05:59 BRT [DEBUG  ]   📡  Cache MISS UNIUSDT 1H: arquivo não existe — buscando
2026-03-27 17:05:59 BRT [DEBUG  ]   📡  Cache MISS ATOMUSDT 1H: arquivo não existe — buscando
2026-03-27 17:05:59 BRT [DEBUG  ]   📡  Cache MISS ONDOUSDT 4H: arquivo não existe — buscando
2026-03-27 17:05:59 BRT [DEBUG  ]   📡  Cache MISS SHIBUSDT 4H: arquivo não existe — buscando
2026-03-27 17:05:59 BRT [DEBUG  ]   📡  Cache MISS OPUSDT 4H: arquivo não existe — buscando
2026-03-27 17:05:59 BRT [DEBUG  ]   📡  Cache MISS POLUSDT 4H: arquivo não existe — buscando
2026-03-27 17:05:59 BRT [DEBUG  ]   📡  Cache MISS ICPUSDT 4H: arquivo não existe — buscando
2026-03-27 17:05:59 BRT [DEBUG  ]   📡  Cache MISS PUMPUSDT 4H: arquivo não existe — buscando
2026-03-27 17:05:59 BRT [DEBUG  ]   📡  Cache MISS DOGEUSDT 4H: arquivo não existe — buscando
2026-03-27 17:05:59 BRT [DEBUG  ]   📡  Cache MISS PIPPINUSDT 4H: arquivo não existe — buscando
2026-03-27 17:05:59 BRT [DEBUG  ]   📡  Cache MISS ADAUSDT 4H: arquivo não existe — buscando
2026-03-27 17:05:59 BRT [DEBUG  ]   📡  Cache MISS WLFIUSDT 4H: arquivo não existe — buscando
2026-03-27 17:05:59 BRT [DEBUG  ]   📡  Cache MISS BEATUSDT 4H: arquivo não existe — buscando
2026-03-27 17:05:59 BRT [DEBUG  ]   📡  Cache MISS XPLUSDT 4H: arquivo não existe — buscando
2026-03-27 17:05:59 BRT [DEBUG  ]   📡  Cache MISS FILUSDT 4H: arquivo não existe — buscando
2026-03-27 17:05:59 BRT [DEBUG  ]   📡  Cache MISS ASTERUSDT 4H: arquivo não existe — buscando
2026-03-27 17:05:59 BRT [DEBUG  ]   📡  Cache MISS PEPEUSDT 4H: arquivo não existe — buscando
2026-03-27 17:05:59 BRT [DEBUG  ]   📡  Cache MISS XRPUSDT 4H: arquivo não existe — buscando
2026-03-27 17:05:59 BRT [DEBUG  ]   📡  Cache MISS CRVUSDT 4H: arquivo não existe — buscando
2026-03-27 17:05:59 BRT [DEBUG  ]   📡  Cache MISS HBARUSDT 4H: arquivo não existe — buscando
2026-03-27 17:05:59 BRT [DEBUG  ]   📡  Cache MISS APTUSDT 4H: arquivo não existe — buscando
2026-03-27 17:05:59 BRT [DEBUG  ]   📡  Cache MISS UNIUSDT 4H: arquivo não existe — buscando
2026-03-27 17:05:59 BRT [DEBUG  ]   📡  Cache MISS ATOMUSDT 4H: arquivo não existe — buscando
2026-03-27 17:05:59 BRT [DEBUG  ]   GET https://api.bitget.com/api/v2/mix/market/candles?productType=USDT-FUTURES&symbol...
2026-03-27 17:05:59 BRT [DEBUG  ]       → HTTP 200 | 4.8KB | enc:gzip | 0.59s
2026-03-27 17:05:59 BRT [DEBUG  ]   ✅  Klines XRPUSDT 4H: 60 candles | 03/27 17:00 → 03/17 21:00
2026-03-27 17:05:59 BRT [DEBUG  ]   💾  Cache GRAVADO XRPUSDT 4H: 60 candles
2026-03-27 17:05:59 BRT [DEBUG  ]   GET https://api.bitget.com/api/v2/mix/market/candles?productType=USDT-FUTURES&symbol...
2026-03-27 17:05:59 BRT [DEBUG  ]       → HTTP 200 | 4.6KB | enc:gzip | 0.59s
2026-03-27 17:05:59 BRT [DEBUG  ]   ✅  Klines XRPUSDT 15m: 60 candles | 03/27 17:00 → 03/27 02:15
2026-03-27 17:05:59 BRT [DEBUG  ]   GET https://api.bitget.com/api/v2/mix/market/candles?productType=USDT-FUTURES&symbol...
2026-03-27 17:05:59 BRT [DEBUG  ]       → HTTP 200 | 4.5KB | enc:gzip | 0.60s
2026-03-27 17:05:59 BRT [DEBUG  ]   ✅  Klines WLFIUSDT 15m: 60 candles | 03/27 17:00 → 03/27 02:15
2026-03-27 17:05:59 BRT [DEBUG  ]   GET https://api.bitget.com/api/v2/mix/market/candles?productType=USDT-FUTURES&symbol...
2026-03-27 17:05:59 BRT [DEBUG  ]       → HTTP 200 | 4.5KB | enc:gzip | 0.59s
2026-03-27 17:05:59 BRT [DEBUG  ]   ✅  Klines WLFIUSDT 1H: 60 candles | 03/27 17:00 → 03/25 06:00
2026-03-27 17:05:59 BRT [DEBUG  ]   💾  Cache GRAVADO WLFIUSDT 1H: 60 candles
2026-03-27 17:05:59 BRT [DEBUG  ]   GET https://api.bitget.com/api/v2/mix/market/candles?productType=USDT-FUTURES&symbol...
2026-03-27 17:05:59 BRT [DEBUG  ]       → HTTP 200 | 4.6KB | enc:gzip | 0.61s
2026-03-27 17:05:59 BRT [DEBUG  ]   ✅  Klines CRVUSDT 4H: 60 candles | 03/27 17:00 → 03/17 21:00
2026-03-27 17:05:59 BRT [DEBUG  ]   💾  Cache GRAVADO CRVUSDT 4H: 60 candles
2026-03-27 17:05:59 BRT [DEBUG  ]   GET https://api.bitget.com/api/v2/mix/market/candles?productType=USDT-FUTURES&symbol...
2026-03-27 17:05:59 BRT [DEBUG  ]       → HTTP 200 | 4.8KB | enc:gzip | 0.61s
2026-03-27 17:05:59 BRT [DEBUG  ]   ✅  Klines FILUSDT 4H: 60 candles | 03/27 17:00 → 03/17 21:00
2026-03-27 17:05:59 BRT [DEBUG  ]   💾  Cache GRAVADO FILUSDT 4H: 60 candles
2026-03-27 17:05:59 BRT [DEBUG  ]   GET https://api.bitget.com/api/v2/mix/market/candles?productType=USDT-FUTURES&symbol...
2026-03-27 17:05:59 BRT [DEBUG  ]       → HTTP 200 | 4.5KB | enc:gzip | 0.61s
2026-03-27 17:05:59 BRT [DEBUG  ]   ✅  Klines XPLUSDT 15m: 60 candles | 03/27 17:00 → 03/27 02:15
2026-03-27 17:05:59 BRT [DEBUG  ]   GET https://api.bitget.com/api/v2/mix/market/candles?productType=USDT-FUTURES&symbol...
2026-03-27 17:05:59 BRT [DEBUG  ]       → HTTP 200 | 4.6KB | enc:gzip | 0.62s
2026-03-27 17:05:59 BRT [DEBUG  ]   ✅  Klines ADAUSDT 1H: 60 candles | 03/27 17:00 → 03/25 06:00
2026-03-27 17:05:59 BRT [DEBUG  ]   💾  Cache GRAVADO ADAUSDT 1H: 60 candles
2026-03-27 17:05:59 BRT [DEBUG  ]   GET https://api.bitget.com/api/v2/mix/market/candles?productType=USDT-FUTURES&symbol...
2026-03-27 17:05:59 BRT [DEBUG  ]       → HTTP 200 | 5.3KB | enc:gzip | 0.62s
2026-03-27 17:05:59 BRT [DEBUG  ]   ✅  Klines PUMPUSDT 4H: 60 candles | 03/27 17:00 → 03/17 21:00
2026-03-27 17:05:59 BRT [DEBUG  ]   💾  Cache GRAVADO PUMPUSDT 4H: 60 candles
2026-03-27 17:05:59 BRT [DEBUG  ]   GET https://api.bitget.com/api/v2/mix/market/candles?productType=USDT-FUTURES&symbol...
2026-03-27 17:05:59 BRT [DEBUG  ]       → HTTP 200 | 4.9KB | enc:gzip | 0.62s
2026-03-27 17:05:59 BRT [DEBUG  ]   ✅  Klines POLUSDT 4H: 60 candles | 03/27 17:00 → 03/17 21:00
2026-03-27 17:05:59 BRT [DEBUG  ]   💾  Cache GRAVADO POLUSDT 4H: 60 candles
2026-03-27 17:05:59 BRT [DEBUG  ]   GET https://api.bitget.com/api/v2/mix/market/candles?productType=USDT-FUTURES&symbol...
2026-03-27 17:05:59 BRT [DEBUG  ]       → HTTP 200 | 4.6KB | enc:gzip | 0.63s
2026-03-27 17:05:59 BRT [DEBUG  ]   ✅  Klines XPLUSDT 1H: 60 candles | 03/27 17:00 → 03/25 06:00
2026-03-27 17:05:59 BRT [DEBUG  ]   💾  Cache GRAVADO XPLUSDT 1H: 60 candles
2026-03-27 17:05:59 BRT [DEBUG  ]   GET https://api.bitget.com/api/v2/mix/market/candles?productType=USDT-FUTURES&symbol...
2026-03-27 17:05:59 BRT [DEBUG  ]       → HTTP 200 | 4.7KB | enc:gzip | 0.63s
2026-03-27 17:05:59 BRT [DEBUG  ]   ✅  Klines BEATUSDT 15m: 60 candles | 03/27 17:00 → 03/27 02:15
2026-03-27 17:05:59 BRT [DEBUG  ]   GET https://api.bitget.com/api/v2/mix/market/candles?productType=USDT-FUTURES&symbol...
2026-03-27 17:05:59 BRT [DEBUG  ]       → HTTP 200 | 4.6KB | enc:gzip | 0.65s
2026-03-27 17:05:59 BRT [DEBUG  ]   ✅  Klines ASTERUSDT 4H: 60 candles | 03/27 17:00 → 03/17 21:00
2026-03-27 17:05:59 BRT [DEBUG  ]   💾  Cache GRAVADO ASTERUSDT 4H: 60 candles
2026-03-27 17:05:59 BRT [DEBUG  ]   GET https://api.bitget.com/api/v2/mix/market/candles?productType=USDT-FUTURES&symbol...
2026-03-27 17:05:59 BRT [DEBUG  ]       → HTTP 200 | 6.0KB | enc:gzip | 0.66s
2026-03-27 17:05:59 BRT [DEBUG  ]   ✅  Klines SHIBUSDT 15m: 60 candles | 03/27 17:00 → 03/27 02:15
2026-03-27 17:05:59 BRT [DEBUG  ]   GET https://api.bitget.com/api/v2/mix/market/candles?productType=USDT-FUTURES&symbol...
2026-03-27 17:05:59 BRT [DEBUG  ]       → HTTP 200 | 6.1KB | enc:gzip | 0.66s
2026-03-27 17:05:59 BRT [DEBUG  ]   ✅  Klines SHIBUSDT 1H: 60 candles | 03/27 17:00 → 03/25 06:00
2026-03-27 17:05:59 BRT [DEBUG  ]   💾  Cache GRAVADO SHIBUSDT 1H: 60 candles
2026-03-27 17:05:59 BRT [DEBUG  ]   GET https://api.bitget.com/api/v2/mix/market/candles?productType=USDT-FUTURES&symbol...
2026-03-27 17:05:59 BRT [DEBUG  ]       → HTTP 200 | 6.5KB | enc:gzip | 0.66s
2026-03-27 17:05:59 BRT [DEBUG  ]   ✅  Klines PEPEUSDT 1H: 60 candles | 03/27 17:00 → 03/25 06:00
2026-03-27 17:05:59 BRT [DEBUG  ]   💾  Cache GRAVADO PEPEUSDT 1H: 60 candles
2026-03-27 17:05:59 BRT [DEBUG  ]   GET https://api.bitget.com/api/v2/mix/market/candles?productType=USDT-FUTURES&symbol...
2026-03-27 17:05:59 BRT [DEBUG  ]       → HTTP 200 | 5.0KB | enc:gzip | 0.67s
2026-03-27 17:05:59 BRT [DEBUG  ]   ✅  Klines APTUSDT 4H: 60 candles | 03/27 17:00 → 03/17 21:00
2026-03-27 17:05:59 BRT [DEBUG  ]   💾  Cache GRAVADO APTUSDT 4H: 60 candles
2026-03-27 17:05:59 BRT [DEBUG  ]   GET https://api.bitget.com/api/v2/mix/market/candles?productType=USDT-FUTURES&symbol...
2026-03-27 17:05:59 BRT [DEBUG  ]       → HTTP 200 | 4.8KB | enc:gzip | 0.67s
2026-03-27 17:05:59 BRT [DEBUG  ]   ✅  Klines OPUSDT 4H: 60 candles | 03/27 17:00 → 03/17 21:00
2026-03-27 17:05:59 BRT [DEBUG  ]   💾  Cache GRAVADO OPUSDT 4H: 60 candles
2026-03-27 17:05:59 BRT [DEBUG  ]   GET https://api.bitget.com/api/v2/mix/market/candles?productType=USDT-FUTURES&symbol...
2026-03-27 17:05:59 BRT [DEBUG  ]       → HTTP 200 | 4.7KB | enc:gzip | 0.67s
2026-03-27 17:05:59 BRT [DEBUG  ]   ✅  Klines FILUSDT 1H: 60 candles | 03/27 17:00 → 03/25 06:00
2026-03-27 17:05:59 BRT [DEBUG  ]   💾  Cache GRAVADO FILUSDT 1H: 60 candles
2026-03-27 17:05:59 BRT [DEBUG  ]   GET https://api.bitget.com/api/v2/mix/market/candles?productType=USDT-FUTURES&symbol...
2026-03-27 17:05:59 BRT [DEBUG  ]       → HTTP 200 | 4.1KB | enc:gzip | 0.68s
2026-03-27 17:05:59 BRT [DEBUG  ]   ✅  Klines UNIUSDT 15m: 60 candles | 03/27 17:00 → 03/27 02:15
2026-03-27 17:05:59 BRT [DEBUG  ]   GET https://api.bitget.com/api/v2/mix/market/candles?productType=USDT-FUTURES&symbol...
2026-03-27 17:05:59 BRT [DEBUG  ]       → HTTP 200 | 4.9KB | enc:gzip | 0.67s
2026-03-27 17:05:59 BRT [DEBUG  ]   ✅  Klines APTUSDT 1H: 60 candles | 03/27 17:00 → 03/25 06:00
2026-03-27 17:05:59 BRT [DEBUG  ]   💾  Cache GRAVADO APTUSDT 1H: 60 candles
2026-03-27 17:05:59 BRT [DEBUG  ]   GET https://api.bitget.com/api/v2/mix/market/candles?productType=USDT-FUTURES&symbol...
2026-03-27 17:05:59 BRT [DEBUG  ]       → HTTP 200 | 4.5KB | enc:gzip | 0.67s
2026-03-27 17:05:59 BRT [DEBUG  ]   ✅  Klines ATOMUSDT 4H: 60 candles | 03/27 17:00 → 03/17 21:00
2026-03-27 17:05:59 BRT [DEBUG  ]   💾  Cache GRAVADO ATOMUSDT 4H: 60 candles
2026-03-27 17:05:59 BRT [DEBUG  ]   GET https://api.bitget.com/api/v2/mix/market/candles?productType=USDT-FUTURES&symbol...
2026-03-27 17:05:59 BRT [DEBUG  ]       → HTTP 200 | 4.4KB | enc:gzip | 0.68s
2026-03-27 17:05:59 BRT [DEBUG  ]   ✅  Klines ICPUSDT 15m: 60 candles | 03/27 17:00 → 03/27 02:15
2026-03-27 17:05:59 BRT [DEBUG  ]   GET https://api.bitget.com/api/v2/mix/market/candles?productType=USDT-FUTURES&symbol...
2026-03-27 17:05:59 BRT [DEBUG  ]       → HTTP 200 | 4.9KB | enc:gzip | 0.68s
2026-03-27 17:05:59 BRT [DEBUG  ]   ✅  Klines DOGEUSDT 15m: 60 candles | 03/27 17:00 → 03/27 02:15
2026-03-27 17:05:59 BRT [DEBUG  ]   GET https://api.bitget.com/api/v2/mix/market/candles?productType=USDT-FUTURES&symbol...
2026-03-27 17:05:59 BRT [DEBUG  ]       → HTTP 200 | 4.7KB | enc:gzip | 0.68s
2026-03-27 17:05:59 BRT [DEBUG  ]   ✅  Klines ADAUSDT 4H: 60 candles | 03/27 17:00 → 03/17 21:00
2026-03-27 17:05:59 BRT [DEBUG  ]   💾  Cache GRAVADO ADAUSDT 4H: 60 candles
2026-03-27 17:05:59 BRT [DEBUG  ]   GET https://api.bitget.com/api/v2/mix/market/candles?productType=USDT-FUTURES&symbol...
2026-03-27 17:05:59 BRT [DEBUG  ]       → HTTP 200 | 4.8KB | enc:gzip | 0.68s
2026-03-27 17:05:59 BRT [DEBUG  ]   ✅  Klines ONDOUSDT 4H: 60 candles | 03/27 17:00 → 03/17 21:00
2026-03-27 17:05:59 BRT [DEBUG  ]   💾  Cache GRAVADO ONDOUSDT 4H: 60 candles
2026-03-27 17:05:59 BRT [DEBUG  ]   GET https://api.bitget.com/api/v2/mix/market/candles?productType=USDT-FUTURES&symbol...
2026-03-27 17:05:59 BRT [DEBUG  ]       → HTTP 200 | 4.8KB | enc:gzip | 0.68s
2026-03-27 17:05:59 BRT [DEBUG  ]   ✅  Klines HBARUSDT 15m: 60 candles | 03/27 17:00 → 03/27 02:15
2026-03-27 17:05:59 BRT [DEBUG  ]   GET https://api.bitget.com/api/v2/mix/market/candles?productType=USDT-FUTURES&symbol...
2026-03-27 17:05:59 BRT [DEBUG  ]       → HTTP 200 | 4.8KB | enc:gzip | 0.68s
2026-03-27 17:05:59 BRT [DEBUG  ]   ✅  Klines BEATUSDT 1H: 60 candles | 03/27 17:00 → 03/25 06:00
2026-03-27 17:05:59 BRT [DEBUG  ]   💾  Cache GRAVADO BEATUSDT 1H: 60 candles
2026-03-27 17:05:59 BRT [DEBUG  ]   GET https://api.bitget.com/api/v2/mix/market/candles?productType=USDT-FUTURES&symbol...
2026-03-27 17:05:59 BRT [DEBUG  ]       → HTTP 200 | 4.5KB | enc:gzip | 0.68s
2026-03-27 17:05:59 BRT [DEBUG  ]   ✅  Klines ICPUSDT 4H: 60 candles | 03/27 17:00 → 03/17 21:00
2026-03-27 17:05:59 BRT [DEBUG  ]   💾  Cache GRAVADO ICPUSDT 4H: 60 candles
2026-03-27 17:05:59 BRT [DEBUG  ]   GET https://api.bitget.com/api/v2/mix/market/candles?productType=USDT-FUTURES&symbol...
2026-03-27 17:05:59 BRT [DEBUG  ]       → HTTP 200 | 4.6KB | enc:gzip | 0.68s
2026-03-27 17:05:59 BRT [DEBUG  ]   ✅  Klines FILUSDT 15m: 60 candles | 03/27 17:00 → 03/27 02:15
2026-03-27 17:05:59 BRT [DEBUG  ]   GET https://api.bitget.com/api/v2/mix/market/candles?productType=USDT-FUTURES&symbol...
2026-03-27 17:05:59 BRT [DEBUG  ]       → HTTP 200 | 4.7KB | enc:gzip | 0.68s
2026-03-27 17:05:59 BRT [DEBUG  ]   ✅  Klines ONDOUSDT 15m: 60 candles | 03/27 17:00 → 03/27 02:15
2026-03-27 17:05:59 BRT [DEBUG  ]   GET https://api.bitget.com/api/v2/mix/market/candles?productType=USDT-FUTURES&symbol...
2026-03-27 17:05:59 BRT [DEBUG  ]       → HTTP 200 | 4.8KB | enc:gzip | 0.82s
2026-03-27 17:05:59 BRT [DEBUG  ]   ✅  Klines POLUSDT 1H: 60 candles | 03/27 17:00 → 03/25 06:00
2026-03-27 17:05:59 BRT [DEBUG  ]   💾  Cache GRAVADO POLUSDT 1H: 60 candles
2026-03-27 17:05:59 BRT [DEBUG  ]   GET https://api.bitget.com/api/v2/mix/market/candles?productType=USDT-FUTURES&symbol...
2026-03-27 17:05:59 BRT [DEBUG  ]       → HTTP 200 | 4.6KB | enc:gzip | 0.81s
2026-03-27 17:05:59 BRT [DEBUG  ]   ✅  Klines WLFIUSDT 4H: 60 candles | 03/27 17:00 → 03/17 21:00
2026-03-27 17:05:59 BRT [DEBUG  ]   💾  Cache GRAVADO WLFIUSDT 4H: 60 candles
2026-03-27 17:05:59 BRT [DEBUG  ]   GET https://api.bitget.com/api/v2/mix/market/candles?productType=USDT-FUTURES&symbol...
2026-03-27 17:05:59 BRT [DEBUG  ]       → HTTP 200 | 4.5KB | enc:gzip | 0.82s
2026-03-27 17:05:59 BRT [DEBUG  ]   ✅  Klines CRVUSDT 1H: 60 candles | 03/27 17:00 → 03/25 06:00
2026-03-27 17:05:59 BRT [DEBUG  ]   💾  Cache GRAVADO CRVUSDT 1H: 60 candles
2026-03-27 17:05:59 BRT [DEBUG  ]   GET https://api.bitget.com/api/v2/mix/market/candles?productType=USDT-FUTURES&symbol...
2026-03-27 17:05:59 BRT [DEBUG  ]       → HTTP 200 | 6.1KB | enc:gzip | 0.82s
2026-03-27 17:05:59 BRT [DEBUG  ]   ✅  Klines SHIBUSDT 4H: 60 candles | 03/27 17:00 → 03/17 21:00
2026-03-27 17:05:59 BRT [DEBUG  ]   💾  Cache GRAVADO SHIBUSDT 4H: 60 candles
2026-03-27 17:05:59 BRT [DEBUG  ]   GET https://api.bitget.com/api/v2/mix/market/candles?productType=USDT-FUTURES&symbol...
2026-03-27 17:05:59 BRT [DEBUG  ]       → HTTP 200 | 5.0KB | enc:gzip | 0.85s
2026-03-27 17:05:59 BRT [DEBUG  ]   ✅  Klines DOGEUSDT 4H: 60 candles | 03/27 17:00 → 03/17 21:00
2026-03-27 17:05:59 BRT [DEBUG  ]   💾  Cache GRAVADO DOGEUSDT 4H: 60 candles
2026-03-27 17:05:59 BRT [DEBUG  ]   GET https://api.bitget.com/api/v2/mix/market/candles?productType=USDT-FUTURES&symbol...
2026-03-27 17:05:59 BRT [DEBUG  ]       → HTTP 200 | 4.7KB | enc:gzip | 0.85s
2026-03-27 17:05:59 BRT [DEBUG  ]   ✅  Klines POLUSDT 15m: 60 candles | 03/27 17:00 → 03/27 02:15
2026-03-27 17:05:59 BRT [DEBUG  ]   GET https://api.bitget.com/api/v2/mix/market/candles?productType=USDT-FUTURES&symbol...
2026-03-27 17:05:59 BRT [DEBUG  ]       → HTTP 200 | 4.8KB | enc:gzip | 0.86s
2026-03-27 17:05:59 BRT [DEBUG  ]   ✅  Klines APTUSDT 15m: 60 candles | 03/27 17:00 → 03/27 02:15
2026-03-27 17:05:59 BRT [DEBUG  ]   GET https://api.bitget.com/api/v2/mix/market/candles?productType=USDT-FUTURES&symbol...
2026-03-27 17:05:59 BRT [DEBUG  ]       → HTTP 200 | 4.9KB | enc:gzip | 0.85s
2026-03-27 17:05:59 BRT [DEBUG  ]   ✅  Klines BEATUSDT 4H: 60 candles | 03/27 17:00 → 03/17 21:00
2026-03-27 17:05:59 BRT [DEBUG  ]   💾  Cache GRAVADO BEATUSDT 4H: 60 candles
2026-03-27 17:05:59 BRT [DEBUG  ]   GET https://api.bitget.com/api/v2/mix/market/candles?productType=USDT-FUTURES&symbol...
2026-03-27 17:05:59 BRT [DEBUG  ]       → HTTP 200 | 4.9KB | enc:gzip | 0.86s
2026-03-27 17:05:59 BRT [DEBUG  ]   ✅  Klines PIPPINUSDT 15m: 60 candles | 03/27 17:00 → 03/27 02:15
2026-03-27 17:05:59 BRT [DEBUG  ]   GET https://api.bitget.com/api/v2/mix/market/candles?productType=USDT-FUTURES&symbol...
2026-03-27 17:05:59 BRT [DEBUG  ]       → HTTP 200 | 4.3KB | enc:gzip | 0.86s
2026-03-27 17:05:59 BRT [DEBUG  ]   ✅  Klines UNIUSDT 4H: 60 candles | 03/27 17:00 → 03/17 21:00
2026-03-27 17:05:59 BRT [DEBUG  ]   💾  Cache GRAVADO UNIUSDT 4H: 60 candles
2026-03-27 17:05:59 BRT [DEBUG  ]   GET https://api.bitget.com/api/v2/mix/market/candles?productType=USDT-FUTURES&symbol...
2026-03-27 17:05:59 BRT [DEBUG  ]       → HTTP 200 | 4.4KB | enc:gzip | 0.86s
2026-03-27 17:05:59 BRT [DEBUG  ]   ✅  Klines ATOMUSDT 1H: 60 candles | 03/27 17:00 → 03/25 06:00
2026-03-27 17:05:59 BRT [DEBUG  ]   💾  Cache GRAVADO ATOMUSDT 1H: 60 candles
2026-03-27 17:05:59 BRT [DEBUG  ]   GET https://api.bitget.com/api/v2/mix/market/candles?productType=USDT-FUTURES&symbol...
2026-03-27 17:05:59 BRT [DEBUG  ]       → HTTP 200 | 4.6KB | enc:gzip | 0.86s
2026-03-27 17:05:59 BRT [DEBUG  ]   ✅  Klines ADAUSDT 15m: 60 candles | 03/27 17:00 → 03/27 02:15
2026-03-27 17:05:59 BRT [DEBUG  ]   GET https://api.bitget.com/api/v2/mix/market/candles?productType=USDT-FUTURES&symbol...
2026-03-27 17:05:59 BRT [DEBUG  ]       → HTTP 200 | 4.6KB | enc:gzip | 0.86s
2026-03-27 17:05:59 BRT [DEBUG  ]   ✅  Klines OPUSDT 15m: 60 candles | 03/27 17:00 → 03/27 02:15
2026-03-27 17:05:59 BRT [DEBUG  ]   GET https://api.bitget.com/api/v2/mix/market/candles?productType=USDT-FUTURES&symbol...
2026-03-27 17:05:59 BRT [DEBUG  ]       → HTTP 200 | 5.2KB | enc:gzip | 0.86s
2026-03-27 17:05:59 BRT [DEBUG  ]   ✅  Klines PUMPUSDT 15m: 60 candles | 03/27 17:00 → 03/27 02:15
2026-03-27 17:05:59 BRT [DEBUG  ]   GET https://api.bitget.com/api/v2/mix/market/candles?productType=USDT-FUTURES&symbol...
2026-03-27 17:05:59 BRT [DEBUG  ]       → HTTP 200 | 4.7KB | enc:gzip | 0.86s
2026-03-27 17:05:59 BRT [DEBUG  ]   ✅  Klines OPUSDT 1H: 60 candles | 03/27 17:00 → 03/25 06:00
2026-03-27 17:05:59 BRT [DEBUG  ]   💾  Cache GRAVADO OPUSDT 1H: 60 candles
2026-03-27 17:05:59 BRT [DEBUG  ]   GET https://api.bitget.com/api/v2/mix/market/candles?productType=USDT-FUTURES&symbol...
2026-03-27 17:05:59 BRT [DEBUG  ]       → HTTP 200 | 4.7KB | enc:gzip | 0.88s
2026-03-27 17:05:59 BRT [DEBUG  ]   ✅  Klines ONDOUSDT 1H: 60 candles | 03/27 17:00 → 03/25 06:00
2026-03-27 17:05:59 BRT [DEBUG  ]   💾  Cache GRAVADO ONDOUSDT 1H: 60 candles
2026-03-27 17:05:59 BRT [DEBUG  ]   GET https://api.bitget.com/api/v2/mix/market/candles?productType=USDT-FUTURES&symbol...
2026-03-27 17:05:59 BRT [DEBUG  ]       → HTTP 200 | 4.2KB | enc:gzip | 0.89s
2026-03-27 17:05:59 BRT [DEBUG  ]   ✅  Klines UNIUSDT 1H: 60 candles | 03/27 17:00 → 03/25 06:00
2026-03-27 17:05:59 BRT [DEBUG  ]   💾  Cache GRAVADO UNIUSDT 1H: 60 candles
2026-03-27 17:05:59 BRT [DEBUG  ]   GET https://api.bitget.com/api/v2/mix/market/candles?productType=USDT-FUTURES&symbol...
2026-03-27 17:05:59 BRT [DEBUG  ]       → HTTP 200 | 4.5KB | enc:gzip | 0.90s
2026-03-27 17:05:59 BRT [DEBUG  ]   ✅  Klines CRVUSDT 15m: 60 candles | 03/27 17:00 → 03/27 02:15
2026-03-27 17:05:59 BRT [DEBUG  ]   GET https://api.bitget.com/api/v2/mix/market/candles?productType=USDT-FUTURES&symbol...
2026-03-27 17:05:59 BRT [DEBUG  ]       → HTTP 200 | 4.6KB | enc:gzip | 0.90s
2026-03-27 17:05:59 BRT [DEBUG  ]   ✅  Klines XPLUSDT 4H: 60 candles | 03/27 17:00 → 03/17 21:00
2026-03-27 17:05:59 BRT [DEBUG  ]   💾  Cache GRAVADO XPLUSDT 4H: 60 candles
2026-03-27 17:05:59 BRT [DEBUG  ]   GET https://api.bitget.com/api/v2/mix/market/candles?productType=USDT-FUTURES&symbol...
2026-03-27 17:05:59 BRT [DEBUG  ]       → HTTP 200 | 5.0KB | enc:gzip | 0.90s
2026-03-27 17:05:59 BRT [DEBUG  ]   ✅  Klines PIPPINUSDT 4H: 60 candles | 03/27 17:00 → 03/17 21:00
2026-03-27 17:05:59 BRT [DEBUG  ]   💾  Cache GRAVADO PIPPINUSDT 4H: 60 candles
2026-03-27 17:05:59 BRT [DEBUG  ]   GET https://api.bitget.com/api/v2/mix/market/candles?productType=USDT-FUTURES&symbol...
2026-03-27 17:05:59 BRT [DEBUG  ]       → HTTP 200 | 5.3KB | enc:gzip | 0.90s
2026-03-27 17:05:59 BRT [DEBUG  ]   ✅  Klines PUMPUSDT 1H: 60 candles | 03/27 17:00 → 03/25 06:00
2026-03-27 17:05:59 BRT [DEBUG  ]   💾  Cache GRAVADO PUMPUSDT 1H: 60 candles
2026-03-27 17:05:59 BRT [DEBUG  ]   GET https://api.bitget.com/api/v2/mix/market/candles?productType=USDT-FUTURES&symbol...
2026-03-27 17:05:59 BRT [DEBUG  ]       → HTTP 200 | 4.4KB | enc:gzip | 0.90s
2026-03-27 17:05:59 BRT [DEBUG  ]   ✅  Klines ASTERUSDT 15m: 60 candles | 03/27 17:00 → 03/27 02:15
2026-03-27 17:05:59 BRT [DEBUG  ]   GET https://api.bitget.com/api/v2/mix/market/candles?productType=USDT-FUTURES&symbol...
2026-03-27 17:05:59 BRT [DEBUG  ]       → HTTP 200 | 4.9KB | enc:gzip | 0.90s
2026-03-27 17:05:59 BRT [DEBUG  ]   ✅  Klines HBARUSDT 4H: 60 candles | 03/27 17:00 → 03/17 21:00
2026-03-27 17:05:59 BRT [DEBUG  ]   💾  Cache GRAVADO HBARUSDT 4H: 60 candles
2026-03-27 17:05:59 BRT [DEBUG  ]   GET https://api.bitget.com/api/v2/mix/market/candles?productType=USDT-FUTURES&symbol...
2026-03-27 17:05:59 BRT [DEBUG  ]       → HTTP 200 | 4.5KB | enc:gzip | 0.90s
2026-03-27 17:05:59 BRT [DEBUG  ]   ✅  Klines ASTERUSDT 1H: 60 candles | 03/27 17:00 → 03/25 06:00
2026-03-27 17:05:59 BRT [DEBUG  ]   💾  Cache GRAVADO ASTERUSDT 1H: 60 candles
2026-03-27 17:05:59 BRT [DEBUG  ]   GET https://api.bitget.com/api/v2/mix/market/candles?productType=USDT-FUTURES&symbol...
2026-03-27 17:05:59 BRT [DEBUG  ]       → HTTP 200 | 4.5KB | enc:gzip | 0.90s
2026-03-27 17:05:59 BRT [DEBUG  ]   ✅  Klines ICPUSDT 1H: 60 candles | 03/27 17:00 → 03/25 06:00
2026-03-27 17:05:59 BRT [DEBUG  ]   💾  Cache GRAVADO ICPUSDT 1H: 60 candles
2026-03-27 17:05:59 BRT [DEBUG  ]   GET https://api.bitget.com/api/v2/mix/market/candles?productType=USDT-FUTURES&symbol...
2026-03-27 17:05:59 BRT [DEBUG  ]       → HTTP 200 | 4.9KB | enc:gzip | 0.90s
2026-03-27 17:05:59 BRT [DEBUG  ]   ✅  Klines HBARUSDT 1H: 60 candles | 03/27 17:00 → 03/25 06:00
2026-03-27 17:05:59 BRT [DEBUG  ]   💾  Cache GRAVADO HBARUSDT 1H: 60 candles
2026-03-27 17:05:59 BRT [DEBUG  ]   GET https://api.bitget.com/api/v2/mix/market/candles?productType=USDT-FUTURES&symbol...
2026-03-27 17:05:59 BRT [DEBUG  ]       → HTTP 200 | 5.0KB | enc:gzip | 0.90s
2026-03-27 17:05:59 BRT [DEBUG  ]   ✅  Klines PIPPINUSDT 1H: 60 candles | 03/27 17:00 → 03/25 06:00
2026-03-27 17:05:59 BRT [DEBUG  ]   💾  Cache GRAVADO PIPPINUSDT 1H: 60 candles
2026-03-27 17:05:59 BRT [DEBUG  ]   GET https://api.bitget.com/api/v2/mix/market/candles?productType=USDT-FUTURES&symbol...
2026-03-27 17:05:59 BRT [DEBUG  ]       → HTTP 200 | 6.5KB | enc:gzip | 0.91s
2026-03-27 17:05:59 BRT [DEBUG  ]   ✅  Klines PEPEUSDT 15m: 60 candles | 03/27 17:00 → 03/27 02:15
2026-03-27 17:05:59 BRT [DEBUG  ]   GET https://api.bitget.com/api/v2/mix/market/candles?productType=USDT-FUTURES&symbol...
2026-03-27 17:05:59 BRT [DEBUG  ]       → HTTP 200 | 4.4KB | enc:gzip | 0.91s
2026-03-27 17:05:59 BRT [DEBUG  ]   ✅  Klines ATOMUSDT 15m: 60 candles | 03/27 17:00 → 03/27 02:15
2026-03-27 17:05:59 BRT [DEBUG  ]   GET https://api.bitget.com/api/v2/mix/market/candles?productType=USDT-FUTURES&symbol...
2026-03-27 17:05:59 BRT [DEBUG  ]       → HTTP 200 | 6.6KB | enc:gzip | 0.91s
2026-03-27 17:05:59 BRT [DEBUG  ]   ✅  Klines PEPEUSDT 4H: 60 candles | 03/27 17:00 → 03/17 21:00
2026-03-27 17:05:59 BRT [DEBUG  ]   💾  Cache GRAVADO PEPEUSDT 4H: 60 candles
2026-03-27 17:05:59 BRT [DEBUG  ]   GET https://api.bitget.com/api/v2/mix/market/candles?productType=USDT-FUTURES&symbol...
2026-03-27 17:05:59 BRT [DEBUG  ]       → HTTP 200 | 4.7KB | enc:gzip | 0.91s
2026-03-27 17:05:59 BRT [DEBUG  ]   ✅  Klines XRPUSDT 1H: 60 candles | 03/27 17:00 → 03/25 06:00
2026-03-27 17:05:59 BRT [DEBUG  ]   💾  Cache GRAVADO XRPUSDT 1H: 60 candles
2026-03-27 17:05:59 BRT [DEBUG  ]   GET https://api.bitget.com/api/v2/mix/market/candles?productType=USDT-FUTURES&symbol...
2026-03-27 17:05:59 BRT [DEBUG  ]       → HTTP 200 | 5.0KB | enc:gzip | 0.93s
2026-03-27 17:05:59 BRT [DEBUG  ]   ✅  Klines DOGEUSDT 1H: 60 candles | 03/27 17:00 → 03/25 06:00
2026-03-27 17:05:59 BRT [DEBUG  ]   💾  Cache GRAVADO DOGEUSDT 1H: 60 candles
2026-03-27 17:05:59 BRT [INFO   ]   ─ LONG ONDO: 15m=60 | 1H=60 | 4H=60
2026-03-27 17:05:59 BRT [INFO   ]   SCORE ONDO [LONG]: 8/25 | DQ=100% | klines: 15m=✅ 1H=✅ 4H=✅
2026-03-27 17:05:59 BRT [INFO   ]     Contexto 4H               +0/0 · STRONG_BUY (contexto, não pontuado)
2026-03-27 17:05:59 BRT [INFO   ]     P4 Liquidez 4H            +0/3 · Longe de zonas de liquidez 4H
2026-03-27 17:05:59 BRT [INFO   ]     P5 Figuras 4H             +1/2 █ Cunha Descendente (pullback)
2026-03-27 17:05:59 BRT [INFO   ]     P6 CHOCH/BOS 4H           +3/3 ███ CHOCH Bullish 4H (reversão confirmada)
2026-03-27 17:05:59 BRT [INFO   ]     P-1H Suporte 1H           +2/4 ██ Order Block 1H (0.2765-0.2770)
2026-03-27 17:05:59 BRT [INFO   ]     P1 Bollinger 15m          +0/3 · BB neutro (112%)
2026-03-27 17:05:59 BRT [INFO   ]     P2 Candles 15m            +0/4 · Nenhum
2026-03-27 17:05:59 BRT [INFO   ]     P3 Funding Rate           +0/2 · 0.0050% (neutro)
2026-03-27 17:05:59 BRT [INFO   ]     P7 Filtro Pump/Dump       +0/0 · OK (5.2%)
2026-03-27 17:05:59 BRT [INFO   ]     P8 Volume 15m             +1/2 █ Volume adequado (1.6x média)
2026-03-27 17:05:59 BRT [INFO   ]     P9 OI Crescente           +1/2 █ OI +7.5% vs média (7.8M) — fluxo moderado
2026-03-27 17:05:59 BRT [DEBUG  ]     TradeParams LONG: SL=1.47% | notional=$339 | alav_margem=9.7x → cap=2x → alav=2.0x | margem=$169.56 ⚠️MARGEM $170>35 | risco=$5.00 | ganho=$10.00
2026-03-27 17:05:59 BRT [INFO   ]   📈 LONG ONDO: score=8/25 | entry=0.2717 | SL=1.47% | alav=2.0x ✅
2026-03-27 17:05:59 BRT [INFO   ]   ─ SHORT SHIB: 15m=60 | 1H=60 | 4H=60
2026-03-27 17:05:59 BRT [DEBUG  ]     find_swing_points: fallback window=3 aplicado (window=5 insuficiente: 3H/5L → 3H/5L)
2026-03-27 17:05:59 BRT [DEBUG  ]     find_swing_points: fallback window=3 aplicado (window=5 insuficiente: 3H/5L → 3H/5L)
2026-03-27 17:05:59 BRT [DEBUG  ]     find_swing_points: fallback window=3 aplicado (window=5 insuficiente: 3H/5L → 3H/5L)
2026-03-27 17:05:59 BRT [DEBUG  ]     find_swing_points: fallback window=3 aplicado (window=5 insuficiente: 5H/6L → 5H/6L)
2026-03-27 17:05:59 BRT [INFO   ]   SCORE SHIB [SHORT]: 6/25 | DQ=100% | klines: 15m=✅ 1H=✅ 4H=✅
2026-03-27 17:05:59 BRT [INFO   ]     Contexto 4H               +0/0 · SELL (contexto SHORT, não pontuado)
2026-03-27 17:05:59 BRT [INFO   ]     P4 Liquidez 4H            +1/3 █ OB Bearish 4H (0.0000-0.0000)
2026-03-27 17:05:59 BRT [INFO   ]     P5 Figuras 4H             +0/2 · Sem figuras bearish claras no 4H
2026-03-27 17:05:59 BRT [INFO   ]     P6 CHOCH/BOS 4H           +0/3 · Sem estrutura bearish no 4H
2026-03-27 17:05:59 BRT [INFO   ]     P-1H Resistência 1H       +2/4 ██ Resistência 1H em 0.00000581 (0.48% acima)
2026-03-27 17:05:59 BRT [INFO   ]     P1 Bollinger 15m          +2/3 ██ BB superior (86%)
2026-03-27 17:05:59 BRT [INFO   ]     P2 Candles 15m            +0/4 · Nenhum
2026-03-27 17:05:59 BRT [INFO   ]     P3 Funding Rate           +1/2 █ 0.0017% (leve positivo)
2026-03-27 17:05:59 BRT [INFO   ]     P7 Filtro Pump/Dump       +0/0 · OK (-1.1%)
2026-03-27 17:05:59 BRT [INFO   ]     P8 Volume 15m             +0/2 · Volume fraco (0.5x < 1.2x)
2026-03-27 17:05:59 BRT [INFO   ]     P9 OI Crescente           +0/2 · OI estável (+2.6% vs média, 8.7M)
2026-03-27 17:05:59 BRT [DEBUG  ]     TradeParams SHORT: SL=0.57% | notional=$882 | alav_margem=25.2x → cap=2x → alav=2.0x | margem=$440.92 ⚠️MARGEM $441>35 | risco=$5.00 | ganho=$10.00
2026-03-27 17:05:59 BRT [INFO   ]   📉 SHORT SHIB: score=6/25 | entry=0.0000 | SL=0.57% | alav=2.0x ✅
2026-03-27 17:05:59 BRT [INFO   ]   ─ SHORT OP: 15m=60 | 1H=60 | 4H=60
2026-03-27 17:05:59 BRT [DEBUG  ]     find_swing_points: fallback window=3 aplicado (window=5 insuficiente: 8H/5L → 8H/5L)
2026-03-27 17:05:59 BRT [DEBUG  ]     find_swing_points: fallback window=3 aplicado (window=5 insuficiente: 8H/5L → 8H/5L)
2026-03-27 17:05:59 BRT [DEBUG  ]     find_swing_points: fallback window=3 aplicado (window=5 insuficiente: 8H/5L → 8H/5L)
2026-03-27 17:05:59 BRT [INFO   ]   SCORE OP [SHORT]: 7/25 | DQ=100% | klines: 15m=✅ 1H=✅ 4H=✅
2026-03-27 17:05:59 BRT [INFO   ]     Contexto 4H               +0/0 · SELL (contexto SHORT, não pontuado)
2026-03-27 17:05:59 BRT [INFO   ]     P4 Liquidez 4H            +0/3 · Longe de resistências 4H
2026-03-27 17:05:59 BRT [INFO   ]     P5 Figuras 4H             +0/2 · Sem figuras bearish claras no 4H
2026-03-27 17:05:59 BRT [INFO   ]     P6 CHOCH/BOS 4H           +3/3 ███ CHOCH Bearish 4H (reversão confirmada)
2026-03-27 17:05:59 BRT [INFO   ]     P-1H Resistência 1H       +0/4 · Preço longe de resistências no 1H
2026-03-27 17:05:59 BRT [INFO   ]     P1 Bollinger 15m          +2/3 ██ BB superior (91%)
2026-03-27 17:05:59 BRT [INFO   ]     P2 Candles 15m            +0/4 · Nenhum
2026-03-27 17:05:59 BRT [INFO   ]     P3 Funding Rate           +1/2 █ 0.0100% (leve positivo)
2026-03-27 17:05:59 BRT [INFO   ]     P7 Filtro Pump/Dump       +0/0 · OK (-1.5%)
2026-03-27 17:05:59 BRT [INFO   ]     P8 Volume 15m             +1/2 █ Volume adequado (1.2x média)
2026-03-27 17:05:59 BRT [INFO   ]     P9 OI Crescente           +0/2 · OI estável (-2.3% vs média, 5.2M)
2026-03-27 17:05:59 BRT [DEBUG  ]     TradeParams SHORT: SL=0.96% | notional=$523 | alav_margem=14.9x → cap=2x → alav=2.0x | margem=$261.30 ⚠️MARGEM $261>35 | risco=$5.00 | ganho=$10.00
2026-03-27 17:05:59 BRT [INFO   ]   📉 SHORT OP: score=7/25 | entry=0.1045 | SL=0.96% | alav=2.0x ✅
2026-03-27 17:05:59 BRT [INFO   ]   ─ SHORT POL: 15m=60 | 1H=60 | 4H=60
2026-03-27 17:05:59 BRT [DEBUG  ]     find_swing_points: fallback window=3 aplicado (window=5 insuficiente: 4H/4L → 4H/4L)
2026-03-27 17:05:59 BRT [INFO   ]   SCORE POL [SHORT]: 5/25 | DQ=100% | klines: 15m=✅ 1H=✅ 4H=✅
2026-03-27 17:05:59 BRT [INFO   ]     Contexto 4H               +0/0 · SELL (contexto SHORT, não pontuado)
2026-03-27 17:05:59 BRT [INFO   ]     P4 Liquidez 4H            +1/3 █ OB Bearish 4H (0.0916-0.0941)
2026-03-27 17:05:59 BRT [INFO   ]     P5 Figuras 4H             +0/2 · Sem figuras bearish claras no 4H
2026-03-27 17:05:59 BRT [INFO   ]     P6 CHOCH/BOS 4H           +0/3 · Sem estrutura bearish no 4H
2026-03-27 17:05:59 BRT [INFO   ]     P-1H Resistência 1H       +0/4 · Preço longe de resistências no 1H
2026-03-27 17:05:59 BRT [INFO   ]     P1 Bollinger 15m          +3/3 ███ BB extremo superior (99%)
2026-03-27 17:05:59 BRT [INFO   ]     P2 Candles 15m            +0/4 · Nenhum
2026-03-27 17:05:59 BRT [INFO   ]     P3 Funding Rate           +0/2 · -0.0308% (neutro)
2026-03-27 17:05:59 BRT [INFO   ]     P7 Filtro Pump/Dump       +0/0 · OK (-2.7%)
2026-03-27 17:05:59 BRT [INFO   ]     P8 Volume 15m             +1/2 █ Volume adequado (1.8x média)
2026-03-27 17:05:59 BRT [INFO   ]     P9 OI Crescente           +0/2 · OI estável (-10.0% vs média, 5.0M)
2026-03-27 17:05:59 BRT [DEBUG  ]     TradeParams SHORT: SL=0.70% | notional=$713 | alav_margem=20.4x → cap=2x → alav=2.0x | margem=$356.40 ⚠️MARGEM $356>35 | risco=$5.00 | ganho=$10.00
2026-03-27 17:05:59 BRT [INFO   ]   📉 SHORT POL: score=5/25 | entry=0.0906 | SL=0.70% | alav=2.0x ✅
2026-03-27 17:05:59 BRT [INFO   ]   ─ SHORT ICP: 15m=60 | 1H=60 | 4H=60
2026-03-27 17:05:59 BRT [DEBUG  ]     find_swing_points: fallback window=3 aplicado (window=5 insuficiente: 6H/5L → 6H/5L)
2026-03-27 17:05:59 BRT [INFO   ]   SCORE ICP [SHORT]: 6/25 | DQ=100% | klines: 15m=✅ 1H=✅ 4H=✅
2026-03-27 17:05:59 BRT [INFO   ]     Contexto 4H               +0/0 · SELL (contexto SHORT, não pontuado)
2026-03-27 17:05:59 BRT [INFO   ]     P4 Liquidez 4H            +0/3 · Longe de resistências 4H
2026-03-27 17:05:59 BRT [INFO   ]     P5 Figuras 4H             +1/2 █ Cunha Ascendente (pullback bearish)
2026-03-27 17:05:59 BRT [INFO   ]     P6 CHOCH/BOS 4H           +3/3 ███ CHOCH Bearish 4H (reversão confirmada)
2026-03-27 17:05:59 BRT [INFO   ]     P-1H Resistência 1H       +0/4 · Preço longe de resistências no 1H
2026-03-27 17:05:59 BRT [INFO   ]     P1 Bollinger 15m          +2/3 ██ BB superior (89%)
2026-03-27 17:05:59 BRT [INFO   ]     P2 Candles 15m            +0/4 · Nenhum
2026-03-27 17:05:59 BRT [INFO   ]     P3 Funding Rate           +0/2 · -0.0105% (neutro)
2026-03-27 17:05:59 BRT [INFO   ]     P7 Filtro Pump/Dump       +0/0 · OK (-1.9%)
2026-03-27 17:05:59 BRT [INFO   ]     P8 Volume 15m             +0/2 · Volume fraco (0.8x < 1.2x)
2026-03-27 17:05:59 BRT [INFO   ]     P9 OI Crescente           +0/2 · OI estável (-11.0% vs média, 6.2M)
2026-03-27 17:05:59 BRT [DEBUG  ]     TradeParams SHORT: SL=0.69% | notional=$728 | alav_margem=20.8x → cap=2x → alav=2.0x | margem=$363.79 ⚠️MARGEM $364>35 | risco=$5.00 | ganho=$10.00
2026-03-27 17:05:59 BRT [INFO   ]   📉 SHORT ICP: score=6/25 | entry=2.2280 | SL=0.69% | alav=2.0x ✅
2026-03-27 17:05:59 BRT [INFO   ]   ─ SHORT PUMP: 15m=60 | 1H=60 | 4H=60
2026-03-27 17:05:59 BRT [DEBUG  ]     find_swing_points: fallback window=3 aplicado (window=5 insuficiente: 6H/4L → 6H/4L)
2026-03-27 17:05:59 BRT [DEBUG  ]   SCORE PUMP [SHORT]: 3/25 | DQ=100% (abaixo do radar)
2026-03-27 17:05:59 BRT [DEBUG  ]     TradeParams SHORT: SL=0.92% | notional=$541 | alav_margem=15.5x → cap=2x → alav=2.0x | margem=$270.52 ⚠️MARGEM $271>35 | risco=$5.00 | ganho=$10.00
2026-03-27 17:05:59 BRT [INFO   ]   📉 SHORT PUMP: score=3/25 | entry=0.0017 | SL=0.92% | alav=2.0x ✅
2026-03-27 17:05:59 BRT [INFO   ]   ─ SHORT DOGE: 15m=60 | 1H=60 | 4H=60
2026-03-27 17:05:59 BRT [INFO   ]   SCORE DOGE [SHORT]: 5/25 | DQ=100% | klines: 15m=✅ 1H=✅ 4H=✅
2026-03-27 17:05:59 BRT [INFO   ]     Contexto 4H               +0/0 · SELL (contexto SHORT, não pontuado)
2026-03-27 17:05:59 BRT [INFO   ]     P4 Liquidez 4H            +1/3 █ OB Bearish 4H (0.0904-0.0925)
2026-03-27 17:05:59 BRT [INFO   ]     P5 Figuras 4H             +0/2 · Sem figuras bearish claras no 4H
2026-03-27 17:05:59 BRT [INFO   ]     P6 CHOCH/BOS 4H           +3/3 ███ CHOCH Bearish 4H (reversão confirmada)
2026-03-27 17:05:59 BRT [INFO   ]     P-1H Resistência 1H       +0/4 · Preço longe de resistências no 1H
2026-03-27 17:05:59 BRT [INFO   ]     P1 Bollinger 15m          +0/3 · BB neutro (58%)
2026-03-27 17:05:59 BRT [INFO   ]     P2 Candles 15m            +0/4 · Nenhum
2026-03-27 17:05:59 BRT [INFO   ]     P3 Funding Rate           +1/2 █ 0.0032% (leve positivo)
2026-03-27 17:05:59 BRT [INFO   ]     P7 Filtro Pump/Dump       +0/0 · OK (-0.9%)
2026-03-27 17:05:59 BRT [INFO   ]     P8 Volume 15m             +0/2 · Volume fraco (1.0x < 1.2x)
2026-03-27 17:05:59 BRT [INFO   ]     P9 OI Crescente           +0/2 · OI estável (+1.7% vs média, 95.0M)
2026-03-27 17:05:59 BRT [DEBUG  ]     TradeParams SHORT: SL=0.60% | notional=$828 | alav_margem=23.7x → cap=2x → alav=2.0x | margem=$414.25 ⚠️MARGEM $414>35 | risco=$5.00 | ganho=$10.00
2026-03-27 17:05:59 BRT [INFO   ]   📉 SHORT DOGE: score=5/25 | entry=0.0901 | SL=0.60% | alav=2.0x ✅
2026-03-27 17:05:59 BRT [INFO   ]   ─ SHORT PIPPIN: 15m=60 | 1H=60 | 4H=60
2026-03-27 17:05:59 BRT [DEBUG  ]     find_swing_points: fallback window=3 aplicado (window=5 insuficiente: 6H/5L → 6H/5L)
2026-03-27 17:05:59 BRT [DEBUG  ]     find_swing_points: fallback window=3 aplicado (window=5 insuficiente: 6H/5L → 6H/5L)
2026-03-27 17:05:59 BRT [DEBUG  ]     find_swing_points: fallback window=3 aplicado (window=5 insuficiente: 6H/5L → 6H/5L)
2026-03-27 17:05:59 BRT [DEBUG  ]   SCORE PIPPIN [SHORT]: 4/25 | DQ=100% (abaixo do radar)
2026-03-27 17:05:59 BRT [DEBUG  ]     TradeParams SHORT: SL=6.99% | notional=$71 | alav_margem=2.0x → cap=2x → alav=2.0x | margem=$35.75 ⚠️MARGEM $36>35 | risco=$5.00 | ganho=$10.00
2026-03-27 17:05:59 BRT [INFO   ]   📉 SHORT PIPPIN: score=4/25 | entry=0.0520 | SL=6.99% | alav=2.0x ✅
2026-03-27 17:05:59 BRT [INFO   ]   ─ SHORT ADA: 15m=60 | 1H=60 | 4H=60
2026-03-27 17:05:59 BRT [DEBUG  ]     find_swing_points: fallback window=3 aplicado (window=5 insuficiente: 5H/7L → 5H/7L)
2026-03-27 17:05:59 BRT [DEBUG  ]     find_swing_points: fallback window=3 aplicado (window=5 insuficiente: 5H/7L → 5H/7L)
2026-03-27 17:05:59 BRT [DEBUG  ]     find_swing_points: fallback window=3 aplicado (window=5 insuficiente: 5H/7L → 5H/7L)
2026-03-27 17:05:59 BRT [DEBUG  ]     find_swing_points: fallback window=3 aplicado (window=5 insuficiente: 6H/7L → 6H/7L)
2026-03-27 17:05:59 BRT [INFO   ]   SCORE ADA [SHORT]: 6/25 | DQ=100% | klines: 15m=✅ 1H=✅ 4H=✅
2026-03-27 17:05:59 BRT [INFO   ]     Contexto 4H               +0/0 · SELL (contexto SHORT, não pontuado)
2026-03-27 17:05:59 BRT [INFO   ]     P4 Liquidez 4H            +0/3 · Longe de resistências 4H
2026-03-27 17:05:59 BRT [INFO   ]     P5 Figuras 4H             +0/2 · Sem figuras bearish claras no 4H
2026-03-27 17:05:59 BRT [INFO   ]     P6 CHOCH/BOS 4H           +3/3 ███ CHOCH Bearish 4H (reversão confirmada)
2026-03-27 17:05:59 BRT [INFO   ]     P-1H Resistência 1H       +2/4 ██ Resistência 1H em 0.2497 (1.30% acima)
2026-03-27 17:05:59 BRT [INFO   ]     P1 Bollinger 15m          +0/3 · BB neutro (42%)
2026-03-27 17:05:59 BRT [INFO   ]     P2 Candles 15m            +0/4 · Nenhum
2026-03-27 17:05:59 BRT [INFO   ]     P3 Funding Rate           +0/2 · -0.0307% (neutro)
2026-03-27 17:05:59 BRT [INFO   ]     P7 Filtro Pump/Dump       +0/0 · OK (-2.5%)
2026-03-27 17:05:59 BRT [INFO   ]     P8 Volume 15m             +0/2 · Volume fraco (0.8x < 1.2x)
2026-03-27 17:05:59 BRT [INFO   ]     P9 OI Crescente           +1/2 █ OI +12.0% vs média (33.3M) — fluxo moderado
2026-03-27 17:05:59 BRT [DEBUG  ]     TradeParams SHORT: SL=0.71% | notional=$708 | alav_margem=20.2x → cap=2x → alav=2.0x | margem=$354.18 ⚠️MARGEM $354>35 | risco=$5.00 | ganho=$10.00
2026-03-27 17:05:59 BRT [INFO   ]   📉 SHORT ADA: score=6/25 | entry=0.2465 | SL=0.71% | alav=2.0x ✅
2026-03-27 17:05:59 BRT [INFO   ]   ─ SHORT WLFI: 15m=60 | 1H=60 | 4H=60
2026-03-27 17:05:59 BRT [DEBUG  ]     find_swing_points: fallback window=3 aplicado (window=5 insuficiente: 4H/7L → 4H/7L)
2026-03-27 17:05:59 BRT [DEBUG  ]     find_swing_points: fallback window=3 aplicado (window=5 insuficiente: 4H/7L → 4H/7L)
2026-03-27 17:05:59 BRT [DEBUG  ]     find_swing_points: fallback window=3 aplicado (window=5 insuficiente: 4H/7L → 4H/7L)
2026-03-27 17:05:59 BRT [INFO   ]   SCORE WLFI [SHORT]: 9/25 | DQ=100% | klines: 15m=✅ 1H=✅ 4H=✅
2026-03-27 17:05:59 BRT [INFO   ]     Contexto 4H               +0/0 · STRONG_SELL (contexto SHORT, não pontuado)
2026-03-27 17:05:59 BRT [INFO   ]     P4 Liquidez 4H            +3/3 ███ Resistência 4H 0.0990 (1.96% acima) | OB Bearish 4H (0.0947-0.0950) | Confluência Res+OB Bearish
2026-03-27 17:05:59 BRT [INFO   ]     P5 Figuras 4H             +0/2 · Sem figuras bearish claras no 4H
2026-03-27 17:05:59 BRT [INFO   ]     P6 CHOCH/BOS 4H           +1/3 █ Estrutura 4H bearish (Lower Highs)
2026-03-27 17:05:59 BRT [INFO   ]     P-1H Resistência 1H       +4/4 ████ Resistência 1H em 0.0994 (2.37% acima) | OB Bearish 1H (0.0979-0.0984)
2026-03-27 17:05:59 BRT [INFO   ]     P1 Bollinger 15m          +0/3 · BB neutro (36%)
2026-03-27 17:05:59 BRT [INFO   ]     P2 Candles 15m            +0/4 · Nenhum
2026-03-27 17:05:59 BRT [INFO   ]     P3 Funding Rate           +1/2 █ 0.0050% (leve positivo)
2026-03-27 17:05:59 BRT [INFO   ]     P7 Filtro Pump/Dump       +0/0 · OK (0.6%)
2026-03-27 17:05:59 BRT [INFO   ]     P8 Volume 15m             +0/2 · Volume fraco (0.1x < 1.2x)
2026-03-27 17:05:59 BRT [INFO   ]     P9 OI Crescente           +0/2 · OI estável (-2.2% vs média, 12.4M)
2026-03-27 17:05:59 BRT [DEBUG  ]     TradeParams SHORT: SL=0.82% | notional=$612 | alav_margem=17.5x → cap=2x → alav=2.0x | margem=$306.00 ⚠️MARGEM $306>35 | risco=$5.00 | ganho=$10.00
2026-03-27 17:05:59 BRT [INFO   ]   📉 SHORT WLFI: score=9/25 | entry=0.0971 | SL=0.82% | alav=2.0x ✅
2026-03-27 17:05:59 BRT [INFO   ]   ─ SHORT BEAT: 15m=60 | 1H=60 | 4H=60
2026-03-27 17:05:59 BRT [DEBUG  ]     find_swing_points: fallback window=3 aplicado (window=5 insuficiente: 6H/4L → 6H/4L)
2026-03-27 17:05:59 BRT [DEBUG  ]     find_swing_points: fallback window=3 aplicado (window=5 insuficiente: 6H/4L → 6H/4L)
2026-03-27 17:05:59 BRT [DEBUG  ]     find_swing_points: fallback window=3 aplicado (window=5 insuficiente: 6H/4L → 6H/4L)
2026-03-27 17:05:59 BRT [INFO   ]   SCORE BEAT [SHORT]: 6/25 | DQ=100% | klines: 15m=✅ 1H=✅ 4H=✅
2026-03-27 17:05:59 BRT [INFO   ]     Contexto 4H               +0/0 · SELL (contexto SHORT, não pontuado)
2026-03-27 17:05:59 BRT [INFO   ]     P4 Liquidez 4H            +0/3 · Longe de resistências 4H
2026-03-27 17:05:59 BRT [INFO   ]     P5 Figuras 4H             +0/2 · Sem figuras bearish claras no 4H
2026-03-27 17:05:59 BRT [INFO   ]     P6 CHOCH/BOS 4H           +3/3 ███ CHOCH Bearish 4H (reversão confirmada)
2026-03-27 17:05:59 BRT [INFO   ]     P-1H Resistência 1H       +2/4 ██ OB Bearish 1H (0.5094-0.5331)
2026-03-27 17:05:59 BRT [INFO   ]     P1 Bollinger 15m          +0/3 · BB neutro (24%)
2026-03-27 17:05:59 BRT [INFO   ]     P2 Candles 15m            +0/4 · Nenhum
2026-03-27 17:05:59 BRT [INFO   ]     P3 Funding Rate           +1/2 █ 0.0054% (leve positivo)
2026-03-27 17:05:59 BRT [INFO   ]     P7 Filtro Pump/Dump       +0/0 · OK (-10.4%)
2026-03-27 17:05:59 BRT [INFO   ]     P8 Volume 15m             +0/2 · Volume fraco (1.2x < 1.2x)
2026-03-27 17:05:59 BRT [INFO   ]     P9 OI Crescente           +0/2 · OI estável (-2.9% vs média, 9.5M)
2026-03-27 17:05:59 BRT [DEBUG  ]     TradeParams SHORT: SL=3.01% | notional=$166 | alav_margem=4.7x → cap=2x → alav=2.0x | margem=$83.10 ⚠️MARGEM $83>35 | risco=$5.00 | ganho=$10.00
2026-03-27 17:05:59 BRT [INFO   ]   📉 SHORT BEAT: score=6/25 | entry=0.5248 | SL=3.01% | alav=2.0x ✅
2026-03-27 17:05:59 BRT [INFO   ]   ─ SHORT XPL: 15m=60 | 1H=60 | 4H=60
2026-03-27 17:05:59 BRT [DEBUG  ]     find_swing_points: fallback window=3 aplicado (window=5 insuficiente: 5H/6L → 5H/6L)
2026-03-27 17:05:59 BRT [DEBUG  ]   SCORE XPL [SHORT]: 4/25 | DQ=100% (abaixo do radar)
2026-03-27 17:05:59 BRT [DEBUG  ]     TradeParams SHORT: SL=1.12% | notional=$447 | alav_margem=12.8x → cap=2x → alav=2.0x | margem=$223.43 ⚠️MARGEM $223>35 | risco=$5.00 | ganho=$10.00
2026-03-27 17:05:59 BRT [INFO   ]   📉 SHORT XPL: score=4/25 | entry=0.0887 | SL=1.12% | alav=2.0x ✅
2026-03-27 17:05:59 BRT [INFO   ]   ─ SHORT FIL: 15m=60 | 1H=60 | 4H=60
2026-03-27 17:05:59 BRT [DEBUG  ]     find_swing_points: fallback window=3 aplicado (window=5 insuficiente: 7H/6L → 7H/6L)
2026-03-27 17:05:59 BRT [DEBUG  ]   SCORE FIL [SHORT]: 4/25 | DQ=100% (abaixo do radar)
2026-03-27 17:05:59 BRT [DEBUG  ]     TradeParams SHORT: SL=0.76% | notional=$662 | alav_margem=18.9x → cap=2x → alav=2.0x | margem=$330.95 ⚠️MARGEM $331>35 | risco=$5.00 | ganho=$10.00
2026-03-27 17:05:59 BRT [INFO   ]   📉 SHORT FIL: score=4/25 | entry=0.8384 | SL=0.76% | alav=2.0x ✅
2026-03-27 17:05:59 BRT [INFO   ]   ─ SHORT ASTER: 15m=60 | 1H=60 | 4H=60
2026-03-27 17:05:59 BRT [INFO   ]   SCORE ASTER [SHORT]: 10/25 | DQ=100% | klines: 15m=✅ 1H=✅ 4H=✅
2026-03-27 17:05:59 BRT [INFO   ]     Contexto 4H               +0/0 · SELL (contexto SHORT, não pontuado)
2026-03-27 17:05:59 BRT [INFO   ]     P4 Liquidez 4H            +3/3 ███ Resistência 4H 0.6749 (2.32% acima) | OB Bearish 4H (0.6571-0.6682) | Confluência Res+OB Bearish
2026-03-27 17:05:59 BRT [INFO   ]     P5 Figuras 4H             +1/2 █ Cunha Ascendente (pullback bearish)
2026-03-27 17:05:59 BRT [INFO   ]     P6 CHOCH/BOS 4H           +3/3 ███ CHOCH Bearish 4H (reversão confirmada)
2026-03-27 17:05:59 BRT [INFO   ]     P-1H Resistência 1H       +2/4 ██ Resistência 1H em 0.6665 (1.05% acima)
2026-03-27 17:05:59 BRT [INFO   ]     P1 Bollinger 15m          +0/3 · BB neutro (22%)
2026-03-27 17:05:59 BRT [INFO   ]     P2 Candles 15m            +0/4 · Nenhum
2026-03-27 17:05:59 BRT [INFO   ]     P3 Funding Rate           +1/2 █ 0.0026% (leve positivo)
2026-03-27 17:05:59 BRT [INFO   ]     P7 Filtro Pump/Dump       +0/0 · OK (-0.0%)
2026-03-27 17:05:59 BRT [INFO   ]     P8 Volume 15m             +0/2 · Volume fraco (0.5x < 1.2x)
2026-03-27 17:05:59 BRT [INFO   ]     P9 OI Crescente           +0/2 · OI estável (-0.7% vs média, 7.7M)
2026-03-27 17:05:59 BRT [DEBUG  ]     TradeParams SHORT: SL=0.47% | notional=$1067 | alav_margem=30.5x → cap=2x → alav=2.0x | margem=$533.71 ⚠️MARGEM $534>35 | risco=$5.00 | ganho=$10.00
2026-03-27 17:05:59 BRT [INFO   ]   📉 SHORT ASTER: score=10/25 | entry=0.6596 | SL=0.47% | alav=2.0x ✅
2026-03-27 17:05:59 BRT [INFO   ]   ─ SHORT PEPE: 15m=60 | 1H=60 | 4H=60
2026-03-27 17:05:59 BRT [DEBUG  ]     find_swing_points: fallback window=3 aplicado (window=5 insuficiente: 4H/7L → 4H/7L)
2026-03-27 17:05:59 BRT [DEBUG  ]     find_swing_points: fallback window=3 aplicado (window=5 insuficiente: 4H/7L → 4H/7L)
2026-03-27 17:05:59 BRT [DEBUG  ]     find_swing_points: fallback window=3 aplicado (window=5 insuficiente: 4H/7L → 4H/7L)
2026-03-27 17:05:59 BRT [DEBUG  ]     find_swing_points: fallback window=3 aplicado (window=5 insuficiente: 7H/5L → 7H/5L)
2026-03-27 17:05:59 BRT [INFO   ]   SCORE PEPE [SHORT]: 7/25 | DQ=100% | klines: 15m=✅ 1H=✅ 4H=✅
2026-03-27 17:05:59 BRT [INFO   ]     Contexto 4H               +0/0 · SELL (contexto SHORT, não pontuado)
2026-03-27 17:05:59 BRT [INFO   ]     P4 Liquidez 4H            +1/3 █ OB Bearish 4H (0.0000-0.0000)
2026-03-27 17:05:59 BRT [INFO   ]     P5 Figuras 4H             +0/2 · Sem figuras bearish claras no 4H
2026-03-27 17:05:59 BRT [INFO   ]     P6 CHOCH/BOS 4H           +3/3 ███ CHOCH Bearish 4H (reversão confirmada)
2026-03-27 17:05:59 BRT [INFO   ]     P-1H Resistência 1H       +2/4 ██ Resistência 1H em 0.00000332 (1.09% acima)
2026-03-27 17:05:59 BRT [INFO   ]     P1 Bollinger 15m          +0/3 · BB neutro (44%)
2026-03-27 17:05:59 BRT [INFO   ]     P2 Candles 15m            +0/4 · Nenhum
2026-03-27 17:05:59 BRT [INFO   ]     P3 Funding Rate           +0/2 · -0.0332% (neutro)
2026-03-27 17:05:59 BRT [INFO   ]     P7 Filtro Pump/Dump       +0/0 · OK (-2.4%)
2026-03-27 17:05:59 BRT [INFO   ]     P8 Volume 15m             +1/2 █ Volume adequado (1.5x média)
2026-03-27 17:05:59 BRT [INFO   ]     P9 OI Crescente           +0/2 · OI estável (-3.0% vs média, 28.9M)
2026-03-27 17:05:59 BRT [DEBUG  ]     TradeParams SHORT: SL=0.73% | notional=$682 | alav_margem=19.5x → cap=2x → alav=2.0x | margem=$340.98 ⚠️MARGEM $341>35 | risco=$5.00 | ganho=$10.00
2026-03-27 17:05:59 BRT [INFO   ]   📉 SHORT PEPE: score=7/25 | entry=0.0000 | SL=0.73% | alav=2.0x ✅
2026-03-27 17:05:59 BRT [INFO   ]   ─ SHORT XRP: 15m=60 | 1H=60 | 4H=60
2026-03-27 17:05:59 BRT [DEBUG  ]     find_swing_points: fallback window=3 aplicado (window=5 insuficiente: 5H/5L → 5H/5L)
2026-03-27 17:05:59 BRT [INFO   ]   SCORE XRP [SHORT]: 5/25 | DQ=100% | klines: 15m=✅ 1H=✅ 4H=✅
2026-03-27 17:05:59 BRT [INFO   ]     Contexto 4H               +0/0 · SELL (contexto SHORT, não pontuado)
2026-03-27 17:05:59 BRT [INFO   ]     P4 Liquidez 4H            +0/3 · Longe de resistências 4H
2026-03-27 17:05:59 BRT [INFO   ]     P5 Figuras 4H             +0/2 · Sem figuras bearish claras no 4H
2026-03-27 17:05:59 BRT [INFO   ]     P6 CHOCH/BOS 4H           +3/3 ███ CHOCH Bearish 4H (reversão confirmada)
2026-03-27 17:05:59 BRT [INFO   ]     P-1H Resistência 1H       +2/4 ██ Resistência 1H em 1.3450 (1.45% acima)
2026-03-27 17:05:59 BRT [INFO   ]     P1 Bollinger 15m          +0/3 · BB neutro (42%)
2026-03-27 17:05:59 BRT [INFO   ]     P2 Candles 15m            +0/4 · Nenhum
2026-03-27 17:05:59 BRT [INFO   ]     P3 Funding Rate           +0/2 · -0.0170% (neutro)
2026-03-27 17:05:59 BRT [INFO   ]     P7 Filtro Pump/Dump       +0/0 · OK (-1.4%)
2026-03-27 17:05:59 BRT [INFO   ]     P8 Volume 15m             +0/2 · Volume fraco (0.7x < 1.2x)
2026-03-27 17:05:59 BRT [INFO   ]     P9 OI Crescente           +0/2 · OI estável (-2.6% vs média, 81.1M)
2026-03-27 17:05:59 BRT [DEBUG  ]     TradeParams SHORT: SL=0.63% | notional=$800 | alav_margem=22.9x → cap=2x → alav=2.0x | margem=$399.99 ⚠️MARGEM $400>35 | risco=$5.00 | ganho=$10.00
2026-03-27 17:05:59 BRT [INFO   ]   📉 SHORT XRP: score=5/25 | entry=1.3258 | SL=0.63% | alav=2.0x ✅
2026-03-27 17:05:59 BRT [INFO   ]   ─ SHORT CRV: 15m=60 | 1H=60 | 4H=60
2026-03-27 17:05:59 BRT [DEBUG  ]     find_swing_points: fallback window=3 aplicado (window=5 insuficiente: 5H/5L → 5H/5L)
2026-03-27 17:05:59 BRT [INFO   ]   SCORE CRV [SHORT]: 6/25 | DQ=100% | klines: 15m=✅ 1H=✅ 4H=✅
2026-03-27 17:05:59 BRT [INFO   ]     Contexto 4H               +0/0 · SELL (contexto SHORT, não pontuado)
2026-03-27 17:05:59 BRT [INFO   ]     P4 Liquidez 4H            +1/3 █ OB Bearish 4H (0.2150-0.2212)
2026-03-27 17:05:59 BRT [INFO   ]     P5 Figuras 4H             +0/2 · Sem figuras bearish claras no 4H
2026-03-27 17:05:59 BRT [INFO   ]     P6 CHOCH/BOS 4H           +3/3 ███ CHOCH Bearish 4H (reversão confirmada)
2026-03-27 17:05:59 BRT [INFO   ]     P-1H Resistência 1H       +2/4 ██ Resistência 1H em 0.2171 (1.83% acima)
2026-03-27 17:05:59 BRT [INFO   ]     P1 Bollinger 15m          +0/3 · BB neutro (54%)
2026-03-27 17:05:59 BRT [INFO   ]     P2 Candles 15m            +0/4 · Nenhum
2026-03-27 17:05:59 BRT [INFO   ]     P3 Funding Rate           +0/2 · -0.0049% (neutro)
2026-03-27 17:05:59 BRT [INFO   ]     P7 Filtro Pump/Dump       +0/0 · OK (-1.4%)
2026-03-27 17:05:59 BRT [INFO   ]     P8 Volume 15m             +0/2 · Volume fraco (0.4x < 1.2x)
2026-03-27 17:05:59 BRT [INFO   ]     P9 OI Crescente           +0/2 · OI estável (-0.1% vs média, 5.5M)
2026-03-27 17:05:59 BRT [DEBUG  ]     TradeParams SHORT: SL=0.91% | notional=$549 | alav_margem=15.7x → cap=2x → alav=2.0x | margem=$274.49 ⚠️MARGEM $274>35 | risco=$5.00 | ganho=$10.00
2026-03-27 17:05:59 BRT [INFO   ]   📉 SHORT CRV: score=6/25 | entry=0.2132 | SL=0.91% | alav=2.0x ✅
2026-03-27 17:05:59 BRT [INFO   ]   ─ SHORT HBAR: 15m=60 | 1H=60 | 4H=60
2026-03-27 17:05:59 BRT [DEBUG  ]     find_swing_points: fallback window=3 aplicado (window=5 insuficiente: 5H/6L → 5H/6L)
2026-03-27 17:05:59 BRT [INFO   ]   SCORE HBAR [SHORT]: 8/25 | DQ=100% | klines: 15m=✅ 1H=✅ 4H=✅
2026-03-27 17:05:59 BRT [INFO   ]     Contexto 4H               +0/0 · SELL (contexto SHORT, não pontuado)
2026-03-27 17:05:59 BRT [INFO   ]     P4 Liquidez 4H            +1/3 █ OB Bearish 4H (0.0892-0.0921)
2026-03-27 17:05:59 BRT [INFO   ]     P5 Figuras 4H             +0/2 · Sem figuras bearish claras no 4H
2026-03-27 17:05:59 BRT [INFO   ]     P6 CHOCH/BOS 4H           +3/3 ███ CHOCH Bearish 4H (reversão confirmada)
2026-03-27 17:05:59 BRT [INFO   ]     P-1H Resistência 1H       +2/4 ██ Resistência 1H em 0.0899 (1.00% acima)
2026-03-27 17:05:59 BRT [INFO   ]     P1 Bollinger 15m          +0/3 · BB neutro (53%)
2026-03-27 17:05:59 BRT [INFO   ]     P2 Candles 15m            +0/4 · Nenhum
2026-03-27 17:05:59 BRT [INFO   ]     P3 Funding Rate           +0/2 · -0.0020% (neutro)
2026-03-27 17:05:59 BRT [INFO   ]     P7 Filtro Pump/Dump       +0/0 · OK (-1.5%)
2026-03-27 17:05:59 BRT [INFO   ]     P8 Volume 15m             +2/2 ██ Volume forte (3.0x média)
2026-03-27 17:05:59 BRT [INFO   ]     P9 OI Crescente           +0/2 · OI estável (-3.3% vs média, 6.4M)
2026-03-27 17:05:59 BRT [DEBUG  ]     TradeParams SHORT: SL=0.57% | notional=$881 | alav_margem=25.2x → cap=2x → alav=2.0x | margem=$440.27 ⚠️MARGEM $440>35 | risco=$5.00 | ganho=$10.00
2026-03-27 17:05:59 BRT [INFO   ]   📉 SHORT HBAR: score=8/25 | entry=0.0891 | SL=0.57% | alav=2.0x ✅
2026-03-27 17:05:59 BRT [INFO   ]   ─ SHORT APT: 15m=60 | 1H=60 | 4H=60
2026-03-27 17:05:59 BRT [DEBUG  ]     find_swing_points: fallback window=3 aplicado (window=5 insuficiente: 6H/5L → 6H/5L)
2026-03-27 17:05:59 BRT [DEBUG  ]     find_swing_points: fallback window=3 aplicado (window=5 insuficiente: 6H/5L → 6H/5L)
2026-03-27 17:05:59 BRT [DEBUG  ]     find_swing_points: fallback window=3 aplicado (window=5 insuficiente: 6H/5L → 6H/5L)
2026-03-27 17:05:59 BRT [DEBUG  ]   SCORE APT [SHORT]: 4/25 | DQ=100% (abaixo do radar)
2026-03-27 17:05:59 BRT [DEBUG  ]     TradeParams SHORT: SL=0.80% | notional=$621 | alav_margem=17.8x → cap=2x → alav=2.0x | margem=$310.70 ⚠️MARGEM $311>35 | risco=$5.00 | ganho=$10.00
2026-03-27 17:05:59 BRT [INFO   ]   📉 SHORT APT: score=4/25 | entry=0.9769 | SL=0.80% | alav=2.0x ✅
2026-03-27 17:05:59 BRT [INFO   ]   ─ SHORT UNI: 15m=60 | 1H=60 | 4H=60
2026-03-27 17:05:59 BRT [DEBUG  ]     find_swing_points: fallback window=3 aplicado (window=5 insuficiente: 5H/4L → 5H/4L)
2026-03-27 17:05:59 BRT [INFO   ]   SCORE UNI [SHORT]: 5/25 | DQ=100% | klines: 15m=✅ 1H=✅ 4H=✅
2026-03-27 17:05:59 BRT [INFO   ]     Contexto 4H               +0/0 · SELL (contexto SHORT, não pontuado)
2026-03-27 17:05:59 BRT [INFO   ]     P4 Liquidez 4H            +0/3 · Longe de resistências 4H
2026-03-27 17:05:59 BRT [INFO   ]     P5 Figuras 4H             +0/2 · Sem figuras bearish claras no 4H
2026-03-27 17:05:59 BRT [INFO   ]     P6 CHOCH/BOS 4H           +3/3 ███ CHOCH Bearish 4H (reversão confirmada)
2026-03-27 17:05:59 BRT [INFO   ]     P-1H Resistência 1H       +2/4 ██ Resistência 1H em 3.4470 (1.59% acima)
2026-03-27 17:05:59 BRT [INFO   ]     P1 Bollinger 15m          +0/3 · BB neutro (41%)
2026-03-27 17:05:59 BRT [INFO   ]     P2 Candles 15m            +0/4 · Nenhum
2026-03-27 17:05:59 BRT [INFO   ]     P3 Funding Rate           +0/2 · -0.0001% (neutro)
2026-03-27 17:05:59 BRT [INFO   ]     P7 Filtro Pump/Dump       +0/0 · OK (-2.8%)
2026-03-27 17:05:59 BRT [INFO   ]     P8 Volume 15m             +0/2 · Volume fraco (0.7x < 1.2x)
2026-03-27 17:05:59 BRT [INFO   ]     P9 OI Crescente           +0/2 · OI estável (+4.7% vs média, 12.2M)
2026-03-27 17:05:59 BRT [DEBUG  ]     TradeParams SHORT: SL=0.69% | notional=$726 | alav_margem=20.7x → cap=2x → alav=2.0x | margem=$362.87 ⚠️MARGEM $363>35 | risco=$5.00 | ganho=$10.00
2026-03-27 17:05:59 BRT [INFO   ]   📉 SHORT UNI: score=5/25 | entry=3.3930 | SL=0.69% | alav=2.0x ✅
2026-03-27 17:05:59 BRT [INFO   ]   ─ SHORT ATOM: 15m=60 | 1H=60 | 4H=60
2026-03-27 17:05:59 BRT [DEBUG  ]     find_swing_points: fallback window=3 aplicado (window=5 insuficiente: 4H/5L → 4H/5L)
2026-03-27 17:05:59 BRT [DEBUG  ]     find_swing_points: fallback window=3 aplicado (window=5 insuficiente: 4H/5L → 4H/5L)
2026-03-27 17:05:59 BRT [DEBUG  ]     find_swing_points: fallback window=3 aplicado (window=5 insuficiente: 4H/5L → 4H/5L)
2026-03-27 17:05:59 BRT [DEBUG  ]     find_swing_points: fallback window=3 aplicado (window=5 insuficiente: 4H/6L → 4H/6L)
2026-03-27 17:05:59 BRT [DEBUG  ]   SCORE ATOM [SHORT]: 3/25 | DQ=100% (abaixo do radar)
2026-03-27 17:05:59 BRT [DEBUG  ]     TradeParams SHORT: SL=0.52% | notional=$959 | alav_margem=27.4x → cap=2x → alav=2.0x | margem=$479.39 ⚠️MARGEM $479>35 | risco=$5.00 | ganho=$10.00
2026-03-27 17:05:59 BRT [INFO   ]   📉 SHORT ATOM: score=3/25 | entry=1.6700 | SL=0.52% | alav=2.0x ✅
2026-03-27 17:05:59 BRT [INFO   ] 
───────────────────────────────────────────────────────
2026-03-27 17:05:59 BRT [INFO   ]   ETAPA 4b — Análise leve LONG + SHORT (sem klines) [v6.3.0 A8]
2026-03-27 17:05:59 BRT [INFO   ] ───────────────────────────────────────────────────────
2026-03-27 17:05:59 BRT [INFO   ] 
───────────────────────────────────────────────────────
2026-03-27 17:05:59 BRT [INFO   ]   ETAPA 5 — Contexto de Mercado e Relatório Bidirecional
2026-03-27 17:05:59 BRT [INFO   ] ───────────────────────────────────────────────────────
2026-03-27 17:05:59 BRT [DEBUG  ]   🧹  Score history: 1 tokens removidos por TTL (25h): ['SOLUSDT']
2026-03-27 17:05:59 BRT [INFO   ]   📚  Score history: 37 tokens rastreados
2026-03-27 17:05:59 BRT [DEBUG  ]   Contexto: FGI=13 | BTC=NEUTRAL | LONG=CAUTELOSO (Medo Extremo)(thr=20) | SHORT=MODERADO (Medo Extremo — mercado bearish)(thr=16) | risk_score=0
2026-03-27 17:05:59 BRT [INFO   ]   BTC 4H: NEUTRAL | Thr LONG: 20 (CAUTELOSO (Medo Extremo)) | Thr SHORT: 16 (MODERADO (Medo Extremo — mercado bearish))
2026-03-27 17:05:59 BRT [INFO   ]   Results LONG: 1 | SHORT: 20 | Obs LONG: 0 | Obs SHORT: 0
2026-03-27 17:05:59 BRT [INFO   ] 
───────────────────────────────────────────────────────
2026-03-27 17:05:59 BRT [INFO   ]   ETAPA 6 — Notificações Telegram
2026-03-27 17:05:59 BRT [INFO   ] ───────────────────────────────────────────────────────
2026-03-27 17:06:00 BRT [INFO   ]   📲  Telegram heartbeat: enviado ✅
2026-03-27 17:06:00 BRT [INFO   ]   📲  Telegram: 1/1 mensagens enviadas (1 heartbeat + 0 QUASE + 0 call)
2026-03-27 17:06:00 BRT [INFO   ] ==========================================================
🎯 SETUP ATIRADOR v6.6.2
📅 27/03/2026 17:05 BRT
📋 Log: atirador_LOG_20260327_1704.log
==========================================================
📊 CONTEXTO DE MERCADO
   Fear & Greed: 13 | BTC 4H: NEUTRAL
   LONG:  CAUTELOSO (Medo Extremo) | Threshold: 20 pts
   SHORT: MODERADO (Medo Extremo — mercado bearish) | Threshold: 16 pts
   Risk Score: 0
==========================================================

💼 SIZING Risk-First [v6.6.2]
   Banca: $100.00 | Risco fixo/trade: $5.00 | Margem máx/trade: $35

🔍 PIPELINE
   Fonte de dados: OKX (perpetuals USDT)
   Universo: 301 tokens | Qualificados: 37
   Gate 4H: LONG=3 | SHORT=22
   Gate 1H: LONG=1 | SHORT=20
   Análise completa: LONG=1 | SHORT=20 | Obs: LONG=0 SHORT=0
   ✅  Candle 15m fechado (359s após fechamento, último: 17:00:00 BRT)

──────────────────────────────────────────────────────────
📈 OPERAÇÕES LONG
──────────────────────────────────────────────────────────
ℹ️  Nenhum alerta LONG forte (score ≥ 20) no momento.
   Score máximo: 8/25 (faltam 12 pts)

🔎 RADAR LONG — Score 5–13:
   ⚠️  Não operar — insuficiente. Monitorar.
   · ONDO | 8/25 | STRONG_BUY 4H

──────────────────────────────────────────────────────────
📉 OPERAÇÕES SHORT
──────────────────────────────────────────────────────────
ℹ️  Nenhum alerta SHORT forte (score ≥ 16) no momento.
   Score máximo SHORT: 10/25 (faltam 6 pts)

🔎 RADAR SHORT — Score 5–15:
   ⚠️  Não operar — insuficiente. Monitorar.
   · ASTER | 10/25 | SELL 4H
   · WLFI | 9/25 | STRONG_SELL 4H
   · HBAR | 8/25 | SELL 4H
   · OP | 7/25 | SELL 4H
   · PEPE | 7/25 | SELL 4H

----------------------------------------------------------
⏱️  Execução: 66.1s | Analisados: 301 tokens
📁 Estado diário: /tmp/atirador_state.json
📋 Log completo: /tmp/atirador_logs/atirador_LOG_20260327_1704.log

2026-03-27 17:06:00 BRT [INFO   ] ✅ Scan v6.6.2 concluído em 66.1s | Fonte: OKX | Log: /tmp/atirador_logs/atirador_LOG_20260327_1704.log
