2026-03-28 14:11:46 BRT [INFO   ] 📋 Log iniciado: /tmp/atirador_logs/atirador_LOG_20260328_1411.log
2026-03-28 14:11:46 BRT [INFO   ] 🚀 Setup Atirador v6.6.2 | Arquitetura 3 Camadas (LONG+SHORT) | Iniciando scan...
2026-03-28 14:11:46 BRT [INFO   ] 
───────────────────────────────────────────────────────
2026-03-28 14:11:46 BRT [INFO   ]   ETAPA 1 — Tickers (Bybit/Bitget) + Fear & Greed
2026-03-28 14:11:46 BRT [INFO   ] ───────────────────────────────────────────────────────
2026-03-28 14:11:46 BRT [INFO   ] 📡 [v6.6.2] Iniciando busca de tickers — hierarquia OKX → Gate.io → Bitget
2026-03-28 14:11:46 BRT [INFO   ]    Filtros: vol≥$2.0M | OI≥$5M | timeout=8s/fonte
2026-03-28 14:11:46 BRT [INFO   ]    [Nota] Fonte ideal seria CoinGlass API (pago ~$35/mês) — ver docstring
2026-03-28 14:11:46 BRT [INFO   ]   📡  [OKX] Tentando com tickers + OI real...
2026-03-28 14:11:46 BRT [DEBUG  ]   📡  [OKX] Buscando tickers...
2026-03-28 14:11:46 BRT [DEBUG  ]      ✅ Tickers: 301 itens em 0.27s
2026-03-28 14:11:46 BRT [DEBUG  ]   📡  [OKX] Buscando Open Interest...
2026-03-28 14:11:47 BRT [DEBUG  ]      ✅ OI: 301 itens em 0.49s
2026-03-28 14:11:47 BRT [DEBUG  ]   📡  [OKX] Buscando Funding Rates reais...
2026-03-28 14:12:49 BRT [DEBUG  ]   📡  [OKX FR] Funding rates obtidos: 282/282 | erros: 0
2026-03-28 14:12:49 BRT [DEBUG  ]      ✅ FR: 282 tokens com funding rate em 63.05s
2026-03-28 14:12:49 BRT [DEBUG  ]      ✅ Mesclados: 301/301 com OI real em 63.05s
2026-03-28 14:12:49 BRT [INFO   ]   ✅  [OKX] Fonte ativa (com OI real) | 301 brutos → 37 qualificados
2026-03-28 14:12:49 BRT [INFO   ]   Fonte de dados: OKX | Universo: 301 brutos → 37 qualificados
2026-03-28 14:12:49 BRT [INFO   ]   Analisando todos os 37 tokens qualificados: ['PEPE', 'SHIB', 'PUMP', 'DOGE', 'ONT', 'PIPPIN', 'NIGHT', 'CHZ', 'WLD', 'WLFI']...
2026-03-28 14:12:49 BRT [DEBUG  ]   TV batch: 37 tokens (.P perpétuo) | cols: ['Recommend.All|240', 'RSI|240']
2026-03-28 14:12:49 BRT [DEBUG  ]   Buscando Fear & Greed Index...
2026-03-28 14:12:49 BRT [DEBUG  ]   ✅  TV batch BYBIT: 34/37 retornados | 0.08s
2026-03-28 14:12:49 BRT [WARNING]   ⚠️  TV BYBIT: 3 sem retorno: ['PEPEUSDT', 'SHIBUSDT', 'PUMPUSDT']
2026-03-28 14:12:49 BRT [INFO   ]   🔄  [v5.1] Tentando prefixo BITGET: para 3 tokens sem dados...
2026-03-28 14:12:49 BRT [INFO   ]   ✅  TV BITGET: recuperados 3: ['PEPEUSDT', 'SHIBUSDT', 'PUMPUSDT'] | 0.04s
2026-03-28 14:12:49 BRT [DEBUG  ]   GET https://api.alternative.me/fng/?limit=1
2026-03-28 14:12:49 BRT [DEBUG  ]       → HTTP 200 | 0.2KB | enc:gzip | 0.27s
2026-03-28 14:12:49 BRT [INFO   ]   📊 Fear & Greed: 12 (Extreme Fear)
2026-03-28 14:12:49 BRT [INFO   ] 
───────────────────────────────────────────────────────
2026-03-28 14:12:49 BRT [INFO   ]   GATE 1 — Direção 4H (LONG: não SELL | SHORT: não BUY)
2026-03-28 14:12:49 BRT [INFO   ] ───────────────────────────────────────────────────────
2026-03-28 14:12:49 BRT [DEBUG  ]   ❌  PEPE     4H=SELL (val=-0.4697) RSI=46.2 — LONG REJEITADO
2026-03-28 14:12:49 BRT [DEBUG  ]   📉  PEPE     4H=SELL (val=-0.4697) RSI=46.2 — SHORT CANDIDATO
2026-03-28 14:12:49 BRT [DEBUG  ]   ✅  SHIB     4H=BUY (val=0.2909) RSI=52.3 — LONG PASSOU
2026-03-28 14:12:49 BRT [DEBUG  ]   ❌  PUMP     4H=SELL (val=-0.3788) RSI=43.6 — LONG REJEITADO
2026-03-28 14:12:49 BRT [DEBUG  ]   📉  PUMP     4H=SELL (val=-0.3788) RSI=43.6 — SHORT CANDIDATO
2026-03-28 14:12:49 BRT [DEBUG  ]   ✅  DOGE     4H=NEUTRAL (val=0.0667) RSI=53.0 — LONG PASSOU
2026-03-28 14:12:49 BRT [DEBUG  ]   ✅  ONT      4H=STRONG_BUY (val=0.5364) RSI=61.0 — LONG PASSOU
2026-03-28 14:12:49 BRT [DEBUG  ]   ✅  PIPPIN   4H=NEUTRAL (val=-0.0424) RSI=43.2 — LONG PASSOU
2026-03-28 14:12:49 BRT [DEBUG  ]   ✅  NIGHT    4H=BUY (val=0.2424) RSI=68.5 — LONG PASSOU
2026-03-28 14:12:49 BRT [DEBUG  ]   ✅  CHZ      4H=BUY (val=0.4212) RSI=75.5 — LONG PASSOU
2026-03-28 14:12:49 BRT [DEBUG  ]   ❌  WLD      4H=SELL (val=-0.4000) RSI=37.5 — LONG REJEITADO
2026-03-28 14:12:49 BRT [DEBUG  ]   📉  WLD      4H=SELL (val=-0.4000) RSI=37.5 — SHORT CANDIDATO
2026-03-28 14:12:49 BRT [DEBUG  ]   ✅  WLFI     4H=BUY (val=0.3576) RSI=54.8 — LONG PASSOU
2026-03-28 14:12:49 BRT [DEBUG  ]   ❌  ADA      4H=SELL (val=-0.3576) RSI=42.4 — LONG REJEITADO
2026-03-28 14:12:49 BRT [DEBUG  ]   📉  ADA      4H=SELL (val=-0.3576) RSI=42.4 — SHORT CANDIDATO
2026-03-28 14:12:49 BRT [DEBUG  ]   ❌  BEAT     4H=SELL (val=-0.2242) RSI=44.2 — LONG REJEITADO
2026-03-28 14:12:49 BRT [DEBUG  ]   📉  BEAT     4H=SELL (val=-0.2242) RSI=44.2 — SHORT CANDIDATO
2026-03-28 14:12:49 BRT [DEBUG  ]   ❌  XPL      4H=SELL (val=-0.3121) RSI=46.9 — LONG REJEITADO
2026-03-28 14:12:49 BRT [DEBUG  ]   📉  XPL      4H=SELL (val=-0.3121) RSI=46.9 — SHORT CANDIDATO
2026-03-28 14:12:49 BRT [DEBUG  ]   ❌  XRP      4H=SELL (val=-0.3788) RSI=43.2 — LONG REJEITADO
2026-03-28 14:12:49 BRT [DEBUG  ]   📉  XRP      4H=SELL (val=-0.3788) RSI=43.2 — SHORT CANDIDATO
2026-03-28 14:12:49 BRT [DEBUG  ]   ❌  OP       4H=SELL (val=-0.2424) RSI=38.7 — LONG REJEITADO
2026-03-28 14:12:49 BRT [DEBUG  ]   📉  OP       4H=SELL (val=-0.2424) RSI=38.7 — SHORT CANDIDATO
2026-03-28 14:12:49 BRT [DEBUG  ]   ❌  CRV      4H=SELL (val=-0.4030) RSI=45.6 — LONG REJEITADO
2026-03-28 14:12:49 BRT [DEBUG  ]   📉  CRV      4H=SELL (val=-0.4030) RSI=45.6 — SHORT CANDIDATO
2026-03-28 14:12:49 BRT [DEBUG  ]   ✅  ONDO     4H=STRONG_BUY (val=0.5121) RSI=60.1 — LONG PASSOU
2026-03-28 14:12:49 BRT [DEBUG  ]   ❌  HBAR     4H=SELL (val=-0.2455) RSI=49.3 — LONG REJEITADO
2026-03-28 14:12:49 BRT [DEBUG  ]   📉  HBAR     4H=SELL (val=-0.2455) RSI=49.3 — SHORT CANDIDATO
2026-03-28 14:12:49 BRT [DEBUG  ]   ✅  TRX      4H=STRONG_BUY (val=0.5576) RSI=60.5 — LONG PASSOU
2026-03-28 14:12:49 BRT [DEBUG  ]   ❌  FIL      4H=SELL (val=-0.3091) RSI=32.7 — LONG REJEITADO
2026-03-28 14:12:49 BRT [DEBUG  ]   📉  FIL      4H=SELL (val=-0.3091) RSI=32.7 — SHORT CANDIDATO
2026-03-28 14:12:49 BRT [DEBUG  ]   ❌  SUI      4H=SELL (val=-0.3333) RSI=38.3 — LONG REJEITADO
2026-03-28 14:12:49 BRT [DEBUG  ]   📉  SUI      4H=SELL (val=-0.3333) RSI=38.3 — SHORT CANDIDATO
2026-03-28 14:12:49 BRT [DEBUG  ]   ✅  XLM      4H=BUY (val=0.3333) RSI=54.1 — LONG PASSOU
2026-03-28 14:12:49 BRT [DEBUG  ]   ❌  POL      4H=SELL (val=-0.4030) RSI=46.5 — LONG REJEITADO
2026-03-28 14:12:49 BRT [DEBUG  ]   📉  POL      4H=SELL (val=-0.4030) RSI=46.5 — SHORT CANDIDATO
2026-03-28 14:12:49 BRT [DEBUG  ]   ❌  RIVER    4H=SELL (val=-0.4000) RSI=33.7 — LONG REJEITADO
2026-03-28 14:12:49 BRT [DEBUG  ]   📉  RIVER    4H=SELL (val=-0.4000) RSI=33.7 — SHORT CANDIDATO
2026-03-28 14:12:49 BRT [DEBUG  ]   ❌  IP       4H=SELL (val=-0.4455) RSI=24.7 — LONG REJEITADO
2026-03-28 14:12:49 BRT [DEBUG  ]   ⛔  IP       4H=SELL RSI=24.7 — SHORT REJEITADO (RSI<30, exausto)
2026-03-28 14:12:49 BRT [DEBUG  ]   ✅  ASTER    4H=NEUTRAL (val=-0.0455) RSI=50.0 — LONG PASSOU
2026-03-28 14:12:49 BRT [DEBUG  ]   ❌  APT      4H=SELL (val=-0.2636) RSI=35.8 — LONG REJEITADO
2026-03-28 14:12:49 BRT [DEBUG  ]   📉  APT      4H=SELL (val=-0.2636) RSI=35.8 — SHORT CANDIDATO
2026-03-28 14:12:49 BRT [DEBUG  ]   ❌  DOT      4H=SELL (val=-0.3758) RSI=34.2 — LONG REJEITADO
2026-03-28 14:12:49 BRT [DEBUG  ]   📉  DOT      4H=SELL (val=-0.3758) RSI=34.2 — SHORT CANDIDATO
2026-03-28 14:12:49 BRT [DEBUG  ]   ❌  TRUMP    4H=SELL (val=-0.3788) RSI=35.9 — LONG REJEITADO
2026-03-28 14:12:49 BRT [DEBUG  ]   📉  TRUMP    4H=SELL (val=-0.3788) RSI=35.9 — SHORT CANDIDATO
2026-03-28 14:12:49 BRT [DEBUG  ]   ❌  LIT      4H=SELL (val=-0.1758) RSI=40.9 — LONG REJEITADO
2026-03-28 14:12:49 BRT [DEBUG  ]   📉  LIT      4H=SELL (val=-0.1758) RSI=40.9 — SHORT CANDIDATO
2026-03-28 14:12:49 BRT [DEBUG  ]   ❌  NEAR     4H=SELL (val=-0.4697) RSI=36.5 — LONG REJEITADO
2026-03-28 14:12:49 BRT [DEBUG  ]   📉  NEAR     4H=SELL (val=-0.4697) RSI=36.5 — SHORT CANDIDATO
2026-03-28 14:12:49 BRT [DEBUG  ]   ❌  SOL      4H=SELL (val=-0.4697) RSI=37.2 — LONG REJEITADO
2026-03-28 14:12:49 BRT [DEBUG  ]   📉  SOL      4H=SELL (val=-0.4697) RSI=37.2 — SHORT CANDIDATO
2026-03-28 14:12:49 BRT [DEBUG  ]   ❌  TON      4H=SELL (val=-0.2667) RSI=46.4 — LONG REJEITADO
2026-03-28 14:12:49 BRT [DEBUG  ]   📉  TON      4H=SELL (val=-0.2667) RSI=46.4 — SHORT CANDIDATO
2026-03-28 14:12:49 BRT [DEBUG  ]   ❌  LINK     4H=SELL (val=-0.4697) RSI=39.3 — LONG REJEITADO
2026-03-28 14:12:49 BRT [DEBUG  ]   📉  LINK     4H=SELL (val=-0.4697) RSI=39.3 — SHORT CANDIDATO
2026-03-28 14:12:49 BRT [DEBUG  ]   ✅  HYPE     4H=BUY (val=0.4909) RSI=55.1 — LONG PASSOU
2026-03-28 14:12:49 BRT [DEBUG  ]   ❌  UNI      4H=SELL (val=-0.4242) RSI=39.1 — LONG REJEITADO
2026-03-28 14:12:49 BRT [DEBUG  ]   📉  UNI      4H=SELL (val=-0.4242) RSI=39.1 — SHORT CANDIDATO
2026-03-28 14:12:49 BRT [DEBUG  ]   ❌  ETH      4H=SELL (val=-0.4030) RSI=40.8 — LONG REJEITADO
2026-03-28 14:12:49 BRT [DEBUG  ]   📉  ETH      4H=SELL (val=-0.4030) RSI=40.8 — SHORT CANDIDATO
2026-03-28 14:12:49 BRT [INFO   ]   Gate 4H: LONG=12 | SHORT=24 | sem dados TV=0 | universo=37
2026-03-28 14:12:49 BRT [INFO   ] 
───────────────────────────────────────────────────────
2026-03-28 14:12:49 BRT [INFO   ]   GATE 2 — Estrutura 1H (LONG: BUY+ | SHORT: SELL+)
2026-03-28 14:12:49 BRT [INFO   ] ───────────────────────────────────────────────────────
2026-03-28 14:12:49 BRT [DEBUG  ]   TV batch: 36 tokens (.P perpétuo) | cols: ['Recommend.All|60']
2026-03-28 14:12:49 BRT [DEBUG  ]   ✅  TV batch BYBIT: 33/36 retornados | 0.11s
2026-03-28 14:12:49 BRT [WARNING]   ⚠️  TV BYBIT: 3 sem retorno: ['SHIBUSDT', 'PEPEUSDT', 'PUMPUSDT']
2026-03-28 14:12:49 BRT [INFO   ]   🔄  [v5.1] Tentando prefixo BITGET: para 3 tokens sem dados...
2026-03-28 14:12:49 BRT [INFO   ]   ✅  TV BITGET: recuperados 3: ['SHIBUSDT', 'PEPEUSDT', 'PUMPUSDT'] | 0.04s
2026-03-28 14:12:49 BRT [DEBUG  ]   ✅  SHIB     1H=BUY (val=0.2667) — LONG PASSOU
2026-03-28 14:12:49 BRT [DEBUG  ]   ✅  DOGE     1H=BUY (val=0.4000) — LONG PASSOU
2026-03-28 14:12:49 BRT [DEBUG  ]   ✅  ONT      1H=BUY (val=0.2879) — LONG PASSOU
2026-03-28 14:12:49 BRT [DEBUG  ]   ✅  PIPPIN   1H=BUY (val=0.3364) — LONG PASSOU
2026-03-28 14:12:49 BRT [DEBUG  ]   ✅  NIGHT    1H=BUY (val=0.4000) — LONG PASSOU
2026-03-28 14:12:49 BRT [DEBUG  ]   ✅  CHZ      1H=BUY (val=0.2182) — LONG PASSOU
2026-03-28 14:12:49 BRT [DEBUG  ]   ✅  WLFI     1H=BUY (val=0.4455) — LONG PASSOU
2026-03-28 14:12:49 BRT [DEBUG  ]   ✅  ONDO     1H=BUY (val=0.3545) — LONG PASSOU
2026-03-28 14:12:49 BRT [DEBUG  ]   ✅  TRX      1H=BUY (val=0.4455) — LONG PASSOU
2026-03-28 14:12:49 BRT [DEBUG  ]   ✅  XLM      1H=BUY (val=0.3333) — LONG PASSOU
2026-03-28 14:12:49 BRT [DEBUG  ]   ✅  ASTER    1H=BUY (val=0.3121) — LONG PASSOU
2026-03-28 14:12:49 BRT [DEBUG  ]   ✅  HYPE     1H=BUY (val=0.4455) — LONG PASSOU
2026-03-28 14:12:49 BRT [DEBUG  ]   ❌  PEPE     1H=BUY (val=0.1333) — SHORT REJEITADO (não SELL no 1H)
2026-03-28 14:12:49 BRT [DEBUG  ]   ❌  PUMP     1H=NEUTRAL (val=0.0667) — SHORT REJEITADO (não SELL no 1H)
2026-03-28 14:12:49 BRT [DEBUG  ]   ❌  WLD      1H=NEUTRAL (val=-0.0455) — SHORT REJEITADO (não SELL no 1H)
2026-03-28 14:12:49 BRT [DEBUG  ]   ❌  ADA      1H=NEUTRAL (val=0.0879) — SHORT REJEITADO (não SELL no 1H)
2026-03-28 14:12:49 BRT [DEBUG  ]   ❌  BEAT     1H=NEUTRAL (val=-0.0909) — SHORT REJEITADO (não SELL no 1H)
2026-03-28 14:12:49 BRT [DEBUG  ]   ❌  XPL      1H=BUY (val=0.1333) — SHORT REJEITADO (não SELL no 1H)
2026-03-28 14:12:49 BRT [DEBUG  ]   ❌  XRP      1H=NEUTRAL (val=0.0879) — SHORT REJEITADO (não SELL no 1H)
2026-03-28 14:12:49 BRT [DEBUG  ]   ❌  OP       1H=NEUTRAL (val=0.0212) — SHORT REJEITADO (não SELL no 1H)
2026-03-28 14:12:49 BRT [DEBUG  ]   ❌  CRV      1H=NEUTRAL (val=0.0879) — SHORT REJEITADO (não SELL no 1H)
2026-03-28 14:12:49 BRT [DEBUG  ]   ❌  HBAR     1H=BUY (val=0.1545) — SHORT REJEITADO (não SELL no 1H)
2026-03-28 14:12:49 BRT [DEBUG  ]   📉  FIL      1H=SELL (val=-0.3121) — SHORT PASSOU
2026-03-28 14:12:49 BRT [DEBUG  ]   ❌  SUI      1H=NEUTRAL (val=0.0667) — SHORT REJEITADO (não SELL no 1H)
2026-03-28 14:12:49 BRT [DEBUG  ]   ❌  POL      1H=NEUTRAL (val=0.0879) — SHORT REJEITADO (não SELL no 1H)
2026-03-28 14:12:49 BRT [DEBUG  ]   📉  RIVER    1H=SELL (val=-0.2455) — SHORT PASSOU
2026-03-28 14:12:49 BRT [DEBUG  ]   📉  APT      1H=SELL (val=-0.4000) — SHORT PASSOU
2026-03-28 14:12:49 BRT [DEBUG  ]   📉  DOT      1H=SELL (val=-0.3545) — SHORT PASSOU
2026-03-28 14:12:49 BRT [DEBUG  ]   ❌  TRUMP    1H=NEUTRAL (val=-0.0455) — SHORT REJEITADO (não SELL no 1H)
2026-03-28 14:12:49 BRT [DEBUG  ]   ❌  LIT      1H=NEUTRAL (val=0.0667) — SHORT REJEITADO (não SELL no 1H)
2026-03-28 14:12:49 BRT [DEBUG  ]   ❌  NEAR     1H=NEUTRAL (val=-0.0909) — SHORT REJEITADO (não SELL no 1H)
2026-03-28 14:12:49 BRT [DEBUG  ]   📉  SOL      1H=SELL (val=-0.1576) — SHORT PASSOU
2026-03-28 14:12:49 BRT [DEBUG  ]   ❌  TON      1H=BUY (val=0.1788) — SHORT REJEITADO (não SELL no 1H)
2026-03-28 14:12:49 BRT [DEBUG  ]   ❌  LINK     1H=NEUTRAL (val=-0.0909) — SHORT REJEITADO (não SELL no 1H)
2026-03-28 14:12:49 BRT [DEBUG  ]   📉  UNI      1H=SELL (val=-0.1364) — SHORT PASSOU
2026-03-28 14:12:49 BRT [DEBUG  ]   ❌  ETH      1H=NEUTRAL (val=0.0212) — SHORT REJEITADO (não SELL no 1H)
2026-03-28 14:12:49 BRT [INFO   ]   Gate 1H: LONG=12 | SHORT=6 | rejeitados=0
2026-03-28 14:12:49 BRT [INFO   ] 
───────────────────────────────────────────────────────
2026-03-28 14:12:49 BRT [INFO   ]   ETAPA 3 — Indicadores 15m (TradingView) — LONG + SHORT [v6.4.1]
2026-03-28 14:12:49 BRT [INFO   ] ───────────────────────────────────────────────────────
2026-03-28 14:12:49 BRT [DEBUG  ]   TV batch: 18 tokens (.P perpétuo) | cols: ['BB.upper|15', 'BB.lower|15', 'ATR|15']
2026-03-28 14:12:50 BRT [DEBUG  ]   ✅  TV batch BYBIT: 17/18 retornados | 0.11s
2026-03-28 14:12:50 BRT [WARNING]   ⚠️  TV BYBIT: 1 sem retorno: ['SHIBUSDT']
2026-03-28 14:12:50 BRT [INFO   ]   🔄  [v5.1] Tentando prefixo BITGET: para 1 tokens sem dados...
2026-03-28 14:12:50 BRT [INFO   ]   ✅  TV BITGET: recuperados 1: ['SHIBUSDT'] | 0.05s
2026-03-28 14:12:50 BRT [DEBUG  ]   TV batch: 18 tokens (.P perpétuo) | cols: ['Candle.Engulfing.Bullish|15', 'Candle.Hammer|15', 'Candle.MorningStar|15', 'Candle.3WhiteSoldiers|15', 'Candle.Harami.Bullish|15', 'Candle.Doji.Dragonfly|15', 'Candle.Engulfing.Bearish|15', 'Candle.ShootingStar|15', 'Candle.EveningStar|15', 'Candle.3BlackCrows|15', 'Candle.Harami.Bearish|15']
2026-03-28 14:12:50 BRT [DEBUG  ]   ✅  TV batch BYBIT: 17/18 retornados | 0.04s
2026-03-28 14:12:50 BRT [WARNING]   ⚠️  TV BYBIT: 1 sem retorno: ['SHIBUSDT']
2026-03-28 14:12:50 BRT [INFO   ]   🔄  [v5.1] Tentando prefixo BITGET: para 1 tokens sem dados...
2026-03-28 14:12:50 BRT [INFO   ]   ✅  TV BITGET: recuperados 1: ['SHIBUSDT'] | 0.11s
2026-03-28 14:12:50 BRT [INFO   ]   TV 15m: tech=18/18 | candles=18/18
2026-03-28 14:12:50 BRT [DEBUG  ]   SHIB     ATR=0.0000 | BB_lower=0.0000 | BB_upper=0.0000 | FR=0.00010
2026-03-28 14:12:50 BRT [DEBUG  ]   DOGE     ATR=0.0005 | BB_lower=0.0908 | BB_upper=0.0950 | FR=0.00010
2026-03-28 14:12:50 BRT [DEBUG  ]   ONT      ATR=0.0011 | BB_lower=0.0608 | BB_upper=0.0639 | FR=-0.00010
2026-03-28 14:12:50 BRT [DEBUG  ]   PIPPIN   ATR=0.0012 | BB_lower=0.0505 | BB_upper=0.0572 | FR=0.00002
2026-03-28 14:12:50 BRT [DEBUG  ]   NIGHT    ATR=0.0008 | BB_lower=0.0503 | BB_upper=0.0532 | FR=-0.00014
2026-03-28 14:12:50 BRT [DEBUG  ]   CHZ      ATR=0.0006 | BB_lower=0.0375 | BB_upper=0.0411 | FR=0.00003
2026-03-28 14:12:50 BRT [DEBUG  ]   WLFI     ATR=0.0005 | BB_lower=0.0975 | BB_upper=0.1006 | FR=-0.00019
2026-03-28 14:12:50 BRT [DEBUG  ]   ONDO     ATR=0.0023 | BB_lower=0.2668 | BB_upper=0.2798 | FR=0.00005
2026-03-28 14:12:50 BRT [DEBUG  ]   TRX      ATR=0.0008 | BB_lower=0.3145 | BB_upper=0.3170 | FR=0.00004
2026-03-28 14:12:50 BRT [DEBUG  ]   XLM      ATR=0.0007 | BB_lower=0.1656 | BB_upper=0.1723 | FR=0.00010
2026-03-28 14:12:50 BRT [DEBUG  ]   ASTER    ATR=0.0015 | BB_lower=0.6603 | BB_upper=0.6679 | FR=-0.00001
2026-03-28 14:12:50 BRT [DEBUG  ]   HYPE     ATR=0.1930 | BB_lower=39.7539 | BB_upper=40.1951 | FR=0.00002
2026-03-28 14:12:50 BRT [DEBUG  ]   FIL      ATR=0.0040 | BB_lower=0.8167 | BB_upper=0.8334 | FR=-0.00016
2026-03-28 14:12:50 BRT [DEBUG  ]   RIVER    ATR=0.3962 | BB_lower=14.2900 | BB_upper=15.1100 | FR=0.00025
2026-03-28 14:12:50 BRT [DEBUG  ]   APT      ATR=0.0050 | BB_lower=0.9451 | BB_upper=0.9586 | FR=-0.00018
2026-03-28 14:12:50 BRT [DEBUG  ]   DOT      ATR=0.0052 | BB_lower=1.2776 | BB_upper=1.2970 | FR=-0.00007
2026-03-28 14:12:50 BRT [DEBUG  ]   SOL      ATR=0.3173 | BB_lower=82.5396 | BB_upper=84.0594 | FR=-0.00012
2026-03-28 14:12:50 BRT [DEBUG  ]   UNI      ATR=0.0118 | BB_lower=3.3665 | BB_upper=3.4366 | FR=0.00006
2026-03-28 14:12:50 BRT [INFO   ] 
───────────────────────────────────────────────────────
2026-03-28 14:12:50 BRT [INFO   ]   ETAPA 3b — Score parcial (sem klines, para ordenação)
2026-03-28 14:12:50 BRT [INFO   ] ───────────────────────────────────────────────────────
2026-03-28 14:12:50 BRT [DEBUG  ]   SHIB     score parcial LONG: 0/25 [FR=0.0100% BB=0.0000–0.0000]
2026-03-28 14:12:50 BRT [DEBUG  ]   DOGE     score parcial LONG: 0/25 [FR=0.0100% BB=0.0908–0.0950]
2026-03-28 14:12:50 BRT [DEBUG  ]   ONT      score parcial LONG: 1/25 [FR=-0.0101% BB=0.0608–0.0639]
2026-03-28 14:12:50 BRT [DEBUG  ]   PIPPIN   score parcial LONG: 2/25 [FR=0.0024% BB=0.0505–0.0572]
2026-03-28 14:12:50 BRT [DEBUG  ]   NIGHT    score parcial LONG: 1/25 [FR=-0.0141% BB=0.0503–0.0532]
2026-03-28 14:12:50 BRT [DEBUG  ]   CHZ      score parcial LONG: 0/25 [FR=0.0032% BB=0.0375–0.0411]
2026-03-28 14:12:50 BRT [DEBUG  ]   WLFI     score parcial LONG: 1/25 [FR=-0.0188% BB=0.0975–0.1006]
2026-03-28 14:12:50 BRT [DEBUG  ]   ONDO     score parcial LONG: 0/25 [FR=0.0050% BB=0.2668–0.2798]
2026-03-28 14:12:50 BRT [DEBUG  ]   TRX      score parcial LONG: 0/25 [FR=0.0042% BB=0.3145–0.3170]
2026-03-28 14:12:50 BRT [DEBUG  ]   XLM      score parcial LONG: 0/25 [FR=0.0100% BB=0.1656–0.1723]
2026-03-28 14:12:50 BRT [DEBUG  ]   ASTER    score parcial LONG: 1/25 [FR=-0.0009% BB=0.6603–0.6679]
2026-03-28 14:12:50 BRT [DEBUG  ]   HYPE     score parcial LONG: 3/25 [FR=0.0017% BB=39.7539–40.1951]
2026-03-28 14:12:50 BRT [DEBUG  ]   FIL      score parcial SHORT: 2/25 [FR=-0.0161% BB=0.8167–0.8334]
2026-03-28 14:12:50 BRT [DEBUG  ]   RIVER    score parcial SHORT: 1/25 [FR=0.0251% BB=14.2900–15.1100]
2026-03-28 14:12:50 BRT [DEBUG  ]   APT      score parcial SHORT: 0/25 [FR=-0.0180% BB=0.9451–0.9586]
2026-03-28 14:12:50 BRT [DEBUG  ]   DOT      score parcial SHORT: 0/25 [FR=-0.0065% BB=1.2776–1.2970]
2026-03-28 14:12:50 BRT [DEBUG  ]   SOL      score parcial SHORT: 0/25 [FR=-0.0124% BB=82.5396–84.0594]
2026-03-28 14:12:50 BRT [DEBUG  ]   UNI      score parcial SHORT: 1/25 [FR=0.0058% BB=3.3665–3.4366]
2026-03-28 14:12:50 BRT [INFO   ]   Ordem LONG: ['HYPE', 'PIPPIN', 'ONT', 'NIGHT', 'WLFI', 'ASTER', 'SHIB', 'DOGE', 'CHZ', 'ONDO', 'TRX', 'XLM']
2026-03-28 14:12:50 BRT [INFO   ]   Ordem SHORT: ['FIL', 'RIVER', 'UNI', 'APT', 'DOT', 'SOL']
2026-03-28 14:12:50 BRT [INFO   ] 
───────────────────────────────────────────────────────
2026-03-28 14:12:50 BRT [INFO   ]   ETAPA 4 — Klines + Score completo (TOP 20 LONG + SHORT) [v6.2.0]
2026-03-28 14:12:50 BRT [INFO   ] ───────────────────────────────────────────────────────
2026-03-28 14:12:50 BRT [DEBUG  ]   Contexto: FGI=12 | BTC=NEUTRAL | LONG=CAUTELOSO (Medo Extremo)(thr=20) | SHORT=MODERADO (Medo Extremo — mercado bearish)(thr=16) | risk_score=0
2026-03-28 14:12:50 BRT [INFO   ]   ✅  [A4 CANDLE LOCK] Vela 15m fechada (770s após fechamento). Último fechamento: 14:00:00 BRT.
2026-03-28 14:12:50 BRT [INFO   ]   Buscando klines para: ['HYPE', 'PIPPIN', 'ONT', 'NIGHT', 'WLFI', 'ASTER', 'SHIB', 'DOGE', 'CHZ', 'ONDO', 'TRX', 'XLM', 'FIL', 'RIVER', 'UNI', 'APT', 'DOT', 'SOL']
2026-03-28 14:12:50 BRT [DEBUG  ]   📡  Cache MISS HYPEUSDT 1H: arquivo não existe — buscando
2026-03-28 14:12:50 BRT [DEBUG  ]   📡  Cache MISS PIPPINUSDT 1H: arquivo não existe — buscando
2026-03-28 14:12:50 BRT [DEBUG  ]   📡  Cache MISS ONTUSDT 1H: arquivo não existe — buscando
2026-03-28 14:12:50 BRT [DEBUG  ]   📡  Cache MISS NIGHTUSDT 1H: arquivo não existe — buscando
2026-03-28 14:12:50 BRT [DEBUG  ]   📡  Cache MISS WLFIUSDT 1H: arquivo não existe — buscando
2026-03-28 14:12:50 BRT [DEBUG  ]   📡  Cache MISS ASTERUSDT 1H: arquivo não existe — buscando
2026-03-28 14:12:50 BRT [DEBUG  ]   📡  Cache MISS SHIBUSDT 1H: arquivo não existe — buscando
2026-03-28 14:12:50 BRT [DEBUG  ]   📡  Cache MISS DOGEUSDT 1H: arquivo não existe — buscando
2026-03-28 14:12:50 BRT [DEBUG  ]   📡  Cache MISS CHZUSDT 1H: arquivo não existe — buscando
2026-03-28 14:12:50 BRT [DEBUG  ]   📡  Cache MISS ONDOUSDT 1H: arquivo não existe — buscando
2026-03-28 14:12:50 BRT [DEBUG  ]   📡  Cache MISS TRXUSDT 1H: arquivo não existe — buscando
2026-03-28 14:12:50 BRT [DEBUG  ]   📡  Cache MISS XLMUSDT 1H: arquivo não existe — buscando
2026-03-28 14:12:50 BRT [DEBUG  ]   📡  Cache MISS FILUSDT 1H: arquivo não existe — buscando
2026-03-28 14:12:50 BRT [DEBUG  ]   📡  Cache MISS RIVERUSDT 1H: arquivo não existe — buscando
2026-03-28 14:12:50 BRT [DEBUG  ]   📡  Cache MISS UNIUSDT 1H: arquivo não existe — buscando
2026-03-28 14:12:50 BRT [DEBUG  ]   📡  Cache MISS APTUSDT 1H: arquivo não existe — buscando
2026-03-28 14:12:50 BRT [DEBUG  ]   📡  Cache MISS DOTUSDT 1H: arquivo não existe — buscando
2026-03-28 14:12:50 BRT [DEBUG  ]   📡  Cache MISS SOLUSDT 1H: arquivo não existe — buscando
2026-03-28 14:12:50 BRT [DEBUG  ]   📡  Cache MISS HYPEUSDT 4H: arquivo não existe — buscando
2026-03-28 14:12:50 BRT [DEBUG  ]   📡  Cache MISS PIPPINUSDT 4H: arquivo não existe — buscando
2026-03-28 14:12:50 BRT [DEBUG  ]   📡  Cache MISS ONTUSDT 4H: arquivo não existe — buscando
2026-03-28 14:12:50 BRT [DEBUG  ]   📡  Cache MISS NIGHTUSDT 4H: arquivo não existe — buscando
2026-03-28 14:12:50 BRT [DEBUG  ]   📡  Cache MISS WLFIUSDT 4H: arquivo não existe — buscando
2026-03-28 14:12:50 BRT [DEBUG  ]   📡  Cache MISS ASTERUSDT 4H: arquivo não existe — buscando
2026-03-28 14:12:50 BRT [DEBUG  ]   📡  Cache MISS SHIBUSDT 4H: arquivo não existe — buscando
2026-03-28 14:12:50 BRT [DEBUG  ]   📡  Cache MISS DOGEUSDT 4H: arquivo não existe — buscando
2026-03-28 14:12:50 BRT [DEBUG  ]   📡  Cache MISS CHZUSDT 4H: arquivo não existe — buscando
2026-03-28 14:12:50 BRT [DEBUG  ]   📡  Cache MISS ONDOUSDT 4H: arquivo não existe — buscando
2026-03-28 14:12:50 BRT [DEBUG  ]   📡  Cache MISS TRXUSDT 4H: arquivo não existe — buscando
2026-03-28 14:12:50 BRT [DEBUG  ]   📡  Cache MISS XLMUSDT 4H: arquivo não existe — buscando
2026-03-28 14:12:50 BRT [DEBUG  ]   📡  Cache MISS FILUSDT 4H: arquivo não existe — buscando
2026-03-28 14:12:50 BRT [DEBUG  ]   📡  Cache MISS RIVERUSDT 4H: arquivo não existe — buscando
2026-03-28 14:12:50 BRT [DEBUG  ]   📡  Cache MISS UNIUSDT 4H: arquivo não existe — buscando
2026-03-28 14:12:50 BRT [DEBUG  ]   📡  Cache MISS APTUSDT 4H: arquivo não existe — buscando
2026-03-28 14:12:50 BRT [DEBUG  ]   📡  Cache MISS DOTUSDT 4H: arquivo não existe — buscando
2026-03-28 14:12:50 BRT [DEBUG  ]   📡  Cache MISS SOLUSDT 4H: arquivo não existe — buscando
2026-03-28 14:12:50 BRT [DEBUG  ]   GET https://api.bitget.com/api/v2/mix/market/candles?productType=USDT-FUTURES&symbol...
2026-03-28 14:12:50 BRT [DEBUG  ]       → HTTP 200 | 4.1KB | enc:gzip | 0.37s
2026-03-28 14:12:50 BRT [DEBUG  ]   ✅  Klines UNIUSDT 15m: 60 candles | 03/28 14:00 → 03/27 23:15
2026-03-28 14:12:50 BRT [DEBUG  ]   GET https://api.bitget.com/api/v2/mix/market/candles?productType=USDT-FUTURES&symbol...
2026-03-28 14:12:50 BRT [DEBUG  ]       → HTTP 200 | 4.8KB | enc:gzip | 0.37s
2026-03-28 14:12:50 BRT [DEBUG  ]   ✅  Klines APTUSDT 15m: 60 candles | 03/28 14:00 → 03/27 23:15
2026-03-28 14:12:50 BRT [DEBUG  ]   GET https://api.bitget.com/api/v2/mix/market/candles?productType=USDT-FUTURES&symbol...
2026-03-28 14:12:50 BRT [DEBUG  ]       → HTTP 200 | 4.8KB | enc:gzip | 0.37s
2026-03-28 14:12:50 BRT [DEBUG  ]   ✅  Klines HYPEUSDT 4H: 60 candles | 03/28 13:00 → 03/18 17:00
2026-03-28 14:12:50 BRT [DEBUG  ]   💾  Cache GRAVADO HYPEUSDT 4H: 60 candles
2026-03-28 14:12:50 BRT [DEBUG  ]   GET https://api.bitget.com/api/v2/mix/market/candles?productType=USDT-FUTURES&symbol...
2026-03-28 14:12:50 BRT [DEBUG  ]       → HTTP 200 | 4.8KB | enc:gzip | 0.39s
2026-03-28 14:12:50 BRT [DEBUG  ]   ✅  Klines TRXUSDT 1H: 60 candles | 03/28 14:00 → 03/26 03:00
2026-03-28 14:12:50 BRT [DEBUG  ]   💾  Cache GRAVADO TRXUSDT 1H: 60 candles
2026-03-28 14:12:50 BRT [DEBUG  ]   GET https://api.bitget.com/api/v2/mix/market/candles?productType=USDT-FUTURES&symbol...
2026-03-28 14:12:50 BRT [DEBUG  ]       → HTTP 200 | 4.1KB | enc:gzip | 0.39s
2026-03-28 14:12:50 BRT [DEBUG  ]   ✅  Klines DOTUSDT 15m: 60 candles | 03/28 14:00 → 03/27 23:15
2026-03-28 14:12:50 BRT [DEBUG  ]   GET https://api.bitget.com/api/v2/mix/market/candles?productType=USDT-FUTURES&symbol...
2026-03-28 14:12:50 BRT [DEBUG  ]       → HTTP 200 | 4.3KB | enc:gzip | 0.39s
2026-03-28 14:12:50 BRT [DEBUG  ]   ✅  Klines UNIUSDT 4H: 60 candles | 03/28 13:00 → 03/18 17:00
2026-03-28 14:12:50 BRT [DEBUG  ]   💾  Cache GRAVADO UNIUSDT 4H: 60 candles
2026-03-28 14:12:50 BRT [DEBUG  ]   GET https://api.bitget.com/api/v2/mix/market/candles?productType=USDT-FUTURES&symbol...
2026-03-28 14:12:50 BRT [DEBUG  ]       → HTTP 200 | 4.5KB | enc:gzip | 0.39s
2026-03-28 14:12:50 BRT [DEBUG  ]   ✅  Klines WLFIUSDT 1H: 60 candles | 03/28 14:00 → 03/26 03:00
2026-03-28 14:12:50 BRT [DEBUG  ]   💾  Cache GRAVADO WLFIUSDT 1H: 60 candles
2026-03-28 14:12:50 BRT [DEBUG  ]   GET https://api.bitget.com/api/v2/mix/market/candles?productType=USDT-FUTURES&symbol...
2026-03-28 14:12:50 BRT [DEBUG  ]       → HTTP 200 | 5.0KB | enc:gzip | 0.39s
2026-03-28 14:12:50 BRT [DEBUG  ]   ✅  Klines DOGEUSDT 4H: 60 candles | 03/28 13:00 → 03/18 17:00
2026-03-28 14:12:50 BRT [DEBUG  ]   💾  Cache GRAVADO DOGEUSDT 4H: 60 candles
2026-03-28 14:12:50 BRT [DEBUG  ]   GET https://api.bitget.com/api/v2/mix/market/candles?productType=USDT-FUTURES&symbol...
2026-03-28 14:12:50 BRT [DEBUG  ]       → HTTP 200 | 4.8KB | enc:gzip | 0.39s
2026-03-28 14:12:50 BRT [DEBUG  ]   ✅  Klines CHZUSDT 15m: 60 candles | 03/28 14:00 → 03/27 23:15
2026-03-28 14:12:50 BRT [DEBUG  ]   GET https://api.bitget.com/api/v2/mix/market/candles?productType=USDT-FUTURES&symbol...
2026-03-28 14:12:50 BRT [DEBUG  ]       → HTTP 200 | 5.0KB | enc:gzip | 0.40s
2026-03-28 14:12:50 BRT [DEBUG  ]   ✅  Klines ONTUSDT 15m: 60 candles | 03/28 14:00 → 03/27 23:15
2026-03-28 14:12:50 BRT [DEBUG  ]   GET https://api.bitget.com/api/v2/mix/market/candles?productType=USDT-FUTURES&symbol...
2026-03-28 14:12:50 BRT [DEBUG  ]       → HTTP 200 | 5.0KB | enc:gzip | 0.40s
2026-03-28 14:12:50 BRT [DEBUG  ]   ✅  Klines DOGEUSDT 1H: 60 candles | 03/28 14:00 → 03/26 03:00
2026-03-28 14:12:50 BRT [DEBUG  ]   💾  Cache GRAVADO DOGEUSDT 1H: 60 candles
2026-03-28 14:12:50 BRT [DEBUG  ]   GET https://api.bitget.com/api/v2/mix/market/candles?productType=USDT-FUTURES&symbol...
2026-03-28 14:12:50 BRT [DEBUG  ]       → HTTP 200 | 5.0KB | enc:gzip | 0.40s
2026-03-28 14:12:50 BRT [DEBUG  ]   ✅  Klines APTUSDT 4H: 60 candles | 03/28 13:00 → 03/18 17:00
2026-03-28 14:12:50 BRT [DEBUG  ]   💾  Cache GRAVADO APTUSDT 4H: 60 candles
2026-03-28 14:12:50 BRT [DEBUG  ]   GET https://api.bitget.com/api/v2/mix/market/candles?productType=USDT-FUTURES&symbol...
2026-03-28 14:12:50 BRT [DEBUG  ]       → HTTP 200 | 4.9KB | enc:gzip | 0.40s
2026-03-28 14:12:50 BRT [DEBUG  ]   ✅  Klines XLMUSDT 4H: 60 candles | 03/28 13:00 → 03/18 17:00
2026-03-28 14:12:50 BRT [DEBUG  ]   💾  Cache GRAVADO XLMUSDT 4H: 60 candles
2026-03-28 14:12:50 BRT [DEBUG  ]   GET https://api.bitget.com/api/v2/mix/market/candles?productType=USDT-FUTURES&symbol...
2026-03-28 14:12:50 BRT [DEBUG  ]       → HTTP 200 | 4.7KB | enc:gzip | 0.41s
2026-03-28 14:12:50 BRT [DEBUG  ]   ✅  Klines TRXUSDT 15m: 60 candles | 03/28 14:00 → 03/27 23:15
2026-03-28 14:12:50 BRT [DEBUG  ]   GET https://api.bitget.com/api/v2/mix/market/candles?productType=USDT-FUTURES&symbol...
2026-03-28 14:12:50 BRT [DEBUG  ]       → HTTP 200 | 4.8KB | enc:gzip | 0.41s
2026-03-28 14:12:50 BRT [DEBUG  ]   ✅  Klines NIGHTUSDT 15m: 60 candles | 03/28 14:00 → 03/27 23:15
2026-03-28 14:12:50 BRT [DEBUG  ]   GET https://api.bitget.com/api/v2/mix/market/candles?productType=USDT-FUTURES&symbol...
2026-03-28 14:12:50 BRT [DEBUG  ]       → HTTP 200 | 4.4KB | enc:gzip | 0.41s
2026-03-28 14:12:50 BRT [DEBUG  ]   ✅  Klines WLFIUSDT 15m: 60 candles | 03/28 14:00 → 03/27 23:15
2026-03-28 14:12:50 BRT [DEBUG  ]   GET https://api.bitget.com/api/v2/mix/market/candles?productType=USDT-FUTURES&symbol...
2026-03-28 14:12:50 BRT [DEBUG  ]       → HTTP 200 | 4.8KB | enc:gzip | 0.41s
2026-03-28 14:12:50 BRT [DEBUG  ]   ✅  Klines NIGHTUSDT 1H: 60 candles | 03/28 14:00 → 03/26 03:00
2026-03-28 14:12:50 BRT [DEBUG  ]   💾  Cache GRAVADO NIGHTUSDT 1H: 60 candles
2026-03-28 14:12:50 BRT [DEBUG  ]   GET https://api.bitget.com/api/v2/mix/market/candles?productType=USDT-FUTURES&symbol...
2026-03-28 14:12:50 BRT [DEBUG  ]       → HTTP 200 | 4.8KB | enc:gzip | 0.41s
2026-03-28 14:12:50 BRT [DEBUG  ]   ✅  Klines SOLUSDT 4H: 60 candles | 03/28 13:00 → 03/18 17:00
2026-03-28 14:12:50 BRT [DEBUG  ]   💾  Cache GRAVADO SOLUSDT 4H: 60 candles
2026-03-28 14:12:50 BRT [DEBUG  ]   GET https://api.bitget.com/api/v2/mix/market/candles?productType=USDT-FUTURES&symbol...
2026-03-28 14:12:50 BRT [DEBUG  ]       → HTTP 200 | 4.3KB | enc:gzip | 0.42s
2026-03-28 14:12:50 BRT [DEBUG  ]   ✅  Klines DOTUSDT 4H: 60 candles | 03/28 13:00 → 03/18 17:00
2026-03-28 14:12:50 BRT [DEBUG  ]   💾  Cache GRAVADO DOTUSDT 4H: 60 candles
2026-03-28 14:12:50 BRT [DEBUG  ]   GET https://api.bitget.com/api/v2/mix/market/candles?productType=USDT-FUTURES&symbol...
2026-03-28 14:12:50 BRT [DEBUG  ]       → HTTP 200 | 5.0KB | enc:gzip | 0.43s
2026-03-28 14:12:50 BRT [DEBUG  ]   ✅  Klines ONTUSDT 4H: 60 candles | 03/28 13:00 → 03/18 17:00
2026-03-28 14:12:50 BRT [DEBUG  ]   💾  Cache GRAVADO ONTUSDT 4H: 60 candles
2026-03-28 14:12:50 BRT [DEBUG  ]   GET https://api.bitget.com/api/v2/mix/market/candles?productType=USDT-FUTURES&symbol...
2026-03-28 14:12:50 BRT [DEBUG  ]       → HTTP 200 | 4.9KB | enc:gzip | 0.43s
2026-03-28 14:12:50 BRT [DEBUG  ]   ✅  Klines NIGHTUSDT 4H: 60 candles | 03/28 13:00 → 03/18 17:00
2026-03-28 14:12:50 BRT [DEBUG  ]   💾  Cache GRAVADO NIGHTUSDT 4H: 60 candles
2026-03-28 14:12:50 BRT [DEBUG  ]   GET https://api.bitget.com/api/v2/mix/market/candles?productType=USDT-FUTURES&symbol...
2026-03-28 14:12:50 BRT [DEBUG  ]       → HTTP 200 | 4.6KB | enc:gzip | 0.43s
2026-03-28 14:12:50 BRT [DEBUG  ]   ✅  Klines SOLUSDT 15m: 60 candles | 03/28 14:00 → 03/27 23:15
2026-03-28 14:12:50 BRT [DEBUG  ]   GET https://api.bitget.com/api/v2/mix/market/candles?productType=USDT-FUTURES&symbol...
2026-03-28 14:12:50 BRT [DEBUG  ]       → HTTP 200 | 6.1KB | enc:gzip | 0.43s
2026-03-28 14:12:50 BRT [DEBUG  ]   ✅  Klines SHIBUSDT 4H: 60 candles | 03/28 13:00 → 03/18 17:00
2026-03-28 14:12:50 BRT [DEBUG  ]   💾  Cache GRAVADO SHIBUSDT 4H: 60 candles
2026-03-28 14:12:50 BRT [DEBUG  ]   GET https://api.bitget.com/api/v2/mix/market/candles?productType=USDT-FUTURES&symbol...
2026-03-28 14:12:50 BRT [DEBUG  ]       → HTTP 200 | 4.5KB | enc:gzip | 0.43s
2026-03-28 14:12:50 BRT [DEBUG  ]   ✅  Klines RIVERUSDT 1H: 60 candles | 03/28 14:00 → 03/26 03:00
2026-03-28 14:12:50 BRT [DEBUG  ]   💾  Cache GRAVADO RIVERUSDT 1H: 60 candles
2026-03-28 14:12:50 BRT [DEBUG  ]   GET https://api.bitget.com/api/v2/mix/market/candles?productType=USDT-FUTURES&symbol...
2026-03-28 14:12:50 BRT [DEBUG  ]       → HTTP 200 | 6.0KB | enc:gzip | 0.43s
2026-03-28 14:12:50 BRT [DEBUG  ]   ✅  Klines SHIBUSDT 1H: 60 candles | 03/28 14:00 → 03/26 03:00
2026-03-28 14:12:50 BRT [DEBUG  ]   💾  Cache GRAVADO SHIBUSDT 1H: 60 candles
2026-03-28 14:12:50 BRT [DEBUG  ]   GET https://api.bitget.com/api/v2/mix/market/candles?productType=USDT-FUTURES&symbol...
2026-03-28 14:12:50 BRT [DEBUG  ]       → HTTP 200 | 4.7KB | enc:gzip | 0.44s
2026-03-28 14:12:50 BRT [DEBUG  ]   ✅  Klines ONDOUSDT 15m: 60 candles | 03/28 14:00 → 03/27 23:15
2026-03-28 14:12:50 BRT [DEBUG  ]   GET https://api.bitget.com/api/v2/mix/market/candles?productType=USDT-FUTURES&symbol...
2026-03-28 14:12:50 BRT [DEBUG  ]       → HTTP 200 | 4.9KB | enc:gzip | 0.43s
2026-03-28 14:12:50 BRT [DEBUG  ]   ✅  Klines XLMUSDT 1H: 60 candles | 03/28 14:00 → 03/26 03:00
2026-03-28 14:12:50 BRT [DEBUG  ]   💾  Cache GRAVADO XLMUSDT 1H: 60 candles
2026-03-28 14:12:50 BRT [DEBUG  ]   GET https://api.bitget.com/api/v2/mix/market/candles?productType=USDT-FUTURES&symbol...
2026-03-28 14:12:50 BRT [DEBUG  ]       → HTTP 200 | 5.0KB | enc:gzip | 0.43s
2026-03-28 14:12:50 BRT [DEBUG  ]   ✅  Klines PIPPINUSDT 4H: 60 candles | 03/28 13:00 → 03/18 17:00
2026-03-28 14:12:50 BRT [DEBUG  ]   💾  Cache GRAVADO PIPPINUSDT 4H: 60 candles
2026-03-28 14:12:50 BRT [DEBUG  ]   GET https://api.bitget.com/api/v2/mix/market/candles?productType=USDT-FUTURES&symbol...
2026-03-28 14:12:50 BRT [DEBUG  ]       → HTTP 200 | 4.7KB | enc:gzip | 0.44s
2026-03-28 14:12:50 BRT [DEBUG  ]   ✅  Klines FILUSDT 1H: 60 candles | 03/28 14:00 → 03/26 03:00
2026-03-28 14:12:50 BRT [DEBUG  ]   💾  Cache GRAVADO FILUSDT 1H: 60 candles
2026-03-28 14:12:50 BRT [DEBUG  ]   GET https://api.bitget.com/api/v2/mix/market/candles?productType=USDT-FUTURES&symbol...
2026-03-28 14:12:50 BRT [DEBUG  ]       → HTTP 200 | 4.9KB | enc:gzip | 0.44s
2026-03-28 14:12:50 BRT [DEBUG  ]   ✅  Klines DOGEUSDT 15m: 60 candles | 03/28 14:00 → 03/27 23:15
2026-03-28 14:12:50 BRT [DEBUG  ]   GET https://api.bitget.com/api/v2/mix/market/candles?productType=USDT-FUTURES&symbol...
2026-03-28 14:12:50 BRT [DEBUG  ]       → HTTP 200 | 5.1KB | enc:gzip | 0.44s
2026-03-28 14:12:50 BRT [DEBUG  ]   ✅  Klines ONTUSDT 1H: 60 candles | 03/28 14:00 → 03/26 03:00
2026-03-28 14:12:50 BRT [DEBUG  ]   💾  Cache GRAVADO ONTUSDT 1H: 60 candles
2026-03-28 14:12:50 BRT [DEBUG  ]   GET https://api.bitget.com/api/v2/mix/market/candles?productType=USDT-FUTURES&symbol...
2026-03-28 14:12:50 BRT [DEBUG  ]       → HTTP 200 | 4.4KB | enc:gzip | 0.44s
2026-03-28 14:12:50 BRT [DEBUG  ]   ✅  Klines RIVERUSDT 15m: 60 candles | 03/28 14:00 → 03/27 23:15
2026-03-28 14:12:50 BRT [DEBUG  ]   GET https://api.bitget.com/api/v2/mix/market/candles?productType=USDT-FUTURES&symbol...
2026-03-28 14:12:50 BRT [DEBUG  ]       → HTTP 200 | 4.2KB | enc:gzip | 0.44s
2026-03-28 14:12:50 BRT [DEBUG  ]   ✅  Klines UNIUSDT 1H: 60 candles | 03/28 14:00 → 03/26 03:00
2026-03-28 14:12:50 BRT [DEBUG  ]   💾  Cache GRAVADO UNIUSDT 1H: 60 candles
2026-03-28 14:12:50 BRT [DEBUG  ]   GET https://api.bitget.com/api/v2/mix/market/candles?productType=USDT-FUTURES&symbol...
2026-03-28 14:12:50 BRT [DEBUG  ]       → HTTP 200 | 4.8KB | enc:gzip | 0.44s
2026-03-28 14:12:50 BRT [DEBUG  ]   ✅  Klines XLMUSDT 15m: 60 candles | 03/28 14:00 → 03/27 23:15
2026-03-28 14:12:50 BRT [DEBUG  ]   GET https://api.bitget.com/api/v2/mix/market/candles?productType=USDT-FUTURES&symbol...
2026-03-28 14:12:50 BRT [DEBUG  ]       → HTTP 200 | 4.7KB | enc:gzip | 0.44s
2026-03-28 14:12:50 BRT [DEBUG  ]   ✅  Klines SOLUSDT 1H: 60 candles | 03/28 14:00 → 03/26 03:00
2026-03-28 14:12:50 BRT [DEBUG  ]   💾  Cache GRAVADO SOLUSDT 1H: 60 candles
2026-03-28 14:12:50 BRT [DEBUG  ]   GET https://api.bitget.com/api/v2/mix/market/candles?productType=USDT-FUTURES&symbol...
2026-03-28 14:12:50 BRT [DEBUG  ]       → HTTP 200 | 5.0KB | enc:gzip | 0.44s
2026-03-28 14:12:50 BRT [DEBUG  ]   ✅  Klines PIPPINUSDT 1H: 60 candles | 03/28 14:00 → 03/26 03:00
2026-03-28 14:12:50 BRT [DEBUG  ]   💾  Cache GRAVADO PIPPINUSDT 1H: 60 candles
2026-03-28 14:12:50 BRT [DEBUG  ]   GET https://api.bitget.com/api/v2/mix/market/candles?productType=USDT-FUTURES&symbol...
2026-03-28 14:12:50 BRT [DEBUG  ]       → HTTP 200 | 4.6KB | enc:gzip | 0.44s
2026-03-28 14:12:50 BRT [DEBUG  ]   ✅  Klines WLFIUSDT 4H: 60 candles | 03/28 13:00 → 03/18 17:00
2026-03-28 14:12:50 BRT [DEBUG  ]   💾  Cache GRAVADO WLFIUSDT 4H: 60 candles
2026-03-28 14:12:50 BRT [DEBUG  ]   GET https://api.bitget.com/api/v2/mix/market/candles?productType=USDT-FUTURES&symbol...
2026-03-28 14:12:50 BRT [DEBUG  ]       → HTTP 200 | 6.0KB | enc:gzip | 0.45s
2026-03-28 14:12:50 BRT [DEBUG  ]   ✅  Klines SHIBUSDT 15m: 60 candles | 03/28 14:00 → 03/27 23:15
2026-03-28 14:12:50 BRT [DEBUG  ]   GET https://api.bitget.com/api/v2/mix/market/candles?productType=USDT-FUTURES&symbol...
2026-03-28 14:12:50 BRT [DEBUG  ]       → HTTP 200 | 4.4KB | enc:gzip | 0.45s
2026-03-28 14:12:50 BRT [DEBUG  ]   ✅  Klines ASTERUSDT 15m: 60 candles | 03/28 14:00 → 03/27 23:15
2026-03-28 14:12:50 BRT [DEBUG  ]   GET https://api.bitget.com/api/v2/mix/market/candles?productType=USDT-FUTURES&symbol...
2026-03-28 14:12:50 BRT [DEBUG  ]       → HTTP 200 | 4.9KB | enc:gzip | 0.44s
2026-03-28 14:12:50 BRT [DEBUG  ]   ✅  Klines TRXUSDT 4H: 60 candles | 03/28 13:00 → 03/18 17:00
2026-03-28 14:12:50 BRT [DEBUG  ]   💾  Cache GRAVADO TRXUSDT 4H: 60 candles
2026-03-28 14:12:50 BRT [DEBUG  ]   GET https://api.bitget.com/api/v2/mix/market/candles?productType=USDT-FUTURES&symbol...
2026-03-28 14:12:50 BRT [DEBUG  ]       → HTTP 200 | 4.7KB | enc:gzip | 0.45s
2026-03-28 14:12:50 BRT [DEBUG  ]   ✅  Klines HYPEUSDT 15m: 60 candles | 03/28 14:00 → 03/27 23:15
2026-03-28 14:12:50 BRT [DEBUG  ]   GET https://api.bitget.com/api/v2/mix/market/candles?productType=USDT-FUTURES&symbol...
2026-03-28 14:12:50 BRT [DEBUG  ]       → HTTP 200 | 4.7KB | enc:gzip | 0.45s
2026-03-28 14:12:50 BRT [DEBUG  ]   ✅  Klines HYPEUSDT 1H: 60 candles | 03/28 14:00 → 03/26 03:00
2026-03-28 14:12:50 BRT [DEBUG  ]   💾  Cache GRAVADO HYPEUSDT 1H: 60 candles
2026-03-28 14:12:50 BRT [DEBUG  ]   GET https://api.bitget.com/api/v2/mix/market/candles?productType=USDT-FUTURES&symbol...
2026-03-28 14:12:50 BRT [DEBUG  ]       → HTTP 200 | 4.8KB | enc:gzip | 0.60s
2026-03-28 14:12:50 BRT [DEBUG  ]   ✅  Klines CHZUSDT 1H: 60 candles | 03/28 14:00 → 03/26 03:00
2026-03-28 14:12:50 BRT [DEBUG  ]   💾  Cache GRAVADO CHZUSDT 1H: 60 candles
2026-03-28 14:12:50 BRT [DEBUG  ]   GET https://api.bitget.com/api/v2/mix/market/candles?productType=USDT-FUTURES&symbol...
2026-03-28 14:12:50 BRT [DEBUG  ]       → HTTP 200 | 4.8KB | enc:gzip | 0.60s
2026-03-28 14:12:50 BRT [DEBUG  ]   ✅  Klines ONDOUSDT 4H: 60 candles | 03/28 13:00 → 03/18 17:00
2026-03-28 14:12:50 BRT [DEBUG  ]   💾  Cache GRAVADO ONDOUSDT 4H: 60 candles
2026-03-28 14:12:50 BRT [DEBUG  ]   GET https://api.bitget.com/api/v2/mix/market/candles?productType=USDT-FUTURES&symbol...
2026-03-28 14:12:50 BRT [DEBUG  ]       → HTTP 200 | 4.6KB | enc:gzip | 0.62s
2026-03-28 14:12:50 BRT [DEBUG  ]   ✅  Klines ASTERUSDT 4H: 60 candles | 03/28 13:00 → 03/18 17:00
2026-03-28 14:12:50 BRT [DEBUG  ]   💾  Cache GRAVADO ASTERUSDT 4H: 60 candles
2026-03-28 14:12:50 BRT [DEBUG  ]   GET https://api.bitget.com/api/v2/mix/market/candles?productType=USDT-FUTURES&symbol...
2026-03-28 14:12:50 BRT [DEBUG  ]       → HTTP 200 | 4.9KB | enc:gzip | 0.63s
2026-03-28 14:12:50 BRT [DEBUG  ]   ✅  Klines PIPPINUSDT 15m: 60 candles | 03/28 14:00 → 03/27 23:15
2026-03-28 14:12:50 BRT [DEBUG  ]   GET https://api.bitget.com/api/v2/mix/market/candles?productType=USDT-FUTURES&symbol...
2026-03-28 14:12:50 BRT [DEBUG  ]       → HTTP 200 | 4.2KB | enc:gzip | 0.63s
2026-03-28 14:12:50 BRT [DEBUG  ]   ✅  Klines DOTUSDT 1H: 60 candles | 03/28 14:00 → 03/26 03:00
2026-03-28 14:12:50 BRT [DEBUG  ]   💾  Cache GRAVADO DOTUSDT 1H: 60 candles
2026-03-28 14:12:50 BRT [DEBUG  ]   GET https://api.bitget.com/api/v2/mix/market/candles?productType=USDT-FUTURES&symbol...
2026-03-28 14:12:50 BRT [DEBUG  ]       → HTTP 200 | 4.6KB | enc:gzip | 0.63s
2026-03-28 14:12:50 BRT [DEBUG  ]   ✅  Klines FILUSDT 15m: 60 candles | 03/28 14:00 → 03/27 23:15
2026-03-28 14:12:50 BRT [DEBUG  ]   GET https://api.bitget.com/api/v2/mix/market/candles?productType=USDT-FUTURES&symbol...
2026-03-28 14:12:50 BRT [DEBUG  ]       → HTTP 200 | 4.8KB | enc:gzip | 0.63s
2026-03-28 14:12:50 BRT [DEBUG  ]   ✅  Klines ONDOUSDT 1H: 60 candles | 03/28 14:00 → 03/26 03:00
2026-03-28 14:12:50 BRT [DEBUG  ]   💾  Cache GRAVADO ONDOUSDT 1H: 60 candles
2026-03-28 14:12:50 BRT [DEBUG  ]   GET https://api.bitget.com/api/v2/mix/market/candles?productType=USDT-FUTURES&symbol...
2026-03-28 14:12:50 BRT [DEBUG  ]       → HTTP 200 | 4.5KB | enc:gzip | 0.64s
2026-03-28 14:12:50 BRT [DEBUG  ]   ✅  Klines ASTERUSDT 1H: 60 candles | 03/28 14:00 → 03/26 03:00
2026-03-28 14:12:50 BRT [DEBUG  ]   💾  Cache GRAVADO ASTERUSDT 1H: 60 candles
2026-03-28 14:12:50 BRT [DEBUG  ]   GET https://api.bitget.com/api/v2/mix/market/candles?productType=USDT-FUTURES&symbol...
2026-03-28 14:12:50 BRT [DEBUG  ]       → HTTP 200 | 4.6KB | enc:gzip | 0.64s
2026-03-28 14:12:50 BRT [DEBUG  ]   ✅  Klines RIVERUSDT 4H: 60 candles | 03/28 13:00 → 03/18 17:00
2026-03-28 14:12:50 BRT [DEBUG  ]   💾  Cache GRAVADO RIVERUSDT 4H: 60 candles
2026-03-28 14:12:50 BRT [DEBUG  ]   GET https://api.bitget.com/api/v2/mix/market/candles?productType=USDT-FUTURES&symbol...
2026-03-28 14:12:50 BRT [DEBUG  ]       → HTTP 200 | 4.9KB | enc:gzip | 0.65s
2026-03-28 14:12:50 BRT [DEBUG  ]   ✅  Klines CHZUSDT 4H: 60 candles | 03/28 13:00 → 03/18 17:00
2026-03-28 14:12:50 BRT [DEBUG  ]   💾  Cache GRAVADO CHZUSDT 4H: 60 candles
2026-03-28 14:12:50 BRT [DEBUG  ]   GET https://api.bitget.com/api/v2/mix/market/candles?productType=USDT-FUTURES&symbol...
2026-03-28 14:12:50 BRT [DEBUG  ]       → HTTP 200 | 4.8KB | enc:gzip | 0.68s
2026-03-28 14:12:50 BRT [DEBUG  ]   ✅  Klines FILUSDT 4H: 60 candles | 03/28 13:00 → 03/18 17:00
2026-03-28 14:12:50 BRT [DEBUG  ]   💾  Cache GRAVADO FILUSDT 4H: 60 candles
2026-03-28 14:12:50 BRT [DEBUG  ]   GET https://api.bitget.com/api/v2/mix/market/candles?productType=USDT-FUTURES&symbol...
2026-03-28 14:12:50 BRT [DEBUG  ]       → HTTP 200 | 4.9KB | enc:gzip | 0.68s
2026-03-28 14:12:50 BRT [DEBUG  ]   ✅  Klines APTUSDT 1H: 60 candles | 03/28 14:00 → 03/26 03:00
2026-03-28 14:12:50 BRT [DEBUG  ]   💾  Cache GRAVADO APTUSDT 1H: 60 candles
2026-03-28 14:12:50 BRT [INFO   ]   ─ LONG HYPE: 15m=60 | 1H=60 | 4H=60
2026-03-28 14:12:50 BRT [INFO   ]   SCORE HYPE [LONG]: 6/25 | DQ=100% | klines: 15m=✅ 1H=✅ 4H=✅
2026-03-28 14:12:50 BRT [INFO   ]     Contexto 4H               +0/0 · BUY (contexto, não pontuado)
2026-03-28 14:12:50 BRT [INFO   ]     P4 Liquidez 4H            +1/3 █ OB 4H (39.4910-40.3350)
2026-03-28 14:12:50 BRT [INFO   ]     P5 Figuras 4H             +0/2 · Sem figuras claras no 4H
2026-03-28 14:12:50 BRT [INFO   ]     P6 CHOCH/BOS 4H           +0/3 · Sem estrutura bullish no 4H
2026-03-28 14:12:50 BRT [INFO   ]     P-1H Suporte 1H           +2/4 ██ Order Block 1H (38.8180-39.0340)
2026-03-28 14:12:50 BRT [INFO   ]     P1 Bollinger 15m          +2/3 ██ BB inferior (8%)
2026-03-28 14:12:50 BRT [INFO   ]     P2 Candles 15m            +0/4 · Nenhum
2026-03-28 14:12:50 BRT [INFO   ]     P3 Funding Rate           +0/2 · 0.0017% (neutro)
2026-03-28 14:12:50 BRT [INFO   ]     P7 Filtro Pump/Dump       +0/0 · OK (3.2%)
2026-03-28 14:12:50 BRT [INFO   ]     P8 Volume 15m             +0/2 · Volume fraco (0.5x < 1.2x)
2026-03-28 14:12:50 BRT [INFO   ]     P9 OI Crescente           +1/2 █ OI +8.5% vs média (52.5M) — fluxo moderado
2026-03-28 14:12:50 BRT [DEBUG  ]     TradeParams LONG: SL=0.73% | notional=$687 | alav_margem=19.6x → cap=2x → alav=2.0x | margem=$343.64 ⚠️MARGEM $344>35 | risco=$5.00 | ganho=$10.00
2026-03-28 14:12:50 BRT [INFO   ]   📈 LONG HYPE: score=6/25 | entry=39.7890 | SL=0.73% | alav=2.0x ✅
2026-03-28 14:12:50 BRT [INFO   ]   ─ LONG PIPPIN: 15m=60 | 1H=60 | 4H=60
2026-03-28 14:12:50 BRT [DEBUG  ]     find_swing_points: fallback window=3 aplicado (window=5 insuficiente: 6H/5L → 6H/5L)
2026-03-28 14:12:50 BRT [DEBUG  ]     find_swing_points: fallback window=3 aplicado (window=5 insuficiente: 6H/5L → 6H/5L)
2026-03-28 14:12:50 BRT [DEBUG  ]     find_swing_points: fallback window=3 aplicado (window=5 insuficiente: 6H/5L → 6H/5L)
2026-03-28 14:12:50 BRT [DEBUG  ]   SCORE PIPPIN [LONG]: 4/25 | DQ=100% (abaixo do radar)
2026-03-28 14:12:50 BRT [DEBUG  ]     TradeParams LONG: SL=3.20% | notional=$156 | alav_margem=4.5x → cap=2x → alav=2.0x | margem=$78.08 ⚠️MARGEM $78>35 | risco=$5.00 | ganho=$10.00
2026-03-28 14:12:50 BRT [INFO   ]   📈 LONG PIPPIN: score=4/25 | entry=0.0570 | SL=3.20% | alav=2.0x ✅
2026-03-28 14:12:50 BRT [INFO   ]   ─ LONG ONT: 15m=60 | 1H=60 | 4H=60
2026-03-28 14:12:50 BRT [DEBUG  ]     find_swing_points: fallback window=3 aplicado (window=5 insuficiente: 5H/4L → 5H/4L)
2026-03-28 14:12:50 BRT [DEBUG  ]     find_swing_points: fallback window=3 aplicado (window=5 insuficiente: 5H/4L → 5H/4L)
2026-03-28 14:12:50 BRT [DEBUG  ]     find_swing_points: fallback window=3 aplicado (window=5 insuficiente: 5H/4L → 5H/4L)
2026-03-28 14:12:50 BRT [DEBUG  ]     find_swing_points: fallback window=3 aplicado (window=5 insuficiente: 5H/6L → 5H/6L)
2026-03-28 14:12:50 BRT [INFO   ]   SCORE ONT [LONG]: 6/25 | DQ=100% | klines: 15m=✅ 1H=✅ 4H=✅
2026-03-28 14:12:50 BRT [INFO   ]     Contexto 4H               +0/0 · STRONG_BUY (contexto, não pontuado)
2026-03-28 14:12:50 BRT [INFO   ]     P4 Liquidez 4H            +0/3 · Longe de zonas de liquidez 4H
2026-03-28 14:12:50 BRT [INFO   ]     P5 Figuras 4H             +0/2 · Sem figuras claras no 4H
2026-03-28 14:12:50 BRT [INFO   ]     P6 CHOCH/BOS 4H           +3/3 ███ CHOCH Bullish 4H (reversão confirmada)
2026-03-28 14:12:50 BRT [INFO   ]     P-1H Suporte 1H           +2/4 ██ Suporte 1H em 0.0607 (1.83% abaixo)
2026-03-28 14:12:50 BRT [INFO   ]     P1 Bollinger 15m          +0/3 · BB neutro (35%)
2026-03-28 14:12:50 BRT [INFO   ]     P2 Candles 15m            +0/4 · Nenhum
2026-03-28 14:12:50 BRT [INFO   ]     P3 Funding Rate           +1/2 █ -0.0101% (leve negativo)
2026-03-28 14:12:50 BRT [INFO   ]     P7 Filtro Pump/Dump       +0/0 · OK (19.7%)
2026-03-28 14:12:50 BRT [INFO   ]     P8 Volume 15m             +0/2 · Volume fraco (0.2x < 1.2x)
2026-03-28 14:12:50 BRT [INFO   ]     P9 OI Crescente           +0/2 · OI sem histórico ainda (6.0M USD)
2026-03-28 14:12:50 BRT [DEBUG  ]     TradeParams LONG: SL=2.67% | notional=$187 | alav_margem=5.4x → cap=2x → alav=2.0x | margem=$93.71 ⚠️MARGEM $94>35 | risco=$5.00 | ganho=$10.00
2026-03-28 14:12:50 BRT [INFO   ]   📈 LONG ONT: score=6/25 | entry=0.0619 | SL=2.67% | alav=2.0x ✅
2026-03-28 14:12:50 BRT [INFO   ]   ─ LONG NIGHT: 15m=60 | 1H=60 | 4H=60
2026-03-28 14:12:50 BRT [DEBUG  ]     find_swing_points: fallback window=3 aplicado (window=5 insuficiente: 5H/5L → 5H/5L)
2026-03-28 14:12:50 BRT [INFO   ]   SCORE NIGHT [LONG]: 6/25 | DQ=100% | klines: 15m=✅ 1H=✅ 4H=✅
2026-03-28 14:12:50 BRT [INFO   ]     Contexto 4H               +0/0 · BUY (contexto, não pontuado)
2026-03-28 14:12:50 BRT [INFO   ]     P4 Liquidez 4H            +0/3 · Longe de zonas de liquidez 4H
2026-03-28 14:12:50 BRT [INFO   ]     P5 Figuras 4H             +0/2 · Sem figuras claras no 4H
2026-03-28 14:12:50 BRT [INFO   ]     P6 CHOCH/BOS 4H           +3/3 ███ CHOCH Bullish 4H (reversão confirmada)
2026-03-28 14:12:50 BRT [INFO   ]     P-1H Suporte 1H           +2/4 ██ Order Block 1H (0.0516-0.0525)
2026-03-28 14:12:50 BRT [INFO   ]     P1 Bollinger 15m          +0/3 · BB neutro (45%)
2026-03-28 14:12:50 BRT [INFO   ]     P2 Candles 15m            +0/4 · Nenhum
2026-03-28 14:12:50 BRT [INFO   ]     P3 Funding Rate           +1/2 █ -0.0141% (leve negativo)
2026-03-28 14:12:50 BRT [INFO   ]     P7 Filtro Pump/Dump       +0/0 · OK (13.0%)
2026-03-28 14:12:50 BRT [INFO   ]     P8 Volume 15m             +0/2 · Volume fraco (1.2x < 1.2x)
2026-03-28 14:12:50 BRT [INFO   ]     P9 OI Crescente           +0/2 · OI sem histórico ainda (6.0M USD)
2026-03-28 14:12:50 BRT [DEBUG  ]     TradeParams LONG: SL=2.39% | notional=$209 | alav_margem=6.0x → cap=2x → alav=2.0x | margem=$104.53 ⚠️MARGEM $105>35 | risco=$5.00 | ganho=$10.00
2026-03-28 14:12:50 BRT [INFO   ]   📈 LONG NIGHT: score=6/25 | entry=0.0516 | SL=2.39% | alav=2.0x ✅
2026-03-28 14:12:50 BRT [INFO   ]   ─ LONG WLFI: 15m=60 | 1H=60 | 4H=60
2026-03-28 14:12:50 BRT [DEBUG  ]     find_swing_points: fallback window=3 aplicado (window=5 insuficiente: 4H/8L → 4H/8L)
2026-03-28 14:12:50 BRT [DEBUG  ]     find_swing_points: fallback window=3 aplicado (window=5 insuficiente: 4H/8L → 4H/8L)
2026-03-28 14:12:50 BRT [DEBUG  ]     find_swing_points: fallback window=3 aplicado (window=5 insuficiente: 4H/8L → 4H/8L)
2026-03-28 14:12:50 BRT [DEBUG  ]     find_swing_points: fallback window=3 aplicado (window=5 insuficiente: 7H/5L → 7H/5L)
2026-03-28 14:12:50 BRT [INFO   ]   SCORE WLFI [LONG]: 11/25 | DQ=100% | klines: 15m=✅ 1H=✅ 4H=✅
2026-03-28 14:12:50 BRT [INFO   ]     Contexto 4H               +0/0 · BUY (contexto, não pontuado)
2026-03-28 14:12:50 BRT [INFO   ]     P4 Liquidez 4H            +3/3 ███ Suporte 4H 0.0999 (0.10%) | OB 4H (0.0972-0.0989) | Confluência S/R+OB
2026-03-28 14:12:50 BRT [INFO   ]     P5 Figuras 4H             +2/2 ██ Falling Wedge (reversão bullish)
2026-03-28 14:12:50 BRT [INFO   ]     P6 CHOCH/BOS 4H           +3/3 ███ CHOCH Bullish 4H (reversão confirmada)
2026-03-28 14:12:50 BRT [INFO   ]     P-1H Suporte 1H           +2/4 ██ Suporte 1H em 0.0977 (2.30% abaixo)
2026-03-28 14:12:50 BRT [INFO   ]     P1 Bollinger 15m          +0/3 · BB neutro (80%)
2026-03-28 14:12:50 BRT [INFO   ]     P2 Candles 15m            +0/4 · Nenhum
2026-03-28 14:12:50 BRT [INFO   ]     P3 Funding Rate           +1/2 █ -0.0188% (leve negativo)
2026-03-28 14:12:50 BRT [INFO   ]     P7 Filtro Pump/Dump       +0/0 · OK (2.1%)
2026-03-28 14:12:50 BRT [INFO   ]     P8 Volume 15m             +0/2 · Volume fraco (0.7x < 1.2x)
2026-03-28 14:12:50 BRT [INFO   ]     P9 OI Crescente           +0/2 · OI estável (-4.0% vs média, 11.8M)
2026-03-28 14:12:50 BRT [DEBUG  ]     TradeParams LONG: SL=0.79% | notional=$632 | alav_margem=18.1x → cap=2x → alav=2.0x | margem=$316.16 ⚠️MARGEM $316>35 | risco=$5.00 | ganho=$10.00
2026-03-28 14:12:50 BRT [INFO   ]   📈 LONG WLFI: score=11/25 | entry=0.1000 | SL=0.79% | alav=2.0x ✅
2026-03-28 14:12:50 BRT [INFO   ]   ─ LONG ASTER: 15m=60 | 1H=60 | 4H=60
2026-03-28 14:12:51 BRT [INFO   ]   SCORE ASTER [LONG]: 8/25 | DQ=100% | klines: 15m=✅ 1H=✅ 4H=✅
2026-03-28 14:12:51 BRT [INFO   ]     Contexto 4H               +0/0 · NEUTRAL (contexto, não pontuado)
2026-03-28 14:12:51 BRT [INFO   ]     P4 Liquidez 4H            +3/3 ███ Suporte 4H 0.6555 (1.37%) | OB 4H (0.6681-0.6844) | Confluência S/R+OB
2026-03-28 14:12:51 BRT [INFO   ]     P5 Figuras 4H             +0/2 · Sem figuras claras no 4H
2026-03-28 14:12:51 BRT [INFO   ]     P6 CHOCH/BOS 4H           +0/3 · Sem estrutura bullish no 4H
2026-03-28 14:12:51 BRT [INFO   ]     P-1H Suporte 1H           +4/4 ████ Suporte 1H em 0.6576 (1.05% abaixo) | Order Block 1H (0.6527-0.6610)
2026-03-28 14:12:51 BRT [INFO   ]     P1 Bollinger 15m          +0/3 · BB neutro (57%)
2026-03-28 14:12:51 BRT [INFO   ]     P2 Candles 15m            +0/4 · Nenhum
2026-03-28 14:12:51 BRT [INFO   ]     P3 Funding Rate           +1/2 █ -0.0009% (leve negativo)
2026-03-28 14:12:51 BRT [INFO   ]     P7 Filtro Pump/Dump       +0/0 · OK (0.4%)
2026-03-28 14:12:51 BRT [INFO   ]     P8 Volume 15m             +0/2 · Volume fraco (0.7x < 1.2x)
2026-03-28 14:12:51 BRT [INFO   ]     P9 OI Crescente           +0/2 · OI estável (+1.1% vs média, 7.7M)
2026-03-28 14:12:51 BRT [DEBUG  ]     TradeParams LONG: SL=0.33% | notional=$1514 | alav_margem=43.3x → cap=2x → alav=2.0x | margem=$757.22 ⚠️MARGEM $757>35 | risco=$5.00 | ganho=$10.00
2026-03-28 14:12:51 BRT [INFO   ]   📈 LONG ASTER: score=8/25 | entry=0.6646 | SL=0.33% | alav=2.0x ✅
2026-03-28 14:12:51 BRT [INFO   ]   ─ LONG SHIB: 15m=60 | 1H=60 | 4H=60
2026-03-28 14:12:51 BRT [DEBUG  ]     find_swing_points: fallback window=3 aplicado (window=5 insuficiente: 3H/6L → 3H/6L)
2026-03-28 14:12:51 BRT [DEBUG  ]     find_swing_points: fallback window=3 aplicado (window=5 insuficiente: 3H/6L → 3H/6L)
2026-03-28 14:12:51 BRT [DEBUG  ]     find_swing_points: fallback window=3 aplicado (window=5 insuficiente: 3H/6L → 3H/6L)
2026-03-28 14:12:51 BRT [DEBUG  ]     find_swing_points: fallback window=3 aplicado (window=5 insuficiente: 5H/7L → 5H/7L)
2026-03-28 14:12:51 BRT [INFO   ]   SCORE SHIB [LONG]: 7/25 | DQ=100% | klines: 15m=✅ 1H=✅ 4H=✅
2026-03-28 14:12:51 BRT [INFO   ]     Contexto 4H               +0/0 · BUY (contexto, não pontuado)
2026-03-28 14:12:51 BRT [INFO   ]     P4 Liquidez 4H            +3/3 ███ Suporte 4H 0.0000 (0.81%) | OB 4H (0.0000-0.0000) | Confluência S/R+OB
2026-03-28 14:12:51 BRT [INFO   ]     P5 Figuras 4H             +0/2 · Sem figuras claras no 4H
2026-03-28 14:12:51 BRT [INFO   ]     P6 CHOCH/BOS 4H           +0/3 · Sem estrutura bullish no 4H
2026-03-28 14:12:51 BRT [INFO   ]     P-1H Suporte 1H           +4/4 ████ Suporte 1H em 0.0000 (1.18% abaixo) | Order Block 1H (0.0000-0.0000)
2026-03-28 14:12:51 BRT [INFO   ]     P1 Bollinger 15m          +0/3 · BB neutro (78%)
2026-03-28 14:12:51 BRT [INFO   ]     P2 Candles 15m            +0/4 · Nenhum
2026-03-28 14:12:51 BRT [INFO   ]     P3 Funding Rate           +0/2 · 0.0100% (neutro)
2026-03-28 14:12:51 BRT [INFO   ]     P7 Filtro Pump/Dump       +0/0 · OK (3.0%)
2026-03-28 14:12:51 BRT [INFO   ]     P8 Volume 15m             +0/2 · Volume fraco (0.5x < 1.2x)
2026-03-28 14:12:51 BRT [INFO   ]     P9 OI Crescente           +0/2 · OI estável (+1.9% vs média, 8.8M)
2026-03-28 14:12:51 BRT [DEBUG  ]     TradeParams LONG: SL=0.69% | notional=$720 | alav_margem=20.6x → cap=2x → alav=2.0x | margem=$360.00 ⚠️MARGEM $360>35 | risco=$5.00 | ganho=$10.00
2026-03-28 14:12:51 BRT [INFO   ]   📈 LONG SHIB: score=7/25 | entry=0.0000 | SL=0.69% | alav=2.0x ✅
2026-03-28 14:12:51 BRT [INFO   ]   ─ LONG DOGE: 15m=60 | 1H=60 | 4H=60
2026-03-28 14:12:51 BRT [DEBUG  ]     find_swing_points: fallback window=3 aplicado (window=5 insuficiente: 6H/6L → 6H/6L)
2026-03-28 14:12:51 BRT [INFO   ]   SCORE DOGE [LONG]: 6/25 | DQ=100% | klines: 15m=✅ 1H=✅ 4H=✅
2026-03-28 14:12:51 BRT [INFO   ]     Contexto 4H               +0/0 · NEUTRAL (contexto, não pontuado)
2026-03-28 14:12:51 BRT [INFO   ]     P4 Liquidez 4H            +3/3 ███ Suporte 4H 0.0917 (1.47%) | OB 4H (0.0928-0.0940) | Confluência S/R+OB
2026-03-28 14:12:51 BRT [INFO   ]     P5 Figuras 4H             +1/2 █ Cunha Descendente (pullback)
2026-03-28 14:12:51 BRT [INFO   ]     P6 CHOCH/BOS 4H           +0/3 · Sem estrutura bullish no 4H
2026-03-28 14:12:51 BRT [INFO   ]     P-1H Suporte 1H           +2/4 ██ Suporte 1H em 0.0911 (2.15% abaixo)
2026-03-28 14:12:51 BRT [INFO   ]     P1 Bollinger 15m          +0/3 · BB neutro (54%)
2026-03-28 14:12:51 BRT [INFO   ]     P2 Candles 15m            +0/4 · Nenhum
2026-03-28 14:12:51 BRT [INFO   ]     P3 Funding Rate           +0/2 · 0.0100% (neutro)
2026-03-28 14:12:51 BRT [INFO   ]     P7 Filtro Pump/Dump       +0/0 · OK (3.2%)
2026-03-28 14:12:51 BRT [INFO   ]     P8 Volume 15m             +0/2 · Volume fraco (0.4x < 1.2x)
2026-03-28 14:12:51 BRT [INFO   ]     P9 OI Crescente           +0/2 · OI estável (-1.3% vs média, 94.5M)
2026-03-28 14:12:51 BRT [DEBUG  ]     TradeParams LONG: SL=0.87% | notional=$576 | alav_margem=16.5x → cap=2x → alav=2.0x | margem=$288.18 ⚠️MARGEM $288>35 | risco=$5.00 | ganho=$10.00
2026-03-28 14:12:51 BRT [INFO   ]   📈 LONG DOGE: score=6/25 | entry=0.0931 | SL=0.87% | alav=2.0x ✅
2026-03-28 14:12:51 BRT [INFO   ]   ─ LONG CHZ: 15m=60 | 1H=60 | 4H=60
2026-03-28 14:12:51 BRT [DEBUG  ]     find_swing_points: fallback window=3 aplicado (window=5 insuficiente: 6H/6L → 6H/6L)
2026-03-28 14:12:51 BRT [DEBUG  ]     find_swing_points: fallback window=3 aplicado (window=5 insuficiente: 6H/6L → 6H/6L)
2026-03-28 14:12:51 BRT [DEBUG  ]     find_swing_points: fallback window=3 aplicado (window=5 insuficiente: 6H/6L → 6H/6L)
2026-03-28 14:12:51 BRT [DEBUG  ]     find_swing_points: fallback window=3 aplicado (window=5 insuficiente: 4H/5L → 4H/5L)
2026-03-28 14:12:51 BRT [DEBUG  ]   SCORE CHZ [LONG]: 3/25 | DQ=100% (abaixo do radar)
2026-03-28 14:12:51 BRT [DEBUG  ]     TradeParams LONG: SL=2.09% | notional=$239 | alav_margem=6.8x → cap=2x → alav=2.0x | margem=$119.67 ⚠️MARGEM $120>35 | risco=$5.00 | ganho=$10.00
2026-03-28 14:12:51 BRT [INFO   ]   📈 LONG CHZ: score=3/25 | entry=0.0401 | SL=2.09% | alav=2.0x ✅
2026-03-28 14:12:51 BRT [INFO   ]   ─ LONG ONDO: 15m=60 | 1H=60 | 4H=60
2026-03-28 14:12:51 BRT [INFO   ]   SCORE ONDO [LONG]: 7/25 | DQ=100% | klines: 15m=✅ 1H=✅ 4H=✅
2026-03-28 14:12:51 BRT [INFO   ]     Contexto 4H               +0/0 · STRONG_BUY (contexto, não pontuado)
2026-03-28 14:12:51 BRT [INFO   ]     P4 Liquidez 4H            +0/3 · Longe de zonas de liquidez 4H
2026-03-28 14:12:51 BRT [INFO   ]     P5 Figuras 4H             +1/2 █ Cunha Descendente (pullback)
2026-03-28 14:12:51 BRT [INFO   ]     P6 CHOCH/BOS 4H           +3/3 ███ CHOCH Bullish 4H (reversão confirmada)
2026-03-28 14:12:51 BRT [INFO   ]     P-1H Suporte 1H           +2/4 ██ Order Block 1H (0.2799-0.2842)
2026-03-28 14:12:51 BRT [INFO   ]     P1 Bollinger 15m          +0/3 · BB neutro (76%)
2026-03-28 14:12:51 BRT [INFO   ]     P2 Candles 15m            +0/4 · Nenhum
2026-03-28 14:12:51 BRT [INFO   ]     P3 Funding Rate           +0/2 · 0.0050% (neutro)
2026-03-28 14:12:51 BRT [INFO   ]     P7 Filtro Pump/Dump       +0/0 · OK (3.8%)
2026-03-28 14:12:51 BRT [INFO   ]     P8 Volume 15m             +1/2 █ Volume adequado (1.6x média)
2026-03-28 14:12:51 BRT [INFO   ]     P9 OI Crescente           +0/2 · OI estável (+2.5% vs média, 7.7M)
2026-03-28 14:12:51 BRT [DEBUG  ]     TradeParams LONG: SL=1.23% | notional=$407 | alav_margem=11.6x → cap=2x → alav=2.0x | margem=$203.66 ⚠️MARGEM $204>35 | risco=$5.00 | ganho=$10.00
2026-03-28 14:12:51 BRT [INFO   ]   📈 LONG ONDO: score=7/25 | entry=0.2767 | SL=1.23% | alav=2.0x ✅
2026-03-28 14:12:51 BRT [INFO   ]   ─ LONG TRX: 15m=60 | 1H=60 | 4H=60
2026-03-28 14:12:51 BRT [DEBUG  ]     find_swing_points: fallback window=3 aplicado (window=5 insuficiente: 5H/6L → 5H/6L)
2026-03-28 14:12:51 BRT [INFO   ]   SCORE TRX [LONG]: 5/25 | DQ=100% | klines: 15m=✅ 1H=✅ 4H=✅
2026-03-28 14:12:51 BRT [INFO   ]     Contexto 4H               +0/0 · STRONG_BUY (contexto, não pontuado)
2026-03-28 14:12:51 BRT [INFO   ]     P4 Liquidez 4H            +1/3 █ OB 4H (0.3100-0.3178)
2026-03-28 14:12:51 BRT [INFO   ]     P5 Figuras 4H             +0/2 · Sem figuras claras no 4H
2026-03-28 14:12:51 BRT [INFO   ]     P6 CHOCH/BOS 4H           +0/3 · Sem estrutura bullish no 4H
2026-03-28 14:12:51 BRT [INFO   ]     P-1H Suporte 1H           +4/4 ████ Suporte 1H em 0.3103 (1.92% abaixo) | Order Block 1H (0.3106-0.3118)
2026-03-28 14:12:51 BRT [INFO   ]     P1 Bollinger 15m          +0/3 · BB neutro (75%)
2026-03-28 14:12:51 BRT [INFO   ]     P2 Candles 15m            +0/4 · Nenhum
2026-03-28 14:12:51 BRT [INFO   ]     P3 Funding Rate           +0/2 · 0.0042% (neutro)
2026-03-28 14:12:51 BRT [INFO   ]     P7 Filtro Pump/Dump       +0/0 · OK (2.4%)
2026-03-28 14:12:51 BRT [INFO   ]     P8 Volume 15m             +0/2 · Volume fraco (0.8x < 1.2x)
2026-03-28 14:12:51 BRT [INFO   ]     P9 OI Crescente           +0/2 · OI estável (+1.2% vs média, 14.9M)
2026-03-28 14:12:51 BRT [DEBUG  ]     TradeParams LONG: SL=0.40% | notional=$1261 | alav_margem=36.0x → cap=2x → alav=2.0x | margem=$630.69 ⚠️MARGEM $631>35 | risco=$5.00 | ganho=$10.00
2026-03-28 14:12:51 BRT [INFO   ]   📈 LONG TRX: score=5/25 | entry=0.3164 | SL=0.40% | alav=2.0x ✅
2026-03-28 14:12:51 BRT [INFO   ]   ─ LONG XLM: 15m=60 | 1H=60 | 4H=60
2026-03-28 14:12:51 BRT [DEBUG  ]     find_swing_points: fallback window=3 aplicado (window=5 insuficiente: 3H/6L → 3H/6L)
2026-03-28 14:12:51 BRT [DEBUG  ]     find_swing_points: fallback window=3 aplicado (window=5 insuficiente: 3H/6L → 3H/6L)
2026-03-28 14:12:51 BRT [DEBUG  ]     find_swing_points: fallback window=3 aplicado (window=5 insuficiente: 3H/6L → 3H/6L)
2026-03-28 14:12:51 BRT [DEBUG  ]     find_swing_points: fallback window=3 aplicado (window=5 insuficiente: 4H/3L → 4H/3L)
2026-03-28 14:12:51 BRT [INFO   ]   SCORE XLM [LONG]: 10/25 | DQ=100% | klines: 15m=✅ 1H=✅ 4H=✅
2026-03-28 14:12:51 BRT [INFO   ]     Contexto 4H               +0/0 · BUY (contexto, não pontuado)
2026-03-28 14:12:51 BRT [INFO   ]     P4 Liquidez 4H            +3/3 ███ Suporte 4H 0.1710 (0.21%) | OB 4H (0.1738-0.1753) | Confluência S/R+OB
2026-03-28 14:12:51 BRT [INFO   ]     P5 Figuras 4H             +0/2 · Sem figuras claras no 4H
2026-03-28 14:12:51 BRT [INFO   ]     P6 CHOCH/BOS 4H           +3/3 ███ CHOCH Bullish 4H (reversão confirmada)
2026-03-28 14:12:51 BRT [INFO   ]     P-1H Suporte 1H           +4/4 ████ Suporte 1H em 0.1710 (0.21% abaixo) | Order Block 1H (0.1723-0.1740)
2026-03-28 14:12:51 BRT [INFO   ]     P1 Bollinger 15m          +0/3 · BB neutro (85%)
2026-03-28 14:12:51 BRT [INFO   ]     P2 Candles 15m            +0/4 · Nenhum
2026-03-28 14:12:51 BRT [INFO   ]     P3 Funding Rate           +0/2 · 0.0100% (neutro)
2026-03-28 14:12:51 BRT [INFO   ]     P7 Filtro Pump/Dump       +0/0 · OK (1.3%)
2026-03-28 14:12:51 BRT [INFO   ]     P8 Volume 15m             +0/2 · Volume fraco (0.4x < 1.2x)
2026-03-28 14:12:51 BRT [INFO   ]     P9 OI Crescente           +0/2 · OI estável (+0.6% vs média, 8.0M)
2026-03-28 14:12:51 BRT [DEBUG  ]     TradeParams LONG: SL=0.62% | notional=$807 | alav_margem=23.1x → cap=2x → alav=2.0x | margem=$403.66 ⚠️MARGEM $404>35 | risco=$5.00 | ganho=$10.00
2026-03-28 14:12:51 BRT [INFO   ]   📈 LONG XLM: score=10/25 | entry=0.1714 | SL=0.62% | alav=2.0x ✅
2026-03-28 14:12:51 BRT [INFO   ]   ─ SHORT FIL: 15m=60 | 1H=60 | 4H=60
2026-03-28 14:12:51 BRT [INFO   ]   SCORE FIL [SHORT]: 6/25 | DQ=100% | klines: 15m=✅ 1H=✅ 4H=✅
2026-03-28 14:12:51 BRT [INFO   ]     Contexto 4H               +0/0 · SELL (contexto SHORT, não pontuado)
2026-03-28 14:12:51 BRT [INFO   ]     P4 Liquidez 4H            +0/3 · Longe de resistências 4H
2026-03-28 14:12:51 BRT [INFO   ]     P5 Figuras 4H             +1/2 █ Cunha Ascendente (pullback bearish)
2026-03-28 14:12:51 BRT [INFO   ]     P6 CHOCH/BOS 4H           +0/3 · Sem estrutura bearish no 4H
2026-03-28 14:12:51 BRT [INFO   ]     P-1H Resistência 1H       +2/4 ██ Resistência 1H em 0.8433 (2.14% acima)
2026-03-28 14:12:51 BRT [INFO   ]     P1 Bollinger 15m          +0/3 · BB neutro (53%)
2026-03-28 14:12:51 BRT [INFO   ]     P2 Candles 15m            +1/4 █ Padrões: Harami Bearish
2026-03-28 14:12:51 BRT [INFO   ]     P3 Funding Rate           +0/2 · -0.0161% (neutro)
2026-03-28 14:12:51 BRT [INFO   ]     P7 Filtro Pump/Dump       +0/0 · OK (-1.8%)
2026-03-28 14:12:51 BRT [INFO   ]     P8 Volume 15m             +1/2 █ Volume adequado (1.2x média)
2026-03-28 14:12:51 BRT [INFO   ]     P9 OI Crescente           +1/2 █ OI +9.3% vs média (14.9M) — fluxo moderado
2026-03-28 14:12:51 BRT [DEBUG  ]     TradeParams SHORT: SL=0.73% | notional=$687 | alav_margem=19.6x → cap=2x → alav=2.0x | margem=$343.57 ⚠️MARGEM $344>35 | risco=$5.00 | ganho=$10.00
2026-03-28 14:12:51 BRT [INFO   ]   📉 SHORT FIL: score=6/25 | entry=0.8256 | SL=0.73% | alav=2.0x ✅
2026-03-28 14:12:51 BRT [INFO   ]   ─ SHORT RIVER: 15m=60 | 1H=60 | 4H=60
2026-03-28 14:12:51 BRT [DEBUG  ]     find_swing_points: fallback window=3 aplicado (window=5 insuficiente: 4H/5L → 4H/5L)
2026-03-28 14:12:51 BRT [DEBUG  ]     find_swing_points: fallback window=3 aplicado (window=5 insuficiente: 4H/5L → 4H/5L)
2026-03-28 14:12:51 BRT [DEBUG  ]     find_swing_points: fallback window=3 aplicado (window=5 insuficiente: 4H/5L → 4H/5L)
2026-03-28 14:12:51 BRT [DEBUG  ]     find_swing_points: fallback window=3 aplicado (window=5 insuficiente: 3H/5L → 3H/5L)
2026-03-28 14:12:51 BRT [DEBUG  ]   SCORE RIVER [SHORT]: 4/25 | DQ=100% (abaixo do radar)
2026-03-28 14:12:51 BRT [DEBUG  ]     TradeParams SHORT: SL=4.13% | notional=$121 | alav_margem=3.5x → cap=2x → alav=2.0x | margem=$60.49 ⚠️MARGEM $60>35 | risco=$5.00 | ganho=$10.00
2026-03-28 14:12:51 BRT [INFO   ]   📉 SHORT RIVER: score=4/25 | entry=14.3800 | SL=4.13% | alav=2.0x ✅
2026-03-28 14:12:51 BRT [INFO   ]   ─ SHORT UNI: 15m=60 | 1H=60 | 4H=60
2026-03-28 14:12:51 BRT [INFO   ]   SCORE UNI [SHORT]: 6/25 | DQ=100% | klines: 15m=✅ 1H=✅ 4H=✅
2026-03-28 14:12:51 BRT [INFO   ]     Contexto 4H               +0/0 · SELL (contexto SHORT, não pontuado)
2026-03-28 14:12:51 BRT [INFO   ]     P4 Liquidez 4H            +0/3 · Longe de resistências 4H
2026-03-28 14:12:51 BRT [INFO   ]     P5 Figuras 4H             +2/2 ██ Triângulo Descendente (distribuição bearish)
2026-03-28 14:12:51 BRT [INFO   ]     P6 CHOCH/BOS 4H           +1/3 █ Estrutura 4H bearish (Lower Highs)
2026-03-28 14:12:51 BRT [INFO   ]     P-1H Resistência 1H       +0/4 · Preço longe de resistências no 1H
2026-03-28 14:12:51 BRT [INFO   ]     P1 Bollinger 15m          +0/3 · BB neutro (75%)
2026-03-28 14:12:51 BRT [INFO   ]     P2 Candles 15m            +0/4 · Nenhum
2026-03-28 14:12:51 BRT [INFO   ]     P3 Funding Rate           +1/2 █ 0.0058% (leve positivo)
2026-03-28 14:12:51 BRT [INFO   ]     P7 Filtro Pump/Dump       +0/0 · OK (0.1%)
2026-03-28 14:12:51 BRT [INFO   ]     P8 Volume 15m             +2/2 ██ Volume forte (2.0x média)
2026-03-28 14:12:51 BRT [INFO   ]     P9 OI Crescente           +0/2 · OI estável (+4.7% vs média, 12.5M)
2026-03-28 14:12:51 BRT [DEBUG  ]     TradeParams SHORT: SL=0.52% | notional=$963 | alav_margem=27.5x → cap=2x → alav=2.0x | margem=$481.54 ⚠️MARGEM $482>35 | risco=$5.00 | ganho=$10.00
2026-03-28 14:12:51 BRT [INFO   ]   📉 SHORT UNI: score=6/25 | entry=3.4190 | SL=0.52% | alav=2.0x ✅
2026-03-28 14:12:51 BRT [INFO   ]   ─ SHORT APT: 15m=60 | 1H=60 | 4H=60
2026-03-28 14:12:51 BRT [DEBUG  ]     find_swing_points: fallback window=3 aplicado (window=5 insuficiente: 5H/5L → 5H/5L)
2026-03-28 14:12:51 BRT [DEBUG  ]     find_swing_points: fallback window=3 aplicado (window=5 insuficiente: 5H/5L → 5H/5L)
2026-03-28 14:12:51 BRT [DEBUG  ]     find_swing_points: fallback window=3 aplicado (window=5 insuficiente: 5H/5L → 5H/5L)
2026-03-28 14:12:51 BRT [DEBUG  ]     find_swing_points: fallback window=3 aplicado (window=5 insuficiente: 7H/7L → 7H/7L)
2026-03-28 14:12:51 BRT [INFO   ]   SCORE APT [SHORT]: 6/25 | DQ=100% | klines: 15m=✅ 1H=✅ 4H=✅
2026-03-28 14:12:51 BRT [INFO   ]     Contexto 4H               +0/0 · SELL (contexto SHORT, não pontuado)
2026-03-28 14:12:51 BRT [INFO   ]     P4 Liquidez 4H            +1/3 █ OB Bearish 4H (0.9478-0.9605)
2026-03-28 14:12:51 BRT [INFO   ]     P5 Figuras 4H             +0/2 · Sem figuras bearish claras no 4H
2026-03-28 14:12:51 BRT [INFO   ]     P6 CHOCH/BOS 4H           +1/3 █ Estrutura 4H bearish (Lower Highs)
2026-03-28 14:12:51 BRT [INFO   ]     P-1H Resistência 1H       +2/4 ██ Resistência 1H em 0.9549 (0.36% acima)
2026-03-28 14:12:51 BRT [INFO   ]     P1 Bollinger 15m          +0/3 · BB neutro (47%)
2026-03-28 14:12:51 BRT [INFO   ]     P2 Candles 15m            +0/4 · Nenhum
2026-03-28 14:12:51 BRT [INFO   ]     P3 Funding Rate           +0/2 · -0.0180% (neutro)
2026-03-28 14:12:51 BRT [INFO   ]     P7 Filtro Pump/Dump       +0/0 · OK (-3.9%)
2026-03-28 14:12:51 BRT [INFO   ]     P8 Volume 15m             +2/2 ██ Volume forte (3.7x média)
2026-03-28 14:12:51 BRT [INFO   ]     P9 OI Crescente           +0/2 · OI estável (-2.4% vs média, 7.6M)
2026-03-28 14:12:51 BRT [DEBUG  ]     TradeParams SHORT: SL=0.79% | notional=$630 | alav_margem=18.0x → cap=2x → alav=2.0x | margem=$315.23 ⚠️MARGEM $315>35 | risco=$5.00 | ganho=$10.00
2026-03-28 14:12:51 BRT [INFO   ]   📉 SHORT APT: score=6/25 | entry=0.9515 | SL=0.79% | alav=2.0x ✅
2026-03-28 14:12:51 BRT [INFO   ]   ─ SHORT DOT: 15m=60 | 1H=60 | 4H=60
2026-03-28 14:12:51 BRT [DEBUG  ]     find_swing_points: fallback window=3 aplicado (window=5 insuficiente: 4H/7L → 4H/7L)
2026-03-28 14:12:51 BRT [DEBUG  ]     find_swing_points: fallback window=3 aplicado (window=5 insuficiente: 4H/7L → 4H/7L)
2026-03-28 14:12:51 BRT [DEBUG  ]     find_swing_points: fallback window=3 aplicado (window=5 insuficiente: 4H/7L → 4H/7L)
2026-03-28 14:12:51 BRT [INFO   ]   SCORE DOT [SHORT]: 8/25 | DQ=100% | klines: 15m=✅ 1H=✅ 4H=✅
2026-03-28 14:12:51 BRT [INFO   ]     Contexto 4H               +0/0 · SELL (contexto SHORT, não pontuado)
2026-03-28 14:12:51 BRT [INFO   ]     P4 Liquidez 4H            +0/3 · Longe de resistências 4H
2026-03-28 14:12:51 BRT [INFO   ]     P5 Figuras 4H             +1/2 █ Cunha Ascendente (pullback bearish)
2026-03-28 14:12:51 BRT [INFO   ]     P6 CHOCH/BOS 4H           +3/3 ███ CHOCH Bearish 4H (reversão confirmada)
2026-03-28 14:12:51 BRT [INFO   ]     P-1H Resistência 1H       +2/4 ██ Resistência 1H em 1.2930 (0.47% acima)
2026-03-28 14:12:51 BRT [INFO   ]     P1 Bollinger 15m          +0/3 · BB neutro (48%)
2026-03-28 14:12:51 BRT [INFO   ]     P2 Candles 15m            +0/4 · Nenhum
2026-03-28 14:12:51 BRT [INFO   ]     P3 Funding Rate           +0/2 · -0.0065% (neutro)
2026-03-28 14:12:51 BRT [INFO   ]     P7 Filtro Pump/Dump       +0/0 · OK (0.2%)
2026-03-28 14:12:51 BRT [INFO   ]     P8 Volume 15m             +2/2 ██ Volume forte (2.3x média)
2026-03-28 14:12:51 BRT [INFO   ]     P9 OI Crescente           +0/2 · OI estável (-1.0% vs média, 13.8M)
2026-03-28 14:12:51 BRT [DEBUG  ]     TradeParams SHORT: SL=0.61% | notional=$825 | alav_margem=23.6x → cap=2x → alav=2.0x | margem=$412.37 ⚠️MARGEM $412>35 | risco=$5.00 | ganho=$10.00
2026-03-28 14:12:51 BRT [INFO   ]   📉 SHORT DOT: score=8/25 | entry=1.2870 | SL=0.61% | alav=2.0x ✅
2026-03-28 14:12:51 BRT [INFO   ]   ─ SHORT SOL: 15m=60 | 1H=60 | 4H=60
2026-03-28 14:12:51 BRT [DEBUG  ]     find_swing_points: fallback window=3 aplicado (window=5 insuficiente: 4H/7L → 4H/7L)
2026-03-28 14:12:51 BRT [INFO   ]   SCORE SOL [SHORT]: 5/25 | DQ=100% | klines: 15m=✅ 1H=✅ 4H=✅
2026-03-28 14:12:51 BRT [INFO   ]     Contexto 4H               +0/0 · SELL (contexto SHORT, não pontuado)
2026-03-28 14:12:51 BRT [INFO   ]     P4 Liquidez 4H            +0/3 · Longe de resistências 4H
2026-03-28 14:12:51 BRT [INFO   ]     P5 Figuras 4H             +0/2 · Sem figuras bearish claras no 4H
2026-03-28 14:12:51 BRT [INFO   ]     P6 CHOCH/BOS 4H           +3/3 ███ CHOCH Bearish 4H (reversão confirmada)
2026-03-28 14:12:51 BRT [INFO   ]     P-1H Resistência 1H       +2/4 ██ Resistência 1H em 83.9410 (0.55% acima)
2026-03-28 14:12:51 BRT [INFO   ]     P1 Bollinger 15m          +0/3 · BB neutro (62%)
2026-03-28 14:12:51 BRT [INFO   ]     P2 Candles 15m            +0/4 · Nenhum
2026-03-28 14:12:51 BRT [INFO   ]     P3 Funding Rate           +0/2 · -0.0124% (neutro)
2026-03-28 14:12:51 BRT [INFO   ]     P7 Filtro Pump/Dump       +0/0 · OK (0.4%)
2026-03-28 14:12:51 BRT [INFO   ]     P8 Volume 15m             +0/2 · Volume fraco (0.6x < 1.2x)
2026-03-28 14:12:51 BRT [INFO   ]     P9 OI Crescente           +0/2 · OI sem histórico ainda (252.9M USD)
2026-03-28 14:12:51 BRT [DEBUG  ]     TradeParams SHORT: SL=0.57% | notional=$877 | alav_margem=25.1x → cap=2x → alav=2.0x | margem=$438.49 ⚠️MARGEM $438>35 | risco=$5.00 | ganho=$10.00
2026-03-28 14:12:51 BRT [INFO   ]   📉 SHORT SOL: score=5/25 | entry=83.4800 | SL=0.57% | alav=2.0x ✅
2026-03-28 14:12:51 BRT [INFO   ] 
───────────────────────────────────────────────────────
2026-03-28 14:12:51 BRT [INFO   ]   ETAPA 4b — Análise leve LONG + SHORT (sem klines) [v6.3.0 A8]
2026-03-28 14:12:51 BRT [INFO   ] ───────────────────────────────────────────────────────
2026-03-28 14:12:51 BRT [INFO   ] 
───────────────────────────────────────────────────────
2026-03-28 14:12:51 BRT [INFO   ]   ETAPA 5 — Contexto de Mercado e Relatório Bidirecional
2026-03-28 14:12:51 BRT [INFO   ] ───────────────────────────────────────────────────────
2026-03-28 14:12:51 BRT [DEBUG  ]   🧹  Score history: 5 tokens removidos por TTL (25h): ['ZROUSDT', 'ETHUSDT', 'TRUMPUSDT', 'TONUSDT', 'AXSUSDT']
2026-03-28 14:12:51 BRT [INFO   ]   📚  Score history: 35 tokens rastreados
2026-03-28 14:12:51 BRT [DEBUG  ]   Contexto: FGI=12 | BTC=NEUTRAL | LONG=CAUTELOSO (Medo Extremo)(thr=20) | SHORT=MODERADO (Medo Extremo — mercado bearish)(thr=16) | risk_score=0
2026-03-28 14:12:51 BRT [INFO   ]   BTC 4H: NEUTRAL | Thr LONG: 20 (CAUTELOSO (Medo Extremo)) | Thr SHORT: 16 (MODERADO (Medo Extremo — mercado bearish))
2026-03-28 14:12:51 BRT [INFO   ]   Results LONG: 12 | SHORT: 6 | Obs LONG: 0 | Obs SHORT: 0
2026-03-28 14:12:51 BRT [INFO   ] 
───────────────────────────────────────────────────────
2026-03-28 14:12:51 BRT [INFO   ]   ETAPA 6 — Notificações Telegram
2026-03-28 14:12:51 BRT [INFO   ] ───────────────────────────────────────────────────────
2026-03-28 14:12:51 BRT [INFO   ]   📲  Telegram heartbeat: enviado ✅
2026-03-28 14:12:51 BRT [INFO   ]   📲  Telegram: 1/1 mensagens enviadas (1 heartbeat + 0 QUASE + 0 call)
2026-03-28 14:12:51 BRT [INFO   ] ==========================================================
🎯 SETUP ATIRADOR v6.6.2
📅 28/03/2026 14:12 BRT
📋 Log: atirador_LOG_20260328_1411.log
==========================================================
📊 CONTEXTO DE MERCADO
   Fear & Greed: 12 | BTC 4H: NEUTRAL
   LONG:  CAUTELOSO (Medo Extremo) | Threshold: 20 pts
   SHORT: MODERADO (Medo Extremo — mercado bearish) | Threshold: 16 pts
   Risk Score: 0
==========================================================

💼 SIZING Risk-First [v6.6.2]
   Banca: $100.00 | Risco fixo/trade: $5.00 | Margem máx/trade: $35

🔍 PIPELINE
   Fonte de dados: OKX (perpetuals USDT)
   Universo: 301 tokens | Qualificados: 37
   Gate 4H: LONG=12 | SHORT=24
   Gate 1H: LONG=12 | SHORT=6
   Análise completa: LONG=12 | SHORT=6 | Obs: LONG=0 SHORT=0
   ✅  Candle 15m fechado (770s após fechamento, último: 14:00:00 BRT)

──────────────────────────────────────────────────────────
📈 OPERAÇÕES LONG
──────────────────────────────────────────────────────────
ℹ️  Nenhum alerta LONG forte (score ≥ 20) no momento.
   Score máximo: 11/25 (faltam 9 pts)

📈 OPORTUNIDADES LONG em Formação — Score 10–19:
   ▶ WLFI | 11/25 | Zona liquidez 4H, Falling Wedge
   ▶ XLM | 10/25 | Zona liquidez 4H, Estrutura 4H bullish

🔎 RADAR LONG — Score 5–13:
   ⚠️  Não operar — insuficiente. Monitorar.
   · ASTER | 8/25 | NEUTRAL 4H
   · SHIB | 7/25 | BUY 4H
   · ONDO | 7/25 | STRONG_BUY 4H
   · HYPE | 6/25 | BUY 4H
   · ONT | 6/25 | STRONG_BUY 4H

──────────────────────────────────────────────────────────
📉 OPERAÇÕES SHORT
──────────────────────────────────────────────────────────
ℹ️  Nenhum alerta SHORT forte (score ≥ 16) no momento.
   Score máximo SHORT: 8/25 (faltam 8 pts)

🔎 RADAR SHORT — Score 5–15:
   ⚠️  Não operar — insuficiente. Monitorar.
   · DOT | 8/25 | SELL 4H
   · FIL | 6/25 | SELL 4H
   · UNI | 6/25 | SELL 4H
   · APT | 6/25 | SELL 4H
   · SOL | 5/25 | SELL 4H

----------------------------------------------------------
⏱️  Execução: 64.5s | Analisados: 301 tokens
📁 Estado diário: /tmp/atirador_state.json
📋 Log completo: /tmp/atirador_logs/atirador_LOG_20260328_1411.log

2026-03-28 14:12:51 BRT [INFO   ] ✅ Scan v6.6.2 concluído em 64.5s | Fonte: OKX | Log: /tmp/atirador_logs/atirador_LOG_20260328_1411.log
