2026-03-26 11:52:11 BRT [INFO   ] 📋 Log iniciado: /tmp/atirador_logs/atirador_LOG_20260326_1152.log
2026-03-26 11:52:11 BRT [INFO   ] 🚀 Setup Atirador v6.6.2 | Arquitetura 3 Camadas (LONG+SHORT) | Iniciando scan...
2026-03-26 11:52:11 BRT [INFO   ] 
───────────────────────────────────────────────────────
2026-03-26 11:52:11 BRT [INFO   ]   ETAPA 1 — Tickers (Bybit/Bitget) + Fear & Greed
2026-03-26 11:52:11 BRT [INFO   ] ───────────────────────────────────────────────────────
2026-03-26 11:52:11 BRT [INFO   ] 📡 [v6.6.2] Iniciando busca de tickers — hierarquia OKX → Gate.io → Bitget
2026-03-26 11:52:11 BRT [INFO   ]    Filtros: vol≥$2.0M | OI≥$5M | timeout=8s/fonte
2026-03-26 11:52:11 BRT [INFO   ]    [Nota] Fonte ideal seria CoinGlass API (pago ~$35/mês) — ver docstring
2026-03-26 11:52:11 BRT [INFO   ]   📡  [OKX] Tentando com tickers + OI real...
2026-03-26 11:52:11 BRT [DEBUG  ]   📡  [OKX] Buscando tickers...
2026-03-26 11:52:11 BRT [DEBUG  ]      ✅ Tickers: 301 itens em 0.38s
2026-03-26 11:52:11 BRT [DEBUG  ]   📡  [OKX] Buscando Open Interest...
2026-03-26 11:52:12 BRT [DEBUG  ]      ✅ OI: 301 itens em 0.62s
2026-03-26 11:52:12 BRT [DEBUG  ]   📡  [OKX] Buscando Funding Rates reais...
2026-03-26 11:53:23 BRT [DEBUG  ]   📡  [OKX FR] Funding rates obtidos: 282/282 | erros: 0
2026-03-26 11:53:23 BRT [DEBUG  ]      ✅ FR: 282 tokens com funding rate em 72.01s
2026-03-26 11:53:23 BRT [DEBUG  ]      ✅ Mesclados: 301/301 com OI real em 72.01s
2026-03-26 11:53:23 BRT [INFO   ]   ✅  [OKX] Fonte ativa (com OI real) | 301 brutos → 39 qualificados
2026-03-26 11:53:23 BRT [INFO   ]   Fonte de dados: OKX | Universo: 301 brutos → 39 qualificados
2026-03-26 11:53:23 BRT [INFO   ]   Analisando todos os 39 tokens qualificados: ['PEPE', 'SHIB', 'PUMP', 'PIPPIN', 'DOGE', 'BEAT', 'WLFI', 'XPL', 'ADA', 'WLD']...
2026-03-26 11:53:23 BRT [DEBUG  ]   TV batch: 39 tokens (.P perpétuo) | cols: ['Recommend.All|240', 'RSI|240']
2026-03-26 11:53:23 BRT [DEBUG  ]   Buscando Fear & Greed Index...
2026-03-26 11:53:23 BRT [DEBUG  ]   ✅  TV batch BYBIT: 36/39 retornados | 0.07s
2026-03-26 11:53:23 BRT [WARNING]   ⚠️  TV BYBIT: 3 sem retorno: ['PEPEUSDT', 'SHIBUSDT', 'PUMPUSDT']
2026-03-26 11:53:23 BRT [INFO   ]   🔄  [v5.1] Tentando prefixo BITGET: para 3 tokens sem dados...
2026-03-26 11:53:23 BRT [DEBUG  ]   GET https://api.alternative.me/fng/?limit=1
2026-03-26 11:53:23 BRT [DEBUG  ]       → HTTP 200 | 0.2KB | enc:gzip | 0.08s
2026-03-26 11:53:23 BRT [INFO   ]   📊 Fear & Greed: 10 (Extreme Fear)
2026-03-26 11:53:23 BRT [INFO   ]   ✅  TV BITGET: recuperados 3: ['PEPEUSDT', 'SHIBUSDT', 'PUMPUSDT'] | 0.03s
2026-03-26 11:53:23 BRT [INFO   ] 
───────────────────────────────────────────────────────
2026-03-26 11:53:23 BRT [INFO   ]   GATE 1 — Direção 4H (LONG: não SELL | SHORT: não BUY)
2026-03-26 11:53:23 BRT [INFO   ] ───────────────────────────────────────────────────────
2026-03-26 11:53:23 BRT [DEBUG  ]   ❌  PEPE     4H=SELL (val=-0.4121) RSI=46.2 — LONG REJEITADO
2026-03-26 11:53:23 BRT [DEBUG  ]   📉  PEPE     4H=SELL (val=-0.4121) RSI=46.2 — SHORT CANDIDATO
2026-03-26 11:53:23 BRT [DEBUG  ]   ❌  SHIB     4H=SELL (val=-0.3333) RSI=43.2 — LONG REJEITADO
2026-03-26 11:53:23 BRT [DEBUG  ]   📉  SHIB     4H=SELL (val=-0.3333) RSI=43.2 — SHORT CANDIDATO
2026-03-26 11:53:23 BRT [DEBUG  ]   ❌  PUMP     4H=STRONG_SELL (val=-0.5121) RSI=41.1 — LONG REJEITADO
2026-03-26 11:53:23 BRT [DEBUG  ]   📉  PUMP     4H=STRONG_SELL (val=-0.5121) RSI=41.1 — SHORT CANDIDATO
2026-03-26 11:53:23 BRT [DEBUG  ]   ❌  PIPPIN   4H=SELL (val=-0.4455) RSI=34.8 — LONG REJEITADO
2026-03-26 11:53:23 BRT [DEBUG  ]   📉  PIPPIN   4H=SELL (val=-0.4455) RSI=34.8 — SHORT CANDIDATO
2026-03-26 11:53:23 BRT [DEBUG  ]   ❌  DOGE     4H=SELL (val=-0.4909) RSI=39.3 — LONG REJEITADO
2026-03-26 11:53:23 BRT [DEBUG  ]   📉  DOGE     4H=SELL (val=-0.4909) RSI=39.3 — SHORT CANDIDATO
2026-03-26 11:53:23 BRT [DEBUG  ]   ❌  BEAT     4H=SELL (val=-0.1333) RSI=46.1 — LONG REJEITADO
2026-03-26 11:53:23 BRT [DEBUG  ]   📉  BEAT     4H=SELL (val=-0.1333) RSI=46.1 — SHORT CANDIDATO
2026-03-26 11:53:23 BRT [DEBUG  ]   ❌  WLFI     4H=SELL (val=-0.4242) RSI=44.2 — LONG REJEITADO
2026-03-26 11:53:23 BRT [DEBUG  ]   📉  WLFI     4H=SELL (val=-0.4242) RSI=44.2 — SHORT CANDIDATO
2026-03-26 11:53:23 BRT [DEBUG  ]   ❌  XPL      4H=STRONG_SELL (val=-0.5121) RSI=40.6 — LONG REJEITADO
2026-03-26 11:53:23 BRT [DEBUG  ]   📉  XPL      4H=STRONG_SELL (val=-0.5121) RSI=40.6 — SHORT CANDIDATO
2026-03-26 11:53:23 BRT [DEBUG  ]   ❌  ADA      4H=SELL (val=-0.4455) RSI=39.8 — LONG REJEITADO
2026-03-26 11:53:23 BRT [DEBUG  ]   📉  ADA      4H=SELL (val=-0.4455) RSI=39.8 — SHORT CANDIDATO
2026-03-26 11:53:23 BRT [DEBUG  ]   ❌  WLD      4H=STRONG_SELL (val=-0.5121) RSI=35.0 — LONG REJEITADO
2026-03-26 11:53:23 BRT [DEBUG  ]   📉  WLD      4H=STRONG_SELL (val=-0.5121) RSI=35.0 — SHORT CANDIDATO
2026-03-26 11:53:23 BRT [DEBUG  ]   ❌  OP       4H=SELL (val=-0.4455) RSI=34.5 — LONG REJEITADO
2026-03-26 11:53:23 BRT [DEBUG  ]   📉  OP       4H=SELL (val=-0.4455) RSI=34.5 — SHORT CANDIDATO
2026-03-26 11:53:23 BRT [DEBUG  ]   ❌  XRP      4H=SELL (val=-0.4909) RSI=36.7 — LONG REJEITADO
2026-03-26 11:53:23 BRT [DEBUG  ]   📉  XRP      4H=SELL (val=-0.4909) RSI=36.7 — SHORT CANDIDATO
2026-03-26 11:53:23 BRT [DEBUG  ]   ❌  ARB      4H=SELL (val=-0.4909) RSI=40.4 — LONG REJEITADO
2026-03-26 11:53:23 BRT [DEBUG  ]   📉  ARB      4H=SELL (val=-0.4909) RSI=40.4 — SHORT CANDIDATO
2026-03-26 11:53:23 BRT [DEBUG  ]   ❌  CRV      4H=SELL (val=-0.4455) RSI=43.2 — LONG REJEITADO
2026-03-26 11:53:23 BRT [DEBUG  ]   📉  CRV      4H=SELL (val=-0.4455) RSI=43.2 — SHORT CANDIDATO
2026-03-26 11:53:23 BRT [DEBUG  ]   ❌  HBAR     4H=SELL (val=-0.4000) RSI=41.5 — LONG REJEITADO
2026-03-26 11:53:23 BRT [DEBUG  ]   📉  HBAR     4H=SELL (val=-0.4000) RSI=41.5 — SHORT CANDIDATO
2026-03-26 11:53:23 BRT [DEBUG  ]   ✅  TRX      4H=BUY (val=0.2909) RSI=51.4 — LONG PASSOU
2026-03-26 11:53:23 BRT [DEBUG  ]   ❌  POL      4H=STRONG_SELL (val=-0.5121) RSI=43.4 — LONG REJEITADO
2026-03-26 11:53:23 BRT [DEBUG  ]   📉  POL      4H=STRONG_SELL (val=-0.5121) RSI=43.4 — SHORT CANDIDATO
2026-03-26 11:53:23 BRT [DEBUG  ]   ✅  XLM      4H=BUY (val=0.4000) RSI=58.9 — LONG PASSOU
2026-03-26 11:53:23 BRT [DEBUG  ]   ✅  ONDO     4H=BUY (val=0.4909) RSI=55.3 — LONG PASSOU
2026-03-26 11:53:23 BRT [DEBUG  ]   ❌  FIL      4H=SELL (val=-0.4455) RSI=42.3 — LONG REJEITADO
2026-03-26 11:53:23 BRT [DEBUG  ]   📉  FIL      4H=SELL (val=-0.4455) RSI=42.3 — SHORT CANDIDATO
2026-03-26 11:53:23 BRT [DEBUG  ]   ❌  SUI      4H=STRONG_SELL (val=-0.5121) RSI=41.0 — LONG REJEITADO
2026-03-26 11:53:23 BRT [DEBUG  ]   📉  SUI      4H=STRONG_SELL (val=-0.5121) RSI=41.0 — SHORT CANDIDATO
2026-03-26 11:53:23 BRT [DEBUG  ]   ❌  IP       4H=SELL (val=-0.4667) RSI=30.7 — LONG REJEITADO
2026-03-26 11:53:23 BRT [DEBUG  ]   📉  IP       4H=SELL (val=-0.4667) RSI=30.7 — SHORT CANDIDATO
2026-03-26 11:53:23 BRT [DEBUG  ]   ❌  ASTER    4H=SELL (val=-0.4000) RSI=44.3 — LONG REJEITADO
2026-03-26 11:53:23 BRT [DEBUG  ]   📉  ASTER    4H=SELL (val=-0.4000) RSI=44.3 — SHORT CANDIDATO
2026-03-26 11:53:23 BRT [DEBUG  ]   ❌  DOT      4H=SELL (val=-0.3545) RSI=31.0 — LONG REJEITADO
2026-03-26 11:53:23 BRT [DEBUG  ]   📉  DOT      4H=SELL (val=-0.3545) RSI=31.0 — SHORT CANDIDATO
2026-03-26 11:53:23 BRT [DEBUG  ]   ❌  TRUMP    4H=SELL (val=-0.4000) RSI=35.6 — LONG REJEITADO
2026-03-26 11:53:23 BRT [DEBUG  ]   📉  TRUMP    4H=SELL (val=-0.4000) RSI=35.6 — SHORT CANDIDATO
2026-03-26 11:53:23 BRT [DEBUG  ]   ❌  RIVER    4H=SELL (val=-0.3545) RSI=30.8 — LONG REJEITADO
2026-03-26 11:53:23 BRT [DEBUG  ]   📉  RIVER    4H=SELL (val=-0.3545) RSI=30.8 — SHORT CANDIDATO
2026-03-26 11:53:23 BRT [DEBUG  ]   ❌  NEAR     4H=SELL (val=-0.2636) RSI=35.3 — LONG REJEITADO
2026-03-26 11:53:23 BRT [DEBUG  ]   📉  NEAR     4H=SELL (val=-0.2636) RSI=35.3 — SHORT CANDIDATO
2026-03-26 11:53:23 BRT [DEBUG  ]   ✅  APT      4H=BUY (val=0.2455) RSI=53.1 — LONG PASSOU
2026-03-26 11:53:23 BRT [DEBUG  ]   ❌  SOL      4H=SELL (val=-0.4455) RSI=39.7 — LONG REJEITADO
2026-03-26 11:53:23 BRT [DEBUG  ]   📉  SOL      4H=SELL (val=-0.4455) RSI=39.7 — SHORT CANDIDATO
2026-03-26 11:53:23 BRT [DEBUG  ]   ❌  LIT      4H=SELL (val=-0.3545) RSI=39.5 — LONG REJEITADO
2026-03-26 11:53:23 BRT [DEBUG  ]   📉  LIT      4H=SELL (val=-0.3545) RSI=39.5 — SHORT CANDIDATO
2026-03-26 11:53:23 BRT [DEBUG  ]   ❌  UNI      4H=STRONG_SELL (val=-0.5121) RSI=40.6 — LONG REJEITADO
2026-03-26 11:53:23 BRT [DEBUG  ]   📉  UNI      4H=STRONG_SELL (val=-0.5121) RSI=40.6 — SHORT CANDIDATO
2026-03-26 11:53:23 BRT [DEBUG  ]   ❌  LINK     4H=STRONG_SELL (val=-0.5121) RSI=41.0 — LONG REJEITADO
2026-03-26 11:53:23 BRT [DEBUG  ]   📉  LINK     4H=STRONG_SELL (val=-0.5121) RSI=41.0 — SHORT CANDIDATO
2026-03-26 11:53:23 BRT [DEBUG  ]   ❌  ETH      4H=SELL (val=-0.4909) RSI=37.6 — LONG REJEITADO
2026-03-26 11:53:23 BRT [DEBUG  ]   📉  ETH      4H=SELL (val=-0.4909) RSI=37.6 — SHORT CANDIDATO
2026-03-26 11:53:23 BRT [DEBUG  ]   ✅  ZRO      4H=NEUTRAL (val=-0.0424) RSI=46.5 — LONG PASSOU
2026-03-26 11:53:23 BRT [DEBUG  ]   ❌  TON      4H=SELL (val=-0.4909) RSI=42.7 — LONG REJEITADO
2026-03-26 11:53:23 BRT [DEBUG  ]   📉  TON      4H=SELL (val=-0.4909) RSI=42.7 — SHORT CANDIDATO
2026-03-26 11:53:23 BRT [DEBUG  ]   ❌  ATOM     4H=SELL (val=-0.4000) RSI=35.0 — LONG REJEITADO
2026-03-26 11:53:23 BRT [DEBUG  ]   📉  ATOM     4H=SELL (val=-0.4000) RSI=35.0 — SHORT CANDIDATO
2026-03-26 11:53:23 BRT [DEBUG  ]   ✅  HYPE     4H=BUY (val=0.4000) RSI=52.2 — LONG PASSOU
2026-03-26 11:53:23 BRT [DEBUG  ]   ❌  ICP      4H=SELL (val=-0.4455) RSI=36.3 — LONG REJEITADO
2026-03-26 11:53:23 BRT [DEBUG  ]   📉  ICP      4H=SELL (val=-0.4455) RSI=36.3 — SHORT CANDIDATO
2026-03-26 11:53:23 BRT [DEBUG  ]   ❌  AVAX     4H=STRONG_SELL (val=-0.5576) RSI=38.9 — LONG REJEITADO
2026-03-26 11:53:23 BRT [DEBUG  ]   📉  AVAX     4H=STRONG_SELL (val=-0.5576) RSI=38.9 — SHORT CANDIDATO
2026-03-26 11:53:23 BRT [INFO   ]   Gate 4H: LONG=6 | SHORT=33 | sem dados TV=0 | universo=39
2026-03-26 11:53:23 BRT [INFO   ] 
───────────────────────────────────────────────────────
2026-03-26 11:53:23 BRT [INFO   ]   GATE 2 — Estrutura 1H (LONG: BUY+ | SHORT: SELL+)
2026-03-26 11:53:23 BRT [INFO   ] ───────────────────────────────────────────────────────
2026-03-26 11:53:23 BRT [DEBUG  ]   TV batch: 39 tokens (.P perpétuo) | cols: ['Recommend.All|60']
2026-03-26 11:53:23 BRT [DEBUG  ]   ✅  TV batch BYBIT: 36/39 retornados | 0.03s
2026-03-26 11:53:23 BRT [WARNING]   ⚠️  TV BYBIT: 3 sem retorno: ['PEPEUSDT', 'SHIBUSDT', 'PUMPUSDT']
2026-03-26 11:53:23 BRT [INFO   ]   🔄  [v5.1] Tentando prefixo BITGET: para 3 tokens sem dados...
2026-03-26 11:53:23 BRT [INFO   ]   ✅  TV BITGET: recuperados 3: ['PEPEUSDT', 'SHIBUSDT', 'PUMPUSDT'] | 0.03s
2026-03-26 11:53:23 BRT [DEBUG  ]   ❌  TRX      1H=SELL (val=-0.1788) — LONG REJEITADO
2026-03-26 11:53:23 BRT [DEBUG  ]   ✅  XLM      1H=BUY (val=0.1091) — LONG PASSOU
2026-03-26 11:53:23 BRT [DEBUG  ]   ✅  ONDO     1H=BUY (val=0.4000) — LONG PASSOU
2026-03-26 11:53:23 BRT [DEBUG  ]   ❌  APT      1H=SELL (val=-0.1121) — LONG REJEITADO
2026-03-26 11:53:23 BRT [DEBUG  ]   ❌  ZRO      1H=SELL (val=-0.1091) — LONG REJEITADO
2026-03-26 11:53:23 BRT [DEBUG  ]   ✅  HYPE     1H=BUY (val=0.4697) — LONG PASSOU
2026-03-26 11:53:23 BRT [DEBUG  ]   📉  PEPE     1H=SELL (val=-0.4000) — SHORT PASSOU
2026-03-26 11:53:23 BRT [DEBUG  ]   📉  SHIB     1H=STRONG_SELL (val=-0.5364) — SHORT PASSOU
2026-03-26 11:53:23 BRT [DEBUG  ]   📉  PUMP     1H=SELL (val=-0.3545) — SHORT PASSOU
2026-03-26 11:53:23 BRT [DEBUG  ]   ❌  PIPPIN   1H=NEUTRAL (val=-0.0212) — SHORT REJEITADO (não SELL no 1H)
2026-03-26 11:53:23 BRT [DEBUG  ]   📉  DOGE     1H=SELL (val=-0.4000) — SHORT PASSOU
2026-03-26 11:53:23 BRT [DEBUG  ]   📉  BEAT     1H=SELL (val=-0.3364) — SHORT PASSOU
2026-03-26 11:53:23 BRT [DEBUG  ]   📉  WLFI     1H=SELL (val=-0.4697) — SHORT PASSOU
2026-03-26 11:53:23 BRT [DEBUG  ]   📉  XPL      1H=SELL (val=-0.4000) — SHORT PASSOU
2026-03-26 11:53:23 BRT [DEBUG  ]   📉  ADA      1H=STRONG_SELL (val=-0.5364) — SHORT PASSOU
2026-03-26 11:53:23 BRT [DEBUG  ]   📉  WLD      1H=STRONG_SELL (val=-0.5576) — SHORT PASSOU
2026-03-26 11:53:23 BRT [DEBUG  ]   📉  OP       1H=SELL (val=-0.4455) — SHORT PASSOU
2026-03-26 11:53:23 BRT [DEBUG  ]   📉  XRP      1H=STRONG_SELL (val=-0.6030) — SHORT PASSOU
2026-03-26 11:53:23 BRT [DEBUG  ]   📉  ARB      1H=SELL (val=-0.3333) — SHORT PASSOU
2026-03-26 11:53:23 BRT [DEBUG  ]   📉  CRV      1H=SELL (val=-0.4000) — SHORT PASSOU
2026-03-26 11:53:23 BRT [DEBUG  ]   📉  HBAR     1H=STRONG_SELL (val=-0.5364) — SHORT PASSOU
2026-03-26 11:53:23 BRT [DEBUG  ]   📉  POL      1H=SELL (val=-0.4455) — SHORT PASSOU
2026-03-26 11:53:23 BRT [DEBUG  ]   📉  FIL      1H=STRONG_SELL (val=-0.6030) — SHORT PASSOU
2026-03-26 11:53:23 BRT [DEBUG  ]   📉  SUI      1H=SELL (val=-0.4455) — SHORT PASSOU
2026-03-26 11:53:23 BRT [DEBUG  ]   📉  IP       1H=SELL (val=-0.4455) — SHORT PASSOU
2026-03-26 11:53:23 BRT [DEBUG  ]   ❌  ASTER    1H=NEUTRAL (val=-0.0667) — SHORT REJEITADO (não SELL no 1H)
2026-03-26 11:53:23 BRT [DEBUG  ]   📉  DOT      1H=SELL (val=-0.1758) — SHORT PASSOU
2026-03-26 11:53:23 BRT [DEBUG  ]   📉  TRUMP    1H=SELL (val=-0.3333) — SHORT PASSOU
2026-03-26 11:53:23 BRT [DEBUG  ]   📉  RIVER    1H=SELL (val=-0.2182) — SHORT PASSOU
2026-03-26 11:53:23 BRT [DEBUG  ]   📉  NEAR     1H=SELL (val=-0.3788) — SHORT PASSOU
2026-03-26 11:53:23 BRT [DEBUG  ]   📉  SOL      1H=SELL (val=-0.4455) — SHORT PASSOU
2026-03-26 11:53:23 BRT [DEBUG  ]   📉  LIT      1H=SELL (val=-0.4455) — SHORT PASSOU
2026-03-26 11:53:23 BRT [DEBUG  ]   📉  UNI      1H=SELL (val=-0.3545) — SHORT PASSOU
2026-03-26 11:53:23 BRT [DEBUG  ]   📉  LINK     1H=SELL (val=-0.4455) — SHORT PASSOU
2026-03-26 11:53:23 BRT [DEBUG  ]   📉  ETH      1H=SELL (val=-0.4455) — SHORT PASSOU
2026-03-26 11:53:23 BRT [DEBUG  ]   📉  TON      1H=SELL (val=-0.1970) — SHORT PASSOU
2026-03-26 11:53:23 BRT [DEBUG  ]   📉  ATOM     1H=SELL (val=-0.4000) — SHORT PASSOU
2026-03-26 11:53:23 BRT [DEBUG  ]   📉  ICP      1H=SELL (val=-0.4455) — SHORT PASSOU
2026-03-26 11:53:23 BRT [DEBUG  ]   📉  AVAX     1H=SELL (val=-0.4909) — SHORT PASSOU
2026-03-26 11:53:23 BRT [INFO   ]   Gate 1H: LONG=3 | SHORT=31 | rejeitados=3
2026-03-26 11:53:23 BRT [INFO   ] 
───────────────────────────────────────────────────────
2026-03-26 11:53:23 BRT [INFO   ]   ETAPA 3 — Indicadores 15m (TradingView) — LONG + SHORT [v6.4.1]
2026-03-26 11:53:23 BRT [INFO   ] ───────────────────────────────────────────────────────
2026-03-26 11:53:23 BRT [DEBUG  ]   TV batch: 34 tokens (.P perpétuo) | cols: ['BB.upper|15', 'BB.lower|15', 'ATR|15']
2026-03-26 11:53:23 BRT [DEBUG  ]   ✅  TV batch BYBIT: 31/34 retornados | 0.03s
2026-03-26 11:53:23 BRT [WARNING]   ⚠️  TV BYBIT: 3 sem retorno: ['PEPEUSDT', 'SHIBUSDT', 'PUMPUSDT']
2026-03-26 11:53:23 BRT [INFO   ]   🔄  [v5.1] Tentando prefixo BITGET: para 3 tokens sem dados...
2026-03-26 11:53:23 BRT [INFO   ]   ✅  TV BITGET: recuperados 3: ['PEPEUSDT', 'SHIBUSDT', 'PUMPUSDT'] | 0.03s
2026-03-26 11:53:23 BRT [DEBUG  ]   TV batch: 34 tokens (.P perpétuo) | cols: ['Candle.Engulfing.Bullish|15', 'Candle.Hammer|15', 'Candle.MorningStar|15', 'Candle.3WhiteSoldiers|15', 'Candle.Harami.Bullish|15', 'Candle.Doji.Dragonfly|15', 'Candle.Engulfing.Bearish|15', 'Candle.ShootingStar|15', 'Candle.EveningStar|15', 'Candle.3BlackCrows|15', 'Candle.Harami.Bearish|15']
2026-03-26 11:53:23 BRT [DEBUG  ]   ✅  TV batch BYBIT: 31/34 retornados | 0.03s
2026-03-26 11:53:23 BRT [WARNING]   ⚠️  TV BYBIT: 3 sem retorno: ['PEPEUSDT', 'SHIBUSDT', 'PUMPUSDT']
2026-03-26 11:53:23 BRT [INFO   ]   🔄  [v5.1] Tentando prefixo BITGET: para 3 tokens sem dados...
2026-03-26 11:53:23 BRT [INFO   ]   ✅  TV BITGET: recuperados 3: ['PEPEUSDT', 'SHIBUSDT', 'PUMPUSDT'] | 0.03s
2026-03-26 11:53:23 BRT [INFO   ]   TV 15m: tech=34/34 | candles=34/34
2026-03-26 11:53:23 BRT [DEBUG  ]   XLM      ATR=0.0008 | BB_lower=0.1718 | BB_upper=0.1755 | FR=-0.00001
2026-03-26 11:53:23 BRT [DEBUG  ]   ONDO     ATR=0.0017 | BB_lower=0.2526 | BB_upper=0.2638 | FR=0.00005
2026-03-26 11:53:23 BRT [DEBUG  ]   HYPE     ATR=0.2210 | BB_lower=38.7599 | BB_upper=39.7382 | FR=-0.00000
2026-03-26 11:53:23 BRT [DEBUG  ]   PEPE     ATR=0.0000 | BB_lower=0.0000 | BB_upper=0.0000 | FR=-0.00011
2026-03-26 11:53:23 BRT [DEBUG  ]   SHIB     ATR=0.0000 | BB_lower=0.0000 | BB_upper=0.0000 | FR=-0.00004
2026-03-26 11:53:23 BRT [DEBUG  ]   PUMP     ATR=0.0000 | BB_lower=0.0018 | BB_upper=0.0018 | FR=0.00002
2026-03-26 11:53:23 BRT [DEBUG  ]   DOGE     ATR=0.0003 | BB_lower=0.0912 | BB_upper=0.0918 | FR=-0.00000
2026-03-26 11:53:23 BRT [DEBUG  ]   BEAT     ATR=0.0182 | BB_lower=0.5052 | BB_upper=0.6298 | FR=0.00029
2026-03-26 11:53:23 BRT [DEBUG  ]   WLFI     ATR=0.0004 | BB_lower=0.0977 | BB_upper=0.0987 | FR=-0.00004
2026-03-26 11:53:23 BRT [DEBUG  ]   XPL      ATR=0.0007 | BB_lower=0.0927 | BB_upper=0.0954 | FR=-0.00004
2026-03-26 11:53:23 BRT [DEBUG  ]   ADA      ATR=0.0011 | BB_lower=0.2568 | BB_upper=0.2587 | FR=-0.00011
2026-03-26 11:53:23 BRT [DEBUG  ]   WLD      ATR=0.0018 | BB_lower=0.3022 | BB_upper=0.3063 | FR=-0.00006
2026-03-26 11:53:23 BRT [DEBUG  ]   OP       ATR=0.0005 | BB_lower=0.1077 | BB_upper=0.1091 | FR=0.00010
2026-03-26 11:53:23 BRT [DEBUG  ]   XRP      ATR=0.0045 | BB_lower=1.3682 | BB_upper=1.3773 | FR=-0.00015
2026-03-26 11:53:23 BRT [DEBUG  ]   ARB      ATR=0.0004 | BB_lower=0.0934 | BB_upper=0.0950 | FR=0.00010
2026-03-26 11:53:23 BRT [DEBUG  ]   CRV      ATR=0.0010 | BB_lower=0.2203 | BB_upper=0.2231 | FR=0.00005
2026-03-26 11:53:23 BRT [DEBUG  ]   HBAR     ATR=0.0003 | BB_lower=0.0904 | BB_upper=0.0919 | FR=-0.00027
2026-03-26 11:53:23 BRT [DEBUG  ]   POL      ATR=0.0003 | BB_lower=0.0942 | BB_upper=0.0950 | FR=0.00005
2026-03-26 11:53:23 BRT [DEBUG  ]   FIL      ATR=0.0047 | BB_lower=0.8825 | BB_upper=0.8983 | FR=-0.00009
2026-03-26 11:53:23 BRT [DEBUG  ]   SUI      ATR=0.0039 | BB_lower=0.9216 | BB_upper=0.9308 | FR=-0.00002
2026-03-26 11:53:23 BRT [DEBUG  ]   IP       ATR=0.0035 | BB_lower=0.6136 | BB_upper=0.6191 | FR=-0.00022
2026-03-26 11:53:23 BRT [DEBUG  ]   DOT      ATR=0.0060 | BB_lower=1.3035 | BB_upper=1.3345 | FR=-0.00003
2026-03-26 11:53:23 BRT [DEBUG  ]   TRUMP    ATR=0.0149 | BB_lower=3.1084 | BB_upper=3.1558 | FR=-0.00008
2026-03-26 11:53:23 BRT [DEBUG  ]   RIVER    ATR=0.3791 | BB_lower=17.9841 | BB_upper=20.1458 | FR=-0.00077
2026-03-26 11:53:23 BRT [DEBUG  ]   NEAR     ATR=0.0049 | BB_lower=1.2157 | BB_upper=1.2375 | FR=0.00010
2026-03-26 11:53:23 BRT [DEBUG  ]   SOL      ATR=0.3733 | BB_lower=87.3344 | BB_upper=88.0586 | FR=-0.00014
2026-03-26 11:53:23 BRT [DEBUG  ]   LIT      ATR=0.0056 | BB_lower=0.9383 | BB_upper=0.9599 | FR=0.00005
2026-03-26 11:53:23 BRT [DEBUG  ]   UNI      ATR=0.0157 | BB_lower=3.5200 | BB_upper=3.5579 | FR=-0.00008
2026-03-26 11:53:23 BRT [DEBUG  ]   LINK     ATR=0.0355 | BB_lower=8.9214 | BB_upper=8.9920 | FR=-0.00009
2026-03-26 11:53:23 BRT [DEBUG  ]   ETH      ATR=9.2050 | BB_lower=2065.5446 | BB_upper=2083.1414 | FR=0.00003
2026-03-26 11:53:23 BRT [DEBUG  ]   TON      ATR=0.0038 | BB_lower=1.2843 | BB_upper=1.2960 | FR=0.00005
2026-03-26 11:53:23 BRT [DEBUG  ]   ATOM     ATR=0.0049 | BB_lower=1.7065 | BB_upper=1.7183 | FR=-0.00014
2026-03-26 11:53:23 BRT [DEBUG  ]   ICP      ATR=0.0100 | BB_lower=2.2959 | BB_upper=2.3214 | FR=-0.00002
2026-03-26 11:53:23 BRT [DEBUG  ]   AVAX     ATR=0.0342 | BB_lower=9.2132 | BB_upper=9.2869 | FR=-0.00006
2026-03-26 11:53:23 BRT [INFO   ] 
───────────────────────────────────────────────────────
2026-03-26 11:53:23 BRT [INFO   ]   ETAPA 3b — Score parcial (sem klines, para ordenação)
2026-03-26 11:53:23 BRT [INFO   ] ───────────────────────────────────────────────────────
2026-03-26 11:53:23 BRT [DEBUG  ]   XLM      score parcial LONG: 1/25 [FR=-0.0013% BB=0.1718–0.1755]
2026-03-26 11:53:23 BRT [DEBUG  ]   ONDO     score parcial LONG: 0/25 [FR=0.0050% BB=0.2526–0.2638]
2026-03-26 11:53:23 BRT [DEBUG  ]   HYPE     score parcial LONG: 1/25 [FR=-0.0005% BB=38.7599–39.7382]
2026-03-26 11:53:23 BRT [DEBUG  ]   PEPE     score parcial SHORT: 1/25 [FR=-0.0108% BB=0.0000–0.0000]
2026-03-26 11:53:23 BRT [DEBUG  ]   SHIB     score parcial SHORT: 0/25 [FR=-0.0044% BB=0.0000–0.0000]
2026-03-26 11:53:23 BRT [DEBUG  ]   PUMP     score parcial SHORT: 1/25 [FR=0.0018% BB=0.0018–0.0018]
2026-03-26 11:53:23 BRT [DEBUG  ]   DOGE     score parcial SHORT: 0/25 [FR=-0.0002% BB=0.0912–0.0918]
2026-03-26 11:53:23 BRT [DEBUG  ]   BEAT     score parcial SHORT: 2/25 [FR=0.0290% BB=0.5052–0.6298]
2026-03-26 11:53:23 BRT [DEBUG  ]   WLFI     score parcial SHORT: 0/25 [FR=-0.0040% BB=0.0977–0.0987]
2026-03-26 11:53:23 BRT [DEBUG  ]   XPL      score parcial SHORT: 0/25 [FR=-0.0042% BB=0.0927–0.0954]
2026-03-26 11:53:23 BRT [DEBUG  ]   ADA      score parcial SHORT: 0/25 [FR=-0.0109% BB=0.2568–0.2587]
2026-03-26 11:53:23 BRT [DEBUG  ]   WLD      score parcial SHORT: 3/25 [FR=-0.0064% BB=0.3022–0.3063]
2026-03-26 11:53:23 BRT [DEBUG  ]   OP       score parcial SHORT: 4/25 [FR=0.0100% BB=0.1077–0.1091]
2026-03-26 11:53:23 BRT [DEBUG  ]   XRP      score parcial SHORT: 0/25 [FR=-0.0148% BB=1.3682–1.3773]
2026-03-26 11:53:23 BRT [DEBUG  ]   ARB      score parcial SHORT: 3/25 [FR=0.0100% BB=0.0934–0.0950]
2026-03-26 11:53:23 BRT [DEBUG  ]   CRV      score parcial SHORT: 3/25 [FR=0.0050% BB=0.2203–0.2231]
2026-03-26 11:53:23 BRT [DEBUG  ]   HBAR     score parcial SHORT: 0/25 [FR=-0.0266% BB=0.0904–0.0919]
2026-03-26 11:53:23 BRT [DEBUG  ]   POL      score parcial SHORT: 1/25 [FR=0.0050% BB=0.0942–0.0950]
2026-03-26 11:53:23 BRT [DEBUG  ]   FIL      score parcial SHORT: 0/25 [FR=-0.0086% BB=0.8825–0.8983]
2026-03-26 11:53:23 BRT [DEBUG  ]   SUI      score parcial SHORT: 0/25 [FR=-0.0019% BB=0.9216–0.9308]
2026-03-26 11:53:23 BRT [DEBUG  ]   IP       score parcial SHORT: 0/25 [FR=-0.0222% BB=0.6136–0.6191]
2026-03-26 11:53:23 BRT [DEBUG  ]   DOT      score parcial SHORT: 1/25 [FR=-0.0032% BB=1.3035–1.3345]
2026-03-26 11:53:23 BRT [DEBUG  ]   TRUMP    score parcial SHORT: 1/25 [FR=-0.0085% BB=3.1084–3.1558]
2026-03-26 11:53:23 BRT [DEBUG  ]   RIVER    score parcial SHORT: 0/25 [FR=-0.0771% BB=17.9841–20.1458]
2026-03-26 11:53:23 BRT [DEBUG  ]   NEAR     score parcial SHORT: 3/25 [FR=0.0100% BB=1.2157–1.2375]
2026-03-26 11:53:23 BRT [DEBUG  ]   SOL      score parcial SHORT: 0/25 [FR=-0.0144% BB=87.3344–88.0586]
2026-03-26 11:53:23 BRT [DEBUG  ]   LIT      score parcial SHORT: 1/25 [FR=0.0050% BB=0.9383–0.9599]
2026-03-26 11:53:23 BRT [DEBUG  ]   UNI      score parcial SHORT: 0/25 [FR=-0.0079% BB=3.5200–3.5579]
2026-03-26 11:53:23 BRT [DEBUG  ]   LINK     score parcial SHORT: 0/25 [FR=-0.0086% BB=8.9214–8.9920]
2026-03-26 11:53:23 BRT [DEBUG  ]   ETH      score parcial SHORT: 1/25 [FR=0.0027% BB=2065.5446–2083.1414]
2026-03-26 11:53:23 BRT [DEBUG  ]   TON      score parcial SHORT: 1/25 [FR=0.0050% BB=1.2843–1.2960]
2026-03-26 11:53:23 BRT [DEBUG  ]   ATOM     score parcial SHORT: 0/25 [FR=-0.0143% BB=1.7065–1.7183]
2026-03-26 11:53:23 BRT [DEBUG  ]   ICP      score parcial SHORT: 0/25 [FR=-0.0022% BB=2.2959–2.3214]
2026-03-26 11:53:23 BRT [DEBUG  ]   AVAX     score parcial SHORT: 0/25 [FR=-0.0065% BB=9.2132–9.2869]
2026-03-26 11:53:23 BRT [INFO   ]   Ordem LONG: ['XLM', 'HYPE', 'ONDO']
2026-03-26 11:53:23 BRT [INFO   ]   Ordem SHORT: ['OP', 'WLD', 'ARB', 'CRV', 'NEAR', 'BEAT', 'PEPE', 'PUMP', 'POL', 'DOT', 'TRUMP', 'LIT', 'ETH', 'TON', 'SHIB', 'DOGE', 'WLFI', 'XPL', 'ADA', 'XRP', 'HBAR', 'FIL', 'SUI', 'IP', 'RIVER', 'SOL', 'UNI', 'LINK', 'ATOM', 'ICP', 'AVAX']
2026-03-26 11:53:23 BRT [INFO   ] 
───────────────────────────────────────────────────────
2026-03-26 11:53:23 BRT [INFO   ]   ETAPA 4 — Klines + Score completo (TOP 20 LONG + SHORT) [v6.2.0]
2026-03-26 11:53:23 BRT [INFO   ] ───────────────────────────────────────────────────────
2026-03-26 11:53:23 BRT [DEBUG  ]   Contexto: FGI=10 | BTC=NEUTRAL | LONG=CAUTELOSO (Medo Extremo)(thr=20) | SHORT=MODERADO (Medo Extremo — mercado bearish)(thr=16) | risk_score=0
2026-03-26 11:53:23 BRT [INFO   ]   ✅  [A4 CANDLE LOCK] Vela 15m fechada (504s após fechamento). Último fechamento: 11:45:00 BRT.
2026-03-26 11:53:23 BRT [INFO   ]   Buscando klines para: ['XLM', 'HYPE', 'ONDO', 'OP', 'WLD', 'ARB', 'CRV', 'NEAR', 'BEAT', 'PEPE', 'PUMP', 'POL', 'DOT', 'TRUMP', 'LIT', 'ETH', 'TON', 'SHIB', 'DOGE', 'WLFI', 'XPL', 'ADA', 'XRP']
2026-03-26 11:53:23 BRT [DEBUG  ]   📡  Cache MISS XLMUSDT 1H: arquivo não existe — buscando
2026-03-26 11:53:23 BRT [DEBUG  ]   📡  Cache MISS HYPEUSDT 1H: arquivo não existe — buscando
2026-03-26 11:53:23 BRT [DEBUG  ]   📡  Cache MISS ONDOUSDT 1H: arquivo não existe — buscando
2026-03-26 11:53:23 BRT [DEBUG  ]   📡  Cache MISS OPUSDT 1H: arquivo não existe — buscando
2026-03-26 11:53:23 BRT [DEBUG  ]   📡  Cache MISS WLDUSDT 1H: arquivo não existe — buscando
2026-03-26 11:53:23 BRT [DEBUG  ]   📡  Cache MISS ARBUSDT 1H: arquivo não existe — buscando
2026-03-26 11:53:23 BRT [DEBUG  ]   📡  Cache MISS CRVUSDT 1H: arquivo não existe — buscando
2026-03-26 11:53:23 BRT [DEBUG  ]   📡  Cache MISS NEARUSDT 1H: arquivo não existe — buscando
2026-03-26 11:53:23 BRT [DEBUG  ]   📡  Cache MISS BEATUSDT 1H: arquivo não existe — buscando
2026-03-26 11:53:23 BRT [DEBUG  ]   📡  Cache MISS PEPEUSDT 1H: arquivo não existe — buscando
2026-03-26 11:53:23 BRT [DEBUG  ]   📡  Cache MISS PUMPUSDT 1H: arquivo não existe — buscando
2026-03-26 11:53:23 BRT [DEBUG  ]   📡  Cache MISS POLUSDT 1H: arquivo não existe — buscando
2026-03-26 11:53:23 BRT [DEBUG  ]   📡  Cache MISS DOTUSDT 1H: arquivo não existe — buscando
2026-03-26 11:53:23 BRT [DEBUG  ]   📡  Cache MISS TRUMPUSDT 1H: arquivo não existe — buscando
2026-03-26 11:53:23 BRT [DEBUG  ]   📡  Cache MISS LITUSDT 1H: arquivo não existe — buscando
2026-03-26 11:53:23 BRT [DEBUG  ]   📡  Cache MISS ETHUSDT 1H: arquivo não existe — buscando
2026-03-26 11:53:23 BRT [DEBUG  ]   📡  Cache MISS TONUSDT 1H: arquivo não existe — buscando
2026-03-26 11:53:23 BRT [DEBUG  ]   📡  Cache MISS SHIBUSDT 1H: arquivo não existe — buscando
2026-03-26 11:53:23 BRT [DEBUG  ]   📡  Cache MISS DOGEUSDT 1H: arquivo não existe — buscando
2026-03-26 11:53:23 BRT [DEBUG  ]   📡  Cache MISS WLFIUSDT 1H: arquivo não existe — buscando
2026-03-26 11:53:23 BRT [DEBUG  ]   📡  Cache MISS XPLUSDT 1H: arquivo não existe — buscando
2026-03-26 11:53:23 BRT [DEBUG  ]   📡  Cache MISS ADAUSDT 1H: arquivo não existe — buscando
2026-03-26 11:53:23 BRT [DEBUG  ]   📡  Cache MISS XRPUSDT 1H: arquivo não existe — buscando
2026-03-26 11:53:23 BRT [DEBUG  ]   📡  Cache MISS XLMUSDT 4H: arquivo não existe — buscando
2026-03-26 11:53:23 BRT [DEBUG  ]   📡  Cache MISS HYPEUSDT 4H: arquivo não existe — buscando
2026-03-26 11:53:23 BRT [DEBUG  ]   📡  Cache MISS ONDOUSDT 4H: arquivo não existe — buscando
2026-03-26 11:53:23 BRT [DEBUG  ]   📡  Cache MISS OPUSDT 4H: arquivo não existe — buscando
2026-03-26 11:53:23 BRT [DEBUG  ]   📡  Cache MISS WLDUSDT 4H: arquivo não existe — buscando
2026-03-26 11:53:23 BRT [DEBUG  ]   📡  Cache MISS ARBUSDT 4H: arquivo não existe — buscando
2026-03-26 11:53:23 BRT [DEBUG  ]   📡  Cache MISS CRVUSDT 4H: arquivo não existe — buscando
2026-03-26 11:53:23 BRT [DEBUG  ]   📡  Cache MISS NEARUSDT 4H: arquivo não existe — buscando
2026-03-26 11:53:23 BRT [DEBUG  ]   📡  Cache MISS BEATUSDT 4H: arquivo não existe — buscando
2026-03-26 11:53:23 BRT [DEBUG  ]   📡  Cache MISS PEPEUSDT 4H: arquivo não existe — buscando
2026-03-26 11:53:23 BRT [DEBUG  ]   📡  Cache MISS PUMPUSDT 4H: arquivo não existe — buscando
2026-03-26 11:53:23 BRT [DEBUG  ]   📡  Cache MISS POLUSDT 4H: arquivo não existe — buscando
2026-03-26 11:53:23 BRT [DEBUG  ]   📡  Cache MISS DOTUSDT 4H: arquivo não existe — buscando
2026-03-26 11:53:23 BRT [DEBUG  ]   📡  Cache MISS TRUMPUSDT 4H: arquivo não existe — buscando
2026-03-26 11:53:23 BRT [DEBUG  ]   📡  Cache MISS LITUSDT 4H: arquivo não existe — buscando
2026-03-26 11:53:23 BRT [DEBUG  ]   📡  Cache MISS ETHUSDT 4H: arquivo não existe — buscando
2026-03-26 11:53:23 BRT [DEBUG  ]   📡  Cache MISS TONUSDT 4H: arquivo não existe — buscando
2026-03-26 11:53:23 BRT [DEBUG  ]   📡  Cache MISS SHIBUSDT 4H: arquivo não existe — buscando
2026-03-26 11:53:23 BRT [DEBUG  ]   📡  Cache MISS DOGEUSDT 4H: arquivo não existe — buscando
2026-03-26 11:53:23 BRT [DEBUG  ]   📡  Cache MISS WLFIUSDT 4H: arquivo não existe — buscando
2026-03-26 11:53:23 BRT [DEBUG  ]   📡  Cache MISS XPLUSDT 4H: arquivo não existe — buscando
2026-03-26 11:53:23 BRT [DEBUG  ]   📡  Cache MISS ADAUSDT 4H: arquivo não existe — buscando
2026-03-26 11:53:23 BRT [DEBUG  ]   📡  Cache MISS XRPUSDT 4H: arquivo não existe — buscando
2026-03-26 11:53:24 BRT [DEBUG  ]   GET https://api.bitget.com/api/v2/mix/market/candles?productType=USDT-FUTURES&symbol...
2026-03-26 11:53:24 BRT [DEBUG  ]       → HTTP 200 | 4.1KB | enc:gzip | 0.43s
2026-03-26 11:53:24 BRT [DEBUG  ]   ✅  Klines LITUSDT 15m: 60 candles | 03/26 11:45 → 03/25 21:00
2026-03-26 11:53:24 BRT [DEBUG  ]   GET https://api.bitget.com/api/v2/mix/market/candles?productType=USDT-FUTURES&symbol...
2026-03-26 11:53:24 BRT [DEBUG  ]       → HTTP 200 | 4.6KB | enc:gzip | 0.43s
2026-03-26 11:53:24 BRT [DEBUG  ]   ✅  Klines ADAUSDT 15m: 60 candles | 03/26 11:45 → 03/25 21:00
2026-03-26 11:53:24 BRT [DEBUG  ]   GET https://api.bitget.com/api/v2/mix/market/candles?productType=USDT-FUTURES&symbol...
2026-03-26 11:53:24 BRT [DEBUG  ]       → HTTP 200 | 4.8KB | enc:gzip | 0.42s
2026-03-26 11:53:24 BRT [DEBUG  ]   ✅  Klines OPUSDT 4H: 60 candles | 03/26 09:00 → 03/16 13:00
2026-03-26 11:53:24 BRT [DEBUG  ]   💾  Cache GRAVADO OPUSDT 4H: 60 candles
2026-03-26 11:53:24 BRT [DEBUG  ]   GET https://api.bitget.com/api/v2/mix/market/candles?productType=USDT-FUTURES&symbol...
2026-03-26 11:53:24 BRT [DEBUG  ]       → HTTP 200 | 4.3KB | enc:gzip | 0.43s
2026-03-26 11:53:24 BRT [DEBUG  ]   ✅  Klines DOTUSDT 1H: 60 candles | 03/26 11:00 → 03/24 00:00
2026-03-26 11:53:24 BRT [DEBUG  ]   💾  Cache GRAVADO DOTUSDT 1H: 60 candles
2026-03-26 11:53:24 BRT [DEBUG  ]   GET https://api.bitget.com/api/v2/mix/market/candles?productType=USDT-FUTURES&symbol...
2026-03-26 11:53:24 BRT [DEBUG  ]       → HTTP 200 | 4.7KB | enc:gzip | 0.43s
2026-03-26 11:53:24 BRT [DEBUG  ]   ✅  Klines ONDOUSDT 15m: 60 candles | 03/26 11:45 → 03/25 21:00
2026-03-26 11:53:24 BRT [DEBUG  ]   GET https://api.bitget.com/api/v2/mix/market/candles?productType=USDT-FUTURES&symbol...
2026-03-26 11:53:24 BRT [DEBUG  ]       → HTTP 200 | 4.8KB | enc:gzip | 0.43s
2026-03-26 11:53:24 BRT [DEBUG  ]   ✅  Klines ARBUSDT 15m: 60 candles | 03/26 11:45 → 03/25 21:00
2026-03-26 11:53:24 BRT [DEBUG  ]   GET https://api.bitget.com/api/v2/mix/market/candles?productType=USDT-FUTURES&symbol...
2026-03-26 11:53:24 BRT [DEBUG  ]       → HTTP 200 | 4.6KB | enc:gzip | 0.44s
2026-03-26 11:53:24 BRT [DEBUG  ]   ✅  Klines OPUSDT 15m: 60 candles | 03/26 11:45 → 03/25 21:00
2026-03-26 11:53:24 BRT [DEBUG  ]   GET https://api.bitget.com/api/v2/mix/market/candles?productType=USDT-FUTURES&symbol...
2026-03-26 11:53:24 BRT [DEBUG  ]       → HTTP 200 | 4.6KB | enc:gzip | 0.44s
2026-03-26 11:53:24 BRT [DEBUG  ]   ✅  Klines WLDUSDT 1H: 60 candles | 03/26 11:00 → 03/24 00:00
2026-03-26 11:53:24 BRT [DEBUG  ]   💾  Cache GRAVADO WLDUSDT 1H: 60 candles
2026-03-26 11:53:24 BRT [DEBUG  ]   GET https://api.bitget.com/api/v2/mix/market/candles?productType=USDT-FUTURES&symbol...
2026-03-26 11:53:24 BRT [DEBUG  ]       → HTTP 200 | 4.6KB | enc:gzip | 0.44s
2026-03-26 11:53:24 BRT [DEBUG  ]   ✅  Klines XPLUSDT 1H: 60 candles | 03/26 11:00 → 03/24 00:00
2026-03-26 11:53:24 BRT [DEBUG  ]   💾  Cache GRAVADO XPLUSDT 1H: 60 candles
2026-03-26 11:53:24 BRT [DEBUG  ]   GET https://api.bitget.com/api/v2/mix/market/candles?productType=USDT-FUTURES&symbol...
2026-03-26 11:53:24 BRT [DEBUG  ]       → HTTP 200 | 5.0KB | enc:gzip | 0.46s
2026-03-26 11:53:24 BRT [DEBUG  ]   ✅  Klines DOGEUSDT 1H: 60 candles | 03/26 11:00 → 03/24 00:00
2026-03-26 11:53:24 BRT [DEBUG  ]   💾  Cache GRAVADO DOGEUSDT 1H: 60 candles
2026-03-26 11:53:24 BRT [DEBUG  ]   GET https://api.bitget.com/api/v2/mix/market/candles?productType=USDT-FUTURES&symbol...
2026-03-26 11:53:24 BRT [DEBUG  ]       → HTTP 200 | 4.8KB | enc:gzip | 0.48s
2026-03-26 11:53:24 BRT [DEBUG  ]   ✅  Klines ONDOUSDT 4H: 60 candles | 03/26 09:00 → 03/16 13:00
2026-03-26 11:53:24 BRT [DEBUG  ]   💾  Cache GRAVADO ONDOUSDT 4H: 60 candles
2026-03-26 11:53:24 BRT [DEBUG  ]   GET https://api.bitget.com/api/v2/mix/market/candles?productType=USDT-FUTURES&symbol...
2026-03-26 11:53:24 BRT [DEBUG  ]       → HTTP 200 | 6.4KB | enc:gzip | 0.49s
2026-03-26 11:53:24 BRT [DEBUG  ]   ✅  Klines PEPEUSDT 15m: 60 candles | 03/26 11:45 → 03/25 21:00
2026-03-26 11:53:24 BRT [DEBUG  ]   GET https://api.bitget.com/api/v2/mix/market/candles?productType=USDT-FUTURES&symbol...
2026-03-26 11:53:24 BRT [DEBUG  ]       → HTTP 200 | 4.6KB | enc:gzip | 0.48s
2026-03-26 11:53:24 BRT [DEBUG  ]   ✅  Klines WLFIUSDT 4H: 60 candles | 03/26 09:00 → 03/16 13:00
2026-03-26 11:53:24 BRT [DEBUG  ]   💾  Cache GRAVADO WLFIUSDT 4H: 60 candles
2026-03-26 11:53:24 BRT [DEBUG  ]   GET https://api.bitget.com/api/v2/mix/market/candles?productType=USDT-FUTURES&symbol...
2026-03-26 11:53:24 BRT [DEBUG  ]       → HTTP 200 | 4.6KB | enc:gzip | 0.49s
2026-03-26 11:53:24 BRT [DEBUG  ]   ✅  Klines NEARUSDT 1H: 60 candles | 03/26 11:00 → 03/24 00:00
2026-03-26 11:53:24 BRT [DEBUG  ]   💾  Cache GRAVADO NEARUSDT 1H: 60 candles
2026-03-26 11:53:24 BRT [DEBUG  ]   GET https://api.bitget.com/api/v2/mix/market/candles?productType=USDT-FUTURES&symbol...
2026-03-26 11:53:24 BRT [DEBUG  ]       → HTTP 200 | 4.6KB | enc:gzip | 0.49s
2026-03-26 11:53:24 BRT [DEBUG  ]   ✅  Klines ADAUSDT 1H: 60 candles | 03/26 11:00 → 03/24 00:00
2026-03-26 11:53:24 BRT [DEBUG  ]   💾  Cache GRAVADO ADAUSDT 1H: 60 candles
2026-03-26 11:53:24 BRT [DEBUG  ]   GET https://api.bitget.com/api/v2/mix/market/candles?productType=USDT-FUTURES&symbol...
2026-03-26 11:53:24 BRT [DEBUG  ]       → HTTP 200 | 4.9KB | enc:gzip | 0.49s
2026-03-26 11:53:24 BRT [DEBUG  ]   ✅  Klines ETHUSDT 15m: 60 candles | 03/26 11:45 → 03/25 21:00
2026-03-26 11:53:24 BRT [DEBUG  ]   GET https://api.bitget.com/api/v2/mix/market/candles?productType=USDT-FUTURES&symbol...
2026-03-26 11:53:24 BRT [DEBUG  ]       → HTTP 200 | 4.6KB | enc:gzip | 0.48s
2026-03-26 11:53:24 BRT [DEBUG  ]   ✅  Klines XPLUSDT 4H: 60 candles | 03/26 09:00 → 03/16 13:00
2026-03-26 11:53:24 BRT [DEBUG  ]   💾  Cache GRAVADO XPLUSDT 4H: 60 candles
2026-03-26 11:53:24 BRT [DEBUG  ]   GET https://api.bitget.com/api/v2/mix/market/candles?productType=USDT-FUTURES&symbol...
2026-03-26 11:53:24 BRT [DEBUG  ]       → HTTP 200 | 4.7KB | enc:gzip | 0.49s
2026-03-26 11:53:24 BRT [DEBUG  ]   ✅  Klines ADAUSDT 4H: 60 candles | 03/26 09:00 → 03/16 13:00
2026-03-26 11:53:24 BRT [DEBUG  ]   💾  Cache GRAVADO ADAUSDT 4H: 60 candles
2026-03-26 11:53:24 BRT [DEBUG  ]   GET https://api.bitget.com/api/v2/mix/market/candles?productType=USDT-FUTURES&symbol...
2026-03-26 11:53:24 BRT [DEBUG  ]       → HTTP 200 | 6.5KB | enc:gzip | 0.49s
2026-03-26 11:53:24 BRT [DEBUG  ]   ✅  Klines PEPEUSDT 1H: 60 candles | 03/26 11:00 → 03/24 00:00
2026-03-26 11:53:24 BRT [DEBUG  ]   💾  Cache GRAVADO PEPEUSDT 1H: 60 candles
2026-03-26 11:53:24 BRT [DEBUG  ]   GET https://api.bitget.com/api/v2/mix/market/candles?productType=USDT-FUTURES&symbol...
2026-03-26 11:53:24 BRT [DEBUG  ]       → HTTP 200 | 4.8KB | enc:gzip | 0.49s
2026-03-26 11:53:24 BRT [DEBUG  ]   ✅  Klines XRPUSDT 4H: 60 candles | 03/26 09:00 → 03/16 13:00
2026-03-26 11:53:24 BRT [DEBUG  ]   💾  Cache GRAVADO XRPUSDT 4H: 60 candles
2026-03-26 11:53:24 BRT [DEBUG  ]   GET https://api.bitget.com/api/v2/mix/market/candles?productType=USDT-FUTURES&symbol...
2026-03-26 11:53:24 BRT [DEBUG  ]       → HTTP 200 | 4.9KB | enc:gzip | 0.49s
2026-03-26 11:53:24 BRT [DEBUG  ]   ✅  Klines BEATUSDT 4H: 60 candles | 03/26 09:00 → 03/16 13:00
2026-03-26 11:53:24 BRT [DEBUG  ]   💾  Cache GRAVADO BEATUSDT 4H: 60 candles
2026-03-26 11:53:24 BRT [DEBUG  ]   GET https://api.bitget.com/api/v2/mix/market/candles?productType=USDT-FUTURES&symbol...
2026-03-26 11:53:24 BRT [DEBUG  ]       → HTTP 200 | 4.9KB | enc:gzip | 0.49s
2026-03-26 11:53:24 BRT [DEBUG  ]   ✅  Klines HYPEUSDT 4H: 60 candles | 03/26 09:00 → 03/16 13:00
2026-03-26 11:53:24 BRT [DEBUG  ]   💾  Cache GRAVADO HYPEUSDT 4H: 60 candles
2026-03-26 11:53:24 BRT [DEBUG  ]   GET https://api.bitget.com/api/v2/mix/market/candles?productType=USDT-FUTURES&symbol...
2026-03-26 11:53:24 BRT [DEBUG  ]       → HTTP 200 | 4.3KB | enc:gzip | 0.49s
2026-03-26 11:53:24 BRT [DEBUG  ]   ✅  Klines DOTUSDT 4H: 60 candles | 03/26 09:00 → 03/16 13:00
2026-03-26 11:53:24 BRT [DEBUG  ]   💾  Cache GRAVADO DOTUSDT 4H: 60 candles
2026-03-26 11:53:24 BRT [DEBUG  ]   GET https://api.bitget.com/api/v2/mix/market/candles?productType=USDT-FUTURES&symbol...
2026-03-26 11:53:24 BRT [DEBUG  ]       → HTTP 200 | 4.2KB | enc:gzip | 0.49s
2026-03-26 11:53:24 BRT [DEBUG  ]   ✅  Klines LITUSDT 4H: 60 candles | 03/26 09:00 → 03/16 13:00
2026-03-26 11:53:24 BRT [DEBUG  ]   💾  Cache GRAVADO LITUSDT 4H: 60 candles
2026-03-26 11:53:24 BRT [DEBUG  ]   GET https://api.bitget.com/api/v2/mix/market/candles?productType=USDT-FUTURES&symbol...
2026-03-26 11:53:24 BRT [DEBUG  ]       → HTTP 200 | 4.8KB | enc:gzip | 0.50s
2026-03-26 11:53:24 BRT [DEBUG  ]   ✅  Klines HYPEUSDT 1H: 60 candles | 03/26 11:00 → 03/24 00:00
2026-03-26 11:53:24 BRT [DEBUG  ]   💾  Cache GRAVADO HYPEUSDT 1H: 60 candles
2026-03-26 11:53:24 BRT [DEBUG  ]   GET https://api.bitget.com/api/v2/mix/market/candles?productType=USDT-FUTURES&symbol...
2026-03-26 11:53:24 BRT [DEBUG  ]       → HTTP 200 | 4.4KB | enc:gzip | 0.50s
2026-03-26 11:53:24 BRT [DEBUG  ]   ✅  Klines WLFIUSDT 15m: 60 candles | 03/26 11:45 → 03/25 21:00
2026-03-26 11:53:24 BRT [DEBUG  ]   GET https://api.bitget.com/api/v2/mix/market/candles?productType=USDT-FUTURES&symbol...
2026-03-26 11:53:24 BRT [DEBUG  ]       → HTTP 200 | 4.8KB | enc:gzip | 0.50s
2026-03-26 11:53:24 BRT [DEBUG  ]   ✅  Klines XLMUSDT 15m: 60 candles | 03/26 11:45 → 03/25 21:00
2026-03-26 11:53:24 BRT [DEBUG  ]   GET https://api.bitget.com/api/v2/mix/market/candles?productType=USDT-FUTURES&symbol...
2026-03-26 11:53:24 BRT [DEBUG  ]       → HTTP 200 | 4.5KB | enc:gzip | 0.50s
2026-03-26 11:53:24 BRT [DEBUG  ]   ✅  Klines TONUSDT 15m: 60 candles | 03/26 11:45 → 03/25 21:00
2026-03-26 11:53:24 BRT [DEBUG  ]   GET https://api.bitget.com/api/v2/mix/market/candles?productType=USDT-FUTURES&symbol...
2026-03-26 11:53:24 BRT [DEBUG  ]       → HTTP 200 | 4.6KB | enc:gzip | 0.50s
2026-03-26 11:53:24 BRT [DEBUG  ]   ✅  Klines XRPUSDT 15m: 60 candles | 03/26 11:45 → 03/25 21:00
2026-03-26 11:53:24 BRT [DEBUG  ]   GET https://api.bitget.com/api/v2/mix/market/candles?productType=USDT-FUTURES&symbol...
2026-03-26 11:53:24 BRT [DEBUG  ]       → HTTP 200 | 4.7KB | enc:gzip | 0.50s
2026-03-26 11:53:24 BRT [DEBUG  ]   ✅  Klines TONUSDT 4H: 60 candles | 03/26 09:00 → 03/16 13:00
2026-03-26 11:53:24 BRT [DEBUG  ]   💾  Cache GRAVADO TONUSDT 4H: 60 candles
2026-03-26 11:53:24 BRT [DEBUG  ]   GET https://api.bitget.com/api/v2/mix/market/candles?productType=USDT-FUTURES&symbol...
2026-03-26 11:53:24 BRT [DEBUG  ]       → HTTP 200 | 5.3KB | enc:gzip | 0.50s
2026-03-26 11:53:24 BRT [DEBUG  ]   ✅  Klines PUMPUSDT 4H: 60 candles | 03/26 09:00 → 03/16 13:00
2026-03-26 11:53:24 BRT [DEBUG  ]   💾  Cache GRAVADO PUMPUSDT 4H: 60 candles
2026-03-26 11:53:24 BRT [DEBUG  ]   GET https://api.bitget.com/api/v2/mix/market/candles?productType=USDT-FUTURES&symbol...
2026-03-26 11:53:24 BRT [DEBUG  ]       → HTTP 200 | 5.2KB | enc:gzip | 0.50s
2026-03-26 11:53:24 BRT [DEBUG  ]   ✅  Klines PUMPUSDT 15m: 60 candles | 03/26 11:45 → 03/25 21:00
2026-03-26 11:53:24 BRT [DEBUG  ]   GET https://api.bitget.com/api/v2/mix/market/candles?productType=USDT-FUTURES&symbol...
2026-03-26 11:53:24 BRT [DEBUG  ]       → HTTP 200 | 4.6KB | enc:gzip | 0.50s
2026-03-26 11:53:24 BRT [DEBUG  ]   ✅  Klines CRVUSDT 1H: 60 candles | 03/26 11:00 → 03/24 00:00
2026-03-26 11:53:24 BRT [DEBUG  ]   💾  Cache GRAVADO CRVUSDT 1H: 60 candles
2026-03-26 11:53:24 BRT [DEBUG  ]   GET https://api.bitget.com/api/v2/mix/market/candles?productType=USDT-FUTURES&symbol...
2026-03-26 11:53:24 BRT [DEBUG  ]       → HTTP 200 | 4.2KB | enc:gzip | 0.50s
2026-03-26 11:53:24 BRT [DEBUG  ]   ✅  Klines DOTUSDT 15m: 60 candles | 03/26 11:45 → 03/25 21:00
2026-03-26 11:53:24 BRT [DEBUG  ]   GET https://api.bitget.com/api/v2/mix/market/candles?productType=USDT-FUTURES&symbol...
2026-03-26 11:53:24 BRT [DEBUG  ]       → HTTP 200 | 4.7KB | enc:gzip | 0.50s
2026-03-26 11:53:24 BRT [DEBUG  ]   ✅  Klines ONDOUSDT 1H: 60 candles | 03/26 11:00 → 03/24 00:00
2026-03-26 11:53:24 BRT [DEBUG  ]   💾  Cache GRAVADO ONDOUSDT 1H: 60 candles
2026-03-26 11:53:24 BRT [DEBUG  ]   GET https://api.bitget.com/api/v2/mix/market/candles?productType=USDT-FUTURES&symbol...
2026-03-26 11:53:24 BRT [DEBUG  ]       → HTTP 200 | 4.8KB | enc:gzip | 0.50s
2026-03-26 11:53:24 BRT [DEBUG  ]   ✅  Klines ARBUSDT 1H: 60 candles | 03/26 11:00 → 03/24 00:00
2026-03-26 11:53:24 BRT [DEBUG  ]   💾  Cache GRAVADO ARBUSDT 1H: 60 candles
2026-03-26 11:53:24 BRT [DEBUG  ]   GET https://api.bitget.com/api/v2/mix/market/candles?productType=USDT-FUTURES&symbol...
2026-03-26 11:53:24 BRT [DEBUG  ]       → HTTP 200 | 4.6KB | enc:gzip | 0.50s
2026-03-26 11:53:24 BRT [DEBUG  ]   ✅  Klines CRVUSDT 4H: 60 candles | 03/26 09:00 → 03/16 13:00
2026-03-26 11:53:24 BRT [DEBUG  ]   💾  Cache GRAVADO CRVUSDT 4H: 60 candles
2026-03-26 11:53:24 BRT [DEBUG  ]   GET https://api.bitget.com/api/v2/mix/market/candles?productType=USDT-FUTURES&symbol...
2026-03-26 11:53:24 BRT [DEBUG  ]       → HTTP 200 | 4.5KB | enc:gzip | 0.51s
2026-03-26 11:53:24 BRT [DEBUG  ]   ✅  Klines XPLUSDT 15m: 60 candles | 03/26 11:45 → 03/25 21:00
2026-03-26 11:53:24 BRT [DEBUG  ]   GET https://api.bitget.com/api/v2/mix/market/candles?productType=USDT-FUTURES&symbol...
2026-03-26 11:53:24 BRT [DEBUG  ]       → HTTP 200 | 6.0KB | enc:gzip | 0.51s
2026-03-26 11:53:24 BRT [DEBUG  ]   ✅  Klines SHIBUSDT 15m: 60 candles | 03/26 11:45 → 03/25 21:00
2026-03-26 11:53:24 BRT [DEBUG  ]   GET https://api.bitget.com/api/v2/mix/market/candles?productType=USDT-FUTURES&symbol...
2026-03-26 11:53:24 BRT [DEBUG  ]       → HTTP 200 | 4.7KB | enc:gzip | 0.51s
2026-03-26 11:53:24 BRT [DEBUG  ]   ✅  Klines OPUSDT 1H: 60 candles | 03/26 11:00 → 03/24 00:00
2026-03-26 11:53:24 BRT [DEBUG  ]   💾  Cache GRAVADO OPUSDT 1H: 60 candles
2026-03-26 11:53:24 BRT [DEBUG  ]   GET https://api.bitget.com/api/v2/mix/market/candles?productType=USDT-FUTURES&symbol...
2026-03-26 11:53:24 BRT [DEBUG  ]       → HTTP 200 | 4.8KB | enc:gzip | 0.51s
2026-03-26 11:53:24 BRT [DEBUG  ]   ✅  Klines BEATUSDT 15m: 60 candles | 03/26 11:45 → 03/25 21:00
2026-03-26 11:53:24 BRT [DEBUG  ]   GET https://api.bitget.com/api/v2/mix/market/candles?productType=USDT-FUTURES&symbol...
2026-03-26 11:53:24 BRT [DEBUG  ]       → HTTP 200 | 4.5KB | enc:gzip | 0.51s
2026-03-26 11:53:24 BRT [DEBUG  ]   ✅  Klines CRVUSDT 15m: 60 candles | 03/26 11:45 → 03/25 21:00
2026-03-26 11:53:24 BRT [DEBUG  ]   GET https://api.bitget.com/api/v2/mix/market/candles?productType=USDT-FUTURES&symbol...
2026-03-26 11:53:24 BRT [DEBUG  ]       → HTTP 200 | 4.5KB | enc:gzip | 0.51s
2026-03-26 11:53:24 BRT [DEBUG  ]   ✅  Klines WLDUSDT 15m: 60 candles | 03/26 11:45 → 03/25 21:00
2026-03-26 11:53:24 BRT [DEBUG  ]   GET https://api.bitget.com/api/v2/mix/market/candles?productType=USDT-FUTURES&symbol...
2026-03-26 11:53:24 BRT [DEBUG  ]       → HTTP 200 | 5.0KB | enc:gzip | 0.51s
2026-03-26 11:53:24 BRT [DEBUG  ]   ✅  Klines ETHUSDT 1H: 60 candles | 03/26 11:00 → 03/24 00:00
2026-03-26 11:53:24 BRT [DEBUG  ]   💾  Cache GRAVADO ETHUSDT 1H: 60 candles
2026-03-26 11:53:24 BRT [DEBUG  ]   GET https://api.bitget.com/api/v2/mix/market/candles?productType=USDT-FUTURES&symbol...
2026-03-26 11:53:24 BRT [DEBUG  ]       → HTTP 200 | 4.6KB | enc:gzip | 0.51s
2026-03-26 11:53:24 BRT [DEBUG  ]   ✅  Klines NEARUSDT 4H: 60 candles | 03/26 09:00 → 03/16 13:00
2026-03-26 11:53:24 BRT [DEBUG  ]   💾  Cache GRAVADO NEARUSDT 4H: 60 candles
2026-03-26 11:53:24 BRT [DEBUG  ]   GET https://api.bitget.com/api/v2/mix/market/candles?productType=USDT-FUTURES&symbol...
2026-03-26 11:53:24 BRT [DEBUG  ]       → HTTP 200 | 5.1KB | enc:gzip | 0.51s
2026-03-26 11:53:24 BRT [DEBUG  ]   ✅  Klines ETHUSDT 4H: 60 candles | 03/26 09:00 → 03/16 13:00
2026-03-26 11:53:24 BRT [DEBUG  ]   💾  Cache GRAVADO ETHUSDT 4H: 60 candles
2026-03-26 11:53:24 BRT [DEBUG  ]   GET https://api.bitget.com/api/v2/mix/market/candles?productType=USDT-FUTURES&symbol...
2026-03-26 11:53:24 BRT [DEBUG  ]       → HTTP 200 | 4.7KB | enc:gzip | 0.51s
2026-03-26 11:53:24 BRT [DEBUG  ]   ✅  Klines POLUSDT 15m: 60 candles | 03/26 11:45 → 03/25 21:00
2026-03-26 11:53:24 BRT [DEBUG  ]   GET https://api.bitget.com/api/v2/mix/market/candles?productType=USDT-FUTURES&symbol...
2026-03-26 11:53:24 BRT [DEBUG  ]       → HTTP 200 | 5.3KB | enc:gzip | 0.51s
2026-03-26 11:53:24 BRT [DEBUG  ]   ✅  Klines PUMPUSDT 1H: 60 candles | 03/26 11:00 → 03/24 00:00
2026-03-26 11:53:24 BRT [DEBUG  ]   💾  Cache GRAVADO PUMPUSDT 1H: 60 candles
2026-03-26 11:53:24 BRT [DEBUG  ]   GET https://api.bitget.com/api/v2/mix/market/candles?productType=USDT-FUTURES&symbol...
2026-03-26 11:53:24 BRT [DEBUG  ]       → HTTP 200 | 4.9KB | enc:gzip | 0.51s
2026-03-26 11:53:24 BRT [DEBUG  ]   ✅  Klines ARBUSDT 4H: 60 candles | 03/26 09:00 → 03/16 13:00
2026-03-26 11:53:24 BRT [DEBUG  ]   💾  Cache GRAVADO ARBUSDT 4H: 60 candles
2026-03-26 11:53:24 BRT [DEBUG  ]   GET https://api.bitget.com/api/v2/mix/market/candles?productType=USDT-FUTURES&symbol...
2026-03-26 11:53:24 BRT [DEBUG  ]       → HTTP 200 | 6.1KB | enc:gzip | 0.51s
2026-03-26 11:53:24 BRT [DEBUG  ]   ✅  Klines SHIBUSDT 1H: 60 candles | 03/26 11:00 → 03/24 00:00
2026-03-26 11:53:24 BRT [DEBUG  ]   💾  Cache GRAVADO SHIBUSDT 1H: 60 candles
2026-03-26 11:53:24 BRT [DEBUG  ]   GET https://api.bitget.com/api/v2/mix/market/candles?productType=USDT-FUTURES&symbol...
2026-03-26 11:53:24 BRT [DEBUG  ]       → HTTP 200 | 6.6KB | enc:gzip | 0.51s
2026-03-26 11:53:24 BRT [DEBUG  ]   ✅  Klines PEPEUSDT 4H: 60 candles | 03/26 09:00 → 03/16 13:00
2026-03-26 11:53:24 BRT [DEBUG  ]   💾  Cache GRAVADO PEPEUSDT 4H: 60 candles
2026-03-26 11:53:24 BRT [DEBUG  ]   GET https://api.bitget.com/api/v2/mix/market/candles?productType=USDT-FUTURES&symbol...
2026-03-26 11:53:24 BRT [DEBUG  ]       → HTTP 200 | 4.9KB | enc:gzip | 0.52s
2026-03-26 11:53:24 BRT [DEBUG  ]   ✅  Klines XLMUSDT 1H: 60 candles | 03/26 11:00 → 03/24 00:00
2026-03-26 11:53:24 BRT [DEBUG  ]   💾  Cache GRAVADO XLMUSDT 1H: 60 candles
2026-03-26 11:53:24 BRT [DEBUG  ]   GET https://api.bitget.com/api/v2/mix/market/candles?productType=USDT-FUTURES&symbol...
2026-03-26 11:53:24 BRT [DEBUG  ]       → HTTP 200 | 4.9KB | enc:gzip | 0.51s
2026-03-26 11:53:24 BRT [DEBUG  ]   ✅  Klines POLUSDT 4H: 60 candles | 03/26 09:00 → 03/16 13:00
2026-03-26 11:53:24 BRT [DEBUG  ]   💾  Cache GRAVADO POLUSDT 4H: 60 candles
2026-03-26 11:53:24 BRT [DEBUG  ]   GET https://api.bitget.com/api/v2/mix/market/candles?productType=USDT-FUTURES&symbol...
2026-03-26 11:53:24 BRT [DEBUG  ]       → HTTP 200 | 4.5KB | enc:gzip | 0.52s
2026-03-26 11:53:24 BRT [DEBUG  ]   ✅  Klines TRUMPUSDT 4H: 60 candles | 03/26 09:00 → 03/16 13:00
2026-03-26 11:53:24 BRT [DEBUG  ]   💾  Cache GRAVADO TRUMPUSDT 4H: 60 candles
2026-03-26 11:53:24 BRT [DEBUG  ]   GET https://api.bitget.com/api/v2/mix/market/candles?productType=USDT-FUTURES&symbol...
2026-03-26 11:53:24 BRT [DEBUG  ]       → HTTP 200 | 5.0KB | enc:gzip | 0.52s
2026-03-26 11:53:24 BRT [DEBUG  ]   ✅  Klines DOGEUSDT 4H: 60 candles | 03/26 09:00 → 03/16 13:00
2026-03-26 11:53:24 BRT [DEBUG  ]   💾  Cache GRAVADO DOGEUSDT 4H: 60 candles
2026-03-26 11:53:24 BRT [DEBUG  ]   GET https://api.bitget.com/api/v2/mix/market/candles?productType=USDT-FUTURES&symbol...
2026-03-26 11:53:24 BRT [DEBUG  ]       → HTTP 200 | 4.6KB | enc:gzip | 0.52s
2026-03-26 11:53:24 BRT [DEBUG  ]   ✅  Klines TONUSDT 1H: 60 candles | 03/26 11:00 → 03/24 00:00
2026-03-26 11:53:24 BRT [DEBUG  ]   💾  Cache GRAVADO TONUSDT 1H: 60 candles
2026-03-26 11:53:24 BRT [DEBUG  ]   GET https://api.bitget.com/api/v2/mix/market/candles?productType=USDT-FUTURES&symbol...
2026-03-26 11:53:24 BRT [DEBUG  ]       → HTTP 200 | 4.4KB | enc:gzip | 0.52s
2026-03-26 11:53:24 BRT [DEBUG  ]   ✅  Klines NEARUSDT 15m: 60 candles | 03/26 11:45 → 03/25 21:00
2026-03-26 11:53:24 BRT [DEBUG  ]   GET https://api.bitget.com/api/v2/mix/market/candles?productType=USDT-FUTURES&symbol...
2026-03-26 11:53:24 BRT [DEBUG  ]       → HTTP 200 | 6.1KB | enc:gzip | 0.52s
2026-03-26 11:53:24 BRT [DEBUG  ]   ✅  Klines SHIBUSDT 4H: 60 candles | 03/26 09:00 → 03/16 13:00
2026-03-26 11:53:24 BRT [DEBUG  ]   💾  Cache GRAVADO SHIBUSDT 4H: 60 candles
2026-03-26 11:53:24 BRT [DEBUG  ]   GET https://api.bitget.com/api/v2/mix/market/candles?productType=USDT-FUTURES&symbol...
2026-03-26 11:53:24 BRT [DEBUG  ]       → HTTP 200 | 4.1KB | enc:gzip | 0.52s
2026-03-26 11:53:24 BRT [DEBUG  ]   ✅  Klines LITUSDT 1H: 60 candles | 03/26 11:00 → 03/24 00:00
2026-03-26 11:53:24 BRT [DEBUG  ]   💾  Cache GRAVADO LITUSDT 1H: 60 candles
2026-03-26 11:53:24 BRT [DEBUG  ]   GET https://api.bitget.com/api/v2/mix/market/candles?productType=USDT-FUTURES&symbol...
2026-03-26 11:53:24 BRT [DEBUG  ]       → HTTP 200 | 4.4KB | enc:gzip | 0.52s
2026-03-26 11:53:24 BRT [DEBUG  ]   ✅  Klines TRUMPUSDT 1H: 60 candles | 03/26 11:00 → 03/24 00:00
2026-03-26 11:53:24 BRT [DEBUG  ]   💾  Cache GRAVADO TRUMPUSDT 1H: 60 candles
2026-03-26 11:53:24 BRT [DEBUG  ]   GET https://api.bitget.com/api/v2/mix/market/candles?productType=USDT-FUTURES&symbol...
2026-03-26 11:53:24 BRT [DEBUG  ]       → HTTP 200 | 4.7KB | enc:gzip | 0.52s
2026-03-26 11:53:24 BRT [DEBUG  ]   ✅  Klines XRPUSDT 1H: 60 candles | 03/26 11:00 → 03/24 00:00
2026-03-26 11:53:24 BRT [DEBUG  ]   💾  Cache GRAVADO XRPUSDT 1H: 60 candles
2026-03-26 11:53:24 BRT [DEBUG  ]   GET https://api.bitget.com/api/v2/mix/market/candles?productType=USDT-FUTURES&symbol...
2026-03-26 11:53:24 BRT [DEBUG  ]       → HTTP 200 | 4.6KB | enc:gzip | 0.52s
2026-03-26 11:53:24 BRT [DEBUG  ]   ✅  Klines WLDUSDT 4H: 60 candles | 03/26 09:00 → 03/16 13:00
2026-03-26 11:53:24 BRT [DEBUG  ]   💾  Cache GRAVADO WLDUSDT 4H: 60 candles
2026-03-26 11:53:24 BRT [DEBUG  ]   GET https://api.bitget.com/api/v2/mix/market/candles?productType=USDT-FUTURES&symbol...
2026-03-26 11:53:24 BRT [DEBUG  ]       → HTTP 200 | 4.3KB | enc:gzip | 0.53s
2026-03-26 11:53:24 BRT [DEBUG  ]   ✅  Klines TRUMPUSDT 15m: 60 candles | 03/26 11:45 → 03/25 21:00
2026-03-26 11:53:24 BRT [DEBUG  ]   GET https://api.bitget.com/api/v2/mix/market/candles?productType=USDT-FUTURES&symbol...
2026-03-26 11:53:24 BRT [DEBUG  ]       → HTTP 200 | 4.5KB | enc:gzip | 0.53s
2026-03-26 11:53:24 BRT [DEBUG  ]   ✅  Klines WLFIUSDT 1H: 60 candles | 03/26 11:00 → 03/24 00:00
2026-03-26 11:53:24 BRT [DEBUG  ]   💾  Cache GRAVADO WLFIUSDT 1H: 60 candles
2026-03-26 11:53:24 BRT [DEBUG  ]   GET https://api.bitget.com/api/v2/mix/market/candles?productType=USDT-FUTURES&symbol...
2026-03-26 11:53:24 BRT [DEBUG  ]       → HTTP 200 | 4.8KB | enc:gzip | 0.53s
2026-03-26 11:53:24 BRT [DEBUG  ]   ✅  Klines POLUSDT 1H: 60 candles | 03/26 11:00 → 03/24 00:00
2026-03-26 11:53:24 BRT [DEBUG  ]   💾  Cache GRAVADO POLUSDT 1H: 60 candles
2026-03-26 11:53:24 BRT [DEBUG  ]   GET https://api.bitget.com/api/v2/mix/market/candles?productType=USDT-FUTURES&symbol...
2026-03-26 11:53:24 BRT [DEBUG  ]       → HTTP 200 | 4.7KB | enc:gzip | 0.53s
2026-03-26 11:53:24 BRT [DEBUG  ]   ✅  Klines HYPEUSDT 15m: 60 candles | 03/26 11:45 → 03/25 21:00
2026-03-26 11:53:24 BRT [DEBUG  ]   GET https://api.bitget.com/api/v2/mix/market/candles?productType=USDT-FUTURES&symbol...
2026-03-26 11:53:24 BRT [DEBUG  ]       → HTTP 200 | 4.9KB | enc:gzip | 0.53s
2026-03-26 11:53:24 BRT [DEBUG  ]   ✅  Klines XLMUSDT 4H: 60 candles | 03/26 09:00 → 03/16 13:00
2026-03-26 11:53:24 BRT [DEBUG  ]   💾  Cache GRAVADO XLMUSDT 4H: 60 candles
2026-03-26 11:53:24 BRT [DEBUG  ]   GET https://api.bitget.com/api/v2/mix/market/candles?productType=USDT-FUTURES&symbol...
2026-03-26 11:53:24 BRT [DEBUG  ]       → HTTP 200 | 4.8KB | enc:gzip | 0.53s
2026-03-26 11:53:24 BRT [DEBUG  ]   ✅  Klines BEATUSDT 1H: 60 candles | 03/26 11:00 → 03/24 00:00
2026-03-26 11:53:24 BRT [DEBUG  ]   💾  Cache GRAVADO BEATUSDT 1H: 60 candles
2026-03-26 11:53:24 BRT [DEBUG  ]   GET https://api.bitget.com/api/v2/mix/market/candles?productType=USDT-FUTURES&symbol...
2026-03-26 11:53:24 BRT [DEBUG  ]       → HTTP 200 | 4.9KB | enc:gzip | 0.55s
2026-03-26 11:53:24 BRT [DEBUG  ]   ✅  Klines DOGEUSDT 15m: 60 candles | 03/26 11:45 → 03/25 21:00
2026-03-26 11:53:24 BRT [INFO   ]   ─ LONG XLM: 15m=60 | 1H=60 | 4H=60
2026-03-26 11:53:24 BRT [DEBUG  ]     find_swing_points: fallback window=3 aplicado (window=5 insuficiente: 5H/3L → 5H/3L)
2026-03-26 11:53:24 BRT [INFO   ]   SCORE XLM [LONG]: 7/25 | DQ=100% | klines: 15m=✅ 1H=✅ 4H=✅
2026-03-26 11:53:24 BRT [INFO   ]     Contexto 4H               +0/0 · BUY (contexto, não pontuado)
2026-03-26 11:53:24 BRT [INFO   ]     P4 Liquidez 4H            +1/3 █ OB 4H (0.1709-0.1749)
2026-03-26 11:53:24 BRT [INFO   ]     P5 Figuras 4H             +0/2 · Sem figuras claras no 4H
2026-03-26 11:53:24 BRT [INFO   ]     P6 CHOCH/BOS 4H           +1/3 █ Estrutura 4H saudável (Higher Lows)
2026-03-26 11:53:24 BRT [INFO   ]     P-1H Suporte 1H           +4/4 ████ Suporte 1H em 0.1746 (0.20% abaixo) | Order Block 1H (0.1751-0.1781)
2026-03-26 11:53:24 BRT [INFO   ]     P1 Bollinger 15m          +0/3 · BB neutro (84%)
2026-03-26 11:53:24 BRT [INFO   ]     P2 Candles 15m            +0/4 · Nenhum
2026-03-26 11:53:24 BRT [INFO   ]     P3 Funding Rate           +1/2 █ -0.0013% (leve negativo)
2026-03-26 11:53:24 BRT [INFO   ]     P7 Filtro Pump/Dump       +0/0 · OK (-0.6%)
2026-03-26 11:53:24 BRT [INFO   ]     P8 Volume 15m             +0/2 · Volume fraco (0.6x < 1.2x)
2026-03-26 11:53:24 BRT [INFO   ]     P9 OI Crescente           +0/2 · OI estável (-3.2% vs média, 8.1M)
2026-03-26 11:53:24 BRT [DEBUG  ]     TradeParams LONG: SL=0.70% | notional=$718 | alav_margem=20.5x → cap=2x → alav=2.0x | margem=$359.22 ⚠️MARGEM $359>35 | risco=$5.00 | ganho=$10.00
2026-03-26 11:53:24 BRT [INFO   ]   📈 LONG XLM: score=7/25 | entry=0.1749 | SL=0.70% | alav=2.0x ✅
2026-03-26 11:53:24 BRT [INFO   ]   ─ LONG HYPE: 15m=60 | 1H=60 | 4H=60
2026-03-26 11:53:24 BRT [DEBUG  ]     find_swing_points: fallback window=3 aplicado (window=5 insuficiente: 4H/6L → 4H/6L)
2026-03-26 11:53:24 BRT [INFO   ]   SCORE HYPE [LONG]: 7/25 | DQ=100% | klines: 15m=✅ 1H=✅ 4H=✅
2026-03-26 11:53:24 BRT [INFO   ]     Contexto 4H               +0/0 · BUY (contexto, não pontuado)
2026-03-26 11:53:24 BRT [INFO   ]     P4 Liquidez 4H            +1/3 █ OB 4H (39.8740-41.4110)
2026-03-26 11:53:24 BRT [INFO   ]     P5 Figuras 4H             +0/2 · Sem figuras claras no 4H
2026-03-26 11:53:24 BRT [INFO   ]     P6 CHOCH/BOS 4H           +1/3 █ Estrutura 4H saudável (Higher Lows)
2026-03-26 11:53:24 BRT [INFO   ]     P-1H Suporte 1H           +4/4 ████ Suporte 1H em 39.6460 (0.05% abaixo) | Order Block 1H (40.2290-40.9000)
2026-03-26 11:53:24 BRT [INFO   ]     P1 Bollinger 15m          +0/3 · BB neutro (93%)
2026-03-26 11:53:24 BRT [INFO   ]     P2 Candles 15m            +0/4 · Nenhum
2026-03-26 11:53:24 BRT [INFO   ]     P3 Funding Rate           +1/2 █ -0.0005% (leve negativo)
2026-03-26 11:53:24 BRT [INFO   ]     P7 Filtro Pump/Dump       +0/0 · OK (-1.8%)
2026-03-26 11:53:24 BRT [INFO   ]     P8 Volume 15m             +0/2 · Volume fraco (0.9x < 1.2x)
2026-03-26 11:53:24 BRT [INFO   ]     P9 OI Crescente           +0/2 · OI estável (-1.6% vs média, 50.9M)
2026-03-26 11:53:24 BRT [DEBUG  ]     TradeParams LONG: SL=0.84% | notional=$598 | alav_margem=17.1x → cap=2x → alav=2.0x | margem=$299.19 ⚠️MARGEM $299>35 | risco=$5.00 | ganho=$10.00
2026-03-26 11:53:24 BRT [INFO   ]   📈 LONG HYPE: score=7/25 | entry=39.6660 | SL=0.84% | alav=2.0x ✅
2026-03-26 11:53:24 BRT [INFO   ]   ─ LONG ONDO: 15m=60 | 1H=60 | 4H=60
2026-03-26 11:53:24 BRT [INFO   ]   SCORE ONDO [LONG]: 5/25 | DQ=100% | klines: 15m=✅ 1H=✅ 4H=✅
2026-03-26 11:53:24 BRT [INFO   ]     Contexto 4H               +0/0 · BUY (contexto, não pontuado)
2026-03-26 11:53:24 BRT [INFO   ]     P4 Liquidez 4H            +1/3 █ OB 4H (0.2647-0.2731)
2026-03-26 11:53:24 BRT [INFO   ]     P5 Figuras 4H             +0/2 · Sem figuras claras no 4H
2026-03-26 11:53:24 BRT [INFO   ]     P6 CHOCH/BOS 4H           +0/3 · Sem estrutura bullish no 4H
2026-03-26 11:53:24 BRT [INFO   ]     P-1H Suporte 1H           +2/4 ██ Order Block 1H (0.2617-0.2678)
2026-03-26 11:53:24 BRT [INFO   ]     P1 Bollinger 15m          +0/3 · BB neutro (103%)
2026-03-26 11:53:24 BRT [INFO   ]     P2 Candles 15m            +0/4 · Nenhum
2026-03-26 11:53:24 BRT [INFO   ]     P3 Funding Rate           +0/2 · 0.0050% (neutro)
2026-03-26 11:53:24 BRT [INFO   ]     P7 Filtro Pump/Dump       +0/0 · OK (1.0%)
2026-03-26 11:53:24 BRT [INFO   ]     P8 Volume 15m             +2/2 ██ Volume forte (1.8x média)
2026-03-26 11:53:24 BRT [INFO   ]     P9 OI Crescente           +0/2 · OI estável (+1.5% vs média, 5.4M)
2026-03-26 11:53:24 BRT [DEBUG  ]     TradeParams LONG: SL=0.99% | notional=$505 | alav_margem=14.4x → cap=2x → alav=2.0x | margem=$252.25 ⚠️MARGEM $252>35 | risco=$5.00 | ganho=$10.00
2026-03-26 11:53:24 BRT [INFO   ]   📈 LONG ONDO: score=5/25 | entry=0.2642 | SL=0.99% | alav=2.0x ✅
2026-03-26 11:53:24 BRT [INFO   ]   ─ SHORT OP: 15m=60 | 1H=60 | 4H=60
2026-03-26 11:53:24 BRT [DEBUG  ]     find_swing_points: fallback window=3 aplicado (window=5 insuficiente: 7H/6L → 7H/6L)
2026-03-26 11:53:24 BRT [DEBUG  ]     find_swing_points: fallback window=3 aplicado (window=5 insuficiente: 7H/6L → 7H/6L)
2026-03-26 11:53:24 BRT [DEBUG  ]     find_swing_points: fallback window=3 aplicado (window=5 insuficiente: 7H/6L → 7H/6L)
2026-03-26 11:53:24 BRT [INFO   ]   SCORE OP [SHORT]: 5/25 | DQ=100% | klines: 15m=✅ 1H=✅ 4H=✅
2026-03-26 11:53:24 BRT [INFO   ]     Contexto 4H               +0/0 · SELL (contexto SHORT, não pontuado)
2026-03-26 11:53:24 BRT [INFO   ]     P4 Liquidez 4H            +0/3 · Longe de resistências 4H
2026-03-26 11:53:24 BRT [INFO   ]     P5 Figuras 4H             +1/2 █ Cunha Ascendente (pullback bearish)
2026-03-26 11:53:24 BRT [INFO   ]     P6 CHOCH/BOS 4H           +0/3 · Sem estrutura bearish no 4H
2026-03-26 11:53:24 BRT [INFO   ]     P-1H Resistência 1H       +0/4 · Preço longe de resistências no 1H
2026-03-26 11:53:24 BRT [INFO   ]     P1 Bollinger 15m          +3/3 ███ BB extremo superior (98%)
2026-03-26 11:53:24 BRT [INFO   ]     P2 Candles 15m            +0/4 · Nenhum
2026-03-26 11:53:24 BRT [INFO   ]     P3 Funding Rate           +1/2 █ 0.0100% (leve positivo)
2026-03-26 11:53:24 BRT [INFO   ]     P7 Filtro Pump/Dump       +0/0 · OK (-4.7%)
2026-03-26 11:53:24 BRT [INFO   ]     P8 Volume 15m             +0/2 · Volume fraco (0.8x < 1.2x)
2026-03-26 11:53:24 BRT [INFO   ]     P9 OI Crescente           +0/2 · OI estável (+0.5% vs média, 5.5M)
2026-03-26 11:53:24 BRT [DEBUG  ]     TradeParams SHORT: SL=0.74% | notional=$673 | alav_margem=19.2x → cap=2x → alav=2.0x | margem=$336.34 ⚠️MARGEM $336>35 | risco=$5.00 | ganho=$10.00
2026-03-26 11:53:24 BRT [INFO   ]   📉 SHORT OP: score=5/25 | entry=0.1091 | SL=0.74% | alav=2.0x ✅
2026-03-26 11:53:24 BRT [INFO   ]   ─ SHORT WLD: 15m=60 | 1H=60 | 4H=60
2026-03-26 11:53:24 BRT [DEBUG  ]     find_swing_points: fallback window=3 aplicado (window=5 insuficiente: 5H/7L → 5H/7L)
2026-03-26 11:53:24 BRT [DEBUG  ]     find_swing_points: fallback window=3 aplicado (window=5 insuficiente: 5H/7L → 5H/7L)
2026-03-26 11:53:24 BRT [DEBUG  ]     find_swing_points: fallback window=3 aplicado (window=5 insuficiente: 5H/7L → 5H/7L)
2026-03-26 11:53:24 BRT [INFO   ]   SCORE WLD [SHORT]: 7/25 | DQ=100% | klines: 15m=✅ 1H=✅ 4H=✅
2026-03-26 11:53:24 BRT [INFO   ]     Contexto 4H               +0/0 · STRONG_SELL (contexto SHORT, não pontuado)
2026-03-26 11:53:24 BRT [INFO   ]     P4 Liquidez 4H            +0/3 · Longe de resistências 4H
2026-03-26 11:53:24 BRT [INFO   ]     P5 Figuras 4H             +1/2 █ Cunha Ascendente (pullback bearish)
2026-03-26 11:53:24 BRT [INFO   ]     P6 CHOCH/BOS 4H           +3/3 ███ CHOCH Bearish 4H (reversão confirmada)
2026-03-26 11:53:24 BRT [INFO   ]     P-1H Resistência 1H       +0/4 · Preço longe de resistências no 1H
2026-03-26 11:53:24 BRT [INFO   ]     P1 Bollinger 15m          +3/3 ███ BB rompeu inferior (-5%) — momentum bearish
2026-03-26 11:53:24 BRT [INFO   ]     P2 Candles 15m            +0/4 · Nenhum
2026-03-26 11:53:24 BRT [INFO   ]     P3 Funding Rate           +0/2 · -0.0064% (neutro)
2026-03-26 11:53:24 BRT [INFO   ]     P7 Filtro Pump/Dump       +0/0 · OK (-6.6%)
2026-03-26 11:53:24 BRT [INFO   ]     P8 Volume 15m             +0/2 · Volume fraco (0.3x < 1.2x)
2026-03-26 11:53:24 BRT [INFO   ]     P9 OI Crescente           +0/2 · OI estável (-2.1% vs média, 17.1M)
2026-03-26 11:53:24 BRT [DEBUG  ]     TradeParams SHORT: SL=0.90% | notional=$554 | alav_margem=15.8x → cap=2x → alav=2.0x | margem=$276.96 ⚠️MARGEM $277>35 | risco=$5.00 | ganho=$10.00
2026-03-26 11:53:24 BRT [INFO   ]   📉 SHORT WLD: score=7/25 | entry=0.3020 | SL=0.90% | alav=2.0x ✅
2026-03-26 11:53:24 BRT [INFO   ]   ─ SHORT ARB: 15m=60 | 1H=60 | 4H=60
2026-03-26 11:53:24 BRT [INFO   ]   SCORE ARB [SHORT]: 10/25 | DQ=100% | klines: 15m=✅ 1H=✅ 4H=✅
2026-03-26 11:53:24 BRT [INFO   ]     Contexto 4H               +0/0 · SELL (contexto SHORT, não pontuado)
2026-03-26 11:53:24 BRT [INFO   ]     P4 Liquidez 4H            +1/3 █ OB Bearish 4H (0.0923-0.0948)
2026-03-26 11:53:24 BRT [INFO   ]     P5 Figuras 4H             +1/2 █ Cunha Ascendente (pullback bearish)
2026-03-26 11:53:24 BRT [INFO   ]     P6 CHOCH/BOS 4H           +3/3 ███ CHOCH Bearish 4H (reversão confirmada)
2026-03-26 11:53:24 BRT [INFO   ]     P-1H Resistência 1H       +2/4 ██ OB Bearish 1H (0.0961-0.0978)
2026-03-26 11:53:24 BRT [INFO   ]     P1 Bollinger 15m          +2/3 ██ BB superior (92%)
2026-03-26 11:53:24 BRT [INFO   ]     P2 Candles 15m            +0/4 · Nenhum
2026-03-26 11:53:24 BRT [INFO   ]     P3 Funding Rate           +1/2 █ 0.0100% (leve positivo)
2026-03-26 11:53:24 BRT [INFO   ]     P7 Filtro Pump/Dump       +0/0 · OK (-4.7%)
2026-03-26 11:53:24 BRT [INFO   ]     P8 Volume 15m             +0/2 · Volume fraco (0.1x < 1.2x)
2026-03-26 11:53:24 BRT [INFO   ]     P9 OI Crescente           +0/2 · OI estável (-9.8% vs média, 5.1M)
2026-03-26 11:53:24 BRT [DEBUG  ]     TradeParams SHORT: SL=0.67% | notional=$741 | alav_margem=21.2x → cap=2x → alav=2.0x | margem=$370.50 ⚠️MARGEM $371>35 | risco=$5.00 | ganho=$10.00
2026-03-26 11:53:24 BRT [INFO   ]   📉 SHORT ARB: score=10/25 | entry=0.0949 | SL=0.67% | alav=2.0x ✅
2026-03-26 11:53:24 BRT [INFO   ]   ─ SHORT CRV: 15m=60 | 1H=60 | 4H=60
2026-03-26 11:53:24 BRT [DEBUG  ]     find_swing_points: fallback window=3 aplicado (window=5 insuficiente: 4H/4L → 4H/4L)
2026-03-26 11:53:24 BRT [INFO   ]   SCORE CRV [SHORT]: 13/25 | DQ=100% | klines: 15m=✅ 1H=✅ 4H=✅
2026-03-26 11:53:24 BRT [INFO   ]     Contexto 4H               +0/0 · SELL (contexto SHORT, não pontuado)
2026-03-26 11:53:24 BRT [INFO   ]     P4 Liquidez 4H            +1/3 █ OB Bearish 4H (0.2150-0.2212)
2026-03-26 11:53:24 BRT [INFO   ]     P5 Figuras 4H             +0/2 · Sem figuras bearish claras no 4H
2026-03-26 11:53:24 BRT [INFO   ]     P6 CHOCH/BOS 4H           +3/3 ███ CHOCH Bearish 4H (reversão confirmada)
2026-03-26 11:53:24 BRT [INFO   ]     P-1H Resistência 1H       +4/4 ████ Resistência 1H em 0.2274 (2.11% acima) | OB Bearish 1H (0.2202-0.2243)
2026-03-26 11:53:24 BRT [INFO   ]     P1 Bollinger 15m          +2/3 ██ BB superior (86%)
2026-03-26 11:53:24 BRT [INFO   ]     P2 Candles 15m            +0/4 · Nenhum
2026-03-26 11:53:24 BRT [INFO   ]     P3 Funding Rate           +1/2 █ 0.0050% (leve positivo)
2026-03-26 11:53:24 BRT [INFO   ]     P7 Filtro Pump/Dump       +0/0 · OK (-5.2%)
2026-03-26 11:53:24 BRT [INFO   ]     P8 Volume 15m             +2/2 ██ Volume forte (2.7x média)
2026-03-26 11:53:24 BRT [INFO   ]     P9 OI Crescente           +0/2 · OI estável (-1.9% vs média, 5.7M)
2026-03-26 11:53:24 BRT [DEBUG  ]     TradeParams SHORT: SL=0.69% | notional=$728 | alav_margem=20.8x → cap=2x → alav=2.0x | margem=$363.76 ⚠️MARGEM $364>35 | risco=$5.00 | ganho=$10.00
2026-03-26 11:53:24 BRT [INFO   ]   📉 SHORT CRV: score=13/25 | entry=0.2227 | SL=0.69% | alav=2.0x ✅
2026-03-26 11:53:24 BRT [INFO   ]   ─ SHORT NEAR: 15m=60 | 1H=60 | 4H=60
2026-03-26 11:53:24 BRT [INFO   ]   SCORE NEAR [SHORT]: 8/25 | DQ=100% | klines: 15m=✅ 1H=✅ 4H=✅
2026-03-26 11:53:24 BRT [INFO   ]     Contexto 4H               +0/0 · SELL (contexto SHORT, não pontuado)
2026-03-26 11:53:24 BRT [INFO   ]     P4 Liquidez 4H            +0/3 · Longe de resistências 4H
2026-03-26 11:53:24 BRT [INFO   ]     P5 Figuras 4H             +2/2 ██ Rising Wedge (reversão bearish)
2026-03-26 11:53:24 BRT [INFO   ]     P6 CHOCH/BOS 4H           +3/3 ███ CHOCH Bearish 4H (reversão confirmada)
2026-03-26 11:53:24 BRT [INFO   ]     P-1H Resistência 1H       +0/4 · Preço longe de resistências no 1H
2026-03-26 11:53:24 BRT [INFO   ]     P1 Bollinger 15m          +2/3 ██ BB superior (90%)
2026-03-26 11:53:24 BRT [INFO   ]     P2 Candles 15m            +0/4 · Nenhum
2026-03-26 11:53:24 BRT [INFO   ]     P3 Funding Rate           +1/2 █ 0.0100% (leve positivo)
2026-03-26 11:53:24 BRT [INFO   ]     P7 Filtro Pump/Dump       +0/0 · OK (-5.4%)
2026-03-26 11:53:24 BRT [INFO   ]     P8 Volume 15m             +0/2 · Volume fraco (0.6x < 1.2x)
2026-03-26 11:53:24 BRT [INFO   ]     P9 OI Crescente           +0/2 · OI estável (-1.6% vs média, 13.0M)
2026-03-26 11:53:24 BRT [DEBUG  ]     TradeParams SHORT: SL=0.60% | notional=$835 | alav_margem=23.9x → cap=2x → alav=2.0x | margem=$417.71 ⚠️MARGEM $418>35 | risco=$5.00 | ganho=$10.00
2026-03-26 11:53:24 BRT [INFO   ]   📉 SHORT NEAR: score=8/25 | entry=1.2353 | SL=0.60% | alav=2.0x ✅
2026-03-26 11:53:24 BRT [INFO   ]   ─ SHORT BEAT: 15m=60 | 1H=60 | 4H=60
2026-03-26 11:53:24 BRT [DEBUG  ]     find_swing_points: fallback window=3 aplicado (window=5 insuficiente: 6H/4L → 6H/4L)
2026-03-26 11:53:24 BRT [DEBUG  ]     find_swing_points: fallback window=3 aplicado (window=5 insuficiente: 6H/4L → 6H/4L)
2026-03-26 11:53:24 BRT [DEBUG  ]     find_swing_points: fallback window=3 aplicado (window=5 insuficiente: 6H/4L → 6H/4L)
2026-03-26 11:53:24 BRT [INFO   ]   SCORE BEAT [SHORT]: 5/25 | DQ=100% | klines: 15m=✅ 1H=✅ 4H=✅
2026-03-26 11:53:24 BRT [INFO   ]     Contexto 4H               +0/0 · SELL (contexto SHORT, não pontuado)
2026-03-26 11:53:24 BRT [INFO   ]     P4 Liquidez 4H            +1/3 █ OB Bearish 4H (0.5846-0.5960)
2026-03-26 11:53:24 BRT [INFO   ]     P5 Figuras 4H             +0/2 · Sem figuras bearish claras no 4H
2026-03-26 11:53:24 BRT [INFO   ]     P6 CHOCH/BOS 4H           +1/3 █ Estrutura 4H bearish (Lower Highs)
2026-03-26 11:53:24 BRT [INFO   ]     P-1H Resistência 1H       +0/4 · Preço longe de resistências no 1H
2026-03-26 11:53:24 BRT [INFO   ]     P1 Bollinger 15m          +1/3 █ BB alta (77%)
2026-03-26 11:53:24 BRT [INFO   ]     P2 Candles 15m            +0/4 · Nenhum
2026-03-26 11:53:24 BRT [INFO   ]     P3 Funding Rate           +1/2 █ 0.0290% (leve positivo)
2026-03-26 11:53:24 BRT [INFO   ]     P7 Filtro Pump/Dump       +0/0 · OK (-2.3%)
2026-03-26 11:53:24 BRT [INFO   ]     P8 Volume 15m             +1/2 █ Volume adequado (1.7x média)
2026-03-26 11:53:24 BRT [INFO   ]     P9 OI Crescente           +0/2 · OI estável (+1.7% vs média, 10.5M)
2026-03-26 11:53:24 BRT [DEBUG  ]     TradeParams SHORT: SL=4.54% | notional=$110 | alav_margem=3.1x → cap=2x → alav=2.0x | margem=$55.01 ⚠️MARGEM $55>35 | risco=$5.00 | ganho=$10.00
2026-03-26 11:53:24 BRT [INFO   ]   📉 SHORT BEAT: score=5/25 | entry=0.6016 | SL=4.54% | alav=2.0x ✅
2026-03-26 11:53:24 BRT [INFO   ]   ─ SHORT PEPE: 15m=60 | 1H=60 | 4H=60
2026-03-26 11:53:24 BRT [DEBUG  ]     find_swing_points: fallback window=3 aplicado (window=5 insuficiente: 5H/6L → 5H/6L)
2026-03-26 11:53:24 BRT [DEBUG  ]     find_swing_points: fallback window=3 aplicado (window=5 insuficiente: 5H/6L → 5H/6L)
2026-03-26 11:53:24 BRT [DEBUG  ]     find_swing_points: fallback window=3 aplicado (window=5 insuficiente: 5H/6L → 5H/6L)
2026-03-26 11:53:24 BRT [DEBUG  ]     find_swing_points: fallback window=3 aplicado (window=5 insuficiente: 6H/5L → 6H/5L)
2026-03-26 11:53:24 BRT [INFO   ]   SCORE PEPE [SHORT]: 9/25 | DQ=100% | klines: 15m=✅ 1H=✅ 4H=✅
2026-03-26 11:53:24 BRT [INFO   ]     Contexto 4H               +0/0 · SELL (contexto SHORT, não pontuado)
2026-03-26 11:53:24 BRT [INFO   ]     P4 Liquidez 4H            +3/3 ███ Resistência 4H 0.00000348 (1.83% acima) | OB Bearish 4H (0.0000-0.0000) | Confluência Res+OB Bearish
2026-03-26 11:53:24 BRT [INFO   ]     P5 Figuras 4H             +1/2 █ Cunha Ascendente (pullback bearish)
2026-03-26 11:53:24 BRT [INFO   ]     P6 CHOCH/BOS 4H           +0/3 · Sem estrutura bearish no 4H
2026-03-26 11:53:24 BRT [INFO   ]     P-1H Resistência 1H       +4/4 ████ Resistência 1H em 0.00000349 (2.12% acima) | OB Bearish 1H (0.0000-0.0000)
2026-03-26 11:53:24 BRT [INFO   ]     P1 Bollinger 15m          +1/3 █ BB alta (81%)
2026-03-26 11:53:24 BRT [INFO   ]     P2 Candles 15m            +0/4 · Nenhum
2026-03-26 11:53:24 BRT [INFO   ]     P3 Funding Rate           +0/2 · -0.0108% (neutro)
2026-03-26 11:53:24 BRT [INFO   ]     P7 Filtro Pump/Dump       +0/0 · OK (-3.9%)
2026-03-26 11:53:24 BRT [INFO   ]     P8 Volume 15m             +0/2 · Volume fraco (0.7x < 1.2x)
2026-03-26 11:53:24 BRT [INFO   ]     P9 OI Crescente           +0/2 · OI estável (-2.6% vs média, 30.2M)
2026-03-26 11:53:24 BRT [DEBUG  ]     TradeParams SHORT: SL=0.59% | notional=$842 | alav_margem=24.1x → cap=2x → alav=2.0x | margem=$421.21 ⚠️MARGEM $421>35 | risco=$5.00 | ganho=$10.00
2026-03-26 11:53:24 BRT [INFO   ]   📉 SHORT PEPE: score=9/25 | entry=0.0000 | SL=0.59% | alav=2.0x ✅
2026-03-26 11:53:24 BRT [INFO   ]   ─ SHORT PUMP: 15m=60 | 1H=60 | 4H=60
2026-03-26 11:53:24 BRT [INFO   ]   SCORE PUMP [SHORT]: 5/25 | DQ=100% | klines: 15m=✅ 1H=✅ 4H=✅
2026-03-26 11:53:24 BRT [INFO   ]     Contexto 4H               +0/0 · STRONG_SELL (contexto SHORT, não pontuado)
2026-03-26 11:53:24 BRT [INFO   ]     P4 Liquidez 4H            +1/3 █ OB Bearish 4H (0.0018-0.0018)
2026-03-26 11:53:24 BRT [INFO   ]     P5 Figuras 4H             +1/2 █ Cunha Ascendente (pullback bearish)
2026-03-26 11:53:24 BRT [INFO   ]     P6 CHOCH/BOS 4H           +0/3 · Sem estrutura bearish no 4H
2026-03-26 11:53:24 BRT [INFO   ]     P-1H Resistência 1H       +2/4 ██ OB Bearish 1H (0.0018-0.0018)
2026-03-26 11:53:24 BRT [INFO   ]     P1 Bollinger 15m          +0/3 · BB neutro (49%)
2026-03-26 11:53:24 BRT [INFO   ]     P2 Candles 15m            +0/4 · Nenhum
2026-03-26 11:53:24 BRT [INFO   ]     P3 Funding Rate           +1/2 █ 0.0018% (leve positivo)
2026-03-26 11:53:24 BRT [INFO   ]     P7 Filtro Pump/Dump       +0/0 · OK (-4.9%)
2026-03-26 11:53:24 BRT [INFO   ]     P8 Volume 15m             +0/2 · Volume fraco (0.2x < 1.2x)
2026-03-26 11:53:24 BRT [INFO   ]     P9 OI Crescente           +0/2 · OI estável (-4.1% vs média, 13.8M)
2026-03-26 11:53:24 BRT [DEBUG  ]     TradeParams SHORT: SL=0.79% | notional=$631 | alav_margem=18.0x → cap=2x → alav=2.0x | margem=$315.34 ⚠️MARGEM $315>35 | risco=$5.00 | ganho=$10.00
2026-03-26 11:53:24 BRT [INFO   ]   📉 SHORT PUMP: score=5/25 | entry=0.0018 | SL=0.79% | alav=2.0x ✅
2026-03-26 11:53:24 BRT [INFO   ]   ─ SHORT POL: 15m=60 | 1H=60 | 4H=60
2026-03-26 11:53:24 BRT [DEBUG  ]     find_swing_points: fallback window=3 aplicado (window=5 insuficiente: 5H/4L → 5H/4L)
2026-03-26 11:53:24 BRT [INFO   ]   SCORE POL [SHORT]: 6/25 | DQ=100% | klines: 15m=✅ 1H=✅ 4H=✅
2026-03-26 11:53:24 BRT [INFO   ]     Contexto 4H               +0/0 · STRONG_SELL (contexto SHORT, não pontuado)
2026-03-26 11:53:24 BRT [INFO   ]     P4 Liquidez 4H            +1/3 █ OB Bearish 4H (0.0954-0.0978)
2026-03-26 11:53:24 BRT [INFO   ]     P5 Figuras 4H             +0/2 · Sem figuras bearish claras no 4H
2026-03-26 11:53:24 BRT [INFO   ]     P6 CHOCH/BOS 4H           +0/3 · Sem estrutura bearish no 4H
2026-03-26 11:53:24 BRT [INFO   ]     P-1H Resistência 1H       +2/4 ██ Resistência 1H em 0.0954 (1.00% acima)
2026-03-26 11:53:24 BRT [INFO   ]     P1 Bollinger 15m          +0/3 · BB neutro (31%)
2026-03-26 11:53:24 BRT [INFO   ]     P2 Candles 15m            +0/4 · Nenhum
2026-03-26 11:53:24 BRT [INFO   ]     P3 Funding Rate           +1/2 █ 0.0050% (leve positivo)
2026-03-26 11:53:24 BRT [INFO   ]     P7 Filtro Pump/Dump       +0/0 · OK (-2.7%)
2026-03-26 11:53:24 BRT [INFO   ]     P8 Volume 15m             +2/2 ██ Volume forte (2.8x média)
2026-03-26 11:53:24 BRT [INFO   ]     P9 OI Crescente           +0/2 · OI estável (-1.3% vs média, 5.7M)
2026-03-26 11:53:24 BRT [DEBUG  ]     TradeParams SHORT: SL=0.50% | notional=$993 | alav_margem=28.4x → cap=2x → alav=2.0x | margem=$496.27 ⚠️MARGEM $496>35 | risco=$5.00 | ganho=$10.00
2026-03-26 11:53:24 BRT [INFO   ]   📉 SHORT POL: score=6/25 | entry=0.0944 | SL=0.50% | alav=2.0x ✅
2026-03-26 11:53:24 BRT [INFO   ]   ─ SHORT DOT: 15m=60 | 1H=60 | 4H=60
2026-03-26 11:53:24 BRT [DEBUG  ]     find_swing_points: fallback window=3 aplicado (window=5 insuficiente: 5H/7L → 5H/7L)
2026-03-26 11:53:24 BRT [INFO   ]   SCORE DOT [SHORT]: 5/25 | DQ=100% | klines: 15m=✅ 1H=✅ 4H=✅
2026-03-26 11:53:24 BRT [INFO   ]     Contexto 4H               +0/0 · SELL (contexto SHORT, não pontuado)
2026-03-26 11:53:24 BRT [INFO   ]     P4 Liquidez 4H            +0/3 · Longe de resistências 4H
2026-03-26 11:53:24 BRT [INFO   ]     P5 Figuras 4H             +1/2 █ Cunha Ascendente (pullback bearish)
2026-03-26 11:53:24 BRT [INFO   ]     P6 CHOCH/BOS 4H           +3/3 ███ CHOCH Bearish 4H (reversão confirmada)
2026-03-26 11:53:24 BRT [INFO   ]     P-1H Resistência 1H       +0/4 · Preço longe de resistências no 1H
2026-03-26 11:53:24 BRT [INFO   ]     P1 Bollinger 15m          +1/3 █ BB alta (79%)
2026-03-26 11:53:24 BRT [INFO   ]     P2 Candles 15m            +0/4 · Nenhum
2026-03-26 11:53:24 BRT [INFO   ]     P3 Funding Rate           +0/2 · -0.0032% (neutro)
2026-03-26 11:53:24 BRT [INFO   ]     P7 Filtro Pump/Dump       +0/0 · OK (-3.6%)
2026-03-26 11:53:24 BRT [INFO   ]     P8 Volume 15m             +0/2 · Volume fraco (0.7x < 1.2x)
2026-03-26 11:53:24 BRT [INFO   ]     P9 OI Crescente           +0/2 · OI estável (-2.3% vs média, 14.0M)
2026-03-26 11:53:24 BRT [DEBUG  ]     TradeParams SHORT: SL=0.68% | notional=$732 | alav_margem=20.9x → cap=2x → alav=2.0x | margem=$365.89 ⚠️MARGEM $366>35 | risco=$5.00 | ganho=$10.00
2026-03-26 11:53:24 BRT [INFO   ]   📉 SHORT DOT: score=5/25 | entry=1.3280 | SL=0.68% | alav=2.0x ✅
2026-03-26 11:53:24 BRT [INFO   ]   ─ SHORT TRUMP: 15m=60 | 1H=60 | 4H=60
2026-03-26 11:53:24 BRT [DEBUG  ]   SCORE TRUMP [SHORT]: 2/25 | DQ=100% (abaixo do radar)
2026-03-26 11:53:24 BRT [DEBUG  ]     TradeParams SHORT: SL=0.71% | notional=$703 | alav_margem=20.1x → cap=2x → alav=2.0x | margem=$351.58 ⚠️MARGEM $352>35 | risco=$5.00 | ganho=$10.00
2026-03-26 11:53:24 BRT [INFO   ]   📉 SHORT TRUMP: score=2/25 | entry=3.1470 | SL=0.71% | alav=2.0x ✅
2026-03-26 11:53:24 BRT [INFO   ]   ─ SHORT LIT: 15m=60 | 1H=60 | 4H=60
2026-03-26 11:53:24 BRT [DEBUG  ]     find_swing_points: fallback window=3 aplicado (window=5 insuficiente: 5H/3L → 5H/3L)
2026-03-26 11:53:24 BRT [DEBUG  ]     find_swing_points: fallback window=3 aplicado (window=5 insuficiente: 5H/3L → 5H/3L)
2026-03-26 11:53:24 BRT [DEBUG  ]     find_swing_points: fallback window=3 aplicado (window=5 insuficiente: 5H/3L → 5H/3L)
2026-03-26 11:53:24 BRT [INFO   ]   SCORE LIT [SHORT]: 9/25 | DQ=100% | klines: 15m=✅ 1H=✅ 4H=✅
2026-03-26 11:53:24 BRT [INFO   ]     Contexto 4H               +0/0 · SELL (contexto SHORT, não pontuado)
2026-03-26 11:53:24 BRT [INFO   ]     P4 Liquidez 4H            +0/3 · Longe de resistências 4H
2026-03-26 11:53:24 BRT [INFO   ]     P5 Figuras 4H             +1/2 █ Cunha Ascendente (pullback bearish)
2026-03-26 11:53:24 BRT [INFO   ]     P6 CHOCH/BOS 4H           +3/3 ███ CHOCH Bearish 4H (reversão confirmada)
2026-03-26 11:53:24 BRT [INFO   ]     P-1H Resistência 1H       +4/4 ████ Resistência 1H em 0.9640 (1.28% acima) | OB Bearish 1H (0.9460-0.9610)
2026-03-26 11:53:24 BRT [INFO   ]     P1 Bollinger 15m          +0/3 · BB neutro (62%)
2026-03-26 11:53:24 BRT [INFO   ]     P2 Candles 15m            +0/4 · Nenhum
2026-03-26 11:53:24 BRT [INFO   ]     P3 Funding Rate           +1/2 █ 0.0050% (leve positivo)
2026-03-26 11:53:24 BRT [INFO   ]     P7 Filtro Pump/Dump       +0/0 · OK (-5.7%)
2026-03-26 11:53:24 BRT [INFO   ]     P8 Volume 15m             +0/2 · Volume fraco (0.2x < 1.2x)
2026-03-26 11:53:24 BRT [INFO   ]     P9 OI Crescente           +0/2 · OI estável (-3.3% vs média, 5.7M)
2026-03-26 11:53:24 BRT [DEBUG  ]     TradeParams SHORT: SL=0.88% | notional=$566 | alav_margem=16.2x → cap=2x → alav=2.0x | margem=$283.08 ⚠️MARGEM $283>35 | risco=$5.00 | ganho=$10.00
2026-03-26 11:53:24 BRT [INFO   ]   📉 SHORT LIT: score=9/25 | entry=0.9518 | SL=0.88% | alav=2.0x ✅
2026-03-26 11:53:24 BRT [INFO   ]   ─ SHORT ETH: 15m=60 | 1H=60 | 4H=60
2026-03-26 11:53:24 BRT [DEBUG  ]     find_swing_points: fallback window=3 aplicado (window=5 insuficiente: 5H/3L → 5H/3L)
2026-03-26 11:53:24 BRT [DEBUG  ]   SCORE ETH [SHORT]: 2/25 | DQ=100% (abaixo do radar)
2026-03-26 11:53:24 BRT [DEBUG  ]     TradeParams SHORT: SL=0.67% | notional=$751 | alav_margem=21.5x → cap=2x → alav=2.0x | margem=$375.64 ⚠️MARGEM $376>35 | risco=$5.00 | ganho=$10.00
2026-03-26 11:53:24 BRT [INFO   ]   📉 SHORT ETH: score=2/25 | entry=2074.6800 | SL=0.67% | alav=2.0x ✅
2026-03-26 11:53:24 BRT [INFO   ]   ─ SHORT TON: 15m=60 | 1H=60 | 4H=60
2026-03-26 11:53:24 BRT [DEBUG  ]     find_swing_points: fallback window=3 aplicado (window=5 insuficiente: 4H/5L → 4H/5L)
2026-03-26 11:53:24 BRT [DEBUG  ]     find_swing_points: fallback window=3 aplicado (window=5 insuficiente: 4H/5L → 4H/5L)
2026-03-26 11:53:24 BRT [DEBUG  ]     find_swing_points: fallback window=3 aplicado (window=5 insuficiente: 4H/5L → 4H/5L)
2026-03-26 11:53:24 BRT [DEBUG  ]     find_swing_points: fallback window=3 aplicado (window=5 insuficiente: 5H/3L → 5H/3L)
2026-03-26 11:53:24 BRT [DEBUG  ]   SCORE TON [SHORT]: 2/25 | DQ=100% (abaixo do radar)
2026-03-26 11:53:24 BRT [DEBUG  ]     TradeParams SHORT: SL=0.44% | notional=$1128 | alav_margem=32.2x → cap=2x → alav=2.0x | margem=$563.86 ⚠️MARGEM $564>35 | risco=$5.00 | ganho=$10.00
2026-03-26 11:53:24 BRT [INFO   ]   📉 SHORT TON: score=2/25 | entry=1.2880 | SL=0.44% | alav=2.0x ✅
2026-03-26 11:53:24 BRT [INFO   ]   ─ SHORT SHIB: 15m=60 | 1H=60 | 4H=60
2026-03-26 11:53:24 BRT [DEBUG  ]     find_swing_points: fallback window=3 aplicado (window=5 insuficiente: 4H/5L → 4H/5L)
2026-03-26 11:53:24 BRT [DEBUG  ]     find_swing_points: fallback window=3 aplicado (window=5 insuficiente: 4H/5L → 4H/5L)
2026-03-26 11:53:24 BRT [DEBUG  ]     find_swing_points: fallback window=3 aplicado (window=5 insuficiente: 4H/5L → 4H/5L)
2026-03-26 11:53:24 BRT [DEBUG  ]   SCORE SHIB [SHORT]: 4/25 | DQ=100% (abaixo do radar)
2026-03-26 11:53:24 BRT [DEBUG  ]     TradeParams SHORT: SL=0.54% | notional=$922 | alav_margem=26.3x → cap=2x → alav=2.0x | margem=$460.78 ⚠️MARGEM $461>35 | risco=$5.00 | ganho=$10.00
2026-03-26 11:53:24 BRT [INFO   ]   📉 SHORT SHIB: score=4/25 | entry=0.0000 | SL=0.54% | alav=2.0x ✅
2026-03-26 11:53:24 BRT [INFO   ]   ─ SHORT DOGE: 15m=60 | 1H=60 | 4H=60
2026-03-26 11:53:24 BRT [INFO   ]   SCORE DOGE [SHORT]: 6/25 | DQ=100% | klines: 15m=✅ 1H=✅ 4H=✅
2026-03-26 11:53:24 BRT [INFO   ]     Contexto 4H               +0/0 · SELL (contexto SHORT, não pontuado)
2026-03-26 11:53:24 BRT [INFO   ]     P4 Liquidez 4H            +1/3 █ OB Bearish 4H (0.0904-0.0925)
2026-03-26 11:53:24 BRT [INFO   ]     P5 Figuras 4H             +0/2 · Sem figuras bearish claras no 4H
2026-03-26 11:53:24 BRT [INFO   ]     P6 CHOCH/BOS 4H           +3/3 ███ CHOCH Bearish 4H (reversão confirmada)
2026-03-26 11:53:24 BRT [INFO   ]     P-1H Resistência 1H       +2/4 ██ OB Bearish 1H (0.0931-0.0946)
2026-03-26 11:53:24 BRT [INFO   ]     P1 Bollinger 15m          +0/3 · BB neutro (57%)
2026-03-26 11:53:24 BRT [INFO   ]     P2 Candles 15m            +0/4 · Nenhum
2026-03-26 11:53:24 BRT [INFO   ]     P3 Funding Rate           +0/2 · -0.0002% (neutro)
2026-03-26 11:53:24 BRT [INFO   ]     P7 Filtro Pump/Dump       +0/0 · OK (-5.8%)
2026-03-26 11:53:24 BRT [INFO   ]     P8 Volume 15m             +0/2 · Volume fraco (0.4x < 1.2x)
2026-03-26 11:53:24 BRT [INFO   ]     P9 OI Crescente           +0/2 · OI estável (+4.3% vs média, 91.7M)
2026-03-26 11:53:24 BRT [DEBUG  ]     TradeParams SHORT: SL=0.56% | notional=$896 | alav_margem=25.6x → cap=2x → alav=2.0x | margem=$448.00 ⚠️MARGEM $448>35 | risco=$5.00 | ganho=$10.00
2026-03-26 11:53:24 BRT [INFO   ]   📉 SHORT DOGE: score=6/25 | entry=0.0916 | SL=0.56% | alav=2.0x ✅
2026-03-26 11:53:24 BRT [INFO   ]   ─ SHORT WLFI: 15m=60 | 1H=60 | 4H=60
2026-03-26 11:53:24 BRT [DEBUG  ]     find_swing_points: fallback window=3 aplicado (window=5 insuficiente: 4H/5L → 4H/5L)
2026-03-26 11:53:24 BRT [DEBUG  ]     find_swing_points: fallback window=3 aplicado (window=5 insuficiente: 4H/5L → 4H/5L)
2026-03-26 11:53:24 BRT [DEBUG  ]     find_swing_points: fallback window=3 aplicado (window=5 insuficiente: 4H/5L → 4H/5L)
2026-03-26 11:53:24 BRT [INFO   ]   SCORE WLFI [SHORT]: 5/25 | DQ=100% | klines: 15m=✅ 1H=✅ 4H=✅
2026-03-26 11:53:24 BRT [INFO   ]     Contexto 4H               +0/0 · SELL (contexto SHORT, não pontuado)
2026-03-26 11:53:24 BRT [INFO   ]     P4 Liquidez 4H            +3/3 ███ Resistência 4H 0.0990 (0.72% acima) | OB Bearish 4H (0.0950-0.0969) | Confluência Res+OB Bearish
2026-03-26 11:53:24 BRT [INFO   ]     P5 Figuras 4H             +0/2 · Sem figuras bearish claras no 4H
2026-03-26 11:53:24 BRT [INFO   ]     P6 CHOCH/BOS 4H           +0/3 · Sem estrutura bearish no 4H
2026-03-26 11:53:24 BRT [INFO   ]     P-1H Resistência 1H       +0/4 · Preço longe de resistências no 1H
2026-03-26 11:53:24 BRT [INFO   ]     P1 Bollinger 15m          +0/3 · BB neutro (59%)
2026-03-26 11:53:24 BRT [INFO   ]     P2 Candles 15m            +0/4 · Nenhum
2026-03-26 11:53:24 BRT [INFO   ]     P3 Funding Rate           +0/2 · -0.0040% (neutro)
2026-03-26 11:53:24 BRT [INFO   ]     P7 Filtro Pump/Dump       +0/0 · OK (-3.3%)
2026-03-26 11:53:24 BRT [INFO   ]     P8 Volume 15m             +2/2 ██ Volume forte (3.0x média)
2026-03-26 11:53:24 BRT [INFO   ]     P9 OI Crescente           +0/2 · OI estável (-3.2% vs média, 12.8M)
2026-03-26 11:53:24 BRT [DEBUG  ]     TradeParams SHORT: SL=0.65% | notional=$766 | alav_margem=21.9x → cap=2x → alav=2.0x | margem=$383.07 ⚠️MARGEM $383>35 | risco=$5.00 | ganho=$10.00
2026-03-26 11:53:24 BRT [INFO   ]   📉 SHORT WLFI: score=5/25 | entry=0.0983 | SL=0.65% | alav=2.0x ✅
2026-03-26 11:53:24 BRT [INFO   ]   ─ SHORT XPL: 15m=60 | 1H=60 | 4H=60
2026-03-26 11:53:24 BRT [INFO   ]   SCORE XPL [SHORT]: 6/25 | DQ=100% | klines: 15m=✅ 1H=✅ 4H=✅
2026-03-26 11:53:24 BRT [INFO   ]     Contexto 4H               +0/0 · STRONG_SELL (contexto SHORT, não pontuado)
2026-03-26 11:53:24 BRT [INFO   ]     P4 Liquidez 4H            +1/3 █ OB Bearish 4H (0.0951-0.0953)
2026-03-26 11:53:24 BRT [INFO   ]     P5 Figuras 4H             +0/2 · Sem figuras bearish claras no 4H
2026-03-26 11:53:24 BRT [INFO   ]     P6 CHOCH/BOS 4H           +3/3 ███ CHOCH Bearish 4H (reversão confirmada)
2026-03-26 11:53:24 BRT [INFO   ]     P-1H Resistência 1H       +0/4 · Preço longe de resistências no 1H
2026-03-26 11:53:24 BRT [INFO   ]     P1 Bollinger 15m          +0/3 · BB neutro (40%)
2026-03-26 11:53:24 BRT [INFO   ]     P2 Candles 15m            +0/4 · Nenhum
2026-03-26 11:53:24 BRT [INFO   ]     P3 Funding Rate           +0/2 · -0.0042% (neutro)
2026-03-26 11:53:24 BRT [INFO   ]     P7 Filtro Pump/Dump       +0/0 · OK (-6.8%)
2026-03-26 11:53:24 BRT [INFO   ]     P8 Volume 15m             +2/2 ██ Volume forte (9.7x média)
2026-03-26 11:53:24 BRT [INFO   ]     P9 OI Crescente           +0/2 · OI estável (-4.9% vs média, 6.7M)
2026-03-26 11:53:24 BRT [DEBUG  ]     TradeParams SHORT: SL=1.12% | notional=$446 | alav_margem=12.7x → cap=2x → alav=2.0x | margem=$222.97 ⚠️MARGEM $223>35 | risco=$5.00 | ganho=$10.00
2026-03-26 11:53:24 BRT [INFO   ]   📉 SHORT XPL: score=6/25 | entry=0.0938 | SL=1.12% | alav=2.0x ✅
2026-03-26 11:53:24 BRT [INFO   ]   ─ SHORT ADA: 15m=60 | 1H=60 | 4H=60
2026-03-26 11:53:24 BRT [DEBUG  ]     find_swing_points: fallback window=3 aplicado (window=5 insuficiente: 4H/5L → 4H/5L)
2026-03-26 11:53:24 BRT [INFO   ]   SCORE ADA [SHORT]: 8/25 | DQ=100% | klines: 15m=✅ 1H=✅ 4H=✅
2026-03-26 11:53:24 BRT [INFO   ]     Contexto 4H               +0/0 · SELL (contexto SHORT, não pontuado)
2026-03-26 11:53:24 BRT [INFO   ]     P4 Liquidez 4H            +1/3 █ OB Bearish 4H (0.2499-0.2586)
2026-03-26 11:53:24 BRT [INFO   ]     P5 Figuras 4H             +0/2 · Sem figuras bearish claras no 4H
2026-03-26 11:53:24 BRT [INFO   ]     P6 CHOCH/BOS 4H           +3/3 ███ CHOCH Bearish 4H (reversão confirmada)
2026-03-26 11:53:24 BRT [INFO   ]     P-1H Resistência 1H       +2/4 ██ OB Bearish 1H (0.2611-0.2656)
2026-03-26 11:53:24 BRT [INFO   ]     P1 Bollinger 15m          +0/3 · BB neutro (37%)
2026-03-26 11:53:24 BRT [INFO   ]     P2 Candles 15m            +0/4 · Nenhum
2026-03-26 11:53:24 BRT [INFO   ]     P3 Funding Rate           +0/2 · -0.0109% (neutro)
2026-03-26 11:53:24 BRT [INFO   ]     P7 Filtro Pump/Dump       +0/0 · OK (-5.3%)
2026-03-26 11:53:24 BRT [INFO   ]     P8 Volume 15m             +2/2 ██ Volume forte (2.8x média)
2026-03-26 11:53:24 BRT [INFO   ]     P9 OI Crescente           +0/2 · OI estável (-5.6% vs média, 28.2M)
2026-03-26 11:53:24 BRT [DEBUG  ]     TradeParams SHORT: SL=0.61% | notional=$814 | alav_margem=23.2x → cap=2x → alav=2.0x | margem=$406.86 ⚠️MARGEM $407>35 | risco=$5.00 | ganho=$10.00
2026-03-26 11:53:24 BRT [INFO   ]   📉 SHORT ADA: score=8/25 | entry=0.2575 | SL=0.61% | alav=2.0x ✅
2026-03-26 11:53:24 BRT [INFO   ]   ─ SHORT XRP: 15m=60 | 1H=60 | 4H=60
2026-03-26 11:53:24 BRT [INFO   ]   SCORE XRP [SHORT]: 7/25 | DQ=100% | klines: 15m=✅ 1H=✅ 4H=✅
2026-03-26 11:53:24 BRT [INFO   ]     Contexto 4H               +0/0 · SELL (contexto SHORT, não pontuado)
2026-03-26 11:53:24 BRT [INFO   ]     P4 Liquidez 4H            +1/3 █ OB Bearish 4H (1.3719-1.4105)
2026-03-26 11:53:24 BRT [INFO   ]     P5 Figuras 4H             +0/2 · Sem figuras bearish claras no 4H
2026-03-26 11:53:24 BRT [INFO   ]     P6 CHOCH/BOS 4H           +3/3 ███ CHOCH Bearish 4H (reversão confirmada)
2026-03-26 11:53:24 BRT [INFO   ]     P-1H Resistência 1H       +2/4 ██ OB Bearish 1H (1.3870-1.4090)
2026-03-26 11:53:24 BRT [INFO   ]     P1 Bollinger 15m          +0/3 · BB neutro (21%)
2026-03-26 11:53:24 BRT [INFO   ]     P2 Candles 15m            +0/4 · Nenhum
2026-03-26 11:53:24 BRT [INFO   ]     P3 Funding Rate           +0/2 · -0.0148% (neutro)
2026-03-26 11:53:24 BRT [INFO   ]     P7 Filtro Pump/Dump       +0/0 · OK (-3.4%)
2026-03-26 11:53:24 BRT [INFO   ]     P8 Volume 15m             +1/2 █ Volume adequado (1.3x média)
2026-03-26 11:53:24 BRT [INFO   ]     P9 OI Crescente           +0/2 · OI estável (+3.4% vs média, 85.4M)
2026-03-26 11:53:24 BRT [DEBUG  ]     TradeParams SHORT: SL=0.49% | notional=$1017 | alav_margem=29.1x → cap=2x → alav=2.0x | margem=$508.74 ⚠️MARGEM $509>35 | risco=$5.00 | ganho=$10.00
2026-03-26 11:53:24 BRT [INFO   ]   📉 SHORT XRP: score=7/25 | entry=1.3701 | SL=0.49% | alav=2.0x ✅
2026-03-26 11:53:24 BRT [INFO   ] 
───────────────────────────────────────────────────────
2026-03-26 11:53:24 BRT [INFO   ]   ETAPA 4b — Análise leve LONG + SHORT (sem klines) [v6.3.0 A8]
2026-03-26 11:53:24 BRT [INFO   ] ───────────────────────────────────────────────────────
2026-03-26 11:53:24 BRT [DEBUG  ]   HBAR     score parcial SHORT=0/25 → Em Observação SHORT
2026-03-26 11:53:24 BRT [DEBUG  ]   FIL      score parcial SHORT=0/25 → Em Observação SHORT
2026-03-26 11:53:24 BRT [DEBUG  ]   SUI      score parcial SHORT=0/25 → Em Observação SHORT
2026-03-26 11:53:24 BRT [DEBUG  ]   IP       score parcial SHORT=0/25 → Em Observação SHORT
2026-03-26 11:53:24 BRT [DEBUG  ]   RIVER    score parcial SHORT=0/25 → Em Observação SHORT
2026-03-26 11:53:24 BRT [DEBUG  ]   SOL      score parcial SHORT=0/25 → Em Observação SHORT
2026-03-26 11:53:24 BRT [DEBUG  ]   UNI      score parcial SHORT=0/25 → Em Observação SHORT
2026-03-26 11:53:24 BRT [DEBUG  ]   LINK     score parcial SHORT=0/25 → Em Observação SHORT
2026-03-26 11:53:24 BRT [DEBUG  ]   ATOM     score parcial SHORT=0/25 → Em Observação SHORT
2026-03-26 11:53:24 BRT [DEBUG  ]   ICP      score parcial SHORT=0/25 → Em Observação SHORT
2026-03-26 11:53:24 BRT [INFO   ] 
───────────────────────────────────────────────────────
2026-03-26 11:53:24 BRT [INFO   ]   ETAPA 5 — Contexto de Mercado e Relatório Bidirecional
2026-03-26 11:53:24 BRT [INFO   ] ───────────────────────────────────────────────────────
2026-03-26 11:53:24 BRT [INFO   ]   📚  Score history: 43 tokens rastreados
2026-03-26 11:53:24 BRT [DEBUG  ]   Contexto: FGI=10 | BTC=NEUTRAL | LONG=CAUTELOSO (Medo Extremo)(thr=20) | SHORT=MODERADO (Medo Extremo — mercado bearish)(thr=16) | risk_score=0
2026-03-26 11:53:24 BRT [INFO   ]   BTC 4H: NEUTRAL | Thr LONG: 20 (CAUTELOSO (Medo Extremo)) | Thr SHORT: 16 (MODERADO (Medo Extremo — mercado bearish))
2026-03-26 11:53:24 BRT [INFO   ]   Results LONG: 3 | SHORT: 20 | Obs LONG: 0 | Obs SHORT: 10
2026-03-26 11:53:24 BRT [INFO   ] 
───────────────────────────────────────────────────────
2026-03-26 11:53:24 BRT [INFO   ]   ETAPA 6 — Notificações Telegram
2026-03-26 11:53:24 BRT [INFO   ] ───────────────────────────────────────────────────────
2026-03-26 11:53:25 BRT [INFO   ]   📲  Telegram heartbeat: enviado ✅
2026-03-26 11:53:25 BRT [INFO   ]   📲  Telegram QUASE SHORT CRV: enviado ✅
2026-03-26 11:53:25 BRT [INFO   ]   📲  Telegram: 2/2 mensagens enviadas (1 heartbeat + 1 QUASE + 0 call)
2026-03-26 11:53:25 BRT [INFO   ] ==========================================================
🎯 SETUP ATIRADOR v6.6.2
📅 26/03/2026 11:53 BRT
📋 Log: atirador_LOG_20260326_1152.log
==========================================================
📊 CONTEXTO DE MERCADO
   Fear & Greed: 10 | BTC 4H: NEUTRAL
   LONG:  CAUTELOSO (Medo Extremo) | Threshold: 20 pts
   SHORT: MODERADO (Medo Extremo — mercado bearish) | Threshold: 16 pts
   Risk Score: 0
==========================================================

💼 SIZING Risk-First [v6.6.2]
   Banca: $100.00 | Risco fixo/trade: $5.00 | Margem máx/trade: $35

🔍 PIPELINE
   Fonte de dados: OKX (perpetuals USDT)
   Universo: 301 tokens | Qualificados: 39
   Gate 4H: LONG=6 | SHORT=33
   Gate 1H: LONG=3 | SHORT=31
   Análise completa: LONG=3 | SHORT=20 | Obs: LONG=0 SHORT=10
   ✅  Candle 15m fechado (504s após fechamento, último: 11:45:00 BRT)

──────────────────────────────────────────────────────────
📈 OPERAÇÕES LONG
──────────────────────────────────────────────────────────
ℹ️  Nenhum alerta LONG forte (score ≥ 20) no momento.
   Score máximo: 7/25 (faltam 13 pts)

🔎 RADAR LONG — Score 5–13:
   ⚠️  Não operar — insuficiente. Monitorar.
   · XLM | 7/25 | BUY 4H
   · HYPE | 7/25 | BUY 4H
   · ONDO | 5/25 | BUY 4H

──────────────────────────────────────────────────────────
📉 OPERAÇÕES SHORT
──────────────────────────────────────────────────────────
ℹ️  Nenhum alerta SHORT forte (score ≥ 16) no momento.
   Score máximo SHORT: 13/25 (faltam 3 pts)

🔎 RADAR SHORT — Score 5–15:
   ⚠️  Não operar — insuficiente. Monitorar.
   · CRV | 13/25 | SELL 4H
   · ARB | 10/25 | SELL 4H
   · PEPE | 9/25 | SELL 4H
   · LIT | 9/25 | SELL 4H
   · NEAR | 8/25 | SELL 4H

----------------------------------------------------------
⏱️  Execução: 72.9s | Analisados: 301 tokens
📁 Estado diário: /tmp/atirador_state.json
📋 Log completo: /tmp/atirador_logs/atirador_LOG_20260326_1152.log

2026-03-26 11:53:25 BRT [INFO   ] ✅ Scan v6.6.2 concluído em 72.9s | Fonte: OKX | Log: /tmp/atirador_logs/atirador_LOG_20260326_1152.log
