2026-04-02 23:53:54 BRT [INFO   ] 📋 Log iniciado: /tmp/atirador_logs/atirador_LOG_20260402_2353.log
2026-04-02 23:53:54 BRT [INFO   ] 
🔍 ANÁLISE INDIVIDUAL — ZROUSDT
2026-04-02 23:53:54 BRT [INFO   ] =======================================================
2026-04-02 23:53:54 BRT [INFO   ]   1/4 — FGI + OKX ticker + TradingView 4H...
2026-04-02 23:53:54 BRT [DEBUG  ]   Buscando Fear & Greed Index...
2026-04-02 23:53:54 BRT [DEBUG  ]   TV batch: 2 tokens (.P perpétuo) | cols: ['Recommend.All|240', 'RSI|240']
2026-04-02 23:53:54 BRT [DEBUG  ]   ✅  TV batch BYBIT: 2/2 retornados | 0.08s
2026-04-02 23:53:54 BRT [DEBUG  ]   GET https://api.alternative.me/fng/?limit=1
2026-04-02 23:53:54 BRT [DEBUG  ]       → HTTP 200 | 0.2KB | enc:gzip | 0.17s
2026-04-02 23:53:54 BRT [INFO   ]   📊 Fear & Greed: 9 (Extreme Fear)
2026-04-02 23:53:54 BRT [INFO   ]   4H: SELL (RSI=45.5)
2026-04-02 23:53:54 BRT [DEBUG  ]   Contexto: FGI=9 | BTC=STRONG_SELL | LONG=CAUTELOSO (Medo Extremo)(thr=20) | SHORT=FAVORÁVEL (Pânico + BTC SELL)(thr=14) | risk_score=-2
2026-04-02 23:53:54 BRT [INFO   ]   Mercado: FGI=9 | BTC=STRONG_SELL | thr_L=20 | thr_S=14
2026-04-02 23:53:54 BRT [INFO   ]   2/4 — TradingView 1H + 15m...
2026-04-02 23:53:54 BRT [DEBUG  ]   TV batch: 1 tokens (.P perpétuo) | cols: ['Recommend.All|60']
2026-04-02 23:53:54 BRT [DEBUG  ]   TV batch: 1 tokens (.P perpétuo) | cols: ['BB.upper|15', 'BB.lower|15', 'ATR|15']
2026-04-02 23:53:54 BRT [DEBUG  ]   TV batch: 1 tokens (.P perpétuo) | cols: ['Candle.Engulfing.Bullish|15', 'Candle.Hammer|15', 'Candle.MorningStar|15', 'Candle.3WhiteSoldiers|15', 'Candle.Harami.Bullish|15', 'Candle.Doji.Dragonfly|15', 'Candle.Engulfing.Bearish|15', 'Candle.ShootingStar|15', 'Candle.EveningStar|15', 'Candle.3BlackCrows|15', 'Candle.Harami.Bearish|15']
2026-04-02 23:53:54 BRT [DEBUG  ]   ✅  TV batch BYBIT: 1/1 retornados | 0.04s
2026-04-02 23:53:54 BRT [DEBUG  ]   ✅  TV batch BYBIT: 1/1 retornados | 0.04s
2026-04-02 23:53:54 BRT [DEBUG  ]   ✅  TV batch BYBIT: 1/1 retornados | 0.06s
2026-04-02 23:53:54 BRT [INFO   ]   1H: NEUTRAL
2026-04-02 23:53:54 BRT [INFO   ]   15m: ATR=0.009942 | BB [1.8473 – 1.8861]
2026-04-02 23:53:54 BRT [INFO   ]   3/4 — Klines 15m / 1H / 4H...
2026-04-02 23:53:54 BRT [DEBUG  ]   📡  Cache MISS ZROUSDT 1H: arquivo não existe — buscando
2026-04-02 23:53:54 BRT [DEBUG  ]   📡  Cache MISS ZROUSDT 4H: arquivo não existe — buscando
2026-04-02 23:53:54 BRT [DEBUG  ]   GET https://api.bitget.com/api/v2/mix/market/candles?productType=USDT-FUTURES&symbol...
2026-04-02 23:53:54 BRT [DEBUG  ]       → HTTP 200 | 4.5KB | enc:gzip | 0.33s
2026-04-02 23:53:54 BRT [DEBUG  ]   ✅  Klines ZROUSDT 4H: 60 candles | 04/02 21:00 → 03/24 01:00
2026-04-02 23:53:54 BRT [DEBUG  ]   💾  Cache GRAVADO ZROUSDT 4H: 60 candles
2026-04-02 23:53:54 BRT [DEBUG  ]   GET https://api.bitget.com/api/v2/mix/market/candles?productType=USDT-FUTURES&symbol...
2026-04-02 23:53:54 BRT [DEBUG  ]       → HTTP 200 | 4.5KB | enc:gzip | 0.34s
2026-04-02 23:53:54 BRT [DEBUG  ]   ✅  Klines ZROUSDT 1H: 60 candles | 04/02 23:00 → 03/31 12:00
2026-04-02 23:53:54 BRT [DEBUG  ]   💾  Cache GRAVADO ZROUSDT 1H: 60 candles
2026-04-02 23:53:54 BRT [DEBUG  ]   GET https://api.bitget.com/api/v2/mix/market/candles?productType=USDT-FUTURES&symbol...
2026-04-02 23:53:54 BRT [DEBUG  ]       → HTTP 200 | 4.4KB | enc:gzip | 0.35s
2026-04-02 23:53:54 BRT [DEBUG  ]   ✅  Klines ZROUSDT 15m: 60 candles | 04/02 23:45 → 04/02 09:00
2026-04-02 23:53:54 BRT [INFO   ]   Klines: 15m=60 | 1H=60 | 4H=60
2026-04-02 23:53:54 BRT [INFO   ]   4/4 — Score forçado (LONG + SHORT)...
2026-04-02 23:53:54 BRT [INFO   ]   LONG:  6/25 (thr≥20) | gate4H=❌ | gate1H=❌ | dq=100%
2026-04-02 23:53:54 BRT [INFO   ]   SHORT: 14/25 (thr≥14) | gate4H=✅ | gate1H=❌ | dq=100%
2026-04-02 23:53:54 BRT [DEBUG  ]     TradeParams LONG: SL=1.50% | notional=$333 | alav_margem=9.5x → cap=2x → alav=2.0x | margem=$166.67 ⚠️MARGEM $167>35 | risco=$5.00 | ganho=$10.00
2026-04-02 23:53:54 BRT [DEBUG  ]     M02 SHORT: SL ancorado em resistência 1.9170 (ATR=1.9143 → zona=1.9208)
2026-04-02 23:53:54 BRT [DEBUG  ]     TradeParams SHORT: SL=1.85% | notional=$271 | alav_margem=7.7x → cap=5x → alav=5.0x | margem=$54.14 ⚠️MARGEM $54>35 | risco=$5.00 | ganho=$10.00
2026-04-02 23:53:54 BRT [WARNING]     ⚠️  SHORT: margem $54 excede limite $35 (score 14 → cap 5x < necessário 7.7x). Trade válido — gerencie a margem manualmente.
2026-04-02 23:53:54 BRT [INFO   ] 
=======================================================
2026-04-02 23:53:54 BRT [INFO   ]   LONG 6/25 (thr≥20) | SHORT 14/25 (thr≥14)
2026-04-02 23:53:54 BRT [INFO   ]   Mensagem: 3105 chars | 0.7s
2026-04-02 23:53:54 BRT [INFO   ] =======================================================
2026-04-02 23:53:55 BRT [INFO   ]   ✅ Telegram enviado
