2026-03-28 02:22:05 BRT [INFO   ] 📋 Log iniciado: /tmp/atirador_logs/atirador_LOG_20260328_0222.log
2026-03-28 02:22:05 BRT [INFO   ] 🚀 Setup Atirador v6.6.2 | Arquitetura 3 Camadas (LONG+SHORT) | Iniciando scan...
2026-03-28 02:22:05 BRT [INFO   ] 
───────────────────────────────────────────────────────
2026-03-28 02:22:05 BRT [INFO   ]   ETAPA 1 — Tickers (Bybit/Bitget) + Fear & Greed
2026-03-28 02:22:05 BRT [INFO   ] ───────────────────────────────────────────────────────
2026-03-28 02:22:05 BRT [INFO   ] 📡 [v6.6.2] Iniciando busca de tickers — hierarquia OKX → Gate.io → Bitget
2026-03-28 02:22:05 BRT [INFO   ]    Filtros: vol≥$2.0M | OI≥$5M | timeout=8s/fonte
2026-03-28 02:22:05 BRT [INFO   ]    [Nota] Fonte ideal seria CoinGlass API (pago ~$35/mês) — ver docstring
2026-03-28 02:22:05 BRT [INFO   ]   📡  [OKX] Tentando com tickers + OI real...
2026-03-28 02:22:05 BRT [DEBUG  ]   📡  [OKX] Buscando tickers...
2026-03-28 02:22:05 BRT [DEBUG  ]      ✅ Tickers: 301 itens em 0.23s
2026-03-28 02:22:05 BRT [DEBUG  ]   📡  [OKX] Buscando Open Interest...
2026-03-28 02:22:06 BRT [DEBUG  ]      ✅ OI: 301 itens em 0.44s
2026-03-28 02:22:06 BRT [DEBUG  ]   📡  [OKX] Buscando Funding Rates reais...
2026-03-28 02:23:02 BRT [DEBUG  ]   📡  [OKX FR] Funding rates obtidos: 282/282 | erros: 0
2026-03-28 02:23:02 BRT [DEBUG  ]      ✅ FR: 282 tokens com funding rate em 56.88s
2026-03-28 02:23:02 BRT [DEBUG  ]      ✅ Mesclados: 301/301 com OI real em 56.88s
2026-03-28 02:23:02 BRT [INFO   ]   ✅  [OKX] Fonte ativa (com OI real) | 301 brutos → 36 qualificados
2026-03-28 02:23:02 BRT [INFO   ]   Fonte de dados: OKX | Universo: 301 brutos → 36 qualificados
2026-03-28 02:23:02 BRT [INFO   ]   Analisando todos os 36 tokens qualificados: ['PEPE', 'SHIB', 'PUMP', 'DOGE', 'PIPPIN', 'WLD', 'WLFI', 'ADA', 'XRP', 'BEAT']...
2026-03-28 02:23:02 BRT [DEBUG  ]   TV batch: 36 tokens (.P perpétuo) | cols: ['Recommend.All|240', 'RSI|240']
2026-03-28 02:23:02 BRT [DEBUG  ]   Buscando Fear & Greed Index...
2026-03-28 02:23:02 BRT [DEBUG  ]   ✅  TV batch BYBIT: 33/36 retornados | 0.11s
2026-03-28 02:23:02 BRT [WARNING]   ⚠️  TV BYBIT: 3 sem retorno: ['PEPEUSDT', 'SHIBUSDT', 'PUMPUSDT']
2026-03-28 02:23:02 BRT [INFO   ]   🔄  [v5.1] Tentando prefixo BITGET: para 3 tokens sem dados...
2026-03-28 02:23:02 BRT [INFO   ]   ✅  TV BITGET: recuperados 3: ['PEPEUSDT', 'SHIBUSDT', 'PUMPUSDT'] | 0.07s
2026-03-28 02:23:02 BRT [DEBUG  ]   GET https://api.alternative.me/fng/?limit=1
2026-03-28 02:23:02 BRT [DEBUG  ]       → HTTP 200 | 0.2KB | enc:gzip | 0.23s
2026-03-28 02:23:02 BRT [INFO   ]   📊 Fear & Greed: 12 (Extreme Fear)
2026-03-28 02:23:02 BRT [INFO   ] 
───────────────────────────────────────────────────────
2026-03-28 02:23:02 BRT [INFO   ]   GATE 1 — Direção 4H (LONG: não SELL | SHORT: não BUY)
2026-03-28 02:23:02 BRT [INFO   ] ───────────────────────────────────────────────────────
2026-03-28 02:23:02 BRT [DEBUG  ]   ❌  PEPE     4H=SELL (val=-0.3545) RSI=35.4 — LONG REJEITADO
2026-03-28 02:23:02 BRT [DEBUG  ]   📉  PEPE     4H=SELL (val=-0.3545) RSI=35.4 — SHORT CANDIDATO
2026-03-28 02:23:02 BRT [DEBUG  ]   ❌  SHIB     4H=SELL (val=-0.4000) RSI=34.5 — LONG REJEITADO
2026-03-28 02:23:02 BRT [DEBUG  ]   📉  SHIB     4H=SELL (val=-0.4000) RSI=34.5 — SHORT CANDIDATO
2026-03-28 02:23:02 BRT [DEBUG  ]   ❌  PUMP     4H=SELL (val=-0.3091) RSI=32.6 — LONG REJEITADO
2026-03-28 02:23:02 BRT [DEBUG  ]   📉  PUMP     4H=SELL (val=-0.3091) RSI=32.6 — SHORT CANDIDATO
2026-03-28 02:23:02 BRT [DEBUG  ]   ❌  DOGE     4H=SELL (val=-0.3545) RSI=37.1 — LONG REJEITADO
2026-03-28 02:23:02 BRT [DEBUG  ]   📉  DOGE     4H=SELL (val=-0.3545) RSI=37.1 — SHORT CANDIDATO
2026-03-28 02:23:02 BRT [DEBUG  ]   ❌  PIPPIN   4H=SELL (val=-0.1091) RSI=40.5 — LONG REJEITADO
2026-03-28 02:23:02 BRT [DEBUG  ]   📉  PIPPIN   4H=SELL (val=-0.1091) RSI=40.5 — SHORT CANDIDATO
2026-03-28 02:23:02 BRT [DEBUG  ]   ❌  WLD      4H=SELL (val=-0.2636) RSI=17.8 — LONG REJEITADO
2026-03-28 02:23:02 BRT [DEBUG  ]   ⛔  WLD      4H=SELL RSI=17.8 — SHORT REJEITADO (RSI<30, exausto)
2026-03-28 02:23:02 BRT [DEBUG  ]   ❌  WLFI     4H=SELL (val=-0.4000) RSI=42.7 — LONG REJEITADO
2026-03-28 02:23:02 BRT [DEBUG  ]   📉  WLFI     4H=SELL (val=-0.4000) RSI=42.7 — SHORT CANDIDATO
2026-03-28 02:23:02 BRT [DEBUG  ]   ❌  ADA      4H=SELL (val=-0.2636) RSI=28.6 — LONG REJEITADO
2026-03-28 02:23:02 BRT [DEBUG  ]   ⛔  ADA      4H=SELL RSI=28.6 — SHORT REJEITADO (RSI<30, exausto)
2026-03-28 02:23:02 BRT [DEBUG  ]   ❌  XRP      4H=SELL (val=-0.3545) RSI=36.3 — LONG REJEITADO
2026-03-28 02:23:02 BRT [DEBUG  ]   📉  XRP      4H=SELL (val=-0.3545) RSI=36.3 — SHORT CANDIDATO
2026-03-28 02:23:02 BRT [DEBUG  ]   ❌  BEAT     4H=SELL (val=-0.4697) RSI=38.4 — LONG REJEITADO
2026-03-28 02:23:02 BRT [DEBUG  ]   📉  BEAT     4H=SELL (val=-0.4697) RSI=38.4 — SHORT CANDIDATO
2026-03-28 02:23:02 BRT [DEBUG  ]   ❌  XPL      4H=SELL (val=-0.3091) RSI=34.8 — LONG REJEITADO
2026-03-28 02:23:02 BRT [DEBUG  ]   📉  XPL      4H=SELL (val=-0.3091) RSI=34.8 — SHORT CANDIDATO
2026-03-28 02:23:02 BRT [DEBUG  ]   ❌  ONDO     4H=SELL (val=-0.1788) RSI=49.4 — LONG REJEITADO
2026-03-28 02:23:02 BRT [DEBUG  ]   📉  ONDO     4H=SELL (val=-0.1788) RSI=49.4 — SHORT CANDIDATO
2026-03-28 02:23:02 BRT [DEBUG  ]   ❌  OP       4H=SELL (val=-0.4909) RSI=29.3 — LONG REJEITADO
2026-03-28 02:23:02 BRT [DEBUG  ]   ⛔  OP       4H=SELL RSI=29.3 — SHORT REJEITADO (RSI<30, exausto)
2026-03-28 02:23:02 BRT [DEBUG  ]   ❌  CRV      4H=SELL (val=-0.4000) RSI=35.2 — LONG REJEITADO
2026-03-28 02:23:02 BRT [DEBUG  ]   📉  CRV      4H=SELL (val=-0.4000) RSI=35.2 — SHORT CANDIDATO
2026-03-28 02:23:02 BRT [DEBUG  ]   ❌  HBAR     4H=SELL (val=-0.4000) RSI=35.8 — LONG REJEITADO
2026-03-28 02:23:02 BRT [DEBUG  ]   📉  HBAR     4H=SELL (val=-0.4000) RSI=35.8 — SHORT CANDIDATO
2026-03-28 02:23:02 BRT [DEBUG  ]   ✅  TRX      4H=NEUTRAL (val=0.0000) RSI=49.0 — LONG PASSOU
2026-03-28 02:23:02 BRT [DEBUG  ]   ❌  FIL      4H=SELL (val=-0.4000) RSI=28.8 — LONG REJEITADO
2026-03-28 02:23:02 BRT [DEBUG  ]   ⛔  FIL      4H=SELL RSI=28.8 — SHORT REJEITADO (RSI<30, exausto)
2026-03-28 02:23:02 BRT [DEBUG  ]   ❌  SUI      4H=SELL (val=-0.2636) RSI=31.4 — LONG REJEITADO
2026-03-28 02:23:02 BRT [DEBUG  ]   📉  SUI      4H=SELL (val=-0.2636) RSI=31.4 — SHORT CANDIDATO
2026-03-28 02:23:02 BRT [DEBUG  ]   ❌  XLM      4H=SELL (val=-0.3333) RSI=37.1 — LONG REJEITADO
2026-03-28 02:23:02 BRT [DEBUG  ]   📉  XLM      4H=SELL (val=-0.3333) RSI=37.1 — SHORT CANDIDATO
2026-03-28 02:23:02 BRT [DEBUG  ]   ❌  IP       4H=SELL (val=-0.2182) RSI=22.1 — LONG REJEITADO
2026-03-28 02:23:02 BRT [DEBUG  ]   ⛔  IP       4H=SELL RSI=22.1 — SHORT REJEITADO (RSI<30, exausto)
2026-03-28 02:23:02 BRT [DEBUG  ]   ❌  RIVER    4H=SELL (val=-0.2636) RSI=26.6 — LONG REJEITADO
2026-03-28 02:23:02 BRT [DEBUG  ]   ⛔  RIVER    4H=SELL RSI=26.6 — SHORT REJEITADO (RSI<30, exausto)
2026-03-28 02:23:02 BRT [DEBUG  ]   ❌  ASTER    4H=SELL (val=-0.3545) RSI=45.4 — LONG REJEITADO
2026-03-28 02:23:02 BRT [DEBUG  ]   📉  ASTER    4H=SELL (val=-0.3545) RSI=45.4 — SHORT CANDIDATO
2026-03-28 02:23:02 BRT [DEBUG  ]   ❌  DOT      4H=SELL (val=-0.4000) RSI=31.4 — LONG REJEITADO
2026-03-28 02:23:02 BRT [DEBUG  ]   📉  DOT      4H=SELL (val=-0.4000) RSI=31.4 — SHORT CANDIDATO
2026-03-28 02:23:02 BRT [DEBUG  ]   ❌  TRUMP    4H=SELL (val=-0.2636) RSI=28.5 — LONG REJEITADO
2026-03-28 02:23:02 BRT [DEBUG  ]   ⛔  TRUMP    4H=SELL RSI=28.5 — SHORT REJEITADO (RSI<30, exausto)
2026-03-28 02:23:02 BRT [DEBUG  ]   ❌  NEAR     4H=SELL (val=-0.2636) RSI=28.2 — LONG REJEITADO
2026-03-28 02:23:02 BRT [DEBUG  ]   ⛔  NEAR     4H=SELL RSI=28.2 — SHORT REJEITADO (RSI<30, exausto)
2026-03-28 02:23:02 BRT [DEBUG  ]   ❌  LIT      4H=STRONG_SELL (val=-0.6030) RSI=33.4 — LONG REJEITADO
2026-03-28 02:23:02 BRT [DEBUG  ]   📉  LIT      4H=STRONG_SELL (val=-0.6030) RSI=33.4 — SHORT CANDIDATO
2026-03-28 02:23:02 BRT [DEBUG  ]   ❌  APT      4H=SELL (val=-0.4000) RSI=34.7 — LONG REJEITADO
2026-03-28 02:23:02 BRT [DEBUG  ]   📉  APT      4H=SELL (val=-0.4000) RSI=34.7 — SHORT CANDIDATO
2026-03-28 02:23:02 BRT [DEBUG  ]   ❌  SOL      4H=SELL (val=-0.2182) RSI=29.7 — LONG REJEITADO
2026-03-28 02:23:02 BRT [DEBUG  ]   ⛔  SOL      4H=SELL RSI=29.7 — SHORT REJEITADO (RSI<30, exausto)
2026-03-28 02:23:02 BRT [DEBUG  ]   ❌  TON      4H=SELL (val=-0.3545) RSI=31.4 — LONG REJEITADO
2026-03-28 02:23:02 BRT [DEBUG  ]   📉  TON      4H=SELL (val=-0.3545) RSI=31.4 — SHORT CANDIDATO
2026-03-28 02:23:02 BRT [DEBUG  ]   ❌  UNI      4H=SELL (val=-0.3091) RSI=30.1 — LONG REJEITADO
2026-03-28 02:23:02 BRT [DEBUG  ]   📉  UNI      4H=SELL (val=-0.3091) RSI=30.1 — SHORT CANDIDATO
2026-03-28 02:23:02 BRT [DEBUG  ]   ❌  LINK     4H=SELL (val=-0.3091) RSI=30.8 — LONG REJEITADO
2026-03-28 02:23:02 BRT [DEBUG  ]   📉  LINK     4H=SELL (val=-0.3091) RSI=30.8 — SHORT CANDIDATO
2026-03-28 02:23:02 BRT [DEBUG  ]   ❌  ETH      4H=SELL (val=-0.3091) RSI=29.5 — LONG REJEITADO
2026-03-28 02:23:02 BRT [DEBUG  ]   ⛔  ETH      4H=SELL RSI=29.5 — SHORT REJEITADO (RSI<30, exausto)
2026-03-28 02:23:02 BRT [DEBUG  ]   ❌  AVAX     4H=SELL (val=-0.3091) RSI=30.2 — LONG REJEITADO
2026-03-28 02:23:02 BRT [DEBUG  ]   📉  AVAX     4H=SELL (val=-0.3091) RSI=30.2 — SHORT CANDIDATO
2026-03-28 02:23:02 BRT [DEBUG  ]   ❌  ICP      4H=SELL (val=-0.3545) RSI=30.8 — LONG REJEITADO
2026-03-28 02:23:02 BRT [DEBUG  ]   📉  ICP      4H=SELL (val=-0.3545) RSI=30.8 — SHORT CANDIDATO
2026-03-28 02:23:02 BRT [DEBUG  ]   ❌  HYPE     4H=SELL (val=-0.3576) RSI=44.1 — LONG REJEITADO
2026-03-28 02:23:02 BRT [DEBUG  ]   📉  HYPE     4H=SELL (val=-0.3576) RSI=44.1 — SHORT CANDIDATO
2026-03-28 02:23:02 BRT [DEBUG  ]   ❌  ATOM     4H=SELL (val=-0.4000) RSI=34.8 — LONG REJEITADO
2026-03-28 02:23:02 BRT [DEBUG  ]   📉  ATOM     4H=SELL (val=-0.4000) RSI=34.8 — SHORT CANDIDATO
2026-03-28 02:23:02 BRT [INFO   ]   Gate 4H: LONG=1 | SHORT=25 | sem dados TV=0 | universo=36
2026-03-28 02:23:02 BRT [INFO   ] 
───────────────────────────────────────────────────────
2026-03-28 02:23:02 BRT [INFO   ]   GATE 2 — Estrutura 1H (LONG: BUY+ | SHORT: SELL+)
2026-03-28 02:23:02 BRT [INFO   ] ───────────────────────────────────────────────────────
2026-03-28 02:23:02 BRT [DEBUG  ]   TV batch: 26 tokens (.P perpétuo) | cols: ['Recommend.All|60']
2026-03-28 02:23:03 BRT [DEBUG  ]   ✅  TV batch BYBIT: 23/26 retornados | 0.21s
2026-03-28 02:23:03 BRT [WARNING]   ⚠️  TV BYBIT: 3 sem retorno: ['PEPEUSDT', 'SHIBUSDT', 'PUMPUSDT']
2026-03-28 02:23:03 BRT [INFO   ]   🔄  [v5.1] Tentando prefixo BITGET: para 3 tokens sem dados...
2026-03-28 02:23:03 BRT [INFO   ]   ✅  TV BITGET: recuperados 3: ['PEPEUSDT', 'SHIBUSDT', 'PUMPUSDT'] | 0.07s
2026-03-28 02:23:03 BRT [DEBUG  ]   ❌  TRX      1H=SELL (val=-0.3121) — LONG REJEITADO
2026-03-28 02:23:03 BRT [DEBUG  ]   📉  PEPE     1H=SELL (val=-0.4455) — SHORT PASSOU
2026-03-28 02:23:03 BRT [DEBUG  ]   📉  SHIB     1H=SELL (val=-0.4000) — SHORT PASSOU
2026-03-28 02:23:03 BRT [DEBUG  ]   📉  PUMP     1H=SELL (val=-0.4000) — SHORT PASSOU
2026-03-28 02:23:03 BRT [DEBUG  ]   📉  DOGE     1H=SELL (val=-0.4242) — SHORT PASSOU
2026-03-28 02:23:03 BRT [DEBUG  ]   ❌  PIPPIN   1H=BUY (val=0.2242) — SHORT REJEITADO (não SELL no 1H)
2026-03-28 02:23:03 BRT [DEBUG  ]   📉  WLFI     1H=SELL (val=-0.3121) — SHORT PASSOU
2026-03-28 02:23:03 BRT [DEBUG  ]   ❌  XRP      1H=NEUTRAL (val=0.0242) — SHORT REJEITADO (não SELL no 1H)
2026-03-28 02:23:03 BRT [DEBUG  ]   📉  BEAT     1H=SELL (val=-0.4212) — SHORT PASSOU
2026-03-28 02:23:03 BRT [DEBUG  ]   📉  XPL      1H=SELL (val=-0.4455) — SHORT PASSOU
2026-03-28 02:23:03 BRT [DEBUG  ]   📉  ONDO     1H=SELL (val=-0.2909) — SHORT PASSOU
2026-03-28 02:23:03 BRT [DEBUG  ]   📉  CRV      1H=STRONG_SELL (val=-0.5364) — SHORT PASSOU
2026-03-28 02:23:03 BRT [DEBUG  ]   📉  HBAR     1H=SELL (val=-0.1333) — SHORT PASSOU
2026-03-28 02:23:03 BRT [DEBUG  ]   📉  SUI      1H=SELL (val=-0.3545) — SHORT PASSOU
2026-03-28 02:23:03 BRT [DEBUG  ]   📉  XLM      1H=SELL (val=-0.3545) — SHORT PASSOU
2026-03-28 02:23:03 BRT [DEBUG  ]   📉  ASTER    1H=SELL (val=-0.1333) — SHORT PASSOU
2026-03-28 02:23:03 BRT [DEBUG  ]   📉  DOT      1H=SELL (val=-0.1333) — SHORT PASSOU
2026-03-28 02:23:03 BRT [DEBUG  ]   📉  LIT      1H=STRONG_SELL (val=-0.5364) — SHORT PASSOU
2026-03-28 02:23:03 BRT [DEBUG  ]   📉  APT      1H=SELL (val=-0.2182) — SHORT PASSOU
2026-03-28 02:23:03 BRT [DEBUG  ]   ❌  TON      1H=NEUTRAL (val=-0.0879) — SHORT REJEITADO (não SELL no 1H)
2026-03-28 02:23:03 BRT [DEBUG  ]   📉  UNI      1H=SELL (val=-0.4455) — SHORT PASSOU
2026-03-28 02:23:03 BRT [DEBUG  ]   📉  LINK     1H=SELL (val=-0.3788) — SHORT PASSOU
2026-03-28 02:23:03 BRT [DEBUG  ]   📉  AVAX     1H=SELL (val=-0.4000) — SHORT PASSOU
2026-03-28 02:23:03 BRT [DEBUG  ]   📉  ICP      1H=SELL (val=-0.1788) — SHORT PASSOU
2026-03-28 02:23:03 BRT [DEBUG  ]   📉  HYPE     1H=SELL (val=-0.3788) — SHORT PASSOU
2026-03-28 02:23:03 BRT [DEBUG  ]   📉  ATOM     1H=SELL (val=-0.2424) — SHORT PASSOU
2026-03-28 02:23:03 BRT [INFO   ]   Gate 1H: LONG=0 | SHORT=22 | rejeitados=1
2026-03-28 02:23:03 BRT [INFO   ] 
───────────────────────────────────────────────────────
2026-03-28 02:23:03 BRT [INFO   ]   ETAPA 3 — Indicadores 15m (TradingView) — LONG + SHORT [v6.4.1]
2026-03-28 02:23:03 BRT [INFO   ] ───────────────────────────────────────────────────────
2026-03-28 02:23:03 BRT [DEBUG  ]   TV batch: 22 tokens (.P perpétuo) | cols: ['BB.upper|15', 'BB.lower|15', 'ATR|15']
2026-03-28 02:23:03 BRT [DEBUG  ]   ✅  TV batch BYBIT: 19/22 retornados | 0.07s
2026-03-28 02:23:03 BRT [WARNING]   ⚠️  TV BYBIT: 3 sem retorno: ['PEPEUSDT', 'SHIBUSDT', 'PUMPUSDT']
2026-03-28 02:23:03 BRT [INFO   ]   🔄  [v5.1] Tentando prefixo BITGET: para 3 tokens sem dados...
2026-03-28 02:23:03 BRT [INFO   ]   ✅  TV BITGET: recuperados 3: ['PEPEUSDT', 'SHIBUSDT', 'PUMPUSDT'] | 0.21s
2026-03-28 02:23:03 BRT [DEBUG  ]   TV batch: 22 tokens (.P perpétuo) | cols: ['Candle.Engulfing.Bullish|15', 'Candle.Hammer|15', 'Candle.MorningStar|15', 'Candle.3WhiteSoldiers|15', 'Candle.Harami.Bullish|15', 'Candle.Doji.Dragonfly|15', 'Candle.Engulfing.Bearish|15', 'Candle.ShootingStar|15', 'Candle.EveningStar|15', 'Candle.3BlackCrows|15', 'Candle.Harami.Bearish|15']
2026-03-28 02:23:03 BRT [DEBUG  ]   ✅  TV batch BYBIT: 19/22 retornados | 0.20s
2026-03-28 02:23:03 BRT [WARNING]   ⚠️  TV BYBIT: 3 sem retorno: ['PEPEUSDT', 'SHIBUSDT', 'PUMPUSDT']
2026-03-28 02:23:03 BRT [INFO   ]   🔄  [v5.1] Tentando prefixo BITGET: para 3 tokens sem dados...
2026-03-28 02:23:03 BRT [INFO   ]   ✅  TV BITGET: recuperados 3: ['PEPEUSDT', 'SHIBUSDT', 'PUMPUSDT'] | 0.07s
2026-03-28 02:23:03 BRT [INFO   ]   TV 15m: tech=22/22 | candles=22/22
2026-03-28 02:23:03 BRT [DEBUG  ]   PEPE     ATR=0.0000 | BB_lower=0.0000 | BB_upper=0.0000 | FR=-0.00023
2026-03-28 02:23:03 BRT [DEBUG  ]   SHIB     ATR=0.0000 | BB_lower=0.0000 | BB_upper=0.0000 | FR=0.00002
2026-03-28 02:23:03 BRT [DEBUG  ]   PUMP     ATR=0.0000 | BB_lower=0.0017 | BB_upper=0.0017 | FR=0.00005
2026-03-28 02:23:03 BRT [DEBUG  ]   DOGE     ATR=0.0002 | BB_lower=0.0897 | BB_upper=0.0904 | FR=-0.00002
2026-03-28 02:23:03 BRT [DEBUG  ]   WLFI     ATR=0.0004 | BB_lower=0.0960 | BB_upper=0.0970 | FR=-0.00006
2026-03-28 02:23:03 BRT [DEBUG  ]   BEAT     ATR=0.0081 | BB_lower=0.5012 | BB_upper=0.5293 | FR=0.00048
2026-03-28 02:23:03 BRT [DEBUG  ]   XPL      ATR=0.0004 | BB_lower=0.0872 | BB_upper=0.0886 | FR=-0.00010
2026-03-28 02:23:03 BRT [DEBUG  ]   ONDO     ATR=0.0021 | BB_lower=0.2603 | BB_upper=0.2672 | FR=0.00005
2026-03-28 02:23:03 BRT [DEBUG  ]   CRV      ATR=0.0008 | BB_lower=0.2076 | BB_upper=0.2091 | FR=0.00001
2026-03-28 02:23:03 BRT [DEBUG  ]   HBAR     ATR=0.0002 | BB_lower=0.0884 | BB_upper=0.0891 | FR=-0.00021
2026-03-28 02:23:03 BRT [DEBUG  ]   SUI      ATR=0.0026 | BB_lower=0.8722 | BB_upper=0.8791 | FR=-0.00008
2026-03-28 02:23:03 BRT [DEBUG  ]   XLM      ATR=0.0004 | BB_lower=0.1644 | BB_upper=0.1662 | FR=-0.00009
2026-03-28 02:23:03 BRT [DEBUG  ]   ASTER    ATR=0.0013 | BB_lower=0.6589 | BB_upper=0.6622 | FR=-0.00013
2026-03-28 02:23:03 BRT [DEBUG  ]   DOT      ATR=0.0049 | BB_lower=1.2726 | BB_upper=1.2884 | FR=-0.00025
2026-03-28 02:23:03 BRT [DEBUG  ]   LIT      ATR=0.0046 | BB_lower=0.8470 | BB_upper=0.8776 | FR=0.00005
2026-03-28 02:23:03 BRT [DEBUG  ]   APT      ATR=0.0040 | BB_lower=0.9376 | BB_upper=0.9717 | FR=-0.00000
2026-03-28 02:23:03 BRT [DEBUG  ]   UNI      ATR=0.0088 | BB_lower=3.3506 | BB_upper=3.3827 | FR=-0.00012
2026-03-28 02:23:03 BRT [DEBUG  ]   LINK     ATR=0.0212 | BB_lower=8.4924 | BB_upper=8.5521 | FR=-0.00014
2026-03-28 02:23:03 BRT [DEBUG  ]   AVAX     ATR=0.0218 | BB_lower=8.7054 | BB_upper=8.7653 | FR=-0.00006
2026-03-28 02:23:03 BRT [DEBUG  ]   ICP      ATR=0.0082 | BB_lower=2.2058 | BB_upper=2.2327 | FR=-0.00024
2026-03-28 02:23:03 BRT [DEBUG  ]   HYPE     ATR=0.1564 | BB_lower=37.9787 | BB_upper=38.6573 | FR=-0.00005
2026-03-28 02:23:03 BRT [DEBUG  ]   ATOM     ATR=0.0048 | BB_lower=1.6585 | BB_upper=1.6739 | FR=-0.00052
2026-03-28 02:23:03 BRT [INFO   ] 
───────────────────────────────────────────────────────
2026-03-28 02:23:03 BRT [INFO   ]   ETAPA 3b — Score parcial (sem klines, para ordenação)
2026-03-28 02:23:03 BRT [INFO   ] ───────────────────────────────────────────────────────
2026-03-28 02:23:03 BRT [DEBUG  ]   PEPE     score parcial SHORT: 0/25 [FR=-0.0230% BB=0.0000–0.0000]
2026-03-28 02:23:03 BRT [DEBUG  ]   SHIB     score parcial SHORT: 1/25 [FR=0.0019% BB=0.0000–0.0000]
2026-03-28 02:23:03 BRT [DEBUG  ]   PUMP     score parcial SHORT: 1/25 [FR=0.0050% BB=0.0017–0.0017]
2026-03-28 02:23:03 BRT [DEBUG  ]   DOGE     score parcial SHORT: 0/25 [FR=-0.0016% BB=0.0897–0.0904]
2026-03-28 02:23:03 BRT [DEBUG  ]   WLFI     score parcial SHORT: 0/25 [FR=-0.0062% BB=0.0960–0.0970]
2026-03-28 02:23:03 BRT [DEBUG  ]   BEAT     score parcial SHORT: 1/25 [FR=0.0482% BB=0.5012–0.5293]
2026-03-28 02:23:03 BRT [DEBUG  ]   XPL      score parcial SHORT: 0/25 [FR=-0.0102% BB=0.0872–0.0886]
2026-03-28 02:23:03 BRT [DEBUG  ]   ONDO     score parcial SHORT: 1/25 [FR=0.0050% BB=0.2603–0.2672]
2026-03-28 02:23:03 BRT [DEBUG  ]   CRV      score parcial SHORT: 1/25 [FR=0.0012% BB=0.2076–0.2091]
2026-03-28 02:23:03 BRT [DEBUG  ]   HBAR     score parcial SHORT: 3/25 [FR=-0.0207% BB=0.0884–0.0891]
2026-03-28 02:23:03 BRT [DEBUG  ]   SUI      score parcial SHORT: 0/25 [FR=-0.0081% BB=0.8722–0.8791]
2026-03-28 02:23:03 BRT [DEBUG  ]   XLM      score parcial SHORT: 0/25 [FR=-0.0095% BB=0.1644–0.1662]
2026-03-28 02:23:03 BRT [DEBUG  ]   ASTER    score parcial SHORT: 0/25 [FR=-0.0128% BB=0.6589–0.6622]
2026-03-28 02:23:03 BRT [DEBUG  ]   DOT      score parcial SHORT: 2/25 [FR=-0.0250% BB=1.2726–1.2884]
2026-03-28 02:23:03 BRT [DEBUG  ]   LIT      score parcial SHORT: 1/25 [FR=0.0050% BB=0.8470–0.8776]
2026-03-28 02:23:03 BRT [DEBUG  ]   APT      score parcial SHORT: 0/25 [FR=-0.0000% BB=0.9376–0.9717]
2026-03-28 02:23:03 BRT [DEBUG  ]   UNI      score parcial SHORT: 0/25 [FR=-0.0120% BB=3.3506–3.3827]
2026-03-28 02:23:03 BRT [DEBUG  ]   LINK     score parcial SHORT: 0/25 [FR=-0.0143% BB=8.4924–8.5521]
2026-03-28 02:23:03 BRT [DEBUG  ]   AVAX     score parcial SHORT: 0/25 [FR=-0.0057% BB=8.7054–8.7653]
2026-03-28 02:23:03 BRT [DEBUG  ]   ICP      score parcial SHORT: 0/25 [FR=-0.0244% BB=2.2058–2.2327]
2026-03-28 02:23:03 BRT [DEBUG  ]   HYPE     score parcial SHORT: 0/25 [FR=-0.0045% BB=37.9787–38.6573]
2026-03-28 02:23:03 BRT [DEBUG  ]   ATOM     score parcial SHORT: 0/25 [FR=-0.0523% BB=1.6585–1.6739]
2026-03-28 02:23:03 BRT [INFO   ]   Ordem LONG: []
2026-03-28 02:23:03 BRT [INFO   ]   Ordem SHORT: ['HBAR', 'DOT', 'SHIB', 'PUMP', 'BEAT', 'ONDO', 'CRV', 'LIT', 'PEPE', 'DOGE', 'WLFI', 'XPL', 'SUI', 'XLM', 'ASTER', 'APT', 'UNI', 'LINK', 'AVAX', 'ICP', 'HYPE', 'ATOM']
2026-03-28 02:23:03 BRT [INFO   ] 
───────────────────────────────────────────────────────
2026-03-28 02:23:03 BRT [INFO   ]   ETAPA 4 — Klines + Score completo (TOP 20 LONG + SHORT) [v6.2.0]
2026-03-28 02:23:03 BRT [INFO   ] ───────────────────────────────────────────────────────
2026-03-28 02:23:03 BRT [DEBUG  ]   Contexto: FGI=12 | BTC=NEUTRAL | LONG=CAUTELOSO (Medo Extremo)(thr=20) | SHORT=MODERADO (Medo Extremo — mercado bearish)(thr=16) | risk_score=0
2026-03-28 02:23:03 BRT [INFO   ]   ✅  [A4 CANDLE LOCK] Vela 15m fechada (484s após fechamento). Último fechamento: 02:15:00 BRT.
2026-03-28 02:23:03 BRT [INFO   ]   Buscando klines para: ['HBAR', 'DOT', 'SHIB', 'PUMP', 'BEAT', 'ONDO', 'CRV', 'LIT', 'PEPE', 'DOGE', 'WLFI', 'XPL', 'SUI', 'XLM', 'ASTER', 'APT', 'UNI', 'LINK', 'AVAX', 'ICP']
2026-03-28 02:23:03 BRT [DEBUG  ]   📡  Cache MISS HBARUSDT 1H: arquivo não existe — buscando
2026-03-28 02:23:03 BRT [DEBUG  ]   📡  Cache MISS DOTUSDT 1H: arquivo não existe — buscando
2026-03-28 02:23:03 BRT [DEBUG  ]   📡  Cache MISS SHIBUSDT 1H: arquivo não existe — buscando
2026-03-28 02:23:03 BRT [DEBUG  ]   📡  Cache MISS PUMPUSDT 1H: arquivo não existe — buscando
2026-03-28 02:23:03 BRT [DEBUG  ]   📡  Cache MISS BEATUSDT 1H: arquivo não existe — buscando
2026-03-28 02:23:03 BRT [DEBUG  ]   📡  Cache MISS ONDOUSDT 1H: arquivo não existe — buscando
2026-03-28 02:23:03 BRT [DEBUG  ]   📡  Cache MISS CRVUSDT 1H: arquivo não existe — buscando
2026-03-28 02:23:03 BRT [DEBUG  ]   📡  Cache MISS LITUSDT 1H: arquivo não existe — buscando
2026-03-28 02:23:03 BRT [DEBUG  ]   📡  Cache MISS PEPEUSDT 1H: arquivo não existe — buscando
2026-03-28 02:23:03 BRT [DEBUG  ]   📡  Cache MISS DOGEUSDT 1H: arquivo não existe — buscando
2026-03-28 02:23:03 BRT [DEBUG  ]   📡  Cache MISS WLFIUSDT 1H: arquivo não existe — buscando
2026-03-28 02:23:03 BRT [DEBUG  ]   📡  Cache MISS XPLUSDT 1H: arquivo não existe — buscando
2026-03-28 02:23:03 BRT [DEBUG  ]   📡  Cache MISS SUIUSDT 1H: arquivo não existe — buscando
2026-03-28 02:23:03 BRT [DEBUG  ]   📡  Cache MISS XLMUSDT 1H: arquivo não existe — buscando
2026-03-28 02:23:03 BRT [DEBUG  ]   📡  Cache MISS ASTERUSDT 1H: arquivo não existe — buscando
2026-03-28 02:23:03 BRT [DEBUG  ]   📡  Cache MISS APTUSDT 1H: arquivo não existe — buscando
2026-03-28 02:23:03 BRT [DEBUG  ]   📡  Cache MISS UNIUSDT 1H: arquivo não existe — buscando
2026-03-28 02:23:03 BRT [DEBUG  ]   📡  Cache MISS LINKUSDT 1H: arquivo não existe — buscando
2026-03-28 02:23:03 BRT [DEBUG  ]   📡  Cache MISS AVAXUSDT 1H: arquivo não existe — buscando
2026-03-28 02:23:03 BRT [DEBUG  ]   📡  Cache MISS ICPUSDT 1H: arquivo não existe — buscando
2026-03-28 02:23:03 BRT [DEBUG  ]   📡  Cache MISS HBARUSDT 4H: arquivo não existe — buscando
2026-03-28 02:23:03 BRT [DEBUG  ]   📡  Cache MISS DOTUSDT 4H: arquivo não existe — buscando
2026-03-28 02:23:03 BRT [DEBUG  ]   📡  Cache MISS SHIBUSDT 4H: arquivo não existe — buscando
2026-03-28 02:23:03 BRT [DEBUG  ]   📡  Cache MISS PUMPUSDT 4H: arquivo não existe — buscando
2026-03-28 02:23:03 BRT [DEBUG  ]   📡  Cache MISS BEATUSDT 4H: arquivo não existe — buscando
2026-03-28 02:23:03 BRT [DEBUG  ]   📡  Cache MISS ONDOUSDT 4H: arquivo não existe — buscando
2026-03-28 02:23:03 BRT [DEBUG  ]   📡  Cache MISS CRVUSDT 4H: arquivo não existe — buscando
2026-03-28 02:23:03 BRT [DEBUG  ]   📡  Cache MISS LITUSDT 4H: arquivo não existe — buscando
2026-03-28 02:23:03 BRT [DEBUG  ]   📡  Cache MISS PEPEUSDT 4H: arquivo não existe — buscando
2026-03-28 02:23:03 BRT [DEBUG  ]   📡  Cache MISS DOGEUSDT 4H: arquivo não existe — buscando
2026-03-28 02:23:03 BRT [DEBUG  ]   📡  Cache MISS WLFIUSDT 4H: arquivo não existe — buscando
2026-03-28 02:23:03 BRT [DEBUG  ]   📡  Cache MISS XPLUSDT 4H: arquivo não existe — buscando
2026-03-28 02:23:03 BRT [DEBUG  ]   📡  Cache MISS SUIUSDT 4H: arquivo não existe — buscando
2026-03-28 02:23:03 BRT [DEBUG  ]   📡  Cache MISS XLMUSDT 4H: arquivo não existe — buscando
2026-03-28 02:23:03 BRT [DEBUG  ]   📡  Cache MISS ASTERUSDT 4H: arquivo não existe — buscando
2026-03-28 02:23:03 BRT [DEBUG  ]   📡  Cache MISS APTUSDT 4H: arquivo não existe — buscando
2026-03-28 02:23:03 BRT [DEBUG  ]   📡  Cache MISS UNIUSDT 4H: arquivo não existe — buscando
2026-03-28 02:23:03 BRT [DEBUG  ]   📡  Cache MISS LINKUSDT 4H: arquivo não existe — buscando
2026-03-28 02:23:03 BRT [DEBUG  ]   📡  Cache MISS AVAXUSDT 4H: arquivo não existe — buscando
2026-03-28 02:23:03 BRT [DEBUG  ]   📡  Cache MISS ICPUSDT 4H: arquivo não existe — buscando
2026-03-28 02:23:03 BRT [DEBUG  ]   GET https://api.bitget.com/api/v2/mix/market/candles?productType=USDT-FUTURES&symbol...
2026-03-28 02:23:03 BRT [DEBUG  ]       → HTTP 200 | 4.4KB | enc:gzip | 0.28s
2026-03-28 02:23:03 BRT [DEBUG  ]   ✅  Klines AVAXUSDT 4H: 60 candles | 03/28 01:00 → 03/18 05:00
2026-03-28 02:23:03 BRT [DEBUG  ]   💾  Cache GRAVADO AVAXUSDT 4H: 60 candles
2026-03-28 02:23:03 BRT [DEBUG  ]   GET https://api.bitget.com/api/v2/mix/market/candles?productType=USDT-FUTURES&symbol...
2026-03-28 02:23:03 BRT [DEBUG  ]       → HTTP 200 | 6.0KB | enc:gzip | 0.28s
2026-03-28 02:23:03 BRT [DEBUG  ]   ✅  Klines SHIBUSDT 1H: 60 candles | 03/28 02:00 → 03/25 15:00
2026-03-28 02:23:03 BRT [DEBUG  ]   💾  Cache GRAVADO SHIBUSDT 1H: 60 candles
2026-03-28 02:23:03 BRT [DEBUG  ]   GET https://api.bitget.com/api/v2/mix/market/candles?productType=USDT-FUTURES&symbol...
2026-03-28 02:23:03 BRT [DEBUG  ]       → HTTP 200 | 4.3KB | enc:gzip | 0.28s
2026-03-28 02:23:03 BRT [DEBUG  ]   ✅  Klines LINKUSDT 4H: 60 candles | 03/28 01:00 → 03/18 05:00
2026-03-28 02:23:03 BRT [DEBUG  ]   💾  Cache GRAVADO LINKUSDT 4H: 60 candles
2026-03-28 02:23:03 BRT [DEBUG  ]   GET https://api.bitget.com/api/v2/mix/market/candles?productType=USDT-FUTURES&symbol...
2026-03-28 02:23:03 BRT [DEBUG  ]       → HTTP 200 | 5.0KB | enc:gzip | 0.29s
2026-03-28 02:23:03 BRT [DEBUG  ]   ✅  Klines DOGEUSDT 1H: 60 candles | 03/28 02:00 → 03/25 15:00
2026-03-28 02:23:03 BRT [DEBUG  ]   💾  Cache GRAVADO DOGEUSDT 1H: 60 candles
2026-03-28 02:23:03 BRT [DEBUG  ]   GET https://api.bitget.com/api/v2/mix/market/candles?productType=USDT-FUTURES&symbol...
2026-03-28 02:23:03 BRT [DEBUG  ]       → HTTP 200 | 4.5KB | enc:gzip | 0.31s
2026-03-28 02:23:03 BRT [DEBUG  ]   ✅  Klines ICPUSDT 4H: 60 candles | 03/28 01:00 → 03/18 05:00
2026-03-28 02:23:03 BRT [DEBUG  ]   💾  Cache GRAVADO ICPUSDT 4H: 60 candles
2026-03-28 02:23:03 BRT [DEBUG  ]   GET https://api.bitget.com/api/v2/mix/market/candles?productType=USDT-FUTURES&symbol...
2026-03-28 02:23:03 BRT [DEBUG  ]       → HTTP 200 | 4.6KB | enc:gzip | 0.31s
2026-03-28 02:23:03 BRT [DEBUG  ]   ✅  Klines ASTERUSDT 4H: 60 candles | 03/28 01:00 → 03/18 05:00
2026-03-28 02:23:03 BRT [DEBUG  ]   💾  Cache GRAVADO ASTERUSDT 4H: 60 candles
2026-03-28 02:23:03 BRT [DEBUG  ]   GET https://api.bitget.com/api/v2/mix/market/candles?productType=USDT-FUTURES&symbol...
2026-03-28 02:23:03 BRT [DEBUG  ]       → HTTP 200 | 4.5KB | enc:gzip | 0.31s
2026-03-28 02:23:03 BRT [DEBUG  ]   ✅  Klines WLFIUSDT 1H: 60 candles | 03/28 02:00 → 03/25 15:00
2026-03-28 02:23:04 BRT [DEBUG  ]   💾  Cache GRAVADO WLFIUSDT 1H: 60 candles
2026-03-28 02:23:04 BRT [DEBUG  ]   GET https://api.bitget.com/api/v2/mix/market/candles?productType=USDT-FUTURES&symbol...
2026-03-28 02:23:04 BRT [DEBUG  ]       → HTTP 200 | 4.1KB | enc:gzip | 0.32s
2026-03-28 02:23:04 BRT [DEBUG  ]   ✅  Klines UNIUSDT 15m: 60 candles | 03/28 02:15 → 03/27 11:30
2026-03-28 02:23:04 BRT [DEBUG  ]   GET https://api.bitget.com/api/v2/mix/market/candles?productType=USDT-FUTURES&symbol...
2026-03-28 02:23:04 BRT [DEBUG  ]       → HTTP 200 | 4.7KB | enc:gzip | 0.32s
2026-03-28 02:23:04 BRT [DEBUG  ]   ✅  Klines BEATUSDT 15m: 60 candles | 03/28 02:15 → 03/27 11:30
2026-03-28 02:23:04 BRT [DEBUG  ]   GET https://api.bitget.com/api/v2/mix/market/candles?productType=USDT-FUTURES&symbol...
2026-03-28 02:23:04 BRT [DEBUG  ]       → HTTP 200 | 4.7KB | enc:gzip | 0.32s
2026-03-28 02:23:04 BRT [DEBUG  ]   ✅  Klines XLMUSDT 15m: 60 candles | 03/28 02:15 → 03/27 11:30
2026-03-28 02:23:04 BRT [DEBUG  ]   GET https://api.bitget.com/api/v2/mix/market/candles?productType=USDT-FUTURES&symbol...
2026-03-28 02:23:04 BRT [DEBUG  ]       → HTTP 200 | 4.1KB | enc:gzip | 0.32s
2026-03-28 02:23:04 BRT [DEBUG  ]   ✅  Klines LINKUSDT 15m: 60 candles | 03/28 02:15 → 03/27 11:30
2026-03-28 02:23:04 BRT [DEBUG  ]   GET https://api.bitget.com/api/v2/mix/market/candles?productType=USDT-FUTURES&symbol...
2026-03-28 02:23:04 BRT [DEBUG  ]       → HTTP 200 | 4.8KB | enc:gzip | 0.31s
2026-03-28 02:23:04 BRT [DEBUG  ]   ✅  Klines SUIUSDT 4H: 60 candles | 03/28 01:00 → 03/18 05:00
2026-03-28 02:23:04 BRT [DEBUG  ]   💾  Cache GRAVADO SUIUSDT 4H: 60 candles
2026-03-28 02:23:04 BRT [DEBUG  ]   GET https://api.bitget.com/api/v2/mix/market/candles?productType=USDT-FUTURES&symbol...
2026-03-28 02:23:04 BRT [DEBUG  ]       → HTTP 200 | 4.4KB | enc:gzip | 0.32s
2026-03-28 02:23:04 BRT [DEBUG  ]   ✅  Klines WLFIUSDT 15m: 60 candles | 03/28 02:15 → 03/27 11:30
2026-03-28 02:23:04 BRT [DEBUG  ]   GET https://api.bitget.com/api/v2/mix/market/candles?productType=USDT-FUTURES&symbol...
2026-03-28 02:23:04 BRT [DEBUG  ]       → HTTP 200 | 4.9KB | enc:gzip | 0.32s
2026-03-28 02:23:04 BRT [DEBUG  ]   ✅  Klines BEATUSDT 4H: 60 candles | 03/28 01:00 → 03/18 05:00
2026-03-28 02:23:04 BRT [DEBUG  ]   💾  Cache GRAVADO BEATUSDT 4H: 60 candles
2026-03-28 02:23:04 BRT [DEBUG  ]   GET https://api.bitget.com/api/v2/mix/market/candles?productType=USDT-FUTURES&symbol...
2026-03-28 02:23:04 BRT [DEBUG  ]       → HTTP 200 | 4.4KB | enc:gzip | 0.32s
2026-03-28 02:23:04 BRT [DEBUG  ]   ✅  Klines AVAXUSDT 1H: 60 candles | 03/28 02:00 → 03/25 15:00
2026-03-28 02:23:04 BRT [DEBUG  ]   💾  Cache GRAVADO AVAXUSDT 1H: 60 candles
2026-03-28 02:23:04 BRT [DEBUG  ]   GET https://api.bitget.com/api/v2/mix/market/candles?productType=USDT-FUTURES&symbol...
2026-03-28 02:23:04 BRT [DEBUG  ]       → HTTP 200 | 4.8KB | enc:gzip | 0.32s
2026-03-28 02:23:04 BRT [DEBUG  ]   ✅  Klines ONDOUSDT 4H: 60 candles | 03/28 01:00 → 03/18 05:00
2026-03-28 02:23:04 BRT [DEBUG  ]   💾  Cache GRAVADO ONDOUSDT 4H: 60 candles
2026-03-28 02:23:04 BRT [DEBUG  ]   GET https://api.bitget.com/api/v2/mix/market/candles?productType=USDT-FUTURES&symbol...
2026-03-28 02:23:04 BRT [DEBUG  ]       → HTTP 200 | 5.2KB | enc:gzip | 0.33s
2026-03-28 02:23:04 BRT [DEBUG  ]   ✅  Klines PUMPUSDT 15m: 60 candles | 03/28 02:15 → 03/27 11:30
2026-03-28 02:23:04 BRT [DEBUG  ]   GET https://api.bitget.com/api/v2/mix/market/candles?productType=USDT-FUTURES&symbol...
2026-03-28 02:23:04 BRT [DEBUG  ]       → HTTP 200 | 4.2KB | enc:gzip | 0.33s
2026-03-28 02:23:04 BRT [DEBUG  ]   ✅  Klines LINKUSDT 1H: 60 candles | 03/28 02:00 → 03/25 15:00
2026-03-28 02:23:04 BRT [DEBUG  ]   💾  Cache GRAVADO LINKUSDT 1H: 60 candles
2026-03-28 02:23:04 BRT [DEBUG  ]   GET https://api.bitget.com/api/v2/mix/market/candles?productType=USDT-FUTURES&symbol...
2026-03-28 02:23:04 BRT [DEBUG  ]       → HTTP 200 | 4.6KB | enc:gzip | 0.33s
2026-03-28 02:23:04 BRT [DEBUG  ]   ✅  Klines XPLUSDT 4H: 60 candles | 03/28 01:00 → 03/18 05:00
2026-03-28 02:23:04 BRT [DEBUG  ]   💾  Cache GRAVADO XPLUSDT 4H: 60 candles
2026-03-28 02:23:04 BRT [DEBUG  ]   GET https://api.bitget.com/api/v2/mix/market/candles?productType=USDT-FUTURES&symbol...
2026-03-28 02:23:04 BRT [DEBUG  ]       → HTTP 200 | 4.3KB | enc:gzip | 0.33s
2026-03-28 02:23:04 BRT [DEBUG  ]   ✅  Klines AVAXUSDT 15m: 60 candles | 03/28 02:15 → 03/27 11:30
2026-03-28 02:23:04 BRT [DEBUG  ]   GET https://api.bitget.com/api/v2/mix/market/candles?productType=USDT-FUTURES&symbol...
2026-03-28 02:23:04 BRT [DEBUG  ]       → HTTP 200 | 5.3KB | enc:gzip | 0.33s
2026-03-28 02:23:04 BRT [DEBUG  ]   ✅  Klines PUMPUSDT 1H: 60 candles | 03/28 02:00 → 03/25 15:00
2026-03-28 02:23:04 BRT [DEBUG  ]   💾  Cache GRAVADO PUMPUSDT 1H: 60 candles
2026-03-28 02:23:04 BRT [DEBUG  ]   GET https://api.bitget.com/api/v2/mix/market/candles?productType=USDT-FUTURES&symbol...
2026-03-28 02:23:04 BRT [DEBUG  ]       → HTTP 200 | 4.8KB | enc:gzip | 0.34s
2026-03-28 02:23:04 BRT [DEBUG  ]   ✅  Klines BEATUSDT 1H: 60 candles | 03/28 02:00 → 03/25 15:00
2026-03-28 02:23:04 BRT [DEBUG  ]   💾  Cache GRAVADO BEATUSDT 1H: 60 candles
2026-03-28 02:23:04 BRT [DEBUG  ]   GET https://api.bitget.com/api/v2/mix/market/candles?productType=USDT-FUTURES&symbol...
2026-03-28 02:23:04 BRT [DEBUG  ]       → HTTP 200 | 4.6KB | enc:gzip | 0.34s
2026-03-28 02:23:04 BRT [DEBUG  ]   ✅  Klines XPLUSDT 1H: 60 candles | 03/28 02:00 → 03/25 15:00
2026-03-28 02:23:04 BRT [DEBUG  ]   💾  Cache GRAVADO XPLUSDT 1H: 60 candles
2026-03-28 02:23:04 BRT [DEBUG  ]   GET https://api.bitget.com/api/v2/mix/market/candles?productType=USDT-FUTURES&symbol...
2026-03-28 02:23:04 BRT [DEBUG  ]       → HTTP 200 | 4.8KB | enc:gzip | 0.34s
2026-03-28 02:23:04 BRT [DEBUG  ]   ✅  Klines ONDOUSDT 1H: 60 candles | 03/28 02:00 → 03/25 15:00
2026-03-28 02:23:04 BRT [DEBUG  ]   💾  Cache GRAVADO ONDOUSDT 1H: 60 candles
2026-03-28 02:23:04 BRT [DEBUG  ]   GET https://api.bitget.com/api/v2/mix/market/candles?productType=USDT-FUTURES&symbol...
2026-03-28 02:23:04 BRT [DEBUG  ]       → HTTP 200 | 4.6KB | enc:gzip | 0.34s
2026-03-28 02:23:04 BRT [DEBUG  ]   ✅  Klines WLFIUSDT 4H: 60 candles | 03/28 01:00 → 03/18 05:00
2026-03-28 02:23:04 BRT [DEBUG  ]   💾  Cache GRAVADO WLFIUSDT 4H: 60 candles
2026-03-28 02:23:04 BRT [DEBUG  ]   GET https://api.bitget.com/api/v2/mix/market/candles?productType=USDT-FUTURES&symbol...
2026-03-28 02:23:04 BRT [DEBUG  ]       → HTTP 200 | 4.9KB | enc:gzip | 0.34s
2026-03-28 02:23:04 BRT [DEBUG  ]   ✅  Klines DOGEUSDT 15m: 60 candles | 03/28 02:15 → 03/27 11:30
2026-03-28 02:23:04 BRT [DEBUG  ]   GET https://api.bitget.com/api/v2/mix/market/candles?productType=USDT-FUTURES&symbol...
2026-03-28 02:23:04 BRT [DEBUG  ]       → HTTP 200 | 4.7KB | enc:gzip | 0.34s
2026-03-28 02:23:04 BRT [DEBUG  ]   ✅  Klines HBARUSDT 15m: 60 candles | 03/28 02:15 → 03/27 11:30
2026-03-28 02:23:04 BRT [DEBUG  ]   GET https://api.bitget.com/api/v2/mix/market/candles?productType=USDT-FUTURES&symbol...
2026-03-28 02:23:04 BRT [DEBUG  ]       → HTTP 200 | 4.5KB | enc:gzip | 0.34s
2026-03-28 02:23:04 BRT [DEBUG  ]   ✅  Klines CRVUSDT 1H: 60 candles | 03/28 02:00 → 03/25 15:00
2026-03-28 02:23:04 BRT [DEBUG  ]   💾  Cache GRAVADO CRVUSDT 1H: 60 candles
2026-03-28 02:23:04 BRT [DEBUG  ]   GET https://api.bitget.com/api/v2/mix/market/candles?productType=USDT-FUTURES&symbol...
2026-03-28 02:23:04 BRT [DEBUG  ]       → HTTP 200 | 5.0KB | enc:gzip | 0.34s
2026-03-28 02:23:04 BRT [DEBUG  ]   ✅  Klines APTUSDT 4H: 60 candles | 03/28 01:00 → 03/18 05:00
2026-03-28 02:23:04 BRT [DEBUG  ]   💾  Cache GRAVADO APTUSDT 4H: 60 candles
2026-03-28 02:23:04 BRT [DEBUG  ]   GET https://api.bitget.com/api/v2/mix/market/candles?productType=USDT-FUTURES&symbol...
2026-03-28 02:23:04 BRT [DEBUG  ]       → HTTP 200 | 4.2KB | enc:gzip | 0.35s
2026-03-28 02:23:04 BRT [DEBUG  ]   ✅  Klines LITUSDT 1H: 60 candles | 03/28 02:00 → 03/25 15:00
2026-03-28 02:23:04 BRT [DEBUG  ]   💾  Cache GRAVADO LITUSDT 1H: 60 candles
2026-03-28 02:23:04 BRT [DEBUG  ]   GET https://api.bitget.com/api/v2/mix/market/candles?productType=USDT-FUTURES&symbol...
2026-03-28 02:23:04 BRT [DEBUG  ]       → HTTP 200 | 4.3KB | enc:gzip | 0.35s
2026-03-28 02:23:04 BRT [DEBUG  ]   ✅  Klines DOTUSDT 4H: 60 candles | 03/28 01:00 → 03/18 05:00
2026-03-28 02:23:04 BRT [DEBUG  ]   💾  Cache GRAVADO DOTUSDT 4H: 60 candles
2026-03-28 02:23:04 BRT [DEBUG  ]   GET https://api.bitget.com/api/v2/mix/market/candles?productType=USDT-FUTURES&symbol...
2026-03-28 02:23:04 BRT [DEBUG  ]       → HTTP 200 | 4.2KB | enc:gzip | 0.35s
2026-03-28 02:23:04 BRT [DEBUG  ]   ✅  Klines UNIUSDT 1H: 60 candles | 03/28 02:00 → 03/25 15:00
2026-03-28 02:23:04 BRT [DEBUG  ]   💾  Cache GRAVADO UNIUSDT 1H: 60 candles
2026-03-28 02:23:04 BRT [DEBUG  ]   GET https://api.bitget.com/api/v2/mix/market/candles?productType=USDT-FUTURES&symbol...
2026-03-28 02:23:04 BRT [DEBUG  ]       → HTTP 200 | 5.0KB | enc:gzip | 0.35s
2026-03-28 02:23:04 BRT [DEBUG  ]   ✅  Klines DOGEUSDT 4H: 60 candles | 03/28 01:00 → 03/18 05:00
2026-03-28 02:23:04 BRT [DEBUG  ]   💾  Cache GRAVADO DOGEUSDT 4H: 60 candles
2026-03-28 02:23:04 BRT [DEBUG  ]   GET https://api.bitget.com/api/v2/mix/market/candles?productType=USDT-FUTURES&symbol...
2026-03-28 02:23:04 BRT [DEBUG  ]       → HTTP 200 | 6.1KB | enc:gzip | 0.35s
2026-03-28 02:23:04 BRT [DEBUG  ]   ✅  Klines SHIBUSDT 4H: 60 candles | 03/28 01:00 → 03/18 05:00
2026-03-28 02:23:04 BRT [DEBUG  ]   💾  Cache GRAVADO SHIBUSDT 4H: 60 candles
2026-03-28 02:23:04 BRT [DEBUG  ]   GET https://api.bitget.com/api/v2/mix/market/candles?productType=USDT-FUTURES&symbol...
2026-03-28 02:23:04 BRT [DEBUG  ]       → HTTP 200 | 4.7KB | enc:gzip | 0.36s
2026-03-28 02:23:04 BRT [DEBUG  ]   ✅  Klines ONDOUSDT 15m: 60 candles | 03/28 02:15 → 03/27 11:30
2026-03-28 02:23:04 BRT [DEBUG  ]   GET https://api.bitget.com/api/v2/mix/market/candles?productType=USDT-FUTURES&symbol...
2026-03-28 02:23:04 BRT [DEBUG  ]       → HTTP 200 | 4.4KB | enc:gzip | 0.53s
2026-03-28 02:23:04 BRT [DEBUG  ]   ✅  Klines XPLUSDT 15m: 60 candles | 03/28 02:15 → 03/27 11:30
2026-03-28 02:23:04 BRT [DEBUG  ]   GET https://api.bitget.com/api/v2/mix/market/candles?productType=USDT-FUTURES&symbol...
2026-03-28 02:23:04 BRT [DEBUG  ]       → HTTP 200 | 4.2KB | enc:gzip | 0.53s
2026-03-28 02:23:04 BRT [DEBUG  ]   ✅  Klines LITUSDT 4H: 60 candles | 03/28 01:00 → 03/18 05:00
2026-03-28 02:23:04 BRT [DEBUG  ]   💾  Cache GRAVADO LITUSDT 4H: 60 candles
2026-03-28 02:23:04 BRT [DEBUG  ]   GET https://api.bitget.com/api/v2/mix/market/candles?productType=USDT-FUTURES&symbol...
2026-03-28 02:23:04 BRT [DEBUG  ]       → HTTP 200 | 4.9KB | enc:gzip | 0.53s
2026-03-28 02:23:04 BRT [DEBUG  ]   ✅  Klines HBARUSDT 4H: 60 candles | 03/28 01:00 → 03/18 05:00
2026-03-28 02:23:04 BRT [DEBUG  ]   💾  Cache GRAVADO HBARUSDT 4H: 60 candles
2026-03-28 02:23:04 BRT [DEBUG  ]   GET https://api.bitget.com/api/v2/mix/market/candles?productType=USDT-FUTURES&symbol...
2026-03-28 02:23:04 BRT [DEBUG  ]       → HTTP 200 | 4.9KB | enc:gzip | 0.53s
2026-03-28 02:23:04 BRT [DEBUG  ]   ✅  Klines XLMUSDT 4H: 60 candles | 03/28 01:00 → 03/18 05:00
2026-03-28 02:23:04 BRT [DEBUG  ]   💾  Cache GRAVADO XLMUSDT 4H: 60 candles
2026-03-28 02:23:04 BRT [DEBUG  ]   GET https://api.bitget.com/api/v2/mix/market/candles?productType=USDT-FUTURES&symbol...
2026-03-28 02:23:04 BRT [DEBUG  ]       → HTTP 200 | 4.9KB | enc:gzip | 0.53s
2026-03-28 02:23:04 BRT [DEBUG  ]   ✅  Klines APTUSDT 15m: 60 candles | 03/28 02:15 → 03/27 11:30
2026-03-28 02:23:04 BRT [DEBUG  ]   GET https://api.bitget.com/api/v2/mix/market/candles?productType=USDT-FUTURES&symbol...
2026-03-28 02:23:04 BRT [DEBUG  ]       → HTTP 200 | 4.4KB | enc:gzip | 0.53s
2026-03-28 02:23:04 BRT [DEBUG  ]   ✅  Klines ICPUSDT 1H: 60 candles | 03/28 02:00 → 03/25 15:00
2026-03-28 02:23:04 BRT [DEBUG  ]   💾  Cache GRAVADO ICPUSDT 1H: 60 candles
2026-03-28 02:23:04 BRT [DEBUG  ]   GET https://api.bitget.com/api/v2/mix/market/candles?productType=USDT-FUTURES&symbol...
2026-03-28 02:23:04 BRT [DEBUG  ]       → HTTP 200 | 5.3KB | enc:gzip | 0.53s
2026-03-28 02:23:04 BRT [DEBUG  ]   ✅  Klines PUMPUSDT 4H: 60 candles | 03/28 01:00 → 03/18 05:00
2026-03-28 02:23:04 BRT [DEBUG  ]   💾  Cache GRAVADO PUMPUSDT 4H: 60 candles
2026-03-28 02:23:04 BRT [DEBUG  ]   GET https://api.bitget.com/api/v2/mix/market/candles?productType=USDT-FUTURES&symbol...
2026-03-28 02:23:04 BRT [DEBUG  ]       → HTTP 200 | 4.6KB | enc:gzip | 0.53s
2026-03-28 02:23:04 BRT [DEBUG  ]   ✅  Klines CRVUSDT 4H: 60 candles | 03/28 01:00 → 03/18 05:00
2026-03-28 02:23:04 BRT [DEBUG  ]   💾  Cache GRAVADO CRVUSDT 4H: 60 candles
2026-03-28 02:23:04 BRT [DEBUG  ]   GET https://api.bitget.com/api/v2/mix/market/candles?productType=USDT-FUTURES&symbol...
2026-03-28 02:23:04 BRT [DEBUG  ]       → HTTP 200 | 4.3KB | enc:gzip | 0.55s
2026-03-28 02:23:04 BRT [DEBUG  ]   ✅  Klines UNIUSDT 4H: 60 candles | 03/28 01:00 → 03/18 05:00
2026-03-28 02:23:04 BRT [DEBUG  ]   💾  Cache GRAVADO UNIUSDT 4H: 60 candles
2026-03-28 02:23:04 BRT [DEBUG  ]   GET https://api.bitget.com/api/v2/mix/market/candles?productType=USDT-FUTURES&symbol...
2026-03-28 02:23:04 BRT [DEBUG  ]       → HTTP 200 | 5.9KB | enc:gzip | 0.56s
2026-03-28 02:23:04 BRT [DEBUG  ]   ✅  Klines SHIBUSDT 15m: 60 candles | 03/28 02:15 → 03/27 11:30
2026-03-28 02:23:04 BRT [DEBUG  ]   GET https://api.bitget.com/api/v2/mix/market/candles?productType=USDT-FUTURES&symbol...
2026-03-28 02:23:04 BRT [DEBUG  ]       → HTTP 200 | 4.4KB | enc:gzip | 0.56s
2026-03-28 02:23:04 BRT [DEBUG  ]   ✅  Klines ASTERUSDT 15m: 60 candles | 03/28 02:15 → 03/27 11:30
2026-03-28 02:23:04 BRT [DEBUG  ]   GET https://api.bitget.com/api/v2/mix/market/candles?productType=USDT-FUTURES&symbol...
2026-03-28 02:23:04 BRT [DEBUG  ]       → HTTP 200 | 4.4KB | enc:gzip | 0.56s
2026-03-28 02:23:04 BRT [DEBUG  ]   ✅  Klines ICPUSDT 15m: 60 candles | 03/28 02:15 → 03/27 11:30
2026-03-28 02:23:04 BRT [DEBUG  ]   GET https://api.bitget.com/api/v2/mix/market/candles?productType=USDT-FUTURES&symbol...
2026-03-28 02:23:04 BRT [DEBUG  ]       → HTTP 200 | 4.5KB | enc:gzip | 0.56s
2026-03-28 02:23:04 BRT [DEBUG  ]   ✅  Klines ASTERUSDT 1H: 60 candles | 03/28 02:00 → 03/25 15:00
2026-03-28 02:23:04 BRT [DEBUG  ]   💾  Cache GRAVADO ASTERUSDT 1H: 60 candles
2026-03-28 02:23:04 BRT [DEBUG  ]   GET https://api.bitget.com/api/v2/mix/market/candles?productType=USDT-FUTURES&symbol...
2026-03-28 02:23:04 BRT [DEBUG  ]       → HTTP 200 | 6.5KB | enc:gzip | 0.56s
2026-03-28 02:23:04 BRT [DEBUG  ]   ✅  Klines PEPEUSDT 1H: 60 candles | 03/28 02:00 → 03/25 15:00
2026-03-28 02:23:04 BRT [DEBUG  ]   💾  Cache GRAVADO PEPEUSDT 1H: 60 candles
2026-03-28 02:23:04 BRT [DEBUG  ]   GET https://api.bitget.com/api/v2/mix/market/candles?productType=USDT-FUTURES&symbol...
2026-03-28 02:23:04 BRT [DEBUG  ]       → HTTP 200 | 4.7KB | enc:gzip | 0.56s
2026-03-28 02:23:04 BRT [DEBUG  ]   ✅  Klines SUIUSDT 15m: 60 candles | 03/28 02:15 → 03/27 11:30
2026-03-28 02:23:04 BRT [DEBUG  ]   GET https://api.bitget.com/api/v2/mix/market/candles?productType=USDT-FUTURES&symbol...
2026-03-28 02:23:04 BRT [DEBUG  ]       → HTTP 200 | 4.9KB | enc:gzip | 0.56s
2026-03-28 02:23:04 BRT [DEBUG  ]   ✅  Klines APTUSDT 1H: 60 candles | 03/28 02:00 → 03/25 15:00
2026-03-28 02:23:04 BRT [DEBUG  ]   💾  Cache GRAVADO APTUSDT 1H: 60 candles
2026-03-28 02:23:04 BRT [DEBUG  ]   GET https://api.bitget.com/api/v2/mix/market/candles?productType=USDT-FUTURES&symbol...
2026-03-28 02:23:04 BRT [DEBUG  ]       → HTTP 200 | 6.4KB | enc:gzip | 0.57s
2026-03-28 02:23:04 BRT [DEBUG  ]   ✅  Klines PEPEUSDT 15m: 60 candles | 03/28 02:15 → 03/27 11:30
2026-03-28 02:23:04 BRT [DEBUG  ]   GET https://api.bitget.com/api/v2/mix/market/candles?productType=USDT-FUTURES&symbol...
2026-03-28 02:23:04 BRT [DEBUG  ]       → HTTP 200 | 4.8KB | enc:gzip | 0.56s
2026-03-28 02:23:04 BRT [DEBUG  ]   ✅  Klines SUIUSDT 1H: 60 candles | 03/28 02:00 → 03/25 15:00
2026-03-28 02:23:04 BRT [DEBUG  ]   💾  Cache GRAVADO SUIUSDT 1H: 60 candles
2026-03-28 02:23:04 BRT [DEBUG  ]   GET https://api.bitget.com/api/v2/mix/market/candles?productType=USDT-FUTURES&symbol...
2026-03-28 02:23:04 BRT [DEBUG  ]       → HTTP 200 | 4.9KB | enc:gzip | 0.57s
2026-03-28 02:23:04 BRT [DEBUG  ]   ✅  Klines XLMUSDT 1H: 60 candles | 03/28 02:00 → 03/25 15:00
2026-03-28 02:23:04 BRT [DEBUG  ]   💾  Cache GRAVADO XLMUSDT 1H: 60 candles
2026-03-28 02:23:04 BRT [DEBUG  ]   GET https://api.bitget.com/api/v2/mix/market/candles?productType=USDT-FUTURES&symbol...
2026-03-28 02:23:04 BRT [DEBUG  ]       → HTTP 200 | 4.9KB | enc:gzip | 0.57s
2026-03-28 02:23:04 BRT [DEBUG  ]   ✅  Klines HBARUSDT 1H: 60 candles | 03/28 02:00 → 03/25 15:00
2026-03-28 02:23:04 BRT [DEBUG  ]   💾  Cache GRAVADO HBARUSDT 1H: 60 candles
2026-03-28 02:23:04 BRT [DEBUG  ]   GET https://api.bitget.com/api/v2/mix/market/candles?productType=USDT-FUTURES&symbol...
2026-03-28 02:23:04 BRT [DEBUG  ]       → HTTP 200 | 6.6KB | enc:gzip | 0.57s
2026-03-28 02:23:04 BRT [DEBUG  ]   ✅  Klines PEPEUSDT 4H: 60 candles | 03/28 01:00 → 03/18 05:00
2026-03-28 02:23:04 BRT [DEBUG  ]   💾  Cache GRAVADO PEPEUSDT 4H: 60 candles
2026-03-28 02:23:04 BRT [DEBUG  ]   GET https://api.bitget.com/api/v2/mix/market/candles?productType=USDT-FUTURES&symbol...
2026-03-28 02:23:04 BRT [DEBUG  ]       → HTTP 200 | 4.1KB | enc:gzip | 0.57s
2026-03-28 02:23:04 BRT [DEBUG  ]   ✅  Klines LITUSDT 15m: 60 candles | 03/28 02:15 → 03/27 11:30
2026-03-28 02:23:04 BRT [DEBUG  ]   GET https://api.bitget.com/api/v2/mix/market/candles?productType=USDT-FUTURES&symbol...
2026-03-28 02:23:04 BRT [DEBUG  ]       → HTTP 200 | 4.3KB | enc:gzip | 0.57s
2026-03-28 02:23:04 BRT [DEBUG  ]   ✅  Klines DOTUSDT 1H: 60 candles | 03/28 02:00 → 03/25 15:00
2026-03-28 02:23:04 BRT [DEBUG  ]   💾  Cache GRAVADO DOTUSDT 1H: 60 candles
2026-03-28 02:23:04 BRT [DEBUG  ]   GET https://api.bitget.com/api/v2/mix/market/candles?productType=USDT-FUTURES&symbol...
2026-03-28 02:23:04 BRT [DEBUG  ]       → HTTP 200 | 4.1KB | enc:gzip | 0.57s
2026-03-28 02:23:04 BRT [DEBUG  ]   ✅  Klines DOTUSDT 15m: 60 candles | 03/28 02:15 → 03/27 11:30
2026-03-28 02:23:04 BRT [DEBUG  ]   GET https://api.bitget.com/api/v2/mix/market/candles?productType=USDT-FUTURES&symbol...
2026-03-28 02:23:04 BRT [DEBUG  ]       → HTTP 200 | 4.5KB | enc:gzip | 0.57s
2026-03-28 02:23:04 BRT [DEBUG  ]   ✅  Klines CRVUSDT 15m: 60 candles | 03/28 02:15 → 03/27 11:30
2026-03-28 02:23:04 BRT [INFO   ]   ─ SHORT HBAR: 15m=60 | 1H=60 | 4H=60
2026-03-28 02:23:04 BRT [DEBUG  ]     find_swing_points: fallback window=3 aplicado (window=5 insuficiente: 7H/6L → 7H/6L)
2026-03-28 02:23:04 BRT [INFO   ]   SCORE HBAR [SHORT]: 11/25 | DQ=100% | klines: 15m=✅ 1H=✅ 4H=✅
2026-03-28 02:23:04 BRT [INFO   ]     Contexto 4H               +0/0 · SELL (contexto SHORT, não pontuado)
2026-03-28 02:23:04 BRT [INFO   ]     P4 Liquidez 4H            +1/3 █ OB Bearish 4H (0.0892-0.0921)
2026-03-28 02:23:04 BRT [INFO   ]     P5 Figuras 4H             +0/2 · Sem figuras bearish claras no 4H
2026-03-28 02:23:04 BRT [INFO   ]     P6 CHOCH/BOS 4H           +3/3 ███ CHOCH Bearish 4H (reversão confirmada)
2026-03-28 02:23:04 BRT [INFO   ]     P-1H Resistência 1H       +2/4 ██ Resistência 1H em 0.0899 (0.95% acima)
2026-03-28 02:23:04 BRT [INFO   ]     P1 Bollinger 15m          +3/3 ███ BB extremo superior (98%)
2026-03-28 02:23:04 BRT [INFO   ]     P2 Candles 15m            +0/4 · Nenhum
2026-03-28 02:23:04 BRT [INFO   ]     P3 Funding Rate           +0/2 · -0.0207% (neutro)
2026-03-28 02:23:04 BRT [INFO   ]     P7 Filtro Pump/Dump       +0/0 · OK (-2.5%)
2026-03-28 02:23:04 BRT [INFO   ]     P8 Volume 15m             +2/2 ██ Volume forte (2.0x média)
2026-03-28 02:23:04 BRT [INFO   ]     P9 OI Crescente           +0/2 · OI estável (-0.5% vs média, 6.5M)
2026-03-28 02:23:04 BRT [DEBUG  ]     TradeParams SHORT: SL=0.36% | notional=$1401 | alav_margem=40.0x → cap=2x → alav=2.0x | margem=$700.31 ⚠️MARGEM $700>35 | risco=$5.00 | ganho=$10.00
2026-03-28 02:23:04 BRT [INFO   ]   📉 SHORT HBAR: score=11/25 | entry=0.0891 | SL=0.36% | alav=2.0x ✅
2026-03-28 02:23:04 BRT [INFO   ]   ─ SHORT DOT: 15m=60 | 1H=60 | 4H=60
2026-03-28 02:23:04 BRT [DEBUG  ]     find_swing_points: fallback window=3 aplicado (window=5 insuficiente: 4H/6L → 4H/6L)
2026-03-28 02:23:04 BRT [DEBUG  ]     find_swing_points: fallback window=3 aplicado (window=5 insuficiente: 4H/6L → 4H/6L)
2026-03-28 02:23:04 BRT [DEBUG  ]     find_swing_points: fallback window=3 aplicado (window=5 insuficiente: 4H/6L → 4H/6L)
2026-03-28 02:23:04 BRT [INFO   ]   SCORE DOT [SHORT]: 8/25 | DQ=100% | klines: 15m=✅ 1H=✅ 4H=✅
2026-03-28 02:23:04 BRT [INFO   ]     Contexto 4H               +0/0 · SELL (contexto SHORT, não pontuado)
2026-03-28 02:23:04 BRT [INFO   ]     P4 Liquidez 4H            +0/3 · Longe de resistências 4H
2026-03-28 02:23:04 BRT [INFO   ]     P5 Figuras 4H             +1/2 █ Cunha Ascendente (pullback bearish)
2026-03-28 02:23:04 BRT [INFO   ]     P6 CHOCH/BOS 4H           +3/3 ███ CHOCH Bearish 4H (reversão confirmada)
2026-03-28 02:23:04 BRT [INFO   ]     P-1H Resistência 1H       +2/4 ██ Resistência 1H em 1.2930 (0.47% acima)
2026-03-28 02:23:04 BRT [INFO   ]     P1 Bollinger 15m          +2/3 ██ BB superior (91%)
2026-03-28 02:23:04 BRT [INFO   ]     P2 Candles 15m            +0/4 · Nenhum
2026-03-28 02:23:04 BRT [INFO   ]     P3 Funding Rate           +0/2 · -0.0250% (neutro)
2026-03-28 02:23:04 BRT [INFO   ]     P7 Filtro Pump/Dump       +0/0 · OK (-2.3%)
2026-03-28 02:23:04 BRT [INFO   ]     P8 Volume 15m             +0/2 · Volume fraco (0.2x < 1.2x)
2026-03-28 02:23:04 BRT [INFO   ]     P9 OI Crescente           +0/2 · OI estável (+2.3% vs média, 14.2M)
2026-03-28 02:23:04 BRT [DEBUG  ]     TradeParams SHORT: SL=0.57% | notional=$871 | alav_margem=24.9x → cap=2x → alav=2.0x | margem=$435.61 ⚠️MARGEM $436>35 | risco=$5.00 | ganho=$10.00
2026-03-28 02:23:04 BRT [INFO   ]   📉 SHORT DOT: score=8/25 | entry=1.2870 | SL=0.57% | alav=2.0x ✅
2026-03-28 02:23:04 BRT [INFO   ]   ─ SHORT SHIB: 15m=60 | 1H=60 | 4H=60
2026-03-28 02:23:04 BRT [DEBUG  ]     find_swing_points: fallback window=3 aplicado (window=5 insuficiente: 3H/5L → 3H/5L)
2026-03-28 02:23:04 BRT [DEBUG  ]     find_swing_points: fallback window=3 aplicado (window=5 insuficiente: 3H/5L → 3H/5L)
2026-03-28 02:23:04 BRT [DEBUG  ]     find_swing_points: fallback window=3 aplicado (window=5 insuficiente: 3H/5L → 3H/5L)
2026-03-28 02:23:04 BRT [DEBUG  ]     find_swing_points: fallback window=3 aplicado (window=5 insuficiente: 6H/5L → 6H/5L)
2026-03-28 02:23:04 BRT [DEBUG  ]   SCORE SHIB [SHORT]: 4/25 | DQ=100% (abaixo do radar)
2026-03-28 02:23:04 BRT [DEBUG  ]     TradeParams SHORT: SL=0.40% | notional=$1249 | alav_margem=35.7x → cap=2x → alav=2.0x | margem=$624.35 ⚠️MARGEM $624>35 | risco=$5.00 | ganho=$10.00
2026-03-28 02:23:04 BRT [INFO   ]   📉 SHORT SHIB: score=4/25 | entry=0.0000 | SL=0.40% | alav=2.0x ✅
2026-03-28 02:23:04 BRT [INFO   ]   ─ SHORT PUMP: 15m=60 | 1H=60 | 4H=60
2026-03-28 02:23:04 BRT [DEBUG  ]     find_swing_points: fallback window=3 aplicado (window=5 insuficiente: 4H/4L → 4H/4L)
2026-03-28 02:23:04 BRT [DEBUG  ]   SCORE PUMP [SHORT]: 1/25 | DQ=100% (abaixo do radar)
2026-03-28 02:23:04 BRT [DEBUG  ]     TradeParams SHORT: SL=0.53% | notional=$942 | alav_margem=26.9x → cap=2x → alav=2.0x | margem=$470.80 ⚠️MARGEM $471>35 | risco=$5.00 | ganho=$10.00
2026-03-28 02:23:04 BRT [INFO   ]   📉 SHORT PUMP: score=1/25 | entry=0.0017 | SL=0.53% | alav=2.0x ✅
2026-03-28 02:23:04 BRT [INFO   ]   ─ SHORT BEAT: 15m=60 | 1H=60 | 4H=60
2026-03-28 02:23:04 BRT [DEBUG  ]     find_swing_points: fallback window=3 aplicado (window=5 insuficiente: 6H/5L → 6H/5L)
2026-03-28 02:23:04 BRT [DEBUG  ]     find_swing_points: fallback window=3 aplicado (window=5 insuficiente: 6H/5L → 6H/5L)
2026-03-28 02:23:04 BRT [DEBUG  ]     find_swing_points: fallback window=3 aplicado (window=5 insuficiente: 6H/5L → 6H/5L)
2026-03-28 02:23:04 BRT [INFO   ]   SCORE BEAT [SHORT]: 7/25 | DQ=100% | klines: 15m=✅ 1H=✅ 4H=✅
2026-03-28 02:23:04 BRT [INFO   ]     Contexto 4H               +0/0 · SELL (contexto SHORT, não pontuado)
2026-03-28 02:23:04 BRT [INFO   ]     P4 Liquidez 4H            +0/3 · Longe de resistências 4H
2026-03-28 02:23:04 BRT [INFO   ]     P5 Figuras 4H             +0/2 · Sem figuras bearish claras no 4H
2026-03-28 02:23:04 BRT [INFO   ]     P6 CHOCH/BOS 4H           +3/3 ███ CHOCH Bearish 4H (reversão confirmada)
2026-03-28 02:23:04 BRT [INFO   ]     P-1H Resistência 1H       +2/4 ██ OB Bearish 1H (0.4996-0.5139)
2026-03-28 02:23:04 BRT [INFO   ]     P1 Bollinger 15m          +0/3 · BB neutro (21%)
2026-03-28 02:23:04 BRT [INFO   ]     P2 Candles 15m            +0/4 · Nenhum
2026-03-28 02:23:04 BRT [INFO   ]     P3 Funding Rate           +1/2 █ 0.0482% (leve positivo)
2026-03-28 02:23:04 BRT [INFO   ]     P7 Filtro Pump/Dump       +0/0 · OK (1.4%)
2026-03-28 02:23:04 BRT [INFO   ]     P8 Volume 15m             +1/2 █ Volume adequado (1.3x média)
2026-03-28 02:23:04 BRT [INFO   ]     P9 OI Crescente           +0/2 · OI estável (-4.3% vs média, 9.1M)
2026-03-28 02:23:04 BRT [DEBUG  ]     TradeParams SHORT: SL=2.41% | notional=$208 | alav_margem=5.9x → cap=2x → alav=2.0x | margem=$103.88 ⚠️MARGEM $104>35 | risco=$5.00 | ganho=$10.00
2026-03-28 02:23:04 BRT [INFO   ]   📉 SHORT BEAT: score=7/25 | entry=0.5071 | SL=2.41% | alav=2.0x ✅
2026-03-28 02:23:04 BRT [INFO   ]   ─ SHORT ONDO: 15m=60 | 1H=60 | 4H=60
2026-03-28 02:23:04 BRT [INFO   ]   SCORE ONDO [SHORT]: 9/25 | DQ=100% | klines: 15m=✅ 1H=✅ 4H=✅
2026-03-28 02:23:04 BRT [INFO   ]     Contexto 4H               +0/0 · SELL (contexto SHORT, não pontuado)
2026-03-28 02:23:04 BRT [INFO   ]     P4 Liquidez 4H            +3/3 ███ Resistência 4H 0.2642 (0.65% acima) | OB Bearish 4H (0.2575-0.2601) | Confluência Res+OB Bearish
2026-03-28 02:23:04 BRT [INFO   ]     P5 Figuras 4H             +0/2 · Sem figuras bearish claras no 4H
2026-03-28 02:23:04 BRT [INFO   ]     P6 CHOCH/BOS 4H           +1/3 █ Estrutura 4H bearish (Lower Highs)
2026-03-28 02:23:04 BRT [INFO   ]     P-1H Resistência 1H       +4/4 ████ Resistência 1H em 0.2652 (1.03% acima) | OB Bearish 1H (0.2627-0.2659)
2026-03-28 02:23:04 BRT [INFO   ]     P1 Bollinger 15m          +0/3 · BB neutro (32%)
2026-03-28 02:23:04 BRT [INFO   ]     P2 Candles 15m            +0/4 · Nenhum
2026-03-28 02:23:04 BRT [INFO   ]     P3 Funding Rate           +1/2 █ 0.0050% (leve positivo)
2026-03-28 02:23:04 BRT [INFO   ]     P7 Filtro Pump/Dump       +0/0 · OK (-8.2%)
2026-03-28 02:23:04 BRT [INFO   ]     P8 Volume 15m             +0/2 · Volume fraco (0.4x < 1.2x)
2026-03-28 02:23:04 BRT [INFO   ]     P9 OI Crescente           +0/2 · OI estável (-4.3% vs média, 7.3M)
2026-03-28 02:23:04 BRT [DEBUG  ]     TradeParams SHORT: SL=1.19% | notional=$421 | alav_margem=12.0x → cap=2x → alav=2.0x | margem=$210.55 ⚠️MARGEM $211>35 | risco=$5.00 | ganho=$10.00
2026-03-28 02:23:04 BRT [INFO   ]   📉 SHORT ONDO: score=9/25 | entry=0.2625 | SL=1.19% | alav=2.0x ✅
2026-03-28 02:23:04 BRT [INFO   ]   ─ SHORT CRV: 15m=60 | 1H=60 | 4H=60
2026-03-28 02:23:04 BRT [DEBUG  ]     find_swing_points: fallback window=3 aplicado (window=5 insuficiente: 4H/4L → 4H/4L)
2026-03-28 02:23:04 BRT [DEBUG  ]   SCORE CRV [SHORT]: 4/25 | DQ=100% (abaixo do radar)
2026-03-28 02:23:04 BRT [DEBUG  ]     TradeParams SHORT: SL=0.60% | notional=$833 | alav_margem=23.8x → cap=2x → alav=2.0x | margem=$416.45 ⚠️MARGEM $416>35 | risco=$5.00 | ganho=$10.00
2026-03-28 02:23:04 BRT [INFO   ]   📉 SHORT CRV: score=4/25 | entry=0.2083 | SL=0.60% | alav=2.0x ✅
2026-03-28 02:23:04 BRT [INFO   ]   ─ SHORT LIT: 15m=60 | 1H=60 | 4H=60
2026-03-28 02:23:04 BRT [DEBUG  ]     find_swing_points: fallback window=3 aplicado (window=5 insuficiente: 5H/3L → 5H/3L)
2026-03-28 02:23:04 BRT [DEBUG  ]     find_swing_points: fallback window=3 aplicado (window=5 insuficiente: 5H/3L → 5H/3L)
2026-03-28 02:23:04 BRT [DEBUG  ]     find_swing_points: fallback window=3 aplicado (window=5 insuficiente: 5H/3L → 5H/3L)
2026-03-28 02:23:04 BRT [DEBUG  ]     find_swing_points: fallback window=3 aplicado (window=5 insuficiente: 5H/5L → 5H/5L)
2026-03-28 02:23:04 BRT [INFO   ]   SCORE LIT [SHORT]: 9/25 | DQ=100% | klines: 15m=✅ 1H=✅ 4H=✅
2026-03-28 02:23:04 BRT [INFO   ]     Contexto 4H               +0/0 · STRONG_SELL (contexto SHORT, não pontuado)
2026-03-28 02:23:04 BRT [INFO   ]     P4 Liquidez 4H            +0/3 · Longe de resistências 4H
2026-03-28 02:23:04 BRT [INFO   ]     P5 Figuras 4H             +2/2 ██ Rising Wedge (reversão bearish)
2026-03-28 02:23:04 BRT [INFO   ]     P6 CHOCH/BOS 4H           +3/3 ███ CHOCH Bearish 4H (reversão confirmada)
2026-03-28 02:23:04 BRT [INFO   ]     P-1H Resistência 1H       +2/4 ██ OB Bearish 1H (0.8400-0.8540)
2026-03-28 02:23:04 BRT [INFO   ]     P1 Bollinger 15m          +0/3 · BB neutro (11%)
2026-03-28 02:23:04 BRT [INFO   ]     P2 Candles 15m            +0/4 · Nenhum
2026-03-28 02:23:04 BRT [INFO   ]     P3 Funding Rate           +1/2 █ 0.0050% (leve positivo)
2026-03-28 02:23:04 BRT [INFO   ]     P7 Filtro Pump/Dump       +0/0 · OK (-3.9%)
2026-03-28 02:23:04 BRT [INFO   ]     P8 Volume 15m             +1/2 █ Volume adequado (1.7x média)
2026-03-28 02:23:04 BRT [INFO   ]     P9 OI Crescente           +0/2 · OI estável (-2.6% vs média, 5.4M)
2026-03-28 02:23:04 BRT [DEBUG  ]     TradeParams SHORT: SL=0.80% | notional=$622 | alav_margem=17.8x → cap=2x → alav=2.0x | margem=$311.10 ⚠️MARGEM $311>35 | risco=$5.00 | ganho=$10.00
2026-03-28 02:23:04 BRT [INFO   ]   📉 SHORT LIT: score=9/25 | entry=0.8504 | SL=0.80% | alav=2.0x ✅
2026-03-28 02:23:04 BRT [INFO   ]   ─ SHORT PEPE: 15m=60 | 1H=60 | 4H=60
2026-03-28 02:23:04 BRT [DEBUG  ]     find_swing_points: fallback window=3 aplicado (window=5 insuficiente: 4H/7L → 4H/7L)
2026-03-28 02:23:04 BRT [DEBUG  ]     find_swing_points: fallback window=3 aplicado (window=5 insuficiente: 4H/7L → 4H/7L)
2026-03-28 02:23:04 BRT [DEBUG  ]     find_swing_points: fallback window=3 aplicado (window=5 insuficiente: 4H/7L → 4H/7L)
2026-03-28 02:23:04 BRT [DEBUG  ]     find_swing_points: fallback window=3 aplicado (window=5 insuficiente: 8H/5L → 8H/5L)
2026-03-28 02:23:04 BRT [INFO   ]   SCORE PEPE [SHORT]: 6/25 | DQ=100% | klines: 15m=✅ 1H=✅ 4H=✅
2026-03-28 02:23:04 BRT [INFO   ]     Contexto 4H               +0/0 · SELL (contexto SHORT, não pontuado)
2026-03-28 02:23:04 BRT [INFO   ]     P4 Liquidez 4H            +1/3 █ OB Bearish 4H (0.0000-0.0000)
2026-03-28 02:23:04 BRT [INFO   ]     P5 Figuras 4H             +0/2 · Sem figuras bearish claras no 4H
2026-03-28 02:23:04 BRT [INFO   ]     P6 CHOCH/BOS 4H           +3/3 ███ CHOCH Bearish 4H (reversão confirmada)
2026-03-28 02:23:04 BRT [INFO   ]     P-1H Resistência 1H       +2/4 ██ Resistência 1H em 0.00000332 (1.65% acima)
2026-03-28 02:23:04 BRT [INFO   ]     P1 Bollinger 15m          +0/3 · BB neutro (54%)
2026-03-28 02:23:04 BRT [INFO   ]     P2 Candles 15m            +0/4 · Nenhum
2026-03-28 02:23:04 BRT [INFO   ]     P3 Funding Rate           +0/2 · -0.0230% (neutro)
2026-03-28 02:23:04 BRT [INFO   ]     P7 Filtro Pump/Dump       +0/0 · OK (-3.7%)
2026-03-28 02:23:04 BRT [INFO   ]     P8 Volume 15m             +0/2 · Volume fraco (0.7x < 1.2x)
2026-03-28 02:23:04 BRT [INFO   ]     P9 OI Crescente           +0/2 · OI estável (-1.3% vs média, 28.3M)
2026-03-28 02:23:04 BRT [DEBUG  ]     TradeParams SHORT: SL=0.44% | notional=$1148 | alav_margem=32.8x → cap=2x → alav=2.0x | margem=$573.97 ⚠️MARGEM $574>35 | risco=$5.00 | ganho=$10.00
2026-03-28 02:23:04 BRT [INFO   ]   📉 SHORT PEPE: score=6/25 | entry=0.0000 | SL=0.44% | alav=2.0x ✅
2026-03-28 02:23:04 BRT [INFO   ]   ─ SHORT DOGE: 15m=60 | 1H=60 | 4H=60
2026-03-28 02:23:04 BRT [DEBUG  ]     find_swing_points: fallback window=3 aplicado (window=5 insuficiente: 7H/5L → 7H/5L)
2026-03-28 02:23:04 BRT [INFO   ]   SCORE DOGE [SHORT]: 6/25 | DQ=100% | klines: 15m=✅ 1H=✅ 4H=✅
2026-03-28 02:23:04 BRT [INFO   ]     Contexto 4H               +0/0 · SELL (contexto SHORT, não pontuado)
2026-03-28 02:23:04 BRT [INFO   ]     P4 Liquidez 4H            +1/3 █ OB Bearish 4H (0.0904-0.0925)
2026-03-28 02:23:04 BRT [INFO   ]     P5 Figuras 4H             +0/2 · Sem figuras bearish claras no 4H
2026-03-28 02:23:04 BRT [INFO   ]     P6 CHOCH/BOS 4H           +3/3 ███ CHOCH Bearish 4H (reversão confirmada)
2026-03-28 02:23:04 BRT [INFO   ]     P-1H Resistência 1H       +2/4 ██ Resistência 1H em 0.0921 (2.39% acima)
2026-03-28 02:23:04 BRT [INFO   ]     P1 Bollinger 15m          +0/3 · BB neutro (43%)
2026-03-28 02:23:04 BRT [INFO   ]     P2 Candles 15m            +0/4 · Nenhum
2026-03-28 02:23:04 BRT [INFO   ]     P3 Funding Rate           +0/2 · -0.0016% (neutro)
2026-03-28 02:23:04 BRT [INFO   ]     P7 Filtro Pump/Dump       +0/0 · OK (-2.3%)
2026-03-28 02:23:04 BRT [INFO   ]     P8 Volume 15m             +0/2 · Volume fraco (0.8x < 1.2x)
2026-03-28 02:23:04 BRT [INFO   ]     P9 OI Crescente           +0/2 · OI estável (+4.6% vs média, 99.0M)
2026-03-28 02:23:04 BRT [DEBUG  ]     TradeParams SHORT: SL=0.38% | notional=$1318 | alav_margem=37.7x → cap=2x → alav=2.0x | margem=$659.18 ⚠️MARGEM $659>35 | risco=$5.00 | ganho=$10.00
2026-03-28 02:23:04 BRT [INFO   ]   📉 SHORT DOGE: score=6/25 | entry=0.0900 | SL=0.38% | alav=2.0x ✅
2026-03-28 02:23:04 BRT [INFO   ]   ─ SHORT WLFI: 15m=60 | 1H=60 | 4H=60
2026-03-28 02:23:04 BRT [DEBUG  ]     find_swing_points: fallback window=3 aplicado (window=5 insuficiente: 4H/7L → 4H/7L)
2026-03-28 02:23:04 BRT [DEBUG  ]     find_swing_points: fallback window=3 aplicado (window=5 insuficiente: 4H/7L → 4H/7L)
2026-03-28 02:23:04 BRT [DEBUG  ]     find_swing_points: fallback window=3 aplicado (window=5 insuficiente: 4H/7L → 4H/7L)
2026-03-28 02:23:04 BRT [INFO   ]   SCORE WLFI [SHORT]: 8/25 | DQ=100% | klines: 15m=✅ 1H=✅ 4H=✅
2026-03-28 02:23:04 BRT [INFO   ]     Contexto 4H               +0/0 · SELL (contexto SHORT, não pontuado)
2026-03-28 02:23:04 BRT [INFO   ]     P4 Liquidez 4H            +3/3 ███ Resistência 4H 0.0990 (2.35% acima) | OB Bearish 4H (0.0947-0.0950) | Confluência Res+OB Bearish
2026-03-28 02:23:04 BRT [INFO   ]     P5 Figuras 4H             +0/2 · Sem figuras bearish claras no 4H
2026-03-28 02:23:04 BRT [INFO   ]     P6 CHOCH/BOS 4H           +1/3 █ Estrutura 4H bearish (Lower Highs)
2026-03-28 02:23:04 BRT [INFO   ]     P-1H Resistência 1H       +2/4 ██ OB Bearish 1H (0.0979-0.0984)
2026-03-28 02:23:04 BRT [INFO   ]     P1 Bollinger 15m          +0/3 · BB neutro (69%)
2026-03-28 02:23:04 BRT [INFO   ]     P2 Candles 15m            +0/4 · Nenhum
2026-03-28 02:23:04 BRT [INFO   ]     P3 Funding Rate           +0/2 · -0.0062% (neutro)
2026-03-28 02:23:04 BRT [INFO   ]     P7 Filtro Pump/Dump       +0/0 · OK (-1.5%)
2026-03-28 02:23:04 BRT [INFO   ]     P8 Volume 15m             +2/2 ██ Volume forte (3.0x média)
2026-03-28 02:23:04 BRT [INFO   ]     P9 OI Crescente           +0/2 · OI estável (-1.7% vs média, 12.2M)
2026-03-28 02:23:04 BRT [DEBUG  ]     TradeParams SHORT: SL=0.55% | notional=$912 | alav_margem=26.1x → cap=2x → alav=2.0x | margem=$455.93 ⚠️MARGEM $456>35 | risco=$5.00 | ganho=$10.00
2026-03-28 02:23:04 BRT [INFO   ]   📉 SHORT WLFI: score=8/25 | entry=0.0967 | SL=0.55% | alav=2.0x ✅
2026-03-28 02:23:04 BRT [INFO   ]   ─ SHORT XPL: 15m=60 | 1H=60 | 4H=60
2026-03-28 02:23:04 BRT [DEBUG  ]     find_swing_points: fallback window=3 aplicado (window=5 insuficiente: 6H/6L → 6H/6L)
2026-03-28 02:23:04 BRT [INFO   ]   SCORE XPL [SHORT]: 5/25 | DQ=100% | klines: 15m=✅ 1H=✅ 4H=✅
2026-03-28 02:23:04 BRT [INFO   ]     Contexto 4H               +0/0 · SELL (contexto SHORT, não pontuado)
2026-03-28 02:23:04 BRT [INFO   ]     P4 Liquidez 4H            +0/3 · Longe de resistências 4H
2026-03-28 02:23:04 BRT [INFO   ]     P5 Figuras 4H             +0/2 · Sem figuras bearish claras no 4H
2026-03-28 02:23:04 BRT [INFO   ]     P6 CHOCH/BOS 4H           +3/3 ███ CHOCH Bearish 4H (reversão confirmada)
2026-03-28 02:23:04 BRT [INFO   ]     P-1H Resistência 1H       +2/4 ██ Resistência 1H em 0.0893 (1.30% acima)
2026-03-28 02:23:04 BRT [INFO   ]     P1 Bollinger 15m          +0/3 · BB neutro (69%)
2026-03-28 02:23:04 BRT [INFO   ]     P2 Candles 15m            +0/4 · Nenhum
2026-03-28 02:23:04 BRT [INFO   ]     P3 Funding Rate           +0/2 · -0.0102% (neutro)
2026-03-28 02:23:04 BRT [INFO   ]     P7 Filtro Pump/Dump       +0/0 · OK (-5.8%)
2026-03-28 02:23:04 BRT [INFO   ]     P8 Volume 15m             +0/2 · Volume fraco (0.2x < 1.2x)
2026-03-28 02:23:04 BRT [INFO   ]     P9 OI Crescente           +0/2 · OI estável (-0.6% vs média, 6.1M)
2026-03-28 02:23:04 BRT [DEBUG  ]     TradeParams SHORT: SL=0.66% | notional=$752 | alav_margem=21.5x → cap=2x → alav=2.0x | margem=$376.01 ⚠️MARGEM $376>35 | risco=$5.00 | ganho=$10.00
2026-03-28 02:23:04 BRT [INFO   ]   📉 SHORT XPL: score=5/25 | entry=0.0882 | SL=0.66% | alav=2.0x ✅
2026-03-28 02:23:04 BRT [INFO   ]   ─ SHORT SUI: 15m=60 | 1H=60 | 4H=60
2026-03-28 02:23:04 BRT [DEBUG  ]     find_swing_points: fallback window=3 aplicado (window=5 insuficiente: 6H/6L → 6H/6L)
2026-03-28 02:23:04 BRT [INFO   ]   SCORE SUI [SHORT]: 5/25 | DQ=100% | klines: 15m=✅ 1H=✅ 4H=✅
2026-03-28 02:23:04 BRT [INFO   ]     Contexto 4H               +0/0 · SELL (contexto SHORT, não pontuado)
2026-03-28 02:23:04 BRT [INFO   ]     P4 Liquidez 4H            +0/3 · Longe de resistências 4H
2026-03-28 02:23:04 BRT [INFO   ]     P5 Figuras 4H             +0/2 · Sem figuras bearish claras no 4H
2026-03-28 02:23:04 BRT [INFO   ]     P6 CHOCH/BOS 4H           +3/3 ███ CHOCH Bearish 4H (reversão confirmada)
2026-03-28 02:23:04 BRT [INFO   ]     P-1H Resistência 1H       +2/4 ██ Resistência 1H em 0.8823 (0.74% acima)
2026-03-28 02:23:04 BRT [INFO   ]     P1 Bollinger 15m          +0/3 · BB neutro (52%)
2026-03-28 02:23:04 BRT [INFO   ]     P2 Candles 15m            +0/4 · Nenhum
2026-03-28 02:23:04 BRT [INFO   ]     P3 Funding Rate           +0/2 · -0.0081% (neutro)
2026-03-28 02:23:04 BRT [INFO   ]     P7 Filtro Pump/Dump       +0/0 · OK (-5.5%)
2026-03-28 02:23:04 BRT [INFO   ]     P8 Volume 15m             +0/2 · Volume fraco (0.9x < 1.2x)
2026-03-28 02:23:04 BRT [INFO   ]     P9 OI Crescente           +0/2 · OI estável (-0.1% vs média, 23.1M)
2026-03-28 02:23:04 BRT [DEBUG  ]     TradeParams SHORT: SL=0.45% | notional=$1122 | alav_margem=32.0x → cap=2x → alav=2.0x | margem=$560.83 ⚠️MARGEM $561>35 | risco=$5.00 | ganho=$10.00
2026-03-28 02:23:04 BRT [INFO   ]   📉 SHORT SUI: score=5/25 | entry=0.8758 | SL=0.45% | alav=2.0x ✅
2026-03-28 02:23:04 BRT [INFO   ]   ─ SHORT XLM: 15m=60 | 1H=60 | 4H=60
2026-03-28 02:23:04 BRT [DEBUG  ]     find_swing_points: fallback window=3 aplicado (window=5 insuficiente: 3H/5L → 3H/5L)
2026-03-28 02:23:04 BRT [DEBUG  ]     find_swing_points: fallback window=3 aplicado (window=5 insuficiente: 3H/5L → 3H/5L)
2026-03-28 02:23:04 BRT [DEBUG  ]     find_swing_points: fallback window=3 aplicado (window=5 insuficiente: 3H/5L → 3H/5L)
2026-03-28 02:23:04 BRT [INFO   ]   SCORE XLM [SHORT]: 6/25 | DQ=100% | klines: 15m=✅ 1H=✅ 4H=✅
2026-03-28 02:23:04 BRT [INFO   ]     Contexto 4H               +0/0 · SELL (contexto SHORT, não pontuado)
2026-03-28 02:23:04 BRT [INFO   ]     P4 Liquidez 4H            +3/3 ███ Resistência 4H 0.1688 (2.46% acima) | OB Bearish 4H (0.1616-0.1649) | Confluência Res+OB Bearish
2026-03-28 02:23:04 BRT [INFO   ]     P5 Figuras 4H             +0/2 · Sem figuras bearish claras no 4H
2026-03-28 02:23:04 BRT [INFO   ]     P6 CHOCH/BOS 4H           +0/3 · Sem estrutura bearish no 4H
2026-03-28 02:23:04 BRT [INFO   ]     P-1H Resistência 1H       +2/4 ██ Resistência 1H em 0.1686 (2.32% acima)
2026-03-28 02:23:04 BRT [INFO   ]     P1 Bollinger 15m          +0/3 · BB neutro (23%)
2026-03-28 02:23:04 BRT [INFO   ]     P2 Candles 15m            +0/4 · Nenhum
2026-03-28 02:23:04 BRT [INFO   ]     P3 Funding Rate           +0/2 · -0.0095% (neutro)
2026-03-28 02:23:04 BRT [INFO   ]     P7 Filtro Pump/Dump       +0/0 · OK (-5.9%)
2026-03-28 02:23:04 BRT [INFO   ]     P8 Volume 15m             +1/2 █ Volume adequado (1.7x média)
2026-03-28 02:23:04 BRT [INFO   ]     P9 OI Crescente           +0/2 · OI estável (-4.2% vs média, 7.7M)
2026-03-28 02:23:04 BRT [DEBUG  ]     TradeParams SHORT: SL=0.40% | notional=$1252 | alav_margem=35.8x → cap=2x → alav=2.0x | margem=$626.20 ⚠️MARGEM $626>35 | risco=$5.00 | ganho=$10.00
2026-03-28 02:23:04 BRT [INFO   ]   📉 SHORT XLM: score=6/25 | entry=0.1648 | SL=0.40% | alav=2.0x ✅
2026-03-28 02:23:04 BRT [INFO   ]   ─ SHORT ASTER: 15m=60 | 1H=60 | 4H=60
2026-03-28 02:23:04 BRT [INFO   ]   SCORE ASTER [SHORT]: 9/25 | DQ=100% | klines: 15m=✅ 1H=✅ 4H=✅
2026-03-28 02:23:04 BRT [INFO   ]     Contexto 4H               +0/0 · SELL (contexto SHORT, não pontuado)
2026-03-28 02:23:04 BRT [INFO   ]     P4 Liquidez 4H            +3/3 ███ Resistência 4H 0.6749 (2.16% acima) | OB Bearish 4H (0.6571-0.6682) | Confluência Res+OB Bearish
2026-03-28 02:23:04 BRT [INFO   ]     P5 Figuras 4H             +1/2 █ Cunha Ascendente (pullback bearish)
2026-03-28 02:23:04 BRT [INFO   ]     P6 CHOCH/BOS 4H           +3/3 ███ CHOCH Bearish 4H (reversão confirmada)
2026-03-28 02:23:04 BRT [INFO   ]     P-1H Resistência 1H       +2/4 ██ Resistência 1H em 0.6665 (0.89% acima)
2026-03-28 02:23:04 BRT [INFO   ]     P1 Bollinger 15m          +0/3 · BB neutro (52%)
2026-03-28 02:23:04 BRT [INFO   ]     P2 Candles 15m            +0/4 · Nenhum
2026-03-28 02:23:04 BRT [INFO   ]     P3 Funding Rate           +0/2 · -0.0128% (neutro)
2026-03-28 02:23:04 BRT [INFO   ]     P7 Filtro Pump/Dump       +0/0 · OK (-1.6%)
2026-03-28 02:23:04 BRT [INFO   ]     P8 Volume 15m             +0/2 · Volume fraco (1.1x < 1.2x)
2026-03-28 02:23:04 BRT [INFO   ]     P9 OI Crescente           +0/2 · OI estável (-2.0% vs média, 7.5M)
2026-03-28 02:23:04 BRT [DEBUG  ]     TradeParams SHORT: SL=0.31% | notional=$1638 | alav_margem=46.8x → cap=2x → alav=2.0x | margem=$818.96 ⚠️MARGEM $819>35 | risco=$5.00 | ganho=$10.00
2026-03-28 02:23:04 BRT [INFO   ]   📉 SHORT ASTER: score=9/25 | entry=0.6606 | SL=0.31% | alav=2.0x ✅
2026-03-28 02:23:04 BRT [INFO   ]   ─ SHORT APT: 15m=60 | 1H=60 | 4H=60
2026-03-28 02:23:04 BRT [DEBUG  ]     find_swing_points: fallback window=3 aplicado (window=5 insuficiente: 6H/4L → 6H/4L)
2026-03-28 02:23:04 BRT [DEBUG  ]     find_swing_points: fallback window=3 aplicado (window=5 insuficiente: 6H/4L → 6H/4L)
2026-03-28 02:23:04 BRT [DEBUG  ]     find_swing_points: fallback window=3 aplicado (window=5 insuficiente: 6H/4L → 6H/4L)
2026-03-28 02:23:04 BRT [DEBUG  ]     find_swing_points: fallback window=3 aplicado (window=5 insuficiente: 6H/5L → 6H/5L)
2026-03-28 02:23:04 BRT [DEBUG  ]   SCORE APT [SHORT]: 2/25 | DQ=100% (abaixo do radar)
2026-03-28 02:23:04 BRT [DEBUG  ]     TradeParams SHORT: SL=0.62% | notional=$801 | alav_margem=22.9x → cap=2x → alav=2.0x | margem=$400.30 ⚠️MARGEM $400>35 | risco=$5.00 | ganho=$10.00
2026-03-28 02:23:04 BRT [INFO   ]   📉 SHORT APT: score=2/25 | entry=0.9499 | SL=0.62% | alav=2.0x ✅
2026-03-28 02:23:04 BRT [INFO   ]   ─ SHORT UNI: 15m=60 | 1H=60 | 4H=60
2026-03-28 02:23:04 BRT [DEBUG  ]     find_swing_points: fallback window=3 aplicado (window=5 insuficiente: 4H/5L → 4H/5L)
2026-03-28 02:23:04 BRT [INFO   ]   SCORE UNI [SHORT]: 6/25 | DQ=100% | klines: 15m=✅ 1H=✅ 4H=✅
2026-03-28 02:23:04 BRT [INFO   ]     Contexto 4H               +0/0 · SELL (contexto SHORT, não pontuado)
2026-03-28 02:23:04 BRT [INFO   ]     P4 Liquidez 4H            +0/3 · Longe de resistências 4H
2026-03-28 02:23:04 BRT [INFO   ]     P5 Figuras 4H             +0/2 · Sem figuras bearish claras no 4H
2026-03-28 02:23:04 BRT [INFO   ]     P6 CHOCH/BOS 4H           +3/3 ███ CHOCH Bearish 4H (reversão confirmada)
2026-03-28 02:23:04 BRT [INFO   ]     P-1H Resistência 1H       +2/4 ██ Resistência 1H em 3.4470 (2.16% acima)
2026-03-28 02:23:04 BRT [INFO   ]     P1 Bollinger 15m          +0/3 · BB neutro (73%)
2026-03-28 02:23:04 BRT [INFO   ]     P2 Candles 15m            +0/4 · Nenhum
2026-03-28 02:23:04 BRT [INFO   ]     P3 Funding Rate           +0/2 · -0.0120% (neutro)
2026-03-28 02:23:04 BRT [INFO   ]     P7 Filtro Pump/Dump       +0/0 · OK (-4.2%)
2026-03-28 02:23:04 BRT [INFO   ]     P8 Volume 15m             +1/2 █ Volume adequado (1.2x média)
2026-03-28 02:23:04 BRT [INFO   ]     P9 OI Crescente           +0/2 · OI estável (+3.0% vs média, 12.2M)
2026-03-28 02:23:04 BRT [DEBUG  ]     TradeParams SHORT: SL=0.39% | notional=$1284 | alav_margem=36.7x → cap=2x → alav=2.0x | margem=$641.99 ⚠️MARGEM $642>35 | risco=$5.00 | ganho=$10.00
2026-03-28 02:23:04 BRT [INFO   ]   📉 SHORT UNI: score=6/25 | entry=3.3740 | SL=0.39% | alav=2.0x ✅
2026-03-28 02:23:04 BRT [INFO   ]   ─ SHORT LINK: 15m=60 | 1H=60 | 4H=60
2026-03-28 02:23:04 BRT [DEBUG  ]     find_swing_points: fallback window=3 aplicado (window=5 insuficiente: 6H/7L → 6H/7L)
2026-03-28 02:23:04 BRT [INFO   ]   SCORE LINK [SHORT]: 5/25 | DQ=100% | klines: 15m=✅ 1H=✅ 4H=✅
2026-03-28 02:23:04 BRT [INFO   ]     Contexto 4H               +0/0 · SELL (contexto SHORT, não pontuado)
2026-03-28 02:23:04 BRT [INFO   ]     P4 Liquidez 4H            +0/3 · Longe de resistências 4H
2026-03-28 02:23:04 BRT [INFO   ]     P5 Figuras 4H             +0/2 · Sem figuras bearish claras no 4H
2026-03-28 02:23:04 BRT [INFO   ]     P6 CHOCH/BOS 4H           +3/3 ███ CHOCH Bearish 4H (reversão confirmada)
2026-03-28 02:23:04 BRT [INFO   ]     P-1H Resistência 1H       +2/4 ██ Resistência 1H em 8.6770 (1.76% acima)
2026-03-28 02:23:04 BRT [INFO   ]     P1 Bollinger 15m          +0/3 · BB neutro (58%)
2026-03-28 02:23:04 BRT [INFO   ]     P2 Candles 15m            +0/4 · Nenhum
2026-03-28 02:23:04 BRT [INFO   ]     P3 Funding Rate           +0/2 · -0.0143% (neutro)
2026-03-28 02:23:04 BRT [INFO   ]     P7 Filtro Pump/Dump       +0/0 · OK (-4.3%)
2026-03-28 02:23:04 BRT [INFO   ]     P8 Volume 15m             +0/2 · Volume fraco (1.0x < 1.2x)
2026-03-28 02:23:04 BRT [INFO   ]     P9 OI Crescente           +0/2 · OI estável (+2.0% vs média, 22.2M)
2026-03-28 02:23:04 BRT [DEBUG  ]     TradeParams SHORT: SL=0.37% | notional=$1338 | alav_margem=38.2x → cap=2x → alav=2.0x | margem=$669.19 ⚠️MARGEM $669>35 | risco=$5.00 | ganho=$10.00
2026-03-28 02:23:04 BRT [INFO   ]   📉 SHORT LINK: score=5/25 | entry=8.5270 | SL=0.37% | alav=2.0x ✅
2026-03-28 02:23:04 BRT [INFO   ]   ─ SHORT AVAX: 15m=60 | 1H=60 | 4H=60
2026-03-28 02:23:04 BRT [DEBUG  ]     find_swing_points: fallback window=3 aplicado (window=5 insuficiente: 6H/5L → 6H/5L)
2026-03-28 02:23:04 BRT [INFO   ]   SCORE AVAX [SHORT]: 5/25 | DQ=100% | klines: 15m=✅ 1H=✅ 4H=✅
2026-03-28 02:23:04 BRT [INFO   ]     Contexto 4H               +0/0 · SELL (contexto SHORT, não pontuado)
2026-03-28 02:23:04 BRT [INFO   ]     P4 Liquidez 4H            +0/3 · Longe de resistências 4H
2026-03-28 02:23:04 BRT [INFO   ]     P5 Figuras 4H             +0/2 · Sem figuras bearish claras no 4H
2026-03-28 02:23:04 BRT [INFO   ]     P6 CHOCH/BOS 4H           +3/3 ███ CHOCH Bearish 4H (reversão confirmada)
2026-03-28 02:23:04 BRT [INFO   ]     P-1H Resistência 1H       +2/4 ██ Resistência 1H em 8.8780 (1.53% acima)
2026-03-28 02:23:04 BRT [INFO   ]     P1 Bollinger 15m          +0/3 · BB neutro (64%)
2026-03-28 02:23:04 BRT [INFO   ]     P2 Candles 15m            +0/4 · Nenhum
2026-03-28 02:23:04 BRT [INFO   ]     P3 Funding Rate           +0/2 · -0.0057% (neutro)
2026-03-28 02:23:04 BRT [INFO   ]     P7 Filtro Pump/Dump       +0/0 · OK (-3.5%)
2026-03-28 02:23:04 BRT [INFO   ]     P8 Volume 15m             +0/2 · Volume fraco (0.5x < 1.2x)
2026-03-28 02:23:04 BRT [INFO   ]     P9 OI Crescente           +0/2 · OI estável (+4.6% vs média, 19.8M)
2026-03-28 02:23:04 BRT [DEBUG  ]     TradeParams SHORT: SL=0.37% | notional=$1337 | alav_margem=38.2x → cap=2x → alav=2.0x | margem=$668.25 ⚠️MARGEM $668>35 | risco=$5.00 | ganho=$10.00
2026-03-28 02:23:04 BRT [INFO   ]   📉 SHORT AVAX: score=5/25 | entry=8.7440 | SL=0.37% | alav=2.0x ✅
2026-03-28 02:23:04 BRT [INFO   ]   ─ SHORT ICP: 15m=60 | 1H=60 | 4H=60
2026-03-28 02:23:04 BRT [DEBUG  ]     find_swing_points: fallback window=3 aplicado (window=5 insuficiente: 6H/4L → 6H/4L)
2026-03-28 02:23:04 BRT [INFO   ]   SCORE ICP [SHORT]: 6/25 | DQ=100% | klines: 15m=✅ 1H=✅ 4H=✅
2026-03-28 02:23:04 BRT [INFO   ]     Contexto 4H               +0/0 · SELL (contexto SHORT, não pontuado)
2026-03-28 02:23:04 BRT [INFO   ]     P4 Liquidez 4H            +0/3 · Longe de resistências 4H
2026-03-28 02:23:04 BRT [INFO   ]     P5 Figuras 4H             +1/2 █ Cunha Ascendente (pullback bearish)
2026-03-28 02:23:04 BRT [INFO   ]     P6 CHOCH/BOS 4H           +3/3 ███ CHOCH Bearish 4H (reversão confirmada)
2026-03-28 02:23:04 BRT [INFO   ]     P-1H Resistência 1H       +2/4 ██ Resistência 1H em 2.2330 (0.45% acima)
2026-03-28 02:23:04 BRT [INFO   ]     P1 Bollinger 15m          +0/3 · BB neutro (64%)
2026-03-28 02:23:04 BRT [INFO   ]     P2 Candles 15m            +0/4 · Nenhum
2026-03-28 02:23:04 BRT [INFO   ]     P3 Funding Rate           +0/2 · -0.0244% (neutro)
2026-03-28 02:23:04 BRT [INFO   ]     P7 Filtro Pump/Dump       +0/0 · OK (-3.8%)
2026-03-28 02:23:04 BRT [INFO   ]     P8 Volume 15m             +0/2 · Volume fraco (0.2x < 1.2x)
2026-03-28 02:23:04 BRT [INFO   ]     P9 OI Crescente           +0/2 · OI estável (-8.0% vs média, 6.0M)
2026-03-28 02:23:04 BRT [DEBUG  ]     TradeParams SHORT: SL=0.55% | notional=$902 | alav_margem=25.8x → cap=2x → alav=2.0x | margem=$451.00 ⚠️MARGEM $451>35 | risco=$5.00 | ganho=$10.00
2026-03-28 02:23:04 BRT [INFO   ]   📉 SHORT ICP: score=6/25 | entry=2.2230 | SL=0.55% | alav=2.0x ✅
2026-03-28 02:23:04 BRT [INFO   ] 
───────────────────────────────────────────────────────
2026-03-28 02:23:04 BRT [INFO   ]   ETAPA 4b — Análise leve LONG + SHORT (sem klines) [v6.3.0 A8]
2026-03-28 02:23:04 BRT [INFO   ] ───────────────────────────────────────────────────────
2026-03-28 02:23:04 BRT [DEBUG  ]   HYPE     score parcial SHORT=0/25 → Em Observação SHORT
2026-03-28 02:23:04 BRT [DEBUG  ]   ATOM     score parcial SHORT=0/25 → Em Observação SHORT
2026-03-28 02:23:04 BRT [INFO   ] 
───────────────────────────────────────────────────────
2026-03-28 02:23:04 BRT [INFO   ]   ETAPA 5 — Contexto de Mercado e Relatório Bidirecional
2026-03-28 02:23:04 BRT [INFO   ] ───────────────────────────────────────────────────────
2026-03-28 02:23:04 BRT [DEBUG  ]   🧹  Score history: 1 tokens removidos por TTL (25h): ['WLDUSDT']
2026-03-28 02:23:04 BRT [INFO   ]   📚  Score history: 36 tokens rastreados
2026-03-28 02:23:04 BRT [DEBUG  ]   Contexto: FGI=12 | BTC=NEUTRAL | LONG=CAUTELOSO (Medo Extremo)(thr=20) | SHORT=MODERADO (Medo Extremo — mercado bearish)(thr=16) | risk_score=0
2026-03-28 02:23:04 BRT [INFO   ]   BTC 4H: NEUTRAL | Thr LONG: 20 (CAUTELOSO (Medo Extremo)) | Thr SHORT: 16 (MODERADO (Medo Extremo — mercado bearish))
2026-03-28 02:23:04 BRT [INFO   ]   Results LONG: 0 | SHORT: 20 | Obs LONG: 0 | Obs SHORT: 2
2026-03-28 02:23:04 BRT [INFO   ] 
───────────────────────────────────────────────────────
2026-03-28 02:23:04 BRT [INFO   ]   ETAPA 6 — Notificações Telegram
2026-03-28 02:23:04 BRT [INFO   ] ───────────────────────────────────────────────────────
2026-03-28 02:23:04 BRT [INFO   ]   📲  Telegram heartbeat: enviado ✅
2026-03-28 02:23:04 BRT [INFO   ]   📲  Telegram: 1/1 mensagens enviadas (1 heartbeat + 0 QUASE + 0 call)
2026-03-28 02:23:04 BRT [INFO   ] ==========================================================
🎯 SETUP ATIRADOR v6.6.2
📅 28/03/2026 02:23 BRT
📋 Log: atirador_LOG_20260328_0222.log
==========================================================
📊 CONTEXTO DE MERCADO
   Fear & Greed: 12 | BTC 4H: NEUTRAL
   LONG:  CAUTELOSO (Medo Extremo) | Threshold: 20 pts
   SHORT: MODERADO (Medo Extremo — mercado bearish) | Threshold: 16 pts
   Risk Score: 0
==========================================================

💼 SIZING Risk-First [v6.6.2]
   Banca: $100.00 | Risco fixo/trade: $5.00 | Margem máx/trade: $35

🔍 PIPELINE
   Fonte de dados: OKX (perpetuals USDT)
   Universo: 301 tokens | Qualificados: 36
   Gate 4H: LONG=1 | SHORT=25
   Gate 1H: LONG=0 | SHORT=22
   Análise completa: LONG=0 | SHORT=20 | Obs: LONG=0 SHORT=2
   ✅  Candle 15m fechado (484s após fechamento, último: 02:15:00 BRT)

──────────────────────────────────────────────────────────
📈 OPERAÇÕES LONG
──────────────────────────────────────────────────────────
ℹ️  Nenhum alerta LONG forte (score ≥ 20) no momento.

──────────────────────────────────────────────────────────
📉 OPERAÇÕES SHORT
──────────────────────────────────────────────────────────
ℹ️  Nenhum alerta SHORT forte (score ≥ 16) no momento.
   Score máximo SHORT: 11/25 (faltam 5 pts)

🔎 RADAR SHORT — Score 5–15:
   ⚠️  Não operar — insuficiente. Monitorar.
   · HBAR | 11/25 | SELL 4H
   · ONDO | 9/25 | SELL 4H
   · LIT | 9/25 | STRONG_SELL 4H
   · ASTER | 9/25 | SELL 4H
   · DOT | 8/25 | SELL 4H

----------------------------------------------------------
⏱️  Execução: 58.6s | Analisados: 301 tokens
📁 Estado diário: /tmp/atirador_state.json
📋 Log completo: /tmp/atirador_logs/atirador_LOG_20260328_0222.log

2026-03-28 02:23:04 BRT [INFO   ] ✅ Scan v6.6.2 concluído em 58.6s | Fonte: OKX | Log: /tmp/atirador_logs/atirador_LOG_20260328_0222.log
