2026-03-26 07:14:29 BRT [INFO   ] 📋 Log iniciado: /tmp/atirador_logs/atirador_LOG_20260326_0714.log
2026-03-26 07:14:29 BRT [INFO   ] 🚀 Setup Atirador v6.6.2 | Arquitetura 3 Camadas (LONG+SHORT) | Iniciando scan...
2026-03-26 07:14:29 BRT [INFO   ] 
───────────────────────────────────────────────────────
2026-03-26 07:14:29 BRT [INFO   ]   ETAPA 1 — Tickers (Bybit/Bitget) + Fear & Greed
2026-03-26 07:14:29 BRT [INFO   ] ───────────────────────────────────────────────────────
2026-03-26 07:14:29 BRT [INFO   ] 📡 [v6.6.2] Iniciando busca de tickers — hierarquia OKX → Gate.io → Bitget
2026-03-26 07:14:29 BRT [INFO   ]    Filtros: vol≥$2.0M | OI≥$5M | timeout=8s/fonte
2026-03-26 07:14:29 BRT [INFO   ]    [Nota] Fonte ideal seria CoinGlass API (pago ~$35/mês) — ver docstring
2026-03-26 07:14:29 BRT [INFO   ]   📡  [OKX] Tentando com tickers + OI real...
2026-03-26 07:14:29 BRT [DEBUG  ]   📡  [OKX] Buscando tickers...
2026-03-26 07:14:29 BRT [DEBUG  ]      ✅ Tickers: 301 itens em 0.28s
2026-03-26 07:14:29 BRT [DEBUG  ]   📡  [OKX] Buscando Open Interest...
2026-03-26 07:14:29 BRT [DEBUG  ]      ✅ OI: 301 itens em 0.52s
2026-03-26 07:14:29 BRT [DEBUG  ]   📡  [OKX] Buscando Funding Rates reais...
2026-03-26 07:15:38 BRT [DEBUG  ]   📡  [OKX FR] Funding rates obtidos: 282/282 | erros: 0
2026-03-26 07:15:38 BRT [DEBUG  ]      ✅ FR: 282 tokens com funding rate em 69.33s
2026-03-26 07:15:38 BRT [DEBUG  ]      ✅ Mesclados: 301/301 com OI real em 69.33s
2026-03-26 07:15:38 BRT [INFO   ]   ✅  [OKX] Fonte ativa (com OI real) | 301 brutos → 40 qualificados
2026-03-26 07:15:38 BRT [INFO   ]   Fonte de dados: OKX | Universo: 301 brutos → 40 qualificados
2026-03-26 07:15:38 BRT [INFO   ]   Analisando todos os 40 tokens qualificados: ['PEPE', 'SHIB', 'PUMP', 'KAT', 'PIPPIN', 'DOGE', 'ADA', 'WLFI', 'XPL', 'BEAT']...
2026-03-26 07:15:38 BRT [DEBUG  ]   TV batch: 40 tokens (.P perpétuo) | cols: ['Recommend.All|240', 'RSI|240']
2026-03-26 07:15:38 BRT [DEBUG  ]   Buscando Fear & Greed Index...
2026-03-26 07:15:38 BRT [DEBUG  ]   ✅  TV batch BYBIT: 37/40 retornados | 0.05s
2026-03-26 07:15:38 BRT [WARNING]   ⚠️  TV BYBIT: 3 sem retorno: ['PEPEUSDT', 'SHIBUSDT', 'PUMPUSDT']
2026-03-26 07:15:38 BRT [INFO   ]   🔄  [v5.1] Tentando prefixo BITGET: para 3 tokens sem dados...
2026-03-26 07:15:38 BRT [INFO   ]   ✅  TV BITGET: recuperados 3: ['PEPEUSDT', 'SHIBUSDT', 'PUMPUSDT'] | 0.03s
2026-03-26 07:15:38 BRT [DEBUG  ]   GET https://api.alternative.me/fng/?limit=1
2026-03-26 07:15:38 BRT [DEBUG  ]       → HTTP 200 | 0.2KB | enc:gzip | 0.08s
2026-03-26 07:15:38 BRT [INFO   ]   📊 Fear & Greed: 10 (Extreme Fear)
2026-03-26 07:15:38 BRT [INFO   ] 
───────────────────────────────────────────────────────
2026-03-26 07:15:38 BRT [INFO   ]   GATE 1 — Direção 4H (LONG: não SELL | SHORT: não BUY)
2026-03-26 07:15:38 BRT [INFO   ] ───────────────────────────────────────────────────────
2026-03-26 07:15:38 BRT [DEBUG  ]   ❌  PEPE     4H=STRONG_SELL (val=-0.5576) RSI=44.4 — LONG REJEITADO
2026-03-26 07:15:38 BRT [DEBUG  ]   📉  PEPE     4H=STRONG_SELL (val=-0.5576) RSI=44.4 — SHORT CANDIDATO
2026-03-26 07:15:38 BRT [DEBUG  ]   ❌  SHIB     4H=SELL (val=-0.4242) RSI=42.7 — LONG REJEITADO
2026-03-26 07:15:38 BRT [DEBUG  ]   📉  SHIB     4H=SELL (val=-0.4242) RSI=42.7 — SHORT CANDIDATO
2026-03-26 07:15:38 BRT [DEBUG  ]   ❌  PUMP     4H=SELL (val=-0.4667) RSI=40.8 — LONG REJEITADO
2026-03-26 07:15:38 BRT [DEBUG  ]   📉  PUMP     4H=SELL (val=-0.4667) RSI=40.8 — SHORT CANDIDATO
2026-03-26 07:15:38 BRT [DEBUG  ]   ✅  KAT      4H=STRONG_BUY (val=0.5524) RSI=72.6 — LONG PASSOU
2026-03-26 07:15:38 BRT [DEBUG  ]   ❌  PIPPIN   4H=SELL (val=-0.4000) RSI=32.9 — LONG REJEITADO
2026-03-26 07:15:38 BRT [DEBUG  ]   📉  PIPPIN   4H=SELL (val=-0.4000) RSI=32.9 — SHORT CANDIDATO
2026-03-26 07:15:38 BRT [DEBUG  ]   ❌  DOGE     4H=STRONG_SELL (val=-0.6030) RSI=38.6 — LONG REJEITADO
2026-03-26 07:15:38 BRT [DEBUG  ]   📉  DOGE     4H=STRONG_SELL (val=-0.6030) RSI=38.6 — SHORT CANDIDATO
2026-03-26 07:15:38 BRT [DEBUG  ]   ❌  ADA      4H=STRONG_SELL (val=-0.5576) RSI=39.2 — LONG REJEITADO
2026-03-26 07:15:38 BRT [DEBUG  ]   📉  ADA      4H=STRONG_SELL (val=-0.5576) RSI=39.2 — SHORT CANDIDATO
2026-03-26 07:15:38 BRT [DEBUG  ]   ❌  WLFI     4H=SELL (val=-0.4000) RSI=43.9 — LONG REJEITADO
2026-03-26 07:15:38 BRT [DEBUG  ]   📉  WLFI     4H=SELL (val=-0.4000) RSI=43.9 — SHORT CANDIDATO
2026-03-26 07:15:38 BRT [DEBUG  ]   ❌  XPL      4H=STRONG_SELL (val=-0.5121) RSI=43.3 — LONG REJEITADO
2026-03-26 07:15:38 BRT [DEBUG  ]   📉  XPL      4H=STRONG_SELL (val=-0.5121) RSI=43.3 — SHORT CANDIDATO
2026-03-26 07:15:38 BRT [DEBUG  ]   ❌  BEAT     4H=SELL (val=-0.2000) RSI=37.7 — LONG REJEITADO
2026-03-26 07:15:38 BRT [DEBUG  ]   📉  BEAT     4H=SELL (val=-0.2000) RSI=37.7 — SHORT CANDIDATO
2026-03-26 07:15:38 BRT [DEBUG  ]   ❌  XRP      4H=STRONG_SELL (val=-0.5576) RSI=36.5 — LONG REJEITADO
2026-03-26 07:15:38 BRT [DEBUG  ]   📉  XRP      4H=STRONG_SELL (val=-0.5576) RSI=36.5 — SHORT CANDIDATO
2026-03-26 07:15:38 BRT [DEBUG  ]   ❌  WLD      4H=STRONG_SELL (val=-0.6030) RSI=35.9 — LONG REJEITADO
2026-03-26 07:15:38 BRT [DEBUG  ]   📉  WLD      4H=STRONG_SELL (val=-0.6030) RSI=35.9 — SHORT CANDIDATO
2026-03-26 07:15:38 BRT [DEBUG  ]   ❌  OP       4H=STRONG_SELL (val=-0.6030) RSI=31.2 — LONG REJEITADO
2026-03-26 07:15:38 BRT [DEBUG  ]   📉  OP       4H=STRONG_SELL (val=-0.6030) RSI=31.2 — SHORT CANDIDATO
2026-03-26 07:15:38 BRT [DEBUG  ]   ❌  CRV      4H=SELL (val=-0.3758) RSI=41.0 — LONG REJEITADO
2026-03-26 07:15:38 BRT [DEBUG  ]   📉  CRV      4H=SELL (val=-0.3758) RSI=41.0 — SHORT CANDIDATO
2026-03-26 07:15:38 BRT [DEBUG  ]   ❌  ARB      4H=STRONG_SELL (val=-0.5576) RSI=35.6 — LONG REJEITADO
2026-03-26 07:15:38 BRT [DEBUG  ]   📉  ARB      4H=STRONG_SELL (val=-0.5576) RSI=35.6 — SHORT CANDIDATO
2026-03-26 07:15:38 BRT [DEBUG  ]   ✅  XLM      4H=BUY (val=0.2667) RSI=54.8 — LONG PASSOU
2026-03-26 07:15:38 BRT [DEBUG  ]   ❌  HBAR     4H=STRONG_SELL (val=-0.5576) RSI=37.7 — LONG REJEITADO
2026-03-26 07:15:38 BRT [DEBUG  ]   📉  HBAR     4H=STRONG_SELL (val=-0.5576) RSI=37.7 — SHORT CANDIDATO
2026-03-26 07:15:38 BRT [DEBUG  ]   ❌  POL      4H=STRONG_SELL (val=-0.5121) RSI=45.2 — LONG REJEITADO
2026-03-26 07:15:38 BRT [DEBUG  ]   📉  POL      4H=STRONG_SELL (val=-0.5121) RSI=45.2 — SHORT CANDIDATO
2026-03-26 07:15:38 BRT [DEBUG  ]   ✅  TRX      4H=BUY (val=0.2667) RSI=52.1 — LONG PASSOU
2026-03-26 07:15:38 BRT [DEBUG  ]   ❌  ONDO     4H=SELL (val=-0.4455) RSI=47.9 — LONG REJEITADO
2026-03-26 07:15:38 BRT [DEBUG  ]   📉  ONDO     4H=SELL (val=-0.4455) RSI=47.9 — SHORT CANDIDATO
2026-03-26 07:15:38 BRT [DEBUG  ]   ❌  SUI      4H=STRONG_SELL (val=-0.5576) RSI=40.5 — LONG REJEITADO
2026-03-26 07:15:38 BRT [DEBUG  ]   📉  SUI      4H=STRONG_SELL (val=-0.5576) RSI=40.5 — SHORT CANDIDATO
2026-03-26 07:15:38 BRT [DEBUG  ]   ❌  FIL      4H=STRONG_SELL (val=-0.5576) RSI=41.5 — LONG REJEITADO
2026-03-26 07:15:38 BRT [DEBUG  ]   📉  FIL      4H=STRONG_SELL (val=-0.5576) RSI=41.5 — SHORT CANDIDATO
2026-03-26 07:15:38 BRT [DEBUG  ]   ❌  ASTER    4H=SELL (val=-0.4667) RSI=42.0 — LONG REJEITADO
2026-03-26 07:15:38 BRT [DEBUG  ]   📉  ASTER    4H=SELL (val=-0.4667) RSI=42.0 — SHORT CANDIDATO
2026-03-26 07:15:38 BRT [DEBUG  ]   ❌  DOT      4H=STRONG_SELL (val=-0.6030) RSI=24.4 — LONG REJEITADO
2026-03-26 07:15:38 BRT [DEBUG  ]   ⛔  DOT      4H=STRONG_SELL RSI=24.4 — SHORT REJEITADO (RSI<30, exausto)
2026-03-26 07:15:38 BRT [DEBUG  ]   ❌  IP       4H=SELL (val=-0.4667) RSI=31.4 — LONG REJEITADO
2026-03-26 07:15:38 BRT [DEBUG  ]   📉  IP       4H=SELL (val=-0.4667) RSI=31.4 — SHORT CANDIDATO
2026-03-26 07:15:38 BRT [DEBUG  ]   ❌  TRUMP    4H=SELL (val=-0.4667) RSI=32.6 — LONG REJEITADO
2026-03-26 07:15:38 BRT [DEBUG  ]   📉  TRUMP    4H=SELL (val=-0.4667) RSI=32.6 — SHORT CANDIDATO
2026-03-26 07:15:38 BRT [DEBUG  ]   ❌  NEAR     4H=STRONG_SELL (val=-0.6030) RSI=30.6 — LONG REJEITADO
2026-03-26 07:15:38 BRT [DEBUG  ]   📉  NEAR     4H=STRONG_SELL (val=-0.6030) RSI=30.6 — SHORT CANDIDATO
2026-03-26 07:15:38 BRT [DEBUG  ]   ❌  RIVER    4H=SELL (val=-0.3333) RSI=35.4 — LONG REJEITADO
2026-03-26 07:15:38 BRT [DEBUG  ]   📉  RIVER    4H=SELL (val=-0.3333) RSI=35.4 — SHORT CANDIDATO
2026-03-26 07:15:38 BRT [DEBUG  ]   ✅  APT      4H=NEUTRAL (val=0.0212) RSI=49.6 — LONG PASSOU
2026-03-26 07:15:38 BRT [DEBUG  ]   ❌  SOL      4H=SELL (val=-0.4000) RSI=41.1 — LONG REJEITADO
2026-03-26 07:15:38 BRT [DEBUG  ]   📉  SOL      4H=SELL (val=-0.4000) RSI=41.1 — SHORT CANDIDATO
2026-03-26 07:15:38 BRT [DEBUG  ]   ❌  UNI      4H=SELL (val=-0.4667) RSI=42.1 — LONG REJEITADO
2026-03-26 07:15:38 BRT [DEBUG  ]   📉  UNI      4H=SELL (val=-0.4667) RSI=42.1 — SHORT CANDIDATO
2026-03-26 07:15:38 BRT [DEBUG  ]   ❌  LIT      4H=STRONG_SELL (val=-0.5121) RSI=40.2 — LONG REJEITADO
2026-03-26 07:15:38 BRT [DEBUG  ]   📉  LIT      4H=STRONG_SELL (val=-0.5121) RSI=40.2 — SHORT CANDIDATO
2026-03-26 07:15:38 BRT [DEBUG  ]   ❌  LINK     4H=STRONG_SELL (val=-0.5576) RSI=40.6 — LONG REJEITADO
2026-03-26 07:15:38 BRT [DEBUG  ]   📉  LINK     4H=STRONG_SELL (val=-0.5576) RSI=40.6 — SHORT CANDIDATO
2026-03-26 07:15:38 BRT [DEBUG  ]   ❌  ETH      4H=SELL (val=-0.4909) RSI=37.6 — LONG REJEITADO
2026-03-26 07:15:38 BRT [DEBUG  ]   📉  ETH      4H=SELL (val=-0.4909) RSI=37.6 — SHORT CANDIDATO
2026-03-26 07:15:38 BRT [DEBUG  ]   ❌  ZRO      4H=SELL (val=-0.4242) RSI=40.5 — LONG REJEITADO
2026-03-26 07:15:38 BRT [DEBUG  ]   📉  ZRO      4H=SELL (val=-0.4242) RSI=40.5 — SHORT CANDIDATO
2026-03-26 07:15:38 BRT [DEBUG  ]   ❌  TON      4H=SELL (val=-0.3333) RSI=46.0 — LONG REJEITADO
2026-03-26 07:15:38 BRT [DEBUG  ]   📉  TON      4H=SELL (val=-0.3333) RSI=46.0 — SHORT CANDIDATO
2026-03-26 07:15:38 BRT [DEBUG  ]   ❌  ATOM     4H=STRONG_SELL (val=-0.5121) RSI=33.5 — LONG REJEITADO
2026-03-26 07:15:38 BRT [DEBUG  ]   📉  ATOM     4H=STRONG_SELL (val=-0.5121) RSI=33.5 — SHORT CANDIDATO
2026-03-26 07:15:38 BRT [DEBUG  ]   ✅  HYPE     4H=NEUTRAL (val=-0.0909) RSI=47.3 — LONG PASSOU
2026-03-26 07:15:38 BRT [DEBUG  ]   ❌  ICP      4H=STRONG_SELL (val=-0.6030) RSI=33.7 — LONG REJEITADO
2026-03-26 07:15:38 BRT [DEBUG  ]   📉  ICP      4H=STRONG_SELL (val=-0.6030) RSI=33.7 — SHORT CANDIDATO
2026-03-26 07:15:38 BRT [DEBUG  ]   ❌  AVAX     4H=STRONG_SELL (val=-0.6030) RSI=38.4 — LONG REJEITADO
2026-03-26 07:15:38 BRT [DEBUG  ]   📉  AVAX     4H=STRONG_SELL (val=-0.6030) RSI=38.4 — SHORT CANDIDATO
2026-03-26 07:15:38 BRT [INFO   ]   Gate 4H: LONG=5 | SHORT=34 | sem dados TV=0 | universo=40
2026-03-26 07:15:38 BRT [INFO   ] 
───────────────────────────────────────────────────────
2026-03-26 07:15:38 BRT [INFO   ]   GATE 2 — Estrutura 1H (LONG: BUY+ | SHORT: SELL+)
2026-03-26 07:15:38 BRT [INFO   ] ───────────────────────────────────────────────────────
2026-03-26 07:15:38 BRT [DEBUG  ]   TV batch: 39 tokens (.P perpétuo) | cols: ['Recommend.All|60']
2026-03-26 07:15:38 BRT [DEBUG  ]   ✅  TV batch BYBIT: 36/39 retornados | 0.03s
2026-03-26 07:15:38 BRT [WARNING]   ⚠️  TV BYBIT: 3 sem retorno: ['PEPEUSDT', 'SHIBUSDT', 'PUMPUSDT']
2026-03-26 07:15:38 BRT [INFO   ]   🔄  [v5.1] Tentando prefixo BITGET: para 3 tokens sem dados...
2026-03-26 07:15:38 BRT [INFO   ]   ✅  TV BITGET: recuperados 3: ['PEPEUSDT', 'SHIBUSDT', 'PUMPUSDT'] | 0.03s
2026-03-26 07:15:38 BRT [DEBUG  ]   ✅  KAT      1H=BUY (val=0.4909) — LONG PASSOU
2026-03-26 07:15:38 BRT [DEBUG  ]   ❌  XLM      1H=SELL (val=-0.2909) — LONG REJEITADO
2026-03-26 07:15:38 BRT [DEBUG  ]   ❌  TRX      1H=SELL (val=-0.1788) — LONG REJEITADO
2026-03-26 07:15:38 BRT [DEBUG  ]   ❌  APT      1H=SELL (val=-0.3576) — LONG REJEITADO
2026-03-26 07:15:38 BRT [DEBUG  ]   ❌  HYPE     1H=SELL (val=-0.2667) — LONG REJEITADO
2026-03-26 07:15:38 BRT [DEBUG  ]   📉  PEPE     1H=SELL (val=-0.3545) — SHORT PASSOU
2026-03-26 07:15:38 BRT [DEBUG  ]   📉  SHIB     1H=SELL (val=-0.3545) — SHORT PASSOU
2026-03-26 07:15:38 BRT [DEBUG  ]   📉  PUMP     1H=SELL (val=-0.4455) — SHORT PASSOU
2026-03-26 07:15:38 BRT [DEBUG  ]   📉  PIPPIN   1H=SELL (val=-0.2455) — SHORT PASSOU
2026-03-26 07:15:38 BRT [DEBUG  ]   📉  DOGE     1H=SELL (val=-0.4000) — SHORT PASSOU
2026-03-26 07:15:38 BRT [DEBUG  ]   📉  ADA      1H=SELL (val=-0.4000) — SHORT PASSOU
2026-03-26 07:15:38 BRT [DEBUG  ]   📉  WLFI     1H=SELL (val=-0.3788) — SHORT PASSOU
2026-03-26 07:15:38 BRT [DEBUG  ]   📉  XPL      1H=STRONG_SELL (val=-0.5576) — SHORT PASSOU
2026-03-26 07:15:38 BRT [DEBUG  ]   📉  BEAT     1H=SELL (val=-0.4455) — SHORT PASSOU
2026-03-26 07:15:38 BRT [DEBUG  ]   📉  XRP      1H=STRONG_SELL (val=-0.5576) — SHORT PASSOU
2026-03-26 07:15:38 BRT [DEBUG  ]   📉  WLD      1H=SELL (val=-0.4000) — SHORT PASSOU
2026-03-26 07:15:38 BRT [DEBUG  ]   📉  OP       1H=SELL (val=-0.4909) — SHORT PASSOU
2026-03-26 07:15:38 BRT [DEBUG  ]   📉  CRV      1H=STRONG_SELL (val=-0.5576) — SHORT PASSOU
2026-03-26 07:15:38 BRT [DEBUG  ]   📉  ARB      1H=SELL (val=-0.4000) — SHORT PASSOU
2026-03-26 07:15:38 BRT [DEBUG  ]   📉  HBAR     1H=STRONG_SELL (val=-0.5576) — SHORT PASSOU
2026-03-26 07:15:38 BRT [DEBUG  ]   📉  POL      1H=SELL (val=-0.4212) — SHORT PASSOU
2026-03-26 07:15:38 BRT [DEBUG  ]   📉  ONDO     1H=SELL (val=-0.4697) — SHORT PASSOU
2026-03-26 07:15:38 BRT [DEBUG  ]   📉  SUI      1H=STRONG_SELL (val=-0.5576) — SHORT PASSOU
2026-03-26 07:15:38 BRT [DEBUG  ]   📉  FIL      1H=STRONG_SELL (val=-0.6030) — SHORT PASSOU
2026-03-26 07:15:38 BRT [DEBUG  ]   📉  ASTER    1H=SELL (val=-0.4212) — SHORT PASSOU
2026-03-26 07:15:38 BRT [DEBUG  ]   📉  IP       1H=STRONG_SELL (val=-0.5576) — SHORT PASSOU
2026-03-26 07:15:38 BRT [DEBUG  ]   📉  TRUMP    1H=SELL (val=-0.3545) — SHORT PASSOU
2026-03-26 07:15:38 BRT [DEBUG  ]   📉  NEAR     1H=SELL (val=-0.3545) — SHORT PASSOU
2026-03-26 07:15:38 BRT [DEBUG  ]   📉  RIVER    1H=SELL (val=-0.3545) — SHORT PASSOU
2026-03-26 07:15:38 BRT [DEBUG  ]   📉  SOL      1H=SELL (val=-0.4455) — SHORT PASSOU
2026-03-26 07:15:38 BRT [DEBUG  ]   📉  UNI      1H=SELL (val=-0.4667) — SHORT PASSOU
2026-03-26 07:15:38 BRT [DEBUG  ]   📉  LIT      1H=SELL (val=-0.4000) — SHORT PASSOU
2026-03-26 07:15:38 BRT [DEBUG  ]   📉  LINK     1H=STRONG_SELL (val=-0.5576) — SHORT PASSOU
2026-03-26 07:15:38 BRT [DEBUG  ]   📉  ETH      1H=STRONG_SELL (val=-0.5576) — SHORT PASSOU
2026-03-26 07:15:38 BRT [DEBUG  ]   📉  ZRO      1H=SELL (val=-0.4909) — SHORT PASSOU
2026-03-26 07:15:38 BRT [DEBUG  ]   📉  TON      1H=SELL (val=-0.4000) — SHORT PASSOU
2026-03-26 07:15:38 BRT [DEBUG  ]   📉  ATOM     1H=STRONG_SELL (val=-0.6030) — SHORT PASSOU
2026-03-26 07:15:38 BRT [DEBUG  ]   📉  ICP      1H=STRONG_SELL (val=-0.5576) — SHORT PASSOU
2026-03-26 07:15:38 BRT [DEBUG  ]   📉  AVAX     1H=STRONG_SELL (val=-0.6030) — SHORT PASSOU
2026-03-26 07:15:38 BRT [INFO   ]   Gate 1H: LONG=1 | SHORT=34 | rejeitados=4
2026-03-26 07:15:38 BRT [INFO   ] 
───────────────────────────────────────────────────────
2026-03-26 07:15:38 BRT [INFO   ]   ETAPA 3 — Indicadores 15m (TradingView) — LONG + SHORT [v6.4.1]
2026-03-26 07:15:38 BRT [INFO   ] ───────────────────────────────────────────────────────
2026-03-26 07:15:38 BRT [DEBUG  ]   TV batch: 35 tokens (.P perpétuo) | cols: ['BB.upper|15', 'BB.lower|15', 'ATR|15']
2026-03-26 07:15:38 BRT [DEBUG  ]   ✅  TV batch BYBIT: 32/35 retornados | 0.03s
2026-03-26 07:15:38 BRT [WARNING]   ⚠️  TV BYBIT: 3 sem retorno: ['PEPEUSDT', 'SHIBUSDT', 'PUMPUSDT']
2026-03-26 07:15:38 BRT [INFO   ]   🔄  [v5.1] Tentando prefixo BITGET: para 3 tokens sem dados...
2026-03-26 07:15:38 BRT [INFO   ]   ✅  TV BITGET: recuperados 3: ['PEPEUSDT', 'SHIBUSDT', 'PUMPUSDT'] | 0.03s
2026-03-26 07:15:38 BRT [DEBUG  ]   TV batch: 35 tokens (.P perpétuo) | cols: ['Candle.Engulfing.Bullish|15', 'Candle.Hammer|15', 'Candle.MorningStar|15', 'Candle.3WhiteSoldiers|15', 'Candle.Harami.Bullish|15', 'Candle.Doji.Dragonfly|15', 'Candle.Engulfing.Bearish|15', 'Candle.ShootingStar|15', 'Candle.EveningStar|15', 'Candle.3BlackCrows|15', 'Candle.Harami.Bearish|15']
2026-03-26 07:15:38 BRT [DEBUG  ]   ✅  TV batch BYBIT: 32/35 retornados | 0.03s
2026-03-26 07:15:38 BRT [WARNING]   ⚠️  TV BYBIT: 3 sem retorno: ['PEPEUSDT', 'SHIBUSDT', 'PUMPUSDT']
2026-03-26 07:15:38 BRT [INFO   ]   🔄  [v5.1] Tentando prefixo BITGET: para 3 tokens sem dados...
2026-03-26 07:15:38 BRT [INFO   ]   ✅  TV BITGET: recuperados 3: ['PEPEUSDT', 'SHIBUSDT', 'PUMPUSDT'] | 0.03s
2026-03-26 07:15:38 BRT [INFO   ]   TV 15m: tech=35/35 | candles=35/35
2026-03-26 07:15:38 BRT [DEBUG  ]   KAT      ATR=0.0007 | BB_lower=0.0099 | BB_upper=0.0174 | FR=-0.01500
2026-03-26 07:15:38 BRT [DEBUG  ]   PEPE     ATR=0.0000 | BB_lower=0.0000 | BB_upper=0.0000 | FR=-0.00007
2026-03-26 07:15:38 BRT [DEBUG  ]   SHIB     ATR=0.0000 | BB_lower=0.0000 | BB_upper=0.0000 | FR=0.00003
2026-03-26 07:15:38 BRT [DEBUG  ]   PUMP     ATR=0.0000 | BB_lower=0.0018 | BB_upper=0.0018 | FR=0.00005
2026-03-26 07:15:38 BRT [DEBUG  ]   PIPPIN   ATR=0.0019 | BB_lower=0.0547 | BB_upper=0.0594 | FR=0.00055
2026-03-26 07:15:38 BRT [DEBUG  ]   DOGE     ATR=0.0003 | BB_lower=0.0913 | BB_upper=0.0932 | FR=-0.00008
2026-03-26 07:15:38 BRT [DEBUG  ]   ADA      ATR=0.0011 | BB_lower=0.2568 | BB_upper=0.2640 | FR=-0.00001
2026-03-26 07:15:38 BRT [DEBUG  ]   WLFI     ATR=0.0005 | BB_lower=0.0978 | BB_upper=0.1006 | FR=-0.00003
2026-03-26 07:15:38 BRT [DEBUG  ]   XPL      ATR=0.0007 | BB_lower=0.0953 | BB_upper=0.0993 | FR=0.00005
2026-03-26 07:15:38 BRT [DEBUG  ]   BEAT     ATR=0.0159 | BB_lower=0.5328 | BB_upper=0.6472 | FR=0.00060
2026-03-26 07:15:38 BRT [DEBUG  ]   XRP      ATR=0.0043 | BB_lower=1.3684 | BB_upper=1.3942 | FR=-0.00008
2026-03-26 07:15:38 BRT [DEBUG  ]   WLD      ATR=0.0020 | BB_lower=0.3027 | BB_upper=0.3093 | FR=-0.00016
2026-03-26 07:15:38 BRT [DEBUG  ]   OP       ATR=0.0006 | BB_lower=0.1078 | BB_upper=0.1112 | FR=-0.00018
2026-03-26 07:15:38 BRT [DEBUG  ]   CRV      ATR=0.0012 | BB_lower=0.2216 | BB_upper=0.2267 | FR=0.00010
2026-03-26 07:15:38 BRT [DEBUG  ]   ARB      ATR=0.0004 | BB_lower=0.0936 | BB_upper=0.0959 | FR=0.00000
2026-03-26 07:15:38 BRT [DEBUG  ]   HBAR     ATR=0.0003 | BB_lower=0.0907 | BB_upper=0.0926 | FR=-0.00033
2026-03-26 07:15:38 BRT [DEBUG  ]   POL      ATR=0.0003 | BB_lower=0.0949 | BB_upper=0.0965 | FR=-0.00004
2026-03-26 07:15:38 BRT [DEBUG  ]   ONDO     ATR=0.0020 | BB_lower=0.2550 | BB_upper=0.2657 | FR=0.00005
2026-03-26 07:15:38 BRT [DEBUG  ]   SUI      ATR=0.0039 | BB_lower=0.9251 | BB_upper=0.9463 | FR=-0.00007
2026-03-26 07:15:38 BRT [DEBUG  ]   FIL      ATR=0.0041 | BB_lower=0.8890 | BB_upper=0.9101 | FR=-0.00001
2026-03-26 07:15:38 BRT [DEBUG  ]   ASTER    ATR=0.0018 | BB_lower=0.6578 | BB_upper=0.6625 | FR=0.00005
2026-03-26 07:15:38 BRT [DEBUG  ]   IP       ATR=0.0042 | BB_lower=0.6197 | BB_upper=0.6493 | FR=-0.00056
2026-03-26 07:15:38 BRT [DEBUG  ]   TRUMP    ATR=0.0147 | BB_lower=3.1133 | BB_upper=3.1557 | FR=-0.00020
2026-03-26 07:15:38 BRT [DEBUG  ]   NEAR     ATR=0.0049 | BB_lower=1.2195 | BB_upper=1.2399 | FR=0.00010
2026-03-26 07:15:38 BRT [DEBUG  ]   RIVER    ATR=0.3269 | BB_lower=19.7247 | BB_upper=22.1157 | FR=-0.00081
2026-03-26 07:15:38 BRT [DEBUG  ]   SOL      ATR=0.3509 | BB_lower=87.9028 | BB_upper=89.6052 | FR=-0.00015
2026-03-26 07:15:38 BRT [DEBUG  ]   UNI      ATR=0.0155 | BB_lower=3.5482 | BB_upper=3.6371 | FR=-0.00009
2026-03-26 07:15:38 BRT [DEBUG  ]   LIT      ATR=0.0053 | BB_lower=0.9478 | BB_upper=0.9654 | FR=0.00005
2026-03-26 07:15:38 BRT [DEBUG  ]   LINK     ATR=0.0355 | BB_lower=8.9478 | BB_upper=9.1733 | FR=-0.00003
2026-03-26 07:15:38 BRT [DEBUG  ]   ETH      ATR=9.0333 | BB_lower=2078.4697 | BB_upper=2143.5973 | FR=0.00010
2026-03-26 07:15:38 BRT [DEBUG  ]   ZRO      ATR=0.0131 | BB_lower=2.0122 | BB_upper=2.0992 | FR=0.00005
2026-03-26 07:15:38 BRT [DEBUG  ]   TON      ATR=0.0038 | BB_lower=1.2955 | BB_upper=1.3132 | FR=0.00001
2026-03-26 07:15:38 BRT [DEBUG  ]   ATOM     ATR=0.0056 | BB_lower=1.7108 | BB_upper=1.7276 | FR=-0.00021
2026-03-26 07:15:38 BRT [DEBUG  ]   ICP      ATR=0.0105 | BB_lower=2.3054 | BB_upper=2.3653 | FR=-0.00000
2026-03-26 07:15:38 BRT [DEBUG  ]   AVAX     ATR=0.0344 | BB_lower=9.2533 | BB_upper=9.5202 | FR=-0.00006
2026-03-26 07:15:38 BRT [INFO   ] 
───────────────────────────────────────────────────────
2026-03-26 07:15:38 BRT [INFO   ]   ETAPA 3b — Score parcial (sem klines, para ordenação)
2026-03-26 07:15:38 BRT [INFO   ] ───────────────────────────────────────────────────────
2026-03-26 07:15:38 BRT [DEBUG  ]   KAT      score parcial LONG: 0/25 [FR=-1.5000% BB=0.0099–0.0174]
2026-03-26 07:15:38 BRT [DEBUG  ]   PEPE     score parcial SHORT: 0/25 [FR=-0.0067% BB=0.0000–0.0000]
2026-03-26 07:15:38 BRT [DEBUG  ]   SHIB     score parcial SHORT: 1/25 [FR=0.0030% BB=0.0000–0.0000]
2026-03-26 07:15:38 BRT [DEBUG  ]   PUMP     score parcial SHORT: 4/25 [FR=0.0050% BB=0.0018–0.0018]
2026-03-26 07:15:38 BRT [DEBUG  ]   PIPPIN   score parcial SHORT: 0/25 [FR=0.0547% BB=0.0547–0.0594]
2026-03-26 07:15:38 BRT [DEBUG  ]   DOGE     score parcial SHORT: 0/25 [FR=-0.0084% BB=0.0913–0.0932]
2026-03-26 07:15:38 BRT [DEBUG  ]   ADA      score parcial SHORT: 0/25 [FR=-0.0008% BB=0.2568–0.2640]
2026-03-26 07:15:38 BRT [DEBUG  ]   WLFI     score parcial SHORT: 0/25 [FR=-0.0030% BB=0.0978–0.1006]
2026-03-26 07:15:38 BRT [DEBUG  ]   XPL      score parcial SHORT: 4/25 [FR=0.0050% BB=0.0953–0.0993]
2026-03-26 07:15:38 BRT [DEBUG  ]   BEAT     score parcial SHORT: 2/25 [FR=0.0598% BB=0.5328–0.6472]
2026-03-26 07:15:38 BRT [DEBUG  ]   XRP      score parcial SHORT: 0/25 [FR=-0.0077% BB=1.3684–1.3942]
2026-03-26 07:15:38 BRT [DEBUG  ]   WLD      score parcial SHORT: 0/25 [FR=-0.0155% BB=0.3027–0.3093]
2026-03-26 07:15:38 BRT [DEBUG  ]   OP       score parcial SHORT: 0/25 [FR=-0.0176% BB=0.1078–0.1112]
2026-03-26 07:15:38 BRT [DEBUG  ]   CRV      score parcial SHORT: 4/25 [FR=0.0100% BB=0.2216–0.2267]
2026-03-26 07:15:38 BRT [DEBUG  ]   ARB      score parcial SHORT: 1/25 [FR=0.0004% BB=0.0936–0.0959]
2026-03-26 07:15:38 BRT [DEBUG  ]   HBAR     score parcial SHORT: 0/25 [FR=-0.0326% BB=0.0907–0.0926]
2026-03-26 07:15:38 BRT [DEBUG  ]   POL      score parcial SHORT: 3/25 [FR=-0.0036% BB=0.0949–0.0965]
2026-03-26 07:15:38 BRT [DEBUG  ]   ONDO     score parcial SHORT: 1/25 [FR=0.0050% BB=0.2550–0.2657]
2026-03-26 07:15:38 BRT [DEBUG  ]   SUI      score parcial SHORT: 3/25 [FR=-0.0073% BB=0.9251–0.9463]
2026-03-26 07:15:38 BRT [DEBUG  ]   FIL      score parcial SHORT: 3/25 [FR=-0.0014% BB=0.8890–0.9101]
2026-03-26 07:15:38 BRT [DEBUG  ]   ASTER    score parcial SHORT: 1/25 [FR=0.0047% BB=0.6578–0.6625]
2026-03-26 07:15:38 BRT [DEBUG  ]   IP       score parcial SHORT: 2/25 [FR=-0.0559% BB=0.6197–0.6493]
2026-03-26 07:15:38 BRT [DEBUG  ]   TRUMP    score parcial SHORT: 0/25 [FR=-0.0196% BB=3.1133–3.1557]
2026-03-26 07:15:38 BRT [DEBUG  ]   NEAR     score parcial SHORT: 4/25 [FR=0.0100% BB=1.2195–1.2399]
2026-03-26 07:15:38 BRT [DEBUG  ]   RIVER    score parcial SHORT: 0/25 [FR=-0.0809% BB=19.7247–22.1157]
2026-03-26 07:15:38 BRT [DEBUG  ]   SOL      score parcial SHORT: 0/25 [FR=-0.0153% BB=87.9028–89.6052]
2026-03-26 07:15:38 BRT [DEBUG  ]   UNI      score parcial SHORT: 3/25 [FR=-0.0087% BB=3.5482–3.6371]
2026-03-26 07:15:38 BRT [DEBUG  ]   LIT      score parcial SHORT: 1/25 [FR=0.0050% BB=0.9478–0.9654]
2026-03-26 07:15:38 BRT [DEBUG  ]   LINK     score parcial SHORT: 3/25 [FR=-0.0030% BB=8.9478–9.1733]
2026-03-26 07:15:38 BRT [DEBUG  ]   ETH      score parcial SHORT: 4/25 [FR=0.0100% BB=2078.4697–2143.5973]
2026-03-26 07:15:38 BRT [DEBUG  ]   ZRO      score parcial SHORT: 1/25 [FR=0.0050% BB=2.0122–2.0992]
2026-03-26 07:15:38 BRT [DEBUG  ]   TON      score parcial SHORT: 1/25 [FR=0.0010% BB=1.2955–1.3132]
2026-03-26 07:15:38 BRT [DEBUG  ]   ATOM     score parcial SHORT: 3/25 [FR=-0.0208% BB=1.7108–1.7276]
2026-03-26 07:15:38 BRT [DEBUG  ]   ICP      score parcial SHORT: 3/25 [FR=-0.0003% BB=2.3054–2.3653]
2026-03-26 07:15:38 BRT [DEBUG  ]   AVAX     score parcial SHORT: 3/25 [FR=-0.0063% BB=9.2533–9.5202]
2026-03-26 07:15:38 BRT [INFO   ]   Ordem LONG: ['KAT']
2026-03-26 07:15:38 BRT [INFO   ]   Ordem SHORT: ['PUMP', 'XPL', 'CRV', 'NEAR', 'ETH', 'POL', 'SUI', 'FIL', 'UNI', 'LINK', 'ATOM', 'ICP', 'AVAX', 'BEAT', 'IP', 'SHIB', 'ARB', 'ONDO', 'ASTER', 'LIT', 'ZRO', 'TON', 'PEPE', 'PIPPIN', 'DOGE', 'ADA', 'WLFI', 'XRP', 'WLD', 'OP', 'HBAR', 'TRUMP', 'RIVER', 'SOL']
2026-03-26 07:15:38 BRT [INFO   ] 
───────────────────────────────────────────────────────
2026-03-26 07:15:38 BRT [INFO   ]   ETAPA 4 — Klines + Score completo (TOP 20 LONG + SHORT) [v6.2.0]
2026-03-26 07:15:38 BRT [INFO   ] ───────────────────────────────────────────────────────
2026-03-26 07:15:38 BRT [DEBUG  ]   Contexto: FGI=10 | BTC=NEUTRAL | LONG=CAUTELOSO (Medo Extremo)(thr=20) | SHORT=MODERADO (Medo Extremo — mercado bearish)(thr=16) | risk_score=0
2026-03-26 07:15:38 BRT [WARNING]   ⚠️  [A4 CANDLE LOCK] Vela 15m em formação (39s desde abertura, grace=60s). Último fechamento: 07:15:00 BRT. Usando penúltima vela para BB, candles e volume.
2026-03-26 07:15:38 BRT [INFO   ]   Buscando klines para: ['KAT', 'PUMP', 'XPL', 'CRV', 'NEAR', 'ETH', 'POL', 'SUI', 'FIL', 'UNI', 'LINK', 'ATOM', 'ICP', 'AVAX', 'BEAT', 'IP', 'SHIB', 'ARB', 'ONDO', 'ASTER', 'LIT']
2026-03-26 07:15:38 BRT [DEBUG  ]   📡  Cache MISS KATUSDT 1H: arquivo não existe — buscando
2026-03-26 07:15:38 BRT [DEBUG  ]   📡  Cache MISS PUMPUSDT 1H: arquivo não existe — buscando
2026-03-26 07:15:38 BRT [DEBUG  ]   📡  Cache MISS XPLUSDT 1H: arquivo não existe — buscando
2026-03-26 07:15:38 BRT [DEBUG  ]   📡  Cache MISS CRVUSDT 1H: arquivo não existe — buscando
2026-03-26 07:15:38 BRT [DEBUG  ]   📡  Cache MISS NEARUSDT 1H: arquivo não existe — buscando
2026-03-26 07:15:38 BRT [DEBUG  ]   📡  Cache MISS ETHUSDT 1H: arquivo não existe — buscando
2026-03-26 07:15:38 BRT [DEBUG  ]   📡  Cache MISS POLUSDT 1H: arquivo não existe — buscando
2026-03-26 07:15:38 BRT [DEBUG  ]   📡  Cache MISS SUIUSDT 1H: arquivo não existe — buscando
2026-03-26 07:15:38 BRT [DEBUG  ]   📡  Cache MISS FILUSDT 1H: arquivo não existe — buscando
2026-03-26 07:15:38 BRT [DEBUG  ]   📡  Cache MISS UNIUSDT 1H: arquivo não existe — buscando
2026-03-26 07:15:38 BRT [DEBUG  ]   📡  Cache MISS LINKUSDT 1H: arquivo não existe — buscando
2026-03-26 07:15:38 BRT [DEBUG  ]   📡  Cache MISS ATOMUSDT 1H: arquivo não existe — buscando
2026-03-26 07:15:38 BRT [DEBUG  ]   📡  Cache MISS ICPUSDT 1H: arquivo não existe — buscando
2026-03-26 07:15:38 BRT [DEBUG  ]   📡  Cache MISS AVAXUSDT 1H: arquivo não existe — buscando
2026-03-26 07:15:38 BRT [DEBUG  ]   📡  Cache MISS BEATUSDT 1H: arquivo não existe — buscando
2026-03-26 07:15:38 BRT [DEBUG  ]   📡  Cache MISS IPUSDT 1H: arquivo não existe — buscando
2026-03-26 07:15:38 BRT [DEBUG  ]   📡  Cache MISS SHIBUSDT 1H: arquivo não existe — buscando
2026-03-26 07:15:38 BRT [DEBUG  ]   📡  Cache MISS ARBUSDT 1H: arquivo não existe — buscando
2026-03-26 07:15:38 BRT [DEBUG  ]   📡  Cache MISS ONDOUSDT 1H: arquivo não existe — buscando
2026-03-26 07:15:38 BRT [DEBUG  ]   📡  Cache MISS ASTERUSDT 1H: arquivo não existe — buscando
2026-03-26 07:15:38 BRT [DEBUG  ]   📡  Cache MISS LITUSDT 1H: arquivo não existe — buscando
2026-03-26 07:15:38 BRT [DEBUG  ]   📡  Cache MISS KATUSDT 4H: arquivo não existe — buscando
2026-03-26 07:15:38 BRT [DEBUG  ]   📡  Cache MISS PUMPUSDT 4H: arquivo não existe — buscando
2026-03-26 07:15:38 BRT [DEBUG  ]   📡  Cache MISS XPLUSDT 4H: arquivo não existe — buscando
2026-03-26 07:15:38 BRT [DEBUG  ]   📡  Cache MISS CRVUSDT 4H: arquivo não existe — buscando
2026-03-26 07:15:38 BRT [DEBUG  ]   📡  Cache MISS NEARUSDT 4H: arquivo não existe — buscando
2026-03-26 07:15:38 BRT [DEBUG  ]   📡  Cache MISS ETHUSDT 4H: arquivo não existe — buscando
2026-03-26 07:15:38 BRT [DEBUG  ]   📡  Cache MISS POLUSDT 4H: arquivo não existe — buscando
2026-03-26 07:15:38 BRT [DEBUG  ]   📡  Cache MISS SUIUSDT 4H: arquivo não existe — buscando
2026-03-26 07:15:38 BRT [DEBUG  ]   📡  Cache MISS FILUSDT 4H: arquivo não existe — buscando
2026-03-26 07:15:38 BRT [DEBUG  ]   📡  Cache MISS UNIUSDT 4H: arquivo não existe — buscando
2026-03-26 07:15:38 BRT [DEBUG  ]   📡  Cache MISS LINKUSDT 4H: arquivo não existe — buscando
2026-03-26 07:15:38 BRT [DEBUG  ]   📡  Cache MISS ATOMUSDT 4H: arquivo não existe — buscando
2026-03-26 07:15:38 BRT [DEBUG  ]   📡  Cache MISS ICPUSDT 4H: arquivo não existe — buscando
2026-03-26 07:15:38 BRT [DEBUG  ]   📡  Cache MISS AVAXUSDT 4H: arquivo não existe — buscando
2026-03-26 07:15:38 BRT [DEBUG  ]   📡  Cache MISS BEATUSDT 4H: arquivo não existe — buscando
2026-03-26 07:15:38 BRT [DEBUG  ]   📡  Cache MISS IPUSDT 4H: arquivo não existe — buscando
2026-03-26 07:15:38 BRT [DEBUG  ]   📡  Cache MISS SHIBUSDT 4H: arquivo não existe — buscando
2026-03-26 07:15:38 BRT [DEBUG  ]   📡  Cache MISS ARBUSDT 4H: arquivo não existe — buscando
2026-03-26 07:15:38 BRT [DEBUG  ]   📡  Cache MISS ONDOUSDT 4H: arquivo não existe — buscando
2026-03-26 07:15:38 BRT [DEBUG  ]   📡  Cache MISS ASTERUSDT 4H: arquivo não existe — buscando
2026-03-26 07:15:38 BRT [DEBUG  ]   📡  Cache MISS LITUSDT 4H: arquivo não existe — buscando
2026-03-26 07:15:39 BRT [DEBUG  ]   GET https://api.bitget.com/api/v2/mix/market/candles?productType=USDT-FUTURES&symbol...
2026-03-26 07:15:39 BRT [DEBUG  ]       → HTTP 200 | 5.3KB | enc:gzip | 0.43s
2026-03-26 07:15:39 BRT [DEBUG  ]   ✅  Klines PUMPUSDT 4H: 60 candles | 03/26 05:00 → 03/16 09:00
2026-03-26 07:15:39 BRT [DEBUG  ]   💾  Cache GRAVADO PUMPUSDT 4H: 60 candles
2026-03-26 07:15:39 BRT [DEBUG  ]   GET https://api.bitget.com/api/v2/mix/market/candles?productType=USDT-FUTURES&symbol...
2026-03-26 07:15:39 BRT [DEBUG  ]       → HTTP 200 | 4.1KB | enc:gzip | 0.44s
2026-03-26 07:15:39 BRT [DEBUG  ]   ✅  Klines LINKUSDT 15m: 60 candles | 03/26 07:15 → 03/25 16:30
2026-03-26 07:15:39 BRT [DEBUG  ]   GET https://api.bitget.com/api/v2/mix/market/candles?productType=USDT-FUTURES&symbol...
2026-03-26 07:15:39 BRT [DEBUG  ]       → HTTP 200 | 6.1KB | enc:gzip | 0.44s
2026-03-26 07:15:39 BRT [DEBUG  ]   ✅  Klines SHIBUSDT 1H: 60 candles | 03/26 07:00 → 03/23 20:00
2026-03-26 07:15:39 BRT [DEBUG  ]   💾  Cache GRAVADO SHIBUSDT 1H: 60 candles
2026-03-26 07:15:39 BRT [DEBUG  ]   GET https://api.bitget.com/api/v2/mix/market/candles?productType=USDT-FUTURES&symbol...
2026-03-26 07:15:39 BRT [DEBUG  ]       → HTTP 200 | 4.7KB | enc:gzip | 0.45s
2026-03-26 07:15:39 BRT [DEBUG  ]   ✅  Klines FILUSDT 1H: 60 candles | 03/26 07:00 → 03/23 20:00
2026-03-26 07:15:39 BRT [DEBUG  ]   💾  Cache GRAVADO FILUSDT 1H: 60 candles
2026-03-26 07:15:39 BRT [DEBUG  ]   GET https://api.bitget.com/api/v2/mix/market/candles?productType=USDT-FUTURES&symbol...
2026-03-26 07:15:39 BRT [DEBUG  ]       → HTTP 200 | 4.8KB | enc:gzip | 0.45s
2026-03-26 07:15:39 BRT [DEBUG  ]   ✅  Klines FILUSDT 4H: 60 candles | 03/26 05:00 → 03/16 09:00
2026-03-26 07:15:39 BRT [DEBUG  ]   💾  Cache GRAVADO FILUSDT 4H: 60 candles
2026-03-26 07:15:39 BRT [DEBUG  ]   GET https://api.bitget.com/api/v2/mix/market/candles?productType=USDT-FUTURES&symbol...
2026-03-26 07:15:39 BRT [DEBUG  ]       → HTTP 200 | 4.5KB | enc:gzip | 0.45s
2026-03-26 07:15:39 BRT [DEBUG  ]   ✅  Klines XPLUSDT 15m: 60 candles | 03/26 07:15 → 03/25 16:30
2026-03-26 07:15:39 BRT [DEBUG  ]   GET https://api.bitget.com/api/v2/mix/market/candles?productType=USDT-FUTURES&symbol...
2026-03-26 07:15:39 BRT [DEBUG  ]       → HTTP 200 | 4.1KB | enc:gzip | 0.45s
2026-03-26 07:15:39 BRT [DEBUG  ]   ✅  Klines UNIUSDT 15m: 60 candles | 03/26 07:15 → 03/25 16:30
2026-03-26 07:15:39 BRT [DEBUG  ]   GET https://api.bitget.com/api/v2/mix/market/candles?productType=USDT-FUTURES&symbol...
2026-03-26 07:15:39 BRT [DEBUG  ]       → HTTP 200 | 4.5KB | enc:gzip | 0.45s
2026-03-26 07:15:39 BRT [DEBUG  ]   ✅  Klines ATOMUSDT 4H: 60 candles | 03/26 05:00 → 03/16 09:00
2026-03-26 07:15:39 BRT [DEBUG  ]   💾  Cache GRAVADO ATOMUSDT 4H: 60 candles
2026-03-26 07:15:39 BRT [DEBUG  ]   GET https://api.bitget.com/api/v2/mix/market/candles?productType=USDT-FUTURES&symbol...
2026-03-26 07:15:39 BRT [DEBUG  ]       → HTTP 200 | 4.6KB | enc:gzip | 0.45s
2026-03-26 07:15:39 BRT [DEBUG  ]   ✅  Klines CRVUSDT 1H: 60 candles | 03/26 07:00 → 03/23 20:00
2026-03-26 07:15:39 BRT [DEBUG  ]   💾  Cache GRAVADO CRVUSDT 1H: 60 candles
2026-03-26 07:15:39 BRT [DEBUG  ]   GET https://api.bitget.com/api/v2/mix/market/candles?productType=USDT-FUTURES&symbol...
2026-03-26 07:15:39 BRT [DEBUG  ]       → HTTP 200 | 4.7KB | enc:gzip | 0.45s
2026-03-26 07:15:39 BRT [DEBUG  ]   ✅  Klines IPUSDT 4H: 60 candles | 03/26 05:00 → 03/16 09:00
2026-03-26 07:15:39 BRT [DEBUG  ]   💾  Cache GRAVADO IPUSDT 4H: 60 candles
2026-03-26 07:15:39 BRT [DEBUG  ]   GET https://api.bitget.com/api/v2/mix/market/candles?productType=USDT-FUTURES&symbol...
2026-03-26 07:15:39 BRT [DEBUG  ]       → HTTP 200 | 6.0KB | enc:gzip | 0.46s
2026-03-26 07:15:39 BRT [DEBUG  ]   ✅  Klines SHIBUSDT 15m: 60 candles | 03/26 07:15 → 03/25 16:30
2026-03-26 07:15:39 BRT [DEBUG  ]   GET https://api.bitget.com/api/v2/mix/market/candles?productType=USDT-FUTURES&symbol...
2026-03-26 07:15:39 BRT [DEBUG  ]       → HTTP 200 | 4.6KB | enc:gzip | 0.46s
2026-03-26 07:15:39 BRT [DEBUG  ]   ✅  Klines FILUSDT 15m: 60 candles | 03/26 07:15 → 03/25 16:30
2026-03-26 07:15:39 BRT [DEBUG  ]   GET https://api.bitget.com/api/v2/mix/market/candles?productType=USDT-FUTURES&symbol...
2026-03-26 07:15:39 BRT [DEBUG  ]       → HTTP 200 | 4.3KB | enc:gzip | 0.46s
2026-03-26 07:15:39 BRT [DEBUG  ]   ✅  Klines UNIUSDT 4H: 60 candles | 03/26 05:00 → 03/16 09:00
2026-03-26 07:15:39 BRT [DEBUG  ]   💾  Cache GRAVADO UNIUSDT 4H: 60 candles
2026-03-26 07:15:39 BRT [DEBUG  ]   GET https://api.bitget.com/api/v2/mix/market/candles?productType=USDT-FUTURES&symbol...
2026-03-26 07:15:39 BRT [DEBUG  ]       → HTTP 200 | 4.2KB | enc:gzip | 0.47s
2026-03-26 07:15:39 BRT [DEBUG  ]   ✅  Klines LINKUSDT 1H: 60 candles | 03/26 07:00 → 03/23 20:00
2026-03-26 07:15:39 BRT [DEBUG  ]   💾  Cache GRAVADO LINKUSDT 1H: 60 candles
2026-03-26 07:15:39 BRT [DEBUG  ]   GET https://api.bitget.com/api/v2/mix/market/candles?productType=USDT-FUTURES&symbol...
2026-03-26 07:15:39 BRT [DEBUG  ]       → HTTP 200 | 4.9KB | enc:gzip | 0.47s
2026-03-26 07:15:39 BRT [DEBUG  ]   ✅  Klines ARBUSDT 4H: 60 candles | 03/26 05:00 → 03/16 09:00
2026-03-26 07:15:39 BRT [DEBUG  ]   💾  Cache GRAVADO ARBUSDT 4H: 60 candles
2026-03-26 07:15:39 BRT [DEBUG  ]   GET https://api.bitget.com/api/v2/mix/market/candles?productType=USDT-FUTURES&symbol...
2026-03-26 07:15:39 BRT [DEBUG  ]       → HTTP 200 | 4.7KB | enc:gzip | 0.47s
2026-03-26 07:15:39 BRT [DEBUG  ]   ✅  Klines BEATUSDT 15m: 60 candles | 03/26 07:15 → 03/25 16:30
2026-03-26 07:15:39 BRT [DEBUG  ]   GET https://api.bitget.com/api/v2/mix/market/candles?productType=USDT-FUTURES&symbol...
2026-03-26 07:15:39 BRT [DEBUG  ]       → HTTP 200 | 4.4KB | enc:gzip | 0.47s
2026-03-26 07:15:39 BRT [DEBUG  ]   ✅  Klines NEARUSDT 15m: 60 candles | 03/26 07:15 → 03/25 16:30
2026-03-26 07:15:39 BRT [DEBUG  ]   GET https://api.bitget.com/api/v2/mix/market/candles?productType=USDT-FUTURES&symbol...
2026-03-26 07:15:39 BRT [DEBUG  ]       → HTTP 200 | 6.1KB | enc:gzip | 0.47s
2026-03-26 07:15:39 BRT [DEBUG  ]   ✅  Klines SHIBUSDT 4H: 60 candles | 03/26 05:00 → 03/16 09:00
2026-03-26 07:15:39 BRT [DEBUG  ]   💾  Cache GRAVADO SHIBUSDT 4H: 60 candles
2026-03-26 07:15:39 BRT [DEBUG  ]   GET https://api.bitget.com/api/v2/mix/market/candles?productType=USDT-FUTURES&symbol...
2026-03-26 07:15:39 BRT [DEBUG  ]       → HTTP 200 | 4.5KB | enc:gzip | 0.49s
2026-03-26 07:15:39 BRT [DEBUG  ]   ✅  Klines ASTERUSDT 1H: 60 candles | 03/26 07:00 → 03/23 20:00
2026-03-26 07:15:39 BRT [DEBUG  ]   💾  Cache GRAVADO ASTERUSDT 1H: 60 candles
2026-03-26 07:15:39 BRT [DEBUG  ]   GET https://api.bitget.com/api/v2/mix/market/candles?productType=USDT-FUTURES&symbol...
2026-03-26 07:15:39 BRT [DEBUG  ]       → HTTP 200 | 4.6KB | enc:gzip | 0.49s
2026-03-26 07:15:39 BRT [DEBUG  ]   ✅  Klines XPLUSDT 4H: 60 candles | 03/26 05:00 → 03/16 09:00
2026-03-26 07:15:39 BRT [DEBUG  ]   💾  Cache GRAVADO XPLUSDT 4H: 60 candles
2026-03-26 07:15:39 BRT [DEBUG  ]   GET https://api.bitget.com/api/v2/mix/market/candles?productType=USDT-FUTURES&symbol...
2026-03-26 07:15:39 BRT [DEBUG  ]       → HTTP 200 | 4.5KB | enc:gzip | 0.50s
2026-03-26 07:15:39 BRT [DEBUG  ]   ✅  Klines ATOMUSDT 1H: 60 candles | 03/26 07:00 → 03/23 20:00
2026-03-26 07:15:39 BRT [DEBUG  ]   💾  Cache GRAVADO ATOMUSDT 1H: 60 candles
2026-03-26 07:15:39 BRT [DEBUG  ]   GET https://api.bitget.com/api/v2/mix/market/candles?productType=USDT-FUTURES&symbol...
2026-03-26 07:15:39 BRT [DEBUG  ]       → HTTP 200 | 4.6KB | enc:gzip | 0.50s
2026-03-26 07:15:39 BRT [DEBUG  ]   ✅  Klines CRVUSDT 4H: 60 candles | 03/26 05:00 → 03/16 09:00
2026-03-26 07:15:39 BRT [DEBUG  ]   💾  Cache GRAVADO CRVUSDT 4H: 60 candles
2026-03-26 07:15:39 BRT [DEBUG  ]   GET https://api.bitget.com/api/v2/mix/market/candles?productType=USDT-FUTURES&symbol...
2026-03-26 07:15:39 BRT [DEBUG  ]       → HTTP 200 | 4.4KB | enc:gzip | 0.50s
2026-03-26 07:15:39 BRT [DEBUG  ]   ✅  Klines ASTERUSDT 15m: 60 candles | 03/26 07:15 → 03/25 16:30
2026-03-26 07:15:39 BRT [DEBUG  ]   GET https://api.bitget.com/api/v2/mix/market/candles?productType=USDT-FUTURES&symbol...
2026-03-26 07:15:39 BRT [DEBUG  ]       → HTTP 200 | 4.8KB | enc:gzip | 0.50s
2026-03-26 07:15:39 BRT [DEBUG  ]   ✅  Klines ARBUSDT 1H: 60 candles | 03/26 07:00 → 03/23 20:00
2026-03-26 07:15:39 BRT [DEBUG  ]   💾  Cache GRAVADO ARBUSDT 1H: 60 candles
2026-03-26 07:15:39 BRT [DEBUG  ]   GET https://api.bitget.com/api/v2/mix/market/candles?productType=USDT-FUTURES&symbol...
2026-03-26 07:15:39 BRT [DEBUG  ]       → HTTP 200 | 5.2KB | enc:gzip | 0.50s
2026-03-26 07:15:39 BRT [DEBUG  ]   ✅  Klines PUMPUSDT 15m: 60 candles | 03/26 07:15 → 03/25 16:30
2026-03-26 07:15:39 BRT [DEBUG  ]   GET https://api.bitget.com/api/v2/mix/market/candles?productType=USDT-FUTURES&symbol...
2026-03-26 07:15:39 BRT [DEBUG  ]       → HTTP 200 | 4.8KB | enc:gzip | 0.50s
2026-03-26 07:15:39 BRT [DEBUG  ]   ✅  Klines POLUSDT 1H: 60 candles | 03/26 07:00 → 03/23 20:00
2026-03-26 07:15:39 BRT [DEBUG  ]   💾  Cache GRAVADO POLUSDT 1H: 60 candles
2026-03-26 07:15:39 BRT [DEBUG  ]   GET https://api.bitget.com/api/v2/mix/market/candles?productType=USDT-FUTURES&symbol...
2026-03-26 07:15:39 BRT [DEBUG  ]       → HTTP 200 | 5.1KB | enc:gzip | 0.50s
2026-03-26 07:15:39 BRT [DEBUG  ]   ✅  Klines ETHUSDT 4H: 60 candles | 03/26 05:00 → 03/16 09:00
2026-03-26 07:15:39 BRT [DEBUG  ]   💾  Cache GRAVADO ETHUSDT 4H: 60 candles
2026-03-26 07:15:39 BRT [DEBUG  ]   GET https://api.bitget.com/api/v2/mix/market/candles?productType=USDT-FUTURES&symbol...
2026-03-26 07:15:39 BRT [DEBUG  ]       → HTTP 200 | 4.9KB | enc:gzip | 0.50s
2026-03-26 07:15:39 BRT [DEBUG  ]   ✅  Klines POLUSDT 4H: 60 candles | 03/26 05:00 → 03/16 09:00
2026-03-26 07:15:39 BRT [DEBUG  ]   💾  Cache GRAVADO POLUSDT 4H: 60 candles
2026-03-26 07:15:39 BRT [DEBUG  ]   GET https://api.bitget.com/api/v2/mix/market/candles?productType=USDT-FUTURES&symbol...
2026-03-26 07:15:39 BRT [DEBUG  ]       → HTTP 200 | 4.5KB | enc:gzip | 0.50s
2026-03-26 07:15:39 BRT [DEBUG  ]   ✅  Klines ICPUSDT 4H: 60 candles | 03/26 05:00 → 03/16 09:00
2026-03-26 07:15:39 BRT [DEBUG  ]   💾  Cache GRAVADO ICPUSDT 4H: 60 candles
2026-03-26 07:15:39 BRT [DEBUG  ]   GET https://api.bitget.com/api/v2/mix/market/candles?productType=USDT-FUTURES&symbol...
2026-03-26 07:15:39 BRT [DEBUG  ]       → HTTP 200 | 4.8KB | enc:gzip | 0.50s
2026-03-26 07:15:39 BRT [DEBUG  ]   ✅  Klines SUIUSDT 4H: 60 candles | 03/26 05:00 → 03/16 09:00
2026-03-26 07:15:39 BRT [DEBUG  ]   💾  Cache GRAVADO SUIUSDT 4H: 60 candles
2026-03-26 07:15:39 BRT [DEBUG  ]   GET https://api.bitget.com/api/v2/mix/market/candles?productType=USDT-FUTURES&symbol...
2026-03-26 07:15:39 BRT [DEBUG  ]       → HTTP 200 | 4.6KB | enc:gzip | 0.50s
2026-03-26 07:15:39 BRT [DEBUG  ]   ✅  Klines ASTERUSDT 4H: 60 candles | 03/26 05:00 → 03/16 09:00
2026-03-26 07:15:39 BRT [DEBUG  ]   💾  Cache GRAVADO ASTERUSDT 4H: 60 candles
2026-03-26 07:15:39 BRT [DEBUG  ]   GET https://api.bitget.com/api/v2/mix/market/candles?productType=USDT-FUTURES&symbol...
2026-03-26 07:15:39 BRT [DEBUG  ]       → HTTP 200 | 4.6KB | enc:gzip | 0.51s
2026-03-26 07:15:39 BRT [DEBUG  ]   ✅  Klines NEARUSDT 4H: 60 candles | 03/26 05:00 → 03/16 09:00
2026-03-26 07:15:39 BRT [DEBUG  ]   💾  Cache GRAVADO NEARUSDT 4H: 60 candles
2026-03-26 07:15:39 BRT [DEBUG  ]   GET https://api.bitget.com/api/v2/mix/market/candles?productType=USDT-FUTURES&symbol...
2026-03-26 07:15:39 BRT [DEBUG  ]       → HTTP 200 | 4.0KB | enc:gzip | 0.51s
2026-03-26 07:15:39 BRT [DEBUG  ]   ✅  Klines KATUSDT 4H: 48 candles | 03/26 05:00 → 03/18 09:00
2026-03-26 07:15:39 BRT [DEBUG  ]   💾  Cache GRAVADO KATUSDT 4H: 48 candles
2026-03-26 07:15:39 BRT [DEBUG  ]   GET https://api.bitget.com/api/v2/mix/market/candles?productType=USDT-FUTURES&symbol...
2026-03-26 07:15:39 BRT [DEBUG  ]       → HTTP 200 | 4.3KB | enc:gzip | 0.51s
2026-03-26 07:15:39 BRT [DEBUG  ]   ✅  Klines ATOMUSDT 15m: 60 candles | 03/26 07:15 → 03/25 16:30
2026-03-26 07:15:39 BRT [DEBUG  ]   GET https://api.bitget.com/api/v2/mix/market/candles?productType=USDT-FUTURES&symbol...
2026-03-26 07:15:39 BRT [DEBUG  ]       → HTTP 200 | 4.2KB | enc:gzip | 0.51s
2026-03-26 07:15:39 BRT [DEBUG  ]   ✅  Klines LITUSDT 4H: 60 candles | 03/26 05:00 → 03/16 09:00
2026-03-26 07:15:39 BRT [DEBUG  ]   💾  Cache GRAVADO LITUSDT 4H: 60 candles
2026-03-26 07:15:39 BRT [DEBUG  ]   GET https://api.bitget.com/api/v2/mix/market/candles?productType=USDT-FUTURES&symbol...
2026-03-26 07:15:39 BRT [DEBUG  ]       → HTTP 200 | 4.4KB | enc:gzip | 0.51s
2026-03-26 07:15:39 BRT [DEBUG  ]   ✅  Klines ICPUSDT 15m: 60 candles | 03/26 07:15 → 03/25 16:30
2026-03-26 07:15:39 BRT [DEBUG  ]   GET https://api.bitget.com/api/v2/mix/market/candles?productType=USDT-FUTURES&symbol...
2026-03-26 07:15:39 BRT [DEBUG  ]       → HTTP 200 | 4.3KB | enc:gzip | 0.51s
2026-03-26 07:15:39 BRT [DEBUG  ]   ✅  Klines LINKUSDT 4H: 60 candles | 03/26 05:00 → 03/16 09:00
2026-03-26 07:15:39 BRT [DEBUG  ]   💾  Cache GRAVADO LINKUSDT 4H: 60 candles
2026-03-26 07:15:39 BRT [DEBUG  ]   GET https://api.bitget.com/api/v2/mix/market/candles?productType=USDT-FUTURES&symbol...
2026-03-26 07:15:39 BRT [DEBUG  ]       → HTTP 200 | 4.8KB | enc:gzip | 0.51s
2026-03-26 07:15:39 BRT [DEBUG  ]   ✅  Klines ONDOUSDT 4H: 60 candles | 03/26 05:00 → 03/16 09:00
2026-03-26 07:15:39 BRT [DEBUG  ]   💾  Cache GRAVADO ONDOUSDT 4H: 60 candles
2026-03-26 07:15:39 BRT [DEBUG  ]   GET https://api.bitget.com/api/v2/mix/market/candles?productType=USDT-FUTURES&symbol...
2026-03-26 07:15:39 BRT [DEBUG  ]       → HTTP 200 | 5.0KB | enc:gzip | 0.51s
2026-03-26 07:15:39 BRT [DEBUG  ]   ✅  Klines ETHUSDT 1H: 60 candles | 03/26 07:00 → 03/23 20:00
2026-03-26 07:15:39 BRT [DEBUG  ]   💾  Cache GRAVADO ETHUSDT 1H: 60 candles
2026-03-26 07:15:39 BRT [DEBUG  ]   GET https://api.bitget.com/api/v2/mix/market/candles?productType=USDT-FUTURES&symbol...
2026-03-26 07:15:39 BRT [DEBUG  ]       → HTTP 200 | 4.6KB | enc:gzip | 0.51s
2026-03-26 07:15:39 BRT [DEBUG  ]   ✅  Klines IPUSDT 1H: 60 candles | 03/26 07:00 → 03/23 20:00
2026-03-26 07:15:39 BRT [DEBUG  ]   💾  Cache GRAVADO IPUSDT 1H: 60 candles
2026-03-26 07:15:39 BRT [DEBUG  ]   GET https://api.bitget.com/api/v2/mix/market/candles?productType=USDT-FUTURES&symbol...
2026-03-26 07:15:39 BRT [DEBUG  ]       → HTTP 200 | 4.7KB | enc:gzip | 0.52s
2026-03-26 07:15:39 BRT [DEBUG  ]   ✅  Klines ONDOUSDT 1H: 60 candles | 03/26 07:00 → 03/23 20:00
2026-03-26 07:15:39 BRT [DEBUG  ]   💾  Cache GRAVADO ONDOUSDT 1H: 60 candles
2026-03-26 07:15:39 BRT [DEBUG  ]   GET https://api.bitget.com/api/v2/mix/market/candles?productType=USDT-FUTURES&symbol...
2026-03-26 07:15:39 BRT [DEBUG  ]       → HTTP 200 | 4.4KB | enc:gzip | 0.52s
2026-03-26 07:15:39 BRT [DEBUG  ]   ✅  Klines AVAXUSDT 1H: 60 candles | 03/26 07:00 → 03/23 20:00
2026-03-26 07:15:39 BRT [DEBUG  ]   💾  Cache GRAVADO AVAXUSDT 1H: 60 candles
2026-03-26 07:15:39 BRT [DEBUG  ]   GET https://api.bitget.com/api/v2/mix/market/candles?productType=USDT-FUTURES&symbol...
2026-03-26 07:15:39 BRT [DEBUG  ]       → HTTP 200 | 4.6KB | enc:gzip | 0.52s
2026-03-26 07:15:39 BRT [DEBUG  ]   ✅  Klines ONDOUSDT 15m: 60 candles | 03/26 07:15 → 03/25 16:30
2026-03-26 07:15:39 BRT [DEBUG  ]   GET https://api.bitget.com/api/v2/mix/market/candles?productType=USDT-FUTURES&symbol...
2026-03-26 07:15:39 BRT [DEBUG  ]       → HTTP 200 | 4.2KB | enc:gzip | 0.52s
2026-03-26 07:15:39 BRT [DEBUG  ]   ✅  Klines UNIUSDT 1H: 60 candles | 03/26 07:00 → 03/23 20:00
2026-03-26 07:15:39 BRT [DEBUG  ]   💾  Cache GRAVADO UNIUSDT 1H: 60 candles
2026-03-26 07:15:39 BRT [DEBUG  ]   GET https://api.bitget.com/api/v2/mix/market/candles?productType=USDT-FUTURES&symbol...
2026-03-26 07:15:39 BRT [DEBUG  ]       → HTTP 200 | 4.1KB | enc:gzip | 0.52s
2026-03-26 07:15:39 BRT [DEBUG  ]   ✅  Klines LITUSDT 1H: 60 candles | 03/26 07:00 → 03/23 20:00
2026-03-26 07:15:39 BRT [DEBUG  ]   💾  Cache GRAVADO LITUSDT 1H: 60 candles
2026-03-26 07:15:39 BRT [DEBUG  ]   GET https://api.bitget.com/api/v2/mix/market/candles?productType=USDT-FUTURES&symbol...
2026-03-26 07:15:39 BRT [DEBUG  ]       → HTTP 200 | 4.9KB | enc:gzip | 0.52s
2026-03-26 07:15:39 BRT [DEBUG  ]   ✅  Klines KATUSDT 1H: 60 candles | 03/26 07:00 → 03/23 20:00
2026-03-26 07:15:39 BRT [DEBUG  ]   💾  Cache GRAVADO KATUSDT 1H: 60 candles
2026-03-26 07:15:39 BRT [DEBUG  ]   GET https://api.bitget.com/api/v2/mix/market/candles?productType=USDT-FUTURES&symbol...
2026-03-26 07:15:39 BRT [DEBUG  ]       → HTTP 200 | 4.7KB | enc:gzip | 0.52s
2026-03-26 07:15:39 BRT [DEBUG  ]   ✅  Klines SUIUSDT 15m: 60 candles | 03/26 07:15 → 03/25 16:30
2026-03-26 07:15:39 BRT [DEBUG  ]   GET https://api.bitget.com/api/v2/mix/market/candles?productType=USDT-FUTURES&symbol...
2026-03-26 07:15:39 BRT [DEBUG  ]       → HTTP 200 | 4.8KB | enc:gzip | 0.52s
2026-03-26 07:15:39 BRT [DEBUG  ]   ✅  Klines BEATUSDT 1H: 60 candles | 03/26 07:00 → 03/23 20:00
2026-03-26 07:15:39 BRT [DEBUG  ]   💾  Cache GRAVADO BEATUSDT 1H: 60 candles
2026-03-26 07:15:39 BRT [DEBUG  ]   GET https://api.bitget.com/api/v2/mix/market/candles?productType=USDT-FUTURES&symbol...
2026-03-26 07:15:39 BRT [DEBUG  ]       → HTTP 200 | 4.9KB | enc:gzip | 0.52s
2026-03-26 07:15:39 BRT [DEBUG  ]   ✅  Klines ETHUSDT 15m: 60 candles | 03/26 07:15 → 03/25 16:30
2026-03-26 07:15:39 BRT [DEBUG  ]   GET https://api.bitget.com/api/v2/mix/market/candles?productType=USDT-FUTURES&symbol...
2026-03-26 07:15:39 BRT [DEBUG  ]       → HTTP 200 | 4.6KB | enc:gzip | 0.52s
2026-03-26 07:15:39 BRT [DEBUG  ]   ✅  Klines NEARUSDT 1H: 60 candles | 03/26 07:00 → 03/23 20:00
2026-03-26 07:15:39 BRT [DEBUG  ]   💾  Cache GRAVADO NEARUSDT 1H: 60 candles
2026-03-26 07:15:39 BRT [DEBUG  ]   GET https://api.bitget.com/api/v2/mix/market/candles?productType=USDT-FUTURES&symbol...
2026-03-26 07:15:39 BRT [DEBUG  ]       → HTTP 200 | 4.5KB | enc:gzip | 0.52s
2026-03-26 07:15:39 BRT [DEBUG  ]   ✅  Klines AVAXUSDT 4H: 60 candles | 03/26 05:00 → 03/16 09:00
2026-03-26 07:15:39 BRT [DEBUG  ]   💾  Cache GRAVADO AVAXUSDT 4H: 60 candles
2026-03-26 07:15:39 BRT [DEBUG  ]   GET https://api.bitget.com/api/v2/mix/market/candles?productType=USDT-FUTURES&symbol...
2026-03-26 07:15:39 BRT [DEBUG  ]       → HTTP 200 | 4.6KB | enc:gzip | 0.53s
2026-03-26 07:15:39 BRT [DEBUG  ]   ✅  Klines IPUSDT 15m: 60 candles | 03/26 07:15 → 03/25 16:30
2026-03-26 07:15:39 BRT [DEBUG  ]   GET https://api.bitget.com/api/v2/mix/market/candles?productType=USDT-FUTURES&symbol...
2026-03-26 07:15:39 BRT [DEBUG  ]       → HTTP 200 | 4.3KB | enc:gzip | 0.53s
2026-03-26 07:15:39 BRT [DEBUG  ]   ✅  Klines AVAXUSDT 15m: 60 candles | 03/26 07:15 → 03/25 16:30
2026-03-26 07:15:39 BRT [DEBUG  ]   GET https://api.bitget.com/api/v2/mix/market/candles?productType=USDT-FUTURES&symbol...
2026-03-26 07:15:39 BRT [DEBUG  ]       → HTTP 200 | 4.7KB | enc:gzip | 0.53s
2026-03-26 07:15:39 BRT [DEBUG  ]   ✅  Klines POLUSDT 15m: 60 candles | 03/26 07:15 → 03/25 16:30
2026-03-26 07:15:39 BRT [DEBUG  ]   GET https://api.bitget.com/api/v2/mix/market/candles?productType=USDT-FUTURES&symbol...
2026-03-26 07:15:39 BRT [DEBUG  ]       → HTTP 200 | 4.5KB | enc:gzip | 0.53s
2026-03-26 07:15:39 BRT [DEBUG  ]   ✅  Klines CRVUSDT 15m: 60 candles | 03/26 07:15 → 03/25 16:30
2026-03-26 07:15:39 BRT [DEBUG  ]   GET https://api.bitget.com/api/v2/mix/market/candles?productType=USDT-FUTURES&symbol...
2026-03-26 07:15:39 BRT [DEBUG  ]       → HTTP 200 | 4.1KB | enc:gzip | 0.53s
2026-03-26 07:15:39 BRT [DEBUG  ]   ✅  Klines LITUSDT 15m: 60 candles | 03/26 07:15 → 03/25 16:30
2026-03-26 07:15:39 BRT [DEBUG  ]   GET https://api.bitget.com/api/v2/mix/market/candles?productType=USDT-FUTURES&symbol...
2026-03-26 07:15:39 BRT [DEBUG  ]       → HTTP 200 | 4.8KB | enc:gzip | 0.53s
2026-03-26 07:15:39 BRT [DEBUG  ]   ✅  Klines SUIUSDT 1H: 60 candles | 03/26 07:00 → 03/23 20:00
2026-03-26 07:15:39 BRT [DEBUG  ]   💾  Cache GRAVADO SUIUSDT 1H: 60 candles
2026-03-26 07:15:39 BRT [DEBUG  ]   GET https://api.bitget.com/api/v2/mix/market/candles?productType=USDT-FUTURES&symbol...
2026-03-26 07:15:39 BRT [DEBUG  ]       → HTTP 200 | 4.5KB | enc:gzip | 0.53s
2026-03-26 07:15:39 BRT [DEBUG  ]   ✅  Klines ICPUSDT 1H: 60 candles | 03/26 07:00 → 03/23 20:00
2026-03-26 07:15:39 BRT [DEBUG  ]   💾  Cache GRAVADO ICPUSDT 1H: 60 candles
2026-03-26 07:15:39 BRT [DEBUG  ]   GET https://api.bitget.com/api/v2/mix/market/candles?productType=USDT-FUTURES&symbol...
2026-03-26 07:15:39 BRT [DEBUG  ]       → HTTP 200 | 5.3KB | enc:gzip | 0.53s
2026-03-26 07:15:39 BRT [DEBUG  ]   ✅  Klines PUMPUSDT 1H: 60 candles | 03/26 07:00 → 03/23 20:00
2026-03-26 07:15:39 BRT [DEBUG  ]   💾  Cache GRAVADO PUMPUSDT 1H: 60 candles
2026-03-26 07:15:39 BRT [DEBUG  ]   GET https://api.bitget.com/api/v2/mix/market/candles?productType=USDT-FUTURES&symbol...
2026-03-26 07:15:39 BRT [DEBUG  ]       → HTTP 200 | 4.6KB | enc:gzip | 0.53s
2026-03-26 07:15:39 BRT [DEBUG  ]   ✅  Klines XPLUSDT 1H: 60 candles | 03/26 07:00 → 03/23 20:00
2026-03-26 07:15:39 BRT [DEBUG  ]   💾  Cache GRAVADO XPLUSDT 1H: 60 candles
2026-03-26 07:15:39 BRT [DEBUG  ]   GET https://api.bitget.com/api/v2/mix/market/candles?productType=USDT-FUTURES&symbol...
2026-03-26 07:15:39 BRT [DEBUG  ]       → HTTP 200 | 4.8KB | enc:gzip | 0.53s
2026-03-26 07:15:39 BRT [DEBUG  ]   ✅  Klines KATUSDT 15m: 60 candles | 03/26 07:15 → 03/25 16:30
2026-03-26 07:15:39 BRT [DEBUG  ]   GET https://api.bitget.com/api/v2/mix/market/candles?productType=USDT-FUTURES&symbol...
2026-03-26 07:15:39 BRT [DEBUG  ]       → HTTP 200 | 4.7KB | enc:gzip | 0.80s
2026-03-26 07:15:39 BRT [DEBUG  ]   ✅  Klines ARBUSDT 15m: 60 candles | 03/26 07:15 → 03/25 16:30
2026-03-26 07:15:39 BRT [DEBUG  ]   GET https://api.bitget.com/api/v2/mix/market/candles?productType=USDT-FUTURES&symbol...
2026-03-26 07:15:39 BRT [DEBUG  ]       → HTTP 200 | 4.9KB | enc:gzip | 0.83s
2026-03-26 07:15:39 BRT [DEBUG  ]   ✅  Klines BEATUSDT 4H: 60 candles | 03/26 05:00 → 03/16 09:00
2026-03-26 07:15:39 BRT [DEBUG  ]   💾  Cache GRAVADO BEATUSDT 4H: 60 candles
2026-03-26 07:15:39 BRT [INFO   ]   ─ LONG KAT: 15m=59 [penúltimo candle] | 1H=60 | 4H=48
2026-03-26 07:15:39 BRT [DEBUG  ]     find_swing_points: fallback window=3 aplicado (window=5 insuficiente: 6H/7L → 6H/7L)
2026-03-26 07:15:39 BRT [DEBUG  ]   SCORE KAT [LONG]: 4/25 | DQ=100% | klines: 15m=✅ 1H=✅ 4H=✅
2026-03-26 07:15:39 BRT [DEBUG  ]     Contexto 4H               +0/0 · STRONG_BUY (contexto, não pontuado)
2026-03-26 07:15:39 BRT [DEBUG  ]     P4 Liquidez 4H            +0/3 · Longe de zonas de liquidez 4H
2026-03-26 07:15:39 BRT [DEBUG  ]     P5 Figuras 4H             +2/2 ██ Falling Wedge (reversão bullish)
2026-03-26 07:15:39 BRT [DEBUG  ]     P6 CHOCH/BOS 4H           +3/3 ███ CHOCH Bullish 4H (reversão confirmada)
2026-03-26 07:15:39 BRT [DEBUG  ]     P-1H Suporte 1H           +0/4 · Preço longe de suportes no 1H
2026-03-26 07:15:39 BRT [DEBUG  ]     P1 Bollinger 15m          +0/3 · BB neutro (68%)
2026-03-26 07:15:39 BRT [DEBUG  ]     P2 Candles 15m            +0/4 · Nenhum
2026-03-26 07:15:39 BRT [DEBUG  ]     P3 Funding Rate           +2/2 ██ -1.5000% (squeeze potencial)
2026-03-26 07:15:39 BRT [DEBUG  ]     P7 Filtro Pump/Dump       -3/0 ▒▒▒ Pump forte (38.6% > 30%)
2026-03-26 07:15:39 BRT [DEBUG  ]     P8 Volume 15m             +0/2 · Volume fraco (0.1x < 1.2x)
2026-03-26 07:15:39 BRT [DEBUG  ]     P9 OI Crescente           +0/2 · OI sem histórico ainda (6.0M USD)
2026-03-26 07:15:39 BRT [DEBUG  ]     TradeParams LONG: SL=7.27% | notional=$69 | alav_margem=2.0x → cap=2x → alav=2.0x | margem=$34.38 | risco=$5.00 | ganho=$10.00
2026-03-26 07:15:39 BRT [INFO   ]   📈 LONG KAT: score=4/25 | entry=0.0150 | SL=7.27% | alav=2.0x ✅
2026-03-26 07:15:39 BRT [INFO   ]   ─ SHORT PUMP: 15m=59 [penúltimo candle] | 1H=60 | 4H=60
2026-03-26 07:15:39 BRT [DEBUG  ]   SCORE PUMP [SHORT]: 8/25 | DQ=100% | klines: 15m=✅ 1H=✅ 4H=✅
2026-03-26 07:15:39 BRT [DEBUG  ]     Contexto 4H               +0/0 · SELL (contexto SHORT, não pontuado)
2026-03-26 07:15:39 BRT [DEBUG  ]     P4 Liquidez 4H            +1/3 █ OB Bearish 4H (0.0018–0.0018)
2026-03-26 07:15:39 BRT [DEBUG  ]     P5 Figuras 4H             +1/2 █ Cunha Ascendente (pullback bearish)
2026-03-26 07:15:39 BRT [DEBUG  ]     P6 CHOCH/BOS 4H           +0/3 · Sem estrutura bearish no 4H
2026-03-26 07:15:39 BRT [DEBUG  ]     P-1H Resistência 1H       +2/4 ██ OB Bearish 1H (0.0018–0.0018)
2026-03-26 07:15:39 BRT [DEBUG  ]     P1 Bollinger 15m          +3/3 ███ BB rompeu inferior (-0%) — momentum bearish
2026-03-26 07:15:39 BRT [DEBUG  ]     P2 Candles 15m            +0/4 · Nenhum
2026-03-26 07:15:39 BRT [DEBUG  ]     P3 Funding Rate           +1/2 █ 0.0050% (leve positivo)
2026-03-26 07:15:39 BRT [DEBUG  ]     P7 Filtro Pump/Dump       +0/0 · OK (-4.8%)
2026-03-26 07:15:39 BRT [DEBUG  ]     P8 Volume 15m             +0/2 · Volume fraco (1.0x < 1.2x)
2026-03-26 07:15:39 BRT [DEBUG  ]     P9 OI Crescente           +0/2 · OI estável (-8.2% vs média, 13.5M)
2026-03-26 07:15:39 BRT [DEBUG  ]     TradeParams SHORT: SL=0.91% | notional=$547 | alav_margem=15.6x → cap=2x → alav=2.0x | margem=$273.63 ⚠️MARGEM $274>35 | risco=$5.00 | ganho=$10.00
2026-03-26 07:15:39 BRT [INFO   ]   📉 SHORT PUMP: score=8/25 | entry=0.0018 | SL=0.91% | alav=2.0x ✅
2026-03-26 07:15:39 BRT [INFO   ]   ─ SHORT XPL: 15m=59 [penúltimo candle] | 1H=60 | 4H=60
2026-03-26 07:15:39 BRT [DEBUG  ]   SCORE XPL [SHORT]: 10/25 | DQ=100% | klines: 15m=✅ 1H=✅ 4H=✅
2026-03-26 07:15:39 BRT [DEBUG  ]     Contexto 4H               +0/0 · STRONG_SELL (contexto SHORT, não pontuado)
2026-03-26 07:15:39 BRT [DEBUG  ]     P4 Liquidez 4H            +1/3 █ OB Bearish 4H (0.0951–0.0953)
2026-03-26 07:15:39 BRT [DEBUG  ]     P5 Figuras 4H             +0/2 · Sem figuras bearish claras no 4H
2026-03-26 07:15:39 BRT [DEBUG  ]     P6 CHOCH/BOS 4H           +3/3 ███ CHOCH Bearish 4H (reversão confirmada)
2026-03-26 07:15:39 BRT [DEBUG  ]     P-1H Resistência 1H       +2/4 ██ OB Bearish 1H (0.0956–0.0969)
2026-03-26 07:15:39 BRT [DEBUG  ]     P1 Bollinger 15m          +3/3 ███ BB rompeu inferior (-7%) — momentum bearish
2026-03-26 07:15:39 BRT [DEBUG  ]     P2 Candles 15m            +0/4 · Nenhum
2026-03-26 07:15:39 BRT [DEBUG  ]     P3 Funding Rate           +1/2 █ 0.0050% (leve positivo)
2026-03-26 07:15:39 BRT [DEBUG  ]     P7 Filtro Pump/Dump       +0/0 · OK (-5.1%)
2026-03-26 07:15:39 BRT [DEBUG  ]     P8 Volume 15m             +0/2 · Volume fraco (0.9x < 1.2x)
2026-03-26 07:15:39 BRT [DEBUG  ]     P9 OI Crescente           +0/2 · OI estável (-4.9% vs média, 6.8M)
2026-03-26 07:15:39 BRT [DEBUG  ]     TradeParams SHORT: SL=1.14% | notional=$439 | alav_margem=12.5x → cap=2x → alav=2.0x | margem=$219.47 ⚠️MARGEM $219>35 | risco=$5.00 | ganho=$10.00
2026-03-26 07:15:39 BRT [INFO   ]   📉 SHORT XPL: score=10/25 | entry=0.0950 | SL=1.14% | alav=2.0x ✅
2026-03-26 07:15:39 BRT [INFO   ]   ─ SHORT CRV: 15m=59 [penúltimo candle] | 1H=60 | 4H=60
2026-03-26 07:15:39 BRT [DEBUG  ]     find_swing_points: fallback window=3 aplicado (window=5 insuficiente: 5H/4L → 5H/4L)
2026-03-26 07:15:39 BRT [DEBUG  ]     find_swing_points: fallback window=3 aplicado (window=5 insuficiente: 5H/4L → 5H/4L)
2026-03-26 07:15:39 BRT [DEBUG  ]     find_swing_points: fallback window=3 aplicado (window=5 insuficiente: 5H/4L → 5H/4L)
2026-03-26 07:15:39 BRT [DEBUG  ]     find_swing_points: fallback window=3 aplicado (window=5 insuficiente: 4H/4L → 4H/4L)
2026-03-26 07:15:39 BRT [DEBUG  ]   SCORE CRV [SHORT]: 11/25 | DQ=100% | klines: 15m=✅ 1H=✅ 4H=✅
2026-03-26 07:15:39 BRT [DEBUG  ]     Contexto 4H               +0/0 · SELL (contexto SHORT, não pontuado)
2026-03-26 07:15:39 BRT [DEBUG  ]     P4 Liquidez 4H            +1/3 █ OB Bearish 4H (0.2150–0.2212)
2026-03-26 07:15:39 BRT [DEBUG  ]     P5 Figuras 4H             +1/2 █ Cunha Ascendente (pullback bearish)
2026-03-26 07:15:39 BRT [DEBUG  ]     P6 CHOCH/BOS 4H           +3/3 ███ CHOCH Bearish 4H (reversão confirmada)
2026-03-26 07:15:39 BRT [DEBUG  ]     P-1H Resistência 1H       +2/4 ██ OB Bearish 1H (0.2202–0.2243)
2026-03-26 07:15:39 BRT [DEBUG  ]     P1 Bollinger 15m          +3/3 ███ BB rompeu inferior (-1%) — momentum bearish
2026-03-26 07:15:39 BRT [DEBUG  ]     P2 Candles 15m            +0/4 · Nenhum
2026-03-26 07:15:39 BRT [DEBUG  ]     P3 Funding Rate           +1/2 █ 0.0100% (leve positivo)
2026-03-26 07:15:39 BRT [DEBUG  ]     P7 Filtro Pump/Dump       +0/0 · OK (-4.3%)
2026-03-26 07:15:39 BRT [DEBUG  ]     P8 Volume 15m             +0/2 · Volume fraco (0.8x < 1.2x)
2026-03-26 07:15:39 BRT [DEBUG  ]     P9 OI Crescente           +0/2 · OI estável (-5.1% vs média, 5.6M)
2026-03-26 07:15:39 BRT [DEBUG  ]     TradeParams SHORT: SL=0.82% | notional=$612 | alav_margem=17.5x → cap=2x → alav=2.0x | margem=$305.79 ⚠️MARGEM $306>35 | risco=$5.00 | ganho=$10.00
2026-03-26 07:15:39 BRT [INFO   ]   📉 SHORT CRV: score=11/25 | entry=0.2215 | SL=0.82% | alav=2.0x ✅
2026-03-26 07:15:39 BRT [INFO   ]   ─ SHORT NEAR: 15m=59 [penúltimo candle] | 1H=60 | 4H=60
2026-03-26 07:15:39 BRT [DEBUG  ]     find_swing_points: fallback window=3 aplicado (window=5 insuficiente: 6H/5L → 6H/5L)
2026-03-26 07:15:39 BRT [DEBUG  ]   SCORE NEAR [SHORT]: 10/25 | DQ=100% | klines: 15m=✅ 1H=✅ 4H=✅
2026-03-26 07:15:39 BRT [DEBUG  ]     Contexto 4H               +0/0 · STRONG_SELL (contexto SHORT, não pontuado)
2026-03-26 07:15:39 BRT [DEBUG  ]     P4 Liquidez 4H            +0/3 · Longe de resistências 4H
2026-03-26 07:15:39 BRT [DEBUG  ]     P5 Figuras 4H             +2/2 ██ Rising Wedge (reversão bearish)
2026-03-26 07:15:39 BRT [DEBUG  ]     P6 CHOCH/BOS 4H           +3/3 ███ CHOCH Bearish 4H (reversão confirmada)
2026-03-26 07:15:39 BRT [DEBUG  ]     P-1H Resistência 1H       +0/4 · Preço longe de resistências no 1H
2026-03-26 07:15:39 BRT [DEBUG  ]     P1 Bollinger 15m          +3/3 ███ BB rompeu inferior (-1%) — momentum bearish
2026-03-26 07:15:39 BRT [DEBUG  ]     P2 Candles 15m            +0/4 · Nenhum
2026-03-26 07:15:39 BRT [DEBUG  ]     P3 Funding Rate           +1/2 █ 0.0100% (leve positivo)
2026-03-26 07:15:39 BRT [DEBUG  ]     P7 Filtro Pump/Dump       +0/0 · OK (-5.8%)
2026-03-26 07:15:39 BRT [DEBUG  ]     P8 Volume 15m             +1/2 █ Volume adequado (1.4x média)
2026-03-26 07:15:39 BRT [DEBUG  ]     P9 OI Crescente           +0/2 · OI estável (-5.1% vs média, 12.7M)
2026-03-26 07:15:39 BRT [DEBUG  ]     TradeParams SHORT: SL=0.60% | notional=$832 | alav_margem=23.8x → cap=2x → alav=2.0x | margem=$415.90 ⚠️MARGEM $416>35 | risco=$5.00 | ganho=$10.00
2026-03-26 07:15:39 BRT [INFO   ]   📉 SHORT NEAR: score=10/25 | entry=1.2193 | SL=0.60% | alav=2.0x ✅
2026-03-26 07:15:39 BRT [INFO   ]   ─ SHORT ETH: 15m=59 [penúltimo candle] | 1H=60 | 4H=60
2026-03-26 07:15:39 BRT [DEBUG  ]     find_swing_points: fallback window=3 aplicado (window=5 insuficiente: 5H/3L → 5H/3L)
2026-03-26 07:15:39 BRT [DEBUG  ]   SCORE ETH [SHORT]: 6/25 | DQ=100% | klines: 15m=✅ 1H=✅ 4H=✅
2026-03-26 07:15:39 BRT [DEBUG  ]     Contexto 4H               +0/0 · SELL (contexto SHORT, não pontuado)
2026-03-26 07:15:39 BRT [DEBUG  ]     P4 Liquidez 4H            +1/3 █ OB Bearish 4H (2043.7100–2133.7300)
2026-03-26 07:15:39 BRT [DEBUG  ]     P5 Figuras 4H             +0/2 · Sem figuras bearish claras no 4H
2026-03-26 07:15:39 BRT [DEBUG  ]     P6 CHOCH/BOS 4H           +0/3 · Sem estrutura bearish no 4H
2026-03-26 07:15:39 BRT [DEBUG  ]     P-1H Resistência 1H       +0/4 · Preço longe de resistências no 1H
2026-03-26 07:15:39 BRT [DEBUG  ]     P1 Bollinger 15m          +3/3 ███ BB rompeu inferior (-3%) — momentum bearish
2026-03-26 07:15:39 BRT [DEBUG  ]     P2 Candles 15m            +0/4 · Nenhum
2026-03-26 07:15:39 BRT [DEBUG  ]     P3 Funding Rate           +1/2 █ 0.0100% (leve positivo)
2026-03-26 07:15:39 BRT [DEBUG  ]     P7 Filtro Pump/Dump       +0/0 · OK (-5.0%)
2026-03-26 07:15:39 BRT [DEBUG  ]     P8 Volume 15m             +1/2 █ Volume adequado (1.5x média)
2026-03-26 07:15:39 BRT [DEBUG  ]     P9 OI Crescente           +0/2 · OI estável (-1.2% vs média, 1533.9M)
2026-03-26 07:15:39 BRT [DEBUG  ]     TradeParams SHORT: SL=0.65% | notional=$766 | alav_margem=21.9x → cap=2x → alav=2.0x | margem=$383.14 ⚠️MARGEM $383>35 | risco=$5.00 | ganho=$10.00
2026-03-26 07:15:39 BRT [INFO   ]   📉 SHORT ETH: score=6/25 | entry=2076.5800 | SL=0.65% | alav=2.0x ✅
2026-03-26 07:15:39 BRT [INFO   ]   ─ SHORT POL: 15m=59 [penúltimo candle] | 1H=60 | 4H=60
2026-03-26 07:15:39 BRT [DEBUG  ]     find_swing_points: fallback window=3 aplicado (window=5 insuficiente: 5H/5L → 5H/5L)
2026-03-26 07:15:39 BRT [DEBUG  ]   SCORE POL [SHORT]: 8/25 | DQ=100% | klines: 15m=✅ 1H=✅ 4H=✅
2026-03-26 07:15:39 BRT [DEBUG  ]     Contexto 4H               +0/0 · STRONG_SELL (contexto SHORT, não pontuado)
2026-03-26 07:15:39 BRT [DEBUG  ]     P4 Liquidez 4H            +3/3 ███ Resistência 4H 0.0972 (2.43% acima) | OB Bearish 4H (0.0954–0.0978) | Confluência Res+OB Bearish
2026-03-26 07:15:39 BRT [DEBUG  ]     P5 Figuras 4H             +0/2 · Sem figuras bearish claras no 4H
2026-03-26 07:15:39 BRT [DEBUG  ]     P6 CHOCH/BOS 4H           +0/3 · Sem estrutura bearish no 4H
2026-03-26 07:15:39 BRT [DEBUG  ]     P-1H Resistência 1H       +2/4 ██ Resistência 1H em 0.0969 (2.14% acima)
2026-03-26 07:15:39 BRT [DEBUG  ]     P1 Bollinger 15m          +3/3 ███ BB rompeu inferior (-4%) — momentum bearish
2026-03-26 07:15:39 BRT [DEBUG  ]     P2 Candles 15m            +0/4 · Nenhum
2026-03-26 07:15:39 BRT [DEBUG  ]     P3 Funding Rate           +0/2 · -0.0036% (neutro)
2026-03-26 07:15:39 BRT [DEBUG  ]     P7 Filtro Pump/Dump       +0/0 · OK (-1.5%)
2026-03-26 07:15:39 BRT [DEBUG  ]     P8 Volume 15m             +0/2 · Volume fraco (0.5x < 1.2x)
2026-03-26 07:15:39 BRT [DEBUG  ]     P9 OI Crescente           +0/2 · OI estável (+0.4% vs média, 5.9M)
2026-03-26 07:15:39 BRT [DEBUG  ]     TradeParams SHORT: SL=0.48% | notional=$1040 | alav_margem=29.7x → cap=2x → alav=2.0x | margem=$519.93 ⚠️MARGEM $520>35 | risco=$5.00 | ganho=$10.00
2026-03-26 07:15:39 BRT [INFO   ]   📉 SHORT POL: score=8/25 | entry=0.0949 | SL=0.48% | alav=2.0x ✅
2026-03-26 07:15:39 BRT [INFO   ]   ─ SHORT SUI: 15m=59 [penúltimo candle] | 1H=60 | 4H=60
2026-03-26 07:15:39 BRT [DEBUG  ]   SCORE SUI [SHORT]: 10/25 | DQ=100% | klines: 15m=✅ 1H=✅ 4H=✅
2026-03-26 07:15:39 BRT [DEBUG  ]     Contexto 4H               +0/0 · STRONG_SELL (contexto SHORT, não pontuado)
2026-03-26 07:15:39 BRT [DEBUG  ]     P4 Liquidez 4H            +1/3 █ OB Bearish 4H (0.8991–0.9402)
2026-03-26 07:15:39 BRT [DEBUG  ]     P5 Figuras 4H             +1/2 █ Cunha Ascendente (pullback bearish)
2026-03-26 07:15:39 BRT [DEBUG  ]     P6 CHOCH/BOS 4H           +3/3 ███ CHOCH Bearish 4H (reversão confirmada)
2026-03-26 07:15:39 BRT [DEBUG  ]     P-1H Resistência 1H       +2/4 ██ OB Bearish 1H (0.9310–0.9471)
2026-03-26 07:15:39 BRT [DEBUG  ]     P1 Bollinger 15m          +3/3 ███ BB rompeu inferior (-6%) — momentum bearish
2026-03-26 07:15:39 BRT [DEBUG  ]     P2 Candles 15m            +0/4 · Nenhum
2026-03-26 07:15:39 BRT [DEBUG  ]     P3 Funding Rate           +0/2 · -0.0073% (neutro)
2026-03-26 07:15:39 BRT [DEBUG  ]     P7 Filtro Pump/Dump       +0/0 · OK (-4.2%)
2026-03-26 07:15:39 BRT [DEBUG  ]     P8 Volume 15m             +0/2 · Volume fraco (0.4x < 1.2x)
2026-03-26 07:15:39 BRT [DEBUG  ]     P9 OI Crescente           +0/2 · OI estável (-6.9% vs média, 23.5M)
2026-03-26 07:15:39 BRT [DEBUG  ]     TradeParams SHORT: SL=0.64% | notional=$781 | alav_margem=22.3x → cap=2x → alav=2.0x | margem=$390.35 ⚠️MARGEM $390>35 | risco=$5.00 | ganho=$10.00
2026-03-26 07:15:39 BRT [INFO   ]   📉 SHORT SUI: score=10/25 | entry=0.9237 | SL=0.64% | alav=2.0x ✅
2026-03-26 07:15:39 BRT [INFO   ]   ─ SHORT FIL: 15m=59 [penúltimo candle] | 1H=60 | 4H=60
2026-03-26 07:15:39 BRT [DEBUG  ]     find_swing_points: fallback window=3 aplicado (window=5 insuficiente: 6H/5L → 6H/5L)
2026-03-26 07:15:39 BRT [DEBUG  ]   SCORE FIL [SHORT]: 9/25 | DQ=100% | klines: 15m=✅ 1H=✅ 4H=✅
2026-03-26 07:15:39 BRT [DEBUG  ]     Contexto 4H               +0/0 · STRONG_SELL (contexto SHORT, não pontuado)
2026-03-26 07:15:39 BRT [DEBUG  ]     P4 Liquidez 4H            +1/3 █ OB Bearish 4H (0.8941–0.9034)
2026-03-26 07:15:39 BRT [DEBUG  ]     P5 Figuras 4H             +2/2 ██ Rising Wedge (reversão bearish)
2026-03-26 07:15:39 BRT [DEBUG  ]     P6 CHOCH/BOS 4H           +3/3 ███ CHOCH Bearish 4H (reversão confirmada)
2026-03-26 07:15:39 BRT [DEBUG  ]     P-1H Resistência 1H       +0/4 · Preço longe de resistências no 1H
2026-03-26 07:15:39 BRT [DEBUG  ]     P1 Bollinger 15m          +3/3 ███ BB rompeu inferior (-5%) — momentum bearish
2026-03-26 07:15:39 BRT [DEBUG  ]     P2 Candles 15m            +0/4 · Nenhum
2026-03-26 07:15:39 BRT [DEBUG  ]     P3 Funding Rate           +0/2 · -0.0014% (neutro)
2026-03-26 07:15:39 BRT [DEBUG  ]     P7 Filtro Pump/Dump       +0/0 · OK (-4.2%)
2026-03-26 07:15:39 BRT [DEBUG  ]     P8 Volume 15m             +0/2 · Volume fraco (0.3x < 1.2x)
2026-03-26 07:15:39 BRT [DEBUG  ]     P9 OI Crescente           +0/2 · OI estável (-8.9% vs média, 12.5M)
2026-03-26 07:15:39 BRT [DEBUG  ]     TradeParams SHORT: SL=0.69% | notional=$722 | alav_margem=20.6x → cap=2x → alav=2.0x | margem=$360.99 ⚠️MARGEM $361>35 | risco=$5.00 | ganho=$10.00
2026-03-26 07:15:39 BRT [INFO   ]   📉 SHORT FIL: score=9/25 | entry=0.8879 | SL=0.69% | alav=2.0x ✅
2026-03-26 07:15:39 BRT [INFO   ]   ─ SHORT UNI: 15m=59 [penúltimo candle] | 1H=60 | 4H=60
2026-03-26 07:15:39 BRT [DEBUG  ]     find_swing_points: fallback window=3 aplicado (window=5 insuficiente: 6H/4L → 6H/4L)
2026-03-26 07:15:39 BRT [DEBUG  ]   SCORE UNI [SHORT]: 9/25 | DQ=100% | klines: 15m=✅ 1H=✅ 4H=✅
2026-03-26 07:15:39 BRT [DEBUG  ]     Contexto 4H               +0/0 · SELL (contexto SHORT, não pontuado)
2026-03-26 07:15:39 BRT [DEBUG  ]     P4 Liquidez 4H            +1/3 █ OB Bearish 4H (3.5790–3.6050)
2026-03-26 07:15:39 BRT [DEBUG  ]     P5 Figuras 4H             +0/2 · Sem figuras bearish claras no 4H
2026-03-26 07:15:39 BRT [DEBUG  ]     P6 CHOCH/BOS 4H           +1/3 █ Estrutura 4H bearish (Lower Highs)
2026-03-26 07:15:39 BRT [DEBUG  ]     P-1H Resistência 1H       +4/4 ████ Resistência 1H em 3.6030 (1.55% acima) | OB Bearish 1H (3.5420–3.5940)
2026-03-26 07:15:39 BRT [DEBUG  ]     P1 Bollinger 15m          +3/3 ███ BB rompeu inferior (-0%) — momentum bearish
2026-03-26 07:15:39 BRT [DEBUG  ]     P2 Candles 15m            +0/4 · Nenhum
2026-03-26 07:15:39 BRT [DEBUG  ]     P3 Funding Rate           +0/2 · -0.0087% (neutro)
2026-03-26 07:15:39 BRT [DEBUG  ]     P7 Filtro Pump/Dump       +0/0 · OK (-4.1%)
2026-03-26 07:15:39 BRT [DEBUG  ]     P8 Volume 15m             +0/2 · Volume fraco (0.3x < 1.2x)
2026-03-26 07:15:39 BRT [DEBUG  ]     P9 OI Crescente           +0/2 · OI estável (-10.6% vs média, 11.3M)
2026-03-26 07:15:39 BRT [DEBUG  ]     TradeParams SHORT: SL=0.65% | notional=$765 | alav_margem=21.8x → cap=2x → alav=2.0x | margem=$382.28 ⚠️MARGEM $382>35 | risco=$5.00 | ganho=$10.00
2026-03-26 07:15:39 BRT [INFO   ]   📉 SHORT UNI: score=9/25 | entry=3.5480 | SL=0.65% | alav=2.0x ✅
2026-03-26 07:15:39 BRT [INFO   ]   ─ SHORT LINK: 15m=59 [penúltimo candle] | 1H=60 | 4H=60
2026-03-26 07:15:39 BRT [DEBUG  ]     find_swing_points: fallback window=3 aplicado (window=5 insuficiente: 4H/5L → 4H/5L)
2026-03-26 07:15:39 BRT [DEBUG  ]   SCORE LINK [SHORT]: 7/25 | DQ=100% | klines: 15m=✅ 1H=✅ 4H=✅
2026-03-26 07:15:39 BRT [DEBUG  ]     Contexto 4H               +0/0 · STRONG_SELL (contexto SHORT, não pontuado)
2026-03-26 07:15:39 BRT [DEBUG  ]     P4 Liquidez 4H            +1/3 █ OB Bearish 4H (9.0380–9.1130)
2026-03-26 07:15:39 BRT [DEBUG  ]     P5 Figuras 4H             +0/2 · Sem figuras bearish claras no 4H
2026-03-26 07:15:39 BRT [DEBUG  ]     P6 CHOCH/BOS 4H           +1/3 █ Estrutura 4H bearish (Lower Highs)
2026-03-26 07:15:39 BRT [DEBUG  ]     P-1H Resistência 1H       +2/4 ██ OB Bearish 1H (9.0570–9.1970)
2026-03-26 07:15:39 BRT [DEBUG  ]     P1 Bollinger 15m          +3/3 ███ BB rompeu inferior (-5%) — momentum bearish
2026-03-26 07:15:39 BRT [DEBUG  ]     P2 Candles 15m            +0/4 · Nenhum
2026-03-26 07:15:39 BRT [DEBUG  ]     P3 Funding Rate           +0/2 · -0.0030% (neutro)
2026-03-26 07:15:39 BRT [DEBUG  ]     P7 Filtro Pump/Dump       +0/0 · OK (-4.7%)
2026-03-26 07:15:39 BRT [DEBUG  ]     P8 Volume 15m             +0/2 · Volume fraco (1.1x < 1.2x)
2026-03-26 07:15:39 BRT [DEBUG  ]     P9 OI Crescente           +0/2 · OI estável (-6.2% vs média, 21.9M)
2026-03-26 07:15:39 BRT [DEBUG  ]     TradeParams SHORT: SL=0.60% | notional=$840 | alav_margem=24.0x → cap=2x → alav=2.0x | margem=$419.99 ⚠️MARGEM $420>35 | risco=$5.00 | ganho=$10.00
2026-03-26 07:15:39 BRT [INFO   ]   📉 SHORT LINK: score=7/25 | entry=8.9370 | SL=0.60% | alav=2.0x ✅
2026-03-26 07:15:39 BRT [INFO   ]   ─ SHORT ATOM: 15m=59 [penúltimo candle] | 1H=60 | 4H=60
2026-03-26 07:15:39 BRT [DEBUG  ]     find_swing_points: fallback window=3 aplicado (window=5 insuficiente: 4H/3L → 4H/3L)
2026-03-26 07:15:39 BRT [DEBUG  ]     find_swing_points: fallback window=3 aplicado (window=5 insuficiente: 4H/3L → 4H/3L)
2026-03-26 07:15:39 BRT [DEBUG  ]     find_swing_points: fallback window=3 aplicado (window=5 insuficiente: 4H/3L → 4H/3L)
2026-03-26 07:15:39 BRT [DEBUG  ]     find_swing_points: fallback window=3 aplicado (window=5 insuficiente: 4H/7L → 4H/7L)
2026-03-26 07:15:39 BRT [DEBUG  ]   SCORE ATOM [SHORT]: 4/25 | DQ=100% | klines: 15m=✅ 1H=✅ 4H=✅
2026-03-26 07:15:39 BRT [DEBUG  ]     Contexto 4H               +0/0 · STRONG_SELL (contexto SHORT, não pontuado)
2026-03-26 07:15:39 BRT [DEBUG  ]     P4 Liquidez 4H            +0/3 · Longe de resistências 4H
2026-03-26 07:15:39 BRT [DEBUG  ]     P5 Figuras 4H             +1/2 █ Cunha Ascendente (pullback bearish)
2026-03-26 07:15:39 BRT [DEBUG  ]     P6 CHOCH/BOS 4H           +0/3 · Sem estrutura bearish no 4H
2026-03-26 07:15:39 BRT [DEBUG  ]     P-1H Resistência 1H       +0/4 · Preço longe de resistências no 1H
2026-03-26 07:15:39 BRT [DEBUG  ]     P1 Bollinger 15m          +3/3 ███ BB rompeu inferior (-17%) — momentum bearish
2026-03-26 07:15:39 BRT [DEBUG  ]     P2 Candles 15m            +0/4 · Nenhum
2026-03-26 07:15:39 BRT [DEBUG  ]     P3 Funding Rate           +0/2 · -0.0208% (neutro)
2026-03-26 07:15:39 BRT [DEBUG  ]     P7 Filtro Pump/Dump       +0/0 · OK (-4.7%)
2026-03-26 07:15:39 BRT [DEBUG  ]     P8 Volume 15m             +0/2 · Volume fraco (0.5x < 1.2x)
2026-03-26 07:15:39 BRT [DEBUG  ]     P9 OI Crescente           +0/2 · OI estável (-6.0% vs média, 6.3M)
2026-03-26 07:15:39 BRT [DEBUG  ]     TradeParams SHORT: SL=0.49% | notional=$1023 | alav_margem=29.2x → cap=2x → alav=2.0x | margem=$511.53 ⚠️MARGEM $512>35 | risco=$5.00 | ganho=$10.00
2026-03-26 07:15:39 BRT [INFO   ]   📉 SHORT ATOM: score=4/25 | entry=1.7080 | SL=0.49% | alav=2.0x ✅
2026-03-26 07:15:39 BRT [INFO   ]   ─ SHORT ICP: 15m=59 [penúltimo candle] | 1H=60 | 4H=60
2026-03-26 07:15:39 BRT [DEBUG  ]   SCORE ICP [SHORT]: 7/25 | DQ=100% | klines: 15m=✅ 1H=✅ 4H=✅
2026-03-26 07:15:39 BRT [DEBUG  ]     Contexto 4H               +0/0 · STRONG_SELL (contexto SHORT, não pontuado)
2026-03-26 07:15:39 BRT [DEBUG  ]     P4 Liquidez 4H            +0/3 · Longe de resistências 4H
2026-03-26 07:15:39 BRT [DEBUG  ]     P5 Figuras 4H             +1/2 █ Cunha Ascendente (pullback bearish)
2026-03-26 07:15:39 BRT [DEBUG  ]     P6 CHOCH/BOS 4H           +3/3 ███ CHOCH Bearish 4H (reversão confirmada)
2026-03-26 07:15:39 BRT [DEBUG  ]     P-1H Resistência 1H       +0/4 · Preço longe de resistências no 1H
2026-03-26 07:15:39 BRT [DEBUG  ]     P1 Bollinger 15m          +3/3 ███ BB rompeu inferior (-1%) — momentum bearish
2026-03-26 07:15:39 BRT [DEBUG  ]     P2 Candles 15m            +0/4 · Nenhum
2026-03-26 07:15:39 BRT [DEBUG  ]     P3 Funding Rate           +0/2 · -0.0003% (neutro)
2026-03-26 07:15:39 BRT [DEBUG  ]     P7 Filtro Pump/Dump       +0/0 · OK (-3.9%)
2026-03-26 07:15:39 BRT [DEBUG  ]     P8 Volume 15m             +0/2 · Volume fraco (0.3x < 1.2x)
2026-03-26 07:15:39 BRT [DEBUG  ]     P9 OI Crescente           +0/2 · OI estável (-3.2% vs média, 6.9M)
2026-03-26 07:15:39 BRT [DEBUG  ]     TradeParams SHORT: SL=0.68% | notional=$735 | alav_margem=21.0x → cap=2x → alav=2.0x | margem=$367.25 ⚠️MARGEM $367>35 | risco=$5.00 | ganho=$10.00
2026-03-26 07:15:39 BRT [INFO   ]   📉 SHORT ICP: score=7/25 | entry=2.3050 | SL=0.68% | alav=2.0x ✅
2026-03-26 07:15:39 BRT [INFO   ]   ─ SHORT AVAX: 15m=59 [penúltimo candle] | 1H=60 | 4H=60
2026-03-26 07:15:39 BRT [DEBUG  ]     find_swing_points: fallback window=3 aplicado (window=5 insuficiente: 5H/5L → 5H/5L)
2026-03-26 07:15:39 BRT [DEBUG  ]   SCORE AVAX [SHORT]: 9/25 | DQ=100% | klines: 15m=✅ 1H=✅ 4H=✅
2026-03-26 07:15:39 BRT [DEBUG  ]     Contexto 4H               +0/0 · STRONG_SELL (contexto SHORT, não pontuado)
2026-03-26 07:15:39 BRT [DEBUG  ]     P4 Liquidez 4H            +1/3 █ OB Bearish 4H (9.0160–9.3750)
2026-03-26 07:15:39 BRT [DEBUG  ]     P5 Figuras 4H             +0/2 · Sem figuras bearish claras no 4H
2026-03-26 07:15:39 BRT [DEBUG  ]     P6 CHOCH/BOS 4H           +3/3 ███ CHOCH Bearish 4H (reversão confirmada)
2026-03-26 07:15:39 BRT [DEBUG  ]     P-1H Resistência 1H       +2/4 ██ OB Bearish 1H (9.3860–9.5500)
2026-03-26 07:15:39 BRT [DEBUG  ]     P1 Bollinger 15m          +3/3 ███ BB rompeu inferior (-6%) — momentum bearish
2026-03-26 07:15:39 BRT [DEBUG  ]     P2 Candles 15m            +0/4 · Nenhum
2026-03-26 07:15:39 BRT [DEBUG  ]     P3 Funding Rate           +0/2 · -0.0063% (neutro)
2026-03-26 07:15:39 BRT [DEBUG  ]     P7 Filtro Pump/Dump       +0/0 · OK (-4.7%)
2026-03-26 07:15:39 BRT [DEBUG  ]     P8 Volume 15m             +0/2 · Volume fraco (0.5x < 1.2x)
2026-03-26 07:15:39 BRT [DEBUG  ]     P9 OI Crescente           +0/2 · OI estável (-5.1% vs média, 17.4M)
2026-03-26 07:15:39 BRT [DEBUG  ]     TradeParams SHORT: SL=0.56% | notional=$895 | alav_margem=25.6x → cap=2x → alav=2.0x | margem=$447.38 ⚠️MARGEM $447>35 | risco=$5.00 | ganho=$10.00
2026-03-26 07:15:39 BRT [INFO   ]   📉 SHORT AVAX: score=9/25 | entry=9.2380 | SL=0.56% | alav=2.0x ✅
2026-03-26 07:15:39 BRT [INFO   ]   ─ SHORT BEAT: 15m=59 [penúltimo candle] | 1H=60 | 4H=60
2026-03-26 07:15:39 BRT [DEBUG  ]     find_swing_points: fallback window=3 aplicado (window=5 insuficiente: 5H/4L → 5H/4L)
2026-03-26 07:15:39 BRT [DEBUG  ]     find_swing_points: fallback window=3 aplicado (window=5 insuficiente: 5H/4L → 5H/4L)
2026-03-26 07:15:39 BRT [DEBUG  ]     find_swing_points: fallback window=3 aplicado (window=5 insuficiente: 5H/4L → 5H/4L)
2026-03-26 07:15:39 BRT [DEBUG  ]   SCORE BEAT [SHORT]: 4/25 | DQ=100% | klines: 15m=✅ 1H=✅ 4H=✅
2026-03-26 07:15:39 BRT [DEBUG  ]     Contexto 4H               +0/0 · SELL (contexto SHORT, não pontuado)
2026-03-26 07:15:39 BRT [DEBUG  ]     P4 Liquidez 4H            +1/3 █ OB Bearish 4H (0.5492–0.5638)
2026-03-26 07:15:39 BRT [DEBUG  ]     P5 Figuras 4H             +0/2 · Sem figuras bearish claras no 4H
2026-03-26 07:15:39 BRT [DEBUG  ]     P6 CHOCH/BOS 4H           +1/3 █ Estrutura 4H bearish (Lower Highs)
2026-03-26 07:15:39 BRT [DEBUG  ]     P-1H Resistência 1H       +0/4 · Preço longe de resistências no 1H
2026-03-26 07:15:39 BRT [DEBUG  ]     P1 Bollinger 15m          +0/3 · BB neutro (19%)
2026-03-26 07:15:39 BRT [DEBUG  ]     P2 Candles 15m            +0/4 · Nenhum
2026-03-26 07:15:39 BRT [DEBUG  ]     P3 Funding Rate           +2/2 ██ 0.0598% (longs excessivos — squeeze short potencial)
2026-03-26 07:15:39 BRT [DEBUG  ]     P7 Filtro Pump/Dump       +0/0 · OK (-10.8%)
2026-03-26 07:15:39 BRT [DEBUG  ]     P8 Volume 15m             +0/2 · Volume fraco (0.4x < 1.2x)
2026-03-26 07:15:39 BRT [DEBUG  ]     P9 OI Crescente           +0/2 · OI estável (-2.9% vs média, 9.7M)
2026-03-26 07:15:39 BRT [DEBUG  ]     TradeParams SHORT: SL=4.30% | notional=$116 | alav_margem=3.3x → cap=2x → alav=2.0x | margem=$58.08 ⚠️MARGEM $58>35 | risco=$5.00 | ganho=$10.00
2026-03-26 07:15:39 BRT [INFO   ]   📉 SHORT BEAT: score=4/25 | entry=0.5542 | SL=4.30% | alav=2.0x ✅
2026-03-26 07:15:39 BRT [INFO   ]   ─ SHORT IP: 15m=59 [penúltimo candle] | 1H=60 | 4H=60
2026-03-26 07:15:39 BRT [DEBUG  ]   SCORE IP [SHORT]: 6/25 | DQ=100% | klines: 15m=✅ 1H=✅ 4H=✅
2026-03-26 07:15:39 BRT [DEBUG  ]     Contexto 4H               +0/0 · SELL (contexto SHORT, não pontuado)
2026-03-26 07:15:39 BRT [DEBUG  ]     P4 Liquidez 4H            +0/3 · Longe de resistências 4H
2026-03-26 07:15:39 BRT [DEBUG  ]     P5 Figuras 4H             +1/2 █ Cunha Ascendente (pullback bearish)
2026-03-26 07:15:39 BRT [DEBUG  ]     P6 CHOCH/BOS 4H           +3/3 ███ CHOCH Bearish 4H (reversão confirmada)
2026-03-26 07:15:39 BRT [DEBUG  ]     P-1H Resistência 1H       +0/4 · Preço longe de resistências no 1H
2026-03-26 07:15:39 BRT [DEBUG  ]     P1 Bollinger 15m          +3/3 ███ BB rompeu inferior (-9%) — momentum bearish
2026-03-26 07:15:39 BRT [DEBUG  ]     P2 Candles 15m            +0/4 · Nenhum
2026-03-26 07:15:39 BRT [DEBUG  ]     P3 Funding Rate           -1/2 ▒ -0.0559% (shorts dominando — desfavorável para short)
2026-03-26 07:15:39 BRT [DEBUG  ]     P7 Filtro Pump/Dump       +0/0 · OK (-4.4%)
2026-03-26 07:15:39 BRT [DEBUG  ]     P8 Volume 15m             +0/2 · Volume fraco (0.6x < 1.2x)
2026-03-26 07:15:39 BRT [DEBUG  ]     P9 OI Crescente           +0/2 · OI estável (-1.4% vs média, 6.4M)
2026-03-26 07:15:39 BRT [DEBUG  ]     TradeParams SHORT: SL=1.02% | notional=$492 | alav_margem=14.0x → cap=2x → alav=2.0x | margem=$245.81 ⚠️MARGEM $246>35 | risco=$5.00 | ganho=$10.00
2026-03-26 07:15:39 BRT [INFO   ]   📉 SHORT IP: score=6/25 | entry=0.6170 | SL=1.02% | alav=2.0x ✅
2026-03-26 07:15:39 BRT [INFO   ]   ─ SHORT SHIB: 15m=59 [penúltimo candle] | 1H=60 | 4H=60
2026-03-26 07:15:39 BRT [DEBUG  ]     find_swing_points: fallback window=3 aplicado (window=5 insuficiente: 5H/5L → 5H/5L)
2026-03-26 07:15:39 BRT [DEBUG  ]     find_swing_points: fallback window=3 aplicado (window=5 insuficiente: 5H/5L → 5H/5L)
2026-03-26 07:15:39 BRT [DEBUG  ]     find_swing_points: fallback window=3 aplicado (window=5 insuficiente: 5H/5L → 5H/5L)
2026-03-26 07:15:39 BRT [DEBUG  ]   SCORE SHIB [SHORT]: 3/25 | DQ=100% | klines: 15m=✅ 1H=✅ 4H=✅
2026-03-26 07:15:39 BRT [DEBUG  ]     Contexto 4H               +0/0 · SELL (contexto SHORT, não pontuado)
2026-03-26 07:15:39 BRT [DEBUG  ]     P4 Liquidez 4H            +1/3 █ OB Bearish 4H (0.0000–0.0000)
2026-03-26 07:15:39 BRT [DEBUG  ]     P5 Figuras 4H             +1/2 █ Cunha Ascendente (pullback bearish)
2026-03-26 07:15:39 BRT [DEBUG  ]     P6 CHOCH/BOS 4H           +0/3 · Sem estrutura bearish no 4H
2026-03-26 07:15:39 BRT [DEBUG  ]     P-1H Resistência 1H       +0/4 · Preço longe de resistências no 1H
2026-03-26 07:15:39 BRT [DEBUG  ]     P1 Bollinger 15m          +0/3 · BB neutro (9%)
2026-03-26 07:15:39 BRT [DEBUG  ]     P2 Candles 15m            +0/4 · Nenhum
2026-03-26 07:15:39 BRT [DEBUG  ]     P3 Funding Rate           +1/2 █ 0.0030% (leve positivo)
2026-03-26 07:15:39 BRT [DEBUG  ]     P7 Filtro Pump/Dump       +0/0 · OK (-4.2%)
2026-03-26 07:15:39 BRT [DEBUG  ]     P8 Volume 15m             +0/2 · Volume fraco (0.1x < 1.2x)
2026-03-26 07:15:39 BRT [DEBUG  ]     P9 OI Crescente           +0/2 · OI estável (-3.5% vs média, 8.5M)
2026-03-26 07:15:39 BRT [DEBUG  ]     TradeParams SHORT: SL=0.52% | notional=$968 | alav_margem=27.7x → cap=2x → alav=2.0x | margem=$483.95 ⚠️MARGEM $484>35 | risco=$5.00 | ganho=$10.00
2026-03-26 07:15:39 BRT [INFO   ]   📉 SHORT SHIB: score=3/25 | entry=0.0000 | SL=0.52% | alav=2.0x ✅
2026-03-26 07:15:39 BRT [INFO   ]   ─ SHORT ARB: 15m=59 [penúltimo candle] | 1H=60 | 4H=60
2026-03-26 07:15:39 BRT [DEBUG  ]     find_swing_points: fallback window=3 aplicado (window=5 insuficiente: 9H/4L → 9H/4L)
2026-03-26 07:15:39 BRT [DEBUG  ]   SCORE ARB [SHORT]: 6/25 | DQ=100% | klines: 15m=✅ 1H=✅ 4H=✅
2026-03-26 07:15:39 BRT [DEBUG  ]     Contexto 4H               +0/0 · STRONG_SELL (contexto SHORT, não pontuado)
2026-03-26 07:15:39 BRT [DEBUG  ]     P4 Liquidez 4H            +1/3 █ OB Bearish 4H (0.0923–0.0948)
2026-03-26 07:15:39 BRT [DEBUG  ]     P5 Figuras 4H             +1/2 █ Cunha Ascendente (pullback bearish)
2026-03-26 07:15:39 BRT [DEBUG  ]     P6 CHOCH/BOS 4H           +3/3 ███ CHOCH Bearish 4H (reversão confirmada)
2026-03-26 07:15:39 BRT [DEBUG  ]     P-1H Resistência 1H       +0/4 · Preço longe de resistências no 1H
2026-03-26 07:15:39 BRT [DEBUG  ]     P1 Bollinger 15m          +0/3 · BB neutro (3%)
2026-03-26 07:15:39 BRT [DEBUG  ]     P2 Candles 15m            +0/4 · Nenhum
2026-03-26 07:15:39 BRT [DEBUG  ]     P3 Funding Rate           +1/2 █ 0.0004% (leve positivo)
2026-03-26 07:15:39 BRT [DEBUG  ]     P7 Filtro Pump/Dump       +0/0 · OK (-5.0%)
2026-03-26 07:15:39 BRT [DEBUG  ]     P8 Volume 15m             +0/2 · Volume fraco (0.6x < 1.2x)
2026-03-26 07:15:39 BRT [DEBUG  ]     P9 OI Crescente           +0/2 · OI estável (-4.2% vs média, 5.5M)
2026-03-26 07:15:39 BRT [DEBUG  ]     TradeParams SHORT: SL=0.66% | notional=$754 | alav_margem=21.6x → cap=2x → alav=2.0x | margem=$377.16 ⚠️MARGEM $377>35 | risco=$5.00 | ganho=$10.00
2026-03-26 07:15:39 BRT [INFO   ]   📉 SHORT ARB: score=6/25 | entry=0.0937 | SL=0.66% | alav=2.0x ✅
2026-03-26 07:15:39 BRT [INFO   ]   ─ SHORT ONDO: 15m=59 [penúltimo candle] | 1H=60 | 4H=60
2026-03-26 07:15:39 BRT [DEBUG  ]   SCORE ONDO [SHORT]: 4/25 | DQ=100% | klines: 15m=✅ 1H=✅ 4H=✅
2026-03-26 07:15:39 BRT [DEBUG  ]     Contexto 4H               +0/0 · SELL (contexto SHORT, não pontuado)
2026-03-26 07:15:39 BRT [DEBUG  ]     P4 Liquidez 4H            +1/3 █ OB Bearish 4H (0.2575–0.2601)
2026-03-26 07:15:39 BRT [DEBUG  ]     P5 Figuras 4H             +0/2 · Sem figuras bearish claras no 4H
2026-03-26 07:15:39 BRT [DEBUG  ]     P6 CHOCH/BOS 4H           +0/3 · Sem estrutura bearish no 4H
2026-03-26 07:15:39 BRT [DEBUG  ]     P-1H Resistência 1H       +2/4 ██ OB Bearish 1H (0.2535–0.2572)
2026-03-26 07:15:39 BRT [DEBUG  ]     P1 Bollinger 15m          +0/3 · BB neutro (8%)
2026-03-26 07:15:39 BRT [DEBUG  ]     P2 Candles 15m            +0/4 · Nenhum
2026-03-26 07:15:39 BRT [DEBUG  ]     P3 Funding Rate           +1/2 █ 0.0050% (leve positivo)
2026-03-26 07:15:39 BRT [DEBUG  ]     P7 Filtro Pump/Dump       +0/0 · OK (-1.9%)
2026-03-26 07:15:39 BRT [DEBUG  ]     P8 Volume 15m             +0/2 · Volume fraco (0.5x < 1.2x)
2026-03-26 07:15:39 BRT [DEBUG  ]     P9 OI Crescente           +0/2 · OI estável (-2.7% vs média, 5.2M)
2026-03-26 07:15:39 BRT [DEBUG  ]     TradeParams SHORT: SL=1.17% | notional=$428 | alav_margem=12.2x → cap=2x → alav=2.0x | margem=$213.75 ⚠️MARGEM $214>35 | risco=$5.00 | ganho=$10.00
2026-03-26 07:15:39 BRT [INFO   ]   📉 SHORT ONDO: score=4/25 | entry=0.2559 | SL=1.17% | alav=2.0x ✅
2026-03-26 07:15:39 BRT [INFO   ]   ─ SHORT ASTER: 15m=59 [penúltimo candle] | 1H=60 | 4H=60
2026-03-26 07:15:39 BRT [DEBUG  ]   SCORE ASTER [SHORT]: 7/25 | DQ=100% | klines: 15m=✅ 1H=✅ 4H=✅
2026-03-26 07:15:39 BRT [DEBUG  ]     Contexto 4H               +0/0 · SELL (contexto SHORT, não pontuado)
2026-03-26 07:15:39 BRT [DEBUG  ]     P4 Liquidez 4H            +1/3 █ OB Bearish 4H (0.6571–0.6682)
2026-03-26 07:15:39 BRT [DEBUG  ]     P5 Figuras 4H             +1/2 █ Cunha Ascendente (pullback bearish)
2026-03-26 07:15:39 BRT [DEBUG  ]     P6 CHOCH/BOS 4H           +0/3 · Sem estrutura bearish no 4H
2026-03-26 07:15:39 BRT [DEBUG  ]     P-1H Resistência 1H       +4/4 ████ Resistência 1H em 0.6727 (2.02% acima) | OB Bearish 1H (0.6505–0.6610)
2026-03-26 07:15:39 BRT [DEBUG  ]     P1 Bollinger 15m          +0/3 · BB neutro (34%)
2026-03-26 07:15:39 BRT [DEBUG  ]     P2 Candles 15m            +0/4 · Nenhum
2026-03-26 07:15:39 BRT [DEBUG  ]     P3 Funding Rate           +1/2 █ 0.0047% (leve positivo)
2026-03-26 07:15:39 BRT [DEBUG  ]     P7 Filtro Pump/Dump       +0/0 · OK (-1.3%)
2026-03-26 07:15:39 BRT [DEBUG  ]     P8 Volume 15m             +0/2 · Volume fraco (0.8x < 1.2x)
2026-03-26 07:15:39 BRT [DEBUG  ]     P9 OI Crescente           +0/2 · OI estável (-4.6% vs média, 7.9M)
2026-03-26 07:15:39 BRT [DEBUG  ]     TradeParams SHORT: SL=0.42% | notional=$1191 | alav_margem=34.0x → cap=2x → alav=2.0x | margem=$595.59 ⚠️MARGEM $596>35 | risco=$5.00 | ganho=$10.00
2026-03-26 07:15:39 BRT [INFO   ]   📉 SHORT ASTER: score=7/25 | entry=0.6594 | SL=0.42% | alav=2.0x ✅
2026-03-26 07:15:39 BRT [INFO   ]   ─ SHORT LIT: 15m=59 [penúltimo candle] | 1H=60 | 4H=60
2026-03-26 07:15:39 BRT [DEBUG  ]     find_swing_points: fallback window=3 aplicado (window=5 insuficiente: 5H/3L → 5H/3L)
2026-03-26 07:15:39 BRT [DEBUG  ]     find_swing_points: fallback window=3 aplicado (window=5 insuficiente: 5H/3L → 5H/3L)
2026-03-26 07:15:39 BRT [DEBUG  ]     find_swing_points: fallback window=3 aplicado (window=5 insuficiente: 5H/3L → 5H/3L)
2026-03-26 07:15:39 BRT [DEBUG  ]   SCORE LIT [SHORT]: 9/25 | DQ=100% | klines: 15m=✅ 1H=✅ 4H=✅
2026-03-26 07:15:39 BRT [DEBUG  ]     Contexto 4H               +0/0 · STRONG_SELL (contexto SHORT, não pontuado)
2026-03-26 07:15:39 BRT [DEBUG  ]     P4 Liquidez 4H            +0/3 · Longe de resistências 4H
2026-03-26 07:15:39 BRT [DEBUG  ]     P5 Figuras 4H             +1/2 █ Cunha Ascendente (pullback bearish)
2026-03-26 07:15:39 BRT [DEBUG  ]     P6 CHOCH/BOS 4H           +3/3 ███ CHOCH Bearish 4H (reversão confirmada)
2026-03-26 07:15:39 BRT [DEBUG  ]     P-1H Resistência 1H       +4/4 ████ Resistência 1H em 0.9640 (1.14% acima) | OB Bearish 1H (0.9460–0.9610)
2026-03-26 07:15:39 BRT [DEBUG  ]     P1 Bollinger 15m          +0/3 · BB neutro (30%)
2026-03-26 07:15:39 BRT [DEBUG  ]     P2 Candles 15m            +0/4 · Nenhum
2026-03-26 07:15:39 BRT [DEBUG  ]     P3 Funding Rate           +1/2 █ 0.0050% (leve positivo)
2026-03-26 07:15:39 BRT [DEBUG  ]     P7 Filtro Pump/Dump       +0/0 · OK (-3.3%)
2026-03-26 07:15:39 BRT [DEBUG  ]     P8 Volume 15m             +0/2 · Volume fraco (0.6x < 1.2x)
2026-03-26 07:15:39 BRT [DEBUG  ]     P9 OI Crescente           +0/2 · OI estável (-4.1% vs média, 5.7M)
2026-03-26 07:15:39 BRT [DEBUG  ]     TradeParams SHORT: SL=0.83% | notional=$599 | alav_margem=17.1x → cap=2x → alav=2.0x | margem=$299.65 ⚠️MARGEM $300>35 | risco=$5.00 | ganho=$10.00
2026-03-26 07:15:39 BRT [INFO   ]   📉 SHORT LIT: score=9/25 | entry=0.9531 | SL=0.83% | alav=2.0x ✅
2026-03-26 07:15:39 BRT [INFO   ] 
───────────────────────────────────────────────────────
2026-03-26 07:15:39 BRT [INFO   ]   ETAPA 4b — Análise leve LONG + SHORT (sem klines) [v6.3.0 A8]
2026-03-26 07:15:39 BRT [INFO   ] ───────────────────────────────────────────────────────
2026-03-26 07:15:39 BRT [DEBUG  ]   ZRO      score parcial SHORT=1/25 → Em Observação SHORT
2026-03-26 07:15:39 BRT [DEBUG  ]   TON      score parcial SHORT=1/25 → Em Observação SHORT
2026-03-26 07:15:39 BRT [DEBUG  ]   PEPE     score parcial SHORT=0/25 → Em Observação SHORT
2026-03-26 07:15:39 BRT [DEBUG  ]   PIPPIN   score parcial SHORT=0/25 → Em Observação SHORT
2026-03-26 07:15:39 BRT [DEBUG  ]   DOGE     score parcial SHORT=0/25 → Em Observação SHORT
2026-03-26 07:15:39 BRT [DEBUG  ]   ADA      score parcial SHORT=0/25 → Em Observação SHORT
2026-03-26 07:15:39 BRT [DEBUG  ]   WLFI     score parcial SHORT=0/25 → Em Observação SHORT
2026-03-26 07:15:39 BRT [DEBUG  ]   XRP      score parcial SHORT=0/25 → Em Observação SHORT
2026-03-26 07:15:39 BRT [DEBUG  ]   WLD      score parcial SHORT=0/25 → Em Observação SHORT
2026-03-26 07:15:39 BRT [DEBUG  ]   OP       score parcial SHORT=0/25 → Em Observação SHORT
2026-03-26 07:15:39 BRT [INFO   ] 
───────────────────────────────────────────────────────
2026-03-26 07:15:39 BRT [INFO   ]   ETAPA 5 — Contexto de Mercado e Relatório Bidirecional
2026-03-26 07:15:39 BRT [INFO   ] ───────────────────────────────────────────────────────
2026-03-26 07:15:39 BRT [INFO   ]   📚  Score history: 42 tokens rastreados
2026-03-26 07:15:39 BRT [DEBUG  ]   Contexto: FGI=10 | BTC=NEUTRAL | LONG=CAUTELOSO (Medo Extremo)(thr=20) | SHORT=MODERADO (Medo Extremo — mercado bearish)(thr=16) | risk_score=0
2026-03-26 07:15:39 BRT [INFO   ]   BTC 4H: NEUTRAL | Thr LONG: 20 (CAUTELOSO (Medo Extremo)) | Thr SHORT: 16 (MODERADO (Medo Extremo — mercado bearish))
2026-03-26 07:15:39 BRT [INFO   ]   Results LONG: 1 | SHORT: 20 | Obs LONG: 0 | Obs SHORT: 10
2026-03-26 07:15:39 BRT [INFO   ] 
───────────────────────────────────────────────────────
2026-03-26 07:15:39 BRT [INFO   ]   ETAPA 6 — Notificações Telegram
2026-03-26 07:15:39 BRT [INFO   ] ───────────────────────────────────────────────────────
2026-03-26 07:15:40 BRT [INFO   ]   📲  Telegram heartbeat: enviado ✅
2026-03-26 07:15:40 BRT [INFO   ]   📲  Telegram: 1/1 mensagens enviadas (1 heartbeat + 0 QUASE + 0 call)
2026-03-26 07:15:40 BRT [INFO   ] ==========================================================
🎯 SETUP ATIRADOR v6.6.2
📅 26/03/2026 07:15 BRT
📋 Log: atirador_LOG_20260326_0714.log
==========================================================
📊 CONTEXTO DE MERCADO
   Fear & Greed: 10 | BTC 4H: NEUTRAL
   LONG:  CAUTELOSO (Medo Extremo) | Threshold: 20 pts
   SHORT: MODERADO (Medo Extremo — mercado bearish) | Threshold: 16 pts
   Risk Score: 0
==========================================================

💼 SIZING Risk-First [v6.6.2]
   Banca: $100.00 | Risco fixo/trade: $5.00 | Margem máx/trade: $35

🔍 PIPELINE
   Fonte de dados: OKX (perpetuals USDT)
   Universo: 301 tokens | Qualificados: 40
   Gate 4H: LONG=5 | SHORT=34
   Gate 1H: LONG=1 | SHORT=34
   Análise completa: LONG=1 | SHORT=20 | Obs: LONG=0 SHORT=10
   ⚠️  Candle 15m em formação (39s) — usando penúltima vela. Próximo fechamento em 861s

──────────────────────────────────────────────────────────
📈 OPERAÇÕES LONG
──────────────────────────────────────────────────────────
ℹ️  Nenhum alerta LONG forte (score ≥ 20) no momento.
   Score máximo: 4/25 (faltam 16 pts)

──────────────────────────────────────────────────────────
📉 OPERAÇÕES SHORT
──────────────────────────────────────────────────────────
ℹ️  Nenhum alerta SHORT forte (score ≥ 16) no momento.
   Score máximo SHORT: 11/25 (faltam 5 pts)

🔎 RADAR SHORT — Score 5–15:
   ⚠️  Não operar — insuficiente. Monitorar.
   · CRV | 11/25 | SELL 4H
   · XPL | 10/25 | STRONG_SELL 4H
   · NEAR | 10/25 | STRONG_SELL 4H
   · SUI | 10/25 | STRONG_SELL 4H
   · FIL | 9/25 | STRONG_SELL 4H

----------------------------------------------------------
⏱️  Execução: 70.5s | Analisados: 301 tokens
📁 Estado diário: /tmp/atirador_state.json
📋 Log completo: /tmp/atirador_logs/atirador_LOG_20260326_0714.log

2026-03-26 07:15:40 BRT [INFO   ] ✅ Scan v6.6.2 concluído em 70.5s | Fonte: OKX | Log: /tmp/atirador_logs/atirador_LOG_20260326_0714.log
