2026-03-26 18:56:18 BRT [INFO   ] 📋 Log iniciado: /tmp/atirador_logs/atirador_LOG_20260326_1856.log
2026-03-26 18:56:18 BRT [INFO   ] 🚀 Setup Atirador v6.6.2 | Arquitetura 3 Camadas (LONG+SHORT) | Iniciando scan...
2026-03-26 18:56:18 BRT [INFO   ] 
───────────────────────────────────────────────────────
2026-03-26 18:56:18 BRT [INFO   ]   ETAPA 1 — Tickers (Bybit/Bitget) + Fear & Greed
2026-03-26 18:56:18 BRT [INFO   ] ───────────────────────────────────────────────────────
2026-03-26 18:56:18 BRT [INFO   ] 📡 [v6.6.2] Iniciando busca de tickers — hierarquia OKX → Gate.io → Bitget
2026-03-26 18:56:18 BRT [INFO   ]    Filtros: vol≥$2.0M | OI≥$5M | timeout=8s/fonte
2026-03-26 18:56:18 BRT [INFO   ]    [Nota] Fonte ideal seria CoinGlass API (pago ~$35/mês) — ver docstring
2026-03-26 18:56:18 BRT [INFO   ]   📡  [OKX] Tentando com tickers + OI real...
2026-03-26 18:56:18 BRT [DEBUG  ]   📡  [OKX] Buscando tickers...
2026-03-26 18:56:19 BRT [DEBUG  ]      ✅ Tickers: 301 itens em 0.44s
2026-03-26 18:56:19 BRT [DEBUG  ]   📡  [OKX] Buscando Open Interest...
2026-03-26 18:56:19 BRT [DEBUG  ]      ✅ OI: 301 itens em 0.72s
2026-03-26 18:56:19 BRT [DEBUG  ]   📡  [OKX] Buscando Funding Rates reais...
2026-03-26 18:57:37 BRT [DEBUG  ]   📡  [OKX FR] Funding rates obtidos: 282/282 | erros: 0
2026-03-26 18:57:37 BRT [DEBUG  ]      ✅ FR: 282 tokens com funding rate em 78.22s
2026-03-26 18:57:37 BRT [DEBUG  ]      ✅ Mesclados: 301/301 com OI real em 78.22s
2026-03-26 18:57:37 BRT [INFO   ]   ✅  [OKX] Fonte ativa (com OI real) | 301 brutos → 38 qualificados
2026-03-26 18:57:37 BRT [INFO   ]   Fonte de dados: OKX | Universo: 301 brutos → 38 qualificados
2026-03-26 18:57:37 BRT [INFO   ]   Analisando todos os 38 tokens qualificados: ['PEPE', 'SHIB', 'PUMP', 'DOGE', 'PIPPIN', 'BEAT', 'ADA', 'XPL', 'WLFI', 'OP']...
2026-03-26 18:57:37 BRT [DEBUG  ]   TV batch: 38 tokens (.P perpétuo) | cols: ['Recommend.All|240', 'RSI|240']
2026-03-26 18:57:37 BRT [DEBUG  ]   Buscando Fear & Greed Index...
2026-03-26 18:57:37 BRT [DEBUG  ]   ✅  TV batch BYBIT: 35/38 retornados | 0.09s
2026-03-26 18:57:37 BRT [WARNING]   ⚠️  TV BYBIT: 3 sem retorno: ['PEPEUSDT', 'SHIBUSDT', 'PUMPUSDT']
2026-03-26 18:57:37 BRT [INFO   ]   🔄  [v5.1] Tentando prefixo BITGET: para 3 tokens sem dados...
2026-03-26 18:57:37 BRT [INFO   ]   ✅  TV BITGET: recuperados 3: ['PEPEUSDT', 'SHIBUSDT', 'PUMPUSDT'] | 0.02s
2026-03-26 18:57:37 BRT [DEBUG  ]   GET https://api.alternative.me/fng/?limit=1
2026-03-26 18:57:37 BRT [DEBUG  ]       → HTTP 200 | 0.2KB | enc:gzip | 0.18s
2026-03-26 18:57:37 BRT [INFO   ]   📊 Fear & Greed: 10 (Extreme Fear)
2026-03-26 18:57:37 BRT [INFO   ] 
───────────────────────────────────────────────────────
2026-03-26 18:57:37 BRT [INFO   ]   GATE 1 — Direção 4H (LONG: não SELL | SHORT: não BUY)
2026-03-26 18:57:37 BRT [INFO   ] ───────────────────────────────────────────────────────
2026-03-26 18:57:37 BRT [DEBUG  ]   ❌  PEPE     4H=SELL (val=-0.2212) RSI=47.8 — LONG REJEITADO
2026-03-26 18:57:37 BRT [DEBUG  ]   📉  PEPE     4H=SELL (val=-0.2212) RSI=47.8 — SHORT CANDIDATO
2026-03-26 18:57:37 BRT [DEBUG  ]   ❌  SHIB     4H=SELL (val=-0.1545) RSI=45.7 — LONG REJEITADO
2026-03-26 18:57:37 BRT [DEBUG  ]   📉  SHIB     4H=SELL (val=-0.1545) RSI=45.7 — SHORT CANDIDATO
2026-03-26 18:57:37 BRT [DEBUG  ]   ❌  PUMP     4H=SELL (val=-0.3091) RSI=44.7 — LONG REJEITADO
2026-03-26 18:57:37 BRT [DEBUG  ]   📉  PUMP     4H=SELL (val=-0.3091) RSI=44.7 — SHORT CANDIDATO
2026-03-26 18:57:37 BRT [DEBUG  ]   ❌  DOGE     4H=SELL (val=-0.3545) RSI=44.5 — LONG REJEITADO
2026-03-26 18:57:37 BRT [DEBUG  ]   📉  DOGE     4H=SELL (val=-0.3545) RSI=44.5 — SHORT CANDIDATO
2026-03-26 18:57:37 BRT [DEBUG  ]   ❌  PIPPIN   4H=SELL (val=-0.4212) RSI=32.2 — LONG REJEITADO
2026-03-26 18:57:37 BRT [DEBUG  ]   📉  PIPPIN   4H=SELL (val=-0.4212) RSI=32.2 — SHORT CANDIDATO
2026-03-26 18:57:37 BRT [DEBUG  ]   ❌  BEAT     4H=SELL (val=-0.1333) RSI=42.5 — LONG REJEITADO
2026-03-26 18:57:37 BRT [DEBUG  ]   📉  BEAT     4H=SELL (val=-0.1333) RSI=42.5 — SHORT CANDIDATO
2026-03-26 18:57:37 BRT [DEBUG  ]   ❌  ADA      4H=SELL (val=-0.2182) RSI=40.1 — LONG REJEITADO
2026-03-26 18:57:37 BRT [DEBUG  ]   📉  ADA      4H=SELL (val=-0.2182) RSI=40.1 — SHORT CANDIDATO
2026-03-26 18:57:37 BRT [DEBUG  ]   ❌  XPL      4H=SELL (val=-0.3091) RSI=45.1 — LONG REJEITADO
2026-03-26 18:57:37 BRT [DEBUG  ]   📉  XPL      4H=SELL (val=-0.3091) RSI=45.1 — SHORT CANDIDATO
2026-03-26 18:57:37 BRT [DEBUG  ]   ❌  WLFI     4H=SELL (val=-0.1970) RSI=45.7 — LONG REJEITADO
2026-03-26 18:57:37 BRT [DEBUG  ]   📉  WLFI     4H=SELL (val=-0.1970) RSI=45.7 — SHORT CANDIDATO
2026-03-26 18:57:37 BRT [DEBUG  ]   ❌  OP       4H=SELL (val=-0.3545) RSI=39.5 — LONG REJEITADO
2026-03-26 18:57:37 BRT [DEBUG  ]   📉  OP       4H=SELL (val=-0.3545) RSI=39.5 — SHORT CANDIDATO
2026-03-26 18:57:37 BRT [DEBUG  ]   ❌  WLD      4H=SELL (val=-0.2636) RSI=31.0 — LONG REJEITADO
2026-03-26 18:57:37 BRT [DEBUG  ]   📉  WLD      4H=SELL (val=-0.2636) RSI=31.0 — SHORT CANDIDATO
2026-03-26 18:57:37 BRT [DEBUG  ]   ❌  XRP      4H=SELL (val=-0.3091) RSI=39.9 — LONG REJEITADO
2026-03-26 18:57:37 BRT [DEBUG  ]   📉  XRP      4H=SELL (val=-0.3091) RSI=39.9 — SHORT CANDIDATO
2026-03-26 18:57:37 BRT [DEBUG  ]   ❌  CRV      4H=SELL (val=-0.2636) RSI=41.7 — LONG REJEITADO
2026-03-26 18:57:37 BRT [DEBUG  ]   📉  CRV      4H=SELL (val=-0.2636) RSI=41.7 — SHORT CANDIDATO
2026-03-26 18:57:37 BRT [DEBUG  ]   ❌  HBAR     4H=SELL (val=-0.2636) RSI=44.3 — LONG REJEITADO
2026-03-26 18:57:37 BRT [DEBUG  ]   📉  HBAR     4H=SELL (val=-0.2636) RSI=44.3 — SHORT CANDIDATO
2026-03-26 18:57:37 BRT [DEBUG  ]   ✅  TRX      4H=BUY (val=0.3333) RSI=52.2 — LONG PASSOU
2026-03-26 18:57:37 BRT [DEBUG  ]   ✅  ONDO     4H=STRONG_BUY (val=0.5576) RSI=56.0 — LONG PASSOU
2026-03-26 18:57:37 BRT [DEBUG  ]   ❌  FIL      4H=SELL (val=-0.2636) RSI=37.4 — LONG REJEITADO
2026-03-26 18:57:37 BRT [DEBUG  ]   📉  FIL      4H=SELL (val=-0.2636) RSI=37.4 — SHORT CANDIDATO
2026-03-26 18:57:37 BRT [DEBUG  ]   ✅  XLM      4H=BUY (val=0.4000) RSI=56.6 — LONG PASSOU
2026-03-26 18:57:37 BRT [DEBUG  ]   ❌  POL      4H=SELL (val=-0.3091) RSI=45.3 — LONG REJEITADO
2026-03-26 18:57:37 BRT [DEBUG  ]   📉  POL      4H=SELL (val=-0.3091) RSI=45.3 — SHORT CANDIDATO
2026-03-26 18:57:37 BRT [DEBUG  ]   ❌  SUI      4H=SELL (val=-0.2636) RSI=44.5 — LONG REJEITADO
2026-03-26 18:57:37 BRT [DEBUG  ]   📉  SUI      4H=SELL (val=-0.2636) RSI=44.5 — SHORT CANDIDATO
2026-03-26 18:57:37 BRT [DEBUG  ]   ❌  IP       4H=SELL (val=-0.2636) RSI=32.7 — LONG REJEITADO
2026-03-26 18:57:37 BRT [DEBUG  ]   📉  IP       4H=SELL (val=-0.2636) RSI=32.7 — SHORT CANDIDATO
2026-03-26 18:57:37 BRT [DEBUG  ]   ❌  DOT      4H=SELL (val=-0.3091) RSI=32.4 — LONG REJEITADO
2026-03-26 18:57:37 BRT [DEBUG  ]   📉  DOT      4H=SELL (val=-0.3091) RSI=32.4 — SHORT CANDIDATO
2026-03-26 18:57:37 BRT [DEBUG  ]   ✅  ASTER    4H=NEUTRAL (val=0.0909) RSI=49.7 — LONG PASSOU
2026-03-26 18:57:37 BRT [DEBUG  ]   ❌  RIVER    4H=SELL (val=-0.2636) RSI=25.5 — LONG REJEITADO
2026-03-26 18:57:37 BRT [DEBUG  ]   ⛔  RIVER    4H=SELL RSI=25.5 — SHORT REJEITADO (RSI<30, exausto)
2026-03-26 18:57:37 BRT [DEBUG  ]   ❌  TRUMP    4H=SELL (val=-0.2636) RSI=36.9 — LONG REJEITADO
2026-03-26 18:57:37 BRT [DEBUG  ]   📉  TRUMP    4H=SELL (val=-0.2636) RSI=36.9 — SHORT CANDIDATO
2026-03-26 18:57:37 BRT [DEBUG  ]   ❌  NEAR     4H=SELL (val=-0.3091) RSI=36.1 — LONG REJEITADO
2026-03-26 18:57:37 BRT [DEBUG  ]   📉  NEAR     4H=SELL (val=-0.3091) RSI=36.1 — SHORT CANDIDATO
2026-03-26 18:57:37 BRT [DEBUG  ]   ✅  APT      4H=BUY (val=0.2455) RSI=52.0 — LONG PASSOU
2026-03-26 18:57:37 BRT [DEBUG  ]   ❌  SOL      4H=SELL (val=-0.2636) RSI=40.2 — LONG REJEITADO
2026-03-26 18:57:37 BRT [DEBUG  ]   📉  SOL      4H=SELL (val=-0.2636) RSI=40.2 — SHORT CANDIDATO
2026-03-26 18:57:37 BRT [DEBUG  ]   ❌  LIT      4H=SELL (val=-0.4212) RSI=31.8 — LONG REJEITADO
2026-03-26 18:57:37 BRT [DEBUG  ]   📉  LIT      4H=SELL (val=-0.4212) RSI=31.8 — SHORT CANDIDATO
2026-03-26 18:57:37 BRT [DEBUG  ]   ❌  UNI      4H=SELL (val=-0.3545) RSI=43.5 — LONG REJEITADO
2026-03-26 18:57:37 BRT [DEBUG  ]   📉  UNI      4H=SELL (val=-0.3545) RSI=43.5 — SHORT CANDIDATO
2026-03-26 18:57:37 BRT [DEBUG  ]   ✅  ZRO      4H=BUY (val=0.3788) RSI=52.4 — LONG PASSOU
2026-03-26 18:57:37 BRT [DEBUG  ]   ❌  LINK     4H=SELL (val=-0.3091) RSI=43.1 — LONG REJEITADO
2026-03-26 18:57:37 BRT [DEBUG  ]   📉  LINK     4H=SELL (val=-0.3091) RSI=43.1 — SHORT CANDIDATO
2026-03-26 18:57:37 BRT [DEBUG  ]   ❌  ETH      4H=SELL (val=-0.2424) RSI=39.0 — LONG REJEITADO
2026-03-26 18:57:37 BRT [DEBUG  ]   📉  ETH      4H=SELL (val=-0.2424) RSI=39.0 — SHORT CANDIDATO
2026-03-26 18:57:37 BRT [DEBUG  ]   ❌  AVAX     4H=SELL (val=-0.2636) RSI=36.9 — LONG REJEITADO
2026-03-26 18:57:37 BRT [DEBUG  ]   📉  AVAX     4H=SELL (val=-0.2636) RSI=36.9 — SHORT CANDIDATO
2026-03-26 18:57:37 BRT [DEBUG  ]   ❌  ATOM     4H=SELL (val=-0.2636) RSI=31.2 — LONG REJEITADO
2026-03-26 18:57:37 BRT [DEBUG  ]   📉  ATOM     4H=SELL (val=-0.2636) RSI=31.2 — SHORT CANDIDATO
2026-03-26 18:57:37 BRT [DEBUG  ]   ❌  ICP      4H=SELL (val=-0.3091) RSI=36.3 — LONG REJEITADO
2026-03-26 18:57:37 BRT [DEBUG  ]   📉  ICP      4H=SELL (val=-0.3091) RSI=36.3 — SHORT CANDIDATO
2026-03-26 18:57:37 BRT [DEBUG  ]   ❌  TON      4H=SELL (val=-0.4455) RSI=38.1 — LONG REJEITADO
2026-03-26 18:57:37 BRT [DEBUG  ]   📉  TON      4H=SELL (val=-0.4455) RSI=38.1 — SHORT CANDIDATO
2026-03-26 18:57:37 BRT [DEBUG  ]   ✅  HYPE     4H=NEUTRAL (val=0.0242) RSI=47.8 — LONG PASSOU
2026-03-26 18:57:37 BRT [INFO   ]   Gate 4H: LONG=7 | SHORT=30 | sem dados TV=0 | universo=38
2026-03-26 18:57:37 BRT [INFO   ] 
───────────────────────────────────────────────────────
2026-03-26 18:57:37 BRT [INFO   ]   GATE 2 — Estrutura 1H (LONG: BUY+ | SHORT: SELL+)
2026-03-26 18:57:37 BRT [INFO   ] ───────────────────────────────────────────────────────
2026-03-26 18:57:37 BRT [DEBUG  ]   TV batch: 37 tokens (.P perpétuo) | cols: ['Recommend.All|60']
2026-03-26 18:57:37 BRT [DEBUG  ]   ✅  TV batch BYBIT: 34/37 retornados | 0.02s
2026-03-26 18:57:37 BRT [WARNING]   ⚠️  TV BYBIT: 3 sem retorno: ['PEPEUSDT', 'SHIBUSDT', 'PUMPUSDT']
2026-03-26 18:57:37 BRT [INFO   ]   🔄  [v5.1] Tentando prefixo BITGET: para 3 tokens sem dados...
2026-03-26 18:57:37 BRT [INFO   ]   ✅  TV BITGET: recuperados 3: ['PEPEUSDT', 'SHIBUSDT', 'PUMPUSDT'] | 0.02s
2026-03-26 18:57:37 BRT [DEBUG  ]   ❌  TRX      1H=NEUTRAL (val=0.0000) — LONG REJEITADO
2026-03-26 18:57:37 BRT [DEBUG  ]   ✅  ONDO     1H=STRONG_BUY (val=0.5576) — LONG PASSOU
2026-03-26 18:57:37 BRT [DEBUG  ]   ✅  XLM      1H=BUY (val=0.1788) — LONG PASSOU
2026-03-26 18:57:37 BRT [DEBUG  ]   ✅  ASTER    1H=BUY (val=0.4697) — LONG PASSOU
2026-03-26 18:57:37 BRT [DEBUG  ]   ✅  APT      1H=BUY (val=0.2242) — LONG PASSOU
2026-03-26 18:57:37 BRT [DEBUG  ]   ✅  ZRO      1H=BUY (val=0.4455) — LONG PASSOU
2026-03-26 18:57:37 BRT [DEBUG  ]   ❌  HYPE     1H=SELL (val=-0.2667) — LONG REJEITADO
2026-03-26 18:57:37 BRT [DEBUG  ]   ❌  PEPE     1H=NEUTRAL (val=0.0242) — SHORT REJEITADO (não SELL no 1H)
2026-03-26 18:57:37 BRT [DEBUG  ]   📉  SHIB     1H=SELL (val=-0.1091) — SHORT PASSOU
2026-03-26 18:57:37 BRT [DEBUG  ]   📉  PUMP     1H=SELL (val=-0.2212) — SHORT PASSOU
2026-03-26 18:57:37 BRT [DEBUG  ]   ❌  DOGE     1H=NEUTRAL (val=-0.0212) — SHORT REJEITADO (não SELL no 1H)
2026-03-26 18:57:37 BRT [DEBUG  ]   📉  PIPPIN   1H=SELL (val=-0.4909) — SHORT PASSOU
2026-03-26 18:57:37 BRT [DEBUG  ]   📉  BEAT     1H=STRONG_SELL (val=-0.5121) — SHORT PASSOU
2026-03-26 18:57:37 BRT [DEBUG  ]   📉  ADA      1H=SELL (val=-0.2667) — SHORT PASSOU
2026-03-26 18:57:37 BRT [DEBUG  ]   📉  XPL      1H=SELL (val=-0.2667) — SHORT PASSOU
2026-03-26 18:57:37 BRT [DEBUG  ]   📉  WLFI     1H=SELL (val=-0.1091) — SHORT PASSOU
2026-03-26 18:57:37 BRT [DEBUG  ]   ❌  OP       1H=NEUTRAL (val=-0.0424) — SHORT REJEITADO (não SELL no 1H)
2026-03-26 18:57:37 BRT [DEBUG  ]   📉  WLD      1H=SELL (val=-0.2636) — SHORT PASSOU
2026-03-26 18:57:37 BRT [DEBUG  ]   📉  XRP      1H=SELL (val=-0.2667) — SHORT PASSOU
2026-03-26 18:57:37 BRT [DEBUG  ]   📉  CRV      1H=SELL (val=-0.3333) — SHORT PASSOU
2026-03-26 18:57:37 BRT [DEBUG  ]   📉  HBAR     1H=SELL (val=-0.2212) — SHORT PASSOU
2026-03-26 18:57:37 BRT [DEBUG  ]   📉  FIL      1H=SELL (val=-0.3091) — SHORT PASSOU
2026-03-26 18:57:37 BRT [DEBUG  ]   📉  POL      1H=SELL (val=-0.2667) — SHORT PASSOU
2026-03-26 18:57:37 BRT [DEBUG  ]   📉  SUI      1H=SELL (val=-0.1091) — SHORT PASSOU
2026-03-26 18:57:37 BRT [DEBUG  ]   📉  IP       1H=SELL (val=-0.3788) — SHORT PASSOU
2026-03-26 18:57:37 BRT [DEBUG  ]   📉  DOT      1H=SELL (val=-0.1545) — SHORT PASSOU
2026-03-26 18:57:37 BRT [DEBUG  ]   📉  TRUMP    1H=SELL (val=-0.1758) — SHORT PASSOU
2026-03-26 18:57:37 BRT [DEBUG  ]   📉  NEAR     1H=SELL (val=-0.1758) — SHORT PASSOU
2026-03-26 18:57:37 BRT [DEBUG  ]   📉  SOL      1H=SELL (val=-0.4000) — SHORT PASSOU
2026-03-26 18:57:37 BRT [DEBUG  ]   📉  LIT      1H=SELL (val=-0.4000) — SHORT PASSOU
2026-03-26 18:57:37 BRT [DEBUG  ]   📉  UNI      1H=SELL (val=-0.3121) — SHORT PASSOU
2026-03-26 18:57:37 BRT [DEBUG  ]   📉  LINK     1H=SELL (val=-0.3121) — SHORT PASSOU
2026-03-26 18:57:37 BRT [DEBUG  ]   📉  ETH      1H=SELL (val=-0.3121) — SHORT PASSOU
2026-03-26 18:57:37 BRT [DEBUG  ]   📉  AVAX     1H=SELL (val=-0.4000) — SHORT PASSOU
2026-03-26 18:57:37 BRT [DEBUG  ]   📉  ATOM     1H=SELL (val=-0.2636) — SHORT PASSOU
2026-03-26 18:57:37 BRT [DEBUG  ]   📉  ICP      1H=SELL (val=-0.3121) — SHORT PASSOU
2026-03-26 18:57:37 BRT [DEBUG  ]   📉  TON      1H=SELL (val=-0.4455) — SHORT PASSOU
2026-03-26 18:57:37 BRT [INFO   ]   Gate 1H: LONG=5 | SHORT=27 | rejeitados=2
2026-03-26 18:57:37 BRT [INFO   ] 
───────────────────────────────────────────────────────
2026-03-26 18:57:37 BRT [INFO   ]   ETAPA 3 — Indicadores 15m (TradingView) — LONG + SHORT [v6.4.1]
2026-03-26 18:57:37 BRT [INFO   ] ───────────────────────────────────────────────────────
2026-03-26 18:57:37 BRT [DEBUG  ]   TV batch: 32 tokens (.P perpétuo) | cols: ['BB.upper|15', 'BB.lower|15', 'ATR|15']
2026-03-26 18:57:37 BRT [DEBUG  ]   ✅  TV batch BYBIT: 30/32 retornados | 0.02s
2026-03-26 18:57:37 BRT [WARNING]   ⚠️  TV BYBIT: 2 sem retorno: ['SHIBUSDT', 'PUMPUSDT']
2026-03-26 18:57:37 BRT [INFO   ]   🔄  [v5.1] Tentando prefixo BITGET: para 2 tokens sem dados...
2026-03-26 18:57:37 BRT [INFO   ]   ✅  TV BITGET: recuperados 2: ['SHIBUSDT', 'PUMPUSDT'] | 0.02s
2026-03-26 18:57:37 BRT [DEBUG  ]   TV batch: 32 tokens (.P perpétuo) | cols: ['Candle.Engulfing.Bullish|15', 'Candle.Hammer|15', 'Candle.MorningStar|15', 'Candle.3WhiteSoldiers|15', 'Candle.Harami.Bullish|15', 'Candle.Doji.Dragonfly|15', 'Candle.Engulfing.Bearish|15', 'Candle.ShootingStar|15', 'Candle.EveningStar|15', 'Candle.3BlackCrows|15', 'Candle.Harami.Bearish|15']
2026-03-26 18:57:37 BRT [DEBUG  ]   ✅  TV batch BYBIT: 30/32 retornados | 0.02s
2026-03-26 18:57:37 BRT [WARNING]   ⚠️  TV BYBIT: 2 sem retorno: ['SHIBUSDT', 'PUMPUSDT']
2026-03-26 18:57:37 BRT [INFO   ]   🔄  [v5.1] Tentando prefixo BITGET: para 2 tokens sem dados...
2026-03-26 18:57:37 BRT [INFO   ]   ✅  TV BITGET: recuperados 2: ['SHIBUSDT', 'PUMPUSDT'] | 0.02s
2026-03-26 18:57:37 BRT [INFO   ]   TV 15m: tech=32/32 | candles=32/32
2026-03-26 18:57:37 BRT [DEBUG  ]   ONDO     ATR=0.0022 | BB_lower=0.2574 | BB_upper=0.2667 | FR=0.00005
2026-03-26 18:57:37 BRT [DEBUG  ]   XLM      ATR=0.0008 | BB_lower=0.1709 | BB_upper=0.1741 | FR=0.00010
2026-03-26 18:57:37 BRT [DEBUG  ]   ASTER    ATR=0.0019 | BB_lower=0.6577 | BB_upper=0.6683 | FR=0.00004
2026-03-26 18:57:37 BRT [DEBUG  ]   APT      ATR=0.0065 | BB_lower=1.0251 | BB_upper=1.0406 | FR=0.00001
2026-03-26 18:57:37 BRT [DEBUG  ]   ZRO      ATR=0.0194 | BB_lower=2.0911 | BB_upper=2.1859 | FR=-0.00017
2026-03-26 18:57:37 BRT [DEBUG  ]   SHIB     ATR=0.0000 | BB_lower=0.0000 | BB_upper=0.0000 | FR=0.00002
2026-03-26 18:57:37 BRT [DEBUG  ]   PUMP     ATR=0.0000 | BB_lower=0.0017 | BB_upper=0.0018 | FR=0.00005
2026-03-26 18:57:37 BRT [DEBUG  ]   PIPPIN   ATR=0.0015 | BB_lower=0.0521 | BB_upper=0.0575 | FR=0.00025
2026-03-26 18:57:37 BRT [DEBUG  ]   BEAT     ATR=0.0105 | BB_lower=0.5759 | BB_upper=0.5950 | FR=0.00083
2026-03-26 18:57:37 BRT [DEBUG  ]   ADA      ATR=0.0012 | BB_lower=0.2524 | BB_upper=0.2574 | FR=-0.00004
2026-03-26 18:57:37 BRT [DEBUG  ]   XPL      ATR=0.0008 | BB_lower=0.0909 | BB_upper=0.0946 | FR=0.00005
2026-03-26 18:57:37 BRT [DEBUG  ]   WLFI     ATR=0.0006 | BB_lower=0.0964 | BB_upper=0.0990 | FR=0.00005
2026-03-26 18:57:37 BRT [DEBUG  ]   WLD      ATR=0.0021 | BB_lower=0.2902 | BB_upper=0.2945 | FR=-0.00024
2026-03-26 18:57:37 BRT [DEBUG  ]   XRP      ATR=0.0066 | BB_lower=1.3361 | BB_upper=1.3726 | FR=-0.00011
2026-03-26 18:57:37 BRT [DEBUG  ]   CRV      ATR=0.0013 | BB_lower=0.2165 | BB_upper=0.2214 | FR=-0.00019
2026-03-26 18:57:37 BRT [DEBUG  ]   HBAR     ATR=0.0004 | BB_lower=0.0903 | BB_upper=0.0918 | FR=-0.00009
2026-03-26 18:57:37 BRT [DEBUG  ]   FIL      ATR=0.0046 | BB_lower=0.8610 | BB_upper=0.8833 | FR=-0.00019
2026-03-26 18:57:37 BRT [DEBUG  ]   POL      ATR=0.0004 | BB_lower=0.0930 | BB_upper=0.0949 | FR=0.00005
2026-03-26 18:57:37 BRT [DEBUG  ]   SUI      ATR=0.0049 | BB_lower=0.9051 | BB_upper=0.9341 | FR=-0.00007
2026-03-26 18:57:37 BRT [DEBUG  ]   IP       ATR=0.0036 | BB_lower=0.6045 | BB_upper=0.6141 | FR=-0.00028
2026-03-26 18:57:37 BRT [DEBUG  ]   DOT      ATR=0.0080 | BB_lower=1.3025 | BB_upper=1.3295 | FR=0.00007
2026-03-26 18:57:37 BRT [DEBUG  ]   TRUMP    ATR=0.0170 | BB_lower=3.0600 | BB_upper=3.1361 | FR=-0.00009
2026-03-26 18:57:37 BRT [DEBUG  ]   NEAR     ATR=0.0065 | BB_lower=1.1996 | BB_upper=1.2330 | FR=0.00001
2026-03-26 18:57:37 BRT [DEBUG  ]   SOL      ATR=0.4659 | BB_lower=85.3550 | BB_upper=87.4670 | FR=-0.00010
2026-03-26 18:57:37 BRT [DEBUG  ]   LIT      ATR=0.0070 | BB_lower=0.8986 | BB_upper=0.9356 | FR=0.00005
2026-03-26 18:57:37 BRT [DEBUG  ]   UNI      ATR=0.0168 | BB_lower=3.4752 | BB_upper=3.5543 | FR=0.00002
2026-03-26 18:57:37 BRT [DEBUG  ]   LINK     ATR=0.0401 | BB_lower=8.7878 | BB_upper=8.9888 | FR=-0.00005
2026-03-26 18:57:37 BRT [DEBUG  ]   ETH      ATR=9.9911 | BB_lower=2032.9531 | BB_upper=2081.4959 | FR=-0.00001
2026-03-26 18:57:37 BRT [DEBUG  ]   AVAX     ATR=0.0398 | BB_lower=8.9674 | BB_upper=9.1711 | FR=-0.00022
2026-03-26 18:57:37 BRT [DEBUG  ]   ATOM     ATR=0.0066 | BB_lower=1.6761 | BB_upper=1.6962 | FR=-0.00035
2026-03-26 18:57:37 BRT [DEBUG  ]   ICP      ATR=0.0122 | BB_lower=2.2607 | BB_upper=2.3124 | FR=-0.00015
2026-03-26 18:57:37 BRT [DEBUG  ]   TON      ATR=0.0042 | BB_lower=1.2701 | BB_upper=1.2852 | FR=0.00005
2026-03-26 18:57:37 BRT [INFO   ] 
───────────────────────────────────────────────────────
2026-03-26 18:57:37 BRT [INFO   ]   ETAPA 3b — Score parcial (sem klines, para ordenação)
2026-03-26 18:57:37 BRT [INFO   ] ───────────────────────────────────────────────────────
2026-03-26 18:57:37 BRT [DEBUG  ]   ONDO     score parcial LONG: 1/25 [FR=0.0050% BB=0.2574–0.2667]
2026-03-26 18:57:37 BRT [DEBUG  ]   XLM      score parcial LONG: 0/25 [FR=0.0100% BB=0.1709–0.1741]
2026-03-26 18:57:37 BRT [DEBUG  ]   ASTER    score parcial LONG: 0/25 [FR=0.0036% BB=0.6577–0.6683]
2026-03-26 18:57:37 BRT [DEBUG  ]   APT      score parcial LONG: 0/25 [FR=0.0015% BB=1.0251–1.0406]
2026-03-26 18:57:37 BRT [DEBUG  ]   ZRO      score parcial LONG: 1/25 [FR=-0.0171% BB=2.0911–2.1859]
2026-03-26 18:57:37 BRT [DEBUG  ]   SHIB     score parcial SHORT: 3/25 [FR=0.0024% BB=0.0000–0.0000]
2026-03-26 18:57:37 BRT [DEBUG  ]   PUMP     score parcial SHORT: 3/25 [FR=0.0050% BB=0.0017–0.0018]
2026-03-26 18:57:37 BRT [DEBUG  ]   PIPPIN   score parcial SHORT: 1/25 [FR=0.0250% BB=0.0521–0.0575]
2026-03-26 18:57:37 BRT [DEBUG  ]   BEAT     score parcial SHORT: 5/25 [FR=0.0832% BB=0.5759–0.5950]
2026-03-26 18:57:37 BRT [DEBUG  ]   ADA      score parcial SHORT: 0/25 [FR=-0.0040% BB=0.2524–0.2574]
2026-03-26 18:57:37 BRT [DEBUG  ]   XPL      score parcial SHORT: 4/25 [FR=0.0050% BB=0.0909–0.0946]
2026-03-26 18:57:37 BRT [DEBUG  ]   WLFI     score parcial SHORT: 1/25 [FR=0.0050% BB=0.0964–0.0990]
2026-03-26 18:57:37 BRT [DEBUG  ]   WLD      score parcial SHORT: 0/25 [FR=-0.0244% BB=0.2902–0.2945]
2026-03-26 18:57:37 BRT [DEBUG  ]   XRP      score parcial SHORT: 2/25 [FR=-0.0112% BB=1.3361–1.3726]
2026-03-26 18:57:37 BRT [DEBUG  ]   CRV      score parcial SHORT: 0/25 [FR=-0.0192% BB=0.2165–0.2214]
2026-03-26 18:57:37 BRT [DEBUG  ]   HBAR     score parcial SHORT: 1/25 [FR=-0.0086% BB=0.0903–0.0918]
2026-03-26 18:57:37 BRT [DEBUG  ]   FIL      score parcial SHORT: 0/25 [FR=-0.0195% BB=0.8610–0.8833]
2026-03-26 18:57:37 BRT [DEBUG  ]   POL      score parcial SHORT: 2/25 [FR=0.0050% BB=0.0930–0.0949]
2026-03-26 18:57:37 BRT [DEBUG  ]   SUI      score parcial SHORT: 1/25 [FR=-0.0072% BB=0.9051–0.9341]
2026-03-26 18:57:37 BRT [DEBUG  ]   IP       score parcial SHORT: 1/25 [FR=-0.0281% BB=0.6045–0.6141]
2026-03-26 18:57:37 BRT [DEBUG  ]   DOT      score parcial SHORT: 1/25 [FR=0.0069% BB=1.3025–1.3295]
2026-03-26 18:57:37 BRT [DEBUG  ]   TRUMP    score parcial SHORT: 1/25 [FR=-0.0095% BB=3.0600–3.1361]
2026-03-26 18:57:37 BRT [DEBUG  ]   NEAR     score parcial SHORT: 2/25 [FR=0.0008% BB=1.1996–1.2330]
2026-03-26 18:57:37 BRT [DEBUG  ]   SOL      score parcial SHORT: 0/25 [FR=-0.0103% BB=85.3550–87.4670]
2026-03-26 18:57:37 BRT [DEBUG  ]   LIT      score parcial SHORT: 1/25 [FR=0.0050% BB=0.8986–0.9356]
2026-03-26 18:57:37 BRT [DEBUG  ]   UNI      score parcial SHORT: 2/25 [FR=0.0019% BB=3.4752–3.5543]
2026-03-26 18:57:37 BRT [DEBUG  ]   LINK     score parcial SHORT: 1/25 [FR=-0.0054% BB=8.7878–8.9888]
2026-03-26 18:57:37 BRT [DEBUG  ]   ETH      score parcial SHORT: 0/25 [FR=-0.0013% BB=2032.9531–2081.4959]
2026-03-26 18:57:37 BRT [DEBUG  ]   AVAX     score parcial SHORT: 0/25 [FR=-0.0220% BB=8.9674–9.1711]
2026-03-26 18:57:37 BRT [DEBUG  ]   ATOM     score parcial SHORT: 0/25 [FR=-0.0347% BB=1.6761–1.6962]
2026-03-26 18:57:37 BRT [DEBUG  ]   ICP      score parcial SHORT: 0/25 [FR=-0.0147% BB=2.2607–2.3124]
2026-03-26 18:57:37 BRT [DEBUG  ]   TON      score parcial SHORT: 1/25 [FR=0.0050% BB=1.2701–1.2852]
2026-03-26 18:57:37 BRT [INFO   ]   Ordem LONG: ['ONDO', 'ZRO', 'XLM', 'ASTER', 'APT']
2026-03-26 18:57:37 BRT [INFO   ]   Ordem SHORT: ['BEAT', 'XPL', 'SHIB', 'PUMP', 'XRP', 'POL', 'NEAR', 'UNI', 'PIPPIN', 'WLFI', 'HBAR', 'SUI', 'IP', 'DOT', 'TRUMP', 'LIT', 'LINK', 'TON', 'ADA', 'WLD', 'CRV', 'FIL', 'SOL', 'ETH', 'AVAX', 'ATOM', 'ICP']
2026-03-26 18:57:37 BRT [INFO   ] 
───────────────────────────────────────────────────────
2026-03-26 18:57:37 BRT [INFO   ]   ETAPA 4 — Klines + Score completo (TOP 20 LONG + SHORT) [v6.2.0]
2026-03-26 18:57:37 BRT [INFO   ] ───────────────────────────────────────────────────────
2026-03-26 18:57:37 BRT [DEBUG  ]   Contexto: FGI=10 | BTC=NEUTRAL | LONG=CAUTELOSO (Medo Extremo)(thr=20) | SHORT=MODERADO (Medo Extremo — mercado bearish)(thr=16) | risk_score=0
2026-03-26 18:57:37 BRT [INFO   ]   ✅  [A4 CANDLE LOCK] Vela 15m fechada (758s após fechamento). Último fechamento: 18:45:00 BRT.
2026-03-26 18:57:37 BRT [INFO   ]   Buscando klines para: ['ONDO', 'ZRO', 'XLM', 'ASTER', 'APT', 'BEAT', 'XPL', 'SHIB', 'PUMP', 'XRP', 'POL', 'NEAR', 'UNI', 'PIPPIN', 'WLFI', 'HBAR', 'SUI', 'IP', 'DOT', 'TRUMP', 'LIT', 'LINK', 'TON', 'ADA', 'WLD']
2026-03-26 18:57:37 BRT [DEBUG  ]   📡  Cache MISS ONDOUSDT 1H: arquivo não existe — buscando
2026-03-26 18:57:37 BRT [DEBUG  ]   📡  Cache MISS ZROUSDT 1H: arquivo não existe — buscando
2026-03-26 18:57:37 BRT [DEBUG  ]   📡  Cache MISS XLMUSDT 1H: arquivo não existe — buscando
2026-03-26 18:57:37 BRT [DEBUG  ]   📡  Cache MISS ASTERUSDT 1H: arquivo não existe — buscando
2026-03-26 18:57:37 BRT [DEBUG  ]   📡  Cache MISS APTUSDT 1H: arquivo não existe — buscando
2026-03-26 18:57:37 BRT [DEBUG  ]   📡  Cache MISS BEATUSDT 1H: arquivo não existe — buscando
2026-03-26 18:57:37 BRT [DEBUG  ]   📡  Cache MISS XPLUSDT 1H: arquivo não existe — buscando
2026-03-26 18:57:37 BRT [DEBUG  ]   📡  Cache MISS SHIBUSDT 1H: arquivo não existe — buscando
2026-03-26 18:57:37 BRT [DEBUG  ]   📡  Cache MISS PUMPUSDT 1H: arquivo não existe — buscando
2026-03-26 18:57:37 BRT [DEBUG  ]   📡  Cache MISS XRPUSDT 1H: arquivo não existe — buscando
2026-03-26 18:57:37 BRT [DEBUG  ]   📡  Cache MISS POLUSDT 1H: arquivo não existe — buscando
2026-03-26 18:57:37 BRT [DEBUG  ]   📡  Cache MISS NEARUSDT 1H: arquivo não existe — buscando
2026-03-26 18:57:37 BRT [DEBUG  ]   📡  Cache MISS UNIUSDT 1H: arquivo não existe — buscando
2026-03-26 18:57:37 BRT [DEBUG  ]   📡  Cache MISS PIPPINUSDT 1H: arquivo não existe — buscando
2026-03-26 18:57:37 BRT [DEBUG  ]   📡  Cache MISS WLFIUSDT 1H: arquivo não existe — buscando
2026-03-26 18:57:37 BRT [DEBUG  ]   📡  Cache MISS HBARUSDT 1H: arquivo não existe — buscando
2026-03-26 18:57:37 BRT [DEBUG  ]   📡  Cache MISS SUIUSDT 1H: arquivo não existe — buscando
2026-03-26 18:57:37 BRT [DEBUG  ]   📡  Cache MISS IPUSDT 1H: arquivo não existe — buscando
2026-03-26 18:57:37 BRT [DEBUG  ]   📡  Cache MISS DOTUSDT 1H: arquivo não existe — buscando
2026-03-26 18:57:37 BRT [DEBUG  ]   📡  Cache MISS TRUMPUSDT 1H: arquivo não existe — buscando
2026-03-26 18:57:37 BRT [DEBUG  ]   📡  Cache MISS LITUSDT 1H: arquivo não existe — buscando
2026-03-26 18:57:37 BRT [DEBUG  ]   📡  Cache MISS LINKUSDT 1H: arquivo não existe — buscando
2026-03-26 18:57:37 BRT [DEBUG  ]   📡  Cache MISS TONUSDT 1H: arquivo não existe — buscando
2026-03-26 18:57:37 BRT [DEBUG  ]   📡  Cache MISS ADAUSDT 1H: arquivo não existe — buscando
2026-03-26 18:57:37 BRT [DEBUG  ]   📡  Cache MISS WLDUSDT 1H: arquivo não existe — buscando
2026-03-26 18:57:37 BRT [DEBUG  ]   📡  Cache MISS ONDOUSDT 4H: arquivo não existe — buscando
2026-03-26 18:57:37 BRT [DEBUG  ]   📡  Cache MISS ZROUSDT 4H: arquivo não existe — buscando
2026-03-26 18:57:37 BRT [DEBUG  ]   📡  Cache MISS XLMUSDT 4H: arquivo não existe — buscando
2026-03-26 18:57:37 BRT [DEBUG  ]   📡  Cache MISS ASTERUSDT 4H: arquivo não existe — buscando
2026-03-26 18:57:37 BRT [DEBUG  ]   📡  Cache MISS APTUSDT 4H: arquivo não existe — buscando
2026-03-26 18:57:37 BRT [DEBUG  ]   📡  Cache MISS BEATUSDT 4H: arquivo não existe — buscando
2026-03-26 18:57:37 BRT [DEBUG  ]   📡  Cache MISS XPLUSDT 4H: arquivo não existe — buscando
2026-03-26 18:57:37 BRT [DEBUG  ]   📡  Cache MISS SHIBUSDT 4H: arquivo não existe — buscando
2026-03-26 18:57:37 BRT [DEBUG  ]   📡  Cache MISS PUMPUSDT 4H: arquivo não existe — buscando
2026-03-26 18:57:37 BRT [DEBUG  ]   📡  Cache MISS XRPUSDT 4H: arquivo não existe — buscando
2026-03-26 18:57:37 BRT [DEBUG  ]   📡  Cache MISS POLUSDT 4H: arquivo não existe — buscando
2026-03-26 18:57:37 BRT [DEBUG  ]   📡  Cache MISS NEARUSDT 4H: arquivo não existe — buscando
2026-03-26 18:57:37 BRT [DEBUG  ]   📡  Cache MISS UNIUSDT 4H: arquivo não existe — buscando
2026-03-26 18:57:37 BRT [DEBUG  ]   📡  Cache MISS PIPPINUSDT 4H: arquivo não existe — buscando
2026-03-26 18:57:37 BRT [DEBUG  ]   📡  Cache MISS WLFIUSDT 4H: arquivo não existe — buscando
2026-03-26 18:57:37 BRT [DEBUG  ]   📡  Cache MISS HBARUSDT 4H: arquivo não existe — buscando
2026-03-26 18:57:37 BRT [DEBUG  ]   📡  Cache MISS SUIUSDT 4H: arquivo não existe — buscando
2026-03-26 18:57:37 BRT [DEBUG  ]   📡  Cache MISS IPUSDT 4H: arquivo não existe — buscando
2026-03-26 18:57:37 BRT [DEBUG  ]   📡  Cache MISS DOTUSDT 4H: arquivo não existe — buscando
2026-03-26 18:57:37 BRT [DEBUG  ]   📡  Cache MISS TRUMPUSDT 4H: arquivo não existe — buscando
2026-03-26 18:57:37 BRT [DEBUG  ]   📡  Cache MISS LITUSDT 4H: arquivo não existe — buscando
2026-03-26 18:57:37 BRT [DEBUG  ]   📡  Cache MISS LINKUSDT 4H: arquivo não existe — buscando
2026-03-26 18:57:37 BRT [DEBUG  ]   📡  Cache MISS TONUSDT 4H: arquivo não existe — buscando
2026-03-26 18:57:37 BRT [DEBUG  ]   📡  Cache MISS ADAUSDT 4H: arquivo não existe — buscando
2026-03-26 18:57:37 BRT [DEBUG  ]   📡  Cache MISS WLDUSDT 4H: arquivo não existe — buscando
2026-03-26 18:57:37 BRT [DEBUG  ]   GET https://api.bitget.com/api/v2/mix/market/candles?productType=USDT-FUTURES&symbol...
2026-03-26 18:57:37 BRT [DEBUG  ]       → HTTP 200 | 4.6KB | enc:gzip | 0.44s
2026-03-26 18:57:37 BRT [DEBUG  ]   ✅  Klines XRPUSDT 15m: 60 candles | 03/26 18:45 → 03/26 04:00
2026-03-26 18:57:37 BRT [DEBUG  ]   GET https://api.bitget.com/api/v2/mix/market/candles?productType=USDT-FUTURES&symbol...
2026-03-26 18:57:37 BRT [DEBUG  ]       → HTTP 200 | 4.5KB | enc:gzip | 0.45s
2026-03-26 18:57:37 BRT [DEBUG  ]   ✅  Klines WLDUSDT 15m: 60 candles | 03/26 18:45 → 03/26 04:00
2026-03-26 18:57:37 BRT [DEBUG  ]   GET https://api.bitget.com/api/v2/mix/market/candles?productType=USDT-FUTURES&symbol...
2026-03-26 18:57:37 BRT [DEBUG  ]       → HTTP 200 | 4.8KB | enc:gzip | 0.45s
2026-03-26 18:57:37 BRT [DEBUG  ]   ✅  Klines SUIUSDT 4H: 60 candles | 03/26 17:00 → 03/16 21:00
2026-03-26 18:57:37 BRT [DEBUG  ]   💾  Cache GRAVADO SUIUSDT 4H: 60 candles
2026-03-26 18:57:37 BRT [DEBUG  ]   GET https://api.bitget.com/api/v2/mix/market/candles?productType=USDT-FUTURES&symbol...
2026-03-26 18:57:37 BRT [DEBUG  ]       → HTTP 200 | 4.6KB | enc:gzip | 0.45s
2026-03-26 18:57:37 BRT [DEBUG  ]   ✅  Klines ZROUSDT 4H: 60 candles | 03/26 17:00 → 03/16 21:00
2026-03-26 18:57:37 BRT [DEBUG  ]   💾  Cache GRAVADO ZROUSDT 4H: 60 candles
2026-03-26 18:57:37 BRT [DEBUG  ]   GET https://api.bitget.com/api/v2/mix/market/candles?productType=USDT-FUTURES&symbol...
2026-03-26 18:57:37 BRT [DEBUG  ]       → HTTP 200 | 4.6KB | enc:gzip | 0.45s
2026-03-26 18:57:37 BRT [DEBUG  ]   ✅  Klines WLDUSDT 4H: 60 candles | 03/26 17:00 → 03/16 21:00
2026-03-26 18:57:37 BRT [DEBUG  ]   💾  Cache GRAVADO WLDUSDT 4H: 60 candles
2026-03-26 18:57:37 BRT [DEBUG  ]   GET https://api.bitget.com/api/v2/mix/market/candles?productType=USDT-FUTURES&symbol...
2026-03-26 18:57:37 BRT [DEBUG  ]       → HTTP 200 | 4.4KB | enc:gzip | 0.46s
2026-03-26 18:57:37 BRT [DEBUG  ]   ✅  Klines NEARUSDT 15m: 60 candles | 03/26 18:45 → 03/26 04:00
2026-03-26 18:57:37 BRT [DEBUG  ]   GET https://api.bitget.com/api/v2/mix/market/candles?productType=USDT-FUTURES&symbol...
2026-03-26 18:57:37 BRT [DEBUG  ]       → HTTP 200 | 4.9KB | enc:gzip | 0.45s
2026-03-26 18:57:37 BRT [DEBUG  ]   ✅  Klines XLMUSDT 4H: 60 candles | 03/26 17:00 → 03/16 21:00
2026-03-26 18:57:37 BRT [DEBUG  ]   💾  Cache GRAVADO XLMUSDT 4H: 60 candles
2026-03-26 18:57:37 BRT [DEBUG  ]   GET https://api.bitget.com/api/v2/mix/market/candles?productType=USDT-FUTURES&symbol...
2026-03-26 18:57:37 BRT [DEBUG  ]       → HTTP 200 | 4.8KB | enc:gzip | 0.45s
2026-03-26 18:57:37 BRT [DEBUG  ]   ✅  Klines XRPUSDT 4H: 60 candles | 03/26 17:00 → 03/16 21:00
2026-03-26 18:57:37 BRT [DEBUG  ]   💾  Cache GRAVADO XRPUSDT 4H: 60 candles
2026-03-26 18:57:37 BRT [DEBUG  ]   GET https://api.bitget.com/api/v2/mix/market/candles?productType=USDT-FUTURES&symbol...
2026-03-26 18:57:37 BRT [DEBUG  ]       → HTTP 200 | 4.2KB | enc:gzip | 0.46s
2026-03-26 18:57:37 BRT [DEBUG  ]   ✅  Klines DOTUSDT 15m: 60 candles | 03/26 18:45 → 03/26 04:00
2026-03-26 18:57:37 BRT [DEBUG  ]   GET https://api.bitget.com/api/v2/mix/market/candles?productType=USDT-FUTURES&symbol...
2026-03-26 18:57:37 BRT [DEBUG  ]       → HTTP 200 | 4.2KB | enc:gzip | 0.47s
2026-03-26 18:57:37 BRT [DEBUG  ]   ✅  Klines UNIUSDT 1H: 60 candles | 03/26 18:00 → 03/24 07:00
2026-03-26 18:57:37 BRT [DEBUG  ]   💾  Cache GRAVADO UNIUSDT 1H: 60 candles
2026-03-26 18:57:37 BRT [DEBUG  ]   GET https://api.bitget.com/api/v2/mix/market/candles?productType=USDT-FUTURES&symbol...
2026-03-26 18:57:37 BRT [DEBUG  ]       → HTTP 200 | 4.7KB | enc:gzip | 0.47s
2026-03-26 18:57:37 BRT [DEBUG  ]   ✅  Klines ADAUSDT 4H: 60 candles | 03/26 17:00 → 03/16 21:00
2026-03-26 18:57:37 BRT [DEBUG  ]   💾  Cache GRAVADO ADAUSDT 4H: 60 candles
2026-03-26 18:57:37 BRT [DEBUG  ]   GET https://api.bitget.com/api/v2/mix/market/candles?productType=USDT-FUTURES&symbol...
2026-03-26 18:57:37 BRT [DEBUG  ]       → HTTP 200 | 4.4KB | enc:gzip | 0.49s
2026-03-26 18:57:37 BRT [DEBUG  ]   ✅  Klines ASTERUSDT 15m: 60 candles | 03/26 18:45 → 03/26 04:00
2026-03-26 18:57:37 BRT [DEBUG  ]   GET https://api.bitget.com/api/v2/mix/market/candles?productType=USDT-FUTURES&symbol...
2026-03-26 18:57:37 BRT [DEBUG  ]       → HTTP 200 | 4.4KB | enc:gzip | 0.49s
2026-03-26 18:57:37 BRT [DEBUG  ]   ✅  Klines ZROUSDT 15m: 60 candles | 03/26 18:45 → 03/26 04:00
2026-03-26 18:57:37 BRT [DEBUG  ]   GET https://api.bitget.com/api/v2/mix/market/candles?productType=USDT-FUTURES&symbol...
2026-03-26 18:57:37 BRT [DEBUG  ]       → HTTP 200 | 4.8KB | enc:gzip | 0.49s
2026-03-26 18:57:37 BRT [DEBUG  ]   ✅  Klines BEATUSDT 1H: 60 candles | 03/26 18:00 → 03/24 07:00
2026-03-26 18:57:38 BRT [DEBUG  ]   💾  Cache GRAVADO BEATUSDT 1H: 60 candles
2026-03-26 18:57:38 BRT [DEBUG  ]   GET https://api.bitget.com/api/v2/mix/market/candles?productType=USDT-FUTURES&symbol...
2026-03-26 18:57:38 BRT [DEBUG  ]       → HTTP 200 | 4.8KB | enc:gzip | 0.49s
2026-03-26 18:57:38 BRT [DEBUG  ]   ✅  Klines SUIUSDT 1H: 60 candles | 03/26 18:00 → 03/24 07:00
2026-03-26 18:57:38 BRT [DEBUG  ]   💾  Cache GRAVADO SUIUSDT 1H: 60 candles
2026-03-26 18:57:38 BRT [DEBUG  ]   GET https://api.bitget.com/api/v2/mix/market/candles?productType=USDT-FUTURES&symbol...
2026-03-26 18:57:38 BRT [DEBUG  ]       → HTTP 200 | 4.4KB | enc:gzip | 0.49s
2026-03-26 18:57:38 BRT [DEBUG  ]   ✅  Klines TRUMPUSDT 1H: 60 candles | 03/26 18:00 → 03/24 07:00
2026-03-26 18:57:38 BRT [DEBUG  ]   💾  Cache GRAVADO TRUMPUSDT 1H: 60 candles
2026-03-26 18:57:38 BRT [DEBUG  ]   GET https://api.bitget.com/api/v2/mix/market/candles?productType=USDT-FUTURES&symbol...
2026-03-26 18:57:38 BRT [DEBUG  ]       → HTTP 200 | 5.3KB | enc:gzip | 0.49s
2026-03-26 18:57:38 BRT [DEBUG  ]   ✅  Klines PUMPUSDT 4H: 60 candles | 03/26 17:00 → 03/16 21:00
2026-03-26 18:57:38 BRT [DEBUG  ]   💾  Cache GRAVADO PUMPUSDT 4H: 60 candles
2026-03-26 18:57:38 BRT [DEBUG  ]   GET https://api.bitget.com/api/v2/mix/market/candles?productType=USDT-FUTURES&symbol...
2026-03-26 18:57:38 BRT [DEBUG  ]       → HTTP 200 | 4.6KB | enc:gzip | 0.49s
2026-03-26 18:57:38 BRT [DEBUG  ]   ✅  Klines ADAUSDT 15m: 60 candles | 03/26 18:45 → 03/26 04:00
2026-03-26 18:57:38 BRT [DEBUG  ]   GET https://api.bitget.com/api/v2/mix/market/candles?productType=USDT-FUTURES&symbol...
2026-03-26 18:57:38 BRT [DEBUG  ]       → HTTP 200 | 4.9KB | enc:gzip | 0.49s
2026-03-26 18:57:38 BRT [DEBUG  ]   ✅  Klines PIPPINUSDT 1H: 60 candles | 03/26 18:00 → 03/24 07:00
2026-03-26 18:57:38 BRT [DEBUG  ]   💾  Cache GRAVADO PIPPINUSDT 1H: 60 candles
2026-03-26 18:57:38 BRT [DEBUG  ]   GET https://api.bitget.com/api/v2/mix/market/candles?productType=USDT-FUTURES&symbol...
2026-03-26 18:57:38 BRT [DEBUG  ]       → HTTP 200 | 5.3KB | enc:gzip | 0.49s
2026-03-26 18:57:38 BRT [DEBUG  ]   ✅  Klines PUMPUSDT 1H: 60 candles | 03/26 18:00 → 03/24 07:00
2026-03-26 18:57:38 BRT [DEBUG  ]   💾  Cache GRAVADO PUMPUSDT 1H: 60 candles
2026-03-26 18:57:38 BRT [DEBUG  ]   GET https://api.bitget.com/api/v2/mix/market/candles?productType=USDT-FUTURES&symbol...
2026-03-26 18:57:38 BRT [DEBUG  ]       → HTTP 200 | 4.3KB | enc:gzip | 0.49s
2026-03-26 18:57:38 BRT [DEBUG  ]   ✅  Klines LINKUSDT 4H: 60 candles | 03/26 17:00 → 03/16 21:00
2026-03-26 18:57:38 BRT [DEBUG  ]   💾  Cache GRAVADO LINKUSDT 4H: 60 candles
2026-03-26 18:57:38 BRT [DEBUG  ]   GET https://api.bitget.com/api/v2/mix/market/candles?productType=USDT-FUTURES&symbol...
2026-03-26 18:57:38 BRT [DEBUG  ]       → HTTP 200 | 4.5KB | enc:gzip | 0.50s
2026-03-26 18:57:38 BRT [DEBUG  ]   ✅  Klines IPUSDT 15m: 60 candles | 03/26 18:45 → 03/26 04:00
2026-03-26 18:57:38 BRT [DEBUG  ]   GET https://api.bitget.com/api/v2/mix/market/candles?productType=USDT-FUTURES&symbol...
2026-03-26 18:57:38 BRT [DEBUG  ]       → HTTP 200 | 6.1KB | enc:gzip | 0.50s
2026-03-26 18:57:38 BRT [DEBUG  ]   ✅  Klines SHIBUSDT 1H: 60 candles | 03/26 18:00 → 03/24 07:00
2026-03-26 18:57:38 BRT [DEBUG  ]   💾  Cache GRAVADO SHIBUSDT 1H: 60 candles
2026-03-26 18:57:38 BRT [DEBUG  ]   GET https://api.bitget.com/api/v2/mix/market/candles?productType=USDT-FUTURES&symbol...
2026-03-26 18:57:38 BRT [DEBUG  ]       → HTTP 200 | 4.5KB | enc:gzip | 0.50s
2026-03-26 18:57:38 BRT [DEBUG  ]   ✅  Klines WLFIUSDT 1H: 60 candles | 03/26 18:00 → 03/24 07:00
2026-03-26 18:57:38 BRT [DEBUG  ]   💾  Cache GRAVADO WLFIUSDT 1H: 60 candles
2026-03-26 18:57:38 BRT [DEBUG  ]   GET https://api.bitget.com/api/v2/mix/market/candles?productType=USDT-FUTURES&symbol...
2026-03-26 18:57:38 BRT [DEBUG  ]       → HTTP 200 | 4.6KB | enc:gzip | 0.50s
2026-03-26 18:57:38 BRT [DEBUG  ]   ✅  Klines ASTERUSDT 4H: 60 candles | 03/26 17:00 → 03/16 21:00
2026-03-26 18:57:38 BRT [DEBUG  ]   💾  Cache GRAVADO ASTERUSDT 4H: 60 candles
2026-03-26 18:57:38 BRT [DEBUG  ]   GET https://api.bitget.com/api/v2/mix/market/candles?productType=USDT-FUTURES&symbol...
2026-03-26 18:57:38 BRT [DEBUG  ]       → HTTP 200 | 4.3KB | enc:gzip | 0.50s
2026-03-26 18:57:38 BRT [DEBUG  ]   ✅  Klines DOTUSDT 4H: 60 candles | 03/26 17:00 → 03/16 21:00
2026-03-26 18:57:38 BRT [DEBUG  ]   💾  Cache GRAVADO DOTUSDT 4H: 60 candles
2026-03-26 18:57:38 BRT [DEBUG  ]   GET https://api.bitget.com/api/v2/mix/market/candles?productType=USDT-FUTURES&symbol...
2026-03-26 18:57:38 BRT [DEBUG  ]       → HTTP 200 | 4.9KB | enc:gzip | 0.50s
2026-03-26 18:57:38 BRT [DEBUG  ]   ✅  Klines BEATUSDT 4H: 60 candles | 03/26 17:00 → 03/16 21:00
2026-03-26 18:57:38 BRT [DEBUG  ]   💾  Cache GRAVADO BEATUSDT 4H: 60 candles
2026-03-26 18:57:38 BRT [DEBUG  ]   GET https://api.bitget.com/api/v2/mix/market/candles?productType=USDT-FUTURES&symbol...
2026-03-26 18:57:38 BRT [DEBUG  ]       → HTTP 200 | 4.9KB | enc:gzip | 0.50s
2026-03-26 18:57:38 BRT [DEBUG  ]   ✅  Klines POLUSDT 4H: 60 candles | 03/26 17:00 → 03/16 21:00
2026-03-26 18:57:38 BRT [DEBUG  ]   💾  Cache GRAVADO POLUSDT 4H: 60 candles
2026-03-26 18:57:38 BRT [DEBUG  ]   GET https://api.bitget.com/api/v2/mix/market/candles?productType=USDT-FUTURES&symbol...
2026-03-26 18:57:38 BRT [DEBUG  ]       → HTTP 200 | 4.5KB | enc:gzip | 0.50s
2026-03-26 18:57:38 BRT [DEBUG  ]   ✅  Klines ZROUSDT 1H: 60 candles | 03/26 18:00 → 03/24 07:00
2026-03-26 18:57:38 BRT [DEBUG  ]   💾  Cache GRAVADO ZROUSDT 1H: 60 candles
2026-03-26 18:57:38 BRT [DEBUG  ]   GET https://api.bitget.com/api/v2/mix/market/candles?productType=USDT-FUTURES&symbol...
2026-03-26 18:57:38 BRT [DEBUG  ]       → HTTP 200 | 4.2KB | enc:gzip | 0.50s
2026-03-26 18:57:38 BRT [DEBUG  ]   ✅  Klines LINKUSDT 1H: 60 candles | 03/26 18:00 → 03/24 07:00
2026-03-26 18:57:38 BRT [DEBUG  ]   💾  Cache GRAVADO LINKUSDT 1H: 60 candles
2026-03-26 18:57:38 BRT [DEBUG  ]   GET https://api.bitget.com/api/v2/mix/market/candles?productType=USDT-FUTURES&symbol...
2026-03-26 18:57:38 BRT [DEBUG  ]       → HTTP 200 | 5.0KB | enc:gzip | 0.50s
2026-03-26 18:57:38 BRT [DEBUG  ]   ✅  Klines APTUSDT 4H: 60 candles | 03/26 17:00 → 03/16 21:00
2026-03-26 18:57:38 BRT [DEBUG  ]   💾  Cache GRAVADO APTUSDT 4H: 60 candles
2026-03-26 18:57:38 BRT [DEBUG  ]   GET https://api.bitget.com/api/v2/mix/market/candles?productType=USDT-FUTURES&symbol...
2026-03-26 18:57:38 BRT [DEBUG  ]       → HTTP 200 | 4.7KB | enc:gzip | 0.50s
2026-03-26 18:57:38 BRT [DEBUG  ]   ✅  Klines TONUSDT 4H: 60 candles | 03/26 17:00 → 03/16 21:00
2026-03-26 18:57:38 BRT [DEBUG  ]   💾  Cache GRAVADO TONUSDT 4H: 60 candles
2026-03-26 18:57:38 BRT [DEBUG  ]   GET https://api.bitget.com/api/v2/mix/market/candles?productType=USDT-FUTURES&symbol...
2026-03-26 18:57:38 BRT [DEBUG  ]       → HTTP 200 | 4.9KB | enc:gzip | 0.51s
2026-03-26 18:57:38 BRT [DEBUG  ]   ✅  Klines HBARUSDT 1H: 60 candles | 03/26 18:00 → 03/24 07:00
2026-03-26 18:57:38 BRT [DEBUG  ]   💾  Cache GRAVADO HBARUSDT 1H: 60 candles
2026-03-26 18:57:38 BRT [DEBUG  ]   GET https://api.bitget.com/api/v2/mix/market/candles?productType=USDT-FUTURES&symbol...
2026-03-26 18:57:38 BRT [DEBUG  ]       → HTTP 200 | 4.5KB | enc:gzip | 0.50s
2026-03-26 18:57:38 BRT [DEBUG  ]   ✅  Klines TRUMPUSDT 4H: 60 candles | 03/26 17:00 → 03/16 21:00
2026-03-26 18:57:38 BRT [DEBUG  ]   💾  Cache GRAVADO TRUMPUSDT 4H: 60 candles
2026-03-26 18:57:38 BRT [DEBUG  ]   GET https://api.bitget.com/api/v2/mix/market/candles?productType=USDT-FUTURES&symbol...
2026-03-26 18:57:38 BRT [DEBUG  ]       → HTTP 200 | 4.1KB | enc:gzip | 0.51s
2026-03-26 18:57:38 BRT [DEBUG  ]   ✅  Klines LITUSDT 1H: 60 candles | 03/26 18:00 → 03/24 07:00
2026-03-26 18:57:38 BRT [DEBUG  ]   💾  Cache GRAVADO LITUSDT 1H: 60 candles
2026-03-26 18:57:38 BRT [DEBUG  ]   GET https://api.bitget.com/api/v2/mix/market/candles?productType=USDT-FUTURES&symbol...
2026-03-26 18:57:38 BRT [DEBUG  ]       → HTTP 200 | 4.7KB | enc:gzip | 0.51s
2026-03-26 18:57:38 BRT [DEBUG  ]   ✅  Klines POLUSDT 15m: 60 candles | 03/26 18:45 → 03/26 04:00
2026-03-26 18:57:38 BRT [DEBUG  ]   GET https://api.bitget.com/api/v2/mix/market/candles?productType=USDT-FUTURES&symbol...
2026-03-26 18:57:38 BRT [DEBUG  ]       → HTTP 200 | 4.6KB | enc:gzip | 0.51s
2026-03-26 18:57:38 BRT [DEBUG  ]   ✅  Klines IPUSDT 1H: 60 candles | 03/26 18:00 → 03/24 07:00
2026-03-26 18:57:38 BRT [DEBUG  ]   💾  Cache GRAVADO IPUSDT 1H: 60 candles
2026-03-26 18:57:38 BRT [DEBUG  ]   GET https://api.bitget.com/api/v2/mix/market/candles?productType=USDT-FUTURES&symbol...
2026-03-26 18:57:38 BRT [DEBUG  ]       → HTTP 200 | 4.9KB | enc:gzip | 0.51s
2026-03-26 18:57:38 BRT [DEBUG  ]   ✅  Klines APTUSDT 1H: 60 candles | 03/26 18:00 → 03/24 07:00
2026-03-26 18:57:38 BRT [DEBUG  ]   💾  Cache GRAVADO APTUSDT 1H: 60 candles
2026-03-26 18:57:38 BRT [DEBUG  ]   GET https://api.bitget.com/api/v2/mix/market/candles?productType=USDT-FUTURES&symbol...
2026-03-26 18:57:38 BRT [DEBUG  ]       → HTTP 200 | 4.7KB | enc:gzip | 0.51s
2026-03-26 18:57:38 BRT [DEBUG  ]   ✅  Klines ONDOUSDT 1H: 60 candles | 03/26 18:00 → 03/24 07:00
2026-03-26 18:57:38 BRT [DEBUG  ]   💾  Cache GRAVADO ONDOUSDT 1H: 60 candles
2026-03-26 18:57:38 BRT [DEBUG  ]   GET https://api.bitget.com/api/v2/mix/market/candles?productType=USDT-FUTURES&symbol...
2026-03-26 18:57:38 BRT [DEBUG  ]       → HTTP 200 | 4.9KB | enc:gzip | 0.51s
2026-03-26 18:57:38 BRT [DEBUG  ]   ✅  Klines HBARUSDT 4H: 60 candles | 03/26 17:00 → 03/16 21:00
2026-03-26 18:57:38 BRT [DEBUG  ]   💾  Cache GRAVADO HBARUSDT 4H: 60 candles
2026-03-26 18:57:38 BRT [DEBUG  ]   GET https://api.bitget.com/api/v2/mix/market/candles?productType=USDT-FUTURES&symbol...
2026-03-26 18:57:38 BRT [DEBUG  ]       → HTTP 200 | 4.7KB | enc:gzip | 0.52s
2026-03-26 18:57:38 BRT [DEBUG  ]   ✅  Klines SUIUSDT 15m: 60 candles | 03/26 18:45 → 03/26 04:00
2026-03-26 18:57:38 BRT [DEBUG  ]   GET https://api.bitget.com/api/v2/mix/market/candles?productType=USDT-FUTURES&symbol...
2026-03-26 18:57:38 BRT [DEBUG  ]       → HTTP 200 | 4.6KB | enc:gzip | 0.52s
2026-03-26 18:57:38 BRT [DEBUG  ]   ✅  Klines ADAUSDT 1H: 60 candles | 03/26 18:00 → 03/24 07:00
2026-03-26 18:57:38 BRT [DEBUG  ]   💾  Cache GRAVADO ADAUSDT 1H: 60 candles
2026-03-26 18:57:38 BRT [DEBUG  ]   GET https://api.bitget.com/api/v2/mix/market/candles?productType=USDT-FUTURES&symbol...
2026-03-26 18:57:38 BRT [DEBUG  ]       → HTTP 200 | 4.6KB | enc:gzip | 0.52s
2026-03-26 18:57:38 BRT [DEBUG  ]   ✅  Klines XPLUSDT 1H: 60 candles | 03/26 18:00 → 03/24 07:00
2026-03-26 18:57:38 BRT [DEBUG  ]   💾  Cache GRAVADO XPLUSDT 1H: 60 candles
2026-03-26 18:57:38 BRT [DEBUG  ]   GET https://api.bitget.com/api/v2/mix/market/candles?productType=USDT-FUTURES&symbol...
2026-03-26 18:57:38 BRT [DEBUG  ]       → HTTP 200 | 6.0KB | enc:gzip | 0.53s
2026-03-26 18:57:38 BRT [DEBUG  ]   ✅  Klines SHIBUSDT 15m: 60 candles | 03/26 18:45 → 03/26 04:00
2026-03-26 18:57:38 BRT [DEBUG  ]   GET https://api.bitget.com/api/v2/mix/market/candles?productType=USDT-FUTURES&symbol...
2026-03-26 18:57:38 BRT [DEBUG  ]       → HTTP 200 | 4.6KB | enc:gzip | 0.52s
2026-03-26 18:57:38 BRT [DEBUG  ]   ✅  Klines TONUSDT 1H: 60 candles | 03/26 18:00 → 03/24 07:00
2026-03-26 18:57:38 BRT [DEBUG  ]   💾  Cache GRAVADO TONUSDT 1H: 60 candles
2026-03-26 18:57:38 BRT [DEBUG  ]   GET https://api.bitget.com/api/v2/mix/market/candles?productType=USDT-FUTURES&symbol...
2026-03-26 18:57:38 BRT [DEBUG  ]       → HTTP 200 | 4.3KB | enc:gzip | 0.52s
2026-03-26 18:57:38 BRT [DEBUG  ]   ✅  Klines DOTUSDT 1H: 60 candles | 03/26 18:00 → 03/24 07:00
2026-03-26 18:57:38 BRT [DEBUG  ]   💾  Cache GRAVADO DOTUSDT 1H: 60 candles
2026-03-26 18:57:38 BRT [DEBUG  ]   GET https://api.bitget.com/api/v2/mix/market/candles?productType=USDT-FUTURES&symbol...
2026-03-26 18:57:38 BRT [DEBUG  ]       → HTTP 200 | 4.8KB | enc:gzip | 0.52s
2026-03-26 18:57:38 BRT [DEBUG  ]   ✅  Klines ONDOUSDT 4H: 60 candles | 03/26 17:00 → 03/16 21:00
2026-03-26 18:57:38 BRT [DEBUG  ]   💾  Cache GRAVADO ONDOUSDT 4H: 60 candles
2026-03-26 18:57:38 BRT [DEBUG  ]   GET https://api.bitget.com/api/v2/mix/market/candles?productType=USDT-FUTURES&symbol...
2026-03-26 18:57:38 BRT [DEBUG  ]       → HTTP 200 | 4.2KB | enc:gzip | 0.52s
2026-03-26 18:57:38 BRT [DEBUG  ]   ✅  Klines LITUSDT 4H: 60 candles | 03/26 17:00 → 03/16 21:00
2026-03-26 18:57:38 BRT [DEBUG  ]   💾  Cache GRAVADO LITUSDT 4H: 60 candles
2026-03-26 18:57:38 BRT [DEBUG  ]   GET https://api.bitget.com/api/v2/mix/market/candles?productType=USDT-FUTURES&symbol...
2026-03-26 18:57:38 BRT [DEBUG  ]       → HTTP 200 | 4.8KB | enc:gzip | 0.53s
2026-03-26 18:57:38 BRT [DEBUG  ]   ✅  Klines HBARUSDT 15m: 60 candles | 03/26 18:45 → 03/26 04:00
2026-03-26 18:57:38 BRT [DEBUG  ]   GET https://api.bitget.com/api/v2/mix/market/candles?productType=USDT-FUTURES&symbol...
2026-03-26 18:57:38 BRT [DEBUG  ]       → HTTP 200 | 4.1KB | enc:gzip | 0.53s
2026-03-26 18:57:38 BRT [DEBUG  ]   ✅  Klines UNIUSDT 15m: 60 candles | 03/26 18:45 → 03/26 04:00
2026-03-26 18:57:38 BRT [DEBUG  ]   GET https://api.bitget.com/api/v2/mix/market/candles?productType=USDT-FUTURES&symbol...
2026-03-26 18:57:38 BRT [DEBUG  ]       → HTTP 200 | 4.5KB | enc:gzip | 0.53s
2026-03-26 18:57:38 BRT [DEBUG  ]   ✅  Klines XPLUSDT 15m: 60 candles | 03/26 18:45 → 03/26 04:00
2026-03-26 18:57:38 BRT [DEBUG  ]   GET https://api.bitget.com/api/v2/mix/market/candles?productType=USDT-FUTURES&symbol...
2026-03-26 18:57:38 BRT [DEBUG  ]       → HTTP 200 | 4.8KB | enc:gzip | 0.53s
2026-03-26 18:57:38 BRT [DEBUG  ]   ✅  Klines POLUSDT 1H: 60 candles | 03/26 18:00 → 03/24 07:00
2026-03-26 18:57:38 BRT [DEBUG  ]   💾  Cache GRAVADO POLUSDT 1H: 60 candles
2026-03-26 18:57:38 BRT [DEBUG  ]   GET https://api.bitget.com/api/v2/mix/market/candles?productType=USDT-FUTURES&symbol...
2026-03-26 18:57:38 BRT [DEBUG  ]       → HTTP 200 | 4.9KB | enc:gzip | 0.53s
2026-03-26 18:57:38 BRT [DEBUG  ]   ✅  Klines XLMUSDT 1H: 60 candles | 03/26 18:00 → 03/24 07:00
2026-03-26 18:57:38 BRT [DEBUG  ]   💾  Cache GRAVADO XLMUSDT 1H: 60 candles
2026-03-26 18:57:38 BRT [DEBUG  ]   GET https://api.bitget.com/api/v2/mix/market/candles?productType=USDT-FUTURES&symbol...
2026-03-26 18:57:38 BRT [DEBUG  ]       → HTTP 200 | 4.4KB | enc:gzip | 0.53s
2026-03-26 18:57:38 BRT [DEBUG  ]   ✅  Klines WLFIUSDT 15m: 60 candles | 03/26 18:45 → 03/26 04:00
2026-03-26 18:57:38 BRT [DEBUG  ]   GET https://api.bitget.com/api/v2/mix/market/candles?productType=USDT-FUTURES&symbol...
2026-03-26 18:57:38 BRT [DEBUG  ]       → HTTP 200 | 4.1KB | enc:gzip | 0.53s
2026-03-26 18:57:38 BRT [DEBUG  ]   ✅  Klines LITUSDT 15m: 60 candles | 03/26 18:45 → 03/26 04:00
2026-03-26 18:57:38 BRT [DEBUG  ]   GET https://api.bitget.com/api/v2/mix/market/candles?productType=USDT-FUTURES&symbol...
2026-03-26 18:57:38 BRT [DEBUG  ]       → HTTP 200 | 4.6KB | enc:gzip | 0.54s
2026-03-26 18:57:38 BRT [DEBUG  ]   ✅  Klines ONDOUSDT 15m: 60 candles | 03/26 18:45 → 03/26 04:00
2026-03-26 18:57:38 BRT [DEBUG  ]   GET https://api.bitget.com/api/v2/mix/market/candles?productType=USDT-FUTURES&symbol...
2026-03-26 18:57:38 BRT [DEBUG  ]       → HTTP 200 | 4.7KB | enc:gzip | 0.53s
2026-03-26 18:57:38 BRT [DEBUG  ]   ✅  Klines IPUSDT 4H: 60 candles | 03/26 17:00 → 03/16 21:00
2026-03-26 18:57:38 BRT [DEBUG  ]   💾  Cache GRAVADO IPUSDT 4H: 60 candles
2026-03-26 18:57:38 BRT [DEBUG  ]   GET https://api.bitget.com/api/v2/mix/market/candles?productType=USDT-FUTURES&symbol...
2026-03-26 18:57:38 BRT [DEBUG  ]       → HTTP 200 | 4.9KB | enc:gzip | 0.54s
2026-03-26 18:57:38 BRT [DEBUG  ]   ✅  Klines PIPPINUSDT 15m: 60 candles | 03/26 18:45 → 03/26 04:00
2026-03-26 18:57:38 BRT [DEBUG  ]   GET https://api.bitget.com/api/v2/mix/market/candles?productType=USDT-FUTURES&symbol...
2026-03-26 18:57:38 BRT [DEBUG  ]       → HTTP 200 | 4.6KB | enc:gzip | 0.54s
2026-03-26 18:57:38 BRT [DEBUG  ]   ✅  Klines NEARUSDT 1H: 60 candles | 03/26 18:00 → 03/24 07:00
2026-03-26 18:57:38 BRT [DEBUG  ]   💾  Cache GRAVADO NEARUSDT 1H: 60 candles
2026-03-26 18:57:38 BRT [DEBUG  ]   GET https://api.bitget.com/api/v2/mix/market/candles?productType=USDT-FUTURES&symbol...
2026-03-26 18:57:38 BRT [DEBUG  ]       → HTTP 200 | 4.8KB | enc:gzip | 0.54s
2026-03-26 18:57:38 BRT [DEBUG  ]   ✅  Klines BEATUSDT 15m: 60 candles | 03/26 18:45 → 03/26 04:00
2026-03-26 18:57:38 BRT [DEBUG  ]   GET https://api.bitget.com/api/v2/mix/market/candles?productType=USDT-FUTURES&symbol...
2026-03-26 18:57:38 BRT [DEBUG  ]       → HTTP 200 | 4.6KB | enc:gzip | 0.54s
2026-03-26 18:57:38 BRT [DEBUG  ]   ✅  Klines WLDUSDT 1H: 60 candles | 03/26 18:00 → 03/24 07:00
2026-03-26 18:57:38 BRT [DEBUG  ]   💾  Cache GRAVADO WLDUSDT 1H: 60 candles
2026-03-26 18:57:38 BRT [DEBUG  ]   GET https://api.bitget.com/api/v2/mix/market/candles?productType=USDT-FUTURES&symbol...
2026-03-26 18:57:38 BRT [DEBUG  ]       → HTTP 200 | 5.0KB | enc:gzip | 0.53s
2026-03-26 18:57:38 BRT [DEBUG  ]   ✅  Klines PIPPINUSDT 4H: 60 candles | 03/26 17:00 → 03/16 21:00
2026-03-26 18:57:38 BRT [DEBUG  ]   💾  Cache GRAVADO PIPPINUSDT 4H: 60 candles
2026-03-26 18:57:38 BRT [DEBUG  ]   GET https://api.bitget.com/api/v2/mix/market/candles?productType=USDT-FUTURES&symbol...
2026-03-26 18:57:38 BRT [DEBUG  ]       → HTTP 200 | 4.8KB | enc:gzip | 0.54s
2026-03-26 18:57:38 BRT [DEBUG  ]   ✅  Klines XLMUSDT 15m: 60 candles | 03/26 18:45 → 03/26 04:00
2026-03-26 18:57:38 BRT [DEBUG  ]   GET https://api.bitget.com/api/v2/mix/market/candles?productType=USDT-FUTURES&symbol...
2026-03-26 18:57:38 BRT [DEBUG  ]       → HTTP 200 | 4.5KB | enc:gzip | 0.54s
2026-03-26 18:57:38 BRT [DEBUG  ]   ✅  Klines ASTERUSDT 1H: 60 candles | 03/26 18:00 → 03/24 07:00
2026-03-26 18:57:38 BRT [DEBUG  ]   💾  Cache GRAVADO ASTERUSDT 1H: 60 candles
2026-03-26 18:57:38 BRT [DEBUG  ]   GET https://api.bitget.com/api/v2/mix/market/candles?productType=USDT-FUTURES&symbol...
2026-03-26 18:57:38 BRT [DEBUG  ]       → HTTP 200 | 4.3KB | enc:gzip | 0.54s
2026-03-26 18:57:38 BRT [DEBUG  ]   ✅  Klines UNIUSDT 4H: 60 candles | 03/26 17:00 → 03/16 21:00
2026-03-26 18:57:38 BRT [DEBUG  ]   💾  Cache GRAVADO UNIUSDT 4H: 60 candles
2026-03-26 18:57:38 BRT [DEBUG  ]   GET https://api.bitget.com/api/v2/mix/market/candles?productType=USDT-FUTURES&symbol...
2026-03-26 18:57:38 BRT [DEBUG  ]       → HTTP 200 | 4.6KB | enc:gzip | 0.54s
2026-03-26 18:57:38 BRT [DEBUG  ]   ✅  Klines XPLUSDT 4H: 60 candles | 03/26 17:00 → 03/16 21:00
2026-03-26 18:57:38 BRT [DEBUG  ]   💾  Cache GRAVADO XPLUSDT 4H: 60 candles
2026-03-26 18:57:38 BRT [DEBUG  ]   GET https://api.bitget.com/api/v2/mix/market/candles?productType=USDT-FUTURES&symbol...
2026-03-26 18:57:38 BRT [DEBUG  ]       → HTTP 200 | 4.7KB | enc:gzip | 0.54s
2026-03-26 18:57:38 BRT [DEBUG  ]   ✅  Klines XRPUSDT 1H: 60 candles | 03/26 18:00 → 03/24 07:00
2026-03-26 18:57:38 BRT [DEBUG  ]   💾  Cache GRAVADO XRPUSDT 1H: 60 candles
2026-03-26 18:57:38 BRT [DEBUG  ]   GET https://api.bitget.com/api/v2/mix/market/candles?productType=USDT-FUTURES&symbol...
2026-03-26 18:57:38 BRT [DEBUG  ]       → HTTP 200 | 4.1KB | enc:gzip | 0.55s
2026-03-26 18:57:38 BRT [DEBUG  ]   ✅  Klines LINKUSDT 15m: 60 candles | 03/26 18:45 → 03/26 04:00
2026-03-26 18:57:38 BRT [DEBUG  ]   GET https://api.bitget.com/api/v2/mix/market/candles?productType=USDT-FUTURES&symbol...
2026-03-26 18:57:38 BRT [DEBUG  ]       → HTTP 200 | 4.8KB | enc:gzip | 0.55s
2026-03-26 18:57:38 BRT [DEBUG  ]   ✅  Klines APTUSDT 15m: 60 candles | 03/26 18:45 → 03/26 04:00
2026-03-26 18:57:38 BRT [DEBUG  ]   GET https://api.bitget.com/api/v2/mix/market/candles?productType=USDT-FUTURES&symbol...
2026-03-26 18:57:38 BRT [DEBUG  ]       → HTTP 200 | 6.1KB | enc:gzip | 0.55s
2026-03-26 18:57:38 BRT [DEBUG  ]   ✅  Klines SHIBUSDT 4H: 60 candles | 03/26 17:00 → 03/16 21:00
2026-03-26 18:57:38 BRT [DEBUG  ]   💾  Cache GRAVADO SHIBUSDT 4H: 60 candles
2026-03-26 18:57:38 BRT [DEBUG  ]   GET https://api.bitget.com/api/v2/mix/market/candles?productType=USDT-FUTURES&symbol...
2026-03-26 18:57:38 BRT [DEBUG  ]       → HTTP 200 | 4.6KB | enc:gzip | 0.75s
2026-03-26 18:57:38 BRT [DEBUG  ]   ✅  Klines NEARUSDT 4H: 60 candles | 03/26 17:00 → 03/16 21:00
2026-03-26 18:57:38 BRT [DEBUG  ]   💾  Cache GRAVADO NEARUSDT 4H: 60 candles
2026-03-26 18:57:38 BRT [DEBUG  ]   GET https://api.bitget.com/api/v2/mix/market/candles?productType=USDT-FUTURES&symbol...
2026-03-26 18:57:38 BRT [DEBUG  ]       → HTTP 200 | 4.5KB | enc:gzip | 0.78s
2026-03-26 18:57:38 BRT [DEBUG  ]   ✅  Klines TONUSDT 15m: 60 candles | 03/26 18:45 → 03/26 04:00
2026-03-26 18:57:38 BRT [DEBUG  ]   GET https://api.bitget.com/api/v2/mix/market/candles?productType=USDT-FUTURES&symbol...
2026-03-26 18:57:38 BRT [DEBUG  ]       → HTTP 200 | 5.2KB | enc:gzip | 0.80s
2026-03-26 18:57:38 BRT [DEBUG  ]   ✅  Klines PUMPUSDT 15m: 60 candles | 03/26 18:45 → 03/26 04:00
2026-03-26 18:57:38 BRT [DEBUG  ]   GET https://api.bitget.com/api/v2/mix/market/candles?productType=USDT-FUTURES&symbol...
2026-03-26 18:57:38 BRT [DEBUG  ]       → HTTP 200 | 4.6KB | enc:gzip | 0.81s
2026-03-26 18:57:38 BRT [DEBUG  ]   ✅  Klines WLFIUSDT 4H: 60 candles | 03/26 17:00 → 03/16 21:00
2026-03-26 18:57:38 BRT [DEBUG  ]   💾  Cache GRAVADO WLFIUSDT 4H: 60 candles
2026-03-26 18:57:38 BRT [DEBUG  ]   GET https://api.bitget.com/api/v2/mix/market/candles?productType=USDT-FUTURES&symbol...
2026-03-26 18:57:38 BRT [DEBUG  ]       → HTTP 200 | 4.3KB | enc:gzip | 0.83s
2026-03-26 18:57:38 BRT [DEBUG  ]   ✅  Klines TRUMPUSDT 15m: 60 candles | 03/26 18:45 → 03/26 04:00
2026-03-26 18:57:38 BRT [INFO   ]   ─ LONG ONDO: 15m=60 | 1H=60 | 4H=60
2026-03-26 18:57:38 BRT [INFO   ]   SCORE ONDO [LONG]: 6/25 | DQ=100% | klines: 15m=✅ 1H=✅ 4H=✅
2026-03-26 18:57:38 BRT [INFO   ]     Contexto 4H               +0/0 · STRONG_BUY (contexto, não pontuado)
2026-03-26 18:57:38 BRT [INFO   ]     P4 Liquidez 4H            +1/3 █ OB 4H (0.2647-0.2731)
2026-03-26 18:57:38 BRT [INFO   ]     P5 Figuras 4H             +0/2 · Sem figuras claras no 4H
2026-03-26 18:57:38 BRT [INFO   ]     P6 CHOCH/BOS 4H           +0/3 · Sem estrutura bullish no 4H
2026-03-26 18:57:38 BRT [INFO   ]     P-1H Suporte 1H           +2/4 ██ Order Block 1H (0.2617-0.2678)
2026-03-26 18:57:38 BRT [INFO   ]     P1 Bollinger 15m          +0/3 · BB neutro (87%)
2026-03-26 18:57:38 BRT [INFO   ]     P2 Candles 15m            +0/4 · Nenhum
2026-03-26 18:57:38 BRT [INFO   ]     P3 Funding Rate           +0/2 · 0.0050% (neutro)
2026-03-26 18:57:38 BRT [INFO   ]     P7 Filtro Pump/Dump       +0/0 · OK (1.1%)
2026-03-26 18:57:38 BRT [INFO   ]     P8 Volume 15m             +2/2 ██ Volume forte (1.9x média)
2026-03-26 18:57:38 BRT [INFO   ]     P9 OI Crescente           +1/2 █ OI +5.8% vs média (5.8M) — fluxo moderado
2026-03-26 18:57:38 BRT [DEBUG  ]     TradeParams LONG: SL=1.22% | notional=$409 | alav_margem=11.7x → cap=2x → alav=2.0x | margem=$204.60 ⚠️MARGEM $205>35 | risco=$5.00 | ganho=$10.00
2026-03-26 18:57:38 BRT [INFO   ]   📈 LONG ONDO: score=6/25 | entry=0.2655 | SL=1.22% | alav=2.0x ✅
2026-03-26 18:57:38 BRT [INFO   ]   ─ LONG ZRO: 15m=60 | 1H=60 | 4H=60
2026-03-26 18:57:38 BRT [DEBUG  ]     find_swing_points: fallback window=3 aplicado (window=5 insuficiente: 5H/4L → 5H/4L)
2026-03-26 18:57:38 BRT [DEBUG  ]     find_swing_points: fallback window=3 aplicado (window=5 insuficiente: 5H/4L → 5H/4L)
2026-03-26 18:57:38 BRT [DEBUG  ]     find_swing_points: fallback window=3 aplicado (window=5 insuficiente: 5H/4L → 5H/4L)
2026-03-26 18:57:38 BRT [DEBUG  ]     find_swing_points: fallback window=3 aplicado (window=5 insuficiente: 5H/4L → 5H/4L)
2026-03-26 18:57:38 BRT [INFO   ]   SCORE ZRO [LONG]: 8/25 | DQ=100% | klines: 15m=✅ 1H=✅ 4H=✅
2026-03-26 18:57:38 BRT [INFO   ]     Contexto 4H               +0/0 · BUY (contexto, não pontuado)
2026-03-26 18:57:38 BRT [INFO   ]     P4 Liquidez 4H            +1/3 █ OB 4H (2.1445-2.1803)
2026-03-26 18:57:38 BRT [INFO   ]     P5 Figuras 4H             +0/2 · Sem figuras claras no 4H
2026-03-26 18:57:38 BRT [INFO   ]     P6 CHOCH/BOS 4H           +1/3 █ Estrutura 4H saudável (Higher Lows)
2026-03-26 18:57:38 BRT [INFO   ]     P-1H Suporte 1H           +4/4 ████ Suporte 1H em 2.1330 (0.56% abaixo) | Order Block 1H (2.1848-2.2080)
2026-03-26 18:57:38 BRT [INFO   ]     P1 Bollinger 15m          +0/3 · BB neutro (57%)
2026-03-26 18:57:38 BRT [INFO   ]     P2 Candles 15m            +0/4 · Nenhum
2026-03-26 18:57:38 BRT [INFO   ]     P3 Funding Rate           +1/2 █ -0.0171% (leve negativo)
2026-03-26 18:57:38 BRT [INFO   ]     P7 Filtro Pump/Dump       +0/0 · OK (-0.4%)
2026-03-26 18:57:38 BRT [INFO   ]     P8 Volume 15m             +1/2 █ Volume adequado (1.2x média)
2026-03-26 18:57:38 BRT [INFO   ]     P9 OI Crescente           +0/2 · OI estável (+1.1% vs média, 6.3M)
2026-03-26 18:57:38 BRT [DEBUG  ]     TradeParams LONG: SL=1.36% | notional=$368 | alav_margem=10.5x → cap=2x → alav=2.0x | margem=$184.22 ⚠️MARGEM $184>35 | risco=$5.00 | ganho=$10.00
2026-03-26 18:57:38 BRT [INFO   ]   📈 LONG ZRO: score=8/25 | entry=2.1450 | SL=1.36% | alav=2.0x ✅
2026-03-26 18:57:38 BRT [INFO   ]   ─ LONG XLM: 15m=60 | 1H=60 | 4H=60
2026-03-26 18:57:38 BRT [DEBUG  ]     find_swing_points: fallback window=3 aplicado (window=5 insuficiente: 5H/4L → 5H/4L)
2026-03-26 18:57:38 BRT [INFO   ]   SCORE XLM [LONG]: 6/25 | DQ=100% | klines: 15m=✅ 1H=✅ 4H=✅
2026-03-26 18:57:38 BRT [INFO   ]     Contexto 4H               +0/0 · BUY (contexto, não pontuado)
2026-03-26 18:57:38 BRT [INFO   ]     P4 Liquidez 4H            +1/3 █ OB 4H (0.1709-0.1749)
2026-03-26 18:57:38 BRT [INFO   ]     P5 Figuras 4H             +0/2 · Sem figuras claras no 4H
2026-03-26 18:57:38 BRT [INFO   ]     P6 CHOCH/BOS 4H           +1/3 █ Estrutura 4H saudável (Higher Lows)
2026-03-26 18:57:38 BRT [INFO   ]     P-1H Suporte 1H           +4/4 ████ Suporte 1H em 0.1710 (1.40% abaixo) | Order Block 1H (0.1751-0.1781)
2026-03-26 18:57:38 BRT [INFO   ]     P1 Bollinger 15m          +0/3 · BB neutro (78%)
2026-03-26 18:57:38 BRT [INFO   ]     P2 Candles 15m            +0/4 · Nenhum
2026-03-26 18:57:38 BRT [INFO   ]     P3 Funding Rate           +0/2 · 0.0100% (neutro)
2026-03-26 18:57:38 BRT [INFO   ]     P7 Filtro Pump/Dump       +0/0 · OK (-1.7%)
2026-03-26 18:57:38 BRT [INFO   ]     P8 Volume 15m             +0/2 · Volume fraco (0.8x < 1.2x)
2026-03-26 18:57:38 BRT [INFO   ]     P9 OI Crescente           +0/2 · OI estável (-3.4% vs média, 8.1M)
2026-03-26 18:57:38 BRT [DEBUG  ]     TradeParams LONG: SL=0.70% | notional=$714 | alav_margem=20.4x → cap=2x → alav=2.0x | margem=$357.02 ⚠️MARGEM $357>35 | risco=$5.00 | ganho=$10.00
2026-03-26 18:57:38 BRT [INFO   ]   📈 LONG XLM: score=6/25 | entry=0.1734 | SL=0.70% | alav=2.0x ✅
2026-03-26 18:57:38 BRT [INFO   ]   ─ LONG ASTER: 15m=60 | 1H=60 | 4H=60
2026-03-26 18:57:38 BRT [DEBUG  ]   SCORE ASTER [LONG]: 3/25 | DQ=100% (abaixo do radar)
2026-03-26 18:57:38 BRT [DEBUG  ]     TradeParams LONG: SL=0.43% | notional=$1158 | alav_margem=33.1x → cap=2x → alav=2.0x | margem=$579.06 ⚠️MARGEM $579>35 | risco=$5.00 | ganho=$10.00
2026-03-26 18:57:38 BRT [INFO   ]   📈 LONG ASTER: score=3/25 | entry=0.6665 | SL=0.43% | alav=2.0x ✅
2026-03-26 18:57:38 BRT [INFO   ]   ─ LONG APT: 15m=60 | 1H=60 | 4H=60
2026-03-26 18:57:38 BRT [INFO   ]   SCORE APT [LONG]: 9/25 | DQ=100% | klines: 15m=✅ 1H=✅ 4H=✅
2026-03-26 18:57:38 BRT [INFO   ]     Contexto 4H               +0/0 · BUY (contexto, não pontuado)
2026-03-26 18:57:38 BRT [INFO   ]     P4 Liquidez 4H            +0/3 · Longe de zonas de liquidez 4H
2026-03-26 18:57:38 BRT [INFO   ]     P5 Figuras 4H             +2/2 ██ Triângulo Simétrico (compressão)
2026-03-26 18:57:38 BRT [INFO   ]     P6 CHOCH/BOS 4H           +3/3 ███ CHOCH Bullish 4H (reversão confirmada)
2026-03-26 18:57:38 BRT [INFO   ]     P-1H Suporte 1H           +4/4 ████ Suporte 1H em 1.0232 (1.45% abaixo) | Order Block 1H (1.0386-1.0395)
2026-03-26 18:57:38 BRT [INFO   ]     P1 Bollinger 15m          +0/3 · BB neutro (85%)
2026-03-26 18:57:38 BRT [INFO   ]     P2 Candles 15m            +0/4 · Nenhum
2026-03-26 18:57:38 BRT [INFO   ]     P3 Funding Rate           +0/2 · 0.0015% (neutro)
2026-03-26 18:57:38 BRT [INFO   ]     P7 Filtro Pump/Dump       +0/0 · OK (-1.8%)
2026-03-26 18:57:38 BRT [INFO   ]     P8 Volume 15m             +0/2 · Volume fraco (0.6x < 1.2x)
2026-03-26 18:57:38 BRT [INFO   ]     P9 OI Crescente           +0/2 · OI estável (-2.8% vs média, 8.5M)
2026-03-26 18:57:38 BRT [DEBUG  ]     TradeParams LONG: SL=0.95% | notional=$529 | alav_margem=15.1x → cap=2x → alav=2.0x | margem=$264.40 ⚠️MARGEM $264>35 | risco=$5.00 | ganho=$10.00
2026-03-26 18:57:38 BRT [INFO   ]   📈 LONG APT: score=9/25 | entry=1.0383 | SL=0.95% | alav=2.0x ✅
2026-03-26 18:57:38 BRT [INFO   ]   ─ SHORT BEAT: 15m=60 | 1H=60 | 4H=60
2026-03-26 18:57:38 BRT [DEBUG  ]     find_swing_points: fallback window=3 aplicado (window=5 insuficiente: 6H/5L → 6H/5L)
2026-03-26 18:57:38 BRT [DEBUG  ]     find_swing_points: fallback window=3 aplicado (window=5 insuficiente: 6H/5L → 6H/5L)
2026-03-26 18:57:38 BRT [DEBUG  ]     find_swing_points: fallback window=3 aplicado (window=5 insuficiente: 6H/5L → 6H/5L)
2026-03-26 18:57:38 BRT [INFO   ]   SCORE BEAT [SHORT]: 9/25 | DQ=100% | klines: 15m=✅ 1H=✅ 4H=✅
2026-03-26 18:57:38 BRT [INFO   ]     Contexto 4H               +0/0 · SELL (contexto SHORT, não pontuado)
2026-03-26 18:57:38 BRT [INFO   ]     P4 Liquidez 4H            +1/3 █ OB Bearish 4H (0.5638-0.5794)
2026-03-26 18:57:38 BRT [INFO   ]     P5 Figuras 4H             +0/2 · Sem figuras bearish claras no 4H
2026-03-26 18:57:38 BRT [INFO   ]     P6 CHOCH/BOS 4H           +1/3 █ Estrutura 4H bearish (Lower Highs)
2026-03-26 18:57:38 BRT [INFO   ]     P-1H Resistência 1H       +2/4 ██ OB Bearish 1H (0.5563-0.6058)
2026-03-26 18:57:38 BRT [INFO   ]     P1 Bollinger 15m          +3/3 ███ BB rompeu inferior (-1%) — momentum bearish
2026-03-26 18:57:38 BRT [INFO   ]     P2 Candles 15m            +0/4 · Nenhum
2026-03-26 18:57:38 BRT [INFO   ]     P3 Funding Rate           +2/2 ██ 0.0832% (longs excessivos — squeeze short potencial)
2026-03-26 18:57:38 BRT [INFO   ]     P7 Filtro Pump/Dump       +0/0 · OK (-2.6%)
2026-03-26 18:57:38 BRT [INFO   ]     P8 Volume 15m             +0/2 · Volume fraco (0.5x < 1.2x)
2026-03-26 18:57:38 BRT [INFO   ]     P9 OI Crescente           +0/2 · OI estável (-4.0% vs média, 9.8M)
2026-03-26 18:57:38 BRT [DEBUG  ]     TradeParams SHORT: SL=2.73% | notional=$183 | alav_margem=5.2x → cap=2x → alav=2.0x | margem=$91.49 ⚠️MARGEM $91>35 | risco=$5.00 | ganho=$10.00
2026-03-26 18:57:38 BRT [INFO   ]   📉 SHORT BEAT: score=9/25 | entry=0.5757 | SL=2.73% | alav=2.0x ✅
2026-03-26 18:57:38 BRT [INFO   ]   ─ SHORT XPL: 15m=60 | 1H=60 | 4H=60
2026-03-26 18:57:38 BRT [INFO   ]   SCORE XPL [SHORT]: 10/25 | DQ=100% | klines: 15m=✅ 1H=✅ 4H=✅
2026-03-26 18:57:38 BRT [INFO   ]     Contexto 4H               +0/0 · SELL (contexto SHORT, não pontuado)
2026-03-26 18:57:38 BRT [INFO   ]     P4 Liquidez 4H            +1/3 █ OB Bearish 4H (0.0951-0.0953)
2026-03-26 18:57:38 BRT [INFO   ]     P5 Figuras 4H             +0/2 · Sem figuras bearish claras no 4H
2026-03-26 18:57:38 BRT [INFO   ]     P6 CHOCH/BOS 4H           +3/3 ███ CHOCH Bearish 4H (reversão confirmada)
2026-03-26 18:57:38 BRT [INFO   ]     P-1H Resistência 1H       +2/4 ██ OB Bearish 1H (0.0951-0.0977)
2026-03-26 18:57:38 BRT [INFO   ]     P1 Bollinger 15m          +3/3 ███ BB extremo superior (100%)
2026-03-26 18:57:38 BRT [INFO   ]     P2 Candles 15m            +0/4 · Nenhum
2026-03-26 18:57:38 BRT [INFO   ]     P3 Funding Rate           +1/2 █ 0.0050% (leve positivo)
2026-03-26 18:57:38 BRT [INFO   ]     P7 Filtro Pump/Dump       +0/0 · OK (-4.4%)
2026-03-26 18:57:38 BRT [INFO   ]     P8 Volume 15m             +0/2 · Volume fraco (0.2x < 1.2x)
2026-03-26 18:57:38 BRT [INFO   ]     P9 OI Crescente           +0/2 · OI estável (-0.2% vs média, 6.6M)
2026-03-26 18:57:38 BRT [DEBUG  ]     TradeParams SHORT: SL=1.25% | notional=$401 | alav_margem=11.5x → cap=2x → alav=2.0x | margem=$200.39 ⚠️MARGEM $200>35 | risco=$5.00 | ganho=$10.00
2026-03-26 18:57:38 BRT [INFO   ]   📉 SHORT XPL: score=10/25 | entry=0.0946 | SL=1.25% | alav=2.0x ✅
2026-03-26 18:57:38 BRT [INFO   ]   ─ SHORT SHIB: 15m=60 | 1H=60 | 4H=60
2026-03-26 18:57:38 BRT [DEBUG  ]     find_swing_points: fallback window=3 aplicado (window=5 insuficiente: 4H/5L → 4H/5L)
2026-03-26 18:57:38 BRT [DEBUG  ]     find_swing_points: fallback window=3 aplicado (window=5 insuficiente: 4H/5L → 4H/5L)
2026-03-26 18:57:38 BRT [DEBUG  ]     find_swing_points: fallback window=3 aplicado (window=5 insuficiente: 4H/5L → 4H/5L)
2026-03-26 18:57:38 BRT [INFO   ]   SCORE SHIB [SHORT]: 5/25 | DQ=100% | klines: 15m=✅ 1H=✅ 4H=✅
2026-03-26 18:57:38 BRT [INFO   ]     Contexto 4H               +0/0 · SELL (contexto SHORT, não pontuado)
2026-03-26 18:57:38 BRT [INFO   ]     P4 Liquidez 4H            +1/3 █ OB Bearish 4H (0.0000-0.0000)
2026-03-26 18:57:38 BRT [INFO   ]     P5 Figuras 4H             +1/2 █ Cunha Ascendente (pullback bearish)
2026-03-26 18:57:38 BRT [INFO   ]     P6 CHOCH/BOS 4H           +0/3 · Sem estrutura bearish no 4H
2026-03-26 18:57:38 BRT [INFO   ]     P-1H Resistência 1H       +0/4 · Preço longe de resistências no 1H
2026-03-26 18:57:38 BRT [INFO   ]     P1 Bollinger 15m          +2/3 ██ BB superior (86%)
2026-03-26 18:57:38 BRT [INFO   ]     P2 Candles 15m            +0/4 · Nenhum
2026-03-26 18:57:38 BRT [INFO   ]     P3 Funding Rate           +1/2 █ 0.0024% (leve positivo)
2026-03-26 18:57:38 BRT [INFO   ]     P7 Filtro Pump/Dump       +0/0 · OK (-2.8%)
2026-03-26 18:57:38 BRT [INFO   ]     P8 Volume 15m             +0/2 · Volume fraco (0.3x < 1.2x)
2026-03-26 18:57:38 BRT [INFO   ]     P9 OI Crescente           +0/2 · OI estável (+0.8% vs média, 8.6M)
2026-03-26 18:57:38 BRT [DEBUG  ]     TradeParams SHORT: SL=0.64% | notional=$778 | alav_margem=22.2x → cap=2x → alav=2.0x | margem=$389.04 ⚠️MARGEM $389>35 | risco=$5.00 | ganho=$10.00
2026-03-26 18:57:38 BRT [INFO   ]   📉 SHORT SHIB: score=5/25 | entry=0.0000 | SL=0.64% | alav=2.0x ✅
2026-03-26 18:57:38 BRT [INFO   ]   ─ SHORT PUMP: 15m=60 | 1H=60 | 4H=60
2026-03-26 18:57:38 BRT [DEBUG  ]     find_swing_points: fallback window=3 aplicado (window=5 insuficiente: 5H/5L → 5H/5L)
2026-03-26 18:57:38 BRT [INFO   ]   SCORE PUMP [SHORT]: 9/25 | DQ=100% | klines: 15m=✅ 1H=✅ 4H=✅
2026-03-26 18:57:38 BRT [INFO   ]     Contexto 4H               +0/0 · SELL (contexto SHORT, não pontuado)
2026-03-26 18:57:38 BRT [INFO   ]     P4 Liquidez 4H            +1/3 █ OB Bearish 4H (0.0018-0.0018)
2026-03-26 18:57:38 BRT [INFO   ]     P5 Figuras 4H             +1/2 █ Cunha Ascendente (pullback bearish)
2026-03-26 18:57:38 BRT [INFO   ]     P6 CHOCH/BOS 4H           +0/3 · Sem estrutura bearish no 4H
2026-03-26 18:57:38 BRT [INFO   ]     P-1H Resistência 1H       +4/4 ████ Resistência 1H em 0.00179 (0.06% acima) | OB Bearish 1H (0.0018-0.0018)
2026-03-26 18:57:38 BRT [INFO   ]     P1 Bollinger 15m          +2/3 ██ BB superior (89%)
2026-03-26 18:57:38 BRT [INFO   ]     P2 Candles 15m            +0/4 · Nenhum
2026-03-26 18:57:38 BRT [INFO   ]     P3 Funding Rate           +1/2 █ 0.0050% (leve positivo)
2026-03-26 18:57:38 BRT [INFO   ]     P7 Filtro Pump/Dump       +0/0 · OK (-5.0%)
2026-03-26 18:57:38 BRT [INFO   ]     P8 Volume 15m             +0/2 · Volume fraco (0.2x < 1.2x)
2026-03-26 18:57:38 BRT [INFO   ]     P9 OI Crescente           +0/2 · OI estável (-0.0% vs média, 13.7M)
2026-03-26 18:57:38 BRT [DEBUG  ]     TradeParams SHORT: SL=0.99% | notional=$506 | alav_margem=14.5x → cap=2x → alav=2.0x | margem=$253.15 ⚠️MARGEM $253>35 | risco=$5.00 | ganho=$10.00
2026-03-26 18:57:38 BRT [INFO   ]   📉 SHORT PUMP: score=9/25 | entry=0.0018 | SL=0.99% | alav=2.0x ✅
2026-03-26 18:57:38 BRT [INFO   ]   ─ SHORT XRP: 15m=60 | 1H=60 | 4H=60
2026-03-26 18:57:38 BRT [INFO   ]   SCORE XRP [SHORT]: 8/25 | DQ=100% | klines: 15m=✅ 1H=✅ 4H=✅
2026-03-26 18:57:38 BRT [INFO   ]     Contexto 4H               +0/0 · SELL (contexto SHORT, não pontuado)
2026-03-26 18:57:38 BRT [INFO   ]     P4 Liquidez 4H            +1/3 █ OB Bearish 4H (1.3719-1.4105)
2026-03-26 18:57:38 BRT [INFO   ]     P5 Figuras 4H             +0/2 · Sem figuras bearish claras no 4H
2026-03-26 18:57:38 BRT [INFO   ]     P6 CHOCH/BOS 4H           +3/3 ███ CHOCH Bearish 4H (reversão confirmada)
2026-03-26 18:57:38 BRT [INFO   ]     P-1H Resistência 1H       +2/4 ██ OB Bearish 1H (1.3870-1.4090)
2026-03-26 18:57:38 BRT [INFO   ]     P1 Bollinger 15m          +2/3 ██ BB superior (85%)
2026-03-26 18:57:38 BRT [INFO   ]     P2 Candles 15m            +0/4 · Nenhum
2026-03-26 18:57:38 BRT [INFO   ]     P3 Funding Rate           +0/2 · -0.0112% (neutro)
2026-03-26 18:57:38 BRT [INFO   ]     P7 Filtro Pump/Dump       +0/0 · OK (-3.3%)
2026-03-26 18:57:38 BRT [INFO   ]     P8 Volume 15m             +0/2 · Volume fraco (1.1x < 1.2x)
2026-03-26 18:57:38 BRT [INFO   ]     P9 OI Crescente           +0/2 · OI estável (-0.2% vs média, 84.3M)
2026-03-26 18:57:38 BRT [DEBUG  ]     TradeParams SHORT: SL=0.73% | notional=$688 | alav_margem=19.7x → cap=2x → alav=2.0x | margem=$344.15 ⚠️MARGEM $344>35 | risco=$5.00 | ganho=$10.00
2026-03-26 18:57:38 BRT [INFO   ]   📉 SHORT XRP: score=8/25 | entry=1.3672 | SL=0.73% | alav=2.0x ✅
2026-03-26 18:57:38 BRT [INFO   ]   ─ SHORT POL: 15m=60 | 1H=60 | 4H=60
2026-03-26 18:57:38 BRT [DEBUG  ]     find_swing_points: fallback window=3 aplicado (window=5 insuficiente: 5H/4L → 5H/4L)
2026-03-26 18:57:38 BRT [INFO   ]   SCORE POL [SHORT]: 5/25 | DQ=100% | klines: 15m=✅ 1H=✅ 4H=✅
2026-03-26 18:57:38 BRT [INFO   ]     Contexto 4H               +0/0 · SELL (contexto SHORT, não pontuado)
2026-03-26 18:57:38 BRT [INFO   ]     P4 Liquidez 4H            +1/3 █ OB Bearish 4H (0.0954-0.0978)
2026-03-26 18:57:38 BRT [INFO   ]     P5 Figuras 4H             +0/2 · Sem figuras bearish claras no 4H
2026-03-26 18:57:38 BRT [INFO   ]     P6 CHOCH/BOS 4H           +0/3 · Sem estrutura bearish no 4H
2026-03-26 18:57:38 BRT [INFO   ]     P-1H Resistência 1H       +2/4 ██ Resistência 1H em 0.0954 (0.94% acima)
2026-03-26 18:57:38 BRT [INFO   ]     P1 Bollinger 15m          +1/3 █ BB alta (80%)
2026-03-26 18:57:38 BRT [INFO   ]     P2 Candles 15m            +0/4 · Nenhum
2026-03-26 18:57:38 BRT [INFO   ]     P3 Funding Rate           +1/2 █ 0.0050% (leve positivo)
2026-03-26 18:57:38 BRT [INFO   ]     P7 Filtro Pump/Dump       +0/0 · OK (-3.2%)
2026-03-26 18:57:38 BRT [INFO   ]     P8 Volume 15m             +0/2 · Volume fraco (0.9x < 1.2x)
2026-03-26 18:57:38 BRT [INFO   ]     P9 OI Crescente           +0/2 · OI estável (+1.5% vs média, 5.9M)
2026-03-26 18:57:38 BRT [DEBUG  ]     TradeParams SHORT: SL=0.60% | notional=$829 | alav_margem=23.7x → cap=2x → alav=2.0x | margem=$414.38 ⚠️MARGEM $414>35 | risco=$5.00 | ganho=$10.00
2026-03-26 18:57:38 BRT [INFO   ]   📉 SHORT POL: score=5/25 | entry=0.0945 | SL=0.60% | alav=2.0x ✅
2026-03-26 18:57:38 BRT [INFO   ]   ─ SHORT NEAR: 15m=60 | 1H=60 | 4H=60
2026-03-26 18:57:38 BRT [INFO   ]   SCORE NEAR [SHORT]: 12/25 | DQ=100% | klines: 15m=✅ 1H=✅ 4H=✅
2026-03-26 18:57:38 BRT [INFO   ]     Contexto 4H               +0/0 · SELL (contexto SHORT, não pontuado)
2026-03-26 18:57:38 BRT [INFO   ]     P4 Liquidez 4H            +1/3 █ OB Bearish 4H (1.2063-1.2254)
2026-03-26 18:57:38 BRT [INFO   ]     P5 Figuras 4H             +2/2 ██ Rising Wedge (reversão bearish)
2026-03-26 18:57:38 BRT [INFO   ]     P6 CHOCH/BOS 4H           +3/3 ███ CHOCH Bearish 4H (reversão confirmada)
2026-03-26 18:57:38 BRT [INFO   ]     P-1H Resistência 1H       +4/4 ████ Resistência 1H em 1.2393 (0.98% acima) | OB Bearish 1H (1.2213-1.2254)
2026-03-26 18:57:38 BRT [INFO   ]     P1 Bollinger 15m          +1/3 █ BB alta (83%)
2026-03-26 18:57:38 BRT [INFO   ]     P2 Candles 15m            +0/4 · Nenhum
2026-03-26 18:57:38 BRT [INFO   ]     P3 Funding Rate           +1/2 █ 0.0008% (leve positivo)
2026-03-26 18:57:38 BRT [INFO   ]     P7 Filtro Pump/Dump       +0/0 · OK (-3.8%)
2026-03-26 18:57:38 BRT [INFO   ]     P8 Volume 15m             +0/2 · Volume fraco (1.0x < 1.2x)
2026-03-26 18:57:38 BRT [INFO   ]     P9 OI Crescente           +0/2 · OI estável (+4.2% vs média, 13.7M)
2026-03-26 18:57:38 BRT [DEBUG  ]     TradeParams SHORT: SL=0.80% | notional=$625 | alav_margem=17.8x → cap=2x → alav=2.0x | margem=$312.35 ⚠️MARGEM $312>35 | risco=$5.00 | ganho=$10.00
2026-03-26 18:57:38 BRT [INFO   ]   📉 SHORT NEAR: score=12/25 | entry=1.2273 | SL=0.80% | alav=2.0x ✅
2026-03-26 18:57:38 BRT [INFO   ]   ─ SHORT UNI: 15m=60 | 1H=60 | 4H=60
2026-03-26 18:57:38 BRT [DEBUG  ]     find_swing_points: fallback window=3 aplicado (window=5 insuficiente: 4H/4L → 4H/4L)
2026-03-26 18:57:38 BRT [INFO   ]   SCORE UNI [SHORT]: 8/25 | DQ=100% | klines: 15m=✅ 1H=✅ 4H=✅
2026-03-26 18:57:38 BRT [INFO   ]     Contexto 4H               +0/0 · SELL (contexto SHORT, não pontuado)
2026-03-26 18:57:38 BRT [INFO   ]     P4 Liquidez 4H            +1/3 █ OB Bearish 4H (3.5790-3.6050)
2026-03-26 18:57:38 BRT [INFO   ]     P5 Figuras 4H             +0/2 · Sem figuras bearish claras no 4H
2026-03-26 18:57:38 BRT [INFO   ]     P6 CHOCH/BOS 4H           +1/3 █ Estrutura 4H bearish (Lower Highs)
2026-03-26 18:57:38 BRT [INFO   ]     P-1H Resistência 1H       +4/4 ████ Resistência 1H em 3.6180 (2.20% acima) | OB Bearish 1H (3.5420-3.5940)
2026-03-26 18:57:38 BRT [INFO   ]     P1 Bollinger 15m          +1/3 █ BB alta (82%)
2026-03-26 18:57:38 BRT [INFO   ]     P2 Candles 15m            +0/4 · Nenhum
2026-03-26 18:57:38 BRT [INFO   ]     P3 Funding Rate           +1/2 █ 0.0019% (leve positivo)
2026-03-26 18:57:38 BRT [INFO   ]     P7 Filtro Pump/Dump       +0/0 · OK (-4.1%)
2026-03-26 18:57:38 BRT [INFO   ]     P8 Volume 15m             +0/2 · Volume fraco (0.1x < 1.2x)
2026-03-26 18:57:38 BRT [INFO   ]     P9 OI Crescente           +0/2 · OI estável (-4.8% vs média, 11.7M)
2026-03-26 18:57:38 BRT [DEBUG  ]     TradeParams SHORT: SL=0.71% | notional=$701 | alav_margem=20.0x → cap=2x → alav=2.0x | margem=$350.32 ⚠️MARGEM $350>35 | risco=$5.00 | ganho=$10.00
2026-03-26 18:57:38 BRT [INFO   ]   📉 SHORT UNI: score=8/25 | entry=3.5400 | SL=0.71% | alav=2.0x ✅
2026-03-26 18:57:38 BRT [INFO   ]   ─ SHORT PIPPIN: 15m=60 | 1H=60 | 4H=60
2026-03-26 18:57:38 BRT [DEBUG  ]     find_swing_points: fallback window=3 aplicado (window=5 insuficiente: 6H/5L → 6H/5L)
2026-03-26 18:57:38 BRT [DEBUG  ]     find_swing_points: fallback window=3 aplicado (window=5 insuficiente: 6H/5L → 6H/5L)
2026-03-26 18:57:38 BRT [DEBUG  ]     find_swing_points: fallback window=3 aplicado (window=5 insuficiente: 6H/5L → 6H/5L)
2026-03-26 18:57:38 BRT [DEBUG  ]     find_swing_points: fallback window=3 aplicado (window=5 insuficiente: 4H/4L → 4H/4L)
2026-03-26 18:57:38 BRT [DEBUG  ]   SCORE PIPPIN [SHORT]: 4/25 | DQ=100% (abaixo do radar)
2026-03-26 18:57:38 BRT [DEBUG  ]     TradeParams SHORT: SL=4.29% | notional=$117 | alav_margem=3.3x → cap=2x → alav=2.0x | margem=$58.31 ⚠️MARGEM $58>35 | risco=$5.00 | ganho=$10.00
2026-03-26 18:57:38 BRT [INFO   ]   📉 SHORT PIPPIN: score=4/25 | entry=0.0542 | SL=4.29% | alav=2.0x ✅
2026-03-26 18:57:38 BRT [INFO   ]   ─ SHORT WLFI: 15m=60 | 1H=60 | 4H=60
2026-03-26 18:57:38 BRT [DEBUG  ]     find_swing_points: fallback window=3 aplicado (window=5 insuficiente: 4H/5L → 4H/5L)
2026-03-26 18:57:38 BRT [DEBUG  ]     find_swing_points: fallback window=3 aplicado (window=5 insuficiente: 4H/5L → 4H/5L)
2026-03-26 18:57:38 BRT [DEBUG  ]     find_swing_points: fallback window=3 aplicado (window=5 insuficiente: 4H/5L → 4H/5L)
2026-03-26 18:57:38 BRT [INFO   ]   SCORE WLFI [SHORT]: 6/25 | DQ=100% | klines: 15m=✅ 1H=✅ 4H=✅
2026-03-26 18:57:38 BRT [INFO   ]     Contexto 4H               +0/0 · SELL (contexto SHORT, não pontuado)
2026-03-26 18:57:38 BRT [INFO   ]     P4 Liquidez 4H            +3/3 ███ Resistência 4H 0.0990 (0.70% acima) | OB Bearish 4H (0.0950-0.0969) | Confluência Res+OB Bearish
2026-03-26 18:57:38 BRT [INFO   ]     P5 Figuras 4H             +0/2 · Sem figuras bearish claras no 4H
2026-03-26 18:57:38 BRT [INFO   ]     P6 CHOCH/BOS 4H           +0/3 · Sem estrutura bearish no 4H
2026-03-26 18:57:38 BRT [INFO   ]     P-1H Resistência 1H       +2/4 ██ OB Bearish 1H (0.0979-0.0984)
2026-03-26 18:57:38 BRT [INFO   ]     P1 Bollinger 15m          +0/3 · BB neutro (74%)
2026-03-26 18:57:38 BRT [INFO   ]     P2 Candles 15m            +0/4 · Nenhum
2026-03-26 18:57:38 BRT [INFO   ]     P3 Funding Rate           +1/2 █ 0.0050% (leve positivo)
2026-03-26 18:57:38 BRT [INFO   ]     P7 Filtro Pump/Dump       +0/0 · OK (-3.3%)
2026-03-26 18:57:38 BRT [INFO   ]     P8 Volume 15m             +0/2 · Volume fraco (0.1x < 1.2x)
2026-03-26 18:57:38 BRT [INFO   ]     P9 OI Crescente           +0/2 · OI estável (-1.3% vs média, 12.7M)
2026-03-26 18:57:38 BRT [DEBUG  ]     TradeParams SHORT: SL=0.92% | notional=$545 | alav_margem=15.6x → cap=2x → alav=2.0x | margem=$272.33 ⚠️MARGEM $272>35 | risco=$5.00 | ganho=$10.00
2026-03-26 18:57:38 BRT [INFO   ]   📉 SHORT WLFI: score=6/25 | entry=0.0983 | SL=0.92% | alav=2.0x ✅
2026-03-26 18:57:38 BRT [INFO   ]   ─ SHORT HBAR: 15m=60 | 1H=60 | 4H=60
2026-03-26 18:57:38 BRT [DEBUG  ]     find_swing_points: fallback window=3 aplicado (window=5 insuficiente: 4H/5L → 4H/5L)
2026-03-26 18:57:38 BRT [INFO   ]   SCORE HBAR [SHORT]: 9/25 | DQ=100% | klines: 15m=✅ 1H=✅ 4H=✅
2026-03-26 18:57:38 BRT [INFO   ]     Contexto 4H               +0/0 · SELL (contexto SHORT, não pontuado)
2026-03-26 18:57:38 BRT [INFO   ]     P4 Liquidez 4H            +3/3 ███ Resistência 4H 0.0937 (2.25% acima) | OB Bearish 4H (0.0928-0.0939) | Confluência Res+OB Bearish
2026-03-26 18:57:38 BRT [INFO   ]     P5 Figuras 4H             +1/2 █ Cunha Ascendente (pullback bearish)
2026-03-26 18:57:38 BRT [INFO   ]     P6 CHOCH/BOS 4H           +0/3 · Sem estrutura bearish no 4H
2026-03-26 18:57:38 BRT [INFO   ]     P-1H Resistência 1H       +4/4 ████ Resistência 1H em 0.0923 (0.75% acima) | OB Bearish 1H (0.0924-0.0937)
2026-03-26 18:57:38 BRT [INFO   ]     P1 Bollinger 15m          +1/3 █ BB alta (84%)
2026-03-26 18:57:38 BRT [INFO   ]     P2 Candles 15m            +0/4 · Nenhum
2026-03-26 18:57:38 BRT [INFO   ]     P3 Funding Rate           +0/2 · -0.0086% (neutro)
2026-03-26 18:57:38 BRT [INFO   ]     P7 Filtro Pump/Dump       +0/0 · OK (-3.0%)
2026-03-26 18:57:38 BRT [INFO   ]     P8 Volume 15m             +0/2 · Volume fraco (0.8x < 1.2x)
2026-03-26 18:57:38 BRT [INFO   ]     P9 OI Crescente           +0/2 · OI estável (-1.4% vs média, 6.7M)
2026-03-26 18:57:38 BRT [DEBUG  ]     TradeParams SHORT: SL=0.61% | notional=$817 | alav_margem=23.3x → cap=2x → alav=2.0x | margem=$408.57 ⚠️MARGEM $409>35 | risco=$5.00 | ganho=$10.00
2026-03-26 18:57:38 BRT [INFO   ]   📉 SHORT HBAR: score=9/25 | entry=0.0916 | SL=0.61% | alav=2.0x ✅
2026-03-26 18:57:38 BRT [INFO   ]   ─ SHORT SUI: 15m=60 | 1H=60 | 4H=60
2026-03-26 18:57:38 BRT [DEBUG  ]     find_swing_points: fallback window=3 aplicado (window=5 insuficiente: 4H/5L → 4H/5L)
2026-03-26 18:57:38 BRT [INFO   ]   SCORE SUI [SHORT]: 10/25 | DQ=100% | klines: 15m=✅ 1H=✅ 4H=✅
2026-03-26 18:57:38 BRT [INFO   ]     Contexto 4H               +0/0 · SELL (contexto SHORT, não pontuado)
2026-03-26 18:57:38 BRT [INFO   ]     P4 Liquidez 4H            +1/3 █ OB Bearish 4H (0.8991-0.9402)
2026-03-26 18:57:38 BRT [INFO   ]     P5 Figuras 4H             +1/2 █ Cunha Ascendente (pullback bearish)
2026-03-26 18:57:38 BRT [INFO   ]     P6 CHOCH/BOS 4H           +3/3 ███ CHOCH Bearish 4H (reversão confirmada)
2026-03-26 18:57:38 BRT [INFO   ]     P-1H Resistência 1H       +4/4 ████ Resistência 1H em 0.9357 (0.69% acima) | OB Bearish 1H (0.9310-0.9471)
2026-03-26 18:57:38 BRT [INFO   ]     P1 Bollinger 15m          +1/3 █ BB alta (83%)
2026-03-26 18:57:38 BRT [INFO   ]     P2 Candles 15m            +0/4 · Nenhum
2026-03-26 18:57:38 BRT [INFO   ]     P3 Funding Rate           +0/2 · -0.0072% (neutro)
2026-03-26 18:57:38 BRT [INFO   ]     P7 Filtro Pump/Dump       +0/0 · OK (-3.7%)
2026-03-26 18:57:38 BRT [INFO   ]     P8 Volume 15m             +0/2 · Volume fraco (0.7x < 1.2x)
2026-03-26 18:57:38 BRT [INFO   ]     P9 OI Crescente           +0/2 · OI estável (-1.5% vs média, 24.0M)
2026-03-26 18:57:38 BRT [DEBUG  ]     TradeParams SHORT: SL=0.79% | notional=$637 | alav_margem=18.2x → cap=2x → alav=2.0x | margem=$318.29 ⚠️MARGEM $318>35 | risco=$5.00 | ganho=$10.00
2026-03-26 18:57:38 BRT [INFO   ]   📉 SHORT SUI: score=10/25 | entry=0.9293 | SL=0.79% | alav=2.0x ✅
2026-03-26 18:57:38 BRT [INFO   ]   ─ SHORT IP: 15m=60 | 1H=60 | 4H=60
2026-03-26 18:57:38 BRT [INFO   ]   SCORE IP [SHORT]: 5/25 | DQ=100% | klines: 15m=✅ 1H=✅ 4H=✅
2026-03-26 18:57:38 BRT [INFO   ]     Contexto 4H               +0/0 · SELL (contexto SHORT, não pontuado)
2026-03-26 18:57:38 BRT [INFO   ]     P4 Liquidez 4H            +0/3 · Longe de resistências 4H
2026-03-26 18:57:38 BRT [INFO   ]     P5 Figuras 4H             +1/2 █ Cunha Ascendente (pullback bearish)
2026-03-26 18:57:38 BRT [INFO   ]     P6 CHOCH/BOS 4H           +3/3 ███ CHOCH Bearish 4H (reversão confirmada)
2026-03-26 18:57:38 BRT [INFO   ]     P-1H Resistência 1H       +0/4 · Preço longe de resistências no 1H
2026-03-26 18:57:38 BRT [INFO   ]     P1 Bollinger 15m          +1/3 █ BB alta (78%)
2026-03-26 18:57:38 BRT [INFO   ]     P2 Candles 15m            +0/4 · Nenhum
2026-03-26 18:57:38 BRT [INFO   ]     P3 Funding Rate           +0/2 · -0.0281% (neutro)
2026-03-26 18:57:38 BRT [INFO   ]     P7 Filtro Pump/Dump       +0/0 · OK (-5.7%)
2026-03-26 18:57:38 BRT [INFO   ]     P8 Volume 15m             +0/2 · Volume fraco (0.5x < 1.2x)
2026-03-26 18:57:38 BRT [INFO   ]     P9 OI Crescente           +0/2 · OI estável (+0.3% vs média, 6.5M)
2026-03-26 18:57:38 BRT [DEBUG  ]     TradeParams SHORT: SL=0.88% | notional=$567 | alav_margem=16.2x → cap=2x → alav=2.0x | margem=$283.73 ⚠️MARGEM $284>35 | risco=$5.00 | ganho=$10.00
2026-03-26 18:57:38 BRT [INFO   ]   📉 SHORT IP: score=5/25 | entry=0.6120 | SL=0.88% | alav=2.0x ✅
2026-03-26 18:57:38 BRT [INFO   ]   ─ SHORT DOT: 15m=60 | 1H=60 | 4H=60
2026-03-26 18:57:38 BRT [DEBUG  ]     find_swing_points: fallback window=3 aplicado (window=5 insuficiente: 5H/5L → 5H/5L)
2026-03-26 18:57:38 BRT [INFO   ]   SCORE DOT [SHORT]: 7/25 | DQ=100% | klines: 15m=✅ 1H=✅ 4H=✅
2026-03-26 18:57:38 BRT [INFO   ]     Contexto 4H               +0/0 · SELL (contexto SHORT, não pontuado)
2026-03-26 18:57:38 BRT [INFO   ]     P4 Liquidez 4H            +0/3 · Longe de resistências 4H
2026-03-26 18:57:38 BRT [INFO   ]     P5 Figuras 4H             +1/2 █ Cunha Ascendente (pullback bearish)
2026-03-26 18:57:38 BRT [INFO   ]     P6 CHOCH/BOS 4H           +3/3 ███ CHOCH Bearish 4H (reversão confirmada)
2026-03-26 18:57:38 BRT [INFO   ]     P-1H Resistência 1H       +2/4 ██ Resistência 1H em 1.3350 (1.14% acima)
2026-03-26 18:57:38 BRT [INFO   ]     P1 Bollinger 15m          +0/3 · BB neutro (65%)
2026-03-26 18:57:38 BRT [INFO   ]     P2 Candles 15m            +0/4 · Nenhum
2026-03-26 18:57:38 BRT [INFO   ]     P3 Funding Rate           +1/2 █ 0.0069% (leve positivo)
2026-03-26 18:57:38 BRT [INFO   ]     P7 Filtro Pump/Dump       +0/0 · OK (-2.1%)
2026-03-26 18:57:38 BRT [INFO   ]     P8 Volume 15m             +0/2 · Volume fraco (0.6x < 1.2x)
2026-03-26 18:57:38 BRT [INFO   ]     P9 OI Crescente           +0/2 · OI estável (-3.4% vs média, 13.7M)
2026-03-26 18:57:38 BRT [DEBUG  ]     TradeParams SHORT: SL=0.91% | notional=$551 | alav_margem=15.8x → cap=2x → alav=2.0x | margem=$275.72 ⚠️MARGEM $276>35 | risco=$5.00 | ganho=$10.00
2026-03-26 18:57:38 BRT [INFO   ]   📉 SHORT DOT: score=7/25 | entry=1.3200 | SL=0.91% | alav=2.0x ✅
2026-03-26 18:57:38 BRT [INFO   ]   ─ SHORT TRUMP: 15m=60 | 1H=60 | 4H=60
2026-03-26 18:57:38 BRT [DEBUG  ]     find_swing_points: fallback window=3 aplicado (window=5 insuficiente: 6H/5L → 6H/5L)
2026-03-26 18:57:38 BRT [INFO   ]   SCORE TRUMP [SHORT]: 6/25 | DQ=100% | klines: 15m=✅ 1H=✅ 4H=✅
2026-03-26 18:57:38 BRT [INFO   ]     Contexto 4H               +0/0 · SELL (contexto SHORT, não pontuado)
2026-03-26 18:57:38 BRT [INFO   ]     P4 Liquidez 4H            +1/3 █ OB Bearish 4H (3.0640-3.1160)
2026-03-26 18:57:38 BRT [INFO   ]     P5 Figuras 4H             +0/2 · Sem figuras bearish claras no 4H
2026-03-26 18:57:38 BRT [INFO   ]     P6 CHOCH/BOS 4H           +0/3 · Sem estrutura bearish no 4H
2026-03-26 18:57:38 BRT [INFO   ]     P-1H Resistência 1H       +4/4 ████ Resistência 1H em 3.1590 (1.28% acima) | OB Bearish 1H (3.1060-3.1160)
2026-03-26 18:57:38 BRT [INFO   ]     P1 Bollinger 15m          +1/3 █ BB alta (78%)
2026-03-26 18:57:38 BRT [INFO   ]     P2 Candles 15m            +0/4 · Nenhum
2026-03-26 18:57:38 BRT [INFO   ]     P3 Funding Rate           +0/2 · -0.0095% (neutro)
2026-03-26 18:57:38 BRT [INFO   ]     P7 Filtro Pump/Dump       +0/0 · OK (-4.4%)
2026-03-26 18:57:38 BRT [INFO   ]     P8 Volume 15m             +0/2 · Volume fraco (0.4x < 1.2x)
2026-03-26 18:57:38 BRT [INFO   ]     P9 OI Crescente           +0/2 · OI estável (-4.3% vs média, 15.8M)
2026-03-26 18:57:38 BRT [DEBUG  ]     TradeParams SHORT: SL=0.82% | notional=$613 | alav_margem=17.5x → cap=2x → alav=2.0x | margem=$306.54 ⚠️MARGEM $307>35 | risco=$5.00 | ganho=$10.00
2026-03-26 18:57:38 BRT [INFO   ]   📉 SHORT TRUMP: score=6/25 | entry=3.1190 | SL=0.82% | alav=2.0x ✅
2026-03-26 18:57:38 BRT [INFO   ]   ─ SHORT LIT: 15m=60 | 1H=60 | 4H=60
2026-03-26 18:57:38 BRT [DEBUG  ]   SCORE LIT [SHORT]: 2/25 | DQ=100% (abaixo do radar)
2026-03-26 18:57:38 BRT [DEBUG  ]     TradeParams SHORT: SL=1.15% | notional=$433 | alav_margem=12.4x → cap=2x → alav=2.0x | margem=$216.73 ⚠️MARGEM $217>35 | risco=$5.00 | ganho=$10.00
2026-03-26 18:57:38 BRT [INFO   ]   📉 SHORT LIT: score=2/25 | entry=0.9042 | SL=1.15% | alav=2.0x ✅
2026-03-26 18:57:38 BRT [INFO   ]   ─ SHORT LINK: 15m=60 | 1H=60 | 4H=60
2026-03-26 18:57:38 BRT [DEBUG  ]     find_swing_points: fallback window=3 aplicado (window=5 insuficiente: 4H/6L → 4H/6L)
2026-03-26 18:57:38 BRT [INFO   ]   SCORE LINK [SHORT]: 7/25 | DQ=100% | klines: 15m=✅ 1H=✅ 4H=✅
2026-03-26 18:57:38 BRT [INFO   ]     Contexto 4H               +0/0 · SELL (contexto SHORT, não pontuado)
2026-03-26 18:57:38 BRT [INFO   ]     P4 Liquidez 4H            +1/3 █ OB Bearish 4H (9.0380-9.1130)
2026-03-26 18:57:38 BRT [INFO   ]     P5 Figuras 4H             +0/2 · Sem figuras bearish claras no 4H
2026-03-26 18:57:38 BRT [INFO   ]     P6 CHOCH/BOS 4H           +1/3 █ Estrutura 4H bearish (Lower Highs)
2026-03-26 18:57:38 BRT [INFO   ]     P-1H Resistência 1H       +4/4 ████ Resistência 1H em 9.0240 (0.83% acima) | OB Bearish 1H (9.0570-9.1970)
2026-03-26 18:57:38 BRT [INFO   ]     P1 Bollinger 15m          +1/3 █ BB alta (81%)
2026-03-26 18:57:38 BRT [INFO   ]     P2 Candles 15m            +0/4 · Nenhum
2026-03-26 18:57:38 BRT [INFO   ]     P3 Funding Rate           +0/2 · -0.0054% (neutro)
2026-03-26 18:57:38 BRT [INFO   ]     P7 Filtro Pump/Dump       +0/0 · OK (-3.9%)
2026-03-26 18:57:38 BRT [INFO   ]     P8 Volume 15m             +0/2 · Volume fraco (0.1x < 1.2x)
2026-03-26 18:57:38 BRT [INFO   ]     P9 OI Crescente           +0/2 · OI estável (-3.0% vs média, 22.0M)
2026-03-26 18:57:38 BRT [DEBUG  ]     TradeParams SHORT: SL=0.67% | notional=$745 | alav_margem=21.3x → cap=2x → alav=2.0x | margem=$372.38 ⚠️MARGEM $372>35 | risco=$5.00 | ganho=$10.00
2026-03-26 18:57:38 BRT [INFO   ]   📉 SHORT LINK: score=7/25 | entry=8.9500 | SL=0.67% | alav=2.0x ✅
2026-03-26 18:57:38 BRT [INFO   ]   ─ SHORT TON: 15m=60 | 1H=60 | 4H=60
2026-03-26 18:57:38 BRT [DEBUG  ]     find_swing_points: fallback window=3 aplicado (window=5 insuficiente: 4H/4L → 4H/4L)
2026-03-26 18:57:38 BRT [DEBUG  ]     find_swing_points: fallback window=3 aplicado (window=5 insuficiente: 4H/4L → 4H/4L)
2026-03-26 18:57:38 BRT [DEBUG  ]     find_swing_points: fallback window=3 aplicado (window=5 insuficiente: 4H/4L → 4H/4L)
2026-03-26 18:57:38 BRT [DEBUG  ]   SCORE TON [SHORT]: 4/25 | DQ=100% (abaixo do radar)
2026-03-26 18:57:38 BRT [DEBUG  ]     TradeParams SHORT: SL=0.50% | notional=$1001 | alav_margem=28.6x → cap=2x → alav=2.0x | margem=$500.41 ⚠️MARGEM $500>35 | risco=$5.00 | ganho=$10.00
2026-03-26 18:57:38 BRT [INFO   ]   📉 SHORT TON: score=4/25 | entry=1.2720 | SL=0.50% | alav=2.0x ✅
2026-03-26 18:57:38 BRT [INFO   ]   ─ SHORT ADA: 15m=60 | 1H=60 | 4H=60
2026-03-26 18:57:38 BRT [DEBUG  ]     find_swing_points: fallback window=3 aplicado (window=5 insuficiente: 4H/5L → 4H/5L)
2026-03-26 18:57:38 BRT [INFO   ]   SCORE ADA [SHORT]: 8/25 | DQ=100% | klines: 15m=✅ 1H=✅ 4H=✅
2026-03-26 18:57:38 BRT [INFO   ]     Contexto 4H               +0/0 · SELL (contexto SHORT, não pontuado)
2026-03-26 18:57:38 BRT [INFO   ]     P4 Liquidez 4H            +1/3 █ OB Bearish 4H (0.2499-0.2586)
2026-03-26 18:57:38 BRT [INFO   ]     P5 Figuras 4H             +0/2 · Sem figuras bearish claras no 4H
2026-03-26 18:57:38 BRT [INFO   ]     P6 CHOCH/BOS 4H           +3/3 ███ CHOCH Bearish 4H (reversão confirmada)
2026-03-26 18:57:38 BRT [INFO   ]     P-1H Resistência 1H       +4/4 ████ Resistência 1H em 0.2596 (1.37% acima) | OB Bearish 1H (0.2600-0.2645)
2026-03-26 18:57:38 BRT [INFO   ]     P1 Bollinger 15m          +0/3 · BB neutro (75%)
2026-03-26 18:57:38 BRT [INFO   ]     P2 Candles 15m            +0/4 · Nenhum
2026-03-26 18:57:38 BRT [INFO   ]     P3 Funding Rate           +0/2 · -0.0040% (neutro)
2026-03-26 18:57:38 BRT [INFO   ]     P7 Filtro Pump/Dump       +0/0 · OK (-4.9%)
2026-03-26 18:57:38 BRT [INFO   ]     P8 Volume 15m             +0/2 · Volume fraco (0.3x < 1.2x)
2026-03-26 18:57:38 BRT [INFO   ]     P9 OI Crescente           +0/2 · OI estável (+4.2% vs média, 29.6M)
2026-03-26 18:57:38 BRT [DEBUG  ]     TradeParams SHORT: SL=0.71% | notional=$702 | alav_margem=20.1x → cap=2x → alav=2.0x | margem=$351.21 ⚠️MARGEM $351>35 | risco=$5.00 | ganho=$10.00
2026-03-26 18:57:38 BRT [INFO   ]   📉 SHORT ADA: score=8/25 | entry=0.2561 | SL=0.71% | alav=2.0x ✅
2026-03-26 18:57:38 BRT [INFO   ]   ─ SHORT WLD: 15m=60 | 1H=60 | 4H=60
2026-03-26 18:57:38 BRT [DEBUG  ]     find_swing_points: fallback window=3 aplicado (window=5 insuficiente: 5H/7L → 5H/7L)
2026-03-26 18:57:38 BRT [DEBUG  ]     find_swing_points: fallback window=3 aplicado (window=5 insuficiente: 5H/7L → 5H/7L)
2026-03-26 18:57:38 BRT [DEBUG  ]     find_swing_points: fallback window=3 aplicado (window=5 insuficiente: 5H/7L → 5H/7L)
2026-03-26 18:57:38 BRT [DEBUG  ]   SCORE WLD [SHORT]: 4/25 | DQ=100% (abaixo do radar)
2026-03-26 18:57:38 BRT [DEBUG  ]     TradeParams SHORT: SL=1.08% | notional=$462 | alav_margem=13.2x → cap=2x → alav=2.0x | margem=$231.20 ⚠️MARGEM $231>35 | risco=$5.00 | ganho=$10.00
2026-03-26 18:57:38 BRT [INFO   ]   📉 SHORT WLD: score=4/25 | entry=0.2915 | SL=1.08% | alav=2.0x ✅
2026-03-26 18:57:38 BRT [INFO   ] 
───────────────────────────────────────────────────────
2026-03-26 18:57:38 BRT [INFO   ]   ETAPA 4b — Análise leve LONG + SHORT (sem klines) [v6.3.0 A8]
2026-03-26 18:57:38 BRT [INFO   ] ───────────────────────────────────────────────────────
2026-03-26 18:57:38 BRT [DEBUG  ]   CRV      score parcial SHORT=0/25 → Em Observação SHORT
2026-03-26 18:57:38 BRT [DEBUG  ]   FIL      score parcial SHORT=0/25 → Em Observação SHORT
2026-03-26 18:57:38 BRT [DEBUG  ]   SOL      score parcial SHORT=0/25 → Em Observação SHORT
2026-03-26 18:57:38 BRT [DEBUG  ]   ETH      score parcial SHORT=0/25 → Em Observação SHORT
2026-03-26 18:57:38 BRT [DEBUG  ]   AVAX     score parcial SHORT=0/25 → Em Observação SHORT
2026-03-26 18:57:38 BRT [DEBUG  ]   ATOM     score parcial SHORT=0/25 → Em Observação SHORT
2026-03-26 18:57:38 BRT [DEBUG  ]   ICP      score parcial SHORT=0/25 → Em Observação SHORT
2026-03-26 18:57:38 BRT [INFO   ] 
───────────────────────────────────────────────────────
2026-03-26 18:57:38 BRT [INFO   ]   ETAPA 5 — Contexto de Mercado e Relatório Bidirecional
2026-03-26 18:57:38 BRT [INFO   ] ───────────────────────────────────────────────────────
2026-03-26 18:57:38 BRT [INFO   ]   📚  Score history: 43 tokens rastreados
2026-03-26 18:57:38 BRT [DEBUG  ]   Contexto: FGI=10 | BTC=NEUTRAL | LONG=CAUTELOSO (Medo Extremo)(thr=20) | SHORT=MODERADO (Medo Extremo — mercado bearish)(thr=16) | risk_score=0
2026-03-26 18:57:38 BRT [INFO   ]   BTC 4H: NEUTRAL | Thr LONG: 20 (CAUTELOSO (Medo Extremo)) | Thr SHORT: 16 (MODERADO (Medo Extremo — mercado bearish))
2026-03-26 18:57:38 BRT [INFO   ]   Results LONG: 5 | SHORT: 20 | Obs LONG: 0 | Obs SHORT: 7
2026-03-26 18:57:38 BRT [INFO   ] 
───────────────────────────────────────────────────────
2026-03-26 18:57:38 BRT [INFO   ]   ETAPA 6 — Notificações Telegram
2026-03-26 18:57:38 BRT [INFO   ] ───────────────────────────────────────────────────────
2026-03-26 18:57:39 BRT [INFO   ]   📲  Telegram heartbeat: enviado ✅
2026-03-26 18:57:39 BRT [WARNING]   ⚠️  Telegram: HTTP 400 — {"ok":false,"error_code":400,"description":"Bad Request: can't parse entities: U
2026-03-26 18:57:39 BRT [WARNING]   📵  Telegram QUASE SHORT NEAR: falha
2026-03-26 18:57:39 BRT [INFO   ]   📲  Telegram: 1/2 mensagens enviadas (1 heartbeat + 1 QUASE + 0 call)
2026-03-26 18:57:39 BRT [INFO   ] ==========================================================
🎯 SETUP ATIRADOR v6.6.2
📅 26/03/2026 18:57 BRT
📋 Log: atirador_LOG_20260326_1856.log
==========================================================
📊 CONTEXTO DE MERCADO
   Fear & Greed: 10 | BTC 4H: NEUTRAL
   LONG:  CAUTELOSO (Medo Extremo) | Threshold: 20 pts
   SHORT: MODERADO (Medo Extremo — mercado bearish) | Threshold: 16 pts
   Risk Score: 0
==========================================================

💼 SIZING Risk-First [v6.6.2]
   Banca: $100.00 | Risco fixo/trade: $5.00 | Margem máx/trade: $35

🔍 PIPELINE
   Fonte de dados: OKX (perpetuals USDT)
   Universo: 301 tokens | Qualificados: 38
   Gate 4H: LONG=7 | SHORT=30
   Gate 1H: LONG=5 | SHORT=27
   Análise completa: LONG=5 | SHORT=20 | Obs: LONG=0 SHORT=7
   ✅  Candle 15m fechado (758s após fechamento, último: 18:45:00 BRT)

──────────────────────────────────────────────────────────
📈 OPERAÇÕES LONG
──────────────────────────────────────────────────────────
ℹ️  Nenhum alerta LONG forte (score ≥ 20) no momento.
   Score máximo: 9/25 (faltam 11 pts)

🔎 RADAR LONG — Score 5–13:
   ⚠️  Não operar — insuficiente. Monitorar.
   · APT | 9/25 | BUY 4H
   · ZRO | 8/25 | BUY 4H
   · ONDO | 6/25 | STRONG_BUY 4H
   · XLM | 6/25 | BUY 4H

──────────────────────────────────────────────────────────
📉 OPERAÇÕES SHORT
──────────────────────────────────────────────────────────
ℹ️  Nenhum alerta SHORT forte (score ≥ 16) no momento.
   Score máximo SHORT: 12/25 (faltam 4 pts)

🔎 RADAR SHORT — Score 5–15:
   ⚠️  Não operar — insuficiente. Monitorar.
   · NEAR | 12/25 | SELL 4H
   · XPL | 10/25 | SELL 4H
   · SUI | 10/25 | SELL 4H
   · BEAT | 9/25 | SELL 4H
   · PUMP | 9/25 | SELL 4H

----------------------------------------------------------
⏱️  Execução: 79.4s | Analisados: 301 tokens
📁 Estado diário: /tmp/atirador_state.json
📋 Log completo: /tmp/atirador_logs/atirador_LOG_20260326_1856.log

2026-03-26 18:57:39 BRT [INFO   ] ✅ Scan v6.6.2 concluído em 79.4s | Fonte: OKX | Log: /tmp/atirador_logs/atirador_LOG_20260326_1856.log
