2026-03-25 17:57:32 BRT [INFO   ] рџ“‹ Log iniciado: /tmp/atirador_logs/atirador_LOG_20260325_1757.log
2026-03-25 17:57:32 BRT [INFO   ] рџљЂ Setup Atirador v6.6.2 | Arquitetura 3 Camadas (LONG+SHORT) | Iniciando scan...
2026-03-25 17:57:32 BRT [INFO   ] рџ’ј Estado diГЎrio: P&L=+0.00 | Trades abertos=0/2 | Pode operar=вњ…
2026-03-25 17:57:32 BRT [INFO   ] 
в”Ђв”Ђв”Ђв”Ђв”Ђв”Ђв”Ђв”Ђв”Ђв”Ђв”Ђв”Ђв”Ђв”Ђв”Ђв”Ђв”Ђв”Ђв”Ђв”Ђв”Ђв”Ђв”Ђв”Ђв”Ђв”Ђв”Ђв”Ђв”Ђв”Ђв”Ђв”Ђв”Ђв”Ђв”Ђв”Ђв”Ђв”Ђв”Ђв”Ђв”Ђв”Ђв”Ђв”Ђв”Ђв”Ђв”Ђв”Ђв”Ђв”Ђв”Ђв”Ђв”Ђв”Ђв”Ђ
2026-03-25 17:57:32 BRT [INFO   ]   ETAPA 1 вЂ” Tickers (Bybit/Bitget) + Fear & Greed
2026-03-25 17:57:32 BRT [INFO   ] в”Ђв”Ђв”Ђв”Ђв”Ђв”Ђв”Ђв”Ђв”Ђв”Ђв”Ђв”Ђв”Ђв”Ђв”Ђв”Ђв”Ђв”Ђв”Ђв”Ђв”Ђв”Ђв”Ђв”Ђв”Ђв”Ђв”Ђв”Ђв”Ђв”Ђв”Ђв”Ђв”Ђв”Ђв”Ђв”Ђв”Ђв”Ђв”Ђв”Ђв”Ђв”Ђв”Ђв”Ђв”Ђв”Ђв”Ђв”Ђв”Ђв”Ђв”Ђв”Ђв”Ђв”Ђв”Ђ
2026-03-25 17:57:32 BRT [INFO   ] рџ“Ў [v6.6.2] Iniciando busca de tickers вЂ” hierarquia OKX в†’ Gate.io в†’ Bitget
2026-03-25 17:57:32 BRT [INFO   ]    Filtros: volв‰Ґ$2.0M | OIв‰Ґ$5M | timeout=8s/fonte
2026-03-25 17:57:32 BRT [INFO   ]    [Nota] Fonte ideal seria CoinGlass API (pago ~$35/mГЄs) вЂ” ver docstring
2026-03-25 17:57:32 BRT [INFO   ]   рџ“Ў  [OKX] Tentando com tickers + OI real...
2026-03-25 17:57:32 BRT [DEBUG  ]   рџ“Ў  [OKX] Buscando tickers...
2026-03-25 17:57:32 BRT [DEBUG  ]      вњ… Tickers: 301 itens em 0.35s
2026-03-25 17:57:32 BRT [DEBUG  ]   рџ“Ў  [OKX] Buscando Open Interest...
2026-03-25 17:57:32 BRT [DEBUG  ]      вњ… OI: 301 itens em 0.65s
2026-03-25 17:57:32 BRT [DEBUG  ]   рџ“Ў  [OKX] Buscando Funding Rates reais...
2026-03-25 17:58:52 BRT [DEBUG  ]   рџ“Ў  [OKX FR] Funding rates obtidos: 282/282 | erros: 0
2026-03-25 17:58:52 BRT [DEBUG  ]      вњ… FR: 282 tokens com funding rate em 80.19s
2026-03-25 17:58:52 BRT [DEBUG  ]      вњ… Mesclados: 301/301 com OI real em 80.19s
2026-03-25 17:58:52 BRT [INFO   ]   вњ…  [OKX] Fonte ativa (com OI real) | 301 brutos в†’ 40 qualificados
2026-03-25 17:58:52 BRT [INFO   ]   Fonte de dados: OKX | Universo: 301 brutos в†’ 40 qualificados
2026-03-25 17:58:52 BRT [INFO   ]   Analisando todos os 40 tokens qualificados: ['PEPE', 'SHIB', 'PUMP', 'DOGE', 'PIPPIN', 'PENGU', 'WLFI', 'ADA', 'XPL', 'XRP']...
2026-03-25 17:58:52 BRT [DEBUG  ]   TV batch: 40 tokens (.P perpГ©tuo) | cols: ['Recommend.All|240', 'RSI|240']
2026-03-25 17:58:52 BRT [DEBUG  ]   Buscando Fear & Greed Index...
2026-03-25 17:58:52 BRT [DEBUG  ]   вњ…  TV batch BYBIT: 37/40 retornados | 0.21s
2026-03-25 17:58:52 BRT [WARNING]   вљ пёЏ  TV BYBIT: 3 sem retorno: ['PEPEUSDT', 'SHIBUSDT', 'PUMPUSDT']
2026-03-25 17:58:52 BRT [INFO   ]   рџ”„  [v5.1] Tentando prefixo BITGET: para 3 tokens sem dados...
2026-03-25 17:58:52 BRT [DEBUG  ]   GET https://api.alternative.me/fng/?limit=1
2026-03-25 17:58:52 BRT [DEBUG  ]       в†’ HTTP 200 | 0.2KB | enc:gzip | 0.24s
2026-03-25 17:58:52 BRT [INFO   ]   рџ“Љ Fear & Greed: 14 (Extreme Fear)
2026-03-25 17:58:52 BRT [INFO   ]   вњ…  TV BITGET: recuperados 3: ['PEPEUSDT', 'SHIBUSDT', 'PUMPUSDT'] | 0.06s
2026-03-25 17:58:52 BRT [INFO   ] 
в”Ђв”Ђв”Ђв”Ђв”Ђв”Ђв”Ђв”Ђв”Ђв”Ђв”Ђв”Ђв”Ђв”Ђв”Ђв”Ђв”Ђв”Ђв”Ђв”Ђв”Ђв”Ђв”Ђв”Ђв”Ђв”Ђв”Ђв”Ђв”Ђв”Ђв”Ђв”Ђв”Ђв”Ђв”Ђв”Ђв”Ђв”Ђв”Ђв”Ђв”Ђв”Ђв”Ђв”Ђв”Ђв”Ђв”Ђв”Ђв”Ђв”Ђв”Ђв”Ђв”Ђв”Ђв”Ђ
2026-03-25 17:58:52 BRT [INFO   ]   GATE 1 вЂ” DireГ§ГЈo 4H (LONG: nГЈo SELL | SHORT: nГЈo BUY)
2026-03-25 17:58:52 BRT [INFO   ] в”Ђв”Ђв”Ђв”Ђв”Ђв”Ђв”Ђв”Ђв”Ђв”Ђв”Ђв”Ђв”Ђв”Ђв”Ђв”Ђв”Ђв”Ђв”Ђв”Ђв”Ђв”Ђв”Ђв”Ђв”Ђв”Ђв”Ђв”Ђв”Ђв”Ђв”Ђв”Ђв”Ђв”Ђв”Ђв”Ђв”Ђв”Ђв”Ђв”Ђв”Ђв”Ђв”Ђв”Ђв”Ђв”Ђв”Ђв”Ђв”Ђв”Ђв”Ђв”Ђв”Ђв”Ђв”Ђ
2026-03-25 17:58:52 BRT [DEBUG  ]   вњ…  PEPE     4H=BUY (val=0.3121) RSI=55.5 вЂ” LONG PASSOU
2026-03-25 17:58:52 BRT [DEBUG  ]   вњ…  SHIB     4H=BUY (val=0.2667) RSI=55.4 вЂ” LONG PASSOU
2026-03-25 17:58:52 BRT [DEBUG  ]   вњ…  PUMP     4H=NEUTRAL (val=0.0879) RSI=59.8 вЂ” LONG PASSOU
2026-03-25 17:58:52 BRT [DEBUG  ]   вњ…  DOGE     4H=BUY (val=0.3333) RSI=57.9 вЂ” LONG PASSOU
2026-03-25 17:58:52 BRT [DEBUG  ]   вќЊ  PIPPIN   4H=STRONG_SELL (val=-0.6030) RSI=22.7 вЂ” LONG REJEITADO
2026-03-25 17:58:52 BRT [DEBUG  ]   в›”  PIPPIN   4H=STRONG_SELL RSI=22.7 вЂ” SHORT REJEITADO (RSI<30, exausto)
2026-03-25 17:58:52 BRT [DEBUG  ]   вњ…  PENGU    4H=BUY (val=0.4000) RSI=58.9 вЂ” LONG PASSOU
2026-03-25 17:58:52 BRT [DEBUG  ]   вњ…  WLFI     4H=BUY (val=0.1545) RSI=53.1 вЂ” LONG PASSOU
2026-03-25 17:58:52 BRT [DEBUG  ]   вњ…  ADA      4H=BUY (val=0.3788) RSI=58.5 вЂ” LONG PASSOU
2026-03-25 17:58:52 BRT [DEBUG  ]   вњ…  XPL      4H=BUY (val=0.1333) RSI=56.2 вЂ” LONG PASSOU
2026-03-25 17:58:52 BRT [DEBUG  ]   вќЊ  XRP      4H=SELL (val=-0.1121) RSI=48.8 вЂ” LONG REJEITADO
2026-03-25 17:58:52 BRT [DEBUG  ]   рџ“‰  XRP      4H=SELL (val=-0.1121) RSI=48.8 вЂ” SHORT CANDIDATO
2026-03-25 17:58:52 BRT [DEBUG  ]   вќЊ  BEAT     4H=SELL (val=-0.2455) RSI=42.7 вЂ” LONG REJEITADO
2026-03-25 17:58:52 BRT [DEBUG  ]   рџ“‰  BEAT     4H=SELL (val=-0.2455) RSI=42.7 вЂ” SHORT CANDIDATO
2026-03-25 17:58:52 BRT [DEBUG  ]   вњ…  XLM      4H=BUY (val=0.4455) RSI=65.6 вЂ” LONG PASSOU
2026-03-25 17:58:52 BRT [DEBUG  ]   вњ…  CRV      4H=NEUTRAL (val=0.0879) RSI=57.6 вЂ” LONG PASSOU
2026-03-25 17:58:52 BRT [DEBUG  ]   вќЊ  WLD      4H=SELL (val=-0.3121) RSI=46.2 вЂ” LONG REJEITADO
2026-03-25 17:58:52 BRT [DEBUG  ]   рџ“‰  WLD      4H=SELL (val=-0.3121) RSI=46.2 вЂ” SHORT CANDIDATO
2026-03-25 17:58:52 BRT [DEBUG  ]   вњ…  ARB      4H=NEUTRAL (val=-0.0455) RSI=53.6 вЂ” LONG PASSOU
2026-03-25 17:58:52 BRT [DEBUG  ]   вќЊ  OP       4H=SELL (val=-0.4667) RSI=41.1 вЂ” LONG REJEITADO
2026-03-25 17:58:52 BRT [DEBUG  ]   рџ“‰  OP       4H=SELL (val=-0.4667) RSI=41.1 вЂ” SHORT CANDIDATO
2026-03-25 17:58:52 BRT [DEBUG  ]   вњ…  POL      4H=BUY (val=0.1545) RSI=56.5 вЂ” LONG PASSOU
2026-03-25 17:58:52 BRT [DEBUG  ]   вњ…  HBAR     4H=BUY (val=0.1333) RSI=55.7 вЂ” LONG PASSOU
2026-03-25 17:58:52 BRT [DEBUG  ]   вњ…  SUI      4H=BUY (val=0.2667) RSI=54.6 вЂ” LONG PASSOU
2026-03-25 17:58:52 BRT [DEBUG  ]   вњ…  TRX      4H=STRONG_BUY (val=0.6030) RSI=64.1 вЂ” LONG PASSOU
2026-03-25 17:58:52 BRT [DEBUG  ]   вњ…  FIL      4H=BUY (val=0.4030) RSI=56.8 вЂ” LONG PASSOU
2026-03-25 17:58:52 BRT [DEBUG  ]   вќЊ  ASTER    4H=SELL (val=-0.3545) RSI=43.6 вЂ” LONG REJEITADO
2026-03-25 17:58:52 BRT [DEBUG  ]   рџ“‰  ASTER    4H=SELL (val=-0.3545) RSI=43.6 вЂ” SHORT CANDIDATO
2026-03-25 17:58:52 BRT [DEBUG  ]   вњ…  ONDO     4H=BUY (val=0.2424) RSI=57.1 вЂ” LONG PASSOU
2026-03-25 17:58:52 BRT [DEBUG  ]   вњ…  APT      4H=BUY (val=0.3788) RSI=57.0 вЂ” LONG PASSOU
2026-03-25 17:58:52 BRT [DEBUG  ]   вќЊ  DOT      4H=STRONG_SELL (val=-0.6030) RSI=31.7 вЂ” LONG REJEITADO
2026-03-25 17:58:52 BRT [DEBUG  ]   рџ“‰  DOT      4H=STRONG_SELL (val=-0.6030) RSI=31.7 вЂ” SHORT CANDIDATO
2026-03-25 17:58:52 BRT [DEBUG  ]   вќЊ  TRUMP    4H=SELL (val=-0.4667) RSI=44.1 вЂ” LONG REJEITADO
2026-03-25 17:58:52 BRT [DEBUG  ]   рџ“‰  TRUMP    4H=SELL (val=-0.4667) RSI=44.1 вЂ” SHORT CANDIDATO
2026-03-25 17:58:52 BRT [DEBUG  ]   вќЊ  NEAR     4H=SELL (val=-0.4909) RSI=42.2 вЂ” LONG REJEITADO
2026-03-25 17:58:52 BRT [DEBUG  ]   рџ“‰  NEAR     4H=SELL (val=-0.4909) RSI=42.2 вЂ” SHORT CANDIDATO
2026-03-25 17:58:52 BRT [DEBUG  ]   вќЊ  IP       4H=SELL (val=-0.3333) RSI=37.5 вЂ” LONG REJEITADO
2026-03-25 17:58:52 BRT [DEBUG  ]   рџ“‰  IP       4H=SELL (val=-0.3333) RSI=37.5 вЂ” SHORT CANDIDATO
2026-03-25 17:58:52 BRT [DEBUG  ]   вќЊ  RIVER    4H=SELL (val=-0.3121) RSI=40.3 вЂ” LONG REJEITADO
2026-03-25 17:58:52 BRT [DEBUG  ]   рџ“‰  RIVER    4H=SELL (val=-0.3121) RSI=40.3 вЂ” SHORT CANDIDATO
2026-03-25 17:58:52 BRT [DEBUG  ]   вњ…  SOL      4H=BUY (val=0.4000) RSI=54.9 вЂ” LONG PASSOU
2026-03-25 17:58:52 BRT [DEBUG  ]   вќЊ  LIT      4H=SELL (val=-0.2455) RSI=46.3 вЂ” LONG REJEITADO
2026-03-25 17:58:52 BRT [DEBUG  ]   рџ“‰  LIT      4H=SELL (val=-0.2455) RSI=46.3 вЂ” SHORT CANDIDATO
2026-03-25 17:58:52 BRT [DEBUG  ]   вњ…  UNI      4H=NEUTRAL (val=0.0879) RSI=61.6 вЂ” LONG PASSOU
2026-03-25 17:58:52 BRT [DEBUG  ]   вњ…  ZRO      4H=NEUTRAL (val=0.0424) RSI=50.7 вЂ” LONG PASSOU
2026-03-25 17:58:52 BRT [DEBUG  ]   вњ…  LINK     4H=BUY (val=0.4000) RSI=58.4 вЂ” LONG PASSOU
2026-03-25 17:58:52 BRT [DEBUG  ]   вњ…  ETH      4H=BUY (val=0.4000) RSI=54.6 вЂ” LONG PASSOU
2026-03-25 17:58:52 BRT [DEBUG  ]   вњ…  HYPE     4H=BUY (val=0.3121) RSI=53.2 вЂ” LONG PASSOU
2026-03-25 17:58:52 BRT [DEBUG  ]   вњ…  TON      4H=BUY (val=0.4455) RSI=60.4 вЂ” LONG PASSOU
2026-03-25 17:58:52 BRT [DEBUG  ]   вќЊ  ATOM     4H=SELL (val=-0.4667) RSI=43.0 вЂ” LONG REJEITADO
2026-03-25 17:58:52 BRT [DEBUG  ]   рџ“‰  ATOM     4H=SELL (val=-0.4667) RSI=43.0 вЂ” SHORT CANDIDATO
2026-03-25 17:58:52 BRT [DEBUG  ]   вќЊ  ICP      4H=SELL (val=-0.2455) RSI=45.9 вЂ” LONG REJEITADO
2026-03-25 17:58:52 BRT [DEBUG  ]   рџ“‰  ICP      4H=SELL (val=-0.2455) RSI=45.9 вЂ” SHORT CANDIDATO
2026-03-25 17:58:52 BRT [DEBUG  ]   вњ…  AVAX     4H=BUY (val=0.4000) RSI=56.5 вЂ” LONG PASSOU
2026-03-25 17:58:52 BRT [INFO   ]   Gate 4H: LONG=26 | SHORT=13 | sem dados TV=0 | universo=40
2026-03-25 17:58:52 BRT [INFO   ] 
в”Ђв”Ђв”Ђв”Ђв”Ђв”Ђв”Ђв”Ђв”Ђв”Ђв”Ђв”Ђв”Ђв”Ђв”Ђв”Ђв”Ђв”Ђв”Ђв”Ђв”Ђв”Ђв”Ђв”Ђв”Ђв”Ђв”Ђв”Ђв”Ђв”Ђв”Ђв”Ђв”Ђв”Ђв”Ђв”Ђв”Ђв”Ђв”Ђв”Ђв”Ђв”Ђв”Ђв”Ђв”Ђв”Ђв”Ђв”Ђв”Ђв”Ђв”Ђв”Ђв”Ђв”Ђв”Ђ
2026-03-25 17:58:52 BRT [INFO   ]   GATE 2 вЂ” Estrutura 1H (LONG: BUY+ | SHORT: SELL+)
2026-03-25 17:58:52 BRT [INFO   ] в”Ђв”Ђв”Ђв”Ђв”Ђв”Ђв”Ђв”Ђв”Ђв”Ђв”Ђв”Ђв”Ђв”Ђв”Ђв”Ђв”Ђв”Ђв”Ђв”Ђв”Ђв”Ђв”Ђв”Ђв”Ђв”Ђв”Ђв”Ђв”Ђв”Ђв”Ђв”Ђв”Ђв”Ђв”Ђв”Ђв”Ђв”Ђв”Ђв”Ђв”Ђв”Ђв”Ђв”Ђв”Ђв”Ђв”Ђв”Ђв”Ђв”Ђв”Ђв”Ђв”Ђв”Ђв”Ђ
2026-03-25 17:58:52 BRT [DEBUG  ]   TV batch: 39 tokens (.P perpГ©tuo) | cols: ['Recommend.All|60']
2026-03-25 17:58:52 BRT [DEBUG  ]   вњ…  TV batch BYBIT: 36/39 retornados | 0.06s
2026-03-25 17:58:52 BRT [WARNING]   вљ пёЏ  TV BYBIT: 3 sem retorno: ['PEPEUSDT', 'SHIBUSDT', 'PUMPUSDT']
2026-03-25 17:58:52 BRT [INFO   ]   рџ”„  [v5.1] Tentando prefixo BITGET: para 3 tokens sem dados...
2026-03-25 17:58:52 BRT [INFO   ]   вњ…  TV BITGET: recuperados 3: ['PEPEUSDT', 'SHIBUSDT', 'PUMPUSDT'] | 0.06s
2026-03-25 17:58:52 BRT [DEBUG  ]   вќЊ  PEPE     1H=SELL (val=-0.1576) вЂ” LONG REJEITADO
2026-03-25 17:58:52 BRT [DEBUG  ]   вќЊ  SHIB     1H=NEUTRAL (val=-0.0667) вЂ” LONG REJEITADO
2026-03-25 17:58:52 BRT [DEBUG  ]   вњ…  PUMP     1H=BUY (val=0.4000) вЂ” LONG PASSOU
2026-03-25 17:58:52 BRT [DEBUG  ]   вњ…  DOGE     1H=BUY (val=0.1091) вЂ” LONG PASSOU
2026-03-25 17:58:52 BRT [DEBUG  ]   вњ…  PENGU    1H=BUY (val=0.1758) вЂ” LONG PASSOU
2026-03-25 17:58:52 BRT [DEBUG  ]   вќЊ  WLFI     1H=SELL (val=-0.1545) вЂ” LONG REJEITADO
2026-03-25 17:58:52 BRT [DEBUG  ]   вќЊ  ADA      1H=NEUTRAL (val=0.0424) вЂ” LONG REJEITADO
2026-03-25 17:58:52 BRT [DEBUG  ]   вњ…  XPL      1H=BUY (val=0.2667) вЂ” LONG PASSOU
2026-03-25 17:58:52 BRT [DEBUG  ]   вќЊ  XLM      1H=NEUTRAL (val=0.0879) вЂ” LONG REJEITADO
2026-03-25 17:58:52 BRT [DEBUG  ]   вќЊ  CRV      1H=NEUTRAL (val=0.0424) вЂ” LONG REJEITADO
2026-03-25 17:58:52 BRT [DEBUG  ]   вќЊ  ARB      1H=SELL (val=-0.1576) вЂ” LONG REJEITADO
2026-03-25 17:58:52 BRT [DEBUG  ]   вњ…  POL      1H=BUY (val=0.4455) вЂ” LONG PASSOU
2026-03-25 17:58:52 BRT [DEBUG  ]   вќЊ  HBAR     1H=NEUTRAL (val=-0.0909) вЂ” LONG REJEITADO
2026-03-25 17:58:52 BRT [DEBUG  ]   вњ…  SUI      1H=BUY (val=0.4212) вЂ” LONG PASSOU
2026-03-25 17:58:52 BRT [DEBUG  ]   вњ…  TRX      1H=STRONG_BUY (val=0.5364) вЂ” LONG PASSOU
2026-03-25 17:58:52 BRT [DEBUG  ]   вњ…  FIL      1H=BUY (val=0.1758) вЂ” LONG PASSOU
2026-03-25 17:58:52 BRT [DEBUG  ]   вњ…  ONDO     1H=BUY (val=0.4667) вЂ” LONG PASSOU
2026-03-25 17:58:52 BRT [DEBUG  ]   вќЊ  APT      1H=SELL (val=-0.1576) вЂ” LONG REJEITADO
2026-03-25 17:58:52 BRT [DEBUG  ]   вќЊ  SOL      1H=NEUTRAL (val=-0.0242) вЂ” LONG REJEITADO
2026-03-25 17:58:52 BRT [DEBUG  ]   вњ…  UNI      1H=BUY (val=0.1758) вЂ” LONG PASSOU
2026-03-25 17:58:52 BRT [DEBUG  ]   вќЊ  ZRO      1H=SELL (val=-0.2000) вЂ” LONG REJEITADO
2026-03-25 17:58:52 BRT [DEBUG  ]   вќЊ  LINK     1H=NEUTRAL (val=-0.0242) вЂ” LONG REJEITADO
2026-03-25 17:58:52 BRT [DEBUG  ]   вќЊ  ETH      1H=NEUTRAL (val=0.0879) вЂ” LONG REJEITADO
2026-03-25 17:58:52 BRT [DEBUG  ]   вќЊ  HYPE     1H=SELL (val=-0.1576) вЂ” LONG REJEITADO
2026-03-25 17:58:52 BRT [DEBUG  ]   вќЊ  TON      1H=NEUTRAL (val=0.0667) вЂ” LONG REJEITADO
2026-03-25 17:58:52 BRT [DEBUG  ]   вќЊ  AVAX     1H=NEUTRAL (val=-0.0242) вЂ” LONG REJEITADO
2026-03-25 17:58:52 BRT [DEBUG  ]   рџ“‰  XRP      1H=SELL (val=-0.2000) вЂ” SHORT PASSOU
2026-03-25 17:58:52 BRT [DEBUG  ]   рџ“‰  BEAT     1H=STRONG_SELL (val=-0.5121) вЂ” SHORT PASSOU
2026-03-25 17:58:52 BRT [DEBUG  ]   рџ“‰  WLD      1H=STRONG_SELL (val=-0.5364) вЂ” SHORT PASSOU
2026-03-25 17:58:52 BRT [DEBUG  ]   рџ“‰  OP       1H=STRONG_SELL (val=-0.5576) вЂ” SHORT PASSOU
2026-03-25 17:58:52 BRT [DEBUG  ]   рџ“‰  ASTER    1H=SELL (val=-0.3091) вЂ” SHORT PASSOU
2026-03-25 17:58:52 BRT [DEBUG  ]   рџ“‰  DOT      1H=STRONG_SELL (val=-0.6030) вЂ” SHORT PASSOU
2026-03-25 17:58:52 BRT [DEBUG  ]   рџ“‰  TRUMP    1H=SELL (val=-0.4909) вЂ” SHORT PASSOU
2026-03-25 17:58:52 BRT [DEBUG  ]   рџ“‰  NEAR     1H=SELL (val=-0.4909) вЂ” SHORT PASSOU
2026-03-25 17:58:52 BRT [DEBUG  ]   вќЊ  IP       1H=NEUTRAL (val=0.0909) вЂ” SHORT REJEITADO (nГЈo SELL no 1H)
2026-03-25 17:58:52 BRT [DEBUG  ]   рџ“‰  RIVER    1H=SELL (val=-0.3121) вЂ” SHORT PASSOU
2026-03-25 17:58:52 BRT [DEBUG  ]   рџ“‰  LIT      1H=SELL (val=-0.3576) вЂ” SHORT PASSOU
2026-03-25 17:58:52 BRT [DEBUG  ]   рџ“‰  ATOM     1H=SELL (val=-0.4667) вЂ” SHORT PASSOU
2026-03-25 17:58:52 BRT [DEBUG  ]   рџ“‰  ICP      1H=SELL (val=-0.4697) вЂ” SHORT PASSOU
2026-03-25 17:58:52 BRT [INFO   ]   Gate 1H: LONG=10 | SHORT=12 | rejeitados=16
2026-03-25 17:58:52 BRT [INFO   ] 
в”Ђв”Ђв”Ђв”Ђв”Ђв”Ђв”Ђв”Ђв”Ђв”Ђв”Ђв”Ђв”Ђв”Ђв”Ђв”Ђв”Ђв”Ђв”Ђв”Ђв”Ђв”Ђв”Ђв”Ђв”Ђв”Ђв”Ђв”Ђв”Ђв”Ђв”Ђв”Ђв”Ђв”Ђв”Ђв”Ђв”Ђв”Ђв”Ђв”Ђв”Ђв”Ђв”Ђв”Ђв”Ђв”Ђв”Ђв”Ђв”Ђв”Ђв”Ђв”Ђв”Ђв”Ђв”Ђ
2026-03-25 17:58:52 BRT [INFO   ]   ETAPA 3 вЂ” Indicadores 15m (TradingView) вЂ” LONG + SHORT [v6.4.1]
2026-03-25 17:58:52 BRT [INFO   ] в”Ђв”Ђв”Ђв”Ђв”Ђв”Ђв”Ђв”Ђв”Ђв”Ђв”Ђв”Ђв”Ђв”Ђв”Ђв”Ђв”Ђв”Ђв”Ђв”Ђв”Ђв”Ђв”Ђв”Ђв”Ђв”Ђв”Ђв”Ђв”Ђв”Ђв”Ђв”Ђв”Ђв”Ђв”Ђв”Ђв”Ђв”Ђв”Ђв”Ђв”Ђв”Ђв”Ђв”Ђв”Ђв”Ђв”Ђв”Ђв”Ђв”Ђв”Ђв”Ђв”Ђв”Ђв”Ђ
2026-03-25 17:58:52 BRT [DEBUG  ]   TV batch: 22 tokens (.P perpГ©tuo) | cols: ['BB.upper|15', 'BB.lower|15', 'ATR|15']
2026-03-25 17:58:52 BRT [DEBUG  ]   вњ…  TV batch BYBIT: 21/22 retornados | 0.06s
2026-03-25 17:58:52 BRT [WARNING]   вљ пёЏ  TV BYBIT: 1 sem retorno: ['PUMPUSDT']
2026-03-25 17:58:52 BRT [INFO   ]   рџ”„  [v5.1] Tentando prefixo BITGET: para 1 tokens sem dados...
2026-03-25 17:58:52 BRT [INFO   ]   вњ…  TV BITGET: recuperados 1: ['PUMPUSDT'] | 0.06s
2026-03-25 17:58:52 BRT [DEBUG  ]   TV batch: 22 tokens (.P perpГ©tuo) | cols: ['Candle.Engulfing.Bullish|15', 'Candle.Hammer|15', 'Candle.MorningStar|15', 'Candle.3WhiteSoldiers|15', 'Candle.Harami.Bullish|15', 'Candle.Doji.Dragonfly|15', 'Candle.Engulfing.Bearish|15', 'Candle.ShootingStar|15', 'Candle.EveningStar|15', 'Candle.3BlackCrows|15', 'Candle.Harami.Bearish|15']
2026-03-25 17:58:52 BRT [DEBUG  ]   вњ…  TV batch BYBIT: 21/22 retornados | 0.06s
2026-03-25 17:58:52 BRT [WARNING]   вљ пёЏ  TV BYBIT: 1 sem retorno: ['PUMPUSDT']
2026-03-25 17:58:52 BRT [INFO   ]   рџ”„  [v5.1] Tentando prefixo BITGET: para 1 tokens sem dados...
2026-03-25 17:58:53 BRT [INFO   ]   вњ…  TV BITGET: recuperados 1: ['PUMPUSDT'] | 0.06s
2026-03-25 17:58:53 BRT [INFO   ]   TV 15m: tech=22/22 | candles=22/22
2026-03-25 17:58:53 BRT [DEBUG  ]   PUMP     ATR=0.0000 | BB_lower=0.0019 | BB_upper=0.0019 | FR=-0.00016
2026-03-25 17:58:53 BRT [DEBUG  ]   DOGE     ATR=0.0004 | BB_lower=0.0958 | BB_upper=0.0968 | FR=0.00010
2026-03-25 17:58:53 BRT [DEBUG  ]   PENGU    ATR=0.0000 | BB_lower=0.0073 | BB_upper=0.0074 | FR=0.00004
2026-03-25 17:58:53 BRT [DEBUG  ]   XPL      ATR=0.0008 | BB_lower=0.0985 | BB_upper=0.1006 | FR=-0.00002
2026-03-25 17:58:53 BRT [DEBUG  ]   POL      ATR=0.0005 | BB_lower=0.0964 | BB_upper=0.0991 | FR=0.00005
2026-03-25 17:58:53 BRT [DEBUG  ]   SUI      ATR=0.0044 | BB_lower=0.9562 | BB_upper=0.9680 | FR=-0.00000
2026-03-25 17:58:53 BRT [DEBUG  ]   TRX      ATR=0.0006 | BB_lower=0.3119 | BB_upper=0.3155 | FR=0.00010
2026-03-25 17:58:53 BRT [DEBUG  ]   FIL      ATR=0.0043 | BB_lower=0.9265 | BB_upper=0.9365 | FR=0.00005
2026-03-25 17:58:53 BRT [DEBUG  ]   ONDO     ATR=0.0014 | BB_lower=0.2580 | BB_upper=0.2626 | FR=-0.00017
2026-03-25 17:58:53 BRT [DEBUG  ]   UNI      ATR=0.0187 | BB_lower=3.6756 | BB_upper=3.7295 | FR=0.00005
2026-03-25 17:58:53 BRT [DEBUG  ]   XRP      ATR=0.0048 | BB_lower=1.4085 | BB_upper=1.4178 | FR=-0.00004
2026-03-25 17:58:53 BRT [DEBUG  ]   BEAT     ATR=0.0089 | BB_lower=0.5924 | BB_upper=0.6373 | FR=-0.00001
2026-03-25 17:58:53 BRT [DEBUG  ]   WLD      ATR=0.0021 | BB_lower=0.3166 | BB_upper=0.3215 | FR=-0.00012
2026-03-25 17:58:53 BRT [DEBUG  ]   OP       ATR=0.0006 | BB_lower=0.1126 | BB_upper=0.1145 | FR=0.00010
2026-03-25 17:58:53 BRT [DEBUG  ]   ASTER    ATR=0.0018 | BB_lower=0.6584 | BB_upper=0.6642 | FR=-0.00011
2026-03-25 17:58:53 BRT [DEBUG  ]   DOT      ATR=0.0079 | BB_lower=1.3524 | BB_upper=1.3829 | FR=-0.00150
2026-03-25 17:58:53 BRT [DEBUG  ]   TRUMP    ATR=0.0186 | BB_lower=3.2310 | BB_upper=3.3331 | FR=-0.00023
2026-03-25 17:58:53 BRT [DEBUG  ]   NEAR     ATR=0.0067 | BB_lower=1.2682 | BB_upper=1.2923 | FR=-0.00020
2026-03-25 17:58:53 BRT [DEBUG  ]   RIVER    ATR=0.4473 | BB_lower=20.5587 | BB_upper=22.0071 | FR=-0.01500
2026-03-25 17:58:53 BRT [DEBUG  ]   LIT      ATR=0.0070 | BB_lower=0.9825 | BB_upper=1.0003 | FR=0.00005
2026-03-25 17:58:53 BRT [DEBUG  ]   ATOM     ATR=0.0055 | BB_lower=1.7595 | BB_upper=1.7733 | FR=-0.00009
2026-03-25 17:58:53 BRT [DEBUG  ]   ICP      ATR=0.0115 | BB_lower=2.3849 | BB_upper=2.4132 | FR=-0.00007
2026-03-25 17:58:53 BRT [INFO   ] 
в”Ђв”Ђв”Ђв”Ђв”Ђв”Ђв”Ђв”Ђв”Ђв”Ђв”Ђв”Ђв”Ђв”Ђв”Ђв”Ђв”Ђв”Ђв”Ђв”Ђв”Ђв”Ђв”Ђв”Ђв”Ђв”Ђв”Ђв”Ђв”Ђв”Ђв”Ђв”Ђв”Ђв”Ђв”Ђв”Ђв”Ђв”Ђв”Ђв”Ђв”Ђв”Ђв”Ђв”Ђв”Ђв”Ђв”Ђв”Ђв”Ђв”Ђв”Ђв”Ђв”Ђв”Ђв”Ђ
2026-03-25 17:58:53 BRT [INFO   ]   ETAPA 3b вЂ” Score parcial (sem klines, para ordenaГ§ГЈo)
2026-03-25 17:58:53 BRT [INFO   ] в”Ђв”Ђв”Ђв”Ђв”Ђв”Ђв”Ђв”Ђв”Ђв”Ђв”Ђв”Ђв”Ђв”Ђв”Ђв”Ђв”Ђв”Ђв”Ђв”Ђв”Ђв”Ђв”Ђв”Ђв”Ђв”Ђв”Ђв”Ђв”Ђв”Ђв”Ђв”Ђв”Ђв”Ђв”Ђв”Ђв”Ђв”Ђв”Ђв”Ђв”Ђв”Ђв”Ђв”Ђв”Ђв”Ђв”Ђв”Ђв”Ђв”Ђв”Ђв”Ђв”Ђв”Ђв”Ђ
2026-03-25 17:58:53 BRT [DEBUG  ]   PUMP     score parcial LONG: 2/25 [FR=-0.0162% BB=0.0019вЂ“0.0019]
2026-03-25 17:58:53 BRT [DEBUG  ]   DOGE     score parcial LONG: 0/25 [FR=0.0100% BB=0.0958вЂ“0.0968]
2026-03-25 17:58:53 BRT [DEBUG  ]   PENGU    score parcial LONG: 0/25 [FR=0.0037% BB=0.0073вЂ“0.0074]
2026-03-25 17:58:53 BRT [DEBUG  ]   XPL      score parcial LONG: 1/25 [FR=-0.0019% BB=0.0985вЂ“0.1006]
2026-03-25 17:58:53 BRT [DEBUG  ]   POL      score parcial LONG: 0/25 [FR=0.0050% BB=0.0964вЂ“0.0991]
2026-03-25 17:58:53 BRT [DEBUG  ]   SUI      score parcial LONG: 1/25 [FR=-0.0001% BB=0.9562вЂ“0.9680]
2026-03-25 17:58:53 BRT [DEBUG  ]   TRX      score parcial LONG: 0/25 [FR=0.0100% BB=0.3119вЂ“0.3155]
2026-03-25 17:58:53 BRT [DEBUG  ]   FIL      score parcial LONG: 1/25 [FR=0.0050% BB=0.9265вЂ“0.9365]
2026-03-25 17:58:53 BRT [DEBUG  ]   ONDO     score parcial LONG: 1/25 [FR=-0.0171% BB=0.2580вЂ“0.2626]
2026-03-25 17:58:53 BRT [DEBUG  ]   UNI      score parcial LONG: 0/25 [FR=0.0048% BB=3.6756вЂ“3.7295]
2026-03-25 17:58:53 BRT [DEBUG  ]   XRP      score parcial SHORT: 0/25 [FR=-0.0041% BB=1.4085вЂ“1.4178]
2026-03-25 17:58:53 BRT [DEBUG  ]   BEAT     score parcial SHORT: 0/25 [FR=-0.0006% BB=0.5924вЂ“0.6373]
2026-03-25 17:58:53 BRT [DEBUG  ]   WLD      score parcial SHORT: 0/25 [FR=-0.0118% BB=0.3166вЂ“0.3215]
2026-03-25 17:58:53 BRT [DEBUG  ]   OP       score parcial SHORT: 1/25 [FR=0.0100% BB=0.1126вЂ“0.1145]
2026-03-25 17:58:53 BRT [DEBUG  ]   ASTER    score parcial SHORT: 0/25 [FR=-0.0114% BB=0.6584вЂ“0.6642]
2026-03-25 17:58:53 BRT [DEBUG  ]   DOT      score parcial SHORT: 2/25 [FR=-0.1496% BB=1.3524вЂ“1.3829]
2026-03-25 17:58:53 BRT [DEBUG  ]   TRUMP    score parcial SHORT: 0/25 [FR=-0.0229% BB=3.2310вЂ“3.3331]
2026-03-25 17:58:53 BRT [DEBUG  ]   NEAR     score parcial SHORT: 0/25 [FR=-0.0198% BB=1.2682вЂ“1.2923]
2026-03-25 17:58:53 BRT [DEBUG  ]   RIVER    score parcial SHORT: 0/25 [FR=-1.5000% BB=20.5587вЂ“22.0071]
2026-03-25 17:58:53 BRT [DEBUG  ]   LIT      score parcial SHORT: 1/25 [FR=0.0050% BB=0.9825вЂ“1.0003]
2026-03-25 17:58:53 BRT [DEBUG  ]   ATOM     score parcial SHORT: 0/25 [FR=-0.0092% BB=1.7595вЂ“1.7733]
2026-03-25 17:58:53 BRT [DEBUG  ]   ICP      score parcial SHORT: 0/25 [FR=-0.0068% BB=2.3849вЂ“2.4132]
2026-03-25 17:58:53 BRT [INFO   ]   Ordem LONG: ['PUMP', 'XPL', 'SUI', 'FIL', 'ONDO', 'DOGE', 'PENGU', 'POL', 'TRX', 'UNI']
2026-03-25 17:58:53 BRT [INFO   ]   Ordem SHORT: ['DOT', 'OP', 'LIT', 'XRP', 'BEAT', 'WLD', 'ASTER', 'TRUMP', 'NEAR', 'RIVER', 'ATOM', 'ICP']
2026-03-25 17:58:53 BRT [INFO   ] 
в”Ђв”Ђв”Ђв”Ђв”Ђв”Ђв”Ђв”Ђв”Ђв”Ђв”Ђв”Ђв”Ђв”Ђв”Ђв”Ђв”Ђв”Ђв”Ђв”Ђв”Ђв”Ђв”Ђв”Ђв”Ђв”Ђв”Ђв”Ђв”Ђв”Ђв”Ђв”Ђв”Ђв”Ђв”Ђв”Ђв”Ђв”Ђв”Ђв”Ђв”Ђв”Ђв”Ђв”Ђв”Ђв”Ђв”Ђв”Ђв”Ђв”Ђв”Ђв”Ђв”Ђв”Ђв”Ђ
2026-03-25 17:58:53 BRT [INFO   ]   ETAPA 4 вЂ” Klines + Score completo (TOP 20 LONG + SHORT) [v6.2.0]
2026-03-25 17:58:53 BRT [INFO   ] в”Ђв”Ђв”Ђв”Ђв”Ђв”Ђв”Ђв”Ђв”Ђв”Ђв”Ђв”Ђв”Ђв”Ђв”Ђв”Ђв”Ђв”Ђв”Ђв”Ђв”Ђв”Ђв”Ђв”Ђв”Ђв”Ђв”Ђв”Ђв”Ђв”Ђв”Ђв”Ђв”Ђв”Ђв”Ђв”Ђв”Ђв”Ђв”Ђв”Ђв”Ђв”Ђв”Ђв”Ђв”Ђв”Ђв”Ђв”Ђв”Ђв”Ђв”Ђв”Ђв”Ђв”Ђв”Ђ
2026-03-25 17:58:53 BRT [DEBUG  ]   Contexto: FGI=14 | BTC=NEUTRAL | LONG=CAUTELOSO (Medo Extremo)(thr=20) | SHORT=MODERADO (Medo Extremo вЂ” mercado bearish)(thr=16) | risk_score=0
2026-03-25 17:58:53 BRT [INFO   ]   вњ…  [A4 CANDLE LOCK] Vela 15m fechada (833s apГіs fechamento). Гљltimo fechamento: 17:45:00 BRT.
2026-03-25 17:58:53 BRT [INFO   ]   Buscando klines para: ['PUMP', 'XPL', 'SUI', 'FIL', 'ONDO', 'DOGE', 'PENGU', 'POL', 'TRX', 'UNI', 'DOT', 'OP', 'LIT', 'XRP', 'BEAT', 'WLD', 'ASTER', 'TRUMP', 'NEAR', 'RIVER', 'ATOM', 'ICP']
2026-03-25 17:58:53 BRT [DEBUG  ]   рџ“Ў  Cache MISS PUMPUSDT 1H: arquivo nГЈo existe вЂ” buscando
2026-03-25 17:58:53 BRT [DEBUG  ]   рџ“Ў  Cache MISS XPLUSDT 1H: arquivo nГЈo existe вЂ” buscando
2026-03-25 17:58:53 BRT [DEBUG  ]   рџ“Ў  Cache MISS SUIUSDT 1H: arquivo nГЈo existe вЂ” buscando
2026-03-25 17:58:53 BRT [DEBUG  ]   рџ“Ў  Cache MISS FILUSDT 1H: arquivo nГЈo existe вЂ” buscando
2026-03-25 17:58:53 BRT [DEBUG  ]   рџ“Ў  Cache MISS ONDOUSDT 1H: arquivo nГЈo existe вЂ” buscando
2026-03-25 17:58:53 BRT [DEBUG  ]   рџ“Ў  Cache MISS DOGEUSDT 1H: arquivo nГЈo existe вЂ” buscando
2026-03-25 17:58:53 BRT [DEBUG  ]   рџ“Ў  Cache MISS PENGUUSDT 1H: arquivo nГЈo existe вЂ” buscando
2026-03-25 17:58:53 BRT [DEBUG  ]   рџ“Ў  Cache MISS POLUSDT 1H: arquivo nГЈo existe вЂ” buscando
2026-03-25 17:58:53 BRT [DEBUG  ]   рџ“Ў  Cache MISS TRXUSDT 1H: arquivo nГЈo existe вЂ” buscando
2026-03-25 17:58:53 BRT [DEBUG  ]   рџ“Ў  Cache MISS UNIUSDT 1H: arquivo nГЈo existe вЂ” buscando
2026-03-25 17:58:53 BRT [DEBUG  ]   рџ“Ў  Cache MISS DOTUSDT 1H: arquivo nГЈo existe вЂ” buscando
2026-03-25 17:58:53 BRT [DEBUG  ]   рџ“Ў  Cache MISS OPUSDT 1H: arquivo nГЈo existe вЂ” buscando
2026-03-25 17:58:53 BRT [DEBUG  ]   рџ“Ў  Cache MISS LITUSDT 1H: arquivo nГЈo existe вЂ” buscando
2026-03-25 17:58:53 BRT [DEBUG  ]   рџ“Ў  Cache MISS XRPUSDT 1H: arquivo nГЈo existe вЂ” buscando
2026-03-25 17:58:53 BRT [DEBUG  ]   рџ“Ў  Cache MISS BEATUSDT 1H: arquivo nГЈo existe вЂ” buscando
2026-03-25 17:58:53 BRT [DEBUG  ]   рџ“Ў  Cache MISS WLDUSDT 1H: arquivo nГЈo existe вЂ” buscando
2026-03-25 17:58:53 BRT [DEBUG  ]   рџ“Ў  Cache MISS ASTERUSDT 1H: arquivo nГЈo existe вЂ” buscando
2026-03-25 17:58:53 BRT [DEBUG  ]   рџ“Ў  Cache MISS TRUMPUSDT 1H: arquivo nГЈo existe вЂ” buscando
2026-03-25 17:58:53 BRT [DEBUG  ]   рџ“Ў  Cache MISS NEARUSDT 1H: arquivo nГЈo existe вЂ” buscando
2026-03-25 17:58:53 BRT [DEBUG  ]   рџ“Ў  Cache MISS RIVERUSDT 1H: arquivo nГЈo existe вЂ” buscando
2026-03-25 17:58:53 BRT [DEBUG  ]   рџ“Ў  Cache MISS ATOMUSDT 1H: arquivo nГЈo existe вЂ” buscando
2026-03-25 17:58:53 BRT [DEBUG  ]   рџ“Ў  Cache MISS ICPUSDT 1H: arquivo nГЈo existe вЂ” buscando
2026-03-25 17:58:53 BRT [DEBUG  ]   рџ“Ў  Cache MISS PUMPUSDT 4H: arquivo nГЈo existe вЂ” buscando
2026-03-25 17:58:53 BRT [DEBUG  ]   рџ“Ў  Cache MISS XPLUSDT 4H: arquivo nГЈo existe вЂ” buscando
2026-03-25 17:58:53 BRT [DEBUG  ]   рџ“Ў  Cache MISS SUIUSDT 4H: arquivo nГЈo existe вЂ” buscando
2026-03-25 17:58:53 BRT [DEBUG  ]   рџ“Ў  Cache MISS FILUSDT 4H: arquivo nГЈo existe вЂ” buscando
2026-03-25 17:58:53 BRT [DEBUG  ]   рџ“Ў  Cache MISS ONDOUSDT 4H: arquivo nГЈo existe вЂ” buscando
2026-03-25 17:58:53 BRT [DEBUG  ]   рџ“Ў  Cache MISS DOGEUSDT 4H: arquivo nГЈo existe вЂ” buscando
2026-03-25 17:58:53 BRT [DEBUG  ]   рџ“Ў  Cache MISS PENGUUSDT 4H: arquivo nГЈo existe вЂ” buscando
2026-03-25 17:58:53 BRT [DEBUG  ]   рџ“Ў  Cache MISS POLUSDT 4H: arquivo nГЈo existe вЂ” buscando
2026-03-25 17:58:53 BRT [DEBUG  ]   рџ“Ў  Cache MISS TRXUSDT 4H: arquivo nГЈo existe вЂ” buscando
2026-03-25 17:58:53 BRT [DEBUG  ]   рџ“Ў  Cache MISS UNIUSDT 4H: arquivo nГЈo existe вЂ” buscando
2026-03-25 17:58:53 BRT [DEBUG  ]   рџ“Ў  Cache MISS DOTUSDT 4H: arquivo nГЈo existe вЂ” buscando
2026-03-25 17:58:53 BRT [DEBUG  ]   рџ“Ў  Cache MISS OPUSDT 4H: arquivo nГЈo existe вЂ” buscando
2026-03-25 17:58:53 BRT [DEBUG  ]   рџ“Ў  Cache MISS LITUSDT 4H: arquivo nГЈo existe вЂ” buscando
2026-03-25 17:58:53 BRT [DEBUG  ]   рџ“Ў  Cache MISS XRPUSDT 4H: arquivo nГЈo existe вЂ” buscando
2026-03-25 17:58:53 BRT [DEBUG  ]   рџ“Ў  Cache MISS BEATUSDT 4H: arquivo nГЈo existe вЂ” buscando
2026-03-25 17:58:53 BRT [DEBUG  ]   рџ“Ў  Cache MISS WLDUSDT 4H: arquivo nГЈo existe вЂ” buscando
2026-03-25 17:58:53 BRT [DEBUG  ]   рџ“Ў  Cache MISS ASTERUSDT 4H: arquivo nГЈo existe вЂ” buscando
2026-03-25 17:58:53 BRT [DEBUG  ]   рџ“Ў  Cache MISS TRUMPUSDT 4H: arquivo nГЈo existe вЂ” buscando
2026-03-25 17:58:53 BRT [DEBUG  ]   рџ“Ў  Cache MISS NEARUSDT 4H: arquivo nГЈo existe вЂ” buscando
2026-03-25 17:58:53 BRT [DEBUG  ]   рџ“Ў  Cache MISS RIVERUSDT 4H: arquivo nГЈo existe вЂ” buscando
2026-03-25 17:58:53 BRT [DEBUG  ]   рџ“Ў  Cache MISS ATOMUSDT 4H: arquivo nГЈo existe вЂ” buscando
2026-03-25 17:58:53 BRT [DEBUG  ]   рџ“Ў  Cache MISS ICPUSDT 4H: arquivo nГЈo existe вЂ” buscando
2026-03-25 17:58:53 BRT [DEBUG  ]   GET https://api.bitget.com/api/v2/mix/market/candles?productType=USDT-FUTURES&symbol...
2026-03-25 17:58:53 BRT [DEBUG  ]       в†’ HTTP 200 | 4.6KB | enc:gzip | 0.46s
2026-03-25 17:58:53 BRT [DEBUG  ]   вњ…  Klines XRPUSDT 15m: 60 candles | 03/25 17:45 в†’ 03/25 03:00
2026-03-25 17:58:53 BRT [DEBUG  ]   GET https://api.bitget.com/api/v2/mix/market/candles?productType=USDT-FUTURES&symbol...
2026-03-25 17:58:53 BRT [DEBUG  ]       в†’ HTTP 200 | 4.5KB | enc:gzip | 0.46s
2026-03-25 17:58:53 BRT [DEBUG  ]   вњ…  Klines ATOMUSDT 1H: 60 candles | 03/25 17:00 в†’ 03/23 06:00
2026-03-25 17:58:53 BRT [DEBUG  ]   рџ’ѕ  Cache GRAVADO ATOMUSDT 1H: 60 candles
2026-03-25 17:58:53 BRT [DEBUG  ]   GET https://api.bitget.com/api/v2/mix/market/candles?productType=USDT-FUTURES&symbol...
2026-03-25 17:58:53 BRT [DEBUG  ]       в†’ HTTP 200 | 4.6KB | enc:gzip | 0.47s
2026-03-25 17:58:53 BRT [DEBUG  ]   вњ…  Klines RIVERUSDT 4H: 60 candles | 03/25 17:00 в†’ 03/15 21:00
2026-03-25 17:58:53 BRT [DEBUG  ]   рџ’ѕ  Cache GRAVADO RIVERUSDT 4H: 60 candles
2026-03-25 17:58:53 BRT [DEBUG  ]   GET https://api.bitget.com/api/v2/mix/market/candles?productType=USDT-FUTURES&symbol...
2026-03-25 17:58:53 BRT [DEBUG  ]       в†’ HTTP 200 | 4.7KB | enc:gzip | 0.48s
2026-03-25 17:58:53 BRT [DEBUG  ]   вњ…  Klines POLUSDT 15m: 60 candles | 03/25 17:45 в†’ 03/25 03:00
2026-03-25 17:58:53 BRT [DEBUG  ]   GET https://api.bitget.com/api/v2/mix/market/candles?productType=USDT-FUTURES&symbol...
2026-03-25 17:58:53 BRT [DEBUG  ]       в†’ HTTP 200 | 5.4KB | enc:gzip | 0.48s
2026-03-25 17:58:53 BRT [DEBUG  ]   вњ…  Klines PUMPUSDT 4H: 60 candles | 03/25 17:00 в†’ 03/15 21:00
2026-03-25 17:58:53 BRT [DEBUG  ]   рџ’ѕ  Cache GRAVADO PUMPUSDT 4H: 60 candles
2026-03-25 17:58:53 BRT [DEBUG  ]   GET https://api.bitget.com/api/v2/mix/market/candles?productType=USDT-FUTURES&symbol...
2026-03-25 17:58:53 BRT [DEBUG  ]       в†’ HTTP 200 | 4.8KB | enc:gzip | 0.48s
2026-03-25 17:58:53 BRT [DEBUG  ]   вњ…  Klines POLUSDT 1H: 60 candles | 03/25 17:00 в†’ 03/23 06:00
2026-03-25 17:58:53 BRT [DEBUG  ]   рџ’ѕ  Cache GRAVADO POLUSDT 1H: 60 candles
2026-03-25 17:58:53 BRT [DEBUG  ]   GET https://api.bitget.com/api/v2/mix/market/candles?productType=USDT-FUTURES&symbol...
2026-03-25 17:58:53 BRT [DEBUG  ]       в†’ HTTP 200 | 4.6KB | enc:gzip | 0.48s
2026-03-25 17:58:53 BRT [DEBUG  ]   вњ…  Klines XPLUSDT 4H: 60 candles | 03/25 17:00 в†’ 03/15 21:00
2026-03-25 17:58:53 BRT [DEBUG  ]   рџ’ѕ  Cache GRAVADO XPLUSDT 4H: 60 candles
2026-03-25 17:58:53 BRT [DEBUG  ]   GET https://api.bitget.com/api/v2/mix/market/candles?productType=USDT-FUTURES&symbol...
2026-03-25 17:58:53 BRT [DEBUG  ]       в†’ HTTP 200 | 4.6KB | enc:gzip | 0.48s
2026-03-25 17:58:53 BRT [DEBUG  ]   вњ…  Klines NEARUSDT 4H: 60 candles | 03/25 17:00 в†’ 03/15 21:00
2026-03-25 17:58:53 BRT [DEBUG  ]   рџ’ѕ  Cache GRAVADO NEARUSDT 4H: 60 candles
2026-03-25 17:58:53 BRT [DEBUG  ]   GET https://api.bitget.com/api/v2/mix/market/candles?productType=USDT-FUTURES&symbol...
2026-03-25 17:58:53 BRT [DEBUG  ]       в†’ HTTP 200 | 4.6KB | enc:gzip | 0.50s
2026-03-25 17:58:53 BRT [DEBUG  ]   вњ…  Klines FILUSDT 15m: 60 candles | 03/25 17:45 в†’ 03/25 03:00
2026-03-25 17:58:53 BRT [DEBUG  ]   GET https://api.bitget.com/api/v2/mix/market/candles?productType=USDT-FUTURES&symbol...
2026-03-25 17:58:53 BRT [DEBUG  ]       в†’ HTTP 200 | 5.3KB | enc:gzip | 0.50s
2026-03-25 17:58:53 BRT [DEBUG  ]   вњ…  Klines PENGUUSDT 4H: 60 candles | 03/25 17:00 в†’ 03/15 21:00
2026-03-25 17:58:53 BRT [DEBUG  ]   рџ’ѕ  Cache GRAVADO PENGUUSDT 4H: 60 candles
2026-03-25 17:58:53 BRT [DEBUG  ]   GET https://api.bitget.com/api/v2/mix/market/candles?productType=USDT-FUTURES&symbol...
2026-03-25 17:58:53 BRT [DEBUG  ]       в†’ HTTP 200 | 5.2KB | enc:gzip | 0.50s
2026-03-25 17:58:53 BRT [DEBUG  ]   вњ…  Klines PENGUUSDT 1H: 60 candles | 03/25 17:00 в†’ 03/23 06:00
2026-03-25 17:58:53 BRT [DEBUG  ]   рџ’ѕ  Cache GRAVADO PENGUUSDT 1H: 60 candles
2026-03-25 17:58:53 BRT [DEBUG  ]   GET https://api.bitget.com/api/v2/mix/market/candles?productType=USDT-FUTURES&symbol...
2026-03-25 17:58:53 BRT [DEBUG  ]       в†’ HTTP 200 | 4.4KB | enc:gzip | 0.50s
2026-03-25 17:58:53 BRT [DEBUG  ]   вњ…  Klines TRUMPUSDT 1H: 60 candles | 03/25 17:00 в†’ 03/23 06:00
2026-03-25 17:58:53 BRT [DEBUG  ]   рџ’ѕ  Cache GRAVADO TRUMPUSDT 1H: 60 candles
2026-03-25 17:58:53 BRT [DEBUG  ]   GET https://api.bitget.com/api/v2/mix/market/candles?productType=USDT-FUTURES&symbol...
2026-03-25 17:58:53 BRT [DEBUG  ]       в†’ HTTP 200 | 4.7KB | enc:gzip | 0.50s
2026-03-25 17:58:53 BRT [DEBUG  ]   вњ…  Klines OPUSDT 1H: 60 candles | 03/25 17:00 в†’ 03/23 06:00
2026-03-25 17:58:53 BRT [DEBUG  ]   рџ’ѕ  Cache GRAVADO OPUSDT 1H: 60 candles
2026-03-25 17:58:53 BRT [DEBUG  ]   GET https://api.bitget.com/api/v2/mix/market/candles?productType=USDT-FUTURES&symbol...
2026-03-25 17:58:53 BRT [DEBUG  ]       в†’ HTTP 200 | 4.2KB | enc:gzip | 0.51s
2026-03-25 17:58:53 BRT [DEBUG  ]   вњ…  Klines DOTUSDT 15m: 60 candles | 03/25 17:45 в†’ 03/25 03:00
2026-03-25 17:58:53 BRT [DEBUG  ]   GET https://api.bitget.com/api/v2/mix/market/candles?productType=USDT-FUTURES&symbol...
2026-03-25 17:58:53 BRT [DEBUG  ]       в†’ HTTP 200 | 4.2KB | enc:gzip | 0.51s
2026-03-25 17:58:53 BRT [DEBUG  ]   вњ…  Klines UNIUSDT 1H: 60 candles | 03/25 17:00 в†’ 03/23 06:00
2026-03-25 17:58:53 BRT [DEBUG  ]   рџ’ѕ  Cache GRAVADO UNIUSDT 1H: 60 candles
2026-03-25 17:58:53 BRT [DEBUG  ]   GET https://api.bitget.com/api/v2/mix/market/candles?productType=USDT-FUTURES&symbol...
2026-03-25 17:58:53 BRT [DEBUG  ]       в†’ HTTP 200 | 4.1KB | enc:gzip | 0.51s
2026-03-25 17:58:53 BRT [DEBUG  ]   вњ…  Klines UNIUSDT 15m: 60 candles | 03/25 17:45 в†’ 03/25 03:00
2026-03-25 17:58:53 BRT [DEBUG  ]   GET https://api.bitget.com/api/v2/mix/market/candles?productType=USDT-FUTURES&symbol...
2026-03-25 17:58:53 BRT [DEBUG  ]       в†’ HTTP 200 | 4.9KB | enc:gzip | 0.51s
2026-03-25 17:58:53 BRT [DEBUG  ]   вњ…  Klines POLUSDT 4H: 60 candles | 03/25 17:00 в†’ 03/15 21:00
2026-03-25 17:58:53 BRT [DEBUG  ]   рџ’ѕ  Cache GRAVADO POLUSDT 4H: 60 candles
2026-03-25 17:58:53 BRT [DEBUG  ]   GET https://api.bitget.com/api/v2/mix/market/candles?productType=USDT-FUTURES&symbol...
2026-03-25 17:58:53 BRT [DEBUG  ]       в†’ HTTP 200 | 4.3KB | enc:gzip | 0.51s
2026-03-25 17:58:53 BRT [DEBUG  ]   вњ…  Klines DOTUSDT 1H: 60 candles | 03/25 17:00 в†’ 03/23 06:00
2026-03-25 17:58:53 BRT [DEBUG  ]   рџ’ѕ  Cache GRAVADO DOTUSDT 1H: 60 candles
2026-03-25 17:58:53 BRT [DEBUG  ]   GET https://api.bitget.com/api/v2/mix/market/candles?productType=USDT-FUTURES&symbol...
2026-03-25 17:58:53 BRT [DEBUG  ]       в†’ HTTP 200 | 4.6KB | enc:gzip | 0.51s
2026-03-25 17:58:53 BRT [DEBUG  ]   вњ…  Klines OPUSDT 15m: 60 candles | 03/25 17:45 в†’ 03/25 03:00
2026-03-25 17:58:53 BRT [DEBUG  ]   GET https://api.bitget.com/api/v2/mix/market/candles?productType=USDT-FUTURES&symbol...
2026-03-25 17:58:53 BRT [DEBUG  ]       в†’ HTTP 200 | 4.6KB | enc:gzip | 0.51s
2026-03-25 17:58:53 BRT [DEBUG  ]   вњ…  Klines WLDUSDT 4H: 60 candles | 03/25 17:00 в†’ 03/15 21:00
2026-03-25 17:58:53 BRT [DEBUG  ]   рџ’ѕ  Cache GRAVADO WLDUSDT 4H: 60 candles
2026-03-25 17:58:53 BRT [DEBUG  ]   GET https://api.bitget.com/api/v2/mix/market/candles?productType=USDT-FUTURES&symbol...
2026-03-25 17:58:53 BRT [DEBUG  ]       в†’ HTTP 200 | 4.6KB | enc:gzip | 0.51s
2026-03-25 17:58:53 BRT [DEBUG  ]   вњ…  Klines ONDOUSDT 15m: 60 candles | 03/25 17:45 в†’ 03/25 03:00
2026-03-25 17:58:53 BRT [DEBUG  ]   GET https://api.bitget.com/api/v2/mix/market/candles?productType=USDT-FUTURES&symbol...
2026-03-25 17:58:53 BRT [DEBUG  ]       в†’ HTTP 200 | 4.3KB | enc:gzip | 0.51s
2026-03-25 17:58:53 BRT [DEBUG  ]   вњ…  Klines TRUMPUSDT 15m: 60 candles | 03/25 17:45 в†’ 03/25 03:00
2026-03-25 17:58:53 BRT [DEBUG  ]   GET https://api.bitget.com/api/v2/mix/market/candles?productType=USDT-FUTURES&symbol...
2026-03-25 17:58:53 BRT [DEBUG  ]       в†’ HTTP 200 | 4.3KB | enc:gzip | 0.51s
2026-03-25 17:58:53 BRT [DEBUG  ]   вњ…  Klines LITUSDT 4H: 60 candles | 03/25 17:00 в†’ 03/15 21:00
2026-03-25 17:58:53 BRT [DEBUG  ]   рџ’ѕ  Cache GRAVADO LITUSDT 4H: 60 candles
2026-03-25 17:58:53 BRT [DEBUG  ]   GET https://api.bitget.com/api/v2/mix/market/candles?productType=USDT-FUTURES&symbol...
2026-03-25 17:58:53 BRT [DEBUG  ]       в†’ HTTP 200 | 4.6KB | enc:gzip | 0.52s
2026-03-25 17:58:53 BRT [DEBUG  ]   вњ…  Klines XPLUSDT 1H: 60 candles | 03/25 17:00 в†’ 03/23 06:00
2026-03-25 17:58:53 BRT [DEBUG  ]   рџ’ѕ  Cache GRAVADO XPLUSDT 1H: 60 candles
2026-03-25 17:58:53 BRT [DEBUG  ]   GET https://api.bitget.com/api/v2/mix/market/candles?productType=USDT-FUTURES&symbol...
2026-03-25 17:58:53 BRT [DEBUG  ]       в†’ HTTP 200 | 4.4KB | enc:gzip | 0.52s
2026-03-25 17:58:53 BRT [DEBUG  ]   вњ…  Klines ICPUSDT 15m: 60 candles | 03/25 17:45 в†’ 03/25 03:00
2026-03-25 17:58:53 BRT [DEBUG  ]   GET https://api.bitget.com/api/v2/mix/market/candles?productType=USDT-FUTURES&symbol...
2026-03-25 17:58:53 BRT [DEBUG  ]       в†’ HTTP 200 | 4.5KB | enc:gzip | 0.52s
2026-03-25 17:58:53 BRT [DEBUG  ]   вњ…  Klines ATOMUSDT 4H: 60 candles | 03/25 17:00 в†’ 03/15 21:00
2026-03-25 17:58:53 BRT [DEBUG  ]   рџ’ѕ  Cache GRAVADO ATOMUSDT 4H: 60 candles
2026-03-25 17:58:53 BRT [DEBUG  ]   GET https://api.bitget.com/api/v2/mix/market/candles?productType=USDT-FUTURES&symbol...
2026-03-25 17:58:53 BRT [DEBUG  ]       в†’ HTTP 200 | 4.6KB | enc:gzip | 0.52s
2026-03-25 17:58:53 BRT [DEBUG  ]   вњ…  Klines ASTERUSDT 4H: 60 candles | 03/25 17:00 в†’ 03/15 21:00
2026-03-25 17:58:53 BRT [DEBUG  ]   рџ’ѕ  Cache GRAVADO ASTERUSDT 4H: 60 candles
2026-03-25 17:58:53 BRT [DEBUG  ]   GET https://api.bitget.com/api/v2/mix/market/candles?productType=USDT-FUTURES&symbol...
2026-03-25 17:58:53 BRT [DEBUG  ]       в†’ HTTP 200 | 4.8KB | enc:gzip | 0.52s
2026-03-25 17:58:53 BRT [DEBUG  ]   вњ…  Klines TRXUSDT 1H: 60 candles | 03/25 17:00 в†’ 03/23 06:00
2026-03-25 17:58:53 BRT [DEBUG  ]   рџ’ѕ  Cache GRAVADO TRXUSDT 1H: 60 candles
2026-03-25 17:58:53 BRT [DEBUG  ]   GET https://api.bitget.com/api/v2/mix/market/candles?productType=USDT-FUTURES&symbol...
2026-03-25 17:58:53 BRT [DEBUG  ]       в†’ HTTP 200 | 4.7KB | enc:gzip | 0.53s
2026-03-25 17:58:53 BRT [DEBUG  ]   вњ…  Klines SUIUSDT 15m: 60 candles | 03/25 17:45 в†’ 03/25 03:00
2026-03-25 17:58:53 BRT [DEBUG  ]   GET https://api.bitget.com/api/v2/mix/market/candles?productType=USDT-FUTURES&symbol...
2026-03-25 17:58:53 BRT [DEBUG  ]       в†’ HTTP 200 | 4.3KB | enc:gzip | 0.53s
2026-03-25 17:58:53 BRT [DEBUG  ]   вњ…  Klines DOTUSDT 4H: 60 candles | 03/25 17:00 в†’ 03/15 21:00
2026-03-25 17:58:53 BRT [DEBUG  ]   рџ’ѕ  Cache GRAVADO DOTUSDT 4H: 60 candles
2026-03-25 17:58:53 BRT [DEBUG  ]   GET https://api.bitget.com/api/v2/mix/market/candles?productType=USDT-FUTURES&symbol...
2026-03-25 17:58:53 BRT [DEBUG  ]       в†’ HTTP 200 | 4.7KB | enc:gzip | 0.53s
2026-03-25 17:58:53 BRT [DEBUG  ]   вњ…  Klines ONDOUSDT 1H: 60 candles | 03/25 17:00 в†’ 03/23 06:00
2026-03-25 17:58:53 BRT [DEBUG  ]   рџ’ѕ  Cache GRAVADO ONDOUSDT 1H: 60 candles
2026-03-25 17:58:53 BRT [DEBUG  ]   GET https://api.bitget.com/api/v2/mix/market/candles?productType=USDT-FUTURES&symbol...
2026-03-25 17:58:53 BRT [DEBUG  ]       в†’ HTTP 200 | 4.4KB | enc:gzip | 0.54s
2026-03-25 17:58:53 BRT [DEBUG  ]   вњ…  Klines RIVERUSDT 15m: 60 candles | 03/25 17:45 в†’ 03/25 03:00
2026-03-25 17:58:53 BRT [DEBUG  ]   GET https://api.bitget.com/api/v2/mix/market/candles?productType=USDT-FUTURES&symbol...
2026-03-25 17:58:53 BRT [DEBUG  ]       в†’ HTTP 200 | 4.8KB | enc:gzip | 0.53s
2026-03-25 17:58:53 BRT [DEBUG  ]   вњ…  Klines OPUSDT 4H: 60 candles | 03/25 17:00 в†’ 03/15 21:00
2026-03-25 17:58:53 BRT [DEBUG  ]   рџ’ѕ  Cache GRAVADO OPUSDT 4H: 60 candles
2026-03-25 17:58:53 BRT [DEBUG  ]   GET https://api.bitget.com/api/v2/mix/market/candles?productType=USDT-FUTURES&symbol...
2026-03-25 17:58:53 BRT [DEBUG  ]       в†’ HTTP 200 | 4.4KB | enc:gzip | 0.54s
2026-03-25 17:58:53 BRT [DEBUG  ]   вњ…  Klines ATOMUSDT 15m: 60 candles | 03/25 17:45 в†’ 03/25 03:00
2026-03-25 17:58:53 BRT [DEBUG  ]   GET https://api.bitget.com/api/v2/mix/market/candles?productType=USDT-FUTURES&symbol...
2026-03-25 17:58:53 BRT [DEBUG  ]       в†’ HTTP 200 | 4.5KB | enc:gzip | 0.54s
2026-03-25 17:58:53 BRT [DEBUG  ]   вњ…  Klines TRUMPUSDT 4H: 60 candles | 03/25 17:00 в†’ 03/15 21:00
2026-03-25 17:58:53 BRT [DEBUG  ]   рџ’ѕ  Cache GRAVADO TRUMPUSDT 4H: 60 candles
2026-03-25 17:58:53 BRT [DEBUG  ]   GET https://api.bitget.com/api/v2/mix/market/candles?productType=USDT-FUTURES&symbol...
2026-03-25 17:58:53 BRT [DEBUG  ]       в†’ HTTP 200 | 4.8KB | enc:gzip | 0.54s
2026-03-25 17:58:53 BRT [DEBUG  ]   вњ…  Klines SUIUSDT 4H: 60 candles | 03/25 17:00 в†’ 03/15 21:00
2026-03-25 17:58:53 BRT [DEBUG  ]   рџ’ѕ  Cache GRAVADO SUIUSDT 4H: 60 candles
2026-03-25 17:58:53 BRT [DEBUG  ]   GET https://api.bitget.com/api/v2/mix/market/candles?productType=USDT-FUTURES&symbol...
2026-03-25 17:58:53 BRT [DEBUG  ]       в†’ HTTP 200 | 4.1KB | enc:gzip | 0.54s
2026-03-25 17:58:53 BRT [DEBUG  ]   вњ…  Klines LITUSDT 15m: 60 candles | 03/25 17:45 в†’ 03/25 03:00
2026-03-25 17:58:53 BRT [DEBUG  ]   GET https://api.bitget.com/api/v2/mix/market/candles?productType=USDT-FUTURES&symbol...
2026-03-25 17:58:53 BRT [DEBUG  ]       в†’ HTTP 200 | 4.9KB | enc:gzip | 0.54s
2026-03-25 17:58:53 BRT [DEBUG  ]   вњ…  Klines DOGEUSDT 15m: 60 candles | 03/25 17:45 в†’ 03/25 03:00
2026-03-25 17:58:53 BRT [DEBUG  ]   GET https://api.bitget.com/api/v2/mix/market/candles?productType=USDT-FUTURES&symbol...
2026-03-25 17:58:53 BRT [DEBUG  ]       в†’ HTTP 200 | 5.0KB | enc:gzip | 0.55s
2026-03-25 17:58:53 BRT [DEBUG  ]   вњ…  Klines DOGEUSDT 1H: 60 candles | 03/25 17:00 в†’ 03/23 06:00
2026-03-25 17:58:53 BRT [DEBUG  ]   рџ’ѕ  Cache GRAVADO DOGEUSDT 1H: 60 candles
2026-03-25 17:58:53 BRT [DEBUG  ]   GET https://api.bitget.com/api/v2/mix/market/candles?productType=USDT-FUTURES&symbol...
2026-03-25 17:58:53 BRT [DEBUG  ]       в†’ HTTP 200 | 5.3KB | enc:gzip | 0.55s
2026-03-25 17:58:53 BRT [DEBUG  ]   вњ…  Klines PUMPUSDT 1H: 60 candles | 03/25 17:00 в†’ 03/23 06:00
2026-03-25 17:58:53 BRT [DEBUG  ]   рџ’ѕ  Cache GRAVADO PUMPUSDT 1H: 60 candles
2026-03-25 17:58:53 BRT [DEBUG  ]   GET https://api.bitget.com/api/v2/mix/market/candles?productType=USDT-FUTURES&symbol...
2026-03-25 17:58:53 BRT [DEBUG  ]       в†’ HTTP 200 | 4.6KB | enc:gzip | 0.55s
2026-03-25 17:58:53 BRT [DEBUG  ]   вњ…  Klines NEARUSDT 1H: 60 candles | 03/25 17:00 в†’ 03/23 06:00
2026-03-25 17:58:53 BRT [DEBUG  ]   рџ’ѕ  Cache GRAVADO NEARUSDT 1H: 60 candles
2026-03-25 17:58:53 BRT [DEBUG  ]   GET https://api.bitget.com/api/v2/mix/market/candles?productType=USDT-FUTURES&symbol...
2026-03-25 17:58:53 BRT [DEBUG  ]       в†’ HTTP 200 | 4.8KB | enc:gzip | 0.56s
2026-03-25 17:58:53 BRT [DEBUG  ]   вњ…  Klines XRPUSDT 4H: 60 candles | 03/25 17:00 в†’ 03/15 21:00
2026-03-25 17:58:53 BRT [DEBUG  ]   рџ’ѕ  Cache GRAVADO XRPUSDT 4H: 60 candles
2026-03-25 17:58:53 BRT [DEBUG  ]   GET https://api.bitget.com/api/v2/mix/market/candles?productType=USDT-FUTURES&symbol...
2026-03-25 17:58:53 BRT [DEBUG  ]       в†’ HTTP 200 | 5.0KB | enc:gzip | 0.71s
2026-03-25 17:58:53 BRT [DEBUG  ]   вњ…  Klines DOGEUSDT 4H: 60 candles | 03/25 17:00 в†’ 03/15 21:00
2026-03-25 17:58:53 BRT [DEBUG  ]   рџ’ѕ  Cache GRAVADO DOGEUSDT 4H: 60 candles
2026-03-25 17:58:53 BRT [DEBUG  ]   GET https://api.bitget.com/api/v2/mix/market/candles?productType=USDT-FUTURES&symbol...
2026-03-25 17:58:53 BRT [DEBUG  ]       в†’ HTTP 200 | 4.6KB | enc:gzip | 0.74s
2026-03-25 17:58:53 BRT [DEBUG  ]   вњ…  Klines WLDUSDT 1H: 60 candles | 03/25 17:00 в†’ 03/23 06:00
2026-03-25 17:58:53 BRT [DEBUG  ]   рџ’ѕ  Cache GRAVADO WLDUSDT 1H: 60 candles
2026-03-25 17:58:53 BRT [DEBUG  ]   GET https://api.bitget.com/api/v2/mix/market/candles?productType=USDT-FUTURES&symbol...
2026-03-25 17:58:53 BRT [DEBUG  ]       в†’ HTTP 200 | 4.7KB | enc:gzip | 0.75s
2026-03-25 17:58:53 BRT [DEBUG  ]   вњ…  Klines BEATUSDT 15m: 60 candles | 03/25 17:45 в†’ 03/25 03:00
2026-03-25 17:58:53 BRT [DEBUG  ]   GET https://api.bitget.com/api/v2/mix/market/candles?productType=USDT-FUTURES&symbol...
2026-03-25 17:58:53 BRT [DEBUG  ]       в†’ HTTP 200 | 4.7KB | enc:gzip | 0.77s
2026-03-25 17:58:53 BRT [DEBUG  ]   вњ…  Klines FILUSDT 1H: 60 candles | 03/25 17:00 в†’ 03/23 06:00
2026-03-25 17:58:53 BRT [DEBUG  ]   рџ’ѕ  Cache GRAVADO FILUSDT 1H: 60 candles
2026-03-25 17:58:53 BRT [DEBUG  ]   GET https://api.bitget.com/api/v2/mix/market/candles?productType=USDT-FUTURES&symbol...
2026-03-25 17:58:53 BRT [DEBUG  ]       в†’ HTTP 200 | 4.5KB | enc:gzip | 0.77s
2026-03-25 17:58:53 BRT [DEBUG  ]   вњ…  Klines ICPUSDT 1H: 60 candles | 03/25 17:00 в†’ 03/23 06:00
2026-03-25 17:58:53 BRT [DEBUG  ]   рџ’ѕ  Cache GRAVADO ICPUSDT 1H: 60 candles
2026-03-25 17:58:53 BRT [DEBUG  ]   GET https://api.bitget.com/api/v2/mix/market/candles?productType=USDT-FUTURES&symbol...
2026-03-25 17:58:53 BRT [DEBUG  ]       в†’ HTTP 200 | 4.5KB | enc:gzip | 0.77s
2026-03-25 17:58:53 BRT [DEBUG  ]   вњ…  Klines ASTERUSDT 1H: 60 candles | 03/25 17:00 в†’ 03/23 06:00
2026-03-25 17:58:53 BRT [DEBUG  ]   рџ’ѕ  Cache GRAVADO ASTERUSDT 1H: 60 candles
2026-03-25 17:58:53 BRT [DEBUG  ]   GET https://api.bitget.com/api/v2/mix/market/candles?productType=USDT-FUTURES&symbol...
2026-03-25 17:58:53 BRT [DEBUG  ]       в†’ HTTP 200 | 4.7KB | enc:gzip | 0.78s
2026-03-25 17:58:53 BRT [DEBUG  ]   вњ…  Klines XRPUSDT 1H: 60 candles | 03/25 17:00 в†’ 03/23 06:00
2026-03-25 17:58:53 BRT [DEBUG  ]   рџ’ѕ  Cache GRAVADO XRPUSDT 1H: 60 candles
2026-03-25 17:58:53 BRT [DEBUG  ]   GET https://api.bitget.com/api/v2/mix/market/candles?productType=USDT-FUTURES&symbol...
2026-03-25 17:58:53 BRT [DEBUG  ]       в†’ HTTP 200 | 4.9KB | enc:gzip | 0.77s
2026-03-25 17:58:53 BRT [DEBUG  ]   вњ…  Klines BEATUSDT 4H: 60 candles | 03/25 17:00 в†’ 03/15 21:00
2026-03-25 17:58:53 BRT [DEBUG  ]   рџ’ѕ  Cache GRAVADO BEATUSDT 4H: 60 candles
2026-03-25 17:58:53 BRT [DEBUG  ]   GET https://api.bitget.com/api/v2/mix/market/candles?productType=USDT-FUTURES&symbol...
2026-03-25 17:58:53 BRT [DEBUG  ]       в†’ HTTP 200 | 4.5KB | enc:gzip | 0.78s
2026-03-25 17:58:53 BRT [DEBUG  ]   вњ…  Klines XPLUSDT 15m: 60 candles | 03/25 17:45 в†’ 03/25 03:00
2026-03-25 17:58:53 BRT [DEBUG  ]   GET https://api.bitget.com/api/v2/mix/market/candles?productType=USDT-FUTURES&symbol...
2026-03-25 17:58:53 BRT [DEBUG  ]       в†’ HTTP 200 | 4.4KB | enc:gzip | 0.79s
2026-03-25 17:58:53 BRT [DEBUG  ]   вњ…  Klines ASTERUSDT 15m: 60 candles | 03/25 17:45 в†’ 03/25 03:00
2026-03-25 17:58:53 BRT [DEBUG  ]   GET https://api.bitget.com/api/v2/mix/market/candles?productType=USDT-FUTURES&symbol...
2026-03-25 17:58:53 BRT [DEBUG  ]       в†’ HTTP 200 | 5.2KB | enc:gzip | 0.79s
2026-03-25 17:58:53 BRT [DEBUG  ]   вњ…  Klines PUMPUSDT 15m: 60 candles | 03/25 17:45 в†’ 03/25 03:00
2026-03-25 17:58:53 BRT [DEBUG  ]   GET https://api.bitget.com/api/v2/mix/market/candles?productType=USDT-FUTURES&symbol...
2026-03-25 17:58:53 BRT [DEBUG  ]       в†’ HTTP 200 | 4.7KB | enc:gzip | 0.79s
2026-03-25 17:58:53 BRT [DEBUG  ]   вњ…  Klines TRXUSDT 15m: 60 candles | 03/25 17:45 в†’ 03/25 03:00
2026-03-25 17:58:53 BRT [DEBUG  ]   GET https://api.bitget.com/api/v2/mix/market/candles?productType=USDT-FUTURES&symbol...
2026-03-25 17:58:53 BRT [DEBUG  ]       в†’ HTTP 200 | 4.5KB | enc:gzip | 0.79s
2026-03-25 17:58:53 BRT [DEBUG  ]   вњ…  Klines WLDUSDT 15m: 60 candles | 03/25 17:45 в†’ 03/25 03:00
2026-03-25 17:58:53 BRT [DEBUG  ]   GET https://api.bitget.com/api/v2/mix/market/candles?productType=USDT-FUTURES&symbol...
2026-03-25 17:58:53 BRT [DEBUG  ]       в†’ HTTP 200 | 4.5KB | enc:gzip | 0.79s
2026-03-25 17:58:53 BRT [DEBUG  ]   вњ…  Klines RIVERUSDT 1H: 60 candles | 03/25 17:00 в†’ 03/23 06:00
2026-03-25 17:58:53 BRT [DEBUG  ]   рџ’ѕ  Cache GRAVADO RIVERUSDT 1H: 60 candles
2026-03-25 17:58:53 BRT [DEBUG  ]   GET https://api.bitget.com/api/v2/mix/market/candles?productType=USDT-FUTURES&symbol...
2026-03-25 17:58:53 BRT [DEBUG  ]       в†’ HTTP 200 | 4.3KB | enc:gzip | 0.80s
2026-03-25 17:58:53 BRT [DEBUG  ]   вњ…  Klines UNIUSDT 4H: 60 candles | 03/25 17:00 в†’ 03/15 21:00
2026-03-25 17:58:53 BRT [DEBUG  ]   рџ’ѕ  Cache GRAVADO UNIUSDT 4H: 60 candles
2026-03-25 17:58:53 BRT [DEBUG  ]   GET https://api.bitget.com/api/v2/mix/market/candles?productType=USDT-FUTURES&symbol...
2026-03-25 17:58:53 BRT [DEBUG  ]       в†’ HTTP 200 | 4.9KB | enc:gzip | 0.80s
2026-03-25 17:58:53 BRT [DEBUG  ]   вњ…  Klines TRXUSDT 4H: 60 candles | 03/25 17:00 в†’ 03/15 21:00
2026-03-25 17:58:53 BRT [DEBUG  ]   рџ’ѕ  Cache GRAVADO TRXUSDT 4H: 60 candles
2026-03-25 17:58:53 BRT [DEBUG  ]   GET https://api.bitget.com/api/v2/mix/market/candles?productType=USDT-FUTURES&symbol...
2026-03-25 17:58:53 BRT [DEBUG  ]       в†’ HTTP 200 | 4.5KB | enc:gzip | 0.80s
2026-03-25 17:58:53 BRT [DEBUG  ]   вњ…  Klines ICPUSDT 4H: 60 candles | 03/25 17:00 в†’ 03/15 21:00
2026-03-25 17:58:53 BRT [DEBUG  ]   рџ’ѕ  Cache GRAVADO ICPUSDT 4H: 60 candles
2026-03-25 17:58:53 BRT [DEBUG  ]   GET https://api.bitget.com/api/v2/mix/market/candles?productType=USDT-FUTURES&symbol...
2026-03-25 17:58:53 BRT [DEBUG  ]       в†’ HTTP 200 | 5.2KB | enc:gzip | 0.81s
2026-03-25 17:58:53 BRT [DEBUG  ]   вњ…  Klines PENGUUSDT 15m: 60 candles | 03/25 17:45 в†’ 03/25 03:00
2026-03-25 17:58:53 BRT [DEBUG  ]   GET https://api.bitget.com/api/v2/mix/market/candles?productType=USDT-FUTURES&symbol...
2026-03-25 17:58:53 BRT [DEBUG  ]       в†’ HTTP 200 | 4.8KB | enc:gzip | 0.81s
2026-03-25 17:58:53 BRT [DEBUG  ]   вњ…  Klines ONDOUSDT 4H: 60 candles | 03/25 17:00 в†’ 03/15 21:00
2026-03-25 17:58:53 BRT [DEBUG  ]   рџ’ѕ  Cache GRAVADO ONDOUSDT 4H: 60 candles
2026-03-25 17:58:53 BRT [DEBUG  ]   GET https://api.bitget.com/api/v2/mix/market/candles?productType=USDT-FUTURES&symbol...
2026-03-25 17:58:53 BRT [DEBUG  ]       в†’ HTTP 200 | 4.8KB | enc:gzip | 0.81s
2026-03-25 17:58:53 BRT [DEBUG  ]   вњ…  Klines FILUSDT 4H: 60 candles | 03/25 17:00 в†’ 03/15 21:00
2026-03-25 17:58:53 BRT [DEBUG  ]   рџ’ѕ  Cache GRAVADO FILUSDT 4H: 60 candles
2026-03-25 17:58:53 BRT [DEBUG  ]   GET https://api.bitget.com/api/v2/mix/market/candles?productType=USDT-FUTURES&symbol...
2026-03-25 17:58:53 BRT [DEBUG  ]       в†’ HTTP 200 | 4.8KB | enc:gzip | 0.82s
2026-03-25 17:58:53 BRT [DEBUG  ]   вњ…  Klines SUIUSDT 1H: 60 candles | 03/25 17:00 в†’ 03/23 06:00
2026-03-25 17:58:53 BRT [DEBUG  ]   рџ’ѕ  Cache GRAVADO SUIUSDT 1H: 60 candles
2026-03-25 17:58:53 BRT [DEBUG  ]   GET https://api.bitget.com/api/v2/mix/market/candles?productType=USDT-FUTURES&symbol...
2026-03-25 17:58:53 BRT [DEBUG  ]       в†’ HTTP 200 | 4.8KB | enc:gzip | 0.82s
2026-03-25 17:58:53 BRT [DEBUG  ]   вњ…  Klines BEATUSDT 1H: 60 candles | 03/25 17:00 в†’ 03/23 06:00
2026-03-25 17:58:53 BRT [DEBUG  ]   рџ’ѕ  Cache GRAVADO BEATUSDT 1H: 60 candles
2026-03-25 17:58:53 BRT [DEBUG  ]   GET https://api.bitget.com/api/v2/mix/market/candles?productType=USDT-FUTURES&symbol...
2026-03-25 17:58:53 BRT [DEBUG  ]       в†’ HTTP 200 | 4.1KB | enc:gzip | 0.83s
2026-03-25 17:58:53 BRT [DEBUG  ]   вњ…  Klines LITUSDT 1H: 60 candles | 03/25 17:00 в†’ 03/23 06:00
2026-03-25 17:58:53 BRT [DEBUG  ]   рџ’ѕ  Cache GRAVADO LITUSDT 1H: 60 candles
2026-03-25 17:58:53 BRT [DEBUG  ]   GET https://api.bitget.com/api/v2/mix/market/candles?productType=USDT-FUTURES&symbol...
2026-03-25 17:58:53 BRT [DEBUG  ]       в†’ HTTP 200 | 4.5KB | enc:gzip | 0.84s
2026-03-25 17:58:53 BRT [DEBUG  ]   вњ…  Klines NEARUSDT 15m: 60 candles | 03/25 17:45 в†’ 03/25 03:00
2026-03-25 17:58:53 BRT [INFO   ]   в”Ђ LONG PUMP: 15m=60 | 1H=60 | 4H=60
2026-03-25 17:58:53 BRT [DEBUG  ]     find_swing_points: fallback window=3 aplicado (window=5 insuficiente: 4H/6L в†’ 4H/6L)
2026-03-25 17:58:53 BRT [DEBUG  ]   SCORE PUMP [LONG]: 5/25 | DQ=100% | klines: 15m=вњ… 1H=вњ… 4H=вњ…
2026-03-25 17:58:53 BRT [DEBUG  ]     Contexto 4H               +0/0 В· NEUTRAL (contexto, nГЈo pontuado)
2026-03-25 17:58:53 BRT [DEBUG  ]     P4 Liquidez 4H            +1/3 в–€ OB 4H (0.0019вЂ“0.0020)
2026-03-25 17:58:53 BRT [DEBUG  ]     P5 Figuras 4H             +0/2 В· Sem figuras claras no 4H
2026-03-25 17:58:53 BRT [DEBUG  ]     P6 CHOCH/BOS 4H           +0/3 В· Sem estrutura bullish no 4H
2026-03-25 17:58:53 BRT [DEBUG  ]     P-1H Suporte 1H           +2/4 в–€в–€ Order Block 1H (0.0019вЂ“0.0019)
2026-03-25 17:58:53 BRT [DEBUG  ]     P1 Bollinger 15m          +0/3 В· BB neutro (61%)
2026-03-25 17:58:53 BRT [DEBUG  ]     P2 Candles 15m            +0/4 В· Nenhum
2026-03-25 17:58:53 BRT [DEBUG  ]     P3 Funding Rate           +1/2 в–€ -0.0162% (leve negativo)
2026-03-25 17:58:53 BRT [DEBUG  ]     P7 Filtro Pump/Dump       +0/0 В· OK (4.6%)
2026-03-25 17:58:53 BRT [DEBUG  ]     P8 Volume 15m             +0/2 В· Volume fraco (0.1x < 1.2x)
2026-03-25 17:58:53 BRT [DEBUG  ]     P9 OI Crescente           +1/2 в–€ OI +6.8% vs mГ©dia (15.3M) вЂ” fluxo moderado
2026-03-25 17:58:53 BRT [DEBUG  ]     TradeParams LONG: SL=1.21% | notional=$413 | alav_margem=11.8x в†’ cap=2x в†’ alav=2.0x | margem=$206.42 вљ пёЏMARGEM $206>35 | risco=$5.00 | ganho=$10.00
2026-03-25 17:58:53 BRT [INFO   ]   рџ“€ LONG PUMP: score=5/25 | entry=0.0019 | SL=1.21% | alav=2.0x вњ…
2026-03-25 17:58:53 BRT [INFO   ]   в”Ђ LONG XPL: 15m=60 | 1H=60 | 4H=60
2026-03-25 17:58:53 BRT [DEBUG  ]   SCORE XPL [LONG]: 7/25 | DQ=100% | klines: 15m=вњ… 1H=вњ… 4H=вњ…
2026-03-25 17:58:53 BRT [DEBUG  ]     Contexto 4H               +0/0 В· BUY (contexto, nГЈo pontuado)
2026-03-25 17:58:53 BRT [DEBUG  ]     P4 Liquidez 4H            +1/3 в–€ Suporte 4H 0.0978 (1.65%)
2026-03-25 17:58:53 BRT [DEBUG  ]     P5 Figuras 4H             +0/2 В· Sem figuras claras no 4H
2026-03-25 17:58:53 BRT [DEBUG  ]     P6 CHOCH/BOS 4H           +1/3 в–€ Estrutura 4H saudГЎvel (Higher Lows)
2026-03-25 17:58:53 BRT [DEBUG  ]     P-1H Suporte 1H           +4/4 в–€в–€в–€в–€ Suporte 1H em 0.0978 (1.65% abaixo) | Order Block 1H (0.0965вЂ“0.0986)
2026-03-25 17:58:53 BRT [DEBUG  ]     P1 Bollinger 15m          +0/3 В· BB neutro (45%)
2026-03-25 17:58:53 BRT [DEBUG  ]     P2 Candles 15m            +0/4 В· Nenhum
2026-03-25 17:58:53 BRT [DEBUG  ]     P3 Funding Rate           +1/2 в–€ -0.0019% (leve negativo)
2026-03-25 17:58:53 BRT [DEBUG  ]     P7 Filtro Pump/Dump       +0/0 В· OK (2.2%)
2026-03-25 17:58:53 BRT [DEBUG  ]     P8 Volume 15m             +0/2 В· Volume fraco (0.9x < 1.2x)
2026-03-25 17:58:53 BRT [DEBUG  ]     P9 OI Crescente           +0/2 В· OI estГЎvel (+0.6% vs mГ©dia, 7.1M)
2026-03-25 17:58:53 BRT [DEBUG  ]     TradeParams LONG: SL=1.22% | notional=$411 | alav_margem=11.8x в†’ cap=2x в†’ alav=2.0x | margem=$205.69 вљ пёЏMARGEM $206>35 | risco=$5.00 | ganho=$10.00
2026-03-25 17:58:53 BRT [INFO   ]   рџ“€ LONG XPL: score=7/25 | entry=0.0994 | SL=1.22% | alav=2.0x вњ…
2026-03-25 17:58:53 BRT [INFO   ]   в”Ђ LONG SUI: 15m=60 | 1H=60 | 4H=60
2026-03-25 17:58:53 BRT [DEBUG  ]   SCORE SUI [LONG]: 8/25 | DQ=100% | klines: 15m=вњ… 1H=вњ… 4H=вњ…
2026-03-25 17:58:53 BRT [DEBUG  ]     Contexto 4H               +0/0 В· BUY (contexto, nГЈo pontuado)
2026-03-25 17:58:53 BRT [DEBUG  ]     P4 Liquidez 4H            +3/3 в–€в–€в–€ Suporte 4H 0.9481 (1.61%) | OB 4H (0.9775вЂ“0.9780) | ConfluГЄncia S/R+OB
2026-03-25 17:58:53 BRT [DEBUG  ]     P5 Figuras 4H             +0/2 В· Sem figuras claras no 4H
2026-03-25 17:58:53 BRT [DEBUG  ]     P6 CHOCH/BOS 4H           +0/3 В· Sem estrutura bullish no 4H
2026-03-25 17:58:53 BRT [DEBUG  ]     P-1H Suporte 1H           +4/4 в–€в–€в–€в–€ Suporte 1H em 0.9436 (2.08% abaixo) | Order Block 1H (0.9394вЂ“0.9471)
2026-03-25 17:58:53 BRT [DEBUG  ]     P1 Bollinger 15m          +0/3 В· BB neutro (63%)
2026-03-25 17:58:53 BRT [DEBUG  ]     P2 Candles 15m            +0/4 В· Nenhum
2026-03-25 17:58:53 BRT [DEBUG  ]     P3 Funding Rate           +1/2 в–€ -0.0001% (leve negativo)
2026-03-25 17:58:53 BRT [DEBUG  ]     P7 Filtro Pump/Dump       +0/0 В· OK (1.7%)
2026-03-25 17:58:53 BRT [DEBUG  ]     P8 Volume 15m             +0/2 В· Volume fraco (0.3x < 1.2x)
2026-03-25 17:58:53 BRT [DEBUG  ]     P9 OI Crescente           +0/2 В· OI sem histГіrico ainda (25.0M USD)
2026-03-25 17:58:53 BRT [DEBUG  ]     TradeParams LONG: SL=0.68% | notional=$730 | alav_margem=20.9x в†’ cap=2x в†’ alav=2.0x | margem=$365.05 вљ пёЏMARGEM $365>35 | risco=$5.00 | ganho=$10.00
2026-03-25 17:58:53 BRT [INFO   ]   рџ“€ LONG SUI: score=8/25 | entry=0.9636 | SL=0.68% | alav=2.0x вњ…
2026-03-25 17:58:53 BRT [INFO   ]   в”Ђ LONG FIL: 15m=60 | 1H=60 | 4H=60
2026-03-25 17:58:53 BRT [DEBUG  ]   SCORE FIL [LONG]: 9/25 | DQ=100% | klines: 15m=вњ… 1H=вњ… 4H=вњ…
2026-03-25 17:58:53 BRT [DEBUG  ]     Contexto 4H               +0/0 В· BUY (contexto, nГЈo pontuado)
2026-03-25 17:58:53 BRT [DEBUG  ]     P4 Liquidez 4H            +1/3 в–€ OB 4H (0.9163вЂ“0.9468)
2026-03-25 17:58:53 BRT [DEBUG  ]     P5 Figuras 4H             +0/2 В· Sem figuras claras no 4H
2026-03-25 17:58:53 BRT [DEBUG  ]     P6 CHOCH/BOS 4H           +1/3 в–€ Estrutura 4H saudГЎvel (Higher Lows)
2026-03-25 17:58:53 BRT [DEBUG  ]     P-1H Suporte 1H           +4/4 в–€в–€в–€в–€ Suporte 1H em 0.9096 (2.01% abaixo) | Order Block 1H (0.9090вЂ“0.9119)
2026-03-25 17:58:53 BRT [DEBUG  ]     P1 Bollinger 15m          +1/3 в–€ BB baixa (18%)
2026-03-25 17:58:53 BRT [DEBUG  ]     P2 Candles 15m            +0/4 В· Nenhum
2026-03-25 17:58:53 BRT [DEBUG  ]     P3 Funding Rate           +0/2 В· 0.0050% (neutro)
2026-03-25 17:58:53 BRT [DEBUG  ]     P7 Filtro Pump/Dump       +0/0 В· OK (-0.3%)
2026-03-25 17:58:53 BRT [DEBUG  ]     P8 Volume 15m             +2/2 в–€в–€ Volume forte (2.4x mГ©dia)
2026-03-25 17:58:53 BRT [DEBUG  ]     P9 OI Crescente           +0/2 В· OI estГЎvel (-2.1% vs mГ©dia, 13.6M)
2026-03-25 17:58:53 BRT [DEBUG  ]     TradeParams LONG: SL=0.70% | notional=$717 | alav_margem=20.5x в†’ cap=2x в†’ alav=2.0x | margem=$358.55 вљ пёЏMARGEM $359>35 | risco=$5.00 | ganho=$10.00
2026-03-25 17:58:53 BRT [INFO   ]   рџ“€ LONG FIL: score=9/25 | entry=0.9283 | SL=0.70% | alav=2.0x вњ…
2026-03-25 17:58:53 BRT [INFO   ]   в”Ђ LONG ONDO: 15m=60 | 1H=60 | 4H=60
2026-03-25 17:58:53 BRT [DEBUG  ]   SCORE ONDO [LONG]: 6/25 | DQ=100% | klines: 15m=вњ… 1H=вњ… 4H=вњ…
2026-03-25 17:58:53 BRT [DEBUG  ]     Contexto 4H               +0/0 В· BUY (contexto, nГЈo pontuado)
2026-03-25 17:58:53 BRT [DEBUG  ]     P4 Liquidez 4H            +3/3 в–€в–€в–€ Suporte 4H 0.2553 (2.45%) | OB 4H (0.2643вЂ“0.2647) | ConfluГЄncia S/R+OB
2026-03-25 17:58:53 BRT [DEBUG  ]     P5 Figuras 4H             +0/2 В· Sem figuras claras no 4H
2026-03-25 17:58:53 BRT [DEBUG  ]     P6 CHOCH/BOS 4H           +0/3 В· Sem estrutura bullish no 4H
2026-03-25 17:58:53 BRT [DEBUG  ]     P-1H Suporte 1H           +2/4 в–€в–€ Order Block 1H (0.2528вЂ“0.2587)
2026-03-25 17:58:53 BRT [DEBUG  ]     P1 Bollinger 15m          +0/3 В· BB neutro (81%)
2026-03-25 17:58:53 BRT [DEBUG  ]     P2 Candles 15m            +0/4 В· Nenhum
2026-03-25 17:58:53 BRT [DEBUG  ]     P3 Funding Rate           +1/2 в–€ -0.0171% (leve negativo)
2026-03-25 17:58:53 BRT [DEBUG  ]     P7 Filtro Pump/Dump       +0/0 В· OK (3.0%)
2026-03-25 17:58:53 BRT [DEBUG  ]     P8 Volume 15m             +0/2 В· Volume fraco (0.9x < 1.2x)
2026-03-25 17:58:53 BRT [DEBUG  ]     P9 OI Crescente           +0/2 В· OI sem histГіrico ainda (5.3M USD)
2026-03-25 17:58:53 BRT [DEBUG  ]     TradeParams LONG: SL=0.81% | notional=$614 | alav_margem=17.6x в†’ cap=2x в†’ alav=2.0x | margem=$307.18 вљ пёЏMARGEM $307>35 | risco=$5.00 | ganho=$10.00
2026-03-25 17:58:53 BRT [INFO   ]   рџ“€ LONG ONDO: score=6/25 | entry=0.2617 | SL=0.81% | alav=2.0x вњ…
2026-03-25 17:58:53 BRT [INFO   ]   в”Ђ LONG DOGE: 15m=60 | 1H=60 | 4H=60
2026-03-25 17:58:53 BRT [DEBUG  ]   SCORE DOGE [LONG]: 5/25 | DQ=100% | klines: 15m=вњ… 1H=вњ… 4H=вњ…
2026-03-25 17:58:53 BRT [DEBUG  ]     Contexto 4H               +0/0 В· BUY (contexto, nГЈo pontuado)
2026-03-25 17:58:53 BRT [DEBUG  ]     P4 Liquidez 4H            +1/3 в–€ OB 4H (0.0970вЂ“0.0995)
2026-03-25 17:58:53 BRT [DEBUG  ]     P5 Figuras 4H             +0/2 В· Sem figuras claras no 4H
2026-03-25 17:58:53 BRT [DEBUG  ]     P6 CHOCH/BOS 4H           +0/3 В· Sem estrutura bullish no 4H
2026-03-25 17:58:53 BRT [DEBUG  ]     P-1H Suporte 1H           +4/4 в–€в–€в–€в–€ Suporte 1H em 0.0944 (1.87% abaixo) | Order Block 1H (0.0959вЂ“0.0969)
2026-03-25 17:58:53 BRT [DEBUG  ]     P1 Bollinger 15m          +0/3 В· BB neutro (34%)
2026-03-25 17:58:53 BRT [DEBUG  ]     P2 Candles 15m            +0/4 В· Nenhum
2026-03-25 17:58:53 BRT [DEBUG  ]     P3 Funding Rate           +0/2 В· 0.0100% (neutro)
2026-03-25 17:58:53 BRT [DEBUG  ]     P7 Filtro Pump/Dump       +0/0 В· OK (1.7%)
2026-03-25 17:58:53 BRT [DEBUG  ]     P8 Volume 15m             +0/2 В· Volume fraco (0.8x < 1.2x)
2026-03-25 17:58:53 BRT [DEBUG  ]     P9 OI Crescente           +0/2 В· OI estГЎvel (-2.4% vs mГ©dia, 89.4M)
2026-03-25 17:58:53 BRT [DEBUG  ]     TradeParams LONG: SL=0.61% | notional=$819 | alav_margem=23.4x в†’ cap=2x в†’ alav=2.0x | margem=$409.32 вљ пёЏMARGEM $409>35 | risco=$5.00 | ganho=$10.00
2026-03-25 17:58:53 BRT [INFO   ]   рџ“€ LONG DOGE: score=5/25 | entry=0.0961 | SL=0.61% | alav=2.0x вњ…
2026-03-25 17:58:53 BRT [INFO   ]   в”Ђ LONG PENGU: 15m=60 | 1H=60 | 4H=60
2026-03-25 17:58:53 BRT [DEBUG  ]   SCORE PENGU [LONG]: 5/25 | DQ=100% | klines: 15m=вњ… 1H=вњ… 4H=вњ…
2026-03-25 17:58:53 BRT [DEBUG  ]     Contexto 4H               +0/0 В· BUY (contexto, nГЈo pontuado)
2026-03-25 17:58:53 BRT [DEBUG  ]     P4 Liquidez 4H            +1/3 в–€ OB 4H (0.0072вЂ“0.0074)
2026-03-25 17:58:53 BRT [DEBUG  ]     P5 Figuras 4H             +0/2 В· Sem figuras claras no 4H
2026-03-25 17:58:53 BRT [DEBUG  ]     P6 CHOCH/BOS 4H           +0/3 В· Sem estrutura bullish no 4H
2026-03-25 17:58:53 BRT [DEBUG  ]     P-1H Suporte 1H           +4/4 в–€в–€в–€в–€ Suporte 1H em 0.0072 (1.26% abaixo) | Order Block 1H (0.0073вЂ“0.0074)
2026-03-25 17:58:53 BRT [DEBUG  ]     P1 Bollinger 15m          +0/3 В· BB neutro (42%)
2026-03-25 17:58:53 BRT [DEBUG  ]     P2 Candles 15m            +0/4 В· Nenhum
2026-03-25 17:58:53 BRT [DEBUG  ]     P3 Funding Rate           +0/2 В· 0.0037% (neutro)
2026-03-25 17:58:53 BRT [DEBUG  ]     P7 Filtro Pump/Dump       +0/0 В· OK (3.5%)
2026-03-25 17:58:53 BRT [DEBUG  ]     P8 Volume 15m             +0/2 В· Volume fraco (1.2x < 1.2x)
2026-03-25 17:58:53 BRT [DEBUG  ]     P9 OI Crescente           +0/2 В· OI estГЎvel (-2.5% vs mГ©dia, 5.2M)
2026-03-25 17:58:53 BRT [DEBUG  ]     TradeParams LONG: SL=0.93% | notional=$539 | alav_margem=15.4x в†’ cap=2x в†’ alav=2.0x | margem=$269.39 вљ пёЏMARGEM $269>35 | risco=$5.00 | ganho=$10.00
2026-03-25 17:58:53 BRT [INFO   ]   рџ“€ LONG PENGU: score=5/25 | entry=0.0073 | SL=0.93% | alav=2.0x вњ…
2026-03-25 17:58:53 BRT [INFO   ]   в”Ђ LONG POL: 15m=60 | 1H=60 | 4H=60
2026-03-25 17:58:53 BRT [DEBUG  ]     find_swing_points: fallback window=3 aplicado (window=5 insuficiente: 6H/5L в†’ 6H/5L)
2026-03-25 17:58:53 BRT [DEBUG  ]   SCORE POL [LONG]: 5/25 | DQ=100% | klines: 15m=вњ… 1H=вњ… 4H=вњ…
2026-03-25 17:58:53 BRT [DEBUG  ]     Contexto 4H               +0/0 В· BUY (contexto, nГЈo pontuado)
2026-03-25 17:58:53 BRT [DEBUG  ]     P4 Liquidez 4H            +1/3 в–€ OB 4H (0.0982вЂ“0.1001)
2026-03-25 17:58:53 BRT [DEBUG  ]     P5 Figuras 4H             +0/2 В· Sem figuras claras no 4H
2026-03-25 17:58:53 BRT [DEBUG  ]     P6 CHOCH/BOS 4H           +0/3 В· Sem estrutura bullish no 4H
2026-03-25 17:58:53 BRT [DEBUG  ]     P-1H Suporte 1H           +4/4 в–€в–€в–€в–€ Suporte 1H em 0.0950 (2.31% abaixo) | Order Block 1H (0.0952вЂ“0.0961)
2026-03-25 17:58:53 BRT [DEBUG  ]     P1 Bollinger 15m          +0/3 В· BB neutro (34%)
2026-03-25 17:58:53 BRT [DEBUG  ]     P2 Candles 15m            +0/4 В· Nenhum
2026-03-25 17:58:53 BRT [DEBUG  ]     P3 Funding Rate           +0/2 В· 0.0050% (neutro)
2026-03-25 17:58:53 BRT [DEBUG  ]     P7 Filtro Pump/Dump       +0/0 В· OK (2.3%)
2026-03-25 17:58:53 BRT [DEBUG  ]     P8 Volume 15m             +0/2 В· Volume fraco (0.5x < 1.2x)
2026-03-25 17:58:53 BRT [DEBUG  ]     P9 OI Crescente           +0/2 В· OI sem histГіrico ainda (5.9M USD)
2026-03-25 17:58:53 BRT [DEBUG  ]     TradeParams LONG: SL=0.79% | notional=$635 | alav_margem=18.1x в†’ cap=2x в†’ alav=2.0x | margem=$317.47 вљ пёЏMARGEM $317>35 | risco=$5.00 | ganho=$10.00
2026-03-25 17:58:53 BRT [INFO   ]   рџ“€ LONG POL: score=5/25 | entry=0.0973 | SL=0.79% | alav=2.0x вњ…
2026-03-25 17:58:53 BRT [INFO   ]   в”Ђ LONG TRX: 15m=60 | 1H=60 | 4H=60
2026-03-25 17:58:53 BRT [DEBUG  ]   SCORE TRX [LONG]: 3/25 | DQ=100% | klines: 15m=вњ… 1H=вњ… 4H=вњ…
2026-03-25 17:58:53 BRT [DEBUG  ]     Contexto 4H               +0/0 В· STRONG_BUY (contexto, nГЈo pontuado)
2026-03-25 17:58:53 BRT [DEBUG  ]     P4 Liquidez 4H            +1/3 в–€ OB 4H (0.3100вЂ“0.3178)
2026-03-25 17:58:53 BRT [DEBUG  ]     P5 Figuras 4H             +0/2 В· Sem figuras claras no 4H
2026-03-25 17:58:53 BRT [DEBUG  ]     P6 CHOCH/BOS 4H           +0/3 В· Sem estrutura bullish no 4H
2026-03-25 17:58:53 BRT [DEBUG  ]     P-1H Suporte 1H           +2/4 в–€в–€ Suporte 1H em 0.3079 (2.32% abaixo)
2026-03-25 17:58:53 BRT [DEBUG  ]     P1 Bollinger 15m          +0/3 В· BB neutro (92%)
2026-03-25 17:58:53 BRT [DEBUG  ]     P2 Candles 15m            +0/4 В· Nenhum
2026-03-25 17:58:53 BRT [DEBUG  ]     P3 Funding Rate           +0/2 В· 0.0100% (neutro)
2026-03-25 17:58:53 BRT [DEBUG  ]     P7 Filtro Pump/Dump       +0/0 В· OK (2.1%)
2026-03-25 17:58:53 BRT [DEBUG  ]     P8 Volume 15m             +0/2 В· Volume fraco (0.8x < 1.2x)
2026-03-25 17:58:53 BRT [DEBUG  ]     P9 OI Crescente           +0/2 В· OI sem histГіrico ainda (15.3M USD)
2026-03-25 17:58:53 BRT [DEBUG  ]     TradeParams LONG: SL=0.27% | notional=$1849 | alav_margem=52.8x в†’ cap=2x в†’ alav=2.0x | margem=$924.49 вљ пёЏMARGEM $924>35 | risco=$5.00 | ganho=$10.00
2026-03-25 17:58:53 BRT [INFO   ]   рџ“€ LONG TRX: score=3/25 | entry=0.3152 | SL=0.27% | alav=2.0x вњ…
2026-03-25 17:58:53 BRT [INFO   ]   в”Ђ LONG UNI: 15m=60 | 1H=60 | 4H=60
2026-03-25 17:58:53 BRT [DEBUG  ]   SCORE UNI [LONG]: 3/25 | DQ=100% | klines: 15m=вњ… 1H=вњ… 4H=вњ…
2026-03-25 17:58:53 BRT [DEBUG  ]     Contexto 4H               +0/0 В· NEUTRAL (contexto, nГЈo pontuado)
2026-03-25 17:58:53 BRT [DEBUG  ]     P4 Liquidez 4H            +1/3 в–€ OB 4H (3.6720вЂ“3.8620)
2026-03-25 17:58:53 BRT [DEBUG  ]     P5 Figuras 4H             +0/2 В· Sem figuras claras no 4H
2026-03-25 17:58:53 BRT [DEBUG  ]     P6 CHOCH/BOS 4H           +0/3 В· Sem estrutura bullish no 4H
2026-03-25 17:58:53 BRT [DEBUG  ]     P-1H Suporte 1H           +2/4 в–€в–€ Suporte 1H em 3.6700 (0.60% abaixo)
2026-03-25 17:58:53 BRT [DEBUG  ]     P1 Bollinger 15m          +0/3 В· BB neutro (30%)
2026-03-25 17:58:53 BRT [DEBUG  ]     P2 Candles 15m            +0/4 В· Nenhum
2026-03-25 17:58:53 BRT [DEBUG  ]     P3 Funding Rate           +0/2 В· 0.0048% (neutro)
2026-03-25 17:58:53 BRT [DEBUG  ]     P7 Filtro Pump/Dump       +0/0 В· OK (2.7%)
2026-03-25 17:58:53 BRT [DEBUG  ]     P8 Volume 15m             +0/2 В· Volume fraco (0.4x < 1.2x)
2026-03-25 17:58:53 BRT [DEBUG  ]     P9 OI Crescente           +0/2 В· OI sem histГіrico ainda (12.9M USD)
2026-03-25 17:58:53 BRT [DEBUG  ]     TradeParams LONG: SL=0.76% | notional=$657 | alav_margem=18.8x в†’ cap=2x в†’ alav=2.0x | margem=$328.31 вљ пёЏMARGEM $328>35 | risco=$5.00 | ganho=$10.00
2026-03-25 17:58:53 BRT [INFO   ]   рџ“€ LONG UNI: score=3/25 | entry=3.6920 | SL=0.76% | alav=2.0x вњ…
2026-03-25 17:58:53 BRT [INFO   ]   в”Ђ SHORT DOT: 15m=60 | 1H=60 | 4H=60
2026-03-25 17:58:53 BRT [DEBUG  ]     find_swing_points: fallback window=3 aplicado (window=5 insuficiente: 3H/7L в†’ 3H/7L)
2026-03-25 17:58:53 BRT [DEBUG  ]   SCORE DOT [SHORT]: 7/25 | DQ=100% | klines: 15m=вњ… 1H=вњ… 4H=вњ…
2026-03-25 17:58:53 BRT [DEBUG  ]     Contexto 4H               +0/0 В· STRONG_SELL (contexto SHORT, nГЈo pontuado)
2026-03-25 17:58:53 BRT [DEBUG  ]     P4 Liquidez 4H            +0/3 В· Longe de resistГЄncias 4H
2026-03-25 17:58:53 BRT [DEBUG  ]     P5 Figuras 4H             +2/2 в–€в–€ Rising Wedge (reversГЈo bearish)
2026-03-25 17:58:53 BRT [DEBUG  ]     P6 CHOCH/BOS 4H           +3/3 в–€в–€в–€ CHOCH Bearish 4H (reversГЈo confirmada)
2026-03-25 17:58:53 BRT [DEBUG  ]     P-1H ResistГЄncia 1H       +0/4 В· PreГ§o longe de resistГЄncias no 1H
2026-03-25 17:58:53 BRT [DEBUG  ]     P1 Bollinger 15m          +3/3 в–€в–€в–€ BB rompeu inferior (-8%) вЂ” momentum bearish
2026-03-25 17:58:53 BRT [DEBUG  ]     P2 Candles 15m            +0/4 В· Nenhum
2026-03-25 17:58:53 BRT [DEBUG  ]     P3 Funding Rate           -1/2 в–’ -0.1496% (shorts dominando вЂ” desfavorГЎvel para short)
2026-03-25 17:58:53 BRT [DEBUG  ]     P7 Filtro Pump/Dump       +0/0 В· OK (-3.3%)
2026-03-25 17:58:53 BRT [DEBUG  ]     P8 Volume 15m             +0/2 В· Volume fraco (1.0x < 1.2x)
2026-03-25 17:58:53 BRT [DEBUG  ]     P9 OI Crescente           +0/2 В· OI estГЎvel (+0.3% vs mГ©dia, 14.1M)
2026-03-25 17:58:53 BRT [DEBUG  ]     TradeParams SHORT: SL=0.88% | notional=$570 | alav_margem=16.3x в†’ cap=2x в†’ alav=2.0x | margem=$284.82 вљ пёЏMARGEM $285>35 | risco=$5.00 | ganho=$10.00
2026-03-25 17:58:53 BRT [INFO   ]   рџ“‰ SHORT DOT: score=7/25 | entry=1.3500 | SL=0.88% | alav=2.0x вњ…
2026-03-25 17:58:53 BRT [INFO   ]   в”Ђ SHORT OP: 15m=60 | 1H=60 | 4H=60
2026-03-25 17:58:53 BRT [DEBUG  ]     find_swing_points: fallback window=3 aplicado (window=5 insuficiente: 7H/6L в†’ 7H/6L)
2026-03-25 17:58:53 BRT [DEBUG  ]     find_swing_points: fallback window=3 aplicado (window=5 insuficiente: 7H/6L в†’ 7H/6L)
2026-03-25 17:58:53 BRT [DEBUG  ]     find_swing_points: fallback window=3 aplicado (window=5 insuficiente: 7H/6L в†’ 7H/6L)
2026-03-25 17:58:53 BRT [DEBUG  ]   SCORE OP [SHORT]: 7/25 | DQ=100% | klines: 15m=вњ… 1H=вњ… 4H=вњ…
2026-03-25 17:58:53 BRT [DEBUG  ]     Contexto 4H               +0/0 В· SELL (contexto SHORT, nГЈo pontuado)
2026-03-25 17:58:53 BRT [DEBUG  ]     P4 Liquidez 4H            +1/3 в–€ OB Bearish 4H (0.1137вЂ“0.1165)
2026-03-25 17:58:53 BRT [DEBUG  ]     P5 Figuras 4H             +1/2 в–€ Cunha Ascendente (pullback bearish)
2026-03-25 17:58:53 BRT [DEBUG  ]     P6 CHOCH/BOS 4H           +0/3 В· Sem estrutura bearish no 4H
2026-03-25 17:58:53 BRT [DEBUG  ]     P-1H ResistГЄncia 1H       +4/4 в–€в–€в–€в–€ ResistГЄncia 1H em 0.1151 (2.13% acima) | OB Bearish 1H (0.1137вЂ“0.1145)
2026-03-25 17:58:53 BRT [DEBUG  ]     P1 Bollinger 15m          +0/3 В· BB neutro (5%)
2026-03-25 17:58:53 BRT [DEBUG  ]     P2 Candles 15m            +0/4 В· Nenhum
2026-03-25 17:58:53 BRT [DEBUG  ]     P3 Funding Rate           +1/2 в–€ 0.0100% (leve positivo)
2026-03-25 17:58:53 BRT [DEBUG  ]     P7 Filtro Pump/Dump       +0/0 В· OK (-0.5%)
2026-03-25 17:58:53 BRT [DEBUG  ]     P8 Volume 15m             +0/2 В· Volume fraco (0.7x < 1.2x)
2026-03-25 17:58:53 BRT [DEBUG  ]     P9 OI Crescente           +0/2 В· OI sem histГіrico ainda (5.5M USD)
2026-03-25 17:58:53 BRT [DEBUG  ]     TradeParams SHORT: SL=0.76% | notional=$658 | alav_margem=18.8x в†’ cap=2x в†’ alav=2.0x | margem=$329.24 вљ пёЏMARGEM $329>35 | risco=$5.00 | ganho=$10.00
2026-03-25 17:58:53 BRT [INFO   ]   рџ“‰ SHORT OP: score=7/25 | entry=0.1127 | SL=0.76% | alav=2.0x вњ…
2026-03-25 17:58:53 BRT [INFO   ]   в”Ђ SHORT LIT: 15m=60 | 1H=60 | 4H=60
2026-03-25 17:58:53 BRT [DEBUG  ]     find_swing_points: fallback window=3 aplicado (window=5 insuficiente: 6H/3L в†’ 6H/3L)
2026-03-25 17:58:53 BRT [DEBUG  ]     find_swing_points: fallback window=3 aplicado (window=5 insuficiente: 6H/3L в†’ 6H/3L)
2026-03-25 17:58:53 BRT [DEBUG  ]     find_swing_points: fallback window=3 aplicado (window=5 insuficiente: 6H/3L в†’ 6H/3L)
2026-03-25 17:58:53 BRT [DEBUG  ]   SCORE LIT [SHORT]: 6/25 | DQ=100% | klines: 15m=вњ… 1H=вњ… 4H=вњ…
2026-03-25 17:58:53 BRT [DEBUG  ]     Contexto 4H               +0/0 В· SELL (contexto SHORT, nГЈo pontuado)
2026-03-25 17:58:53 BRT [DEBUG  ]     P4 Liquidez 4H            +0/3 В· Longe de resistГЄncias 4H
2026-03-25 17:58:53 BRT [DEBUG  ]     P5 Figuras 4H             +0/2 В· Sem figuras bearish claras no 4H
2026-03-25 17:58:53 BRT [DEBUG  ]     P6 CHOCH/BOS 4H           +3/3 в–€в–€в–€ CHOCH Bearish 4H (reversГЈo confirmada)
2026-03-25 17:58:53 BRT [DEBUG  ]     P-1H ResistГЄncia 1H       +2/4 в–€в–€ OB Bearish 1H (0.9640вЂ“0.9670)
2026-03-25 17:58:53 BRT [DEBUG  ]     P1 Bollinger 15m          +0/3 В· BB neutro (19%)
2026-03-25 17:58:53 BRT [DEBUG  ]     P2 Candles 15m            +0/4 В· Nenhum
2026-03-25 17:58:53 BRT [DEBUG  ]     P3 Funding Rate           +1/2 в–€ 0.0050% (leve positivo)
2026-03-25 17:58:53 BRT [DEBUG  ]     P7 Filtro Pump/Dump       +0/0 В· OK (-0.2%)
2026-03-25 17:58:53 BRT [DEBUG  ]     P8 Volume 15m             +0/2 В· Volume fraco (0.4x < 1.2x)
2026-03-25 17:58:53 BRT [DEBUG  ]     P9 OI Crescente           +0/2 В· OI sem histГіrico ainda (6.0M USD)
2026-03-25 17:58:53 BRT [DEBUG  ]     TradeParams SHORT: SL=1.06% | notional=$470 | alav_margem=13.4x в†’ cap=2x в†’ alav=2.0x | margem=$234.75 вљ пёЏMARGEM $235>35 | risco=$5.00 | ganho=$10.00
2026-03-25 17:58:53 BRT [INFO   ]   рџ“‰ SHORT LIT: score=6/25 | entry=0.9860 | SL=1.06% | alav=2.0x вњ…
2026-03-25 17:58:53 BRT [INFO   ]   в”Ђ SHORT XRP: 15m=60 | 1H=60 | 4H=60
2026-03-25 17:58:53 BRT [DEBUG  ]   SCORE XRP [SHORT]: 9/25 | DQ=100% | klines: 15m=вњ… 1H=вњ… 4H=вњ…
2026-03-25 17:58:53 BRT [DEBUG  ]     Contexto 4H               +0/0 В· SELL (contexto SHORT, nГЈo pontuado)
2026-03-25 17:58:53 BRT [DEBUG  ]     P4 Liquidez 4H            +1/3 в–€ OB Bearish 4H (1.3719вЂ“1.4105)
2026-03-25 17:58:53 BRT [DEBUG  ]     P5 Figuras 4H             +1/2 в–€ Cunha Ascendente (pullback bearish)
2026-03-25 17:58:53 BRT [DEBUG  ]     P6 CHOCH/BOS 4H           +3/3 в–€в–€в–€ CHOCH Bearish 4H (reversГЈo confirmada)
2026-03-25 17:58:53 BRT [DEBUG  ]     P-1H ResistГЄncia 1H       +4/4 в–€в–€в–€в–€ ResistГЄncia 1H em 1.4327 (1.34% acima) | OB Bearish 1H (1.4244вЂ“1.4412)
2026-03-25 17:58:53 BRT [DEBUG  ]     P1 Bollinger 15m          +0/3 В· BB neutro (57%)
2026-03-25 17:58:53 BRT [DEBUG  ]     P2 Candles 15m            +0/4 В· Nenhum
2026-03-25 17:58:53 BRT [DEBUG  ]     P3 Funding Rate           +0/2 В· -0.0041% (neutro)
2026-03-25 17:58:53 BRT [DEBUG  ]     P7 Filtro Pump/Dump       +0/0 В· OK (0.3%)
2026-03-25 17:58:53 BRT [DEBUG  ]     P8 Volume 15m             +0/2 В· Volume fraco (0.6x < 1.2x)
2026-03-25 17:58:53 BRT [DEBUG  ]     P9 OI Crescente           +0/2 В· OI estГЎvel (-1.3% vs mГ©dia, 81.7M)
2026-03-25 17:58:53 BRT [DEBUG  ]     TradeParams SHORT: SL=0.51% | notional=$987 | alav_margem=28.2x в†’ cap=2x в†’ alav=2.0x | margem=$493.37 вљ пёЏMARGEM $493>35 | risco=$5.00 | ganho=$10.00
2026-03-25 17:58:53 BRT [INFO   ]   рџ“‰ SHORT XRP: score=9/25 | entry=1.4138 | SL=0.51% | alav=2.0x вњ…
2026-03-25 17:58:53 BRT [INFO   ]   в”Ђ SHORT BEAT: 15m=60 | 1H=60 | 4H=60
2026-03-25 17:58:53 BRT [DEBUG  ]     find_swing_points: fallback window=3 aplicado (window=5 insuficiente: 6H/4L в†’ 6H/4L)
2026-03-25 17:58:53 BRT [DEBUG  ]     find_swing_points: fallback window=3 aplicado (window=5 insuficiente: 6H/4L в†’ 6H/4L)
2026-03-25 17:58:53 BRT [DEBUG  ]     find_swing_points: fallback window=3 aplicado (window=5 insuficiente: 6H/4L в†’ 6H/4L)
2026-03-25 17:58:53 BRT [DEBUG  ]     find_swing_points: fallback window=3 aplicado (window=5 insuficiente: 6H/4L в†’ 6H/4L)
2026-03-25 17:58:53 BRT [DEBUG  ]   SCORE BEAT [SHORT]: 1/25 | DQ=100% | klines: 15m=вњ… 1H=вњ… 4H=вњ…
2026-03-25 17:58:53 BRT [DEBUG  ]     Contexto 4H               +0/0 В· SELL (contexto SHORT, nГЈo pontuado)
2026-03-25 17:58:53 BRT [DEBUG  ]     P4 Liquidez 4H            +0/3 В· Longe de resistГЄncias 4H
2026-03-25 17:58:53 BRT [DEBUG  ]     P5 Figuras 4H             +0/2 В· Sem figuras bearish claras no 4H
2026-03-25 17:58:53 BRT [DEBUG  ]     P6 CHOCH/BOS 4H           +1/3 в–€ Estrutura 4H bearish (Lower Highs)
2026-03-25 17:58:53 BRT [DEBUG  ]     P-1H ResistГЄncia 1H       +0/4 В· PreГ§o longe de resistГЄncias no 1H
2026-03-25 17:58:53 BRT [DEBUG  ]     P1 Bollinger 15m          +0/3 В· BB neutro (8%)
2026-03-25 17:58:53 BRT [DEBUG  ]     P2 Candles 15m            +0/4 В· Nenhum
2026-03-25 17:58:53 BRT [DEBUG  ]     P3 Funding Rate           +0/2 В· -0.0006% (neutro)
2026-03-25 17:58:53 BRT [DEBUG  ]     P7 Filtro Pump/Dump       +0/0 В· OK (0.5%)
2026-03-25 17:58:53 BRT [DEBUG  ]     P8 Volume 15m             +0/2 В· Volume fraco (0.8x < 1.2x)
2026-03-25 17:58:53 BRT [DEBUG  ]     P9 OI Crescente           +0/2 В· OI sem histГіrico ainda (9.7M USD)
2026-03-25 17:58:53 BRT [DEBUG  ]     TradeParams SHORT: SL=2.24% | notional=$223 | alav_margem=6.4x в†’ cap=2x в†’ alav=2.0x | margem=$111.38 вљ пёЏMARGEM $111>35 | risco=$5.00 | ganho=$10.00
2026-03-25 17:58:53 BRT [INFO   ]   рџ“‰ SHORT BEAT: score=1/25 | entry=0.5962 | SL=2.24% | alav=2.0x вњ…
2026-03-25 17:58:53 BRT [INFO   ]   в”Ђ SHORT WLD: 15m=60 | 1H=60 | 4H=60
2026-03-25 17:58:53 BRT [DEBUG  ]     find_swing_points: fallback window=3 aplicado (window=5 insuficiente: 5H/7L в†’ 5H/7L)
2026-03-25 17:58:53 BRT [DEBUG  ]     find_swing_points: fallback window=3 aplicado (window=5 insuficiente: 5H/7L в†’ 5H/7L)
2026-03-25 17:58:53 BRT [DEBUG  ]     find_swing_points: fallback window=3 aplicado (window=5 insuficiente: 5H/7L в†’ 5H/7L)
2026-03-25 17:58:53 BRT [DEBUG  ]   SCORE WLD [SHORT]: 10/25 | DQ=100% | klines: 15m=вњ… 1H=вњ… 4H=вњ…
2026-03-25 17:58:53 BRT [DEBUG  ]     Contexto 4H               +0/0 В· SELL (contexto SHORT, nГЈo pontuado)
2026-03-25 17:58:53 BRT [DEBUG  ]     P4 Liquidez 4H            +1/3 в–€ OB Bearish 4H (0.3222вЂ“0.3283)
2026-03-25 17:58:53 BRT [DEBUG  ]     P5 Figuras 4H             +1/2 в–€ Cunha Ascendente (pullback bearish)
2026-03-25 17:58:53 BRT [DEBUG  ]     P6 CHOCH/BOS 4H           +3/3 в–€в–€в–€ CHOCH Bearish 4H (reversГЈo confirmada)
2026-03-25 17:58:53 BRT [DEBUG  ]     P-1H ResistГЄncia 1H       +4/4 в–€в–€в–€в–€ ResistГЄncia 1H em 0.3233 (1.63% acima) | OB Bearish 1H (0.3131вЂ“0.3168)
2026-03-25 17:58:53 BRT [DEBUG  ]     P1 Bollinger 15m          +0/3 В· BB neutro (30%)
2026-03-25 17:58:53 BRT [DEBUG  ]     P2 Candles 15m            +0/4 В· Nenhum
2026-03-25 17:58:53 BRT [DEBUG  ]     P3 Funding Rate           +0/2 В· -0.0118% (neutro)
2026-03-25 17:58:53 BRT [DEBUG  ]     P7 Filtro Pump/Dump       +0/0 В· OK (-1.2%)
2026-03-25 17:58:53 BRT [DEBUG  ]     P8 Volume 15m             +1/2 в–€ Volume adequado (1.7x mГ©dia)
2026-03-25 17:58:53 BRT [DEBUG  ]     P9 OI Crescente           +0/2 В· OI estГЎvel (-0.9% vs mГ©dia, 17.5M)
2026-03-25 17:58:53 BRT [DEBUG  ]     TradeParams SHORT: SL=0.97% | notional=$513 | alav_margem=14.7x в†’ cap=2x в†’ alav=2.0x | margem=$256.50 вљ пёЏMARGEM $256>35 | risco=$5.00 | ganho=$10.00
2026-03-25 17:58:53 BRT [INFO   ]   рџ“‰ SHORT WLD: score=10/25 | entry=0.3181 | SL=0.97% | alav=2.0x вњ…
2026-03-25 17:58:53 BRT [INFO   ]   в”Ђ SHORT ASTER: 15m=60 | 1H=60 | 4H=60
2026-03-25 17:58:53 BRT [DEBUG  ]   SCORE ASTER [SHORT]: 6/25 | DQ=100% | klines: 15m=вњ… 1H=вњ… 4H=вњ…
2026-03-25 17:58:53 BRT [DEBUG  ]     Contexto 4H               +0/0 В· SELL (contexto SHORT, nГЈo pontuado)
2026-03-25 17:58:53 BRT [DEBUG  ]     P4 Liquidez 4H            +1/3 в–€ OB Bearish 4H (0.6571вЂ“0.6682)
2026-03-25 17:58:53 BRT [DEBUG  ]     P5 Figuras 4H             +1/2 в–€ Cunha Ascendente (pullback bearish)
2026-03-25 17:58:53 BRT [DEBUG  ]     P6 CHOCH/BOS 4H           +0/3 В· Sem estrutura bearish no 4H
2026-03-25 17:58:53 BRT [DEBUG  ]     P-1H ResistГЄncia 1H       +4/4 в–€в–€в–€в–€ ResistГЄncia 1H em 0.6727 (1.65% acima) | OB Bearish 1H (0.6709вЂ“0.6721)
2026-03-25 17:58:53 BRT [DEBUG  ]     P1 Bollinger 15m          +0/3 В· BB neutro (58%)
2026-03-25 17:58:53 BRT [DEBUG  ]     P2 Candles 15m            +0/4 В· Nenhum
2026-03-25 17:58:53 BRT [DEBUG  ]     P3 Funding Rate           +0/2 В· -0.0114% (neutro)
2026-03-25 17:58:53 BRT [DEBUG  ]     P7 Filtro Pump/Dump       +0/0 В· OK (-0.8%)
2026-03-25 17:58:53 BRT [DEBUG  ]     P8 Volume 15m             +0/2 В· Volume fraco (0.3x < 1.2x)
2026-03-25 17:58:53 BRT [DEBUG  ]     P9 OI Crescente           +0/2 В· OI estГЎvel (+1.0% vs mГ©dia, 8.3M)
2026-03-25 17:58:53 BRT [DEBUG  ]     TradeParams SHORT: SL=0.42% | notional=$1196 | alav_margem=34.2x в†’ cap=2x в†’ alav=2.0x | margem=$598.20 вљ пёЏMARGEM $598>35 | risco=$5.00 | ganho=$10.00
2026-03-25 17:58:53 BRT [INFO   ]   рџ“‰ SHORT ASTER: score=6/25 | entry=0.6618 | SL=0.42% | alav=2.0x вњ…
2026-03-25 17:58:53 BRT [INFO   ]   в”Ђ SHORT TRUMP: 15m=60 | 1H=60 | 4H=60
2026-03-25 17:58:53 BRT [DEBUG  ]     find_swing_points: fallback window=3 aplicado (window=5 insuficiente: 6H/6L в†’ 6H/6L)
2026-03-25 17:58:53 BRT [DEBUG  ]     find_swing_points: fallback window=3 aplicado (window=5 insuficiente: 6H/6L в†’ 6H/6L)
2026-03-25 17:58:53 BRT [DEBUG  ]     find_swing_points: fallback window=3 aplicado (window=5 insuficiente: 6H/6L в†’ 6H/6L)
2026-03-25 17:58:53 BRT [DEBUG  ]     find_swing_points: fallback window=3 aplicado (window=5 insuficiente: 7H/5L в†’ 7H/5L)
2026-03-25 17:58:53 BRT [DEBUG  ]   SCORE TRUMP [SHORT]: 12/25 | DQ=100% | klines: 15m=вњ… 1H=вњ… 4H=вњ…
2026-03-25 17:58:53 BRT [DEBUG  ]     Contexto 4H               +0/0 В· SELL (contexto SHORT, nГЈo pontuado)
2026-03-25 17:58:53 BRT [DEBUG  ]     P4 Liquidez 4H            +3/3 в–€в–€в–€ ResistГЄncia 4H 3.3350 (2.49% acima) | OB Bearish 4H (3.1720вЂ“3.2420) | ConfluГЄncia Res+OB Bearish
2026-03-25 17:58:53 BRT [DEBUG  ]     P5 Figuras 4H             +1/2 в–€ Cunha Ascendente (pullback bearish)
2026-03-25 17:58:53 BRT [DEBUG  ]     P6 CHOCH/BOS 4H           +3/3 в–€в–€в–€ CHOCH Bearish 4H (reversГЈo confirmada)
2026-03-25 17:58:53 BRT [DEBUG  ]     P-1H ResistГЄncia 1H       +4/4 в–€в–€в–€в–€ ResistГЄncia 1H em 3.3220 (2.09% acima) | OB Bearish 1H (3.2610вЂ“3.2750)
2026-03-25 17:58:53 BRT [DEBUG  ]     P1 Bollinger 15m          +0/3 В· BB neutro (23%)
2026-03-25 17:58:53 BRT [DEBUG  ]     P2 Candles 15m            +0/4 В· Nenhum
2026-03-25 17:58:53 BRT [DEBUG  ]     P3 Funding Rate           +0/2 В· -0.0229% (neutro)
2026-03-25 17:58:53 BRT [DEBUG  ]     P7 Filtro Pump/Dump       +0/0 В· OK (-0.6%)
2026-03-25 17:58:53 BRT [DEBUG  ]     P8 Volume 15m             +1/2 в–€ Volume adequado (1.4x mГ©dia)
2026-03-25 17:58:53 BRT [DEBUG  ]     P9 OI Crescente           +0/2 В· OI estГЎvel (-6.2% vs mГ©dia, 16.9M)
2026-03-25 17:58:53 BRT [DEBUG  ]     TradeParams SHORT: SL=0.86% | notional=$583 | alav_margem=16.7x в†’ cap=2x в†’ alav=2.0x | margem=$291.46 вљ пёЏMARGEM $291>35 | risco=$5.00 | ganho=$10.00
2026-03-25 17:58:53 BRT [INFO   ]   рџ“‰ SHORT TRUMP: score=12/25 | entry=3.2540 | SL=0.86% | alav=2.0x вњ…
2026-03-25 17:58:53 BRT [INFO   ]   в”Ђ SHORT NEAR: 15m=60 | 1H=60 | 4H=60
2026-03-25 17:58:53 BRT [DEBUG  ]   SCORE NEAR [SHORT]: 11/25 | DQ=100% | klines: 15m=вњ… 1H=вњ… 4H=вњ…
2026-03-25 17:58:53 BRT [DEBUG  ]     Contexto 4H               +0/0 В· SELL (contexto SHORT, nГЈo pontuado)
2026-03-25 17:58:53 BRT [DEBUG  ]     P4 Liquidez 4H            +1/3 в–€ OB Bearish 4H (1.2638вЂ“1.3004)
2026-03-25 17:58:53 BRT [DEBUG  ]     P5 Figuras 4H             +1/2 в–€ Cunha Ascendente (pullback bearish)
2026-03-25 17:58:53 BRT [DEBUG  ]     P6 CHOCH/BOS 4H           +3/3 в–€в–€в–€ CHOCH Bearish 4H (reversГЈo confirmada)
2026-03-25 17:58:53 BRT [DEBUG  ]     P-1H ResistГЄncia 1H       +4/4 в–€в–€в–€в–€ ResistГЄncia 1H em 1.3041 (2.41% acima) | OB Bearish 1H (1.2928вЂ“1.2996)
2026-03-25 17:58:53 BRT [DEBUG  ]     P1 Bollinger 15m          +0/3 В· BB neutro (22%)
2026-03-25 17:58:53 BRT [DEBUG  ]     P2 Candles 15m            +0/4 В· Nenhum
2026-03-25 17:58:53 BRT [DEBUG  ]     P3 Funding Rate           +0/2 В· -0.0198% (neutro)
2026-03-25 17:58:53 BRT [DEBUG  ]     P7 Filtro Pump/Dump       +0/0 В· OK (-2.0%)
2026-03-25 17:58:53 BRT [DEBUG  ]     P8 Volume 15m             +2/2 в–€в–€ Volume forte (2.6x mГ©dia)
2026-03-25 17:58:53 BRT [DEBUG  ]     P9 OI Crescente           +0/2 В· OI estГЎvel (+0.1% vs mГ©dia, 13.4M)
2026-03-25 17:58:53 BRT [DEBUG  ]     TradeParams SHORT: SL=0.79% | notional=$637 | alav_margem=18.2x в†’ cap=2x в†’ alav=2.0x | margem=$318.34 вљ пёЏMARGEM $318>35 | risco=$5.00 | ganho=$10.00
2026-03-25 17:58:53 BRT [INFO   ]   рџ“‰ SHORT NEAR: score=11/25 | entry=1.2734 | SL=0.79% | alav=2.0x вњ…
2026-03-25 17:58:53 BRT [INFO   ]   в”Ђ SHORT RIVER: 15m=60 | 1H=60 | 4H=60
2026-03-25 17:58:53 BRT [DEBUG  ]     find_swing_points: fallback window=3 aplicado (window=5 insuficiente: 5H/6L в†’ 5H/6L)
2026-03-25 17:58:53 BRT [DEBUG  ]     find_swing_points: fallback window=3 aplicado (window=5 insuficiente: 5H/6L в†’ 5H/6L)
2026-03-25 17:58:53 BRT [DEBUG  ]     find_swing_points: fallback window=3 aplicado (window=5 insuficiente: 5H/6L в†’ 5H/6L)
2026-03-25 17:58:53 BRT [DEBUG  ]     find_swing_points: fallback window=3 aplicado (window=5 insuficiente: 3H/5L в†’ 3H/5L)
2026-03-25 17:58:53 BRT [DEBUG  ]   SCORE RIVER [SHORT]: 3/25 | DQ=100% | klines: 15m=вњ… 1H=вњ… 4H=вњ…
2026-03-25 17:58:53 BRT [DEBUG  ]     Contexto 4H               +0/0 В· SELL (contexto SHORT, nГЈo pontuado)
2026-03-25 17:58:53 BRT [DEBUG  ]     P4 Liquidez 4H            +1/3 в–€ OB Bearish 4H (21.4020вЂ“23.0170)
2026-03-25 17:58:53 BRT [DEBUG  ]     P5 Figuras 4H             +0/2 В· Sem figuras bearish claras no 4H
2026-03-25 17:58:53 BRT [DEBUG  ]     P6 CHOCH/BOS 4H           +0/3 В· Sem estrutura bearish no 4H
2026-03-25 17:58:53 BRT [DEBUG  ]     P-1H ResistГЄncia 1H       +2/4 в–€в–€ OB Bearish 1H (20.9620вЂ“22.2820)
2026-03-25 17:58:53 BRT [DEBUG  ]     P1 Bollinger 15m          +1/3 в–€ BB alta (78%)
2026-03-25 17:58:53 BRT [DEBUG  ]     P2 Candles 15m            +0/4 В· Nenhum
2026-03-25 17:58:53 BRT [DEBUG  ]     P3 Funding Rate           -1/2 в–’ -1.5000% (shorts dominando вЂ” desfavorГЎvel para short)
2026-03-25 17:58:53 BRT [DEBUG  ]     P7 Filtro Pump/Dump       +0/0 В· OK (-5.5%)
2026-03-25 17:58:53 BRT [DEBUG  ]     P8 Volume 15m             +0/2 В· Volume fraco (0.8x < 1.2x)
2026-03-25 17:58:53 BRT [DEBUG  ]     P9 OI Crescente           +0/2 В· OI estГЎvel (+1.6% vs mГ©dia, 18.7M)
2026-03-25 17:58:53 BRT [DEBUG  ]     TradeParams SHORT: SL=3.09% | notional=$162 | alav_margem=4.6x в†’ cap=2x в†’ alav=2.0x | margem=$80.81 вљ пёЏMARGEM $81>35 | risco=$5.00 | ganho=$10.00
2026-03-25 17:58:53 BRT [INFO   ]   рџ“‰ SHORT RIVER: score=3/25 | entry=21.6890 | SL=3.09% | alav=2.0x вњ…
2026-03-25 17:58:53 BRT [INFO   ]   в”Ђ SHORT ATOM: 15m=60 | 1H=60 | 4H=60
2026-03-25 17:58:53 BRT [DEBUG  ]     find_swing_points: fallback window=3 aplicado (window=5 insuficiente: 5H/3L в†’ 5H/3L)
2026-03-25 17:58:53 BRT [DEBUG  ]     find_swing_points: fallback window=3 aplicado (window=5 insuficiente: 5H/3L в†’ 5H/3L)
2026-03-25 17:58:53 BRT [DEBUG  ]     find_swing_points: fallback window=3 aplicado (window=5 insuficiente: 5H/3L в†’ 5H/3L)
2026-03-25 17:58:53 BRT [DEBUG  ]   SCORE ATOM [SHORT]: 5/25 | DQ=100% | klines: 15m=вњ… 1H=вњ… 4H=вњ…
2026-03-25 17:58:53 BRT [DEBUG  ]     Contexto 4H               +0/0 В· SELL (contexto SHORT, nГЈo pontuado)
2026-03-25 17:58:53 BRT [DEBUG  ]     P4 Liquidez 4H            +3/3 в–€в–€в–€ ResistГЄncia 4H 1.8049 (2.43% acima) | OB Bearish 4H (1.7583вЂ“1.8145) | ConfluГЄncia Res+OB Bearish
2026-03-25 17:58:53 BRT [DEBUG  ]     P5 Figuras 4H             +0/2 В· Sem figuras bearish claras no 4H
2026-03-25 17:58:53 BRT [DEBUG  ]     P6 CHOCH/BOS 4H           +0/3 В· Sem estrutura bearish no 4H
2026-03-25 17:58:53 BRT [DEBUG  ]     P-1H ResistГЄncia 1H       +2/4 в–€в–€ ResistГЄncia 1H em 1.7944 (1.84% acima)
2026-03-25 17:58:53 BRT [DEBUG  ]     P1 Bollinger 15m          +0/3 В· BB neutro (18%)
2026-03-25 17:58:53 BRT [DEBUG  ]     P2 Candles 15m            +0/4 В· Nenhum
2026-03-25 17:58:53 BRT [DEBUG  ]     P3 Funding Rate           +0/2 В· -0.0092% (neutro)
2026-03-25 17:58:53 BRT [DEBUG  ]     P7 Filtro Pump/Dump       +0/0 В· OK (-0.8%)
2026-03-25 17:58:53 BRT [DEBUG  ]     P8 Volume 15m             +0/2 В· Volume fraco (0.7x < 1.2x)
2026-03-25 17:58:53 BRT [DEBUG  ]     P9 OI Crescente           +0/2 В· OI estГЎvel (-0.8% vs mГ©dia, 6.8M)
2026-03-25 17:58:53 BRT [DEBUG  ]     TradeParams SHORT: SL=0.47% | notional=$1070 | alav_margem=30.6x в†’ cap=2x в†’ alav=2.0x | margem=$534.85 вљ пёЏMARGEM $535>35 | risco=$5.00 | ganho=$10.00
2026-03-25 17:58:53 BRT [INFO   ]   рџ“‰ SHORT ATOM: score=5/25 | entry=1.7620 | SL=0.47% | alav=2.0x вњ…
2026-03-25 17:58:53 BRT [INFO   ]   в”Ђ SHORT ICP: 15m=60 | 1H=60 | 4H=60
2026-03-25 17:58:53 BRT [DEBUG  ]   SCORE ICP [SHORT]: 11/25 | DQ=100% | klines: 15m=вњ… 1H=вњ… 4H=вњ…
2026-03-25 17:58:53 BRT [DEBUG  ]     Contexto 4H               +0/0 В· SELL (contexto SHORT, nГЈo pontuado)
2026-03-25 17:58:53 BRT [DEBUG  ]     P4 Liquidez 4H            +3/3 в–€в–€в–€ ResistГЄncia 4H 2.4430 (2.13% acima) | OB Bearish 4H (2.3430вЂ“2.3910) | ConfluГЄncia Res+OB Bearish
2026-03-25 17:58:53 BRT [DEBUG  ]     P5 Figuras 4H             +1/2 в–€ Cunha Ascendente (pullback bearish)
2026-03-25 17:58:53 BRT [DEBUG  ]     P6 CHOCH/BOS 4H           +3/3 в–€в–€в–€ CHOCH Bearish 4H (reversГЈo confirmada)
2026-03-25 17:58:53 BRT [DEBUG  ]     P-1H ResistГЄncia 1H       +4/4 в–€в–€в–€в–€ ResistГЄncia 1H em 2.4190 (1.13% acima) | OB Bearish 1H (2.4110вЂ“2.4280)
2026-03-25 17:58:53 BRT [DEBUG  ]     P1 Bollinger 15m          +0/3 В· BB neutro (25%)
2026-03-25 17:58:53 BRT [DEBUG  ]     P2 Candles 15m            +0/4 В· Nenhum
2026-03-25 17:58:53 BRT [DEBUG  ]     P3 Funding Rate           +0/2 В· -0.0068% (neutro)
2026-03-25 17:58:53 BRT [DEBUG  ]     P7 Filtro Pump/Dump       +0/0 В· OK (-0.7%)
2026-03-25 17:58:53 BRT [DEBUG  ]     P8 Volume 15m             +0/2 В· Volume fraco (0.2x < 1.2x)
2026-03-25 17:58:53 BRT [DEBUG  ]     P9 OI Crescente           +0/2 В· OI estГЎvel (-1.6% vs mГ©dia, 7.2M)
2026-03-25 17:58:53 BRT [DEBUG  ]     TradeParams SHORT: SL=0.72% | notional=$692 | alav_margem=19.8x в†’ cap=2x в†’ alav=2.0x | margem=$346.09 вљ пёЏMARGEM $346>35 | risco=$5.00 | ganho=$10.00
2026-03-25 17:58:53 BRT [INFO   ]   рџ“‰ SHORT ICP: score=11/25 | entry=2.3920 | SL=0.72% | alav=2.0x вњ…
2026-03-25 17:58:53 BRT [INFO   ] 
в”Ђв”Ђв”Ђв”Ђв”Ђв”Ђв”Ђв”Ђв”Ђв”Ђв”Ђв”Ђв”Ђв”Ђв”Ђв”Ђв”Ђв”Ђв”Ђв”Ђв”Ђв”Ђв”Ђв”Ђв”Ђв”Ђв”Ђв”Ђв”Ђв”Ђв”Ђв”Ђв”Ђв”Ђв”Ђв”Ђв”Ђв”Ђв”Ђв”Ђв”Ђв”Ђв”Ђв”Ђв”Ђв”Ђв”Ђв”Ђв”Ђв”Ђв”Ђв”Ђв”Ђв”Ђв”Ђ
2026-03-25 17:58:53 BRT [INFO   ]   ETAPA 4b вЂ” AnГЎlise leve LONG + SHORT (sem klines) [v6.3.0 A8]
2026-03-25 17:58:53 BRT [INFO   ] в”Ђв”Ђв”Ђв”Ђв”Ђв”Ђв”Ђв”Ђв”Ђв”Ђв”Ђв”Ђв”Ђв”Ђв”Ђв”Ђв”Ђв”Ђв”Ђв”Ђв”Ђв”Ђв”Ђв”Ђв”Ђв”Ђв”Ђв”Ђв”Ђв”Ђв”Ђв”Ђв”Ђв”Ђв”Ђв”Ђв”Ђв”Ђв”Ђв”Ђв”Ђв”Ђв”Ђв”Ђв”Ђв”Ђв”Ђв”Ђв”Ђв”Ђв”Ђв”Ђв”Ђв”Ђв”Ђ
2026-03-25 17:58:53 BRT [INFO   ] 
в”Ђв”Ђв”Ђв”Ђв”Ђв”Ђв”Ђв”Ђв”Ђв”Ђв”Ђв”Ђв”Ђв”Ђв”Ђв”Ђв”Ђв”Ђв”Ђв”Ђв”Ђв”Ђв”Ђв”Ђв”Ђв”Ђв”Ђв”Ђв”Ђв”Ђв”Ђв”Ђв”Ђв”Ђв”Ђв”Ђв”Ђв”Ђв”Ђв”Ђв”Ђв”Ђв”Ђв”Ђв”Ђв”Ђв”Ђв”Ђв”Ђв”Ђв”Ђв”Ђв”Ђв”Ђв”Ђ
2026-03-25 17:58:53 BRT [INFO   ]   ETAPA 5 вЂ” Contexto de Mercado e RelatГіrio Bidirecional
2026-03-25 17:58:53 BRT [INFO   ] в”Ђв”Ђв”Ђв”Ђв”Ђв”Ђв”Ђв”Ђв”Ђв”Ђв”Ђв”Ђв”Ђв”Ђв”Ђв”Ђв”Ђв”Ђв”Ђв”Ђв”Ђв”Ђв”Ђв”Ђв”Ђв”Ђв”Ђв”Ђв”Ђв”Ђв”Ђв”Ђв”Ђв”Ђв”Ђв”Ђв”Ђв”Ђв”Ђв”Ђв”Ђв”Ђв”Ђв”Ђв”Ђв”Ђв”Ђв”Ђв”Ђв”Ђв”Ђв”Ђв”Ђв”Ђв”Ђ
2026-03-25 17:58:53 BRT [INFO   ]   рџ“љ  Score history: 38 tokens rastreados
2026-03-25 17:58:53 BRT [DEBUG  ]   Contexto: FGI=14 | BTC=NEUTRAL | LONG=CAUTELOSO (Medo Extremo)(thr=20) | SHORT=MODERADO (Medo Extremo вЂ” mercado bearish)(thr=16) | risk_score=0
2026-03-25 17:58:53 BRT [INFO   ]   BTC 4H: NEUTRAL | Thr LONG: 20 (CAUTELOSO (Medo Extremo)) | Thr SHORT: 16 (MODERADO (Medo Extremo вЂ” mercado bearish))
2026-03-25 17:58:53 BRT [INFO   ]   Results LONG: 10 | SHORT: 12 | Obs LONG: 0 | Obs SHORT: 0
2026-03-25 17:58:53 BRT [INFO   ] 
в”Ђв”Ђв”Ђв”Ђв”Ђв”Ђв”Ђв”Ђв”Ђв”Ђв”Ђв”Ђв”Ђв”Ђв”Ђв”Ђв”Ђв”Ђв”Ђв”Ђв”Ђв”Ђв”Ђв”Ђв”Ђв”Ђв”Ђв”Ђв”Ђв”Ђв”Ђв”Ђв”Ђв”Ђв”Ђв”Ђв”Ђв”Ђв”Ђв”Ђв”Ђв”Ђв”Ђв”Ђв”Ђв”Ђв”Ђв”Ђв”Ђв”Ђв”Ђв”Ђв”Ђв”Ђв”Ђ
2026-03-25 17:58:53 BRT [INFO   ]   ETAPA 6 вЂ” NotificaГ§Гµes Telegram
2026-03-25 17:58:53 BRT [INFO   ] в”Ђв”Ђв”Ђв”Ђв”Ђв”Ђв”Ђв”Ђв”Ђв”Ђв”Ђв”Ђв”Ђв”Ђв”Ђв”Ђв”Ђв”Ђв”Ђв”Ђв”Ђв”Ђв”Ђв”Ђв”Ђв”Ђв”Ђв”Ђв”Ђв”Ђв”Ђв”Ђв”Ђв”Ђв”Ђв”Ђв”Ђв”Ђв”Ђв”Ђв”Ђв”Ђв”Ђв”Ђв”Ђв”Ђв”Ђв”Ђв”Ђв”Ђв”Ђв”Ђв”Ђв”Ђв”Ђ
2026-03-25 17:58:54 BRT [INFO   ]   рџ“І  Telegram heartbeat: enviado вњ…
2026-03-25 17:58:55 BRT [INFO   ]   рџ“І  Telegram QUASE SHORT TRUMP: enviado вњ…
2026-03-25 17:58:55 BRT [INFO   ]   рџ“І  Telegram: 2/2 mensagens enviadas (1 heartbeat + 1 QUASE + 0 call)
2026-03-25 17:58:55 BRT [INFO   ] ==========================================================
рџЋЇ SETUP ATIRADOR v6.6.2
рџ“… 25/03/2026 17:58 BRT
рџ“‹ Log: atirador_LOG_20260325_1757.log
==========================================================
рџ“Љ CONTEXTO DE MERCADO
   Fear & Greed: 14 | BTC 4H: NEUTRAL
   LONG:  CAUTELOSO (Medo Extremo) | Threshold: 20 pts
   SHORT: MODERADO (Medo Extremo вЂ” mercado bearish) | Threshold: 16 pts
   Risk Score: 0
==========================================================

рџ’ј GESTГѓO DE RISCO вЂ” Sizing Risk-First [v6.6.2]
   Banca: $100.00 | Risco fixo/trade: $5.00 | Perda mГЎx/dia: $10.00
   Margem mГЎx/trade: $35 | MГЎx exposiГ§ГЈo simultГўnea: $70
   Ganho/trade (RR1:2): $10.00 | Para dobrar banca: ~10 winners
   P&L hoje: $+0.00 | Trades abertos: 0/2
   вњ… Pode operar вЂ” 2 slot(s) disponГ­vel(is)

рџ”Ќ PIPELINE
   Fonte de dados: OKX (perpetuals USDT)
   Universo: 301 tokens | Qualificados: 40
   Gate 4H: LONG=26 | SHORT=13
   Gate 1H: LONG=10 | SHORT=12
   AnГЎlise completa: LONG=10 | SHORT=12 | Obs: LONG=0 SHORT=0
   вњ…  Candle 15m fechado (833s apГіs fechamento, Гєltimo: 17:45:00 BRT)

в”Ђв”Ђв”Ђв”Ђв”Ђв”Ђв”Ђв”Ђв”Ђв”Ђв”Ђв”Ђв”Ђв”Ђв”Ђв”Ђв”Ђв”Ђв”Ђв”Ђв”Ђв”Ђв”Ђв”Ђв”Ђв”Ђв”Ђв”Ђв”Ђв”Ђв”Ђв”Ђв”Ђв”Ђв”Ђв”Ђв”Ђв”Ђв”Ђв”Ђв”Ђв”Ђв”Ђв”Ђв”Ђв”Ђв”Ђв”Ђв”Ђв”Ђв”Ђв”Ђв”Ђв”Ђв”Ђв”Ђв”Ђв”Ђ
рџ“€ OPERAГ‡Г•ES LONG
в”Ђв”Ђв”Ђв”Ђв”Ђв”Ђв”Ђв”Ђв”Ђв”Ђв”Ђв”Ђв”Ђв”Ђв”Ђв”Ђв”Ђв”Ђв”Ђв”Ђв”Ђв”Ђв”Ђв”Ђв”Ђв”Ђв”Ђв”Ђв”Ђв”Ђв”Ђв”Ђв”Ђв”Ђв”Ђв”Ђв”Ђв”Ђв”Ђв”Ђв”Ђв”Ђв”Ђв”Ђв”Ђв”Ђв”Ђв”Ђв”Ђв”Ђв”Ђв”Ђв”Ђв”Ђв”Ђв”Ђв”Ђв”Ђ
в„№пёЏ  Nenhum alerta LONG forte (score в‰Ґ 20) no momento.
   Score mГЎximo: 9/25 (faltam 11 pts)

рџ”Ћ RADAR LONG вЂ” Score 5вЂ“13:
   вљ пёЏ  NГЈo operar вЂ” insuficiente. Monitorar.
   В· FIL | 9/25 | BUY 4H
   В· SUI | 8/25 | BUY 4H
   В· XPL | 7/25 | BUY 4H
   В· ONDO | 6/25 | BUY 4H
   В· PUMP | 5/25 | NEUTRAL 4H

в”Ђв”Ђв”Ђв”Ђв”Ђв”Ђв”Ђв”Ђв”Ђв”Ђв”Ђв”Ђв”Ђв”Ђв”Ђв”Ђв”Ђв”Ђв”Ђв”Ђв”Ђв”Ђв”Ђв”Ђв”Ђв”Ђв”Ђв”Ђв”Ђв”Ђв”Ђв”Ђв”Ђв”Ђв”Ђв”Ђв”Ђв”Ђв”Ђв”Ђв”Ђв”Ђв”Ђв”Ђв”Ђв”Ђв”Ђв”Ђв”Ђв”Ђв”Ђв”Ђв”Ђв”Ђв”Ђв”Ђв”Ђв”Ђ
рџ“‰ OPERAГ‡Г•ES SHORT
в”Ђв”Ђв”Ђв”Ђв”Ђв”Ђв”Ђв”Ђв”Ђв”Ђв”Ђв”Ђв”Ђв”Ђв”Ђв”Ђв”Ђв”Ђв”Ђв”Ђв”Ђв”Ђв”Ђв”Ђв”Ђв”Ђв”Ђв”Ђв”Ђв”Ђв”Ђв”Ђв”Ђв”Ђв”Ђв”Ђв”Ђв”Ђв”Ђв”Ђв”Ђв”Ђв”Ђв”Ђв”Ђв”Ђв”Ђв”Ђв”Ђв”Ђв”Ђв”Ђв”Ђв”Ђв”Ђв”Ђв”Ђв”Ђ
в„№пёЏ  Nenhum alerta SHORT forte (score в‰Ґ 16) no momento.
   Score mГЎximo SHORT: 12/25 (faltam 4 pts)

рџ”Ћ RADAR SHORT вЂ” Score 5вЂ“15:
   вљ пёЏ  NГЈo operar вЂ” insuficiente. Monitorar.
   В· TRUMP | 12/25 | SELL 4H
   В· NEAR | 11/25 | SELL 4H
   В· ICP | 11/25 | SELL 4H
   В· WLD | 10/25 | SELL 4H
   В· XRP | 9/25 | SELL 4H

----------------------------------------------------------
вЏ±пёЏ  ExecuГ§ГЈo: 81.7s | Analisados: 301 tokens
рџ“Ѓ Estado diГЎrio: /tmp/atirador_state.json
рџ“‹ Log completo: /tmp/atirador_logs/atirador_LOG_20260325_1757.log

2026-03-25 17:58:55 BRT [INFO   ] вњ… Scan v6.6.2 concluГ­do em 81.7s | Fonte: OKX | Log: /tmp/atirador_logs/atirador_LOG_20260325_1757.log
