2026-03-28 02:23:51 BRT [INFO   ] 📋 Log iniciado: /tmp/atirador_logs/atirador_LOG_20260328_0223.log
2026-03-28 02:23:51 BRT [INFO   ] 
🔍 ANÁLISE INDIVIDUAL — HBARUSDT
2026-03-28 02:23:51 BRT [INFO   ] =======================================================
2026-03-28 02:23:51 BRT [INFO   ]   1/4 — FGI + OKX ticker + TradingView 4H...
2026-03-28 02:23:51 BRT [DEBUG  ]   Buscando Fear & Greed Index...
2026-03-28 02:23:51 BRT [DEBUG  ]   TV batch: 2 tokens (.P perpétuo) | cols: ['Recommend.All|240', 'RSI|240']
2026-03-28 02:23:51 BRT [DEBUG  ]   ✅  TV batch BYBIT: 2/2 retornados | 0.12s
2026-03-28 02:23:51 BRT [DEBUG  ]   GET https://api.alternative.me/fng/?limit=1
2026-03-28 02:23:51 BRT [DEBUG  ]       → HTTP 200 | 0.2KB | enc:gzip | 0.21s
2026-03-28 02:23:51 BRT [INFO   ]   📊 Fear & Greed: 12 (Extreme Fear)
2026-03-28 02:23:52 BRT [INFO   ]   4H: SELL (RSI=35.8)
2026-03-28 02:23:52 BRT [DEBUG  ]   Contexto: FGI=12 | BTC=SELL | LONG=CAUTELOSO (Medo Extremo)(thr=20) | SHORT=FAVORÁVEL (Pânico + BTC SELL)(thr=14) | risk_score=-2
2026-03-28 02:23:52 BRT [INFO   ]   Mercado: FGI=12 | BTC=SELL | thr_L=20 | thr_S=14
2026-03-28 02:23:52 BRT [INFO   ]   2/4 — TradingView 1H + 15m...
2026-03-28 02:23:52 BRT [DEBUG  ]   TV batch: 1 tokens (.P perpétuo) | cols: ['Recommend.All|60']
2026-03-28 02:23:52 BRT [DEBUG  ]   TV batch: 1 tokens (.P perpétuo) | cols: ['BB.upper|15', 'BB.lower|15', 'ATR|15']
2026-03-28 02:23:52 BRT [DEBUG  ]   TV batch: 1 tokens (.P perpétuo) | cols: ['Candle.Engulfing.Bullish|15', 'Candle.Hammer|15', 'Candle.MorningStar|15', 'Candle.3WhiteSoldiers|15', 'Candle.Harami.Bullish|15', 'Candle.Doji.Dragonfly|15', 'Candle.Engulfing.Bearish|15', 'Candle.ShootingStar|15', 'Candle.EveningStar|15', 'Candle.3BlackCrows|15', 'Candle.Harami.Bearish|15']
2026-03-28 02:23:52 BRT [DEBUG  ]   ✅  TV batch BYBIT: 1/1 retornados | 0.03s
2026-03-28 02:23:52 BRT [DEBUG  ]   ✅  TV batch BYBIT: 1/1 retornados | 0.05s
2026-03-28 02:23:52 BRT [DEBUG  ]   ✅  TV batch BYBIT: 1/1 retornados | 0.05s
2026-03-28 02:23:52 BRT [INFO   ]   1H: SELL
2026-03-28 02:23:52 BRT [INFO   ]   15m: ATR=0.000212 | BB [0.0884 – 0.0891]
2026-03-28 02:23:52 BRT [INFO   ]   3/4 — Klines 15m / 1H / 4H...
2026-03-28 02:23:52 BRT [DEBUG  ]   📡  Cache MISS HBARUSDT 1H: arquivo não existe — buscando
2026-03-28 02:23:52 BRT [DEBUG  ]   📡  Cache MISS HBARUSDT 4H: arquivo não existe — buscando
2026-03-28 02:23:52 BRT [DEBUG  ]   GET https://api.bitget.com/api/v2/mix/market/candles?productType=USDT-FUTURES&symbol...
2026-03-28 02:23:52 BRT [DEBUG  ]       → HTTP 200 | 4.7KB | enc:gzip | 0.34s
2026-03-28 02:23:52 BRT [DEBUG  ]   ✅  Klines HBARUSDT 15m: 60 candles | 03/28 02:15 → 03/27 11:30
2026-03-28 02:23:52 BRT [DEBUG  ]   GET https://api.bitget.com/api/v2/mix/market/candles?productType=USDT-FUTURES&symbol...
2026-03-28 02:23:52 BRT [DEBUG  ]       → HTTP 200 | 4.9KB | enc:gzip | 0.34s
2026-03-28 02:23:52 BRT [DEBUG  ]   ✅  Klines HBARUSDT 4H: 60 candles | 03/28 01:00 → 03/18 05:00
2026-03-28 02:23:52 BRT [DEBUG  ]   💾  Cache GRAVADO HBARUSDT 4H: 60 candles
2026-03-28 02:23:52 BRT [DEBUG  ]   GET https://api.bitget.com/api/v2/mix/market/candles?productType=USDT-FUTURES&symbol...
2026-03-28 02:23:52 BRT [DEBUG  ]       → HTTP 200 | 4.9KB | enc:gzip | 0.34s
2026-03-28 02:23:52 BRT [DEBUG  ]   ✅  Klines HBARUSDT 1H: 60 candles | 03/28 02:00 → 03/25 15:00
2026-03-28 02:23:52 BRT [DEBUG  ]   💾  Cache GRAVADO HBARUSDT 1H: 60 candles
2026-03-28 02:23:52 BRT [INFO   ]   Klines: 15m=60 | 1H=60 | 4H=60
2026-03-28 02:23:52 BRT [INFO   ]   4/4 — Score forçado (LONG + SHORT)...
2026-03-28 02:23:52 BRT [DEBUG  ]     find_swing_points: fallback window=3 aplicado (window=5 insuficiente: 7H/6L → 7H/6L)
2026-03-28 02:23:52 BRT [DEBUG  ]     find_swing_points: fallback window=3 aplicado (window=5 insuficiente: 7H/6L → 7H/6L)
2026-03-28 02:23:52 BRT [INFO   ]   LONG:  10/25 (thr≥20) | gate4H=❌ | gate1H=❌ | dq=100%
2026-03-28 02:23:52 BRT [INFO   ]   SHORT: 11/25 (thr≥14) | gate4H=✅ | gate1H=✅ | dq=100%
2026-03-28 02:23:52 BRT [DEBUG  ]     TradeParams LONG: SL=0.36% | notional=$1401 | alav_margem=40.0x → cap=2x → alav=2.0x | margem=$700.54 ⚠️MARGEM $701>35 | risco=$5.00 | ganho=$10.00
2026-03-28 02:23:52 BRT [DEBUG  ]     TradeParams SHORT: SL=0.36% | notional=$1401 | alav_margem=40.0x → cap=2x → alav=2.0x | margem=$700.54 ⚠️MARGEM $701>35 | risco=$5.00 | ganho=$10.00
2026-03-28 02:23:52 BRT [INFO   ] 
=======================================================
2026-03-28 02:23:52 BRT [INFO   ]   LONG 10/25 (thr≥20) | SHORT 11/25 (thr≥14)
2026-03-28 02:23:52 BRT [INFO   ]   Mensagem: 3194 chars | 0.7s
2026-03-28 02:23:52 BRT [INFO   ] =======================================================
2026-03-28 02:23:52 BRT [INFO   ]   ✅ Telegram enviado
