2026-03-27 20:56:24 BRT [INFO   ] 📋 Log iniciado: /tmp/atirador_logs/atirador_LOG_20260327_2056.log
2026-03-27 20:56:24 BRT [INFO   ] 🚀 Setup Atirador v6.6.2 | Arquitetura 3 Camadas (LONG+SHORT) | Iniciando scan...
2026-03-27 20:56:24 BRT [INFO   ] 
───────────────────────────────────────────────────────
2026-03-27 20:56:24 BRT [INFO   ]   ETAPA 1 — Tickers (Bybit/Bitget) + Fear & Greed
2026-03-27 20:56:24 BRT [INFO   ] ───────────────────────────────────────────────────────
2026-03-27 20:56:24 BRT [INFO   ] 📡 [v6.6.2] Iniciando busca de tickers — hierarquia OKX → Gate.io → Bitget
2026-03-27 20:56:24 BRT [INFO   ]    Filtros: vol≥$2.0M | OI≥$5M | timeout=8s/fonte
2026-03-27 20:56:24 BRT [INFO   ]    [Nota] Fonte ideal seria CoinGlass API (pago ~$35/mês) — ver docstring
2026-03-27 20:56:24 BRT [INFO   ]   📡  [OKX] Tentando com tickers + OI real...
2026-03-27 20:56:24 BRT [DEBUG  ]   📡  [OKX] Buscando tickers...
2026-03-27 20:56:24 BRT [DEBUG  ]      ✅ Tickers: 301 itens em 0.44s
2026-03-27 20:56:24 BRT [DEBUG  ]   📡  [OKX] Buscando Open Interest...
2026-03-27 20:56:24 BRT [DEBUG  ]      ✅ OI: 301 itens em 0.73s
2026-03-27 20:56:24 BRT [DEBUG  ]   📡  [OKX] Buscando Funding Rates reais...
2026-03-27 20:57:44 BRT [DEBUG  ]   📡  [OKX FR] Funding rates obtidos: 282/282 | erros: 0
2026-03-27 20:57:44 BRT [DEBUG  ]      ✅ FR: 282 tokens com funding rate em 80.48s
2026-03-27 20:57:44 BRT [DEBUG  ]      ✅ Mesclados: 301/301 com OI real em 80.48s
2026-03-27 20:57:44 BRT [INFO   ]   ✅  [OKX] Fonte ativa (com OI real) | 301 brutos → 36 qualificados
2026-03-27 20:57:44 BRT [INFO   ]   Fonte de dados: OKX | Universo: 301 brutos → 36 qualificados
2026-03-27 20:57:44 BRT [INFO   ]   Analisando todos os 36 tokens qualificados: ['PEPE', 'SHIB', 'PUMP', 'DOGE', 'PIPPIN', 'WLFI', 'ONDO', 'WLD', 'ADA', 'BEAT']...
2026-03-27 20:57:44 BRT [DEBUG  ]   TV batch: 36 tokens (.P perpétuo) | cols: ['Recommend.All|240', 'RSI|240']
2026-03-27 20:57:44 BRT [DEBUG  ]   Buscando Fear & Greed Index...
2026-03-27 20:57:44 BRT [DEBUG  ]   ✅  TV batch BYBIT: 33/36 retornados | 0.13s
2026-03-27 20:57:44 BRT [WARNING]   ⚠️  TV BYBIT: 3 sem retorno: ['PEPEUSDT', 'SHIBUSDT', 'PUMPUSDT']
2026-03-27 20:57:44 BRT [INFO   ]   🔄  [v5.1] Tentando prefixo BITGET: para 3 tokens sem dados...
2026-03-27 20:57:44 BRT [INFO   ]   ✅  TV BITGET: recuperados 3: ['PEPEUSDT', 'SHIBUSDT', 'PUMPUSDT'] | 0.04s
2026-03-27 20:57:44 BRT [DEBUG  ]   GET https://api.alternative.me/fng/?limit=1
2026-03-27 20:57:44 BRT [DEBUG  ]       → HTTP 200 | 0.2KB | enc:gzip | 0.18s
2026-03-27 20:57:44 BRT [INFO   ]   📊 Fear & Greed: 13 (Extreme Fear)
2026-03-27 20:57:44 BRT [INFO   ] 
───────────────────────────────────────────────────────
2026-03-27 20:57:44 BRT [INFO   ]   GATE 1 — Direção 4H (LONG: não SELL | SHORT: não BUY)
2026-03-27 20:57:44 BRT [INFO   ] ───────────────────────────────────────────────────────
2026-03-27 20:57:44 BRT [DEBUG  ]   ❌  PEPE     4H=SELL (val=-0.3545) RSI=35.2 — LONG REJEITADO
2026-03-27 20:57:44 BRT [DEBUG  ]   📉  PEPE     4H=SELL (val=-0.3545) RSI=35.2 — SHORT CANDIDATO
2026-03-27 20:57:44 BRT [DEBUG  ]   ❌  SHIB     4H=SELL (val=-0.3091) RSI=36.1 — LONG REJEITADO
2026-03-27 20:57:44 BRT [DEBUG  ]   📉  SHIB     4H=SELL (val=-0.3091) RSI=36.1 — SHORT CANDIDATO
2026-03-27 20:57:44 BRT [DEBUG  ]   ❌  PUMP     4H=SELL (val=-0.3545) RSI=34.6 — LONG REJEITADO
2026-03-27 20:57:44 BRT [DEBUG  ]   📉  PUMP     4H=SELL (val=-0.3545) RSI=34.6 — SHORT CANDIDATO
2026-03-27 20:57:44 BRT [DEBUG  ]   ❌  DOGE     4H=SELL (val=-0.4000) RSI=36.8 — LONG REJEITADO
2026-03-27 20:57:44 BRT [DEBUG  ]   📉  DOGE     4H=SELL (val=-0.4000) RSI=36.8 — SHORT CANDIDATO
2026-03-27 20:57:44 BRT [DEBUG  ]   ❌  PIPPIN   4H=STRONG_SELL (val=-0.5121) RSI=33.7 — LONG REJEITADO
2026-03-27 20:57:44 BRT [DEBUG  ]   📉  PIPPIN   4H=STRONG_SELL (val=-0.5121) RSI=33.7 — SHORT CANDIDATO
2026-03-27 20:57:44 BRT [DEBUG  ]   ❌  WLFI     4H=STRONG_SELL (val=-0.5121) RSI=43.7 — LONG REJEITADO
2026-03-27 20:57:44 BRT [DEBUG  ]   📉  WLFI     4H=STRONG_SELL (val=-0.5121) RSI=43.7 — SHORT CANDIDATO
2026-03-27 20:57:44 BRT [DEBUG  ]   ✅  ONDO     4H=STRONG_BUY (val=0.5576) RSI=54.6 — LONG PASSOU
2026-03-27 20:57:44 BRT [DEBUG  ]   ❌  WLD      4H=STRONG_SELL (val=-0.6485) RSI=16.7 — LONG REJEITADO
2026-03-27 20:57:44 BRT [DEBUG  ]   ⛔  WLD      4H=STRONG_SELL RSI=16.7 — SHORT REJEITADO (RSI<30, exausto)
2026-03-27 20:57:44 BRT [DEBUG  ]   ❌  ADA      4H=SELL (val=-0.3545) RSI=28.5 — LONG REJEITADO
2026-03-27 20:57:44 BRT [DEBUG  ]   ⛔  ADA      4H=SELL RSI=28.5 — SHORT REJEITADO (RSI<30, exausto)
2026-03-27 20:57:44 BRT [DEBUG  ]   ❌  BEAT     4H=SELL (val=-0.3788) RSI=39.3 — LONG REJEITADO
2026-03-27 20:57:44 BRT [DEBUG  ]   📉  BEAT     4H=SELL (val=-0.3788) RSI=39.3 — SHORT CANDIDATO
2026-03-27 20:57:44 BRT [DEBUG  ]   ❌  XRP      4H=SELL (val=-0.3545) RSI=30.9 — LONG REJEITADO
2026-03-27 20:57:44 BRT [DEBUG  ]   📉  XRP      4H=SELL (val=-0.3545) RSI=30.9 — SHORT CANDIDATO
2026-03-27 20:57:44 BRT [DEBUG  ]   ❌  XPL      4H=SELL (val=-0.3091) RSI=35.9 — LONG REJEITADO
2026-03-27 20:57:44 BRT [DEBUG  ]   📉  XPL      4H=SELL (val=-0.3091) RSI=35.9 — SHORT CANDIDATO
2026-03-27 20:57:44 BRT [DEBUG  ]   ❌  OP       4H=SELL (val=-0.4000) RSI=30.9 — LONG REJEITADO
2026-03-27 20:57:44 BRT [DEBUG  ]   📉  OP       4H=SELL (val=-0.4000) RSI=30.9 — SHORT CANDIDATO
2026-03-27 20:57:44 BRT [DEBUG  ]   ❌  CRV      4H=STRONG_SELL (val=-0.5576) RSI=33.5 — LONG REJEITADO
2026-03-27 20:57:44 BRT [DEBUG  ]   📉  CRV      4H=STRONG_SELL (val=-0.5576) RSI=33.5 — SHORT CANDIDATO
2026-03-27 20:57:44 BRT [DEBUG  ]   ❌  HBAR     4H=SELL (val=-0.3091) RSI=33.6 — LONG REJEITADO
2026-03-27 20:57:44 BRT [DEBUG  ]   📉  HBAR     4H=SELL (val=-0.3091) RSI=33.6 — SHORT CANDIDATO
2026-03-27 20:57:44 BRT [DEBUG  ]   ✅  TRX      4H=BUY (val=0.2455) RSI=50.9 — LONG PASSOU
2026-03-27 20:57:44 BRT [DEBUG  ]   ❌  SUI      4H=SELL (val=-0.3091) RSI=32.1 — LONG REJEITADO
2026-03-27 20:57:44 BRT [DEBUG  ]   📉  SUI      4H=SELL (val=-0.3091) RSI=32.1 — SHORT CANDIDATO
2026-03-27 20:57:44 BRT [DEBUG  ]   ❌  FIL      4H=SELL (val=-0.3091) RSI=32.6 — LONG REJEITADO
2026-03-27 20:57:44 BRT [DEBUG  ]   📉  FIL      4H=SELL (val=-0.3091) RSI=32.6 — SHORT CANDIDATO
2026-03-27 20:57:44 BRT [DEBUG  ]   ❌  XLM      4H=SELL (val=-0.1333) RSI=41.9 — LONG REJEITADO
2026-03-27 20:57:44 BRT [DEBUG  ]   📉  XLM      4H=SELL (val=-0.1333) RSI=41.9 — SHORT CANDIDATO
2026-03-27 20:57:44 BRT [DEBUG  ]   ❌  IP       4H=SELL (val=-0.3545) RSI=22.0 — LONG REJEITADO
2026-03-27 20:57:44 BRT [DEBUG  ]   ⛔  IP       4H=SELL RSI=22.0 — SHORT REJEITADO (RSI<30, exausto)
2026-03-27 20:57:44 BRT [DEBUG  ]   ❌  RIVER    4H=SELL (val=-0.4909) RSI=21.9 — LONG REJEITADO
2026-03-27 20:57:44 BRT [DEBUG  ]   ⛔  RIVER    4H=SELL RSI=21.9 — SHORT REJEITADO (RSI<30, exausto)
2026-03-27 20:57:44 BRT [DEBUG  ]   ❌  ASTER    4H=SELL (val=-0.3545) RSI=45.0 — LONG REJEITADO
2026-03-27 20:57:44 BRT [DEBUG  ]   📉  ASTER    4H=SELL (val=-0.3545) RSI=45.0 — SHORT CANDIDATO
2026-03-27 20:57:44 BRT [DEBUG  ]   ❌  DOT      4H=SELL (val=-0.3091) RSI=31.0 — LONG REJEITADO
2026-03-27 20:57:44 BRT [DEBUG  ]   📉  DOT      4H=SELL (val=-0.3091) RSI=31.0 — SHORT CANDIDATO
2026-03-27 20:57:44 BRT [DEBUG  ]   ❌  LIT      4H=SELL (val=-0.4455) RSI=37.6 — LONG REJEITADO
2026-03-27 20:57:44 BRT [DEBUG  ]   📉  LIT      4H=SELL (val=-0.4455) RSI=37.6 — SHORT CANDIDATO
2026-03-27 20:57:44 BRT [DEBUG  ]   ❌  TRUMP    4H=SELL (val=-0.3545) RSI=28.5 — LONG REJEITADO
2026-03-27 20:57:44 BRT [DEBUG  ]   ⛔  TRUMP    4H=SELL RSI=28.5 — SHORT REJEITADO (RSI<30, exausto)
2026-03-27 20:57:44 BRT [DEBUG  ]   ❌  NEAR     4H=SELL (val=-0.3545) RSI=29.1 — LONG REJEITADO
2026-03-27 20:57:44 BRT [DEBUG  ]   ⛔  NEAR     4H=SELL RSI=29.1 — SHORT REJEITADO (RSI<30, exausto)
2026-03-27 20:57:44 BRT [DEBUG  ]   ❌  APT      4H=SELL (val=-0.2424) RSI=38.9 — LONG REJEITADO
2026-03-27 20:57:44 BRT [DEBUG  ]   📉  APT      4H=SELL (val=-0.2424) RSI=38.9 — SHORT CANDIDATO
2026-03-27 20:57:44 BRT [DEBUG  ]   ❌  SOL      4H=SELL (val=-0.2636) RSI=30.6 — LONG REJEITADO
2026-03-27 20:57:44 BRT [DEBUG  ]   📉  SOL      4H=SELL (val=-0.2636) RSI=30.6 — SHORT CANDIDATO
2026-03-27 20:57:44 BRT [DEBUG  ]   ❌  TON      4H=SELL (val=-0.3545) RSI=27.8 — LONG REJEITADO
2026-03-27 20:57:44 BRT [DEBUG  ]   ⛔  TON      4H=SELL RSI=27.8 — SHORT REJEITADO (RSI<30, exausto)
2026-03-27 20:57:44 BRT [DEBUG  ]   ❌  UNI      4H=SELL (val=-0.4000) RSI=29.8 — LONG REJEITADO
2026-03-27 20:57:44 BRT [DEBUG  ]   ⛔  UNI      4H=SELL RSI=29.8 — SHORT REJEITADO (RSI<30, exausto)
2026-03-27 20:57:44 BRT [DEBUG  ]   ❌  LINK     4H=SELL (val=-0.3091) RSI=31.3 — LONG REJEITADO
2026-03-27 20:57:44 BRT [DEBUG  ]   📉  LINK     4H=SELL (val=-0.3091) RSI=31.3 — SHORT CANDIDATO
2026-03-27 20:57:44 BRT [DEBUG  ]   ❌  ETH      4H=SELL (val=-0.2636) RSI=29.0 — LONG REJEITADO
2026-03-27 20:57:44 BRT [DEBUG  ]   ⛔  ETH      4H=SELL RSI=29.0 — SHORT REJEITADO (RSI<30, exausto)
2026-03-27 20:57:44 BRT [DEBUG  ]   ❌  AVAX     4H=SELL (val=-0.2636) RSI=30.6 — LONG REJEITADO
2026-03-27 20:57:44 BRT [DEBUG  ]   📉  AVAX     4H=SELL (val=-0.2636) RSI=30.6 — SHORT CANDIDATO
2026-03-27 20:57:44 BRT [DEBUG  ]   ❌  ICP      4H=SELL (val=-0.3545) RSI=29.9 — LONG REJEITADO
2026-03-27 20:57:44 BRT [DEBUG  ]   ⛔  ICP      4H=SELL RSI=29.9 — SHORT REJEITADO (RSI<30, exausto)
2026-03-27 20:57:44 BRT [DEBUG  ]   ❌  HYPE     4H=SELL (val=-0.2000) RSI=46.1 — LONG REJEITADO
2026-03-27 20:57:44 BRT [DEBUG  ]   📉  HYPE     4H=SELL (val=-0.2000) RSI=46.1 — SHORT CANDIDATO
2026-03-27 20:57:44 BRT [DEBUG  ]   ❌  ATOM     4H=SELL (val=-0.4000) RSI=34.9 — LONG REJEITADO
2026-03-27 20:57:44 BRT [DEBUG  ]   📉  ATOM     4H=SELL (val=-0.4000) RSI=34.9 — SHORT CANDIDATO
2026-03-27 20:57:44 BRT [INFO   ]   Gate 4H: LONG=2 | SHORT=24 | sem dados TV=0 | universo=36
2026-03-27 20:57:44 BRT [INFO   ] 
───────────────────────────────────────────────────────
2026-03-27 20:57:44 BRT [INFO   ]   GATE 2 — Estrutura 1H (LONG: BUY+ | SHORT: SELL+)
2026-03-27 20:57:44 BRT [INFO   ] ───────────────────────────────────────────────────────
2026-03-27 20:57:44 BRT [DEBUG  ]   TV batch: 26 tokens (.P perpétuo) | cols: ['Recommend.All|60']
2026-03-27 20:57:44 BRT [DEBUG  ]   ✅  TV batch BYBIT: 23/26 retornados | 0.05s
2026-03-27 20:57:44 BRT [WARNING]   ⚠️  TV BYBIT: 3 sem retorno: ['PEPEUSDT', 'SHIBUSDT', 'PUMPUSDT']
2026-03-27 20:57:44 BRT [INFO   ]   🔄  [v5.1] Tentando prefixo BITGET: para 3 tokens sem dados...
2026-03-27 20:57:44 BRT [INFO   ]   ✅  TV BITGET: recuperados 3: ['PEPEUSDT', 'SHIBUSDT', 'PUMPUSDT'] | 0.04s
2026-03-27 20:57:44 BRT [DEBUG  ]   ❌  ONDO     1H=NEUTRAL (val=0.0879) — LONG REJEITADO
2026-03-27 20:57:44 BRT [DEBUG  ]   ❌  TRX      1H=NEUTRAL (val=0.0455) — LONG REJEITADO
2026-03-27 20:57:44 BRT [DEBUG  ]   📉  PEPE     1H=SELL (val=-0.3091) — SHORT PASSOU
2026-03-27 20:57:44 BRT [DEBUG  ]   📉  SHIB     1H=SELL (val=-0.4000) — SHORT PASSOU
2026-03-27 20:57:44 BRT [DEBUG  ]   📉  PUMP     1H=SELL (val=-0.2424) — SHORT PASSOU
2026-03-27 20:57:44 BRT [DEBUG  ]   📉  DOGE     1H=SELL (val=-0.2424) — SHORT PASSOU
2026-03-27 20:57:44 BRT [DEBUG  ]   📉  PIPPIN   1H=SELL (val=-0.4667) — SHORT PASSOU
2026-03-27 20:57:44 BRT [DEBUG  ]   📉  WLFI     1H=SELL (val=-0.2424) — SHORT PASSOU
2026-03-27 20:57:44 BRT [DEBUG  ]   📉  BEAT     1H=SELL (val=-0.4667) — SHORT PASSOU
2026-03-27 20:57:44 BRT [DEBUG  ]   📉  XRP      1H=SELL (val=-0.4667) — SHORT PASSOU
2026-03-27 20:57:44 BRT [DEBUG  ]   📉  XPL      1H=SELL (val=-0.2424) — SHORT PASSOU
2026-03-27 20:57:44 BRT [DEBUG  ]   📉  OP       1H=SELL (val=-0.2424) — SHORT PASSOU
2026-03-27 20:57:44 BRT [DEBUG  ]   📉  CRV      1H=STRONG_SELL (val=-0.6030) — SHORT PASSOU
2026-03-27 20:57:44 BRT [DEBUG  ]   📉  HBAR     1H=SELL (val=-0.2424) — SHORT PASSOU
2026-03-27 20:57:44 BRT [DEBUG  ]   📉  SUI      1H=SELL (val=-0.4455) — SHORT PASSOU
2026-03-27 20:57:44 BRT [DEBUG  ]   📉  FIL      1H=SELL (val=-0.1758) — SHORT PASSOU
2026-03-27 20:57:44 BRT [DEBUG  ]   📉  XLM      1H=SELL (val=-0.4000) — SHORT PASSOU
2026-03-27 20:57:44 BRT [DEBUG  ]   📉  ASTER    1H=SELL (val=-0.2000) — SHORT PASSOU
2026-03-27 20:57:44 BRT [DEBUG  ]   📉  DOT      1H=SELL (val=-0.1091) — SHORT PASSOU
2026-03-27 20:57:44 BRT [DEBUG  ]   📉  LIT      1H=SELL (val=-0.2455) — SHORT PASSOU
2026-03-27 20:57:44 BRT [DEBUG  ]   📉  APT      1H=SELL (val=-0.4667) — SHORT PASSOU
2026-03-27 20:57:44 BRT [DEBUG  ]   📉  SOL      1H=SELL (val=-0.1758) — SHORT PASSOU
2026-03-27 20:57:44 BRT [DEBUG  ]   📉  LINK     1H=SELL (val=-0.1758) — SHORT PASSOU
2026-03-27 20:57:44 BRT [DEBUG  ]   📉  AVAX     1H=SELL (val=-0.1758) — SHORT PASSOU
2026-03-27 20:57:44 BRT [DEBUG  ]   ❌  HYPE     1H=NEUTRAL (val=0.0909) — SHORT REJEITADO (não SELL no 1H)
2026-03-27 20:57:44 BRT [DEBUG  ]   📉  ATOM     1H=SELL (val=-0.3091) — SHORT PASSOU
2026-03-27 20:57:44 BRT [INFO   ]   Gate 1H: LONG=0 | SHORT=23 | rejeitados=2
2026-03-27 20:57:44 BRT [INFO   ] 
───────────────────────────────────────────────────────
2026-03-27 20:57:44 BRT [INFO   ]   ETAPA 3 — Indicadores 15m (TradingView) — LONG + SHORT [v6.4.1]
2026-03-27 20:57:44 BRT [INFO   ] ───────────────────────────────────────────────────────
2026-03-27 20:57:44 BRT [DEBUG  ]   TV batch: 23 tokens (.P perpétuo) | cols: ['BB.upper|15', 'BB.lower|15', 'ATR|15']
2026-03-27 20:57:44 BRT [DEBUG  ]   ✅  TV batch BYBIT: 20/23 retornados | 0.04s
2026-03-27 20:57:44 BRT [WARNING]   ⚠️  TV BYBIT: 3 sem retorno: ['PEPEUSDT', 'SHIBUSDT', 'PUMPUSDT']
2026-03-27 20:57:44 BRT [INFO   ]   🔄  [v5.1] Tentando prefixo BITGET: para 3 tokens sem dados...
2026-03-27 20:57:44 BRT [INFO   ]   ✅  TV BITGET: recuperados 3: ['PEPEUSDT', 'SHIBUSDT', 'PUMPUSDT'] | 0.04s
2026-03-27 20:57:44 BRT [DEBUG  ]   TV batch: 23 tokens (.P perpétuo) | cols: ['Candle.Engulfing.Bullish|15', 'Candle.Hammer|15', 'Candle.MorningStar|15', 'Candle.3WhiteSoldiers|15', 'Candle.Harami.Bullish|15', 'Candle.Doji.Dragonfly|15', 'Candle.Engulfing.Bearish|15', 'Candle.ShootingStar|15', 'Candle.EveningStar|15', 'Candle.3BlackCrows|15', 'Candle.Harami.Bearish|15']
2026-03-27 20:57:45 BRT [DEBUG  ]   ✅  TV batch BYBIT: 20/23 retornados | 0.04s
2026-03-27 20:57:45 BRT [WARNING]   ⚠️  TV BYBIT: 3 sem retorno: ['PEPEUSDT', 'SHIBUSDT', 'PUMPUSDT']
2026-03-27 20:57:45 BRT [INFO   ]   🔄  [v5.1] Tentando prefixo BITGET: para 3 tokens sem dados...
2026-03-27 20:57:45 BRT [INFO   ]   ✅  TV BITGET: recuperados 3: ['PEPEUSDT', 'SHIBUSDT', 'PUMPUSDT'] | 0.09s
2026-03-27 20:57:45 BRT [INFO   ]   TV 15m: tech=23/23 | candles=23/23
2026-03-27 20:57:45 BRT [DEBUG  ]   PEPE     ATR=0.0000 | BB_lower=0.0000 | BB_upper=0.0000 | FR=-0.00011
2026-03-27 20:57:45 BRT [DEBUG  ]   SHIB     ATR=0.0000 | BB_lower=0.0000 | BB_upper=0.0000 | FR=0.00010
2026-03-27 20:57:45 BRT [DEBUG  ]   PUMP     ATR=0.0000 | BB_lower=0.0017 | BB_upper=0.0017 | FR=0.00005
2026-03-27 20:57:45 BRT [DEBUG  ]   DOGE     ATR=0.0003 | BB_lower=0.0897 | BB_upper=0.0903 | FR=0.00003
2026-03-27 20:57:45 BRT [DEBUG  ]   PIPPIN   ATR=0.0015 | BB_lower=0.0498 | BB_upper=0.0556 | FR=0.00047
2026-03-27 20:57:45 BRT [DEBUG  ]   WLFI     ATR=0.0004 | BB_lower=0.0961 | BB_upper=0.0974 | FR=0.00005
2026-03-27 20:57:45 BRT [DEBUG  ]   BEAT     ATR=0.0074 | BB_lower=0.5128 | BB_upper=0.5342 | FR=0.00037
2026-03-27 20:57:45 BRT [DEBUG  ]   XRP      ATR=0.0039 | BB_lower=1.3195 | BB_upper=1.3302 | FR=-0.00016
2026-03-27 20:57:45 BRT [DEBUG  ]   XPL      ATR=0.0005 | BB_lower=0.0879 | BB_upper=0.0894 | FR=-0.00013
2026-03-27 20:57:45 BRT [DEBUG  ]   OP       ATR=0.0005 | BB_lower=0.1032 | BB_upper=0.1045 | FR=0.00010
2026-03-27 20:57:45 BRT [DEBUG  ]   CRV      ATR=0.0012 | BB_lower=0.2080 | BB_upper=0.2150 | FR=-0.00014
2026-03-27 20:57:45 BRT [DEBUG  ]   HBAR     ATR=0.0002 | BB_lower=0.0886 | BB_upper=0.0892 | FR=0.00001
2026-03-27 20:57:45 BRT [DEBUG  ]   SUI      ATR=0.0034 | BB_lower=0.8722 | BB_upper=0.8806 | FR=-0.00012
2026-03-27 20:57:45 BRT [DEBUG  ]   FIL      ATR=0.0035 | BB_lower=0.8315 | BB_upper=0.8394 | FR=-0.00021
2026-03-27 20:57:45 BRT [DEBUG  ]   XLM      ATR=0.0006 | BB_lower=0.1668 | BB_upper=0.1683 | FR=-0.00002
2026-03-27 20:57:45 BRT [DEBUG  ]   ASTER    ATR=0.0013 | BB_lower=0.6593 | BB_upper=0.6625 | FR=0.00005
2026-03-27 20:57:45 BRT [DEBUG  ]   DOT      ATR=0.0056 | BB_lower=1.2735 | BB_upper=1.2930 | FR=-0.00000
2026-03-27 20:57:45 BRT [DEBUG  ]   LIT      ATR=0.0054 | BB_lower=0.8755 | BB_upper=0.8956 | FR=0.00005
2026-03-27 20:57:45 BRT [DEBUG  ]   APT      ATR=0.0041 | BB_lower=0.9721 | BB_upper=0.9845 | FR=-0.00007
2026-03-27 20:57:45 BRT [DEBUG  ]   SOL      ATR=0.3064 | BB_lower=82.3021 | BB_upper=83.0709 | FR=-0.00033
2026-03-27 20:57:45 BRT [DEBUG  ]   LINK     ATR=0.0280 | BB_lower=8.5005 | BB_upper=8.5658 | FR=-0.00005
2026-03-27 20:57:45 BRT [DEBUG  ]   AVAX     ATR=0.0290 | BB_lower=8.7186 | BB_upper=8.7962 | FR=-0.00004
2026-03-27 20:57:45 BRT [DEBUG  ]   ATOM     ATR=0.0043 | BB_lower=1.6650 | BB_upper=1.6797 | FR=-0.00014
2026-03-27 20:57:45 BRT [INFO   ] 
───────────────────────────────────────────────────────
2026-03-27 20:57:45 BRT [INFO   ]   ETAPA 3b — Score parcial (sem klines, para ordenação)
2026-03-27 20:57:45 BRT [INFO   ] ───────────────────────────────────────────────────────
2026-03-27 20:57:45 BRT [DEBUG  ]   PEPE     score parcial SHORT: 0/25 [FR=-0.0115% BB=0.0000–0.0000]
2026-03-27 20:57:45 BRT [DEBUG  ]   SHIB     score parcial SHORT: 3/25 [FR=0.0100% BB=0.0000–0.0000]
2026-03-27 20:57:45 BRT [DEBUG  ]   PUMP     score parcial SHORT: 1/25 [FR=0.0050% BB=0.0017–0.0017]
2026-03-27 20:57:45 BRT [DEBUG  ]   DOGE     score parcial SHORT: 1/25 [FR=0.0035% BB=0.0897–0.0903]
2026-03-27 20:57:45 BRT [DEBUG  ]   PIPPIN   score parcial SHORT: 1/25 [FR=0.0465% BB=0.0498–0.0556]
2026-03-27 20:57:45 BRT [DEBUG  ]   WLFI     score parcial SHORT: 2/25 [FR=0.0050% BB=0.0961–0.0974]
2026-03-27 20:57:45 BRT [DEBUG  ]   BEAT     score parcial SHORT: 1/25 [FR=0.0367% BB=0.5128–0.5342]
2026-03-27 20:57:45 BRT [DEBUG  ]   XRP      score parcial SHORT: 0/25 [FR=-0.0157% BB=1.3195–1.3302]
2026-03-27 20:57:45 BRT [DEBUG  ]   XPL      score parcial SHORT: 1/25 [FR=-0.0134% BB=0.0879–0.0894]
2026-03-27 20:57:45 BRT [DEBUG  ]   OP       score parcial SHORT: 1/25 [FR=0.0100% BB=0.1032–0.1045]
2026-03-27 20:57:45 BRT [DEBUG  ]   CRV      score parcial SHORT: 3/25 [FR=-0.0140% BB=0.2080–0.2150]
2026-03-27 20:57:45 BRT [DEBUG  ]   HBAR     score parcial SHORT: 1/25 [FR=0.0005% BB=0.0886–0.0892]
2026-03-27 20:57:45 BRT [DEBUG  ]   SUI      score parcial SHORT: 1/25 [FR=-0.0121% BB=0.8722–0.8806]
2026-03-27 20:57:45 BRT [DEBUG  ]   FIL      score parcial SHORT: 2/25 [FR=-0.0210% BB=0.8315–0.8394]
2026-03-27 20:57:45 BRT [DEBUG  ]   XLM      score parcial SHORT: 0/25 [FR=-0.0021% BB=0.1668–0.1683]
2026-03-27 20:57:45 BRT [DEBUG  ]   ASTER    score parcial SHORT: 1/25 [FR=0.0050% BB=0.6593–0.6625]
2026-03-27 20:57:45 BRT [DEBUG  ]   DOT      score parcial SHORT: 1/25 [FR=-0.0003% BB=1.2735–1.2930]
2026-03-27 20:57:45 BRT [DEBUG  ]   LIT      score parcial SHORT: 1/25 [FR=0.0050% BB=0.8755–0.8956]
2026-03-27 20:57:45 BRT [DEBUG  ]   APT      score parcial SHORT: 0/25 [FR=-0.0074% BB=0.9721–0.9845]
2026-03-27 20:57:45 BRT [DEBUG  ]   SOL      score parcial SHORT: 1/25 [FR=-0.0329% BB=82.3021–83.0709]
2026-03-27 20:57:45 BRT [DEBUG  ]   LINK     score parcial SHORT: 2/25 [FR=-0.0046% BB=8.5005–8.5658]
2026-03-27 20:57:45 BRT [DEBUG  ]   AVAX     score parcial SHORT: 4/25 [FR=-0.0040% BB=8.7186–8.7962]
2026-03-27 20:57:45 BRT [DEBUG  ]   ATOM     score parcial SHORT: 0/25 [FR=-0.0137% BB=1.6650–1.6797]
2026-03-27 20:57:45 BRT [INFO   ]   Ordem LONG: []
2026-03-27 20:57:45 BRT [INFO   ]   Ordem SHORT: ['AVAX', 'SHIB', 'CRV', 'WLFI', 'FIL', 'LINK', 'PUMP', 'DOGE', 'PIPPIN', 'BEAT', 'XPL', 'OP', 'HBAR', 'SUI', 'ASTER', 'DOT', 'LIT', 'SOL', 'PEPE', 'XRP', 'XLM', 'APT', 'ATOM']
2026-03-27 20:57:45 BRT [INFO   ] 
───────────────────────────────────────────────────────
2026-03-27 20:57:45 BRT [INFO   ]   ETAPA 4 — Klines + Score completo (TOP 20 LONG + SHORT) [v6.2.0]
2026-03-27 20:57:45 BRT [INFO   ] ───────────────────────────────────────────────────────
2026-03-27 20:57:45 BRT [DEBUG  ]   Contexto: FGI=13 | BTC=NEUTRAL | LONG=CAUTELOSO (Medo Extremo)(thr=20) | SHORT=MODERADO (Medo Extremo — mercado bearish)(thr=16) | risk_score=0
2026-03-27 20:57:45 BRT [INFO   ]   ✅  [A4 CANDLE LOCK] Vela 15m fechada (765s após fechamento). Último fechamento: 20:45:00 BRT.
2026-03-27 20:57:45 BRT [INFO   ]   Buscando klines para: ['AVAX', 'SHIB', 'CRV', 'WLFI', 'FIL', 'LINK', 'PUMP', 'DOGE', 'PIPPIN', 'BEAT', 'XPL', 'OP', 'HBAR', 'SUI', 'ASTER', 'DOT', 'LIT', 'SOL', 'PEPE', 'XRP']
2026-03-27 20:57:45 BRT [DEBUG  ]   📡  Cache MISS AVAXUSDT 1H: arquivo não existe — buscando
2026-03-27 20:57:45 BRT [DEBUG  ]   📡  Cache MISS SHIBUSDT 1H: arquivo não existe — buscando
2026-03-27 20:57:45 BRT [DEBUG  ]   📡  Cache MISS CRVUSDT 1H: arquivo não existe — buscando
2026-03-27 20:57:45 BRT [DEBUG  ]   📡  Cache MISS WLFIUSDT 1H: arquivo não existe — buscando
2026-03-27 20:57:45 BRT [DEBUG  ]   📡  Cache MISS FILUSDT 1H: arquivo não existe — buscando
2026-03-27 20:57:45 BRT [DEBUG  ]   📡  Cache MISS LINKUSDT 1H: arquivo não existe — buscando
2026-03-27 20:57:45 BRT [DEBUG  ]   📡  Cache MISS PUMPUSDT 1H: arquivo não existe — buscando
2026-03-27 20:57:45 BRT [DEBUG  ]   📡  Cache MISS DOGEUSDT 1H: arquivo não existe — buscando
2026-03-27 20:57:45 BRT [DEBUG  ]   📡  Cache MISS PIPPINUSDT 1H: arquivo não existe — buscando
2026-03-27 20:57:45 BRT [DEBUG  ]   📡  Cache MISS BEATUSDT 1H: arquivo não existe — buscando
2026-03-27 20:57:45 BRT [DEBUG  ]   📡  Cache MISS XPLUSDT 1H: arquivo não existe — buscando
2026-03-27 20:57:45 BRT [DEBUG  ]   📡  Cache MISS OPUSDT 1H: arquivo não existe — buscando
2026-03-27 20:57:45 BRT [DEBUG  ]   📡  Cache MISS HBARUSDT 1H: arquivo não existe — buscando
2026-03-27 20:57:45 BRT [DEBUG  ]   📡  Cache MISS SUIUSDT 1H: arquivo não existe — buscando
2026-03-27 20:57:45 BRT [DEBUG  ]   📡  Cache MISS ASTERUSDT 1H: arquivo não existe — buscando
2026-03-27 20:57:45 BRT [DEBUG  ]   📡  Cache MISS DOTUSDT 1H: arquivo não existe — buscando
2026-03-27 20:57:45 BRT [DEBUG  ]   📡  Cache MISS LITUSDT 1H: arquivo não existe — buscando
2026-03-27 20:57:45 BRT [DEBUG  ]   📡  Cache MISS SOLUSDT 1H: arquivo não existe — buscando
2026-03-27 20:57:45 BRT [DEBUG  ]   📡  Cache MISS PEPEUSDT 1H: arquivo não existe — buscando
2026-03-27 20:57:45 BRT [DEBUG  ]   📡  Cache MISS XRPUSDT 1H: arquivo não existe — buscando
2026-03-27 20:57:45 BRT [DEBUG  ]   📡  Cache MISS AVAXUSDT 4H: arquivo não existe — buscando
2026-03-27 20:57:45 BRT [DEBUG  ]   📡  Cache MISS SHIBUSDT 4H: arquivo não existe — buscando
2026-03-27 20:57:45 BRT [DEBUG  ]   📡  Cache MISS CRVUSDT 4H: arquivo não existe — buscando
2026-03-27 20:57:45 BRT [DEBUG  ]   📡  Cache MISS WLFIUSDT 4H: arquivo não existe — buscando
2026-03-27 20:57:45 BRT [DEBUG  ]   📡  Cache MISS FILUSDT 4H: arquivo não existe — buscando
2026-03-27 20:57:45 BRT [DEBUG  ]   📡  Cache MISS LINKUSDT 4H: arquivo não existe — buscando
2026-03-27 20:57:45 BRT [DEBUG  ]   📡  Cache MISS PUMPUSDT 4H: arquivo não existe — buscando
2026-03-27 20:57:45 BRT [DEBUG  ]   📡  Cache MISS DOGEUSDT 4H: arquivo não existe — buscando
2026-03-27 20:57:45 BRT [DEBUG  ]   📡  Cache MISS PIPPINUSDT 4H: arquivo não existe — buscando
2026-03-27 20:57:45 BRT [DEBUG  ]   📡  Cache MISS BEATUSDT 4H: arquivo não existe — buscando
2026-03-27 20:57:45 BRT [DEBUG  ]   📡  Cache MISS XPLUSDT 4H: arquivo não existe — buscando
2026-03-27 20:57:45 BRT [DEBUG  ]   📡  Cache MISS OPUSDT 4H: arquivo não existe — buscando
2026-03-27 20:57:45 BRT [DEBUG  ]   📡  Cache MISS HBARUSDT 4H: arquivo não existe — buscando
2026-03-27 20:57:45 BRT [DEBUG  ]   📡  Cache MISS SUIUSDT 4H: arquivo não existe — buscando
2026-03-27 20:57:45 BRT [DEBUG  ]   📡  Cache MISS ASTERUSDT 4H: arquivo não existe — buscando
2026-03-27 20:57:45 BRT [DEBUG  ]   📡  Cache MISS DOTUSDT 4H: arquivo não existe — buscando
2026-03-27 20:57:45 BRT [DEBUG  ]   📡  Cache MISS LITUSDT 4H: arquivo não existe — buscando
2026-03-27 20:57:45 BRT [DEBUG  ]   📡  Cache MISS SOLUSDT 4H: arquivo não existe — buscando
2026-03-27 20:57:45 BRT [DEBUG  ]   📡  Cache MISS PEPEUSDT 4H: arquivo não existe — buscando
2026-03-27 20:57:45 BRT [DEBUG  ]   📡  Cache MISS XRPUSDT 4H: arquivo não existe — buscando
2026-03-27 20:57:45 BRT [DEBUG  ]   GET https://api.bitget.com/api/v2/mix/market/candles?productType=USDT-FUTURES&symbol...
2026-03-27 20:57:45 BRT [DEBUG  ]       → HTTP 200 | 4.5KB | enc:gzip | 0.44s
2026-03-27 20:57:45 BRT [DEBUG  ]   ✅  Klines WLFIUSDT 1H: 60 candles | 03/27 20:00 → 03/25 09:00
2026-03-27 20:57:45 BRT [DEBUG  ]   💾  Cache GRAVADO WLFIUSDT 1H: 60 candles
2026-03-27 20:57:45 BRT [DEBUG  ]   GET https://api.bitget.com/api/v2/mix/market/candles?productType=USDT-FUTURES&symbol...
2026-03-27 20:57:45 BRT [DEBUG  ]       → HTTP 200 | 4.2KB | enc:gzip | 0.44s
2026-03-27 20:57:45 BRT [DEBUG  ]   ✅  Klines DOTUSDT 15m: 60 candles | 03/27 20:45 → 03/27 06:00
2026-03-27 20:57:45 BRT [DEBUG  ]   GET https://api.bitget.com/api/v2/mix/market/candles?productType=USDT-FUTURES&symbol...
2026-03-27 20:57:45 BRT [DEBUG  ]       → HTTP 200 | 4.2KB | enc:gzip | 0.44s
2026-03-27 20:57:45 BRT [DEBUG  ]   ✅  Klines LINKUSDT 1H: 60 candles | 03/27 20:00 → 03/25 09:00
2026-03-27 20:57:45 BRT [DEBUG  ]   💾  Cache GRAVADO LINKUSDT 1H: 60 candles
2026-03-27 20:57:45 BRT [DEBUG  ]   GET https://api.bitget.com/api/v2/mix/market/candles?productType=USDT-FUTURES&symbol...
2026-03-27 20:57:45 BRT [DEBUG  ]       → HTTP 200 | 4.6KB | enc:gzip | 0.44s
2026-03-27 20:57:45 BRT [DEBUG  ]   ✅  Klines XPLUSDT 4H: 60 candles | 03/27 17:00 → 03/17 21:00
2026-03-27 20:57:45 BRT [DEBUG  ]   💾  Cache GRAVADO XPLUSDT 4H: 60 candles
2026-03-27 20:57:45 BRT [DEBUG  ]   GET https://api.bitget.com/api/v2/mix/market/candles?productType=USDT-FUTURES&symbol...
2026-03-27 20:57:45 BRT [DEBUG  ]       → HTTP 200 | 4.8KB | enc:gzip | 0.44s
2026-03-27 20:57:45 BRT [DEBUG  ]   ✅  Klines SUIUSDT 4H: 60 candles | 03/27 17:00 → 03/17 21:00
2026-03-27 20:57:45 BRT [DEBUG  ]   💾  Cache GRAVADO SUIUSDT 4H: 60 candles
2026-03-27 20:57:45 BRT [DEBUG  ]   GET https://api.bitget.com/api/v2/mix/market/candles?productType=USDT-FUTURES&symbol...
2026-03-27 20:57:45 BRT [DEBUG  ]       → HTTP 200 | 6.6KB | enc:gzip | 0.45s
2026-03-27 20:57:45 BRT [DEBUG  ]   ✅  Klines PEPEUSDT 4H: 60 candles | 03/27 17:00 → 03/17 21:00
2026-03-27 20:57:45 BRT [DEBUG  ]   💾  Cache GRAVADO PEPEUSDT 4H: 60 candles
2026-03-27 20:57:45 BRT [DEBUG  ]   GET https://api.bitget.com/api/v2/mix/market/candles?productType=USDT-FUTURES&symbol...
2026-03-27 20:57:45 BRT [DEBUG  ]       → HTTP 200 | 6.4KB | enc:gzip | 0.45s
2026-03-27 20:57:45 BRT [DEBUG  ]   ✅  Klines PEPEUSDT 15m: 60 candles | 03/27 20:45 → 03/27 06:00
2026-03-27 20:57:45 BRT [DEBUG  ]   GET https://api.bitget.com/api/v2/mix/market/candles?productType=USDT-FUTURES&symbol...
2026-03-27 20:57:45 BRT [DEBUG  ]       → HTTP 200 | 4.4KB | enc:gzip | 0.45s
2026-03-27 20:57:45 BRT [DEBUG  ]   ✅  Klines AVAXUSDT 4H: 60 candles | 03/27 17:00 → 03/17 21:00
2026-03-27 20:57:45 BRT [DEBUG  ]   💾  Cache GRAVADO AVAXUSDT 4H: 60 candles
2026-03-27 20:57:45 BRT [DEBUG  ]   GET https://api.bitget.com/api/v2/mix/market/candles?productType=USDT-FUTURES&symbol...
2026-03-27 20:57:45 BRT [DEBUG  ]       → HTTP 200 | 4.1KB | enc:gzip | 0.46s
2026-03-27 20:57:45 BRT [DEBUG  ]   ✅  Klines LITUSDT 15m: 60 candles | 03/27 20:45 → 03/27 06:00
2026-03-27 20:57:45 BRT [DEBUG  ]   GET https://api.bitget.com/api/v2/mix/market/candles?productType=USDT-FUTURES&symbol...
2026-03-27 20:57:45 BRT [DEBUG  ]       → HTTP 200 | 5.3KB | enc:gzip | 0.46s
2026-03-27 20:57:45 BRT [DEBUG  ]   ✅  Klines PUMPUSDT 4H: 60 candles | 03/27 17:00 → 03/17 21:00
2026-03-27 20:57:45 BRT [DEBUG  ]   💾  Cache GRAVADO PUMPUSDT 4H: 60 candles
2026-03-27 20:57:45 BRT [DEBUG  ]   GET https://api.bitget.com/api/v2/mix/market/candles?productType=USDT-FUTURES&symbol...
2026-03-27 20:57:45 BRT [DEBUG  ]       → HTTP 200 | 4.8KB | enc:gzip | 0.46s
2026-03-27 20:57:45 BRT [DEBUG  ]   ✅  Klines BEATUSDT 1H: 60 candles | 03/27 20:00 → 03/25 09:00
2026-03-27 20:57:45 BRT [DEBUG  ]   💾  Cache GRAVADO BEATUSDT 1H: 60 candles
2026-03-27 20:57:45 BRT [DEBUG  ]   GET https://api.bitget.com/api/v2/mix/market/candles?productType=USDT-FUTURES&symbol...
2026-03-27 20:57:45 BRT [DEBUG  ]       → HTTP 200 | 4.5KB | enc:gzip | 0.46s
2026-03-27 20:57:45 BRT [DEBUG  ]   ✅  Klines CRVUSDT 1H: 60 candles | 03/27 20:00 → 03/25 09:00
2026-03-27 20:57:45 BRT [DEBUG  ]   💾  Cache GRAVADO CRVUSDT 1H: 60 candles
2026-03-27 20:57:45 BRT [DEBUG  ]   GET https://api.bitget.com/api/v2/mix/market/candles?productType=USDT-FUTURES&symbol...
2026-03-27 20:57:45 BRT [DEBUG  ]       → HTTP 200 | 6.5KB | enc:gzip | 0.46s
2026-03-27 20:57:45 BRT [DEBUG  ]   ✅  Klines PEPEUSDT 1H: 60 candles | 03/27 20:00 → 03/25 09:00
2026-03-27 20:57:45 BRT [DEBUG  ]   💾  Cache GRAVADO PEPEUSDT 1H: 60 candles
2026-03-27 20:57:45 BRT [DEBUG  ]   GET https://api.bitget.com/api/v2/mix/market/candles?productType=USDT-FUTURES&symbol...
2026-03-27 20:57:45 BRT [DEBUG  ]       → HTTP 200 | 4.8KB | enc:gzip | 0.47s
2026-03-27 20:57:45 BRT [DEBUG  ]   ✅  Klines SOLUSDT 4H: 60 candles | 03/27 17:00 → 03/17 21:00
2026-03-27 20:57:45 BRT [DEBUG  ]   💾  Cache GRAVADO SOLUSDT 4H: 60 candles
2026-03-27 20:57:45 BRT [DEBUG  ]   GET https://api.bitget.com/api/v2/mix/market/candles?productType=USDT-FUTURES&symbol...
2026-03-27 20:57:45 BRT [DEBUG  ]       → HTTP 200 | 6.1KB | enc:gzip | 0.48s
2026-03-27 20:57:45 BRT [DEBUG  ]   ✅  Klines SHIBUSDT 4H: 60 candles | 03/27 17:00 → 03/17 21:00
2026-03-27 20:57:45 BRT [DEBUG  ]   💾  Cache GRAVADO SHIBUSDT 4H: 60 candles
2026-03-27 20:57:45 BRT [DEBUG  ]   GET https://api.bitget.com/api/v2/mix/market/candles?productType=USDT-FUTURES&symbol...
2026-03-27 20:57:45 BRT [DEBUG  ]       → HTTP 200 | 4.7KB | enc:gzip | 0.48s
2026-03-27 20:57:45 BRT [DEBUG  ]   ✅  Klines OPUSDT 1H: 60 candles | 03/27 20:00 → 03/25 09:00
2026-03-27 20:57:45 BRT [DEBUG  ]   💾  Cache GRAVADO OPUSDT 1H: 60 candles
2026-03-27 20:57:45 BRT [DEBUG  ]   GET https://api.bitget.com/api/v2/mix/market/candles?productType=USDT-FUTURES&symbol...
2026-03-27 20:57:45 BRT [DEBUG  ]       → HTTP 200 | 4.6KB | enc:gzip | 0.49s
2026-03-27 20:57:45 BRT [DEBUG  ]   ✅  Klines WLFIUSDT 4H: 60 candles | 03/27 17:00 → 03/17 21:00
2026-03-27 20:57:45 BRT [DEBUG  ]   💾  Cache GRAVADO WLFIUSDT 4H: 60 candles
2026-03-27 20:57:45 BRT [DEBUG  ]   GET https://api.bitget.com/api/v2/mix/market/candles?productType=USDT-FUTURES&symbol...
2026-03-27 20:57:45 BRT [DEBUG  ]       → HTTP 200 | 4.8KB | enc:gzip | 0.49s
2026-03-27 20:57:45 BRT [DEBUG  ]   ✅  Klines FILUSDT 4H: 60 candles | 03/27 17:00 → 03/17 21:00
2026-03-27 20:57:45 BRT [DEBUG  ]   💾  Cache GRAVADO FILUSDT 4H: 60 candles
2026-03-27 20:57:45 BRT [DEBUG  ]   GET https://api.bitget.com/api/v2/mix/market/candles?productType=USDT-FUTURES&symbol...
2026-03-27 20:57:45 BRT [DEBUG  ]       → HTTP 200 | 5.3KB | enc:gzip | 0.49s
2026-03-27 20:57:45 BRT [DEBUG  ]   ✅  Klines PUMPUSDT 1H: 60 candles | 03/27 20:00 → 03/25 09:00
2026-03-27 20:57:45 BRT [DEBUG  ]   💾  Cache GRAVADO PUMPUSDT 1H: 60 candles
2026-03-27 20:57:45 BRT [DEBUG  ]   GET https://api.bitget.com/api/v2/mix/market/candles?productType=USDT-FUTURES&symbol...
2026-03-27 20:57:45 BRT [DEBUG  ]       → HTTP 200 | 4.7KB | enc:gzip | 0.49s
2026-03-27 20:57:45 BRT [DEBUG  ]   ✅  Klines XRPUSDT 1H: 60 candles | 03/27 20:00 → 03/25 09:00
2026-03-27 20:57:45 BRT [DEBUG  ]   💾  Cache GRAVADO XRPUSDT 1H: 60 candles
2026-03-27 20:57:45 BRT [DEBUG  ]   GET https://api.bitget.com/api/v2/mix/market/candles?productType=USDT-FUTURES&symbol...
2026-03-27 20:57:45 BRT [DEBUG  ]       → HTTP 200 | 4.7KB | enc:gzip | 0.50s
2026-03-27 20:57:45 BRT [DEBUG  ]   ✅  Klines SUIUSDT 15m: 60 candles | 03/27 20:45 → 03/27 06:00
2026-03-27 20:57:45 BRT [DEBUG  ]   GET https://api.bitget.com/api/v2/mix/market/candles?productType=USDT-FUTURES&symbol...
2026-03-27 20:57:45 BRT [DEBUG  ]       → HTTP 200 | 4.3KB | enc:gzip | 0.49s
2026-03-27 20:57:45 BRT [DEBUG  ]   ✅  Klines DOTUSDT 4H: 60 candles | 03/27 17:00 → 03/17 21:00
2026-03-27 20:57:45 BRT [DEBUG  ]   💾  Cache GRAVADO DOTUSDT 4H: 60 candles
2026-03-27 20:57:45 BRT [DEBUG  ]   GET https://api.bitget.com/api/v2/mix/market/candles?productType=USDT-FUTURES&symbol...
2026-03-27 20:57:45 BRT [DEBUG  ]       → HTTP 200 | 4.8KB | enc:gzip | 0.49s
2026-03-27 20:57:45 BRT [DEBUG  ]   ✅  Klines XRPUSDT 4H: 60 candles | 03/27 17:00 → 03/17 21:00
2026-03-27 20:57:45 BRT [DEBUG  ]   💾  Cache GRAVADO XRPUSDT 4H: 60 candles
2026-03-27 20:57:45 BRT [DEBUG  ]   GET https://api.bitget.com/api/v2/mix/market/candles?productType=USDT-FUTURES&symbol...
2026-03-27 20:57:45 BRT [DEBUG  ]       → HTTP 200 | 4.6KB | enc:gzip | 0.50s
2026-03-27 20:57:45 BRT [DEBUG  ]   ✅  Klines XPLUSDT 1H: 60 candles | 03/27 20:00 → 03/25 09:00
2026-03-27 20:57:45 BRT [DEBUG  ]   💾  Cache GRAVADO XPLUSDT 1H: 60 candles
2026-03-27 20:57:45 BRT [DEBUG  ]   GET https://api.bitget.com/api/v2/mix/market/candles?productType=USDT-FUTURES&symbol...
2026-03-27 20:57:45 BRT [DEBUG  ]       → HTTP 200 | 5.2KB | enc:gzip | 0.50s
2026-03-27 20:57:45 BRT [DEBUG  ]   ✅  Klines PUMPUSDT 15m: 60 candles | 03/27 20:45 → 03/27 06:00
2026-03-27 20:57:45 BRT [DEBUG  ]   GET https://api.bitget.com/api/v2/mix/market/candles?productType=USDT-FUTURES&symbol...
2026-03-27 20:57:45 BRT [DEBUG  ]       → HTTP 200 | 4.7KB | enc:gzip | 0.50s
2026-03-27 20:57:45 BRT [DEBUG  ]   ✅  Klines FILUSDT 1H: 60 candles | 03/27 20:00 → 03/25 09:00
2026-03-27 20:57:45 BRT [DEBUG  ]   💾  Cache GRAVADO FILUSDT 1H: 60 candles
2026-03-27 20:57:45 BRT [DEBUG  ]   GET https://api.bitget.com/api/v2/mix/market/candles?productType=USDT-FUTURES&symbol...
2026-03-27 20:57:45 BRT [DEBUG  ]       → HTTP 200 | 4.3KB | enc:gzip | 0.50s
2026-03-27 20:57:45 BRT [DEBUG  ]   ✅  Klines LINKUSDT 4H: 60 candles | 03/27 17:00 → 03/17 21:00
2026-03-27 20:57:45 BRT [DEBUG  ]   💾  Cache GRAVADO LINKUSDT 4H: 60 candles
2026-03-27 20:57:45 BRT [DEBUG  ]   GET https://api.bitget.com/api/v2/mix/market/candles?productType=USDT-FUTURES&symbol...
2026-03-27 20:57:45 BRT [DEBUG  ]       → HTTP 200 | 4.6KB | enc:gzip | 0.50s
2026-03-27 20:57:45 BRT [DEBUG  ]   ✅  Klines FILUSDT 15m: 60 candles | 03/27 20:45 → 03/27 06:00
2026-03-27 20:57:45 BRT [DEBUG  ]   GET https://api.bitget.com/api/v2/mix/market/candles?productType=USDT-FUTURES&symbol...
2026-03-27 20:57:45 BRT [DEBUG  ]       → HTTP 200 | 4.2KB | enc:gzip | 0.50s
2026-03-27 20:57:45 BRT [DEBUG  ]   ✅  Klines LINKUSDT 15m: 60 candles | 03/27 20:45 → 03/27 06:00
2026-03-27 20:57:45 BRT [DEBUG  ]   GET https://api.bitget.com/api/v2/mix/market/candles?productType=USDT-FUTURES&symbol...
2026-03-27 20:57:45 BRT [DEBUG  ]       → HTTP 200 | 4.3KB | enc:gzip | 0.50s
2026-03-27 20:57:45 BRT [DEBUG  ]   ✅  Klines DOTUSDT 1H: 60 candles | 03/27 20:00 → 03/25 09:00
2026-03-27 20:57:45 BRT [DEBUG  ]   💾  Cache GRAVADO DOTUSDT 1H: 60 candles
2026-03-27 20:57:45 BRT [DEBUG  ]   GET https://api.bitget.com/api/v2/mix/market/candles?productType=USDT-FUTURES&symbol...
2026-03-27 20:57:45 BRT [DEBUG  ]       → HTTP 200 | 4.5KB | enc:gzip | 0.50s
2026-03-27 20:57:45 BRT [DEBUG  ]   ✅  Klines XPLUSDT 15m: 60 candles | 03/27 20:45 → 03/27 06:00
2026-03-27 20:57:45 BRT [DEBUG  ]   GET https://api.bitget.com/api/v2/mix/market/candles?productType=USDT-FUTURES&symbol...
2026-03-27 20:57:45 BRT [DEBUG  ]       → HTTP 200 | 4.5KB | enc:gzip | 0.50s
2026-03-27 20:57:45 BRT [DEBUG  ]   ✅  Klines WLFIUSDT 15m: 60 candles | 03/27 20:45 → 03/27 06:00
2026-03-27 20:57:45 BRT [DEBUG  ]   GET https://api.bitget.com/api/v2/mix/market/candles?productType=USDT-FUTURES&symbol...
2026-03-27 20:57:45 BRT [DEBUG  ]       → HTTP 200 | 4.8KB | enc:gzip | 0.50s
2026-03-27 20:57:45 BRT [DEBUG  ]   ✅  Klines OPUSDT 4H: 60 candles | 03/27 17:00 → 03/17 21:00
2026-03-27 20:57:45 BRT [DEBUG  ]   💾  Cache GRAVADO OPUSDT 4H: 60 candles
2026-03-27 20:57:45 BRT [DEBUG  ]   GET https://api.bitget.com/api/v2/mix/market/candles?productType=USDT-FUTURES&symbol...
2026-03-27 20:57:45 BRT [DEBUG  ]       → HTTP 200 | 6.0KB | enc:gzip | 0.50s
2026-03-27 20:57:45 BRT [DEBUG  ]   ✅  Klines SHIBUSDT 15m: 60 candles | 03/27 20:45 → 03/27 06:00
2026-03-27 20:57:45 BRT [DEBUG  ]   GET https://api.bitget.com/api/v2/mix/market/candles?productType=USDT-FUTURES&symbol...
2026-03-27 20:57:45 BRT [DEBUG  ]       → HTTP 200 | 4.9KB | enc:gzip | 0.50s
2026-03-27 20:57:45 BRT [DEBUG  ]   ✅  Klines BEATUSDT 4H: 60 candles | 03/27 17:00 → 03/17 21:00
2026-03-27 20:57:45 BRT [DEBUG  ]   💾  Cache GRAVADO BEATUSDT 4H: 60 candles
2026-03-27 20:57:45 BRT [DEBUG  ]   GET https://api.bitget.com/api/v2/mix/market/candles?productType=USDT-FUTURES&symbol...
2026-03-27 20:57:45 BRT [DEBUG  ]       → HTTP 200 | 4.2KB | enc:gzip | 0.50s
2026-03-27 20:57:45 BRT [DEBUG  ]   ✅  Klines LITUSDT 1H: 60 candles | 03/27 20:00 → 03/25 09:00
2026-03-27 20:57:45 BRT [DEBUG  ]   💾  Cache GRAVADO LITUSDT 1H: 60 candles
2026-03-27 20:57:45 BRT [DEBUG  ]   GET https://api.bitget.com/api/v2/mix/market/candles?productType=USDT-FUTURES&symbol...
2026-03-27 20:57:45 BRT [DEBUG  ]       → HTTP 200 | 4.6KB | enc:gzip | 0.51s
2026-03-27 20:57:45 BRT [DEBUG  ]   ✅  Klines OPUSDT 15m: 60 candles | 03/27 20:45 → 03/27 06:00
2026-03-27 20:57:45 BRT [DEBUG  ]   GET https://api.bitget.com/api/v2/mix/market/candles?productType=USDT-FUTURES&symbol...
2026-03-27 20:57:45 BRT [DEBUG  ]       → HTTP 200 | 4.6KB | enc:gzip | 0.50s
2026-03-27 20:57:45 BRT [DEBUG  ]   ✅  Klines ASTERUSDT 4H: 60 candles | 03/27 17:00 → 03/17 21:00
2026-03-27 20:57:45 BRT [DEBUG  ]   💾  Cache GRAVADO ASTERUSDT 4H: 60 candles
2026-03-27 20:57:45 BRT [DEBUG  ]   GET https://api.bitget.com/api/v2/mix/market/candles?productType=USDT-FUTURES&symbol...
2026-03-27 20:57:45 BRT [DEBUG  ]       → HTTP 200 | 5.0KB | enc:gzip | 0.51s
2026-03-27 20:57:45 BRT [DEBUG  ]   ✅  Klines PIPPINUSDT 4H: 60 candles | 03/27 17:00 → 03/17 21:00
2026-03-27 20:57:45 BRT [DEBUG  ]   💾  Cache GRAVADO PIPPINUSDT 4H: 60 candles
2026-03-27 20:57:45 BRT [DEBUG  ]   GET https://api.bitget.com/api/v2/mix/market/candles?productType=USDT-FUTURES&symbol...
2026-03-27 20:57:45 BRT [DEBUG  ]       → HTTP 200 | 4.8KB | enc:gzip | 0.51s
2026-03-27 20:57:45 BRT [DEBUG  ]   ✅  Klines SUIUSDT 1H: 60 candles | 03/27 20:00 → 03/25 09:00
2026-03-27 20:57:45 BRT [DEBUG  ]   💾  Cache GRAVADO SUIUSDT 1H: 60 candles
2026-03-27 20:57:45 BRT [DEBUG  ]   GET https://api.bitget.com/api/v2/mix/market/candles?productType=USDT-FUTURES&symbol...
2026-03-27 20:57:45 BRT [DEBUG  ]       → HTTP 200 | 5.0KB | enc:gzip | 0.51s
2026-03-27 20:57:45 BRT [DEBUG  ]   ✅  Klines DOGEUSDT 4H: 60 candles | 03/27 17:00 → 03/17 21:00
2026-03-27 20:57:45 BRT [DEBUG  ]   💾  Cache GRAVADO DOGEUSDT 4H: 60 candles
2026-03-27 20:57:45 BRT [DEBUG  ]   GET https://api.bitget.com/api/v2/mix/market/candles?productType=USDT-FUTURES&symbol...
2026-03-27 20:57:45 BRT [DEBUG  ]       → HTTP 200 | 4.5KB | enc:gzip | 0.51s
2026-03-27 20:57:45 BRT [DEBUG  ]   ✅  Klines CRVUSDT 15m: 60 candles | 03/27 20:45 → 03/27 06:00
2026-03-27 20:57:45 BRT [DEBUG  ]   GET https://api.bitget.com/api/v2/mix/market/candles?productType=USDT-FUTURES&symbol...
2026-03-27 20:57:45 BRT [DEBUG  ]       → HTTP 200 | 4.4KB | enc:gzip | 0.51s
2026-03-27 20:57:45 BRT [DEBUG  ]   ✅  Klines ASTERUSDT 15m: 60 candles | 03/27 20:45 → 03/27 06:00
2026-03-27 20:57:45 BRT [DEBUG  ]   GET https://api.bitget.com/api/v2/mix/market/candles?productType=USDT-FUTURES&symbol...
2026-03-27 20:57:45 BRT [DEBUG  ]       → HTTP 200 | 6.1KB | enc:gzip | 0.51s
2026-03-27 20:57:45 BRT [DEBUG  ]   ✅  Klines SHIBUSDT 1H: 60 candles | 03/27 20:00 → 03/25 09:00
2026-03-27 20:57:45 BRT [DEBUG  ]   💾  Cache GRAVADO SHIBUSDT 1H: 60 candles
2026-03-27 20:57:45 BRT [DEBUG  ]   GET https://api.bitget.com/api/v2/mix/market/candles?productType=USDT-FUTURES&symbol...
2026-03-27 20:57:45 BRT [DEBUG  ]       → HTTP 200 | 4.3KB | enc:gzip | 0.51s
2026-03-27 20:57:45 BRT [DEBUG  ]   ✅  Klines AVAXUSDT 15m: 60 candles | 03/27 20:45 → 03/27 06:00
2026-03-27 20:57:45 BRT [DEBUG  ]   GET https://api.bitget.com/api/v2/mix/market/candles?productType=USDT-FUTURES&symbol...
2026-03-27 20:57:45 BRT [DEBUG  ]       → HTTP 200 | 4.6KB | enc:gzip | 0.51s
2026-03-27 20:57:45 BRT [DEBUG  ]   ✅  Klines SOLUSDT 15m: 60 candles | 03/27 20:45 → 03/27 06:00
2026-03-27 20:57:45 BRT [DEBUG  ]   GET https://api.bitget.com/api/v2/mix/market/candles?productType=USDT-FUTURES&symbol...
2026-03-27 20:57:45 BRT [DEBUG  ]       → HTTP 200 | 5.0KB | enc:gzip | 0.52s
2026-03-27 20:57:45 BRT [DEBUG  ]   ✅  Klines PIPPINUSDT 1H: 60 candles | 03/27 20:00 → 03/25 09:00
2026-03-27 20:57:45 BRT [DEBUG  ]   💾  Cache GRAVADO PIPPINUSDT 1H: 60 candles
2026-03-27 20:57:45 BRT [DEBUG  ]   GET https://api.bitget.com/api/v2/mix/market/candles?productType=USDT-FUTURES&symbol...
2026-03-27 20:57:45 BRT [DEBUG  ]       → HTTP 200 | 4.6KB | enc:gzip | 0.52s
2026-03-27 20:57:45 BRT [DEBUG  ]   ✅  Klines CRVUSDT 4H: 60 candles | 03/27 17:00 → 03/17 21:00
2026-03-27 20:57:45 BRT [DEBUG  ]   💾  Cache GRAVADO CRVUSDT 4H: 60 candles
2026-03-27 20:57:45 BRT [DEBUG  ]   GET https://api.bitget.com/api/v2/mix/market/candles?productType=USDT-FUTURES&symbol...
2026-03-27 20:57:45 BRT [DEBUG  ]       → HTTP 200 | 4.7KB | enc:gzip | 0.73s
2026-03-27 20:57:45 BRT [DEBUG  ]   ✅  Klines SOLUSDT 1H: 60 candles | 03/27 20:00 → 03/25 09:00
2026-03-27 20:57:45 BRT [DEBUG  ]   💾  Cache GRAVADO SOLUSDT 1H: 60 candles
2026-03-27 20:57:45 BRT [DEBUG  ]   GET https://api.bitget.com/api/v2/mix/market/candles?productType=USDT-FUTURES&symbol...
2026-03-27 20:57:45 BRT [DEBUG  ]       → HTTP 200 | 4.7KB | enc:gzip | 0.75s
2026-03-27 20:57:45 BRT [DEBUG  ]   ✅  Klines BEATUSDT 15m: 60 candles | 03/27 20:45 → 03/27 06:00
2026-03-27 20:57:45 BRT [DEBUG  ]   GET https://api.bitget.com/api/v2/mix/market/candles?productType=USDT-FUTURES&symbol...
2026-03-27 20:57:45 BRT [DEBUG  ]       → HTTP 200 | 4.8KB | enc:gzip | 0.75s
2026-03-27 20:57:45 BRT [DEBUG  ]   ✅  Klines HBARUSDT 15m: 60 candles | 03/27 20:45 → 03/27 06:00
2026-03-27 20:57:45 BRT [DEBUG  ]   GET https://api.bitget.com/api/v2/mix/market/candles?productType=USDT-FUTURES&symbol...
2026-03-27 20:57:45 BRT [DEBUG  ]       → HTTP 200 | 4.9KB | enc:gzip | 0.76s
2026-03-27 20:57:45 BRT [DEBUG  ]   ✅  Klines HBARUSDT 1H: 60 candles | 03/27 20:00 → 03/25 09:00
2026-03-27 20:57:45 BRT [DEBUG  ]   💾  Cache GRAVADO HBARUSDT 1H: 60 candles
2026-03-27 20:57:45 BRT [DEBUG  ]   GET https://api.bitget.com/api/v2/mix/market/candles?productType=USDT-FUTURES&symbol...
2026-03-27 20:57:45 BRT [DEBUG  ]       → HTTP 200 | 4.9KB | enc:gzip | 0.77s
2026-03-27 20:57:45 BRT [DEBUG  ]   ✅  Klines PIPPINUSDT 15m: 60 candles | 03/27 20:45 → 03/27 06:00
2026-03-27 20:57:45 BRT [DEBUG  ]   GET https://api.bitget.com/api/v2/mix/market/candles?productType=USDT-FUTURES&symbol...
2026-03-27 20:57:45 BRT [DEBUG  ]       → HTTP 200 | 4.9KB | enc:gzip | 0.77s
2026-03-27 20:57:45 BRT [DEBUG  ]   ✅  Klines HBARUSDT 4H: 60 candles | 03/27 17:00 → 03/17 21:00
2026-03-27 20:57:45 BRT [DEBUG  ]   💾  Cache GRAVADO HBARUSDT 4H: 60 candles
2026-03-27 20:57:45 BRT [DEBUG  ]   GET https://api.bitget.com/api/v2/mix/market/candles?productType=USDT-FUTURES&symbol...
2026-03-27 20:57:45 BRT [DEBUG  ]       → HTTP 200 | 4.3KB | enc:gzip | 0.77s
2026-03-27 20:57:45 BRT [DEBUG  ]   ✅  Klines LITUSDT 4H: 60 candles | 03/27 17:00 → 03/17 21:00
2026-03-27 20:57:45 BRT [DEBUG  ]   💾  Cache GRAVADO LITUSDT 4H: 60 candles
2026-03-27 20:57:45 BRT [DEBUG  ]   GET https://api.bitget.com/api/v2/mix/market/candles?productType=USDT-FUTURES&symbol...
2026-03-27 20:57:45 BRT [DEBUG  ]       → HTTP 200 | 4.6KB | enc:gzip | 0.78s
2026-03-27 20:57:45 BRT [DEBUG  ]   ✅  Klines XRPUSDT 15m: 60 candles | 03/27 20:45 → 03/27 06:00
2026-03-27 20:57:45 BRT [DEBUG  ]   GET https://api.bitget.com/api/v2/mix/market/candles?productType=USDT-FUTURES&symbol...
2026-03-27 20:57:45 BRT [DEBUG  ]       → HTTP 200 | 5.0KB | enc:gzip | 0.79s
2026-03-27 20:57:45 BRT [DEBUG  ]   ✅  Klines DOGEUSDT 1H: 60 candles | 03/27 20:00 → 03/25 09:00
2026-03-27 20:57:45 BRT [DEBUG  ]   💾  Cache GRAVADO DOGEUSDT 1H: 60 candles
2026-03-27 20:57:45 BRT [DEBUG  ]   GET https://api.bitget.com/api/v2/mix/market/candles?productType=USDT-FUTURES&symbol...
2026-03-27 20:57:45 BRT [DEBUG  ]       → HTTP 200 | 4.5KB | enc:gzip | 0.80s
2026-03-27 20:57:45 BRT [DEBUG  ]   ✅  Klines ASTERUSDT 1H: 60 candles | 03/27 20:00 → 03/25 09:00
2026-03-27 20:57:45 BRT [DEBUG  ]   💾  Cache GRAVADO ASTERUSDT 1H: 60 candles
2026-03-27 20:57:45 BRT [DEBUG  ]   GET https://api.bitget.com/api/v2/mix/market/candles?productType=USDT-FUTURES&symbol...
2026-03-27 20:57:45 BRT [DEBUG  ]       → HTTP 200 | 4.9KB | enc:gzip | 0.80s
2026-03-27 20:57:45 BRT [DEBUG  ]   ✅  Klines DOGEUSDT 15m: 60 candles | 03/27 20:45 → 03/27 06:00
2026-03-27 20:57:45 BRT [DEBUG  ]   GET https://api.bitget.com/api/v2/mix/market/candles?productType=USDT-FUTURES&symbol...
2026-03-27 20:57:45 BRT [DEBUG  ]       → HTTP 200 | 4.4KB | enc:gzip | 0.82s
2026-03-27 20:57:45 BRT [DEBUG  ]   ✅  Klines AVAXUSDT 1H: 60 candles | 03/27 20:00 → 03/25 09:00
2026-03-27 20:57:45 BRT [DEBUG  ]   💾  Cache GRAVADO AVAXUSDT 1H: 60 candles
2026-03-27 20:57:45 BRT [INFO   ]   ─ SHORT AVAX: 15m=60 | 1H=60 | 4H=60
2026-03-27 20:57:45 BRT [DEBUG  ]     find_swing_points: fallback window=3 aplicado (window=5 insuficiente: 5H/6L → 5H/6L)
2026-03-27 20:57:45 BRT [INFO   ]   SCORE AVAX [SHORT]: 9/25 | DQ=100% | klines: 15m=✅ 1H=✅ 4H=✅
2026-03-27 20:57:45 BRT [INFO   ]     Contexto 4H               +0/0 · SELL (contexto SHORT, não pontuado)
2026-03-27 20:57:45 BRT [INFO   ]     P4 Liquidez 4H            +0/3 · Longe de resistências 4H
2026-03-27 20:57:45 BRT [INFO   ]     P5 Figuras 4H             +0/2 · Sem figuras bearish claras no 4H
2026-03-27 20:57:45 BRT [INFO   ]     P6 CHOCH/BOS 4H           +3/3 ███ CHOCH Bearish 4H (reversão confirmada)
2026-03-27 20:57:45 BRT [INFO   ]     P-1H Resistência 1H       +2/4 ██ Resistência 1H em 8.8780 (1.10% acima)
2026-03-27 20:57:45 BRT [INFO   ]     P1 Bollinger 15m          +1/3 █ BB alta (80%)
2026-03-27 20:57:45 BRT [INFO   ]     P2 Candles 15m            +2/4 ██ Padrões: Shooting Star
2026-03-27 20:57:45 BRT [INFO   ]     P3 Funding Rate           +0/2 · -0.0040% (neutro)
2026-03-27 20:57:45 BRT [INFO   ]     P7 Filtro Pump/Dump       +0/0 · OK (-3.5%)
2026-03-27 20:57:45 BRT [INFO   ]     P8 Volume 15m             +0/2 · Volume fraco (0.5x < 1.2x)
2026-03-27 20:57:45 BRT [INFO   ]     P9 OI Crescente           +1/2 █ OI +8.4% vs média (20.0M) — fluxo moderado
2026-03-27 20:57:45 BRT [DEBUG  ]     TradeParams SHORT: SL=0.50% | notional=$1010 | alav_margem=28.8x → cap=2x → alav=2.0x | margem=$504.87 ⚠️MARGEM $505>35 | risco=$5.00 | ganho=$10.00
2026-03-27 20:57:45 BRT [INFO   ]   📉 SHORT AVAX: score=9/25 | entry=8.7810 | SL=0.50% | alav=2.0x ✅
2026-03-27 20:57:45 BRT [INFO   ]   ─ SHORT SHIB: 15m=60 | 1H=60 | 4H=60
2026-03-27 20:57:45 BRT [DEBUG  ]     find_swing_points: fallback window=3 aplicado (window=5 insuficiente: 3H/5L → 3H/5L)
2026-03-27 20:57:45 BRT [DEBUG  ]     find_swing_points: fallback window=3 aplicado (window=5 insuficiente: 3H/5L → 3H/5L)
2026-03-27 20:57:45 BRT [DEBUG  ]     find_swing_points: fallback window=3 aplicado (window=5 insuficiente: 3H/5L → 3H/5L)
2026-03-27 20:57:45 BRT [DEBUG  ]     find_swing_points: fallback window=3 aplicado (window=5 insuficiente: 5H/7L → 5H/7L)
2026-03-27 20:57:45 BRT [INFO   ]   SCORE SHIB [SHORT]: 8/25 | DQ=100% | klines: 15m=✅ 1H=✅ 4H=✅
2026-03-27 20:57:45 BRT [INFO   ]     Contexto 4H               +0/0 · SELL (contexto SHORT, não pontuado)
2026-03-27 20:57:45 BRT [INFO   ]     P4 Liquidez 4H            +1/3 █ OB Bearish 4H (0.0000-0.0000)
2026-03-27 20:57:45 BRT [INFO   ]     P5 Figuras 4H             +0/2 · Sem figuras bearish claras no 4H
2026-03-27 20:57:45 BRT [INFO   ]     P6 CHOCH/BOS 4H           +0/3 · Sem estrutura bearish no 4H
2026-03-27 20:57:45 BRT [INFO   ]     P-1H Resistência 1H       +2/4 ██ Resistência 1H em 0.00000581 (0.73% acima)
2026-03-27 20:57:45 BRT [INFO   ]     P1 Bollinger 15m          +0/3 · BB neutro (30%)
2026-03-27 20:57:45 BRT [INFO   ]     P2 Candles 15m            +2/4 ██ Padrões: Engulfing Bearish
2026-03-27 20:57:45 BRT [INFO   ]     P3 Funding Rate           +1/2 █ 0.0100% (leve positivo)
2026-03-27 20:57:45 BRT [INFO   ]     P7 Filtro Pump/Dump       +0/0 · OK (-2.5%)
2026-03-27 20:57:45 BRT [INFO   ]     P8 Volume 15m             +2/2 ██ Volume forte (2.1x média)
2026-03-27 20:57:45 BRT [INFO   ]     P9 OI Crescente           +0/2 · OI estável (+1.9% vs média, 8.7M)
2026-03-27 20:57:45 BRT [DEBUG  ]     TradeParams SHORT: SL=0.47% | notional=$1074 | alav_margem=30.7x → cap=2x → alav=2.0x | margem=$537.01 ⚠️MARGEM $537>35 | risco=$5.00 | ganho=$10.00
2026-03-27 20:57:45 BRT [INFO   ]   📉 SHORT SHIB: score=8/25 | entry=0.0000 | SL=0.47% | alav=2.0x ✅
2026-03-27 20:57:45 BRT [INFO   ]   ─ SHORT CRV: 15m=60 | 1H=60 | 4H=60
2026-03-27 20:57:45 BRT [DEBUG  ]     find_swing_points: fallback window=3 aplicado (window=5 insuficiente: 5H/5L → 5H/5L)
2026-03-27 20:57:45 BRT [INFO   ]   SCORE CRV [SHORT]: 7/25 | DQ=100% | klines: 15m=✅ 1H=✅ 4H=✅
2026-03-27 20:57:45 BRT [INFO   ]     Contexto 4H               +0/0 · STRONG_SELL (contexto SHORT, não pontuado)
2026-03-27 20:57:45 BRT [INFO   ]     P4 Liquidez 4H            +0/3 · Longe de resistências 4H
2026-03-27 20:57:45 BRT [INFO   ]     P5 Figuras 4H             +0/2 · Sem figuras bearish claras no 4H
2026-03-27 20:57:45 BRT [INFO   ]     P6 CHOCH/BOS 4H           +3/3 ███ CHOCH Bearish 4H (reversão confirmada)
2026-03-27 20:57:45 BRT [INFO   ]     P-1H Resistência 1H       +0/4 · Preço longe de resistências no 1H
2026-03-27 20:57:45 BRT [INFO   ]     P1 Bollinger 15m          +3/3 ███ BB rompeu inferior (-19%) — momentum bearish
2026-03-27 20:57:45 BRT [INFO   ]     P2 Candles 15m            +0/4 · Nenhum
2026-03-27 20:57:45 BRT [INFO   ]     P3 Funding Rate           +0/2 · -0.0140% (neutro)
2026-03-27 20:57:45 BRT [INFO   ]     P7 Filtro Pump/Dump       +0/0 · OK (-6.2%)
2026-03-27 20:57:45 BRT [INFO   ]     P8 Volume 15m             +1/2 █ Volume adequado (1.5x média)
2026-03-27 20:57:45 BRT [INFO   ]     P9 OI Crescente           +0/2 · OI estável (-2.1% vs média, 5.4M)
2026-03-27 20:57:45 BRT [DEBUG  ]     TradeParams SHORT: SL=0.86% | notional=$582 | alav_margem=16.6x → cap=2x → alav=2.0x | margem=$291.02 ⚠️MARGEM $291>35 | risco=$5.00 | ganho=$10.00
2026-03-27 20:57:45 BRT [INFO   ]   📉 SHORT CRV: score=7/25 | entry=0.2066 | SL=0.86% | alav=2.0x ✅
2026-03-27 20:57:45 BRT [INFO   ]   ─ SHORT WLFI: 15m=60 | 1H=60 | 4H=60
2026-03-27 20:57:45 BRT [DEBUG  ]     find_swing_points: fallback window=3 aplicado (window=5 insuficiente: 4H/7L → 4H/7L)
2026-03-27 20:57:45 BRT [DEBUG  ]     find_swing_points: fallback window=3 aplicado (window=5 insuficiente: 4H/7L → 4H/7L)
2026-03-27 20:57:45 BRT [DEBUG  ]     find_swing_points: fallback window=3 aplicado (window=5 insuficiente: 4H/7L → 4H/7L)
2026-03-27 20:57:45 BRT [INFO   ]   SCORE WLFI [SHORT]: 10/25 | DQ=100% | klines: 15m=✅ 1H=✅ 4H=✅
2026-03-27 20:57:45 BRT [INFO   ]     Contexto 4H               +0/0 · STRONG_SELL (contexto SHORT, não pontuado)
2026-03-27 20:57:45 BRT [INFO   ]     P4 Liquidez 4H            +3/3 ███ Resistência 4H 0.0990 (1.96% acima) | OB Bearish 4H (0.0947-0.0950) | Confluência Res+OB Bearish
2026-03-27 20:57:45 BRT [INFO   ]     P5 Figuras 4H             +0/2 · Sem figuras bearish claras no 4H
2026-03-27 20:57:45 BRT [INFO   ]     P6 CHOCH/BOS 4H           +1/3 █ Estrutura 4H bearish (Lower Highs)
2026-03-27 20:57:45 BRT [INFO   ]     P-1H Resistência 1H       +4/4 ████ Resistência 1H em 0.0994 (2.37% acima) | OB Bearish 1H (0.0979-0.0984)
2026-03-27 20:57:45 BRT [INFO   ]     P1 Bollinger 15m          +1/3 █ BB alta (79%)
2026-03-27 20:57:45 BRT [INFO   ]     P2 Candles 15m            +0/4 · Nenhum
2026-03-27 20:57:45 BRT [INFO   ]     P3 Funding Rate           +1/2 █ 0.0050% (leve positivo)
2026-03-27 20:57:45 BRT [INFO   ]     P7 Filtro Pump/Dump       +0/0 · OK (-1.4%)
2026-03-27 20:57:45 BRT [INFO   ]     P8 Volume 15m             +0/2 · Volume fraco (0.4x < 1.2x)
2026-03-27 20:57:45 BRT [INFO   ]     P9 OI Crescente           +0/2 · OI estável (-1.9% vs média, 12.3M)
2026-03-27 20:57:45 BRT [DEBUG  ]     TradeParams SHORT: SL=0.58% | notional=$863 | alav_margem=24.7x → cap=2x → alav=2.0x | margem=$431.60 ⚠️MARGEM $432>35 | risco=$5.00 | ganho=$10.00
2026-03-27 20:57:45 BRT [INFO   ]   📉 SHORT WLFI: score=10/25 | entry=0.0971 | SL=0.58% | alav=2.0x ✅
2026-03-27 20:57:45 BRT [INFO   ]   ─ SHORT FIL: 15m=60 | 1H=60 | 4H=60
2026-03-27 20:57:45 BRT [DEBUG  ]     find_swing_points: fallback window=3 aplicado (window=5 insuficiente: 6H/6L → 6H/6L)
2026-03-27 20:57:45 BRT [INFO   ]   SCORE FIL [SHORT]: 6/25 | DQ=100% | klines: 15m=✅ 1H=✅ 4H=✅
2026-03-27 20:57:45 BRT [INFO   ]     Contexto 4H               +0/0 · SELL (contexto SHORT, não pontuado)
2026-03-27 20:57:45 BRT [INFO   ]     P4 Liquidez 4H            +0/3 · Longe de resistências 4H
2026-03-27 20:57:45 BRT [INFO   ]     P5 Figuras 4H             +1/2 █ Cunha Ascendente (pullback bearish)
2026-03-27 20:57:45 BRT [INFO   ]     P6 CHOCH/BOS 4H           +0/3 · Sem estrutura bearish no 4H
2026-03-27 20:57:45 BRT [INFO   ]     P-1H Resistência 1H       +2/4 ██ Resistência 1H em 0.8433 (0.54% acima)
2026-03-27 20:57:45 BRT [INFO   ]     P1 Bollinger 15m          +2/3 ██ BB superior (92%)
2026-03-27 20:57:45 BRT [INFO   ]     P2 Candles 15m            +0/4 · Nenhum
2026-03-27 20:57:45 BRT [INFO   ]     P3 Funding Rate           +0/2 · -0.0210% (neutro)
2026-03-27 20:57:45 BRT [INFO   ]     P7 Filtro Pump/Dump       +0/0 · OK (-3.4%)
2026-03-27 20:57:45 BRT [INFO   ]     P8 Volume 15m             +1/2 █ Volume adequado (1.2x média)
2026-03-27 20:57:45 BRT [INFO   ]     P9 OI Crescente           +0/2 · OI estável (+1.3% vs média, 13.7M)
2026-03-27 20:57:45 BRT [DEBUG  ]     TradeParams SHORT: SL=0.62% | notional=$808 | alav_margem=23.1x → cap=2x → alav=2.0x | margem=$403.96 ⚠️MARGEM $404>35 | risco=$5.00 | ganho=$10.00
2026-03-27 20:57:45 BRT [INFO   ]   📉 SHORT FIL: score=6/25 | entry=0.8388 | SL=0.62% | alav=2.0x ✅
2026-03-27 20:57:45 BRT [INFO   ]   ─ SHORT LINK: 15m=60 | 1H=60 | 4H=60
2026-03-27 20:57:45 BRT [DEBUG  ]     find_swing_points: fallback window=3 aplicado (window=5 insuficiente: 5H/8L → 5H/8L)
2026-03-27 20:57:45 BRT [INFO   ]   SCORE LINK [SHORT]: 7/25 | DQ=100% | klines: 15m=✅ 1H=✅ 4H=✅
2026-03-27 20:57:45 BRT [INFO   ]     Contexto 4H               +0/0 · SELL (contexto SHORT, não pontuado)
2026-03-27 20:57:45 BRT [INFO   ]     P4 Liquidez 4H            +0/3 · Longe de resistências 4H
2026-03-27 20:57:45 BRT [INFO   ]     P5 Figuras 4H             +0/2 · Sem figuras bearish claras no 4H
2026-03-27 20:57:45 BRT [INFO   ]     P6 CHOCH/BOS 4H           +3/3 ███ CHOCH Bearish 4H (reversão confirmada)
2026-03-27 20:57:45 BRT [INFO   ]     P-1H Resistência 1H       +2/4 ██ Resistência 1H em 8.6770 (1.37% acima)
2026-03-27 20:57:45 BRT [INFO   ]     P1 Bollinger 15m          +2/3 ██ BB superior (91%)
2026-03-27 20:57:45 BRT [INFO   ]     P2 Candles 15m            +0/4 · Nenhum
2026-03-27 20:57:45 BRT [INFO   ]     P3 Funding Rate           +0/2 · -0.0046% (neutro)
2026-03-27 20:57:45 BRT [INFO   ]     P7 Filtro Pump/Dump       +0/0 · OK (-4.0%)
2026-03-27 20:57:45 BRT [INFO   ]     P8 Volume 15m             +0/2 · Volume fraco (0.5x < 1.2x)
2026-03-27 20:57:45 BRT [INFO   ]     P9 OI Crescente           +0/2 · OI estável (+2.7% vs média, 22.2M)
2026-03-27 20:57:45 BRT [DEBUG  ]     TradeParams SHORT: SL=0.49% | notional=$1020 | alav_margem=29.2x → cap=2x → alav=2.0x | margem=$510.19 ⚠️MARGEM $510>35 | risco=$5.00 | ganho=$10.00
2026-03-27 20:57:45 BRT [INFO   ]   📉 SHORT LINK: score=7/25 | entry=8.5600 | SL=0.49% | alav=2.0x ✅
2026-03-27 20:57:45 BRT [INFO   ]   ─ SHORT PUMP: 15m=60 | 1H=60 | 4H=60
2026-03-27 20:57:45 BRT [DEBUG  ]     find_swing_points: fallback window=3 aplicado (window=5 insuficiente: 5H/4L → 5H/4L)
2026-03-27 20:57:45 BRT [DEBUG  ]   SCORE PUMP [SHORT]: 3/25 | DQ=100% (abaixo do radar)
2026-03-27 20:57:45 BRT [DEBUG  ]     TradeParams SHORT: SL=0.64% | notional=$779 | alav_margem=22.3x → cap=2x → alav=2.0x | margem=$389.72 ⚠️MARGEM $390>35 | risco=$5.00 | ganho=$10.00
2026-03-27 20:57:45 BRT [INFO   ]   📉 SHORT PUMP: score=3/25 | entry=0.0017 | SL=0.64% | alav=2.0x ✅
2026-03-27 20:57:45 BRT [INFO   ]   ─ SHORT DOGE: 15m=60 | 1H=60 | 4H=60
2026-03-27 20:57:45 BRT [INFO   ]   SCORE DOGE [SHORT]: 5/25 | DQ=100% | klines: 15m=✅ 1H=✅ 4H=✅
2026-03-27 20:57:45 BRT [INFO   ]     Contexto 4H               +0/0 · SELL (contexto SHORT, não pontuado)
2026-03-27 20:57:45 BRT [INFO   ]     P4 Liquidez 4H            +1/3 █ OB Bearish 4H (0.0904-0.0925)
2026-03-27 20:57:45 BRT [INFO   ]     P5 Figuras 4H             +0/2 · Sem figuras bearish claras no 4H
2026-03-27 20:57:45 BRT [INFO   ]     P6 CHOCH/BOS 4H           +3/3 ███ CHOCH Bearish 4H (reversão confirmada)
2026-03-27 20:57:45 BRT [INFO   ]     P-1H Resistência 1H       +0/4 · Preço longe de resistências no 1H
2026-03-27 20:57:45 BRT [INFO   ]     P1 Bollinger 15m          +0/3 · BB neutro (54%)
2026-03-27 20:57:45 BRT [INFO   ]     P2 Candles 15m            +0/4 · Nenhum
2026-03-27 20:57:45 BRT [INFO   ]     P3 Funding Rate           +1/2 █ 0.0035% (leve positivo)
2026-03-27 20:57:45 BRT [INFO   ]     P7 Filtro Pump/Dump       +0/0 · OK (-2.2%)
2026-03-27 20:57:45 BRT [INFO   ]     P8 Volume 15m             +0/2 · Volume fraco (0.7x < 1.2x)
2026-03-27 20:57:45 BRT [INFO   ]     P9 OI Crescente           +0/2 · OI estável (+0.9% vs média, 94.7M)
2026-03-27 20:57:45 BRT [DEBUG  ]     TradeParams SHORT: SL=0.46% | notional=$1099 | alav_margem=31.4x → cap=2x → alav=2.0x | margem=$549.33 ⚠️MARGEM $549>35 | risco=$5.00 | ganho=$10.00
2026-03-27 20:57:45 BRT [INFO   ]   📉 SHORT DOGE: score=5/25 | entry=0.0900 | SL=0.46% | alav=2.0x ✅
2026-03-27 20:57:45 BRT [INFO   ]   ─ SHORT PIPPIN: 15m=60 | 1H=60 | 4H=60
2026-03-27 20:57:45 BRT [DEBUG  ]     find_swing_points: fallback window=3 aplicado (window=5 insuficiente: 6H/5L → 6H/5L)
2026-03-27 20:57:45 BRT [DEBUG  ]     find_swing_points: fallback window=3 aplicado (window=5 insuficiente: 6H/5L → 6H/5L)
2026-03-27 20:57:45 BRT [DEBUG  ]     find_swing_points: fallback window=3 aplicado (window=5 insuficiente: 6H/5L → 6H/5L)
2026-03-27 20:57:45 BRT [INFO   ]   SCORE PIPPIN [SHORT]: 5/25 | DQ=100% | klines: 15m=✅ 1H=✅ 4H=✅
2026-03-27 20:57:45 BRT [INFO   ]     Contexto 4H               +0/0 · STRONG_SELL (contexto SHORT, não pontuado)
2026-03-27 20:57:45 BRT [INFO   ]     P4 Liquidez 4H            +0/3 · Longe de resistências 4H
2026-03-27 20:57:45 BRT [INFO   ]     P5 Figuras 4H             +1/2 █ Cunha Ascendente (pullback bearish)
2026-03-27 20:57:45 BRT [INFO   ]     P6 CHOCH/BOS 4H           +0/3 · Sem estrutura bearish no 4H
2026-03-27 20:57:45 BRT [INFO   ]     P-1H Resistência 1H       +2/4 ██ OB Bearish 1H (0.0510-0.0514)
2026-03-27 20:57:45 BRT [INFO   ]     P1 Bollinger 15m          +0/3 · BB neutro (34%)
2026-03-27 20:57:45 BRT [INFO   ]     P2 Candles 15m            +0/4 · Nenhum
2026-03-27 20:57:45 BRT [INFO   ]     P3 Funding Rate           +1/2 █ 0.0465% (leve positivo)
2026-03-27 20:57:45 BRT [INFO   ]     P7 Filtro Pump/Dump       +0/0 · OK (-5.7%)
2026-03-27 20:57:45 BRT [INFO   ]     P8 Volume 15m             +1/2 █ Volume adequado (1.2x média)
2026-03-27 20:57:45 BRT [INFO   ]     P9 OI Crescente           +0/2 · OI estável (-3.0% vs média, 7.0M)
2026-03-27 20:57:45 BRT [DEBUG  ]     TradeParams SHORT: SL=4.48% | notional=$111 | alav_margem=3.2x → cap=2x → alav=2.0x | margem=$55.74 ⚠️MARGEM $56>35 | risco=$5.00 | ganho=$10.00
2026-03-27 20:57:45 BRT [INFO   ]   📉 SHORT PIPPIN: score=5/25 | entry=0.0517 | SL=4.48% | alav=2.0x ✅
2026-03-27 20:57:45 BRT [INFO   ]   ─ SHORT BEAT: 15m=60 | 1H=60 | 4H=60
2026-03-27 20:57:45 BRT [DEBUG  ]     find_swing_points: fallback window=3 aplicado (window=5 insuficiente: 6H/4L → 6H/4L)
2026-03-27 20:57:45 BRT [DEBUG  ]     find_swing_points: fallback window=3 aplicado (window=5 insuficiente: 6H/4L → 6H/4L)
2026-03-27 20:57:45 BRT [DEBUG  ]     find_swing_points: fallback window=3 aplicado (window=5 insuficiente: 6H/4L → 6H/4L)
2026-03-27 20:57:45 BRT [INFO   ]   SCORE BEAT [SHORT]: 6/25 | DQ=100% | klines: 15m=✅ 1H=✅ 4H=✅
2026-03-27 20:57:45 BRT [INFO   ]     Contexto 4H               +0/0 · SELL (contexto SHORT, não pontuado)
2026-03-27 20:57:45 BRT [INFO   ]     P4 Liquidez 4H            +0/3 · Longe de resistências 4H
2026-03-27 20:57:45 BRT [INFO   ]     P5 Figuras 4H             +0/2 · Sem figuras bearish claras no 4H
2026-03-27 20:57:45 BRT [INFO   ]     P6 CHOCH/BOS 4H           +3/3 ███ CHOCH Bearish 4H (reversão confirmada)
2026-03-27 20:57:45 BRT [INFO   ]     P-1H Resistência 1H       +2/4 ██ OB Bearish 1H (0.4996-0.5139)
2026-03-27 20:57:45 BRT [INFO   ]     P1 Bollinger 15m          +0/3 · BB neutro (5%)
2026-03-27 20:57:45 BRT [INFO   ]     P2 Candles 15m            +0/4 · Nenhum
2026-03-27 20:57:45 BRT [INFO   ]     P3 Funding Rate           +1/2 █ 0.0367% (leve positivo)
2026-03-27 20:57:45 BRT [INFO   ]     P7 Filtro Pump/Dump       +0/0 · OK (-11.2%)
2026-03-27 20:57:45 BRT [INFO   ]     P8 Volume 15m             +0/2 · Volume fraco (0.7x < 1.2x)
2026-03-27 20:57:45 BRT [INFO   ]     P9 OI Crescente           +0/2 · OI estável (-3.6% vs média, 9.2M)
2026-03-27 20:57:45 BRT [DEBUG  ]     TradeParams SHORT: SL=2.17% | notional=$230 | alav_margem=6.6x → cap=2x → alav=2.0x | margem=$115.24 ⚠️MARGEM $115>35 | risco=$5.00 | ganho=$10.00
2026-03-27 20:57:45 BRT [INFO   ]   📉 SHORT BEAT: score=6/25 | entry=0.5138 | SL=2.17% | alav=2.0x ✅
2026-03-27 20:57:45 BRT [INFO   ]   ─ SHORT XPL: 15m=60 | 1H=60 | 4H=60
2026-03-27 20:57:45 BRT [DEBUG  ]     find_swing_points: fallback window=3 aplicado (window=5 insuficiente: 4H/7L → 4H/7L)
2026-03-27 20:57:45 BRT [INFO   ]   SCORE XPL [SHORT]: 8/25 | DQ=100% | klines: 15m=✅ 1H=✅ 4H=✅
2026-03-27 20:57:45 BRT [INFO   ]     Contexto 4H               +0/0 · SELL (contexto SHORT, não pontuado)
2026-03-27 20:57:45 BRT [INFO   ]     P4 Liquidez 4H            +0/3 · Longe de resistências 4H
2026-03-27 20:57:45 BRT [INFO   ]     P5 Figuras 4H             +0/2 · Sem figuras bearish claras no 4H
2026-03-27 20:57:45 BRT [INFO   ]     P6 CHOCH/BOS 4H           +3/3 ███ CHOCH Bearish 4H (reversão confirmada)
2026-03-27 20:57:45 BRT [INFO   ]     P-1H Resistência 1H       +2/4 ██ Resistência 1H em 0.0912 (2.40% acima)
2026-03-27 20:57:45 BRT [INFO   ]     P1 Bollinger 15m          +1/3 █ BB alta (78%)
2026-03-27 20:57:45 BRT [INFO   ]     P2 Candles 15m            +0/4 · Nenhum
2026-03-27 20:57:45 BRT [INFO   ]     P3 Funding Rate           +0/2 · -0.0134% (neutro)
2026-03-27 20:57:45 BRT [INFO   ]     P7 Filtro Pump/Dump       +0/0 · OK (-4.9%)
2026-03-27 20:57:45 BRT [INFO   ]     P8 Volume 15m             +2/2 ██ Volume forte (2.3x média)
2026-03-27 20:57:45 BRT [INFO   ]     P9 OI Crescente           +0/2 · OI estável (-2.5% vs média, 6.1M)
2026-03-27 20:57:45 BRT [DEBUG  ]     TradeParams SHORT: SL=0.83% | notional=$606 | alav_margem=17.3x → cap=2x → alav=2.0x | margem=$303.02 ⚠️MARGEM $303>35 | risco=$5.00 | ganho=$10.00
2026-03-27 20:57:45 BRT [INFO   ]   📉 SHORT XPL: score=8/25 | entry=0.0891 | SL=0.83% | alav=2.0x ✅
2026-03-27 20:57:45 BRT [INFO   ]   ─ SHORT OP: 15m=60 | 1H=60 | 4H=60
2026-03-27 20:57:45 BRT [DEBUG  ]     find_swing_points: fallback window=3 aplicado (window=5 insuficiente: 8H/5L → 8H/5L)
2026-03-27 20:57:45 BRT [DEBUG  ]     find_swing_points: fallback window=3 aplicado (window=5 insuficiente: 8H/5L → 8H/5L)
2026-03-27 20:57:45 BRT [DEBUG  ]     find_swing_points: fallback window=3 aplicado (window=5 insuficiente: 8H/5L → 8H/5L)
2026-03-27 20:57:45 BRT [INFO   ]   SCORE OP [SHORT]: 6/25 | DQ=100% | klines: 15m=✅ 1H=✅ 4H=✅
2026-03-27 20:57:45 BRT [INFO   ]     Contexto 4H               +0/0 · SELL (contexto SHORT, não pontuado)
2026-03-27 20:57:45 BRT [INFO   ]     P4 Liquidez 4H            +0/3 · Longe de resistências 4H
2026-03-27 20:57:45 BRT [INFO   ]     P5 Figuras 4H             +0/2 · Sem figuras bearish claras no 4H
2026-03-27 20:57:45 BRT [INFO   ]     P6 CHOCH/BOS 4H           +3/3 ███ CHOCH Bearish 4H (reversão confirmada)
2026-03-27 20:57:45 BRT [INFO   ]     P-1H Resistência 1H       +0/4 · Preço longe de resistências no 1H
2026-03-27 20:57:45 BRT [INFO   ]     P1 Bollinger 15m          +0/3 · BB neutro (55%)
2026-03-27 20:57:45 BRT [INFO   ]     P2 Candles 15m            +0/4 · Nenhum
2026-03-27 20:57:45 BRT [INFO   ]     P3 Funding Rate           +1/2 █ 0.0100% (leve positivo)
2026-03-27 20:57:45 BRT [INFO   ]     P7 Filtro Pump/Dump       +0/0 · OK (-4.4%)
2026-03-27 20:57:45 BRT [INFO   ]     P8 Volume 15m             +2/2 ██ Volume forte (1.9x média)
2026-03-27 20:57:45 BRT [INFO   ]     P9 OI Crescente           +0/2 · OI estável (-3.7% vs média, 5.1M)
2026-03-27 20:57:45 BRT [DEBUG  ]     TradeParams SHORT: SL=0.69% | notional=$720 | alav_margem=20.6x → cap=2x → alav=2.0x | margem=$360.23 ⚠️MARGEM $360>35 | risco=$5.00 | ganho=$10.00
2026-03-27 20:57:45 BRT [INFO   ]   📉 SHORT OP: score=6/25 | entry=0.1039 | SL=0.69% | alav=2.0x ✅
2026-03-27 20:57:45 BRT [INFO   ]   ─ SHORT HBAR: 15m=60 | 1H=60 | 4H=60
2026-03-27 20:57:45 BRT [DEBUG  ]     find_swing_points: fallback window=3 aplicado (window=5 insuficiente: 5H/7L → 5H/7L)
2026-03-27 20:57:45 BRT [INFO   ]   SCORE HBAR [SHORT]: 8/25 | DQ=100% | klines: 15m=✅ 1H=✅ 4H=✅
2026-03-27 20:57:45 BRT [INFO   ]     Contexto 4H               +0/0 · SELL (contexto SHORT, não pontuado)
2026-03-27 20:57:45 BRT [INFO   ]     P4 Liquidez 4H            +1/3 █ OB Bearish 4H (0.0892-0.0921)
2026-03-27 20:57:45 BRT [INFO   ]     P5 Figuras 4H             +0/2 · Sem figuras bearish claras no 4H
2026-03-27 20:57:45 BRT [INFO   ]     P6 CHOCH/BOS 4H           +3/3 ███ CHOCH Bearish 4H (reversão confirmada)
2026-03-27 20:57:45 BRT [INFO   ]     P-1H Resistência 1H       +2/4 ██ Resistência 1H em 0.0899 (1.03% acima)
2026-03-27 20:57:45 BRT [INFO   ]     P1 Bollinger 15m          +0/3 · BB neutro (66%)
2026-03-27 20:57:45 BRT [INFO   ]     P2 Candles 15m            +0/4 · Nenhum
2026-03-27 20:57:45 BRT [INFO   ]     P3 Funding Rate           +1/2 █ 0.0005% (leve positivo)
2026-03-27 20:57:45 BRT [INFO   ]     P7 Filtro Pump/Dump       +0/0 · OK (-2.3%)
2026-03-27 20:57:45 BRT [INFO   ]     P8 Volume 15m             +1/2 █ Volume adequado (1.7x média)
2026-03-27 20:57:45 BRT [INFO   ]     P9 OI Crescente           +0/2 · OI estável (-2.1% vs média, 6.4M)
2026-03-27 20:57:45 BRT [DEBUG  ]     TradeParams SHORT: SL=0.41% | notional=$1218 | alav_margem=34.8x → cap=2x → alav=2.0x | margem=$608.98 ⚠️MARGEM $609>35 | risco=$5.00 | ganho=$10.00
2026-03-27 20:57:45 BRT [INFO   ]   📉 SHORT HBAR: score=8/25 | entry=0.0890 | SL=0.41% | alav=2.0x ✅
2026-03-27 20:57:45 BRT [INFO   ]   ─ SHORT SUI: 15m=60 | 1H=60 | 4H=60
2026-03-27 20:57:45 BRT [DEBUG  ]     find_swing_points: fallback window=3 aplicado (window=5 insuficiente: 5H/6L → 5H/6L)
2026-03-27 20:57:45 BRT [INFO   ]   SCORE SUI [SHORT]: 7/25 | DQ=100% | klines: 15m=✅ 1H=✅ 4H=✅
2026-03-27 20:57:45 BRT [INFO   ]     Contexto 4H               +0/0 · SELL (contexto SHORT, não pontuado)
2026-03-27 20:57:45 BRT [INFO   ]     P4 Liquidez 4H            +0/3 · Longe de resistências 4H
2026-03-27 20:57:45 BRT [INFO   ]     P5 Figuras 4H             +0/2 · Sem figuras bearish claras no 4H
2026-03-27 20:57:45 BRT [INFO   ]     P6 CHOCH/BOS 4H           +3/3 ███ CHOCH Bearish 4H (reversão confirmada)
2026-03-27 20:57:45 BRT [INFO   ]     P-1H Resistência 1H       +2/4 ██ Resistência 1H em 0.9004 (2.47% acima)
2026-03-27 20:57:45 BRT [INFO   ]     P1 Bollinger 15m          +1/3 █ BB alta (77%)
2026-03-27 20:57:45 BRT [INFO   ]     P2 Candles 15m            +0/4 · Nenhum
2026-03-27 20:57:45 BRT [INFO   ]     P3 Funding Rate           +0/2 · -0.0121% (neutro)
2026-03-27 20:57:45 BRT [INFO   ]     P7 Filtro Pump/Dump       +0/0 · OK (-5.1%)
2026-03-27 20:57:45 BRT [INFO   ]     P8 Volume 15m             +1/2 █ Volume adequado (1.4x média)
2026-03-27 20:57:45 BRT [INFO   ]     P9 OI Crescente           +0/2 · OI estável (-1.8% vs média, 22.9M)
2026-03-27 20:57:45 BRT [DEBUG  ]     TradeParams SHORT: SL=0.57% | notional=$870 | alav_margem=24.9x → cap=2x → alav=2.0x | margem=$435.06 ⚠️MARGEM $435>35 | risco=$5.00 | ganho=$10.00
2026-03-27 20:57:45 BRT [INFO   ]   📉 SHORT SUI: score=7/25 | entry=0.8787 | SL=0.57% | alav=2.0x ✅
2026-03-27 20:57:45 BRT [INFO   ]   ─ SHORT ASTER: 15m=60 | 1H=60 | 4H=60
2026-03-27 20:57:45 BRT [INFO   ]   SCORE ASTER [SHORT]: 10/25 | DQ=100% | klines: 15m=✅ 1H=✅ 4H=✅
2026-03-27 20:57:45 BRT [INFO   ]     Contexto 4H               +0/0 · SELL (contexto SHORT, não pontuado)
2026-03-27 20:57:45 BRT [INFO   ]     P4 Liquidez 4H            +3/3 ███ Resistência 4H 0.6749 (2.18% acima) | OB Bearish 4H (0.6571-0.6682) | Confluência Res+OB Bearish
2026-03-27 20:57:45 BRT [INFO   ]     P5 Figuras 4H             +1/2 █ Cunha Ascendente (pullback bearish)
2026-03-27 20:57:45 BRT [INFO   ]     P6 CHOCH/BOS 4H           +3/3 ███ CHOCH Bearish 4H (reversão confirmada)
2026-03-27 20:57:45 BRT [INFO   ]     P-1H Resistência 1H       +2/4 ██ Resistência 1H em 0.6665 (0.91% acima)
2026-03-27 20:57:45 BRT [INFO   ]     P1 Bollinger 15m          +0/3 · BB neutro (38%)
2026-03-27 20:57:45 BRT [INFO   ]     P2 Candles 15m            +0/4 · Nenhum
2026-03-27 20:57:45 BRT [INFO   ]     P3 Funding Rate           +1/2 █ 0.0050% (leve positivo)
2026-03-27 20:57:45 BRT [INFO   ]     P7 Filtro Pump/Dump       +0/0 · OK (-1.1%)
2026-03-27 20:57:45 BRT [INFO   ]     P8 Volume 15m             +0/2 · Volume fraco (0.7x < 1.2x)
2026-03-27 20:57:45 BRT [INFO   ]     P9 OI Crescente           +0/2 · OI estável (-1.3% vs média, 7.6M)
2026-03-27 20:57:45 BRT [DEBUG  ]     TradeParams SHORT: SL=0.30% | notional=$1694 | alav_margem=48.4x → cap=2x → alav=2.0x | margem=$846.76 ⚠️MARGEM $847>35 | risco=$5.00 | ganho=$10.00
2026-03-27 20:57:45 BRT [INFO   ]   📉 SHORT ASTER: score=10/25 | entry=0.6605 | SL=0.30% | alav=2.0x ✅
2026-03-27 20:57:45 BRT [INFO   ]   ─ SHORT DOT: 15m=60 | 1H=60 | 4H=60
2026-03-27 20:57:45 BRT [DEBUG  ]     find_swing_points: fallback window=3 aplicado (window=5 insuficiente: 4H/6L → 4H/6L)
2026-03-27 20:57:45 BRT [DEBUG  ]     find_swing_points: fallback window=3 aplicado (window=5 insuficiente: 4H/6L → 4H/6L)
2026-03-27 20:57:45 BRT [DEBUG  ]     find_swing_points: fallback window=3 aplicado (window=5 insuficiente: 4H/6L → 4H/6L)
2026-03-27 20:57:45 BRT [DEBUG  ]     find_swing_points: fallback window=3 aplicado (window=5 insuficiente: 7H/7L → 7H/7L)
2026-03-27 20:57:45 BRT [INFO   ]   SCORE DOT [SHORT]: 7/25 | DQ=100% | klines: 15m=✅ 1H=✅ 4H=✅
2026-03-27 20:57:45 BRT [INFO   ]     Contexto 4H               +0/0 · SELL (contexto SHORT, não pontuado)
2026-03-27 20:57:45 BRT [INFO   ]     P4 Liquidez 4H            +0/3 · Longe de resistências 4H
2026-03-27 20:57:45 BRT [INFO   ]     P5 Figuras 4H             +1/2 █ Cunha Ascendente (pullback bearish)
2026-03-27 20:57:45 BRT [INFO   ]     P6 CHOCH/BOS 4H           +3/3 ███ CHOCH Bearish 4H (reversão confirmada)
2026-03-27 20:57:45 BRT [INFO   ]     P-1H Resistência 1H       +0/4 · Preço longe de resistências no 1H
2026-03-27 20:57:45 BRT [INFO   ]     P1 Bollinger 15m          +1/3 █ BB alta (79%)
2026-03-27 20:57:45 BRT [INFO   ]     P2 Candles 15m            +0/4 · Nenhum
2026-03-27 20:57:45 BRT [INFO   ]     P3 Funding Rate           +0/2 · -0.0003% (neutro)
2026-03-27 20:57:45 BRT [INFO   ]     P7 Filtro Pump/Dump       +0/0 · OK (-2.5%)
2026-03-27 20:57:45 BRT [INFO   ]     P8 Volume 15m             +2/2 ██ Volume forte (1.9x média)
2026-03-27 20:57:45 BRT [INFO   ]     P9 OI Crescente           +0/2 · OI estável (+1.2% vs média, 14.0M)
2026-03-27 20:57:45 BRT [DEBUG  ]     TradeParams SHORT: SL=0.65% | notional=$765 | alav_margem=21.8x → cap=2x → alav=2.0x | margem=$382.34 ⚠️MARGEM $382>35 | risco=$5.00 | ganho=$10.00
2026-03-27 20:57:45 BRT [INFO   ]   📉 SHORT DOT: score=7/25 | entry=1.2890 | SL=0.65% | alav=2.0x ✅
2026-03-27 20:57:45 BRT [INFO   ]   ─ SHORT LIT: 15m=60 | 1H=60 | 4H=60
2026-03-27 20:57:45 BRT [DEBUG  ]     find_swing_points: fallback window=3 aplicado (window=5 insuficiente: 5H/6L → 5H/6L)
2026-03-27 20:57:45 BRT [INFO   ]   SCORE LIT [SHORT]: 5/25 | DQ=100% | klines: 15m=✅ 1H=✅ 4H=✅
2026-03-27 20:57:45 BRT [INFO   ]     Contexto 4H               +0/0 · SELL (contexto SHORT, não pontuado)
2026-03-27 20:57:45 BRT [INFO   ]     P4 Liquidez 4H            +0/3 · Longe de resistências 4H
2026-03-27 20:57:45 BRT [INFO   ]     P5 Figuras 4H             +0/2 · Dados insuficientes para figuras
2026-03-27 20:57:45 BRT [INFO   ]     P6 CHOCH/BOS 4H           +0/3 · Sem estrutura bearish no 4H
2026-03-27 20:57:45 BRT [INFO   ]     P-1H Resistência 1H       +4/4 ████ Resistência 1H em 0.8890 (1.08% acima) | OB Bearish 1H (0.8910-0.8940)
2026-03-27 20:57:45 BRT [INFO   ]     P1 Bollinger 15m          +0/3 · BB neutro (20%)
2026-03-27 20:57:45 BRT [INFO   ]     P2 Candles 15m            +0/4 · Nenhum
2026-03-27 20:57:45 BRT [INFO   ]     P3 Funding Rate           +1/2 █ 0.0050% (leve positivo)
2026-03-27 20:57:45 BRT [INFO   ]     P7 Filtro Pump/Dump       +0/0 · OK (-3.3%)
2026-03-27 20:57:45 BRT [INFO   ]     P8 Volume 15m             +0/2 · Volume fraco (0.4x < 1.2x)
2026-03-27 20:57:45 BRT [INFO   ]     P9 OI Crescente           +0/2 · OI estável (+2.0% vs média, 5.7M)
2026-03-27 20:57:45 BRT [DEBUG  ]     TradeParams SHORT: SL=0.92% | notional=$541 | alav_margem=15.4x → cap=2x → alav=2.0x | margem=$270.35 ⚠️MARGEM $270>35 | risco=$5.00 | ganho=$10.00
2026-03-27 20:57:45 BRT [INFO   ]   📉 SHORT LIT: score=5/25 | entry=0.8795 | SL=0.92% | alav=2.0x ✅
2026-03-27 20:57:45 BRT [INFO   ]   ─ SHORT SOL: 15m=60 | 1H=60 | 4H=60
2026-03-27 20:57:45 BRT [DEBUG  ]     find_swing_points: fallback window=3 aplicado (window=5 insuficiente: 3H/6L → 3H/6L)
2026-03-27 20:57:45 BRT [INFO   ]   SCORE SOL [SHORT]: 6/25 | DQ=100% | klines: 15m=✅ 1H=✅ 4H=✅
2026-03-27 20:57:45 BRT [INFO   ]     Contexto 4H               +0/0 · SELL (contexto SHORT, não pontuado)
2026-03-27 20:57:45 BRT [INFO   ]     P4 Liquidez 4H            +0/3 · Longe de resistências 4H
2026-03-27 20:57:45 BRT [INFO   ]     P5 Figuras 4H             +0/2 · Sem figuras bearish claras no 4H
2026-03-27 20:57:45 BRT [INFO   ]     P6 CHOCH/BOS 4H           +3/3 ███ CHOCH Bearish 4H (reversão confirmada)
2026-03-27 20:57:45 BRT [INFO   ]     P-1H Resistência 1H       +2/4 ██ Resistência 1H em 83.9410 (1.21% acima)
2026-03-27 20:57:45 BRT [INFO   ]     P1 Bollinger 15m          +1/3 █ BB alta (83%)
2026-03-27 20:57:45 BRT [INFO   ]     P2 Candles 15m            +0/4 · Nenhum
2026-03-27 20:57:45 BRT [INFO   ]     P3 Funding Rate           +0/2 · -0.0329% (neutro)
2026-03-27 20:57:45 BRT [INFO   ]     P7 Filtro Pump/Dump       +0/0 · OK (-4.0%)
2026-03-27 20:57:45 BRT [INFO   ]     P8 Volume 15m             +0/2 · Volume fraco (1.1x < 1.2x)
2026-03-27 20:57:45 BRT [INFO   ]     P9 OI Crescente           +0/2 · OI sem histórico ainda (247.8M USD)
2026-03-27 20:57:45 BRT [DEBUG  ]     TradeParams SHORT: SL=0.55% | notional=$902 | alav_margem=25.8x → cap=2x → alav=2.0x | margem=$451.10 ⚠️MARGEM $451>35 | risco=$5.00 | ganho=$10.00
2026-03-27 20:57:45 BRT [INFO   ]   📉 SHORT SOL: score=6/25 | entry=82.9400 | SL=0.55% | alav=2.0x ✅
2026-03-27 20:57:45 BRT [INFO   ]   ─ SHORT PEPE: 15m=60 | 1H=60 | 4H=60
2026-03-27 20:57:45 BRT [DEBUG  ]     find_swing_points: fallback window=3 aplicado (window=5 insuficiente: 4H/7L → 4H/7L)
2026-03-27 20:57:45 BRT [DEBUG  ]     find_swing_points: fallback window=3 aplicado (window=5 insuficiente: 4H/7L → 4H/7L)
2026-03-27 20:57:45 BRT [DEBUG  ]     find_swing_points: fallback window=3 aplicado (window=5 insuficiente: 4H/7L → 4H/7L)
2026-03-27 20:57:45 BRT [DEBUG  ]     find_swing_points: fallback window=3 aplicado (window=5 insuficiente: 6H/6L → 6H/6L)
2026-03-27 20:57:45 BRT [INFO   ]   SCORE PEPE [SHORT]: 7/25 | DQ=100% | klines: 15m=✅ 1H=✅ 4H=✅
2026-03-27 20:57:45 BRT [INFO   ]     Contexto 4H               +0/0 · SELL (contexto SHORT, não pontuado)
2026-03-27 20:57:45 BRT [INFO   ]     P4 Liquidez 4H            +1/3 █ OB Bearish 4H (0.0000-0.0000)
2026-03-27 20:57:45 BRT [INFO   ]     P5 Figuras 4H             +0/2 · Sem figuras bearish claras no 4H
2026-03-27 20:57:45 BRT [INFO   ]     P6 CHOCH/BOS 4H           +3/3 ███ CHOCH Bearish 4H (reversão confirmada)
2026-03-27 20:57:45 BRT [INFO   ]     P-1H Resistência 1H       +2/4 ██ Resistência 1H em 0.00000332 (1.43% acima)
2026-03-27 20:57:45 BRT [INFO   ]     P1 Bollinger 15m          +0/3 · BB neutro (40%)
2026-03-27 20:57:45 BRT [INFO   ]     P2 Candles 15m            +0/4 · Nenhum
2026-03-27 20:57:45 BRT [INFO   ]     P3 Funding Rate           +0/2 · -0.0115% (neutro)
2026-03-27 20:57:45 BRT [INFO   ]     P7 Filtro Pump/Dump       +0/0 · OK (-3.9%)
2026-03-27 20:57:45 BRT [INFO   ]     P8 Volume 15m             +1/2 █ Volume adequado (1.4x média)
2026-03-27 20:57:45 BRT [INFO   ]     P9 OI Crescente           +0/2 · OI estável (-2.4% vs média, 28.3M)
2026-03-27 20:57:45 BRT [DEBUG  ]     TradeParams SHORT: SL=0.59% | notional=$854 | alav_margem=24.4x → cap=2x → alav=2.0x | margem=$427.03 ⚠️MARGEM $427>35 | risco=$5.00 | ganho=$10.00
2026-03-27 20:57:45 BRT [INFO   ]   📉 SHORT PEPE: score=7/25 | entry=0.0000 | SL=0.59% | alav=2.0x ✅
2026-03-27 20:57:45 BRT [INFO   ]   ─ SHORT XRP: 15m=60 | 1H=60 | 4H=60
2026-03-27 20:57:45 BRT [DEBUG  ]     find_swing_points: fallback window=3 aplicado (window=5 insuficiente: 5H/6L → 5H/6L)
2026-03-27 20:57:45 BRT [INFO   ]   SCORE XRP [SHORT]: 5/25 | DQ=100% | klines: 15m=✅ 1H=✅ 4H=✅
2026-03-27 20:57:45 BRT [INFO   ]     Contexto 4H               +0/0 · SELL (contexto SHORT, não pontuado)
2026-03-27 20:57:45 BRT [INFO   ]     P4 Liquidez 4H            +0/3 · Longe de resistências 4H
2026-03-27 20:57:45 BRT [INFO   ]     P5 Figuras 4H             +0/2 · Sem figuras bearish claras no 4H
2026-03-27 20:57:45 BRT [INFO   ]     P6 CHOCH/BOS 4H           +3/3 ███ CHOCH Bearish 4H (reversão confirmada)
2026-03-27 20:57:45 BRT [INFO   ]     P-1H Resistência 1H       +2/4 ██ Resistência 1H em 1.3450 (1.56% acima)
2026-03-27 20:57:45 BRT [INFO   ]     P1 Bollinger 15m          +0/3 · BB neutro (46%)
2026-03-27 20:57:45 BRT [INFO   ]     P2 Candles 15m            +0/4 · Nenhum
2026-03-27 20:57:45 BRT [INFO   ]     P3 Funding Rate           +0/2 · -0.0157% (neutro)
2026-03-27 20:57:45 BRT [INFO   ]     P7 Filtro Pump/Dump       +0/0 · OK (-2.6%)
2026-03-27 20:57:45 BRT [INFO   ]     P8 Volume 15m             +0/2 · Volume fraco (1.2x < 1.2x)
2026-03-27 20:57:45 BRT [INFO   ]     P9 OI Crescente           +0/2 · OI estável (-0.2% vs média, 82.0M)
2026-03-27 20:57:45 BRT [DEBUG  ]     TradeParams SHORT: SL=0.44% | notional=$1126 | alav_margem=32.2x → cap=2x → alav=2.0x | margem=$562.90 ⚠️MARGEM $563>35 | risco=$5.00 | ganho=$10.00
2026-03-27 20:57:45 BRT [INFO   ]   📉 SHORT XRP: score=5/25 | entry=1.3244 | SL=0.44% | alav=2.0x ✅
2026-03-27 20:57:45 BRT [INFO   ] 
───────────────────────────────────────────────────────
2026-03-27 20:57:45 BRT [INFO   ]   ETAPA 4b — Análise leve LONG + SHORT (sem klines) [v6.3.0 A8]
2026-03-27 20:57:45 BRT [INFO   ] ───────────────────────────────────────────────────────
2026-03-27 20:57:45 BRT [DEBUG  ]   XLM      score parcial SHORT=0/25 → Em Observação SHORT
2026-03-27 20:57:45 BRT [DEBUG  ]   APT      score parcial SHORT=0/25 → Em Observação SHORT
2026-03-27 20:57:45 BRT [DEBUG  ]   ATOM     score parcial SHORT=0/25 → Em Observação SHORT
2026-03-27 20:57:45 BRT [INFO   ] 
───────────────────────────────────────────────────────
2026-03-27 20:57:45 BRT [INFO   ]   ETAPA 5 — Contexto de Mercado e Relatório Bidirecional
2026-03-27 20:57:45 BRT [INFO   ] ───────────────────────────────────────────────────────
2026-03-27 20:57:45 BRT [DEBUG  ]   🧹  Score history: 1 tokens removidos por TTL (25h): ['IPUSDT']
2026-03-27 20:57:45 BRT [INFO   ]   📚  Score history: 37 tokens rastreados
2026-03-27 20:57:45 BRT [DEBUG  ]   Contexto: FGI=13 | BTC=NEUTRAL | LONG=CAUTELOSO (Medo Extremo)(thr=20) | SHORT=MODERADO (Medo Extremo — mercado bearish)(thr=16) | risk_score=0
2026-03-27 20:57:45 BRT [INFO   ]   BTC 4H: NEUTRAL | Thr LONG: 20 (CAUTELOSO (Medo Extremo)) | Thr SHORT: 16 (MODERADO (Medo Extremo — mercado bearish))
2026-03-27 20:57:45 BRT [INFO   ]   Results LONG: 0 | SHORT: 20 | Obs LONG: 0 | Obs SHORT: 3
2026-03-27 20:57:45 BRT [INFO   ] 
───────────────────────────────────────────────────────
2026-03-27 20:57:45 BRT [INFO   ]   ETAPA 6 — Notificações Telegram
2026-03-27 20:57:45 BRT [INFO   ] ───────────────────────────────────────────────────────
2026-03-27 20:57:46 BRT [INFO   ]   📲  Telegram heartbeat: enviado ✅
2026-03-27 20:57:46 BRT [INFO   ]   📲  Telegram: 1/1 mensagens enviadas (1 heartbeat + 0 QUASE + 0 call)
2026-03-27 20:57:46 BRT [INFO   ] ==========================================================
🎯 SETUP ATIRADOR v6.6.2
📅 27/03/2026 20:57 BRT
📋 Log: atirador_LOG_20260327_2056.log
==========================================================
📊 CONTEXTO DE MERCADO
   Fear & Greed: 13 | BTC 4H: NEUTRAL
   LONG:  CAUTELOSO (Medo Extremo) | Threshold: 20 pts
   SHORT: MODERADO (Medo Extremo — mercado bearish) | Threshold: 16 pts
   Risk Score: 0
==========================================================

💼 SIZING Risk-First [v6.6.2]
   Banca: $100.00 | Risco fixo/trade: $5.00 | Margem máx/trade: $35

🔍 PIPELINE
   Fonte de dados: OKX (perpetuals USDT)
   Universo: 301 tokens | Qualificados: 36
   Gate 4H: LONG=2 | SHORT=24
   Gate 1H: LONG=0 | SHORT=23
   Análise completa: LONG=0 | SHORT=20 | Obs: LONG=0 SHORT=3
   ✅  Candle 15m fechado (765s após fechamento, último: 20:45:00 BRT)

──────────────────────────────────────────────────────────
📈 OPERAÇÕES LONG
──────────────────────────────────────────────────────────
ℹ️  Nenhum alerta LONG forte (score ≥ 20) no momento.

──────────────────────────────────────────────────────────
📉 OPERAÇÕES SHORT
──────────────────────────────────────────────────────────
ℹ️  Nenhum alerta SHORT forte (score ≥ 16) no momento.
   Score máximo SHORT: 10/25 (faltam 6 pts)

🔎 RADAR SHORT — Score 5–15:
   ⚠️  Não operar — insuficiente. Monitorar.
   · WLFI | 10/25 | STRONG_SELL 4H
   · ASTER | 10/25 | SELL 4H
   · AVAX | 9/25 | SELL 4H
   · SHIB | 8/25 | SELL 4H
   · XPL | 8/25 | SELL 4H

----------------------------------------------------------
⏱️  Execução: 81.8s | Analisados: 301 tokens
📁 Estado diário: /tmp/atirador_state.json
📋 Log completo: /tmp/atirador_logs/atirador_LOG_20260327_2056.log

2026-03-27 20:57:46 BRT [INFO   ] ✅ Scan v6.6.2 concluído em 81.8s | Fonte: OKX | Log: /tmp/atirador_logs/atirador_LOG_20260327_2056.log
