2026-03-26 18:01:29 BRT [INFO   ] 📋 Log iniciado: /tmp/atirador_logs/atirador_LOG_20260326_1801.log
2026-03-26 18:01:29 BRT [INFO   ] 🚀 Setup Atirador v6.6.2 | Arquitetura 3 Camadas (LONG+SHORT) | Iniciando scan...
2026-03-26 18:01:29 BRT [INFO   ] 
───────────────────────────────────────────────────────
2026-03-26 18:01:29 BRT [INFO   ]   ETAPA 1 — Tickers (Bybit/Bitget) + Fear & Greed
2026-03-26 18:01:29 BRT [INFO   ] ───────────────────────────────────────────────────────
2026-03-26 18:01:29 BRT [INFO   ] 📡 [v6.6.2] Iniciando busca de tickers — hierarquia OKX → Gate.io → Bitget
2026-03-26 18:01:29 BRT [INFO   ]    Filtros: vol≥$2.0M | OI≥$5M | timeout=8s/fonte
2026-03-26 18:01:29 BRT [INFO   ]    [Nota] Fonte ideal seria CoinGlass API (pago ~$35/mês) — ver docstring
2026-03-26 18:01:29 BRT [INFO   ]   📡  [OKX] Tentando com tickers + OI real...
2026-03-26 18:01:29 BRT [DEBUG  ]   📡  [OKX] Buscando tickers...
2026-03-26 18:01:30 BRT [DEBUG  ]      ✅ Tickers: 301 itens em 0.31s
2026-03-26 18:01:30 BRT [DEBUG  ]   📡  [OKX] Buscando Open Interest...
2026-03-26 18:01:30 BRT [DEBUG  ]      ✅ OI: 301 itens em 0.61s
2026-03-26 18:01:30 BRT [DEBUG  ]   📡  [OKX] Buscando Funding Rates reais...
2026-03-26 18:02:51 BRT [DEBUG  ]   📡  [OKX FR] Funding rates obtidos: 282/282 | erros: 0
2026-03-26 18:02:51 BRT [DEBUG  ]      ✅ FR: 282 tokens com funding rate em 81.18s
2026-03-26 18:02:51 BRT [DEBUG  ]      ✅ Mesclados: 301/301 com OI real em 81.18s
2026-03-26 18:02:51 BRT [INFO   ]   ✅  [OKX] Fonte ativa (com OI real) | 301 brutos → 38 qualificados
2026-03-26 18:02:51 BRT [INFO   ]   Fonte de dados: OKX | Universo: 301 brutos → 38 qualificados
2026-03-26 18:02:51 BRT [INFO   ]   Analisando todos os 38 tokens qualificados: ['PEPE', 'SHIB', 'PUMP', 'DOGE', 'PIPPIN', 'BEAT', 'ADA', 'XPL', 'WLFI', 'OP']...
2026-03-26 18:02:51 BRT [DEBUG  ]   TV batch: 38 tokens (.P perpétuo) | cols: ['Recommend.All|240', 'RSI|240']
2026-03-26 18:02:51 BRT [DEBUG  ]   Buscando Fear & Greed Index...
2026-03-26 18:02:51 BRT [DEBUG  ]   ✅  TV batch BYBIT: 35/38 retornados | 0.15s
2026-03-26 18:02:51 BRT [WARNING]   ⚠️  TV BYBIT: 3 sem retorno: ['PEPEUSDT', 'SHIBUSDT', 'PUMPUSDT']
2026-03-26 18:02:51 BRT [INFO   ]   🔄  [v5.1] Tentando prefixo BITGET: para 3 tokens sem dados...
2026-03-26 18:02:51 BRT [INFO   ]   ✅  TV BITGET: recuperados 3: ['PEPEUSDT', 'SHIBUSDT', 'PUMPUSDT'] | 0.04s
2026-03-26 18:02:51 BRT [DEBUG  ]   GET https://api.alternative.me/fng/?limit=1
2026-03-26 18:02:51 BRT [DEBUG  ]       → HTTP 200 | 0.2KB | enc:gzip | 0.21s
2026-03-26 18:02:51 BRT [INFO   ]   📊 Fear & Greed: 10 (Extreme Fear)
2026-03-26 18:02:51 BRT [INFO   ] 
───────────────────────────────────────────────────────
2026-03-26 18:02:51 BRT [INFO   ]   GATE 1 — Direção 4H (LONG: não SELL | SHORT: não BUY)
2026-03-26 18:02:51 BRT [INFO   ] ───────────────────────────────────────────────────────
2026-03-26 18:02:51 BRT [DEBUG  ]   ❌  PEPE     4H=SELL (val=-0.4000) RSI=46.6 — LONG REJEITADO
2026-03-26 18:02:51 BRT [DEBUG  ]   📉  PEPE     4H=SELL (val=-0.4000) RSI=46.6 — SHORT CANDIDATO
2026-03-26 18:02:51 BRT [DEBUG  ]   ❌  SHIB     4H=SELL (val=-0.2424) RSI=42.5 — LONG REJEITADO
2026-03-26 18:02:51 BRT [DEBUG  ]   📉  SHIB     4H=SELL (val=-0.2424) RSI=42.5 — SHORT CANDIDATO
2026-03-26 18:02:51 BRT [DEBUG  ]   ❌  PUMP     4H=SELL (val=-0.3091) RSI=41.0 — LONG REJEITADO
2026-03-26 18:02:51 BRT [DEBUG  ]   📉  PUMP     4H=SELL (val=-0.3091) RSI=41.0 — SHORT CANDIDATO
2026-03-26 18:02:51 BRT [DEBUG  ]   ❌  DOGE     4H=SELL (val=-0.3091) RSI=41.3 — LONG REJEITADO
2026-03-26 18:02:51 BRT [DEBUG  ]   📉  DOGE     4H=SELL (val=-0.3091) RSI=41.3 — SHORT CANDIDATO
2026-03-26 18:02:51 BRT [DEBUG  ]   ❌  PIPPIN   4H=SELL (val=-0.4212) RSI=32.3 — LONG REJEITADO
2026-03-26 18:02:51 BRT [DEBUG  ]   📉  PIPPIN   4H=SELL (val=-0.4212) RSI=32.3 — SHORT CANDIDATO
2026-03-26 18:02:51 BRT [DEBUG  ]   ❌  BEAT     4H=SELL (val=-0.1333) RSI=42.8 — LONG REJEITADO
2026-03-26 18:02:51 BRT [DEBUG  ]   📉  BEAT     4H=SELL (val=-0.1333) RSI=42.8 — SHORT CANDIDATO
2026-03-26 18:02:51 BRT [DEBUG  ]   ❌  ADA      4H=SELL (val=-0.2182) RSI=38.7 — LONG REJEITADO
2026-03-26 18:02:51 BRT [DEBUG  ]   📉  ADA      4H=SELL (val=-0.2182) RSI=38.7 — SHORT CANDIDATO
2026-03-26 18:02:51 BRT [DEBUG  ]   ❌  XPL      4H=SELL (val=-0.3545) RSI=40.4 — LONG REJEITADO
2026-03-26 18:02:51 BRT [DEBUG  ]   📉  XPL      4H=SELL (val=-0.3545) RSI=40.4 — SHORT CANDIDATO
2026-03-26 18:02:51 BRT [DEBUG  ]   ❌  WLFI     4H=SELL (val=-0.2636) RSI=43.6 — LONG REJEITADO
2026-03-26 18:02:51 BRT [DEBUG  ]   📉  WLFI     4H=SELL (val=-0.2636) RSI=43.6 — SHORT CANDIDATO
2026-03-26 18:02:51 BRT [DEBUG  ]   ❌  OP       4H=SELL (val=-0.2636) RSI=35.4 — LONG REJEITADO
2026-03-26 18:02:51 BRT [DEBUG  ]   📉  OP       4H=SELL (val=-0.2636) RSI=35.4 — SHORT CANDIDATO
2026-03-26 18:02:51 BRT [DEBUG  ]   ❌  WLD      4H=SELL (val=-0.2636) RSI=30.2 — LONG REJEITADO
2026-03-26 18:02:51 BRT [DEBUG  ]   📉  WLD      4H=SELL (val=-0.2636) RSI=30.2 — SHORT CANDIDATO
2026-03-26 18:02:51 BRT [DEBUG  ]   ❌  XRP      4H=SELL (val=-0.3091) RSI=37.2 — LONG REJEITADO
2026-03-26 18:02:51 BRT [DEBUG  ]   📉  XRP      4H=SELL (val=-0.3091) RSI=37.2 — SHORT CANDIDATO
2026-03-26 18:02:51 BRT [DEBUG  ]   ❌  CRV      4H=SELL (val=-0.4000) RSI=39.1 — LONG REJEITADO
2026-03-26 18:02:51 BRT [DEBUG  ]   📉  CRV      4H=SELL (val=-0.4000) RSI=39.1 — SHORT CANDIDATO
2026-03-26 18:02:51 BRT [DEBUG  ]   ❌  HBAR     4H=SELL (val=-0.3091) RSI=41.8 — LONG REJEITADO
2026-03-26 18:02:51 BRT [DEBUG  ]   📉  HBAR     4H=SELL (val=-0.3091) RSI=41.8 — SHORT CANDIDATO
2026-03-26 18:02:51 BRT [DEBUG  ]   ✅  ONDO     4H=BUY (val=0.4909) RSI=54.9 — LONG PASSOU
2026-03-26 18:02:51 BRT [DEBUG  ]   ✅  TRX      4H=BUY (val=0.1121) RSI=49.8 — LONG PASSOU
2026-03-26 18:02:51 BRT [DEBUG  ]   ❌  FIL      4H=SELL (val=-0.2636) RSI=37.1 — LONG REJEITADO
2026-03-26 18:02:51 BRT [DEBUG  ]   📉  FIL      4H=SELL (val=-0.2636) RSI=37.1 — SHORT CANDIDATO
2026-03-26 18:02:51 BRT [DEBUG  ]   ✅  XLM      4H=BUY (val=0.3333) RSI=55.6 — LONG PASSOU
2026-03-26 18:02:51 BRT [DEBUG  ]   ❌  POL      4H=SELL (val=-0.2636) RSI=43.4 — LONG REJEITADO
2026-03-26 18:02:51 BRT [DEBUG  ]   📉  POL      4H=SELL (val=-0.2636) RSI=43.4 — SHORT CANDIDATO
2026-03-26 18:02:51 BRT [DEBUG  ]   ❌  SUI      4H=SELL (val=-0.2636) RSI=42.4 — LONG REJEITADO
2026-03-26 18:02:51 BRT [DEBUG  ]   📉  SUI      4H=SELL (val=-0.2636) RSI=42.4 — SHORT CANDIDATO
2026-03-26 18:02:51 BRT [DEBUG  ]   ❌  IP       4H=SELL (val=-0.3091) RSI=29.2 — LONG REJEITADO
2026-03-26 18:02:51 BRT [DEBUG  ]   ⛔  IP       4H=SELL RSI=29.2 — SHORT REJEITADO (RSI<30, exausto)
2026-03-26 18:02:51 BRT [DEBUG  ]   ❌  DOT      4H=SELL (val=-0.2636) RSI=27.4 — LONG REJEITADO
2026-03-26 18:02:51 BRT [DEBUG  ]   ⛔  DOT      4H=SELL RSI=27.4 — SHORT REJEITADO (RSI<30, exausto)
2026-03-26 18:02:51 BRT [DEBUG  ]   ✅  ASTER    4H=NEUTRAL (val=0.0909) RSI=48.9 — LONG PASSOU
2026-03-26 18:02:51 BRT [DEBUG  ]   ❌  TRUMP    4H=SELL (val=-0.2636) RSI=34.6 — LONG REJEITADO
2026-03-26 18:02:51 BRT [DEBUG  ]   📉  TRUMP    4H=SELL (val=-0.2636) RSI=34.6 — SHORT CANDIDATO
2026-03-26 18:02:51 BRT [DEBUG  ]   ❌  RIVER    4H=SELL (val=-0.1727) RSI=28.7 — LONG REJEITADO
2026-03-26 18:02:51 BRT [DEBUG  ]   ⛔  RIVER    4H=SELL RSI=28.7 — SHORT REJEITADO (RSI<30, exausto)
2026-03-26 18:02:51 BRT [DEBUG  ]   ❌  NEAR     4H=SELL (val=-0.2636) RSI=33.6 — LONG REJEITADO
2026-03-26 18:02:51 BRT [DEBUG  ]   📉  NEAR     4H=SELL (val=-0.2636) RSI=33.6 — SHORT CANDIDATO
2026-03-26 18:02:51 BRT [DEBUG  ]   ✅  APT      4H=BUY (val=0.1333) RSI=50.4 — LONG PASSOU
2026-03-26 18:02:51 BRT [DEBUG  ]   ❌  SOL      4H=SELL (val=-0.2636) RSI=37.7 — LONG REJEITADO
2026-03-26 18:02:51 BRT [DEBUG  ]   📉  SOL      4H=SELL (val=-0.2636) RSI=37.7 — SHORT CANDIDATO
2026-03-26 18:02:51 BRT [DEBUG  ]   ❌  LIT      4H=SELL (val=-0.3091) RSI=32.6 — LONG REJEITADO
2026-03-26 18:02:51 BRT [DEBUG  ]   📉  LIT      4H=SELL (val=-0.3091) RSI=32.6 — SHORT CANDIDATO
2026-03-26 18:02:51 BRT [DEBUG  ]   ❌  UNI      4H=SELL (val=-0.4000) RSI=41.1 — LONG REJEITADO
2026-03-26 18:02:51 BRT [DEBUG  ]   📉  UNI      4H=SELL (val=-0.4000) RSI=41.1 — SHORT CANDIDATO
2026-03-26 18:02:51 BRT [DEBUG  ]   ✅  ZRO      4H=BUY (val=0.1788) RSI=49.9 — LONG PASSOU
2026-03-26 18:02:51 BRT [DEBUG  ]   ❌  LINK     4H=SELL (val=-0.2636) RSI=40.5 — LONG REJEITADO
2026-03-26 18:02:51 BRT [DEBUG  ]   📉  LINK     4H=SELL (val=-0.2636) RSI=40.5 — SHORT CANDIDATO
2026-03-26 18:02:51 BRT [DEBUG  ]   ❌  ETH      4H=SELL (val=-0.1970) RSI=37.2 — LONG REJEITADO
2026-03-26 18:02:51 BRT [DEBUG  ]   📉  ETH      4H=SELL (val=-0.1970) RSI=37.2 — SHORT CANDIDATO
2026-03-26 18:02:51 BRT [DEBUG  ]   ❌  AVAX     4H=SELL (val=-0.2636) RSI=35.7 — LONG REJEITADO
2026-03-26 18:02:51 BRT [DEBUG  ]   📉  AVAX     4H=SELL (val=-0.2636) RSI=35.7 — SHORT CANDIDATO
2026-03-26 18:02:51 BRT [DEBUG  ]   ❌  ATOM     4H=SELL (val=-0.2182) RSI=30.0 — LONG REJEITADO
2026-03-26 18:02:51 BRT [DEBUG  ]   ⛔  ATOM     4H=SELL RSI=30.0 — SHORT REJEITADO (RSI<30, exausto)
2026-03-26 18:02:51 BRT [DEBUG  ]   ❌  ICP      4H=SELL (val=-0.2636) RSI=34.6 — LONG REJEITADO
2026-03-26 18:02:51 BRT [DEBUG  ]   📉  ICP      4H=SELL (val=-0.2636) RSI=34.6 — SHORT CANDIDATO
2026-03-26 18:02:51 BRT [DEBUG  ]   ❌  TON      4H=STRONG_SELL (val=-0.5364) RSI=37.4 — LONG REJEITADO
2026-03-26 18:02:51 BRT [DEBUG  ]   📉  TON      4H=STRONG_SELL (val=-0.5364) RSI=37.4 — SHORT CANDIDATO
2026-03-26 18:02:51 BRT [DEBUG  ]   ✅  HYPE     4H=NEUTRAL (val=0.0030) RSI=45.6 — LONG PASSOU
2026-03-26 18:02:51 BRT [INFO   ]   Gate 4H: LONG=7 | SHORT=27 | sem dados TV=0 | universo=38
2026-03-26 18:02:51 BRT [INFO   ] 
───────────────────────────────────────────────────────
2026-03-26 18:02:51 BRT [INFO   ]   GATE 2 — Estrutura 1H (LONG: BUY+ | SHORT: SELL+)
2026-03-26 18:02:51 BRT [INFO   ] ───────────────────────────────────────────────────────
2026-03-26 18:02:51 BRT [DEBUG  ]   TV batch: 34 tokens (.P perpétuo) | cols: ['Recommend.All|60']
2026-03-26 18:02:51 BRT [DEBUG  ]   ✅  TV batch BYBIT: 31/34 retornados | 0.11s
2026-03-26 18:02:51 BRT [WARNING]   ⚠️  TV BYBIT: 3 sem retorno: ['PEPEUSDT', 'SHIBUSDT', 'PUMPUSDT']
2026-03-26 18:02:51 BRT [INFO   ]   🔄  [v5.1] Tentando prefixo BITGET: para 3 tokens sem dados...
2026-03-26 18:02:51 BRT [INFO   ]   ✅  TV BITGET: recuperados 3: ['PEPEUSDT', 'SHIBUSDT', 'PUMPUSDT'] | 0.04s
2026-03-26 18:02:51 BRT [DEBUG  ]   ✅  ONDO     1H=STRONG_BUY (val=0.5576) — LONG PASSOU
2026-03-26 18:02:51 BRT [DEBUG  ]   ❌  TRX      1H=SELL (val=-0.2667) — LONG REJEITADO
2026-03-26 18:02:51 BRT [DEBUG  ]   ❌  XLM      1H=NEUTRAL (val=-0.0667) — LONG REJEITADO
2026-03-26 18:02:51 BRT [DEBUG  ]   ✅  ASTER    1H=BUY (val=0.4030) — LONG PASSOU
2026-03-26 18:02:51 BRT [DEBUG  ]   ❌  APT      1H=SELL (val=-0.2000) — LONG REJEITADO
2026-03-26 18:02:51 BRT [DEBUG  ]   ✅  ZRO      1H=BUY (val=0.2667) — LONG PASSOU
2026-03-26 18:02:51 BRT [DEBUG  ]   ❌  HYPE     1H=SELL (val=-0.4909) — LONG REJEITADO
2026-03-26 18:02:51 BRT [DEBUG  ]   📉  PEPE     1H=SELL (val=-0.2212) — SHORT PASSOU
2026-03-26 18:02:51 BRT [DEBUG  ]   📉  SHIB     1H=SELL (val=-0.2424) — SHORT PASSOU
2026-03-26 18:02:51 BRT [DEBUG  ]   📉  PUMP     1H=SELL (val=-0.3788) — SHORT PASSOU
2026-03-26 18:02:51 BRT [DEBUG  ]   📉  DOGE     1H=SELL (val=-0.2212) — SHORT PASSOU
2026-03-26 18:02:51 BRT [DEBUG  ]   📉  PIPPIN   1H=SELL (val=-0.4909) — SHORT PASSOU
2026-03-26 18:02:51 BRT [DEBUG  ]   📉  BEAT     1H=STRONG_SELL (val=-0.5121) — SHORT PASSOU
2026-03-26 18:02:51 BRT [DEBUG  ]   📉  ADA      1H=SELL (val=-0.4000) — SHORT PASSOU
2026-03-26 18:02:51 BRT [DEBUG  ]   📉  XPL      1H=SELL (val=-0.4000) — SHORT PASSOU
2026-03-26 18:02:51 BRT [DEBUG  ]   📉  WLFI     1H=SELL (val=-0.4000) — SHORT PASSOU
2026-03-26 18:02:51 BRT [DEBUG  ]   📉  OP       1H=SELL (val=-0.4000) — SHORT PASSOU
2026-03-26 18:02:51 BRT [DEBUG  ]   📉  WLD      1H=SELL (val=-0.4000) — SHORT PASSOU
2026-03-26 18:02:51 BRT [DEBUG  ]   📉  XRP      1H=SELL (val=-0.4000) — SHORT PASSOU
2026-03-26 18:02:51 BRT [DEBUG  ]   📉  CRV      1H=SELL (val=-0.4000) — SHORT PASSOU
2026-03-26 18:02:51 BRT [DEBUG  ]   📉  HBAR     1H=SELL (val=-0.2424) — SHORT PASSOU
2026-03-26 18:02:51 BRT [DEBUG  ]   📉  FIL      1H=SELL (val=-0.3091) — SHORT PASSOU
2026-03-26 18:02:51 BRT [DEBUG  ]   📉  POL      1H=SELL (val=-0.4000) — SHORT PASSOU
2026-03-26 18:02:51 BRT [DEBUG  ]   📉  SUI      1H=SELL (val=-0.2212) — SHORT PASSOU
2026-03-26 18:02:51 BRT [DEBUG  ]   📉  TRUMP    1H=SELL (val=-0.4000) — SHORT PASSOU
2026-03-26 18:02:51 BRT [DEBUG  ]   📉  NEAR     1H=SELL (val=-0.3333) — SHORT PASSOU
2026-03-26 18:02:51 BRT [DEBUG  ]   📉  SOL      1H=SELL (val=-0.4000) — SHORT PASSOU
2026-03-26 18:02:51 BRT [DEBUG  ]   📉  LIT      1H=SELL (val=-0.2636) — SHORT PASSOU
2026-03-26 18:02:51 BRT [DEBUG  ]   📉  UNI      1H=SELL (val=-0.3333) — SHORT PASSOU
2026-03-26 18:02:51 BRT [DEBUG  ]   📉  LINK     1H=SELL (val=-0.4000) — SHORT PASSOU
2026-03-26 18:02:51 BRT [DEBUG  ]   📉  ETH      1H=SELL (val=-0.4000) — SHORT PASSOU
2026-03-26 18:02:51 BRT [DEBUG  ]   📉  AVAX     1H=SELL (val=-0.4000) — SHORT PASSOU
2026-03-26 18:02:51 BRT [DEBUG  ]   📉  ICP      1H=SELL (val=-0.3333) — SHORT PASSOU
2026-03-26 18:02:51 BRT [DEBUG  ]   📉  TON      1H=SELL (val=-0.4909) — SHORT PASSOU
2026-03-26 18:02:51 BRT [INFO   ]   Gate 1H: LONG=3 | SHORT=27 | rejeitados=4
2026-03-26 18:02:51 BRT [INFO   ] 
───────────────────────────────────────────────────────
2026-03-26 18:02:51 BRT [INFO   ]   ETAPA 3 — Indicadores 15m (TradingView) — LONG + SHORT [v6.4.1]
2026-03-26 18:02:51 BRT [INFO   ] ───────────────────────────────────────────────────────
2026-03-26 18:02:51 BRT [DEBUG  ]   TV batch: 30 tokens (.P perpétuo) | cols: ['BB.upper|15', 'BB.lower|15', 'ATR|15']
2026-03-26 18:02:51 BRT [DEBUG  ]   ✅  TV batch BYBIT: 27/30 retornados | 0.04s
2026-03-26 18:02:51 BRT [WARNING]   ⚠️  TV BYBIT: 3 sem retorno: ['PEPEUSDT', 'SHIBUSDT', 'PUMPUSDT']
2026-03-26 18:02:51 BRT [INFO   ]   🔄  [v5.1] Tentando prefixo BITGET: para 3 tokens sem dados...
2026-03-26 18:02:51 BRT [INFO   ]   ✅  TV BITGET: recuperados 3: ['PEPEUSDT', 'SHIBUSDT', 'PUMPUSDT'] | 0.04s
2026-03-26 18:02:51 BRT [DEBUG  ]   TV batch: 30 tokens (.P perpétuo) | cols: ['Candle.Engulfing.Bullish|15', 'Candle.Hammer|15', 'Candle.MorningStar|15', 'Candle.3WhiteSoldiers|15', 'Candle.Harami.Bullish|15', 'Candle.Doji.Dragonfly|15', 'Candle.Engulfing.Bearish|15', 'Candle.ShootingStar|15', 'Candle.EveningStar|15', 'Candle.3BlackCrows|15', 'Candle.Harami.Bearish|15']
2026-03-26 18:02:51 BRT [DEBUG  ]   ✅  TV batch BYBIT: 27/30 retornados | 0.10s
2026-03-26 18:02:51 BRT [WARNING]   ⚠️  TV BYBIT: 3 sem retorno: ['PEPEUSDT', 'SHIBUSDT', 'PUMPUSDT']
2026-03-26 18:02:51 BRT [INFO   ]   🔄  [v5.1] Tentando prefixo BITGET: para 3 tokens sem dados...
2026-03-26 18:02:51 BRT [INFO   ]   ✅  TV BITGET: recuperados 3: ['PEPEUSDT', 'SHIBUSDT', 'PUMPUSDT'] | 0.04s
2026-03-26 18:02:51 BRT [INFO   ]   TV 15m: tech=30/30 | candles=30/30
2026-03-26 18:02:51 BRT [DEBUG  ]   ONDO     ATR=0.0021 | BB_lower=0.2579 | BB_upper=0.2655 | FR=0.00005
2026-03-26 18:02:51 BRT [DEBUG  ]   ASTER    ATR=0.0020 | BB_lower=0.6575 | BB_upper=0.6665 | FR=0.00004
2026-03-26 18:02:51 BRT [DEBUG  ]   ZRO      ATR=0.0202 | BB_lower=2.0877 | BB_upper=2.1826 | FR=-0.00019
2026-03-26 18:02:51 BRT [DEBUG  ]   PEPE     ATR=0.0000 | BB_lower=0.0000 | BB_upper=0.0000 | FR=-0.00027
2026-03-26 18:02:51 BRT [DEBUG  ]   SHIB     ATR=0.0000 | BB_lower=0.0000 | BB_upper=0.0000 | FR=-0.00004
2026-03-26 18:02:51 BRT [DEBUG  ]   PUMP     ATR=0.0000 | BB_lower=0.0017 | BB_upper=0.0018 | FR=0.00002
2026-03-26 18:02:51 BRT [DEBUG  ]   DOGE     ATR=0.0004 | BB_lower=0.0904 | BB_upper=0.0921 | FR=-0.00004
2026-03-26 18:02:51 BRT [DEBUG  ]   PIPPIN   ATR=0.0017 | BB_lower=0.0517 | BB_upper=0.0593 | FR=0.00001
2026-03-26 18:02:51 BRT [DEBUG  ]   BEAT     ATR=0.0108 | BB_lower=0.5750 | BB_upper=0.5972 | FR=0.00091
2026-03-26 18:02:51 BRT [DEBUG  ]   ADA      ATR=0.0012 | BB_lower=0.2526 | BB_upper=0.2568 | FR=-0.00009
2026-03-26 18:02:51 BRT [DEBUG  ]   XPL      ATR=0.0008 | BB_lower=0.0913 | BB_upper=0.0936 | FR=0.00000
2026-03-26 18:02:51 BRT [DEBUG  ]   WLFI     ATR=0.0005 | BB_lower=0.0966 | BB_upper=0.0985 | FR=0.00003
2026-03-26 18:02:51 BRT [DEBUG  ]   OP       ATR=0.0010 | BB_lower=0.1055 | BB_upper=0.1121 | FR=-0.00005
2026-03-26 18:02:51 BRT [DEBUG  ]   WLD      ATR=0.0022 | BB_lower=0.2904 | BB_upper=0.2949 | FR=-0.00028
2026-03-26 18:02:51 BRT [DEBUG  ]   XRP      ATR=0.0065 | BB_lower=1.3373 | BB_upper=1.3697 | FR=-0.00011
2026-03-26 18:02:51 BRT [DEBUG  ]   CRV      ATR=0.0013 | BB_lower=0.2165 | BB_upper=0.2211 | FR=-0.00022
2026-03-26 18:02:51 BRT [DEBUG  ]   HBAR     ATR=0.0004 | BB_lower=0.0904 | BB_upper=0.0917 | FR=-0.00014
2026-03-26 18:02:51 BRT [DEBUG  ]   FIL      ATR=0.0048 | BB_lower=0.8604 | BB_upper=0.8873 | FR=-0.00016
2026-03-26 18:02:51 BRT [DEBUG  ]   POL      ATR=0.0004 | BB_lower=0.0931 | BB_upper=0.0946 | FR=0.00000
2026-03-26 18:02:51 BRT [DEBUG  ]   SUI      ATR=0.0048 | BB_lower=0.9054 | BB_upper=0.9285 | FR=-0.00008
2026-03-26 18:02:51 BRT [DEBUG  ]   TRUMP    ATR=0.0166 | BB_lower=3.0628 | BB_upper=3.1272 | FR=-0.00009
2026-03-26 18:02:51 BRT [DEBUG  ]   NEAR     ATR=0.0066 | BB_lower=1.2012 | BB_upper=1.2270 | FR=0.00000
2026-03-26 18:02:51 BRT [DEBUG  ]   SOL      ATR=0.4670 | BB_lower=85.2632 | BB_upper=87.6328 | FR=-0.00010
2026-03-26 18:02:51 BRT [DEBUG  ]   LIT      ATR=0.0074 | BB_lower=0.9006 | BB_upper=0.9436 | FR=0.00005
2026-03-26 18:02:51 BRT [DEBUG  ]   UNI      ATR=0.0175 | BB_lower=3.4783 | BB_upper=3.5429 | FR=-0.00001
2026-03-26 18:02:51 BRT [DEBUG  ]   LINK     ATR=0.0410 | BB_lower=8.7945 | BB_upper=8.9666 | FR=-0.00006
2026-03-26 18:02:51 BRT [DEBUG  ]   ETH      ATR=10.5782 | BB_lower=2033.7421 | BB_upper=2078.0399 | FR=-0.00001
2026-03-26 18:02:51 BRT [DEBUG  ]   AVAX     ATR=0.0417 | BB_lower=8.9570 | BB_upper=9.1926 | FR=-0.00023
2026-03-26 18:02:51 BRT [DEBUG  ]   ICP      ATR=0.0118 | BB_lower=2.2599 | BB_upper=2.3061 | FR=-0.00018
2026-03-26 18:02:51 BRT [DEBUG  ]   TON      ATR=0.0040 | BB_lower=1.2695 | BB_upper=1.2883 | FR=0.00005
2026-03-26 18:02:51 BRT [INFO   ] 
───────────────────────────────────────────────────────
2026-03-26 18:02:51 BRT [INFO   ]   ETAPA 3b — Score parcial (sem klines, para ordenação)
2026-03-26 18:02:51 BRT [INFO   ] ───────────────────────────────────────────────────────
2026-03-26 18:02:51 BRT [DEBUG  ]   ONDO     score parcial LONG: 1/25 [FR=0.0050% BB=0.2579–0.2655]
2026-03-26 18:02:51 BRT [DEBUG  ]   ASTER    score parcial LONG: 0/25 [FR=0.0042% BB=0.6575–0.6665]
2026-03-26 18:02:51 BRT [DEBUG  ]   ZRO      score parcial LONG: 1/25 [FR=-0.0188% BB=2.0877–2.1826]
2026-03-26 18:02:51 BRT [DEBUG  ]   PEPE     score parcial SHORT: 1/25 [FR=-0.0271% BB=0.0000–0.0000]
2026-03-26 18:02:51 BRT [DEBUG  ]   SHIB     score parcial SHORT: 0/25 [FR=-0.0037% BB=0.0000–0.0000]
2026-03-26 18:02:51 BRT [DEBUG  ]   PUMP     score parcial SHORT: 1/25 [FR=0.0019% BB=0.0017–0.0018]
2026-03-26 18:02:51 BRT [DEBUG  ]   DOGE     score parcial SHORT: 0/25 [FR=-0.0043% BB=0.0904–0.0921]
2026-03-26 18:02:51 BRT [DEBUG  ]   PIPPIN   score parcial SHORT: 1/25 [FR=0.0013% BB=0.0517–0.0593]
2026-03-26 18:02:51 BRT [DEBUG  ]   BEAT     score parcial SHORT: 2/25 [FR=0.0913% BB=0.5750–0.5972]
2026-03-26 18:02:51 BRT [DEBUG  ]   ADA      score parcial SHORT: 0/25 [FR=-0.0086% BB=0.2526–0.2568]
2026-03-26 18:02:51 BRT [DEBUG  ]   XPL      score parcial SHORT: 1/25 [FR=0.0004% BB=0.0913–0.0936]
2026-03-26 18:02:51 BRT [DEBUG  ]   WLFI     score parcial SHORT: 1/25 [FR=0.0030% BB=0.0966–0.0985]
2026-03-26 18:02:51 BRT [DEBUG  ]   OP       score parcial SHORT: 0/25 [FR=-0.0049% BB=0.1055–0.1121]
2026-03-26 18:02:51 BRT [DEBUG  ]   WLD      score parcial SHORT: 0/25 [FR=-0.0281% BB=0.2904–0.2949]
2026-03-26 18:02:51 BRT [DEBUG  ]   XRP      score parcial SHORT: 0/25 [FR=-0.0113% BB=1.3373–1.3697]
2026-03-26 18:02:51 BRT [DEBUG  ]   CRV      score parcial SHORT: 0/25 [FR=-0.0221% BB=0.2165–0.2211]
2026-03-26 18:02:51 BRT [DEBUG  ]   HBAR     score parcial SHORT: 0/25 [FR=-0.0139% BB=0.0904–0.0917]
2026-03-26 18:02:51 BRT [DEBUG  ]   FIL      score parcial SHORT: 0/25 [FR=-0.0158% BB=0.8604–0.8873]
2026-03-26 18:02:51 BRT [DEBUG  ]   POL      score parcial SHORT: 1/25 [FR=0.0000% BB=0.0931–0.0946]
2026-03-26 18:02:51 BRT [DEBUG  ]   SUI      score parcial SHORT: 1/25 [FR=-0.0077% BB=0.9054–0.9285]
2026-03-26 18:02:51 BRT [DEBUG  ]   TRUMP    score parcial SHORT: 0/25 [FR=-0.0090% BB=3.0628–3.1272]
2026-03-26 18:02:51 BRT [DEBUG  ]   NEAR     score parcial SHORT: 1/25 [FR=0.0004% BB=1.2012–1.2270]
2026-03-26 18:02:51 BRT [DEBUG  ]   SOL      score parcial SHORT: 0/25 [FR=-0.0105% BB=85.2632–87.6328]
2026-03-26 18:02:51 BRT [DEBUG  ]   LIT      score parcial SHORT: 1/25 [FR=0.0050% BB=0.9006–0.9436]
2026-03-26 18:02:51 BRT [DEBUG  ]   UNI      score parcial SHORT: 0/25 [FR=-0.0012% BB=3.4783–3.5429]
2026-03-26 18:02:51 BRT [DEBUG  ]   LINK     score parcial SHORT: 0/25 [FR=-0.0062% BB=8.7945–8.9666]
2026-03-26 18:02:51 BRT [DEBUG  ]   ETH      score parcial SHORT: 0/25 [FR=-0.0006% BB=2033.7421–2078.0399]
2026-03-26 18:02:51 BRT [DEBUG  ]   AVAX     score parcial SHORT: 0/25 [FR=-0.0234% BB=8.9570–9.1926]
2026-03-26 18:02:51 BRT [DEBUG  ]   ICP      score parcial SHORT: 0/25 [FR=-0.0176% BB=2.2599–2.3061]
2026-03-26 18:02:51 BRT [DEBUG  ]   TON      score parcial SHORT: 1/25 [FR=0.0050% BB=1.2695–1.2883]
2026-03-26 18:02:51 BRT [INFO   ]   Ordem LONG: ['ONDO', 'ZRO', 'ASTER']
2026-03-26 18:02:51 BRT [INFO   ]   Ordem SHORT: ['BEAT', 'PEPE', 'PUMP', 'PIPPIN', 'XPL', 'WLFI', 'POL', 'SUI', 'NEAR', 'LIT', 'TON', 'SHIB', 'DOGE', 'ADA', 'OP', 'WLD', 'XRP', 'CRV', 'HBAR', 'FIL', 'TRUMP', 'SOL', 'UNI', 'LINK', 'ETH', 'AVAX', 'ICP']
2026-03-26 18:02:51 BRT [INFO   ] 
───────────────────────────────────────────────────────
2026-03-26 18:02:51 BRT [INFO   ]   ETAPA 4 — Klines + Score completo (TOP 20 LONG + SHORT) [v6.2.0]
2026-03-26 18:02:51 BRT [INFO   ] ───────────────────────────────────────────────────────
2026-03-26 18:02:51 BRT [DEBUG  ]   Contexto: FGI=10 | BTC=NEUTRAL | LONG=CAUTELOSO (Medo Extremo)(thr=20) | SHORT=MODERADO (Medo Extremo — mercado bearish)(thr=16) | risk_score=0
2026-03-26 18:02:51 BRT [INFO   ]   ✅  [A4 CANDLE LOCK] Vela 15m fechada (172s após fechamento). Último fechamento: 18:00:00 BRT.
2026-03-26 18:02:51 BRT [INFO   ]   Buscando klines para: ['ONDO', 'ZRO', 'ASTER', 'BEAT', 'PEPE', 'PUMP', 'PIPPIN', 'XPL', 'WLFI', 'POL', 'SUI', 'NEAR', 'LIT', 'TON', 'SHIB', 'DOGE', 'ADA', 'OP', 'WLD', 'XRP', 'CRV', 'HBAR', 'FIL']
2026-03-26 18:02:51 BRT [DEBUG  ]   📡  Cache MISS ONDOUSDT 1H: arquivo não existe — buscando
2026-03-26 18:02:51 BRT [DEBUG  ]   📡  Cache MISS ZROUSDT 1H: arquivo não existe — buscando
2026-03-26 18:02:51 BRT [DEBUG  ]   📡  Cache MISS ASTERUSDT 1H: arquivo não existe — buscando
2026-03-26 18:02:51 BRT [DEBUG  ]   📡  Cache MISS BEATUSDT 1H: arquivo não existe — buscando
2026-03-26 18:02:51 BRT [DEBUG  ]   📡  Cache MISS PEPEUSDT 1H: arquivo não existe — buscando
2026-03-26 18:02:51 BRT [DEBUG  ]   📡  Cache MISS PUMPUSDT 1H: arquivo não existe — buscando
2026-03-26 18:02:51 BRT [DEBUG  ]   📡  Cache MISS PIPPINUSDT 1H: arquivo não existe — buscando
2026-03-26 18:02:51 BRT [DEBUG  ]   📡  Cache MISS XPLUSDT 1H: arquivo não existe — buscando
2026-03-26 18:02:51 BRT [DEBUG  ]   📡  Cache MISS WLFIUSDT 1H: arquivo não existe — buscando
2026-03-26 18:02:51 BRT [DEBUG  ]   📡  Cache MISS POLUSDT 1H: arquivo não existe — buscando
2026-03-26 18:02:51 BRT [DEBUG  ]   📡  Cache MISS SUIUSDT 1H: arquivo não existe — buscando
2026-03-26 18:02:51 BRT [DEBUG  ]   📡  Cache MISS NEARUSDT 1H: arquivo não existe — buscando
2026-03-26 18:02:51 BRT [DEBUG  ]   📡  Cache MISS LITUSDT 1H: arquivo não existe — buscando
2026-03-26 18:02:51 BRT [DEBUG  ]   📡  Cache MISS TONUSDT 1H: arquivo não existe — buscando
2026-03-26 18:02:51 BRT [DEBUG  ]   📡  Cache MISS SHIBUSDT 1H: arquivo não existe — buscando
2026-03-26 18:02:51 BRT [DEBUG  ]   📡  Cache MISS DOGEUSDT 1H: arquivo não existe — buscando
2026-03-26 18:02:51 BRT [DEBUG  ]   📡  Cache MISS ADAUSDT 1H: arquivo não existe — buscando
2026-03-26 18:02:51 BRT [DEBUG  ]   📡  Cache MISS OPUSDT 1H: arquivo não existe — buscando
2026-03-26 18:02:51 BRT [DEBUG  ]   📡  Cache MISS WLDUSDT 1H: arquivo não existe — buscando
2026-03-26 18:02:51 BRT [DEBUG  ]   📡  Cache MISS XRPUSDT 1H: arquivo não existe — buscando
2026-03-26 18:02:51 BRT [DEBUG  ]   📡  Cache MISS CRVUSDT 1H: arquivo não existe — buscando
2026-03-26 18:02:51 BRT [DEBUG  ]   📡  Cache MISS HBARUSDT 1H: arquivo não existe — buscando
2026-03-26 18:02:51 BRT [DEBUG  ]   📡  Cache MISS FILUSDT 1H: arquivo não existe — buscando
2026-03-26 18:02:51 BRT [DEBUG  ]   📡  Cache MISS ONDOUSDT 4H: arquivo não existe — buscando
2026-03-26 18:02:51 BRT [DEBUG  ]   📡  Cache MISS ZROUSDT 4H: arquivo não existe — buscando
2026-03-26 18:02:51 BRT [DEBUG  ]   📡  Cache MISS ASTERUSDT 4H: arquivo não existe — buscando
2026-03-26 18:02:51 BRT [DEBUG  ]   📡  Cache MISS BEATUSDT 4H: arquivo não existe — buscando
2026-03-26 18:02:51 BRT [DEBUG  ]   📡  Cache MISS PEPEUSDT 4H: arquivo não existe — buscando
2026-03-26 18:02:51 BRT [DEBUG  ]   📡  Cache MISS PUMPUSDT 4H: arquivo não existe — buscando
2026-03-26 18:02:51 BRT [DEBUG  ]   📡  Cache MISS PIPPINUSDT 4H: arquivo não existe — buscando
2026-03-26 18:02:51 BRT [DEBUG  ]   📡  Cache MISS XPLUSDT 4H: arquivo não existe — buscando
2026-03-26 18:02:51 BRT [DEBUG  ]   📡  Cache MISS WLFIUSDT 4H: arquivo não existe — buscando
2026-03-26 18:02:51 BRT [DEBUG  ]   📡  Cache MISS POLUSDT 4H: arquivo não existe — buscando
2026-03-26 18:02:51 BRT [DEBUG  ]   📡  Cache MISS SUIUSDT 4H: arquivo não existe — buscando
2026-03-26 18:02:51 BRT [DEBUG  ]   📡  Cache MISS NEARUSDT 4H: arquivo não existe — buscando
2026-03-26 18:02:51 BRT [DEBUG  ]   📡  Cache MISS LITUSDT 4H: arquivo não existe — buscando
2026-03-26 18:02:51 BRT [DEBUG  ]   📡  Cache MISS TONUSDT 4H: arquivo não existe — buscando
2026-03-26 18:02:51 BRT [DEBUG  ]   📡  Cache MISS SHIBUSDT 4H: arquivo não existe — buscando
2026-03-26 18:02:51 BRT [DEBUG  ]   📡  Cache MISS DOGEUSDT 4H: arquivo não existe — buscando
2026-03-26 18:02:51 BRT [DEBUG  ]   📡  Cache MISS ADAUSDT 4H: arquivo não existe — buscando
2026-03-26 18:02:51 BRT [DEBUG  ]   📡  Cache MISS OPUSDT 4H: arquivo não existe — buscando
2026-03-26 18:02:51 BRT [DEBUG  ]   📡  Cache MISS WLDUSDT 4H: arquivo não existe — buscando
2026-03-26 18:02:51 BRT [DEBUG  ]   📡  Cache MISS XRPUSDT 4H: arquivo não existe — buscando
2026-03-26 18:02:51 BRT [DEBUG  ]   📡  Cache MISS CRVUSDT 4H: arquivo não existe — buscando
2026-03-26 18:02:51 BRT [DEBUG  ]   📡  Cache MISS HBARUSDT 4H: arquivo não existe — buscando
2026-03-26 18:02:51 BRT [DEBUG  ]   📡  Cache MISS FILUSDT 4H: arquivo não existe — buscando
2026-03-26 18:02:51 BRT [DEBUG  ]   GET https://api.bitget.com/api/v2/mix/market/candles?productType=USDT-FUTURES&symbol...
2026-03-26 18:02:51 BRT [DEBUG  ]       → HTTP 200 | 5.0KB | enc:gzip | 0.36s
2026-03-26 18:02:51 BRT [DEBUG  ]   ✅  Klines DOGEUSDT 1H: 60 candles | 03/26 18:00 → 03/24 07:00
2026-03-26 18:02:51 BRT [DEBUG  ]   💾  Cache GRAVADO DOGEUSDT 1H: 60 candles
2026-03-26 18:02:51 BRT [DEBUG  ]   GET https://api.bitget.com/api/v2/mix/market/candles?productType=USDT-FUTURES&symbol...
2026-03-26 18:02:51 BRT [DEBUG  ]       → HTTP 200 | 4.7KB | enc:gzip | 0.36s
2026-03-26 18:02:51 BRT [DEBUG  ]   ✅  Klines POLUSDT 15m: 60 candles | 03/26 18:00 → 03/26 03:15
2026-03-26 18:02:51 BRT [DEBUG  ]   GET https://api.bitget.com/api/v2/mix/market/candles?productType=USDT-FUTURES&symbol...
2026-03-26 18:02:51 BRT [DEBUG  ]       → HTTP 200 | 4.2KB | enc:gzip | 0.37s
2026-03-26 18:02:51 BRT [DEBUG  ]   ✅  Klines LITUSDT 4H: 60 candles | 03/26 17:00 → 03/16 21:00
2026-03-26 18:02:51 BRT [DEBUG  ]   💾  Cache GRAVADO LITUSDT 4H: 60 candles
2026-03-26 18:02:51 BRT [DEBUG  ]   GET https://api.bitget.com/api/v2/mix/market/candles?productType=USDT-FUTURES&symbol...
2026-03-26 18:02:51 BRT [DEBUG  ]       → HTTP 200 | 4.5KB | enc:gzip | 0.37s
2026-03-26 18:02:51 BRT [DEBUG  ]   ✅  Klines WLFIUSDT 1H: 60 candles | 03/26 18:00 → 03/24 07:00
2026-03-26 18:02:51 BRT [DEBUG  ]   💾  Cache GRAVADO WLFIUSDT 1H: 60 candles
2026-03-26 18:02:51 BRT [DEBUG  ]   GET https://api.bitget.com/api/v2/mix/market/candles?productType=USDT-FUTURES&symbol...
2026-03-26 18:02:51 BRT [DEBUG  ]       → HTTP 200 | 4.8KB | enc:gzip | 0.37s
2026-03-26 18:02:51 BRT [DEBUG  ]   ✅  Klines XRPUSDT 4H: 60 candles | 03/26 17:00 → 03/16 21:00
2026-03-26 18:02:51 BRT [DEBUG  ]   💾  Cache GRAVADO XRPUSDT 4H: 60 candles
2026-03-26 18:02:51 BRT [DEBUG  ]   GET https://api.bitget.com/api/v2/mix/market/candles?productType=USDT-FUTURES&symbol...
2026-03-26 18:02:51 BRT [DEBUG  ]       → HTTP 200 | 4.7KB | enc:gzip | 0.37s
2026-03-26 18:02:51 BRT [DEBUG  ]   ✅  Klines TONUSDT 4H: 60 candles | 03/26 17:00 → 03/16 21:00
2026-03-26 18:02:51 BRT [DEBUG  ]   💾  Cache GRAVADO TONUSDT 4H: 60 candles
2026-03-26 18:02:51 BRT [DEBUG  ]   GET https://api.bitget.com/api/v2/mix/market/candles?productType=USDT-FUTURES&symbol...
2026-03-26 18:02:51 BRT [DEBUG  ]       → HTTP 200 | 4.6KB | enc:gzip | 0.38s
2026-03-26 18:02:51 BRT [DEBUG  ]   ✅  Klines ADAUSDT 1H: 60 candles | 03/26 18:00 → 03/24 07:00
2026-03-26 18:02:51 BRT [DEBUG  ]   💾  Cache GRAVADO ADAUSDT 1H: 60 candles
2026-03-26 18:02:52 BRT [DEBUG  ]   GET https://api.bitget.com/api/v2/mix/market/candles?productType=USDT-FUTURES&symbol...
2026-03-26 18:02:52 BRT [DEBUG  ]       → HTTP 200 | 4.5KB | enc:gzip | 0.39s
2026-03-26 18:02:52 BRT [DEBUG  ]   ✅  Klines ASTERUSDT 1H: 60 candles | 03/26 18:00 → 03/24 07:00
2026-03-26 18:02:52 BRT [DEBUG  ]   💾  Cache GRAVADO ASTERUSDT 1H: 60 candles
2026-03-26 18:02:52 BRT [DEBUG  ]   GET https://api.bitget.com/api/v2/mix/market/candles?productType=USDT-FUTURES&symbol...
2026-03-26 18:02:52 BRT [DEBUG  ]       → HTTP 200 | 4.5KB | enc:gzip | 0.39s
2026-03-26 18:02:52 BRT [DEBUG  ]   ✅  Klines WLDUSDT 15m: 60 candles | 03/26 18:00 → 03/26 03:15
2026-03-26 18:02:52 BRT [DEBUG  ]   GET https://api.bitget.com/api/v2/mix/market/candles?productType=USDT-FUTURES&symbol...
2026-03-26 18:02:52 BRT [DEBUG  ]       → HTTP 200 | 4.7KB | enc:gzip | 0.41s
2026-03-26 18:02:52 BRT [DEBUG  ]   ✅  Klines ADAUSDT 4H: 60 candles | 03/26 17:00 → 03/16 21:00
2026-03-26 18:02:52 BRT [DEBUG  ]   💾  Cache GRAVADO ADAUSDT 4H: 60 candles
2026-03-26 18:02:52 BRT [DEBUG  ]   GET https://api.bitget.com/api/v2/mix/market/candles?productType=USDT-FUTURES&symbol...
2026-03-26 18:02:52 BRT [DEBUG  ]       → HTTP 200 | 4.4KB | enc:gzip | 0.42s
2026-03-26 18:02:52 BRT [DEBUG  ]   ✅  Klines ASTERUSDT 15m: 60 candles | 03/26 18:00 → 03/26 03:15
2026-03-26 18:02:52 BRT [DEBUG  ]   GET https://api.bitget.com/api/v2/mix/market/candles?productType=USDT-FUTURES&symbol...
2026-03-26 18:02:52 BRT [DEBUG  ]       → HTTP 200 | 4.6KB | enc:gzip | 0.41s
2026-03-26 18:02:52 BRT [DEBUG  ]   ✅  Klines XPLUSDT 4H: 60 candles | 03/26 17:00 → 03/16 21:00
2026-03-26 18:02:52 BRT [DEBUG  ]   💾  Cache GRAVADO XPLUSDT 4H: 60 candles
2026-03-26 18:02:52 BRT [DEBUG  ]   GET https://api.bitget.com/api/v2/mix/market/candles?productType=USDT-FUTURES&symbol...
2026-03-26 18:02:52 BRT [DEBUG  ]       → HTTP 200 | 4.6KB | enc:gzip | 0.41s
2026-03-26 18:02:52 BRT [DEBUG  ]   ✅  Klines CRVUSDT 4H: 60 candles | 03/26 17:00 → 03/16 21:00
2026-03-26 18:02:52 BRT [DEBUG  ]   💾  Cache GRAVADO CRVUSDT 4H: 60 candles
2026-03-26 18:02:52 BRT [DEBUG  ]   GET https://api.bitget.com/api/v2/mix/market/candles?productType=USDT-FUTURES&symbol...
2026-03-26 18:02:52 BRT [DEBUG  ]       → HTTP 200 | 4.9KB | enc:gzip | 0.42s
2026-03-26 18:02:52 BRT [DEBUG  ]   ✅  Klines HBARUSDT 1H: 60 candles | 03/26 18:00 → 03/24 07:00
2026-03-26 18:02:52 BRT [DEBUG  ]   💾  Cache GRAVADO HBARUSDT 1H: 60 candles
2026-03-26 18:02:52 BRT [DEBUG  ]   GET https://api.bitget.com/api/v2/mix/market/candles?productType=USDT-FUTURES&symbol...
2026-03-26 18:02:52 BRT [DEBUG  ]       → HTTP 200 | 6.4KB | enc:gzip | 0.42s
2026-03-26 18:02:52 BRT [DEBUG  ]   ✅  Klines PEPEUSDT 15m: 60 candles | 03/26 18:00 → 03/26 03:15
2026-03-26 18:02:52 BRT [DEBUG  ]   GET https://api.bitget.com/api/v2/mix/market/candles?productType=USDT-FUTURES&symbol...
2026-03-26 18:02:52 BRT [DEBUG  ]       → HTTP 200 | 4.6KB | enc:gzip | 0.42s
2026-03-26 18:02:52 BRT [DEBUG  ]   ✅  Klines ADAUSDT 15m: 60 candles | 03/26 18:00 → 03/26 03:15
2026-03-26 18:02:52 BRT [DEBUG  ]   GET https://api.bitget.com/api/v2/mix/market/candles?productType=USDT-FUTURES&symbol...
2026-03-26 18:02:52 BRT [DEBUG  ]       → HTTP 200 | 4.5KB | enc:gzip | 0.42s
2026-03-26 18:02:52 BRT [DEBUG  ]   ✅  Klines XPLUSDT 15m: 60 candles | 03/26 18:00 → 03/26 03:15
2026-03-26 18:02:52 BRT [DEBUG  ]   GET https://api.bitget.com/api/v2/mix/market/candles?productType=USDT-FUTURES&symbol...
2026-03-26 18:02:52 BRT [DEBUG  ]       → HTTP 200 | 6.5KB | enc:gzip | 0.42s
2026-03-26 18:02:52 BRT [DEBUG  ]   ✅  Klines PEPEUSDT 1H: 60 candles | 03/26 18:00 → 03/24 07:00
2026-03-26 18:02:52 BRT [DEBUG  ]   💾  Cache GRAVADO PEPEUSDT 1H: 60 candles
2026-03-26 18:02:52 BRT [DEBUG  ]   GET https://api.bitget.com/api/v2/mix/market/candles?productType=USDT-FUTURES&symbol...
2026-03-26 18:02:52 BRT [DEBUG  ]       → HTTP 200 | 4.6KB | enc:gzip | 0.42s
2026-03-26 18:02:52 BRT [DEBUG  ]   ✅  Klines NEARUSDT 4H: 60 candles | 03/26 17:00 → 03/16 21:00
2026-03-26 18:02:52 BRT [DEBUG  ]   💾  Cache GRAVADO NEARUSDT 4H: 60 candles
2026-03-26 18:02:52 BRT [DEBUG  ]   GET https://api.bitget.com/api/v2/mix/market/candles?productType=USDT-FUTURES&symbol...
2026-03-26 18:02:52 BRT [DEBUG  ]       → HTTP 200 | 4.9KB | enc:gzip | 0.42s
2026-03-26 18:02:52 BRT [DEBUG  ]   ✅  Klines PIPPINUSDT 1H: 60 candles | 03/26 18:00 → 03/24 07:00
2026-03-26 18:02:52 BRT [DEBUG  ]   💾  Cache GRAVADO PIPPINUSDT 1H: 60 candles
2026-03-26 18:02:52 BRT [DEBUG  ]   GET https://api.bitget.com/api/v2/mix/market/candles?productType=USDT-FUTURES&symbol...
2026-03-26 18:02:52 BRT [DEBUG  ]       → HTTP 200 | 4.6KB | enc:gzip | 0.43s
2026-03-26 18:02:52 BRT [DEBUG  ]   ✅  Klines XPLUSDT 1H: 60 candles | 03/26 18:00 → 03/24 07:00
2026-03-26 18:02:52 BRT [DEBUG  ]   💾  Cache GRAVADO XPLUSDT 1H: 60 candles
2026-03-26 18:02:52 BRT [DEBUG  ]   GET https://api.bitget.com/api/v2/mix/market/candles?productType=USDT-FUTURES&symbol...
2026-03-26 18:02:52 BRT [DEBUG  ]       → HTTP 200 | 4.5KB | enc:gzip | 0.43s
2026-03-26 18:02:52 BRT [DEBUG  ]   ✅  Klines CRVUSDT 15m: 60 candles | 03/26 18:00 → 03/26 03:15
2026-03-26 18:02:52 BRT [DEBUG  ]   GET https://api.bitget.com/api/v2/mix/market/candles?productType=USDT-FUTURES&symbol...
2026-03-26 18:02:52 BRT [DEBUG  ]       → HTTP 200 | 5.2KB | enc:gzip | 0.43s
2026-03-26 18:02:52 BRT [DEBUG  ]   ✅  Klines PUMPUSDT 15m: 60 candles | 03/26 18:00 → 03/26 03:15
2026-03-26 18:02:52 BRT [DEBUG  ]   GET https://api.bitget.com/api/v2/mix/market/candles?productType=USDT-FUTURES&symbol...
2026-03-26 18:02:52 BRT [DEBUG  ]       → HTTP 200 | 4.8KB | enc:gzip | 0.43s
2026-03-26 18:02:52 BRT [DEBUG  ]   ✅  Klines POLUSDT 1H: 60 candles | 03/26 18:00 → 03/24 07:00
2026-03-26 18:02:52 BRT [DEBUG  ]   💾  Cache GRAVADO POLUSDT 1H: 60 candles
2026-03-26 18:02:52 BRT [DEBUG  ]   GET https://api.bitget.com/api/v2/mix/market/candles?productType=USDT-FUTURES&symbol...
2026-03-26 18:02:52 BRT [DEBUG  ]       → HTTP 200 | 5.0KB | enc:gzip | 0.42s
2026-03-26 18:02:52 BRT [DEBUG  ]   ✅  Klines DOGEUSDT 4H: 60 candles | 03/26 17:00 → 03/16 21:00
2026-03-26 18:02:52 BRT [DEBUG  ]   💾  Cache GRAVADO DOGEUSDT 4H: 60 candles
2026-03-26 18:02:52 BRT [DEBUG  ]   GET https://api.bitget.com/api/v2/mix/market/candles?productType=USDT-FUTURES&symbol...
2026-03-26 18:02:52 BRT [DEBUG  ]       → HTTP 200 | 4.7KB | enc:gzip | 0.43s
2026-03-26 18:02:52 BRT [DEBUG  ]   ✅  Klines ONDOUSDT 1H: 60 candles | 03/26 18:00 → 03/24 07:00
2026-03-26 18:02:52 BRT [DEBUG  ]   💾  Cache GRAVADO ONDOUSDT 1H: 60 candles
2026-03-26 18:02:52 BRT [DEBUG  ]   GET https://api.bitget.com/api/v2/mix/market/candles?productType=USDT-FUTURES&symbol...
2026-03-26 18:02:52 BRT [DEBUG  ]       → HTTP 200 | 6.1KB | enc:gzip | 0.43s
2026-03-26 18:02:52 BRT [DEBUG  ]   ✅  Klines SHIBUSDT 1H: 60 candles | 03/26 18:00 → 03/24 07:00
2026-03-26 18:02:52 BRT [DEBUG  ]   💾  Cache GRAVADO SHIBUSDT 1H: 60 candles
2026-03-26 18:02:52 BRT [DEBUG  ]   GET https://api.bitget.com/api/v2/mix/market/candles?productType=USDT-FUTURES&symbol...
2026-03-26 18:02:52 BRT [DEBUG  ]       → HTTP 200 | 4.7KB | enc:gzip | 0.43s
2026-03-26 18:02:52 BRT [DEBUG  ]   ✅  Klines SUIUSDT 15m: 60 candles | 03/26 18:00 → 03/26 03:15
2026-03-26 18:02:52 BRT [DEBUG  ]   GET https://api.bitget.com/api/v2/mix/market/candles?productType=USDT-FUTURES&symbol...
2026-03-26 18:02:52 BRT [DEBUG  ]       → HTTP 200 | 4.7KB | enc:gzip | 0.43s
2026-03-26 18:02:52 BRT [DEBUG  ]   ✅  Klines XRPUSDT 1H: 60 candles | 03/26 18:00 → 03/24 07:00
2026-03-26 18:02:52 BRT [DEBUG  ]   💾  Cache GRAVADO XRPUSDT 1H: 60 candles
2026-03-26 18:02:52 BRT [DEBUG  ]   GET https://api.bitget.com/api/v2/mix/market/candles?productType=USDT-FUTURES&symbol...
2026-03-26 18:02:52 BRT [DEBUG  ]       → HTTP 200 | 4.8KB | enc:gzip | 0.44s
2026-03-26 18:02:52 BRT [DEBUG  ]   ✅  Klines BEATUSDT 15m: 60 candles | 03/26 18:00 → 03/26 03:15
2026-03-26 18:02:52 BRT [DEBUG  ]   GET https://api.bitget.com/api/v2/mix/market/candles?productType=USDT-FUTURES&symbol...
2026-03-26 18:02:52 BRT [DEBUG  ]       → HTTP 200 | 4.8KB | enc:gzip | 0.43s
2026-03-26 18:02:52 BRT [DEBUG  ]   ✅  Klines ONDOUSDT 4H: 60 candles | 03/26 17:00 → 03/16 21:00
2026-03-26 18:02:52 BRT [DEBUG  ]   💾  Cache GRAVADO ONDOUSDT 4H: 60 candles
2026-03-26 18:02:52 BRT [DEBUG  ]   GET https://api.bitget.com/api/v2/mix/market/candles?productType=USDT-FUTURES&symbol...
2026-03-26 18:02:52 BRT [DEBUG  ]       → HTTP 200 | 4.1KB | enc:gzip | 0.44s
2026-03-26 18:02:52 BRT [DEBUG  ]   ✅  Klines LITUSDT 15m: 60 candles | 03/26 18:00 → 03/26 03:15
2026-03-26 18:02:52 BRT [DEBUG  ]   GET https://api.bitget.com/api/v2/mix/market/candles?productType=USDT-FUTURES&symbol...
2026-03-26 18:02:52 BRT [DEBUG  ]       → HTTP 200 | 4.6KB | enc:gzip | 0.43s
2026-03-26 18:02:52 BRT [DEBUG  ]   ✅  Klines WLFIUSDT 4H: 60 candles | 03/26 17:00 → 03/16 21:00
2026-03-26 18:02:52 BRT [DEBUG  ]   💾  Cache GRAVADO WLFIUSDT 4H: 60 candles
2026-03-26 18:02:52 BRT [DEBUG  ]   GET https://api.bitget.com/api/v2/mix/market/candles?productType=USDT-FUTURES&symbol...
2026-03-26 18:02:52 BRT [DEBUG  ]       → HTTP 200 | 4.6KB | enc:gzip | 0.44s
2026-03-26 18:02:52 BRT [DEBUG  ]   ✅  Klines ONDOUSDT 15m: 60 candles | 03/26 18:00 → 03/26 03:15
2026-03-26 18:02:52 BRT [DEBUG  ]   GET https://api.bitget.com/api/v2/mix/market/candles?productType=USDT-FUTURES&symbol...
2026-03-26 18:02:52 BRT [DEBUG  ]       → HTTP 200 | 4.8KB | enc:gzip | 0.44s
2026-03-26 18:02:52 BRT [DEBUG  ]   ✅  Klines HBARUSDT 15m: 60 candles | 03/26 18:00 → 03/26 03:15
2026-03-26 18:02:52 BRT [DEBUG  ]   GET https://api.bitget.com/api/v2/mix/market/candles?productType=USDT-FUTURES&symbol...
2026-03-26 18:02:52 BRT [DEBUG  ]       → HTTP 200 | 5.3KB | enc:gzip | 0.44s
2026-03-26 18:02:52 BRT [DEBUG  ]   ✅  Klines PUMPUSDT 1H: 60 candles | 03/26 18:00 → 03/24 07:00
2026-03-26 18:02:52 BRT [DEBUG  ]   💾  Cache GRAVADO PUMPUSDT 1H: 60 candles
2026-03-26 18:02:52 BRT [DEBUG  ]   GET https://api.bitget.com/api/v2/mix/market/candles?productType=USDT-FUTURES&symbol...
2026-03-26 18:02:52 BRT [DEBUG  ]       → HTTP 200 | 4.5KB | enc:gzip | 0.44s
2026-03-26 18:02:52 BRT [DEBUG  ]   ✅  Klines NEARUSDT 15m: 60 candles | 03/26 18:00 → 03/26 03:15
2026-03-26 18:02:52 BRT [DEBUG  ]   GET https://api.bitget.com/api/v2/mix/market/candles?productType=USDT-FUTURES&symbol...
2026-03-26 18:02:52 BRT [DEBUG  ]       → HTTP 200 | 6.1KB | enc:gzip | 0.44s
2026-03-26 18:02:52 BRT [DEBUG  ]   ✅  Klines SHIBUSDT 4H: 60 candles | 03/26 17:00 → 03/16 21:00
2026-03-26 18:02:52 BRT [DEBUG  ]   💾  Cache GRAVADO SHIBUSDT 4H: 60 candles
2026-03-26 18:02:52 BRT [DEBUG  ]   GET https://api.bitget.com/api/v2/mix/market/candles?productType=USDT-FUTURES&symbol...
2026-03-26 18:02:52 BRT [DEBUG  ]       → HTTP 200 | 4.8KB | enc:gzip | 0.44s
2026-03-26 18:02:52 BRT [DEBUG  ]   ✅  Klines FILUSDT 4H: 60 candles | 03/26 17:00 → 03/16 21:00
2026-03-26 18:02:52 BRT [DEBUG  ]   💾  Cache GRAVADO FILUSDT 4H: 60 candles
2026-03-26 18:02:52 BRT [DEBUG  ]   GET https://api.bitget.com/api/v2/mix/market/candles?productType=USDT-FUTURES&symbol...
2026-03-26 18:02:52 BRT [DEBUG  ]       → HTTP 200 | 4.6KB | enc:gzip | 0.44s
2026-03-26 18:02:52 BRT [DEBUG  ]   ✅  Klines OPUSDT 15m: 60 candles | 03/26 18:00 → 03/26 03:15
2026-03-26 18:02:52 BRT [DEBUG  ]   GET https://api.bitget.com/api/v2/mix/market/candles?productType=USDT-FUTURES&symbol...
2026-03-26 18:02:52 BRT [DEBUG  ]       → HTTP 200 | 4.6KB | enc:gzip | 0.44s
2026-03-26 18:02:52 BRT [DEBUG  ]   ✅  Klines ASTERUSDT 4H: 60 candles | 03/26 17:00 → 03/16 21:00
2026-03-26 18:02:52 BRT [DEBUG  ]   💾  Cache GRAVADO ASTERUSDT 4H: 60 candles
2026-03-26 18:02:52 BRT [DEBUG  ]   GET https://api.bitget.com/api/v2/mix/market/candles?productType=USDT-FUTURES&symbol...
2026-03-26 18:02:52 BRT [DEBUG  ]       → HTTP 200 | 4.9KB | enc:gzip | 0.44s
2026-03-26 18:02:52 BRT [DEBUG  ]   ✅  Klines POLUSDT 4H: 60 candles | 03/26 17:00 → 03/16 21:00
2026-03-26 18:02:52 BRT [DEBUG  ]   💾  Cache GRAVADO POLUSDT 4H: 60 candles
2026-03-26 18:02:52 BRT [DEBUG  ]   GET https://api.bitget.com/api/v2/mix/market/candles?productType=USDT-FUTURES&symbol...
2026-03-26 18:02:52 BRT [DEBUG  ]       → HTTP 200 | 4.5KB | enc:gzip | 0.45s
2026-03-26 18:02:52 BRT [DEBUG  ]   ✅  Klines TONUSDT 15m: 60 candles | 03/26 18:00 → 03/26 03:15
2026-03-26 18:02:52 BRT [DEBUG  ]   GET https://api.bitget.com/api/v2/mix/market/candles?productType=USDT-FUTURES&symbol...
2026-03-26 18:02:52 BRT [DEBUG  ]       → HTTP 200 | 4.7KB | enc:gzip | 0.44s
2026-03-26 18:02:52 BRT [DEBUG  ]   ✅  Klines FILUSDT 1H: 60 candles | 03/26 18:00 → 03/24 07:00
2026-03-26 18:02:52 BRT [DEBUG  ]   💾  Cache GRAVADO FILUSDT 1H: 60 candles
2026-03-26 18:02:52 BRT [DEBUG  ]   GET https://api.bitget.com/api/v2/mix/market/candles?productType=USDT-FUTURES&symbol...
2026-03-26 18:02:52 BRT [DEBUG  ]       → HTTP 200 | 4.6KB | enc:gzip | 0.45s
2026-03-26 18:02:52 BRT [DEBUG  ]   ✅  Klines XRPUSDT 15m: 60 candles | 03/26 18:00 → 03/26 03:15
2026-03-26 18:02:52 BRT [DEBUG  ]   GET https://api.bitget.com/api/v2/mix/market/candles?productType=USDT-FUTURES&symbol...
2026-03-26 18:02:52 BRT [DEBUG  ]       → HTTP 200 | 4.6KB | enc:gzip | 0.45s
2026-03-26 18:02:52 BRT [DEBUG  ]   ✅  Klines NEARUSDT 1H: 60 candles | 03/26 18:00 → 03/24 07:00
2026-03-26 18:02:52 BRT [DEBUG  ]   💾  Cache GRAVADO NEARUSDT 1H: 60 candles
2026-03-26 18:02:52 BRT [DEBUG  ]   GET https://api.bitget.com/api/v2/mix/market/candles?productType=USDT-FUTURES&symbol...
2026-03-26 18:02:52 BRT [DEBUG  ]       → HTTP 200 | 5.3KB | enc:gzip | 0.45s
2026-03-26 18:02:52 BRT [DEBUG  ]   ✅  Klines PUMPUSDT 4H: 60 candles | 03/26 17:00 → 03/16 21:00
2026-03-26 18:02:52 BRT [DEBUG  ]   💾  Cache GRAVADO PUMPUSDT 4H: 60 candles
2026-03-26 18:02:52 BRT [DEBUG  ]   GET https://api.bitget.com/api/v2/mix/market/candles?productType=USDT-FUTURES&symbol...
2026-03-26 18:02:52 BRT [DEBUG  ]       → HTTP 200 | 4.1KB | enc:gzip | 0.45s
2026-03-26 18:02:52 BRT [DEBUG  ]   ✅  Klines LITUSDT 1H: 60 candles | 03/26 18:00 → 03/24 07:00
2026-03-26 18:02:52 BRT [DEBUG  ]   💾  Cache GRAVADO LITUSDT 1H: 60 candles
2026-03-26 18:02:52 BRT [DEBUG  ]   GET https://api.bitget.com/api/v2/mix/market/candles?productType=USDT-FUTURES&symbol...
2026-03-26 18:02:52 BRT [DEBUG  ]       → HTTP 200 | 4.7KB | enc:gzip | 0.45s
2026-03-26 18:02:52 BRT [DEBUG  ]   ✅  Klines FILUSDT 15m: 60 candles | 03/26 18:00 → 03/26 03:15
2026-03-26 18:02:52 BRT [DEBUG  ]   GET https://api.bitget.com/api/v2/mix/market/candles?productType=USDT-FUTURES&symbol...
2026-03-26 18:02:52 BRT [DEBUG  ]       → HTTP 200 | 4.4KB | enc:gzip | 0.45s
2026-03-26 18:02:52 BRT [DEBUG  ]   ✅  Klines ZROUSDT 15m: 60 candles | 03/26 18:00 → 03/26 03:15
2026-03-26 18:02:52 BRT [DEBUG  ]   GET https://api.bitget.com/api/v2/mix/market/candles?productType=USDT-FUTURES&symbol...
2026-03-26 18:02:52 BRT [DEBUG  ]       → HTTP 200 | 4.5KB | enc:gzip | 0.45s
2026-03-26 18:02:52 BRT [DEBUG  ]   ✅  Klines ZROUSDT 4H: 60 candles | 03/26 17:00 → 03/16 21:00
2026-03-26 18:02:52 BRT [DEBUG  ]   💾  Cache GRAVADO ZROUSDT 4H: 60 candles
2026-03-26 18:02:52 BRT [DEBUG  ]   GET https://api.bitget.com/api/v2/mix/market/candles?productType=USDT-FUTURES&symbol...
2026-03-26 18:02:52 BRT [DEBUG  ]       → HTTP 200 | 5.0KB | enc:gzip | 0.45s
2026-03-26 18:02:52 BRT [DEBUG  ]   ✅  Klines PIPPINUSDT 4H: 60 candles | 03/26 17:00 → 03/16 21:00
2026-03-26 18:02:52 BRT [DEBUG  ]   💾  Cache GRAVADO PIPPINUSDT 4H: 60 candles
2026-03-26 18:02:52 BRT [DEBUG  ]   GET https://api.bitget.com/api/v2/mix/market/candles?productType=USDT-FUTURES&symbol...
2026-03-26 18:02:52 BRT [DEBUG  ]       → HTTP 200 | 6.6KB | enc:gzip | 0.45s
2026-03-26 18:02:52 BRT [DEBUG  ]   ✅  Klines PEPEUSDT 4H: 60 candles | 03/26 17:00 → 03/16 21:00
2026-03-26 18:02:52 BRT [DEBUG  ]   💾  Cache GRAVADO PEPEUSDT 4H: 60 candles
2026-03-26 18:02:52 BRT [DEBUG  ]   GET https://api.bitget.com/api/v2/mix/market/candles?productType=USDT-FUTURES&symbol...
2026-03-26 18:02:52 BRT [DEBUG  ]       → HTTP 200 | 4.6KB | enc:gzip | 0.45s
2026-03-26 18:02:52 BRT [DEBUG  ]   ✅  Klines WLDUSDT 1H: 60 candles | 03/26 18:00 → 03/24 07:00
2026-03-26 18:02:52 BRT [DEBUG  ]   💾  Cache GRAVADO WLDUSDT 1H: 60 candles
2026-03-26 18:02:52 BRT [DEBUG  ]   GET https://api.bitget.com/api/v2/mix/market/candles?productType=USDT-FUTURES&symbol...
2026-03-26 18:02:52 BRT [DEBUG  ]       → HTTP 200 | 4.6KB | enc:gzip | 0.45s
2026-03-26 18:02:52 BRT [DEBUG  ]   ✅  Klines CRVUSDT 1H: 60 candles | 03/26 18:00 → 03/24 07:00
2026-03-26 18:02:52 BRT [DEBUG  ]   💾  Cache GRAVADO CRVUSDT 1H: 60 candles
2026-03-26 18:02:52 BRT [DEBUG  ]   GET https://api.bitget.com/api/v2/mix/market/candles?productType=USDT-FUTURES&symbol...
2026-03-26 18:02:52 BRT [DEBUG  ]       → HTTP 200 | 4.7KB | enc:gzip | 0.45s
2026-03-26 18:02:52 BRT [DEBUG  ]   ✅  Klines OPUSDT 1H: 60 candles | 03/26 18:00 → 03/24 07:00
2026-03-26 18:02:52 BRT [DEBUG  ]   💾  Cache GRAVADO OPUSDT 1H: 60 candles
2026-03-26 18:02:52 BRT [DEBUG  ]   GET https://api.bitget.com/api/v2/mix/market/candles?productType=USDT-FUTURES&symbol...
2026-03-26 18:02:52 BRT [DEBUG  ]       → HTTP 200 | 4.8KB | enc:gzip | 0.45s
2026-03-26 18:02:52 BRT [DEBUG  ]   ✅  Klines SUIUSDT 4H: 60 candles | 03/26 17:00 → 03/16 21:00
2026-03-26 18:02:52 BRT [DEBUG  ]   💾  Cache GRAVADO SUIUSDT 4H: 60 candles
2026-03-26 18:02:52 BRT [DEBUG  ]   GET https://api.bitget.com/api/v2/mix/market/candles?productType=USDT-FUTURES&symbol...
2026-03-26 18:02:52 BRT [DEBUG  ]       → HTTP 200 | 4.6KB | enc:gzip | 0.45s
2026-03-26 18:02:52 BRT [DEBUG  ]   ✅  Klines WLDUSDT 4H: 60 candles | 03/26 17:00 → 03/16 21:00
2026-03-26 18:02:52 BRT [DEBUG  ]   💾  Cache GRAVADO WLDUSDT 4H: 60 candles
2026-03-26 18:02:52 BRT [DEBUG  ]   GET https://api.bitget.com/api/v2/mix/market/candles?productType=USDT-FUTURES&symbol...
2026-03-26 18:02:52 BRT [DEBUG  ]       → HTTP 200 | 4.9KB | enc:gzip | 0.46s
2026-03-26 18:02:52 BRT [DEBUG  ]   ✅  Klines DOGEUSDT 15m: 60 candles | 03/26 18:00 → 03/26 03:15
2026-03-26 18:02:52 BRT [DEBUG  ]   GET https://api.bitget.com/api/v2/mix/market/candles?productType=USDT-FUTURES&symbol...
2026-03-26 18:02:52 BRT [DEBUG  ]       → HTTP 200 | 4.4KB | enc:gzip | 0.46s
2026-03-26 18:02:52 BRT [DEBUG  ]   ✅  Klines WLFIUSDT 15m: 60 candles | 03/26 18:00 → 03/26 03:15
2026-03-26 18:02:52 BRT [DEBUG  ]   GET https://api.bitget.com/api/v2/mix/market/candles?productType=USDT-FUTURES&symbol...
2026-03-26 18:02:52 BRT [DEBUG  ]       → HTTP 200 | 4.9KB | enc:gzip | 0.45s
2026-03-26 18:02:52 BRT [DEBUG  ]   ✅  Klines HBARUSDT 4H: 60 candles | 03/26 17:00 → 03/16 21:00
2026-03-26 18:02:52 BRT [DEBUG  ]   💾  Cache GRAVADO HBARUSDT 4H: 60 candles
2026-03-26 18:02:52 BRT [DEBUG  ]   GET https://api.bitget.com/api/v2/mix/market/candles?productType=USDT-FUTURES&symbol...
2026-03-26 18:02:52 BRT [DEBUG  ]       → HTTP 200 | 4.9KB | enc:gzip | 0.46s
2026-03-26 18:02:52 BRT [DEBUG  ]   ✅  Klines PIPPINUSDT 15m: 60 candles | 03/26 18:00 → 03/26 03:15
2026-03-26 18:02:52 BRT [DEBUG  ]   GET https://api.bitget.com/api/v2/mix/market/candles?productType=USDT-FUTURES&symbol...
2026-03-26 18:02:52 BRT [DEBUG  ]       → HTTP 200 | 4.9KB | enc:gzip | 0.46s
2026-03-26 18:02:52 BRT [DEBUG  ]   ✅  Klines BEATUSDT 4H: 60 candles | 03/26 17:00 → 03/16 21:00
2026-03-26 18:02:52 BRT [DEBUG  ]   💾  Cache GRAVADO BEATUSDT 4H: 60 candles
2026-03-26 18:02:52 BRT [DEBUG  ]   GET https://api.bitget.com/api/v2/mix/market/candles?productType=USDT-FUTURES&symbol...
2026-03-26 18:02:52 BRT [DEBUG  ]       → HTTP 200 | 4.8KB | enc:gzip | 0.46s
2026-03-26 18:02:52 BRT [DEBUG  ]   ✅  Klines SUIUSDT 1H: 60 candles | 03/26 18:00 → 03/24 07:00
2026-03-26 18:02:52 BRT [DEBUG  ]   💾  Cache GRAVADO SUIUSDT 1H: 60 candles
2026-03-26 18:02:52 BRT [DEBUG  ]   GET https://api.bitget.com/api/v2/mix/market/candles?productType=USDT-FUTURES&symbol...
2026-03-26 18:02:52 BRT [DEBUG  ]       → HTTP 200 | 4.8KB | enc:gzip | 0.46s
2026-03-26 18:02:52 BRT [DEBUG  ]   ✅  Klines BEATUSDT 1H: 60 candles | 03/26 18:00 → 03/24 07:00
2026-03-26 18:02:52 BRT [DEBUG  ]   💾  Cache GRAVADO BEATUSDT 1H: 60 candles
2026-03-26 18:02:52 BRT [DEBUG  ]   GET https://api.bitget.com/api/v2/mix/market/candles?productType=USDT-FUTURES&symbol...
2026-03-26 18:02:52 BRT [DEBUG  ]       → HTTP 200 | 4.5KB | enc:gzip | 0.46s
2026-03-26 18:02:52 BRT [DEBUG  ]   ✅  Klines ZROUSDT 1H: 60 candles | 03/26 18:00 → 03/24 07:00
2026-03-26 18:02:52 BRT [DEBUG  ]   💾  Cache GRAVADO ZROUSDT 1H: 60 candles
2026-03-26 18:02:52 BRT [DEBUG  ]   GET https://api.bitget.com/api/v2/mix/market/candles?productType=USDT-FUTURES&symbol...
2026-03-26 18:02:52 BRT [DEBUG  ]       → HTTP 200 | 4.6KB | enc:gzip | 0.46s
2026-03-26 18:02:52 BRT [DEBUG  ]   ✅  Klines TONUSDT 1H: 60 candles | 03/26 18:00 → 03/24 07:00
2026-03-26 18:02:52 BRT [DEBUG  ]   💾  Cache GRAVADO TONUSDT 1H: 60 candles
2026-03-26 18:02:52 BRT [DEBUG  ]   GET https://api.bitget.com/api/v2/mix/market/candles?productType=USDT-FUTURES&symbol...
2026-03-26 18:02:52 BRT [DEBUG  ]       → HTTP 200 | 5.9KB | enc:gzip | 0.48s
2026-03-26 18:02:52 BRT [DEBUG  ]   ✅  Klines SHIBUSDT 15m: 60 candles | 03/26 18:00 → 03/26 03:15
2026-03-26 18:02:52 BRT [DEBUG  ]   GET https://api.bitget.com/api/v2/mix/market/candles?productType=USDT-FUTURES&symbol...
2026-03-26 18:02:52 BRT [DEBUG  ]       → HTTP 200 | 4.8KB | enc:gzip | 0.54s
2026-03-26 18:02:52 BRT [DEBUG  ]   ✅  Klines OPUSDT 4H: 60 candles | 03/26 17:00 → 03/16 21:00
2026-03-26 18:02:52 BRT [DEBUG  ]   💾  Cache GRAVADO OPUSDT 4H: 60 candles
2026-03-26 18:02:52 BRT [INFO   ]   ─ LONG ONDO: 15m=60 | 1H=60 | 4H=60
2026-03-26 18:02:52 BRT [INFO   ]   SCORE ONDO [LONG]: 5/25 | DQ=100% | klines: 15m=✅ 1H=✅ 4H=✅
2026-03-26 18:02:52 BRT [INFO   ]     Contexto 4H               +0/0 · BUY (contexto, não pontuado)
2026-03-26 18:02:52 BRT [INFO   ]     P4 Liquidez 4H            +1/3 █ OB 4H (0.2647-0.2731)
2026-03-26 18:02:52 BRT [INFO   ]     P5 Figuras 4H             +0/2 · Sem figuras claras no 4H
2026-03-26 18:02:52 BRT [INFO   ]     P6 CHOCH/BOS 4H           +0/3 · Sem estrutura bullish no 4H
2026-03-26 18:02:52 BRT [INFO   ]     P-1H Suporte 1H           +2/4 ██ Order Block 1H (0.2617-0.2678)
2026-03-26 18:02:52 BRT [INFO   ]     P1 Bollinger 15m          +0/3 · BB neutro (82%)
2026-03-26 18:02:52 BRT [INFO   ]     P2 Candles 15m            +0/4 · Nenhum
2026-03-26 18:02:52 BRT [INFO   ]     P3 Funding Rate           +0/2 · 0.0050% (neutro)
2026-03-26 18:02:52 BRT [INFO   ]     P7 Filtro Pump/Dump       +0/0 · OK (1.1%)
2026-03-26 18:02:52 BRT [INFO   ]     P8 Volume 15m             +1/2 █ Volume adequado (1.3x média)
2026-03-26 18:02:52 BRT [INFO   ]     P9 OI Crescente           +1/2 █ OI +6.5% vs média (5.8M) — fluxo moderado
2026-03-26 18:02:52 BRT [DEBUG  ]     TradeParams LONG: SL=1.22% | notional=$410 | alav_margem=11.7x → cap=2x → alav=2.0x | margem=$205.24 ⚠️MARGEM $205>35 | risco=$5.00 | ganho=$10.00
2026-03-26 18:02:52 BRT [INFO   ]   📈 LONG ONDO: score=5/25 | entry=0.2641 | SL=1.22% | alav=2.0x ✅
2026-03-26 18:02:52 BRT [INFO   ]   ─ LONG ZRO: 15m=60 | 1H=60 | 4H=60
2026-03-26 18:02:52 BRT [DEBUG  ]     find_swing_points: fallback window=3 aplicado (window=5 insuficiente: 5H/4L → 5H/4L)
2026-03-26 18:02:52 BRT [DEBUG  ]     find_swing_points: fallback window=3 aplicado (window=5 insuficiente: 5H/4L → 5H/4L)
2026-03-26 18:02:52 BRT [DEBUG  ]     find_swing_points: fallback window=3 aplicado (window=5 insuficiente: 5H/4L → 5H/4L)
2026-03-26 18:02:52 BRT [DEBUG  ]     find_swing_points: fallback window=3 aplicado (window=5 insuficiente: 5H/4L → 5H/4L)
2026-03-26 18:02:52 BRT [INFO   ]   SCORE ZRO [LONG]: 5/25 | DQ=100% | klines: 15m=✅ 1H=✅ 4H=✅
2026-03-26 18:02:52 BRT [INFO   ]     Contexto 4H               +0/0 · BUY (contexto, não pontuado)
2026-03-26 18:02:52 BRT [INFO   ]     P4 Liquidez 4H            +1/3 █ OB 4H (2.1445-2.1803)
2026-03-26 18:02:52 BRT [INFO   ]     P5 Figuras 4H             +0/2 · Sem figuras claras no 4H
2026-03-26 18:02:52 BRT [INFO   ]     P6 CHOCH/BOS 4H           +1/3 █ Estrutura 4H saudável (Higher Lows)
2026-03-26 18:02:52 BRT [INFO   ]     P-1H Suporte 1H           +2/4 ██ Order Block 1H (2.1640-2.1762)
2026-03-26 18:02:52 BRT [INFO   ]     P1 Bollinger 15m          +0/3 · BB neutro (40%)
2026-03-26 18:02:52 BRT [INFO   ]     P2 Candles 15m            +0/4 · Nenhum
2026-03-26 18:02:52 BRT [INFO   ]     P3 Funding Rate           +1/2 █ -0.0188% (leve negativo)
2026-03-26 18:02:52 BRT [INFO   ]     P7 Filtro Pump/Dump       +0/0 · OK (-0.9%)
2026-03-26 18:02:52 BRT [INFO   ]     P8 Volume 15m             +0/2 · Volume fraco (0.5x < 1.2x)
2026-03-26 18:02:52 BRT [INFO   ]     P9 OI Crescente           +0/2 · OI estável (+0.7% vs média, 6.2M)
2026-03-26 18:02:52 BRT [DEBUG  ]     TradeParams LONG: SL=1.43% | notional=$350 | alav_margem=10.0x → cap=2x → alav=2.0x | margem=$175.19 ⚠️MARGEM $175>35 | risco=$5.00 | ganho=$10.00
2026-03-26 18:02:52 BRT [INFO   ]   📈 LONG ZRO: score=5/25 | entry=2.1260 | SL=1.43% | alav=2.0x ✅
2026-03-26 18:02:52 BRT [INFO   ]   ─ LONG ASTER: 15m=60 | 1H=60 | 4H=60
2026-03-26 18:02:52 BRT [DEBUG  ]   SCORE ASTER [LONG]: 3/25 | DQ=100% (abaixo do radar)
2026-03-26 18:02:52 BRT [DEBUG  ]     TradeParams LONG: SL=0.46% | notional=$1086 | alav_margem=31.0x → cap=2x → alav=2.0x | margem=$542.77 ⚠️MARGEM $543>35 | risco=$5.00 | ganho=$10.00
2026-03-26 18:02:52 BRT [INFO   ]   📈 LONG ASTER: score=3/25 | entry=0.6660 | SL=0.46% | alav=2.0x ✅
2026-03-26 18:02:52 BRT [INFO   ]   ─ SHORT BEAT: 15m=60 | 1H=60 | 4H=60
2026-03-26 18:02:52 BRT [DEBUG  ]     find_swing_points: fallback window=3 aplicado (window=5 insuficiente: 6H/5L → 6H/5L)
2026-03-26 18:02:52 BRT [DEBUG  ]     find_swing_points: fallback window=3 aplicado (window=5 insuficiente: 6H/5L → 6H/5L)
2026-03-26 18:02:52 BRT [DEBUG  ]     find_swing_points: fallback window=3 aplicado (window=5 insuficiente: 6H/5L → 6H/5L)
2026-03-26 18:02:52 BRT [INFO   ]   SCORE BEAT [SHORT]: 9/25 | DQ=100% | klines: 15m=✅ 1H=✅ 4H=✅
2026-03-26 18:02:52 BRT [INFO   ]     Contexto 4H               +0/0 · SELL (contexto SHORT, não pontuado)
2026-03-26 18:02:52 BRT [INFO   ]     P4 Liquidez 4H            +3/3 ███ Resistência 4H 0.5942 (2.47% acima) | OB Bearish 4H (0.5638-0.5794) | Confluência Res+OB Bearish
2026-03-26 18:02:52 BRT [INFO   ]     P5 Figuras 4H             +0/2 · Sem figuras bearish claras no 4H
2026-03-26 18:02:52 BRT [INFO   ]     P6 CHOCH/BOS 4H           +1/3 █ Estrutura 4H bearish (Lower Highs)
2026-03-26 18:02:52 BRT [INFO   ]     P-1H Resistência 1H       +2/4 ██ OB Bearish 1H (0.5563-0.6058)
2026-03-26 18:02:52 BRT [INFO   ]     P1 Bollinger 15m          +0/3 · BB neutro (22%)
2026-03-26 18:02:52 BRT [INFO   ]     P2 Candles 15m            +0/4 · Nenhum
2026-03-26 18:02:52 BRT [INFO   ]     P3 Funding Rate           +2/2 ██ 0.0913% (longs excessivos — squeeze short potencial)
2026-03-26 18:02:52 BRT [INFO   ]     P7 Filtro Pump/Dump       +0/0 · OK (-1.7%)
2026-03-26 18:02:52 BRT [INFO   ]     P8 Volume 15m             +1/2 █ Volume adequado (1.3x média)
2026-03-26 18:02:52 BRT [INFO   ]     P9 OI Crescente           +0/2 · OI estável (-3.1% vs média, 9.9M)
2026-03-26 18:02:52 BRT [DEBUG  ]     TradeParams SHORT: SL=2.78% | notional=$180 | alav_margem=5.1x → cap=2x → alav=2.0x | margem=$89.90 ⚠️MARGEM $90>35 | risco=$5.00 | ganho=$10.00
2026-03-26 18:02:52 BRT [INFO   ]   📉 SHORT BEAT: score=9/25 | entry=0.5799 | SL=2.78% | alav=2.0x ✅
2026-03-26 18:02:52 BRT [INFO   ]   ─ SHORT PEPE: 15m=60 | 1H=60 | 4H=60
2026-03-26 18:02:52 BRT [DEBUG  ]     find_swing_points: fallback window=3 aplicado (window=5 insuficiente: 5H/6L → 5H/6L)
2026-03-26 18:02:52 BRT [DEBUG  ]     find_swing_points: fallback window=3 aplicado (window=5 insuficiente: 5H/6L → 5H/6L)
2026-03-26 18:02:52 BRT [DEBUG  ]     find_swing_points: fallback window=3 aplicado (window=5 insuficiente: 5H/6L → 5H/6L)
2026-03-26 18:02:52 BRT [DEBUG  ]     find_swing_points: fallback window=3 aplicado (window=5 insuficiente: 6H/6L → 6H/6L)
2026-03-26 18:02:52 BRT [INFO   ]   SCORE PEPE [SHORT]: 10/25 | DQ=100% | klines: 15m=✅ 1H=✅ 4H=✅
2026-03-26 18:02:52 BRT [INFO   ]     Contexto 4H               +0/0 · SELL (contexto SHORT, não pontuado)
2026-03-26 18:02:52 BRT [INFO   ]     P4 Liquidez 4H            +3/3 ███ Resistência 4H 0.00000348 (2.04% acima) | OB Bearish 4H (0.0000-0.0000) | Confluência Res+OB Bearish
2026-03-26 18:02:52 BRT [INFO   ]     P5 Figuras 4H             +1/2 █ Cunha Ascendente (pullback bearish)
2026-03-26 18:02:52 BRT [INFO   ]     P6 CHOCH/BOS 4H           +0/3 · Sem estrutura bearish no 4H
2026-03-26 18:02:52 BRT [INFO   ]     P-1H Resistência 1H       +4/4 ████ Resistência 1H em 0.00000344 (0.84% acima) | OB Bearish 1H (0.0000-0.0000)
2026-03-26 18:02:52 BRT [INFO   ]     P1 Bollinger 15m          +1/3 █ BB alta (79%)
2026-03-26 18:02:52 BRT [INFO   ]     P2 Candles 15m            +0/4 · Nenhum
2026-03-26 18:02:52 BRT [INFO   ]     P3 Funding Rate           +0/2 · -0.0271% (neutro)
2026-03-26 18:02:52 BRT [INFO   ]     P7 Filtro Pump/Dump       +0/0 · OK (-2.8%)
2026-03-26 18:02:52 BRT [INFO   ]     P8 Volume 15m             +1/2 █ Volume adequado (1.2x média)
2026-03-26 18:02:52 BRT [INFO   ]     P9 OI Crescente           +0/2 · OI estável (+0.5% vs média, 30.2M)
2026-03-26 18:02:52 BRT [DEBUG  ]     TradeParams SHORT: SL=0.73% | notional=$683 | alav_margem=19.5x → cap=2x → alav=2.0x | margem=$341.38 ⚠️MARGEM $341>35 | risco=$5.00 | ganho=$10.00
2026-03-26 18:02:52 BRT [INFO   ]   📉 SHORT PEPE: score=10/25 | entry=0.0000 | SL=0.73% | alav=2.0x ✅
2026-03-26 18:02:52 BRT [INFO   ]   ─ SHORT PUMP: 15m=60 | 1H=60 | 4H=60
2026-03-26 18:02:52 BRT [DEBUG  ]     find_swing_points: fallback window=3 aplicado (window=5 insuficiente: 5H/5L → 5H/5L)
2026-03-26 18:02:52 BRT [INFO   ]   SCORE PUMP [SHORT]: 7/25 | DQ=100% | klines: 15m=✅ 1H=✅ 4H=✅
2026-03-26 18:02:52 BRT [INFO   ]     Contexto 4H               +0/0 · SELL (contexto SHORT, não pontuado)
2026-03-26 18:02:52 BRT [INFO   ]     P4 Liquidez 4H            +1/3 █ OB Bearish 4H (0.0018-0.0018)
2026-03-26 18:02:52 BRT [INFO   ]     P5 Figuras 4H             +1/2 █ Cunha Ascendente (pullback bearish)
2026-03-26 18:02:52 BRT [INFO   ]     P6 CHOCH/BOS 4H           +0/3 · Sem estrutura bearish no 4H
2026-03-26 18:02:52 BRT [INFO   ]     P-1H Resistência 1H       +4/4 ████ Resistência 1H em 0.00179 (1.13% acima) | OB Bearish 1H (0.0018-0.0018)
2026-03-26 18:02:52 BRT [INFO   ]     P1 Bollinger 15m          +0/3 · BB neutro (63%)
2026-03-26 18:02:52 BRT [INFO   ]     P2 Candles 15m            +0/4 · Nenhum
2026-03-26 18:02:52 BRT [INFO   ]     P3 Funding Rate           +1/2 █ 0.0019% (leve positivo)
2026-03-26 18:02:52 BRT [INFO   ]     P7 Filtro Pump/Dump       +0/0 · OK (-6.5%)
2026-03-26 18:02:52 BRT [INFO   ]     P8 Volume 15m             +0/2 · Volume fraco (0.3x < 1.2x)
2026-03-26 18:02:52 BRT [INFO   ]     P9 OI Crescente           +0/2 · OI estável (-0.8% vs média, 13.6M)
2026-03-26 18:02:52 BRT [DEBUG  ]     TradeParams SHORT: SL=0.98% | notional=$512 | alav_margem=14.6x → cap=2x → alav=2.0x | margem=$256.06 ⚠️MARGEM $256>35 | risco=$5.00 | ganho=$10.00
2026-03-26 18:02:52 BRT [INFO   ]   📉 SHORT PUMP: score=7/25 | entry=0.0018 | SL=0.98% | alav=2.0x ✅
2026-03-26 18:02:52 BRT [INFO   ]   ─ SHORT PIPPIN: 15m=60 | 1H=60 | 4H=60
2026-03-26 18:02:52 BRT [DEBUG  ]     find_swing_points: fallback window=3 aplicado (window=5 insuficiente: 6H/5L → 6H/5L)
2026-03-26 18:02:52 BRT [DEBUG  ]     find_swing_points: fallback window=3 aplicado (window=5 insuficiente: 6H/5L → 6H/5L)
2026-03-26 18:02:52 BRT [DEBUG  ]     find_swing_points: fallback window=3 aplicado (window=5 insuficiente: 6H/5L → 6H/5L)
2026-03-26 18:02:52 BRT [DEBUG  ]     find_swing_points: fallback window=3 aplicado (window=5 insuficiente: 4H/4L → 4H/4L)
2026-03-26 18:02:52 BRT [INFO   ]   SCORE PIPPIN [SHORT]: 5/25 | DQ=100% | klines: 15m=✅ 1H=✅ 4H=✅
2026-03-26 18:02:52 BRT [INFO   ]     Contexto 4H               +0/0 · SELL (contexto SHORT, não pontuado)
2026-03-26 18:02:52 BRT [INFO   ]     P4 Liquidez 4H            +0/3 · Longe de resistências 4H
2026-03-26 18:02:52 BRT [INFO   ]     P5 Figuras 4H             +1/2 █ Cunha Ascendente (pullback bearish)
2026-03-26 18:02:52 BRT [INFO   ]     P6 CHOCH/BOS 4H           +0/3 · Sem estrutura bearish no 4H
2026-03-26 18:02:52 BRT [INFO   ]     P-1H Resistência 1H       +2/4 ██ OB Bearish 1H (0.0531-0.0568)
2026-03-26 18:02:52 BRT [INFO   ]     P1 Bollinger 15m          +0/3 · BB neutro (35%)
2026-03-26 18:02:52 BRT [INFO   ]     P2 Candles 15m            +0/4 · Nenhum
2026-03-26 18:02:52 BRT [INFO   ]     P3 Funding Rate           +1/2 █ 0.0013% (leve positivo)
2026-03-26 18:02:52 BRT [INFO   ]     P7 Filtro Pump/Dump       +0/0 · OK (18.2%)
2026-03-26 18:02:52 BRT [INFO   ]     P8 Volume 15m             +1/2 █ Volume adequado (1.4x média)
2026-03-26 18:02:52 BRT [INFO   ]     P9 OI Crescente           +0/2 · OI estável (-11.9% vs média, 6.9M)
2026-03-26 18:02:52 BRT [DEBUG  ]     TradeParams SHORT: SL=4.58% | notional=$109 | alav_margem=3.1x → cap=2x → alav=2.0x | margem=$54.55 ⚠️MARGEM $55>35 | risco=$5.00 | ganho=$10.00
2026-03-26 18:02:52 BRT [INFO   ]   📉 SHORT PIPPIN: score=5/25 | entry=0.0544 | SL=4.58% | alav=2.0x ✅
2026-03-26 18:02:52 BRT [INFO   ]   ─ SHORT XPL: 15m=60 | 1H=60 | 4H=60
2026-03-26 18:02:52 BRT [INFO   ]   SCORE XPL [SHORT]: 7/25 | DQ=100% | klines: 15m=✅ 1H=✅ 4H=✅
2026-03-26 18:02:52 BRT [INFO   ]     Contexto 4H               +0/0 · SELL (contexto SHORT, não pontuado)
2026-03-26 18:02:52 BRT [INFO   ]     P4 Liquidez 4H            +1/3 █ OB Bearish 4H (0.0926-0.0947)
2026-03-26 18:02:52 BRT [INFO   ]     P5 Figuras 4H             +0/2 · Sem figuras bearish claras no 4H
2026-03-26 18:02:52 BRT [INFO   ]     P6 CHOCH/BOS 4H           +3/3 ███ CHOCH Bearish 4H (reversão confirmada)
2026-03-26 18:02:52 BRT [INFO   ]     P-1H Resistência 1H       +2/4 ██ OB Bearish 1H (0.0916-0.0930)
2026-03-26 18:02:52 BRT [INFO   ]     P1 Bollinger 15m          +0/3 · BB neutro (65%)
2026-03-26 18:02:52 BRT [INFO   ]     P2 Candles 15m            +0/4 · Nenhum
2026-03-26 18:02:52 BRT [INFO   ]     P3 Funding Rate           +1/2 █ 0.0004% (leve positivo)
2026-03-26 18:02:52 BRT [INFO   ]     P7 Filtro Pump/Dump       +0/0 · OK (-6.6%)
2026-03-26 18:02:52 BRT [INFO   ]     P8 Volume 15m             +0/2 · Volume fraco (0.1x < 1.2x)
2026-03-26 18:02:52 BRT [INFO   ]     P9 OI Crescente           +0/2 · OI estável (-1.6% vs média, 6.6M)
2026-03-26 18:02:52 BRT [DEBUG  ]     TradeParams SHORT: SL=1.25% | notional=$400 | alav_margem=11.4x → cap=2x → alav=2.0x | margem=$199.97 ⚠️MARGEM $200>35 | risco=$5.00 | ganho=$10.00
2026-03-26 18:02:52 BRT [INFO   ]   📉 SHORT XPL: score=7/25 | entry=0.0928 | SL=1.25% | alav=2.0x ✅
2026-03-26 18:02:52 BRT [INFO   ]   ─ SHORT WLFI: 15m=60 | 1H=60 | 4H=60
2026-03-26 18:02:52 BRT [DEBUG  ]     find_swing_points: fallback window=3 aplicado (window=5 insuficiente: 4H/5L → 4H/5L)
2026-03-26 18:02:52 BRT [DEBUG  ]     find_swing_points: fallback window=3 aplicado (window=5 insuficiente: 4H/5L → 4H/5L)
2026-03-26 18:02:52 BRT [DEBUG  ]     find_swing_points: fallback window=3 aplicado (window=5 insuficiente: 4H/5L → 4H/5L)
2026-03-26 18:02:52 BRT [DEBUG  ]   SCORE WLFI [SHORT]: 4/25 | DQ=100% (abaixo do radar)
2026-03-26 18:02:52 BRT [DEBUG  ]     TradeParams SHORT: SL=0.74% | notional=$678 | alav_margem=19.4x → cap=2x → alav=2.0x | margem=$338.82 ⚠️MARGEM $339>35 | risco=$5.00 | ganho=$10.00
2026-03-26 18:02:52 BRT [INFO   ]   📉 SHORT WLFI: score=4/25 | entry=0.0977 | SL=0.74% | alav=2.0x ✅
2026-03-26 18:02:52 BRT [INFO   ]   ─ SHORT POL: 15m=60 | 1H=60 | 4H=60
2026-03-26 18:02:52 BRT [DEBUG  ]     find_swing_points: fallback window=3 aplicado (window=5 insuficiente: 5H/4L → 5H/4L)
2026-03-26 18:02:52 BRT [DEBUG  ]   SCORE POL [SHORT]: 4/25 | DQ=100% (abaixo do radar)
2026-03-26 18:02:52 BRT [DEBUG  ]     TradeParams SHORT: SL=0.60% | notional=$827 | alav_margem=23.6x → cap=2x → alav=2.0x | margem=$413.49 ⚠️MARGEM $413>35 | risco=$5.00 | ganho=$10.00
2026-03-26 18:02:52 BRT [INFO   ]   📉 SHORT POL: score=4/25 | entry=0.0941 | SL=0.60% | alav=2.0x ✅
2026-03-26 18:02:52 BRT [INFO   ]   ─ SHORT SUI: 15m=60 | 1H=60 | 4H=60
2026-03-26 18:02:52 BRT [DEBUG  ]     find_swing_points: fallback window=3 aplicado (window=5 insuficiente: 4H/5L → 4H/5L)
2026-03-26 18:02:52 BRT [INFO   ]   SCORE SUI [SHORT]: 10/25 | DQ=100% | klines: 15m=✅ 1H=✅ 4H=✅
2026-03-26 18:02:52 BRT [INFO   ]     Contexto 4H               +0/0 · SELL (contexto SHORT, não pontuado)
2026-03-26 18:02:52 BRT [INFO   ]     P4 Liquidez 4H            +1/3 █ OB Bearish 4H (0.8991-0.9402)
2026-03-26 18:02:52 BRT [INFO   ]     P5 Figuras 4H             +1/2 █ Cunha Ascendente (pullback bearish)
2026-03-26 18:02:52 BRT [INFO   ]     P6 CHOCH/BOS 4H           +3/3 ███ CHOCH Bearish 4H (reversão confirmada)
2026-03-26 18:02:52 BRT [INFO   ]     P-1H Resistência 1H       +4/4 ████ Resistência 1H em 0.9357 (1.32% acima) | OB Bearish 1H (0.9310-0.9471)
2026-03-26 18:02:52 BRT [INFO   ]     P1 Bollinger 15m          +1/3 █ BB alta (78%)
2026-03-26 18:02:52 BRT [INFO   ]     P2 Candles 15m            +0/4 · Nenhum
2026-03-26 18:02:52 BRT [INFO   ]     P3 Funding Rate           +0/2 · -0.0077% (neutro)
2026-03-26 18:02:52 BRT [INFO   ]     P7 Filtro Pump/Dump       +0/0 · OK (-4.0%)
2026-03-26 18:02:52 BRT [INFO   ]     P8 Volume 15m             +0/2 · Volume fraco (0.7x < 1.2x)
2026-03-26 18:02:52 BRT [INFO   ]     P9 OI Crescente           +0/2 · OI estável (-3.3% vs média, 23.9M)
2026-03-26 18:02:52 BRT [DEBUG  ]     TradeParams SHORT: SL=0.78% | notional=$638 | alav_margem=18.2x → cap=2x → alav=2.0x | margem=$318.81 ⚠️MARGEM $319>35 | risco=$5.00 | ganho=$10.00
2026-03-26 18:02:52 BRT [INFO   ]   📉 SHORT SUI: score=10/25 | entry=0.9235 | SL=0.78% | alav=2.0x ✅
2026-03-26 18:02:52 BRT [INFO   ]   ─ SHORT NEAR: 15m=60 | 1H=60 | 4H=60
2026-03-26 18:02:52 BRT [INFO   ]   SCORE NEAR [SHORT]: 10/25 | DQ=100% | klines: 15m=✅ 1H=✅ 4H=✅
2026-03-26 18:02:52 BRT [INFO   ]     Contexto 4H               +0/0 · SELL (contexto SHORT, não pontuado)
2026-03-26 18:02:52 BRT [INFO   ]     P4 Liquidez 4H            +0/3 · Longe de resistências 4H
2026-03-26 18:02:52 BRT [INFO   ]     P5 Figuras 4H             +2/2 ██ Rising Wedge (reversão bearish)
2026-03-26 18:02:52 BRT [INFO   ]     P6 CHOCH/BOS 4H           +3/3 ███ CHOCH Bearish 4H (reversão confirmada)
2026-03-26 18:02:52 BRT [INFO   ]     P-1H Resistência 1H       +2/4 ██ Resistência 1H em 1.2393 (1.66% acima)
2026-03-26 18:02:52 BRT [INFO   ]     P1 Bollinger 15m          +0/3 · BB neutro (69%)
2026-03-26 18:02:52 BRT [INFO   ]     P2 Candles 15m            +0/4 · Nenhum
2026-03-26 18:02:52 BRT [INFO   ]     P3 Funding Rate           +1/2 █ 0.0004% (leve positivo)
2026-03-26 18:02:52 BRT [INFO   ]     P7 Filtro Pump/Dump       +0/0 · OK (-4.1%)
2026-03-26 18:02:52 BRT [INFO   ]     P8 Volume 15m             +2/2 ██ Volume forte (2.2x média)
2026-03-26 18:02:52 BRT [INFO   ]     P9 OI Crescente           +0/2 · OI estável (+4.4% vs média, 13.7M)
2026-03-26 18:02:52 BRT [DEBUG  ]     TradeParams SHORT: SL=0.81% | notional=$618 | alav_margem=17.6x → cap=2x → alav=2.0x | margem=$308.82 ⚠️MARGEM $309>35 | risco=$5.00 | ganho=$10.00
2026-03-26 18:02:52 BRT [INFO   ]   📉 SHORT NEAR: score=10/25 | entry=1.2191 | SL=0.81% | alav=2.0x ✅
2026-03-26 18:02:52 BRT [INFO   ]   ─ SHORT LIT: 15m=60 | 1H=60 | 4H=60
2026-03-26 18:02:52 BRT [DEBUG  ]   SCORE LIT [SHORT]: 4/25 | DQ=100% (abaixo do radar)
2026-03-26 18:02:52 BRT [DEBUG  ]     TradeParams SHORT: SL=1.22% | notional=$411 | alav_margem=11.7x → cap=2x → alav=2.0x | margem=$205.32 ⚠️MARGEM $205>35 | risco=$5.00 | ganho=$10.00
2026-03-26 18:02:52 BRT [INFO   ]   📉 SHORT LIT: score=4/25 | entry=0.9063 | SL=1.22% | alav=2.0x ✅
2026-03-26 18:02:52 BRT [INFO   ]   ─ SHORT TON: 15m=60 | 1H=60 | 4H=60
2026-03-26 18:02:52 BRT [DEBUG  ]     find_swing_points: fallback window=3 aplicado (window=5 insuficiente: 4H/4L → 4H/4L)
2026-03-26 18:02:52 BRT [DEBUG  ]     find_swing_points: fallback window=3 aplicado (window=5 insuficiente: 4H/4L → 4H/4L)
2026-03-26 18:02:52 BRT [DEBUG  ]     find_swing_points: fallback window=3 aplicado (window=5 insuficiente: 4H/4L → 4H/4L)
2026-03-26 18:02:52 BRT [DEBUG  ]   SCORE TON [SHORT]: 4/25 | DQ=100% (abaixo do radar)
2026-03-26 18:02:52 BRT [DEBUG  ]     TradeParams SHORT: SL=0.47% | notional=$1067 | alav_margem=30.5x → cap=2x → alav=2.0x | margem=$533.34 ⚠️MARGEM $533>35 | risco=$5.00 | ganho=$10.00
2026-03-26 18:02:52 BRT [INFO   ]   📉 SHORT TON: score=4/25 | entry=1.2700 | SL=0.47% | alav=2.0x ✅
2026-03-26 18:02:52 BRT [INFO   ]   ─ SHORT SHIB: 15m=60 | 1H=60 | 4H=60
2026-03-26 18:02:52 BRT [DEBUG  ]     find_swing_points: fallback window=3 aplicado (window=5 insuficiente: 4H/5L → 4H/5L)
2026-03-26 18:02:52 BRT [DEBUG  ]     find_swing_points: fallback window=3 aplicado (window=5 insuficiente: 4H/5L → 4H/5L)
2026-03-26 18:02:52 BRT [DEBUG  ]     find_swing_points: fallback window=3 aplicado (window=5 insuficiente: 4H/5L → 4H/5L)
2026-03-26 18:02:52 BRT [DEBUG  ]   SCORE SHIB [SHORT]: 2/25 | DQ=100% (abaixo do radar)
2026-03-26 18:02:52 BRT [DEBUG  ]     TradeParams SHORT: SL=0.61% | notional=$815 | alav_margem=23.3x → cap=2x → alav=2.0x | margem=$407.66 ⚠️MARGEM $408>35 | risco=$5.00 | ganho=$10.00
2026-03-26 18:02:52 BRT [INFO   ]   📉 SHORT SHIB: score=2/25 | entry=0.0000 | SL=0.61% | alav=2.0x ✅
2026-03-26 18:02:52 BRT [INFO   ]   ─ SHORT DOGE: 15m=60 | 1H=60 | 4H=60
2026-03-26 18:02:52 BRT [INFO   ]   SCORE DOGE [SHORT]: 6/25 | DQ=100% | klines: 15m=✅ 1H=✅ 4H=✅
2026-03-26 18:02:52 BRT [INFO   ]     Contexto 4H               +0/0 · SELL (contexto SHORT, não pontuado)
2026-03-26 18:02:52 BRT [INFO   ]     P4 Liquidez 4H            +1/3 █ OB Bearish 4H (0.0904-0.0925)
2026-03-26 18:02:52 BRT [INFO   ]     P5 Figuras 4H             +0/2 · Sem figuras bearish claras no 4H
2026-03-26 18:02:52 BRT [INFO   ]     P6 CHOCH/BOS 4H           +3/3 ███ CHOCH Bearish 4H (reversão confirmada)
2026-03-26 18:02:52 BRT [INFO   ]     P-1H Resistência 1H       +2/4 ██ OB Bearish 1H (0.0931-0.0946)
2026-03-26 18:02:52 BRT [INFO   ]     P1 Bollinger 15m          +0/3 · BB neutro (74%)
2026-03-26 18:02:52 BRT [INFO   ]     P2 Candles 15m            +0/4 · Nenhum
2026-03-26 18:02:52 BRT [INFO   ]     P3 Funding Rate           +0/2 · -0.0043% (neutro)
2026-03-26 18:02:52 BRT [INFO   ]     P7 Filtro Pump/Dump       +0/0 · OK (-4.7%)
2026-03-26 18:02:52 BRT [INFO   ]     P8 Volume 15m             +0/2 · Volume fraco (1.1x < 1.2x)
2026-03-26 18:02:52 BRT [INFO   ]     P9 OI Crescente           +0/2 · OI estável (+2.4% vs média, 92.8M)
2026-03-26 18:02:52 BRT [DEBUG  ]     TradeParams SHORT: SL=0.67% | notional=$743 | alav_margem=21.2x → cap=2x → alav=2.0x | margem=$371.61 ⚠️MARGEM $372>35 | risco=$5.00 | ganho=$10.00
2026-03-26 18:02:52 BRT [INFO   ]   📉 SHORT DOGE: score=6/25 | entry=0.0916 | SL=0.67% | alav=2.0x ✅
2026-03-26 18:02:52 BRT [INFO   ]   ─ SHORT ADA: 15m=60 | 1H=60 | 4H=60
2026-03-26 18:02:52 BRT [DEBUG  ]     find_swing_points: fallback window=3 aplicado (window=5 insuficiente: 4H/5L → 4H/5L)
2026-03-26 18:02:52 BRT [INFO   ]   SCORE ADA [SHORT]: 6/25 | DQ=100% | klines: 15m=✅ 1H=✅ 4H=✅
2026-03-26 18:02:52 BRT [INFO   ]     Contexto 4H               +0/0 · SELL (contexto SHORT, não pontuado)
2026-03-26 18:02:52 BRT [INFO   ]     P4 Liquidez 4H            +1/3 █ OB Bearish 4H (0.2499-0.2586)
2026-03-26 18:02:52 BRT [INFO   ]     P5 Figuras 4H             +0/2 · Sem figuras bearish claras no 4H
2026-03-26 18:02:52 BRT [INFO   ]     P6 CHOCH/BOS 4H           +3/3 ███ CHOCH Bearish 4H (reversão confirmada)
2026-03-26 18:02:52 BRT [INFO   ]     P-1H Resistência 1H       +2/4 ██ Resistência 1H em 0.2596 (1.88% acima)
2026-03-26 18:02:52 BRT [INFO   ]     P1 Bollinger 15m          +0/3 · BB neutro (52%)
2026-03-26 18:02:52 BRT [INFO   ]     P2 Candles 15m            +0/4 · Nenhum
2026-03-26 18:02:52 BRT [INFO   ]     P3 Funding Rate           +0/2 · -0.0086% (neutro)
2026-03-26 18:02:52 BRT [INFO   ]     P7 Filtro Pump/Dump       +0/0 · OK (-5.3%)
2026-03-26 18:02:52 BRT [INFO   ]     P8 Volume 15m             +0/2 · Volume fraco (0.5x < 1.2x)
2026-03-26 18:02:52 BRT [INFO   ]     P9 OI Crescente           +0/2 · OI estável (+2.2% vs média, 29.0M)
2026-03-26 18:02:52 BRT [DEBUG  ]     TradeParams SHORT: SL=0.70% | notional=$710 | alav_margem=20.3x → cap=2x → alav=2.0x | margem=$355.07 ⚠️MARGEM $355>35 | risco=$5.00 | ganho=$10.00
2026-03-26 18:02:52 BRT [INFO   ]   📉 SHORT ADA: score=6/25 | entry=0.2548 | SL=0.70% | alav=2.0x ✅
2026-03-26 18:02:52 BRT [INFO   ]   ─ SHORT OP: 15m=60 | 1H=60 | 4H=60
2026-03-26 18:02:52 BRT [DEBUG  ]     find_swing_points: fallback window=3 aplicado (window=5 insuficiente: 7H/6L → 7H/6L)
2026-03-26 18:02:52 BRT [DEBUG  ]     find_swing_points: fallback window=3 aplicado (window=5 insuficiente: 7H/6L → 7H/6L)
2026-03-26 18:02:52 BRT [DEBUG  ]     find_swing_points: fallback window=3 aplicado (window=5 insuficiente: 7H/6L → 7H/6L)
2026-03-26 18:02:52 BRT [INFO   ]   SCORE OP [SHORT]: 5/25 | DQ=100% | klines: 15m=✅ 1H=✅ 4H=✅
2026-03-26 18:02:52 BRT [INFO   ]     Contexto 4H               +0/0 · SELL (contexto SHORT, não pontuado)
2026-03-26 18:02:52 BRT [INFO   ]     P4 Liquidez 4H            +0/3 · Longe de resistências 4H
2026-03-26 18:02:52 BRT [INFO   ]     P5 Figuras 4H             +1/2 █ Cunha Ascendente (pullback bearish)
2026-03-26 18:02:52 BRT [INFO   ]     P6 CHOCH/BOS 4H           +0/3 · Sem estrutura bearish no 4H
2026-03-26 18:02:52 BRT [INFO   ]     P-1H Resistência 1H       +2/4 ██ OB Bearish 1H (0.1096-0.1114)
2026-03-26 18:02:52 BRT [INFO   ]     P1 Bollinger 15m          +0/3 · BB neutro (41%)
2026-03-26 18:02:52 BRT [INFO   ]     P2 Candles 15m            +0/4 · Nenhum
2026-03-26 18:02:52 BRT [INFO   ]     P3 Funding Rate           +0/2 · -0.0049% (neutro)
2026-03-26 18:02:52 BRT [INFO   ]     P7 Filtro Pump/Dump       +0/0 · OK (-3.9%)
2026-03-26 18:02:52 BRT [INFO   ]     P8 Volume 15m             +2/2 ██ Volume forte (4.2x média)
2026-03-26 18:02:52 BRT [INFO   ]     P9 OI Crescente           +0/2 · OI estável (-0.1% vs média, 5.4M)
2026-03-26 18:02:52 BRT [DEBUG  ]     TradeParams SHORT: SL=1.39% | notional=$360 | alav_margem=10.3x → cap=2x → alav=2.0x | margem=$180.15 ⚠️MARGEM $180>35 | risco=$5.00 | ganho=$10.00
2026-03-26 18:02:52 BRT [INFO   ]   📉 SHORT OP: score=5/25 | entry=0.1082 | SL=1.39% | alav=2.0x ✅
2026-03-26 18:02:52 BRT [INFO   ]   ─ SHORT WLD: 15m=60 | 1H=60 | 4H=60
2026-03-26 18:02:52 BRT [DEBUG  ]     find_swing_points: fallback window=3 aplicado (window=5 insuficiente: 5H/7L → 5H/7L)
2026-03-26 18:02:52 BRT [DEBUG  ]     find_swing_points: fallback window=3 aplicado (window=5 insuficiente: 5H/7L → 5H/7L)
2026-03-26 18:02:52 BRT [DEBUG  ]     find_swing_points: fallback window=3 aplicado (window=5 insuficiente: 5H/7L → 5H/7L)
2026-03-26 18:02:52 BRT [INFO   ]   SCORE WLD [SHORT]: 5/25 | DQ=100% | klines: 15m=✅ 1H=✅ 4H=✅
2026-03-26 18:02:52 BRT [INFO   ]     Contexto 4H               +0/0 · SELL (contexto SHORT, não pontuado)
2026-03-26 18:02:52 BRT [INFO   ]     P4 Liquidez 4H            +0/3 · Longe de resistências 4H
2026-03-26 18:02:52 BRT [INFO   ]     P5 Figuras 4H             +1/2 █ Cunha Ascendente (pullback bearish)
2026-03-26 18:02:52 BRT [INFO   ]     P6 CHOCH/BOS 4H           +3/3 ███ CHOCH Bearish 4H (reversão confirmada)
2026-03-26 18:02:52 BRT [INFO   ]     P-1H Resistência 1H       +0/4 · Preço longe de resistências no 1H
2026-03-26 18:02:52 BRT [INFO   ]     P1 Bollinger 15m          +0/3 · BB neutro (4%)
2026-03-26 18:02:52 BRT [INFO   ]     P2 Candles 15m            +0/4 · Nenhum
2026-03-26 18:02:52 BRT [INFO   ]     P3 Funding Rate           +0/2 · -0.0281% (neutro)
2026-03-26 18:02:52 BRT [INFO   ]     P7 Filtro Pump/Dump       +0/0 · OK (-8.6%)
2026-03-26 18:02:52 BRT [INFO   ]     P8 Volume 15m             +1/2 █ Volume adequado (1.8x média)
2026-03-26 18:02:52 BRT [INFO   ]     P9 OI Crescente           +0/2 · OI estável (-5.6% vs média, 16.3M)
2026-03-26 18:02:52 BRT [DEBUG  ]     TradeParams SHORT: SL=1.15% | notional=$436 | alav_margem=12.5x → cap=2x → alav=2.0x | margem=$218.01 ⚠️MARGEM $218>35 | risco=$5.00 | ganho=$10.00
2026-03-26 18:02:52 BRT [INFO   ]   📉 SHORT WLD: score=5/25 | entry=0.2906 | SL=1.15% | alav=2.0x ✅
2026-03-26 18:02:52 BRT [INFO   ]   ─ SHORT XRP: 15m=60 | 1H=60 | 4H=60
2026-03-26 18:02:52 BRT [INFO   ]   SCORE XRP [SHORT]: 6/25 | DQ=100% | klines: 15m=✅ 1H=✅ 4H=✅
2026-03-26 18:02:52 BRT [INFO   ]     Contexto 4H               +0/0 · SELL (contexto SHORT, não pontuado)
2026-03-26 18:02:52 BRT [INFO   ]     P4 Liquidez 4H            +1/3 █ OB Bearish 4H (1.3719-1.4105)
2026-03-26 18:02:52 BRT [INFO   ]     P5 Figuras 4H             +0/2 · Sem figuras bearish claras no 4H
2026-03-26 18:02:52 BRT [INFO   ]     P6 CHOCH/BOS 4H           +3/3 ███ CHOCH Bearish 4H (reversão confirmada)
2026-03-26 18:02:52 BRT [INFO   ]     P-1H Resistência 1H       +0/4 · Preço longe de resistências no 1H
2026-03-26 18:02:52 BRT [INFO   ]     P1 Bollinger 15m          +0/3 · BB neutro (64%)
2026-03-26 18:02:52 BRT [INFO   ]     P2 Candles 15m            +0/4 · Nenhum
2026-03-26 18:02:52 BRT [INFO   ]     P3 Funding Rate           +0/2 · -0.0113% (neutro)
2026-03-26 18:02:52 BRT [INFO   ]     P7 Filtro Pump/Dump       +0/0 · OK (-3.8%)
2026-03-26 18:02:52 BRT [INFO   ]     P8 Volume 15m             +2/2 ██ Volume forte (2.0x média)
2026-03-26 18:02:52 BRT [INFO   ]     P9 OI Crescente           +0/2 · OI estável (+0.7% vs média, 84.6M)
2026-03-26 18:02:52 BRT [DEBUG  ]     TradeParams SHORT: SL=0.71% | notional=$701 | alav_margem=20.0x → cap=2x → alav=2.0x | margem=$350.72 ⚠️MARGEM $351>35 | risco=$5.00 | ganho=$10.00
2026-03-26 18:02:52 BRT [INFO   ]   📉 SHORT XRP: score=6/25 | entry=1.3580 | SL=0.71% | alav=2.0x ✅
2026-03-26 18:02:52 BRT [INFO   ]   ─ SHORT CRV: 15m=60 | 1H=60 | 4H=60
2026-03-26 18:02:52 BRT [DEBUG  ]     find_swing_points: fallback window=3 aplicado (window=5 insuficiente: 4H/4L → 4H/4L)
2026-03-26 18:02:52 BRT [INFO   ]   SCORE CRV [SHORT]: 6/25 | DQ=100% | klines: 15m=✅ 1H=✅ 4H=✅
2026-03-26 18:02:52 BRT [INFO   ]     Contexto 4H               +0/0 · SELL (contexto SHORT, não pontuado)
2026-03-26 18:02:52 BRT [INFO   ]     P4 Liquidez 4H            +1/3 █ OB Bearish 4H (0.2150-0.2212)
2026-03-26 18:02:52 BRT [INFO   ]     P5 Figuras 4H             +0/2 · Sem figuras bearish claras no 4H
2026-03-26 18:02:52 BRT [INFO   ]     P6 CHOCH/BOS 4H           +3/3 ███ CHOCH Bearish 4H (reversão confirmada)
2026-03-26 18:02:52 BRT [INFO   ]     P-1H Resistência 1H       +2/4 ██ OB Bearish 1H (0.2197-0.2244)
2026-03-26 18:02:52 BRT [INFO   ]     P1 Bollinger 15m          +0/3 · BB neutro (39%)
2026-03-26 18:02:52 BRT [INFO   ]     P2 Candles 15m            +0/4 · Nenhum
2026-03-26 18:02:52 BRT [INFO   ]     P3 Funding Rate           +0/2 · -0.0221% (neutro)
2026-03-26 18:02:52 BRT [INFO   ]     P7 Filtro Pump/Dump       +0/0 · OK (-6.3%)
2026-03-26 18:02:52 BRT [INFO   ]     P8 Volume 15m             +0/2 · Volume fraco (0.9x < 1.2x)
2026-03-26 18:02:52 BRT [INFO   ]     P9 OI Crescente           +0/2 · OI estável (-1.4% vs média, 5.5M)
2026-03-26 18:02:52 BRT [DEBUG  ]     TradeParams SHORT: SL=0.89% | notional=$564 | alav_margem=16.1x → cap=2x → alav=2.0x | margem=$281.80 ⚠️MARGEM $282>35 | risco=$5.00 | ganho=$10.00
2026-03-26 18:02:52 BRT [INFO   ]   📉 SHORT CRV: score=6/25 | entry=0.2183 | SL=0.89% | alav=2.0x ✅
2026-03-26 18:02:52 BRT [INFO   ]   ─ SHORT HBAR: 15m=60 | 1H=60 | 4H=60
2026-03-26 18:02:52 BRT [DEBUG  ]     find_swing_points: fallback window=3 aplicado (window=5 insuficiente: 4H/5L → 4H/5L)
2026-03-26 18:02:52 BRT [INFO   ]   SCORE HBAR [SHORT]: 9/25 | DQ=100% | klines: 15m=✅ 1H=✅ 4H=✅
2026-03-26 18:02:52 BRT [INFO   ]     Contexto 4H               +0/0 · SELL (contexto SHORT, não pontuado)
2026-03-26 18:02:52 BRT [INFO   ]     P4 Liquidez 4H            +1/3 █ OB Bearish 4H (0.0928-0.0939)
2026-03-26 18:02:52 BRT [INFO   ]     P5 Figuras 4H             +1/2 █ Cunha Ascendente (pullback bearish)
2026-03-26 18:02:52 BRT [INFO   ]     P6 CHOCH/BOS 4H           +3/3 ███ CHOCH Bearish 4H (reversão confirmada)
2026-03-26 18:02:52 BRT [INFO   ]     P-1H Resistência 1H       +4/4 ████ Resistência 1H em 0.0923 (1.33% acima) | OB Bearish 1H (0.0924-0.0937)
2026-03-26 18:02:52 BRT [INFO   ]     P1 Bollinger 15m          +0/3 · BB neutro (55%)
2026-03-26 18:02:52 BRT [INFO   ]     P2 Candles 15m            +0/4 · Nenhum
2026-03-26 18:02:52 BRT [INFO   ]     P3 Funding Rate           +0/2 · -0.0139% (neutro)
2026-03-26 18:02:52 BRT [INFO   ]     P7 Filtro Pump/Dump       +0/0 · OK (-3.3%)
2026-03-26 18:02:52 BRT [INFO   ]     P8 Volume 15m             +0/2 · Volume fraco (0.7x < 1.2x)
2026-03-26 18:02:52 BRT [INFO   ]     P9 OI Crescente           +0/2 · OI estável (-2.9% vs média, 6.6M)
2026-03-26 18:02:52 BRT [DEBUG  ]     TradeParams SHORT: SL=0.65% | notional=$763 | alav_margem=21.8x → cap=2x → alav=2.0x | margem=$381.73 ⚠️MARGEM $382>35 | risco=$5.00 | ganho=$10.00
2026-03-26 18:02:52 BRT [INFO   ]   📉 SHORT HBAR: score=9/25 | entry=0.0911 | SL=0.65% | alav=2.0x ✅
2026-03-26 18:02:52 BRT [INFO   ]   ─ SHORT FIL: 15m=60 | 1H=60 | 4H=60
2026-03-26 18:02:52 BRT [DEBUG  ]     find_swing_points: fallback window=3 aplicado (window=5 insuficiente: 6H/5L → 6H/5L)
2026-03-26 18:02:52 BRT [INFO   ]   SCORE FIL [SHORT]: 8/25 | DQ=100% | klines: 15m=✅ 1H=✅ 4H=✅
2026-03-26 18:02:52 BRT [INFO   ]     Contexto 4H               +0/0 · SELL (contexto SHORT, não pontuado)
2026-03-26 18:02:52 BRT [INFO   ]     P4 Liquidez 4H            +1/3 █ OB Bearish 4H (0.8478-0.8844)
2026-03-26 18:02:52 BRT [INFO   ]     P5 Figuras 4H             +2/2 ██ Rising Wedge (reversão bearish)
2026-03-26 18:02:52 BRT [INFO   ]     P6 CHOCH/BOS 4H           +3/3 ███ CHOCH Bearish 4H (reversão confirmada)
2026-03-26 18:02:52 BRT [INFO   ]     P-1H Resistência 1H       +0/4 · Preço longe de resistências no 1H
2026-03-26 18:02:52 BRT [INFO   ]     P1 Bollinger 15m          +0/3 · BB neutro (30%)
2026-03-26 18:02:52 BRT [INFO   ]     P2 Candles 15m            +0/4 · Nenhum
2026-03-26 18:02:52 BRT [INFO   ]     P3 Funding Rate           +0/2 · -0.0158% (neutro)
2026-03-26 18:02:52 BRT [INFO   ]     P7 Filtro Pump/Dump       +0/0 · OK (-6.4%)
2026-03-26 18:02:52 BRT [INFO   ]     P8 Volume 15m             +2/2 ██ Volume forte (1.8x média)
2026-03-26 18:02:52 BRT [INFO   ]     P9 OI Crescente           +0/2 · OI estável (-0.2% vs média, 12.9M)
2026-03-26 18:02:52 BRT [DEBUG  ]     TradeParams SHORT: SL=0.83% | notional=$603 | alav_margem=17.2x → cap=2x → alav=2.0x | margem=$301.53 ⚠️MARGEM $302>35 | risco=$5.00 | ganho=$10.00
2026-03-26 18:02:52 BRT [INFO   ]   📉 SHORT FIL: score=8/25 | entry=0.8684 | SL=0.83% | alav=2.0x ✅
2026-03-26 18:02:52 BRT [INFO   ] 
───────────────────────────────────────────────────────
2026-03-26 18:02:52 BRT [INFO   ]   ETAPA 4b — Análise leve LONG + SHORT (sem klines) [v6.3.0 A8]
2026-03-26 18:02:52 BRT [INFO   ] ───────────────────────────────────────────────────────
2026-03-26 18:02:52 BRT [DEBUG  ]   TRUMP    score parcial SHORT=0/25 → Em Observação SHORT
2026-03-26 18:02:52 BRT [DEBUG  ]   SOL      score parcial SHORT=0/25 → Em Observação SHORT
2026-03-26 18:02:52 BRT [DEBUG  ]   UNI      score parcial SHORT=0/25 → Em Observação SHORT
2026-03-26 18:02:52 BRT [DEBUG  ]   LINK     score parcial SHORT=0/25 → Em Observação SHORT
2026-03-26 18:02:52 BRT [DEBUG  ]   ETH      score parcial SHORT=0/25 → Em Observação SHORT
2026-03-26 18:02:52 BRT [DEBUG  ]   AVAX     score parcial SHORT=0/25 → Em Observação SHORT
2026-03-26 18:02:52 BRT [DEBUG  ]   ICP      score parcial SHORT=0/25 → Em Observação SHORT
2026-03-26 18:02:52 BRT [INFO   ] 
───────────────────────────────────────────────────────
2026-03-26 18:02:52 BRT [INFO   ]   ETAPA 5 — Contexto de Mercado e Relatório Bidirecional
2026-03-26 18:02:52 BRT [INFO   ] ───────────────────────────────────────────────────────
2026-03-26 18:02:52 BRT [INFO   ]   📚  Score history: 43 tokens rastreados
2026-03-26 18:02:52 BRT [DEBUG  ]   Contexto: FGI=10 | BTC=NEUTRAL | LONG=CAUTELOSO (Medo Extremo)(thr=20) | SHORT=MODERADO (Medo Extremo — mercado bearish)(thr=16) | risk_score=0
2026-03-26 18:02:52 BRT [INFO   ]   BTC 4H: NEUTRAL | Thr LONG: 20 (CAUTELOSO (Medo Extremo)) | Thr SHORT: 16 (MODERADO (Medo Extremo — mercado bearish))
2026-03-26 18:02:52 BRT [INFO   ]   Results LONG: 3 | SHORT: 20 | Obs LONG: 0 | Obs SHORT: 7
2026-03-26 18:02:52 BRT [INFO   ] 
───────────────────────────────────────────────────────
2026-03-26 18:02:52 BRT [INFO   ]   ETAPA 6 — Notificações Telegram
2026-03-26 18:02:52 BRT [INFO   ] ───────────────────────────────────────────────────────
2026-03-26 18:02:52 BRT [INFO   ]   📲  Telegram heartbeat: enviado ✅
2026-03-26 18:02:52 BRT [INFO   ]   📲  Telegram: 1/1 mensagens enviadas (1 heartbeat + 0 QUASE + 0 call)
2026-03-26 18:02:52 BRT [INFO   ] ==========================================================
🎯 SETUP ATIRADOR v6.6.2
📅 26/03/2026 18:02 BRT
📋 Log: atirador_LOG_20260326_1801.log
==========================================================
📊 CONTEXTO DE MERCADO
   Fear & Greed: 10 | BTC 4H: NEUTRAL
   LONG:  CAUTELOSO (Medo Extremo) | Threshold: 20 pts
   SHORT: MODERADO (Medo Extremo — mercado bearish) | Threshold: 16 pts
   Risk Score: 0
==========================================================

💼 SIZING Risk-First [v6.6.2]
   Banca: $100.00 | Risco fixo/trade: $5.00 | Margem máx/trade: $35

🔍 PIPELINE
   Fonte de dados: OKX (perpetuals USDT)
   Universo: 301 tokens | Qualificados: 38
   Gate 4H: LONG=7 | SHORT=27
   Gate 1H: LONG=3 | SHORT=27
   Análise completa: LONG=3 | SHORT=20 | Obs: LONG=0 SHORT=7
   ✅  Candle 15m fechado (172s após fechamento, último: 18:00:00 BRT)

──────────────────────────────────────────────────────────
📈 OPERAÇÕES LONG
──────────────────────────────────────────────────────────
ℹ️  Nenhum alerta LONG forte (score ≥ 20) no momento.
   Score máximo: 5/25 (faltam 15 pts)

🔎 RADAR LONG — Score 5–13:
   ⚠️  Não operar — insuficiente. Monitorar.
   · ONDO | 5/25 | BUY 4H
   · ZRO | 5/25 | BUY 4H

──────────────────────────────────────────────────────────
📉 OPERAÇÕES SHORT
──────────────────────────────────────────────────────────
ℹ️  Nenhum alerta SHORT forte (score ≥ 16) no momento.
   Score máximo SHORT: 10/25 (faltam 6 pts)

🔎 RADAR SHORT — Score 5–15:
   ⚠️  Não operar — insuficiente. Monitorar.
   · PEPE | 10/25 | SELL 4H
   · SUI | 10/25 | SELL 4H
   · NEAR | 10/25 | SELL 4H
   · BEAT | 9/25 | SELL 4H
   · HBAR | 9/25 | SELL 4H

----------------------------------------------------------
⏱️  Execução: 82.4s | Analisados: 301 tokens
📁 Estado diário: /tmp/atirador_state.json
📋 Log completo: /tmp/atirador_logs/atirador_LOG_20260326_1801.log

2026-03-26 18:02:52 BRT [INFO   ] ✅ Scan v6.6.2 concluído em 82.4s | Fonte: OKX | Log: /tmp/atirador_logs/atirador_LOG_20260326_1801.log
