2026-04-01 16:02:59 BRT [INFO   ] рџ“‹ Log iniciado: /tmp/atirador_logs/atirador_LOG_20260401_1602.log
2026-04-01 16:02:59 BRT [INFO   ] 
рџ”Ќ ANГЃLISE INDIVIDUAL вЂ” SOLUSDT
2026-04-01 16:02:59 BRT [INFO   ] =======================================================
2026-04-01 16:02:59 BRT [INFO   ]   1/4 вЂ” FGI + OKX ticker + TradingView 4H...
2026-04-01 16:02:59 BRT [DEBUG  ]   Buscando Fear & Greed Index...
2026-04-01 16:02:59 BRT [DEBUG  ]   TV batch: 2 tokens (.P perpГ©tuo) | cols: ['Recommend.All|240', 'RSI|240']
2026-04-01 16:02:59 BRT [DEBUG  ]   вњ…  TV batch BYBIT: 2/2 retornados | 0.09s
2026-04-01 16:02:59 BRT [DEBUG  ]   GET https://api.alternative.me/fng/?limit=1
2026-04-01 16:02:59 BRT [DEBUG  ]       в†’ HTTP 200 | 0.2KB | enc:gzip | 0.11s
2026-04-01 16:02:59 BRT [INFO   ]   рџ“Љ Fear & Greed: 8 (Extreme Fear)
2026-04-01 16:02:59 BRT [INFO   ]   4H: NEUTRAL (RSI=51.0)
2026-04-01 16:02:59 BRT [DEBUG  ]   Contexto: FGI=8 | BTC=BUY | LONG=CAUTELOSO (Medo Extremo)(thr=20) | SHORT=CAUTELOSO (Medo Extremo + BTC contra)(thr=20) | risk_score=1
2026-04-01 16:02:59 BRT [INFO   ]   Mercado: FGI=8 | BTC=BUY | thr_L=20 | thr_S=20
2026-04-01 16:02:59 BRT [INFO   ]   2/4 вЂ” TradingView 1H + 15m...
2026-04-01 16:02:59 BRT [DEBUG  ]   TV batch: 1 tokens (.P perpГ©tuo) | cols: ['Recommend.All|60']
2026-04-01 16:02:59 BRT [DEBUG  ]   TV batch: 1 tokens (.P perpГ©tuo) | cols: ['BB.upper|15', 'BB.lower|15', 'ATR|15']
2026-04-01 16:02:59 BRT [DEBUG  ]   TV batch: 1 tokens (.P perpГ©tuo) | cols: ['Candle.Engulfing.Bullish|15', 'Candle.Hammer|15', 'Candle.MorningStar|15', 'Candle.3WhiteSoldiers|15', 'Candle.Harami.Bullish|15', 'Candle.Doji.Dragonfly|15', 'Candle.Engulfing.Bearish|15', 'Candle.ShootingStar|15', 'Candle.EveningStar|15', 'Candle.3BlackCrows|15', 'Candle.Harami.Bearish|15']
2026-04-01 16:02:59 BRT [DEBUG  ]   вњ…  TV batch BYBIT: 1/1 retornados | 0.02s
2026-04-01 16:02:59 BRT [DEBUG  ]   вњ…  TV batch BYBIT: 1/1 retornados | 0.03s
2026-04-01 16:02:59 BRT [DEBUG  ]   вњ…  TV batch BYBIT: 1/1 retornados | 0.07s
2026-04-01 16:02:59 BRT [INFO   ]   1H: BUY
2026-04-01 16:02:59 BRT [INFO   ]   15m: ATR=0.615175 | BB [82.4652 вЂ“ 85.5288]
2026-04-01 16:02:59 BRT [INFO   ]   3/4 вЂ” Klines 15m / 1H / 4H...
2026-04-01 16:02:59 BRT [DEBUG  ]   рџ“Ў  Cache MISS SOLUSDT 1H: arquivo nГЈo existe вЂ” buscando
2026-04-01 16:02:59 BRT [DEBUG  ]   рџ“Ў  Cache MISS SOLUSDT 4H: arquivo nГЈo existe вЂ” buscando
2026-04-01 16:03:00 BRT [DEBUG  ]   GET https://api.bitget.com/api/v2/mix/market/candles?productType=USDT-FUTURES&symbol...
2026-04-01 16:03:00 BRT [DEBUG  ]       в†’ HTTP 200 | 4.7KB | enc:gzip | 0.61s
2026-04-01 16:03:00 BRT [DEBUG  ]   вњ…  Klines SOLUSDT 15m: 60 candles | 04/01 16:00 в†’ 04/01 01:15
2026-04-01 16:03:00 BRT [DEBUG  ]   GET https://api.bitget.com/api/v2/mix/market/candles?productType=USDT-FUTURES&symbol...
2026-04-01 16:03:00 BRT [DEBUG  ]       в†’ HTTP 200 | 4.7KB | enc:gzip | 0.48s
2026-04-01 16:03:00 BRT [DEBUG  ]   вњ…  Klines SOLUSDT 1H: 60 candles | 04/01 16:00 в†’ 03/30 05:00
2026-04-01 16:03:00 BRT [DEBUG  ]   рџ’ѕ  Cache GRAVADO SOLUSDT 1H: 60 candles
2026-04-01 16:03:00 BRT [DEBUG  ]   GET https://api.bitget.com/api/v2/mix/market/candles?productType=USDT-FUTURES&symbol...
2026-04-01 16:03:00 BRT [DEBUG  ]       в†’ HTTP 200 | 4.8KB | enc:gzip | 0.48s
2026-04-01 16:03:00 BRT [DEBUG  ]   вњ…  Klines SOLUSDT 4H: 60 candles | 04/01 13:00 в†’ 03/22 17:00
2026-04-01 16:03:00 BRT [DEBUG  ]   рџ’ѕ  Cache GRAVADO SOLUSDT 4H: 60 candles
2026-04-01 16:03:00 BRT [INFO   ]   Klines: 15m=60 | 1H=60 | 4H=60
2026-04-01 16:03:00 BRT [INFO   ]   4/4 вЂ” Score forГ§ado (LONG + SHORT)...
2026-04-01 16:03:00 BRT [INFO   ]   LONG:  10/25 (thrв‰Ґ20) | gate4H=вњ… | gate1H=вњ… | dq=100%
2026-04-01 16:03:00 BRT [INFO   ]   SHORT: 10/25 (thrв‰Ґ20) | gate4H=вњ… | gate1H=вќЊ | dq=100%
2026-04-01 16:03:00 BRT [DEBUG  ]     TradeParams LONG: SL=1.84% | notional=$272 | alav_margem=7.8x в†’ cap=2x в†’ alav=2.0x | margem=$136.03 вљ пёЏMARGEM $136>35 | risco=$5.00 | ganho=$10.00
2026-04-01 16:03:00 BRT [DEBUG  ]     TradeParams SHORT: SL=1.84% | notional=$272 | alav_margem=7.8x в†’ cap=2x в†’ alav=2.0x | margem=$136.03 вљ пёЏMARGEM $136>35 | risco=$5.00 | ganho=$10.00
2026-04-01 16:03:00 BRT [INFO   ] 
=======================================================
2026-04-01 16:03:00 BRT [INFO   ]   LONG 10/25 (thrв‰Ґ20) | SHORT 10/25 (thrв‰Ґ20)
2026-04-01 16:03:00 BRT [INFO   ]   Mensagem: 3315 chars | 1.0s
2026-04-01 16:03:00 BRT [INFO   ] =======================================================
2026-04-01 16:03:00 BRT [INFO   ]   вњ… Telegram enviado
